L 10/08/2014 - 09:36:49: Log file started (file "logs/L1008004.log") (game "/home/tf2/hlserver/tf2/tf") (version "2426090")
L 10/08/2014 - 09:36:49: server_cvar: "sv_cheats" "1"
L 10/08/2014 - 09:36:49: "Force of Nature<2><BOT><>" connected, address "none"
L 10/08/2014 - 09:36:49: "<2><BOT><>" entered the game
L 10/08/2014 - 09:36:49: "Force of Nature<2><BOT><Unassigned>" joined team "Red"
L 10/08/2014 - 09:36:49: "Force of Nature<2><BOT><Red>" changed role to "scout"
L 10/08/2014 - 09:36:49: "Force of Nature<2><BOT><Red>" changed name to "Crazed Gunman"
L 10/08/2014 - 09:36:49: Sending CMsgGameServerMatchmakingStatus (state=ServerMatchmakingState_NOT_PARTICIPATING)
L 10/08/2014 - 09:36:49: "Grim Bloody Fable<3><BOT><>" connected, address "none"
L 10/08/2014 - 09:36:49: "<3><BOT><>" entered the game
L 10/08/2014 - 09:36:49: "Grim Bloody Fable<3><BOT><Unassigned>" joined team "Blue"
L 10/08/2014 - 09:36:49: "Grim Bloody Fable<3><BOT><Blue>" changed role to "scout"
L 10/08/2014 - 09:36:49: "Grim Bloody Fable<3><BOT><Blue>" changed name to "Poopy Joe"
L 10/08/2014 - 09:36:50: "A Professional With Standards<4><BOT><>" connected, address "none"
L 10/08/2014 - 09:36:50: "<4><BOT><>" entered the game
L 10/08/2014 - 09:36:50: "A Professional With Standards<4><BOT><Unassigned>" joined team "Blue"
L 10/08/2014 - 09:36:50: "A Professional With Standards<4><BOT><Blue>" changed role to "demoman"
L 10/08/2014 - 09:36:50: "A Professional With Standards<4><BOT><Blue>" changed name to "Freakin' Unbelievable"
L 10/08/2014 - 09:36:50: Connection to Steam servers successful.
L 10/08/2014 - 09:36:50:    Public IP is 68.110.44.24.
L 10/08/2014 - 09:36:50: Assigned anonymous gameserver Steam ID [A:1:1739524101:4717].
L 10/08/2014 - 09:36:50: "SMELLY UNFORTUNATE<5><BOT><>" connected, address "none"
L 10/08/2014 - 09:36:50: "<5><BOT><>" entered the game
L 10/08/2014 - 09:36:50: "SMELLY UNFORTUNATE<5><BOT><Unassigned>" joined team "Red"
L 10/08/2014 - 09:36:50: "SMELLY UNFORTUNATE<5><BOT><Red>" changed role to "engineer"
L 10/08/2014 - 09:36:50: VAC secure mode is activated.
L 10/08/2014 - 09:36:50: "SMELLY UNFORTUNATE<5><BOT><Red>" changed name to "The Administrator"
L 10/08/2014 - 09:36:50: tf_server_identity_account_id not set; not logging into registered account
L 10/08/2014 - 09:36:50: "Mentlegen<6><BOT><>" connected, address "none"
L 10/08/2014 - 09:36:50: "<6><BOT><>" entered the game
L 10/08/2014 - 09:36:50: "Mentlegen<6><BOT><Unassigned>" joined team "Blue"
L 10/08/2014 - 09:36:50: "Mentlegen<6><BOT><Blue>" changed role to "scout"
L 10/08/2014 - 09:36:50: "Mentlegen<6><BOT><Blue>" changed name to "Archimedes!"
L 10/08/2014 - 09:36:50: "Ribs Grow Back<7><BOT><>" connected, address "none"
L 10/08/2014 - 09:36:50: "<7><BOT><>" entered the game
L 10/08/2014 - 09:36:50: "Ribs Grow Back<7><BOT><Unassigned>" joined team "Red"
L 10/08/2014 - 09:36:50: "Ribs Grow Back<7><BOT><Red>" changed role to "soldier"
L 10/08/2014 - 09:36:50: "Ribs Grow Back<7><BOT><Red>" changed name to "It's Filthy in There!"
L 10/08/2014 - 09:36:51: "Mega Baboon<8><BOT><>" connected, address "none"
L 10/08/2014 - 09:36:51: "<8><BOT><>" entered the game
L 10/08/2014 - 09:36:51: "Mega Baboon<8><BOT><Unassigned>" joined team "Blue"
L 10/08/2014 - 09:36:51: "Mega Baboon<8><BOT><Blue>" changed role to "medic"
L 10/08/2014 - 09:36:51: "Mega Baboon<8><BOT><Blue>" changed name to "Kill Me"
L 10/08/2014 - 09:36:51: "Chucklenuts<9><BOT><>" connected, address "none"
L 10/08/2014 - 09:36:51: "<9><BOT><>" entered the game
L 10/08/2014 - 09:36:51: "Chucklenuts<9><BOT><Unassigned>" joined team "Red"
L 10/08/2014 - 09:36:51: "Chucklenuts<9><BOT><Red>" changed role to "medic"
L 10/08/2014 - 09:36:51: "Chucklenuts<9><BOT><Red>" changed name to "CryBaby"
L 10/08/2014 - 09:36:54: server_cvar: "tf_bot_count" "8"
L 10/08/2014 - 09:36:54: server_cvar: "sv_tags" "bots,cp"
L 10/08/2014 - 09:37:04: "Archimedes!<6><BOT><Blue>" stuck (position "-1627.21 1633.47 -255.89") (duration "2.52") L 10/08/2014 - 09:37:04:    path_goal ( "-216.00 2792.00 -247.97" )
L 10/08/2014 - 09:37:04: "Poopy Joe<3><BOT><Blue>" stuck (position "-1629.49 1633.47 -255.90") (duration "2.52") L 10/08/2014 - 09:37:04:    path_goal ( "-216.00 2792.00 -247.97" )
L 10/08/2014 - 09:37:06: "Archimedes!<6><BOT><Blue>" stuck (position "-1627.21 1633.47 -255.89") (duration "2.52") L 10/08/2014 - 09:37:06:    path_goal ( "-216.00 2792.00 -247.97" )
L 10/08/2014 - 09:37:07: "Poopy Joe<3><BOT><Blue>" stuck (position "-1631.93 1633.47 -255.89") (duration "2.52") L 10/08/2014 - 09:37:07:    path_goal ( "-216.00 2792.00 -247.97" )
L 10/08/2014 - 09:37:08: "Freakin' Unbelievable<4><BOT><Blue>" stuck (position "-1645.96 1633.47 -255.89") (duration "3.57") L 10/08/2014 - 09:37:08:    path_goal ( "-216.00 2792.00 -247.97" )
L 10/08/2014 - 09:37:09: "Archimedes!<6><BOT><Blue>" stuck (position "-1627.21 1633.47 -255.91") (duration "2.52") L 10/08/2014 - 09:37:09:    path_goal ( "-216.00 2792.00 -247.97" )
L 10/08/2014 - 09:37:09: "Poopy Joe<3><BOT><Blue>" stuck (position "-1644.00 1633.47 -255.89") (duration "2.52") L 10/08/2014 - 09:37:09:    path_goal ( "-216.00 2792.00 -247.97" )
L 10/08/2014 - 09:37:11: "Archimedes!<6><BOT><Blue>" stuck (position "-1627.21 1633.47 -255.91") (duration "2.52") L 10/08/2014 - 09:37:11:    path_goal ( "-216.00 2792.00 -247.97" )
L 10/08/2014 - 09:37:12: "Freakin' Unbelievable<4><BOT><Blue>" stuck (position "-1660.99 1633.47 -255.94") (duration "3.57") L 10/08/2014 - 09:37:12:    path_goal ( "-216.00 2792.00 -247.97" )
L 10/08/2014 - 09:37:12: "Poopy Joe<3><BOT><Blue>" stuck (position "-1630.80 1633.47 -255.89") (duration "2.52") L 10/08/2014 - 09:37:12:    path_goal ( "-216.00 2792.00 -247.97" )
L 10/08/2014 - 09:37:13: "The Administrator<5><BOT><Red>" triggered "player_builtobject" (object "OBJ_SENTRYGUN") (position "63 1818 -277")
L 10/08/2014 - 09:37:14: "Archimedes!<6><BOT><Blue>" stuck (position "-1656.58 1633.47 -255.91") (duration "2.52") L 10/08/2014 - 09:37:14:    path_goal ( "-216.00 2792.00 -247.97" )
L 10/08/2014 - 09:37:14: "Poopy Joe<3><BOT><Blue>" stuck (position "-1627.21 1633.47 -255.89") (duration "2.52") L 10/08/2014 - 09:37:14:    path_goal ( "-216.00 2792.00 -247.97" )
L 10/08/2014 - 09:37:15: "Freakin' Unbelievable<4><BOT><Blue>" stuck (position "-1645.07 1633.47 -255.89") (duration "3.57") L 10/08/2014 - 09:37:15:    path_goal ( "-216.00 2792.00 -247.97" )
L 10/08/2014 - 09:37:17: "Archimedes!<6><BOT><Blue>" stuck (position "-1643.82 1633.47 -255.89") (duration "2.52") L 10/08/2014 - 09:37:17:    path_goal ( "-216.00 2792.00 -247.97" )
L 10/08/2014 - 09:37:17: "Poopy Joe<3><BOT><Blue>" stuck (position "-1652.51 1633.47 -255.91") (duration "2.52") L 10/08/2014 - 09:37:17:    path_goal ( "-216.00 2792.00 -247.97" )
L 10/08/2014 - 09:37:19: "Freakin' Unbelievable<4><BOT><Blue>" stuck (position "-1659.40 1633.47 -255.93") (duration "3.57") L 10/08/2014 - 09:37:19:    path_goal ( "-216.00 2792.00 -247.97" )
L 10/08/2014 - 09:37:19: "Archimedes!<6><BOT><Blue>" stuck (position "-1633.08 1633.47 -255.90") (duration "2.52") L 10/08/2014 - 09:37:19:    path_goal ( "-216.00 2792.00 -247.97" )
L 10/08/2014 - 09:37:19: World triggered "Round_Start"
L 10/08/2014 - 09:37:19: World triggered "Round_Setup_Begin"
L 10/08/2014 - 09:37:19: World triggered "Mini_Round_Selected" (round "round_1")
L 10/08/2014 - 09:37:19: World triggered "Mini_Round_Start"
L 10/08/2014 - 09:37:38: "Crazed Gunman<2><BOT><Red>" stuck (position "234.05 2225.20 -255.97") (duration "2.52") L 10/08/2014 - 09:37:38:    path_goal ( "225.00 2237.50 -256.22" )
L 10/08/2014 - 09:37:43: "The Administrator<5><BOT><Red>" triggered "player_builtobject" (object "OBJ_SENTRYGUN") (position "-473 2707 -183")
L 10/08/2014 - 09:38:09: "The Administrator<5><BOT><Red>" triggered "player_builtobject" (object "OBJ_DISPENSER") (position "-458 2715 -189")
L 10/08/2014 - 09:38:19: World triggered "Round_Setup_End"
L 10/08/2014 - 09:38:45: "Archimedes!<6><BOT><Blue>" stuck (position "-2066.65 1368.03 -283.01") (duration "2.62") L 10/08/2014 - 09:38:45:    path_goal ( "-2200.00 350.00 -63.97" )
L 10/08/2014 - 09:38:45: "Freakin' Unbelievable<4><BOT><Blue>" triggered "medic_death" against "CryBaby<9><BOT><Red>" (healing "328") (ubercharge "1")
L 10/08/2014 - 09:38:45: "Freakin' Unbelievable<4><BOT><Blue>" killed "CryBaby<9><BOT><Red>" with "tf_projectile_pipe" (attacker_position "-398 2270 -354") (victim_position "223 2283 -255")
L 10/08/2014 - 09:38:45: "Kill Me<8><BOT><Blue>" triggered "kill assist" against "CryBaby<9><BOT><Red>" (assister_position "-534 2335 -380") (attacker_position "-398 2270 -354") (victim_position "223 2283 -255")
L 10/08/2014 - 09:38:49: "Kill Me<8><BOT><Blue>" triggered "chargedeployed"
L 10/08/2014 - 09:38:50: "Poopy Joe<3><BOT><Blue>" killed "It's Filthy in There!<7><BOT><Red>" with "scattergun" (attacker_position "-124 2285 -300") (victim_position "398 2223 -255")
L 10/08/2014 - 09:38:50: "Archimedes!<6><BOT><Blue>" triggered "kill assist" against "It's Filthy in There!<7><BOT><Red>" (assister_position "-1137 2117 -250") (attacker_position "-124 2285 -300") (victim_position "398 2223 -255")
L 10/08/2014 - 09:38:50: "It's Filthy in There!<7><BOT><Red>" changed role to "heavyweapons"
L 10/08/2014 - 09:38:51: "Freakin' Unbelievable<4><BOT><Blue>" killed "Crazed Gunman<2><BOT><Red>" with "tf_projectile_pipe" (attacker_position "73 2506 -255") (victim_position "-90 2455 -255")
L 10/08/2014 - 09:38:51: "Kill Me<8><BOT><Blue>" triggered "kill assist" against "Crazed Gunman<2><BOT><Red>" (assister_position "191 2411 -261") (attacker_position "73 2506 -255") (victim_position "-90 2455 -255")
L 10/08/2014 - 09:38:51: "Crazed Gunman<2><BOT><Red>" changed role to "pyro"
L 10/08/2014 - 09:38:53: "The Administrator<5><BOT><Red>" killed "Poopy Joe<3><BOT><Blue>" with "obj_sentrygun3" (attacker_position "-527 2708 -184") (victim_position "-276 2761 -240")
L 10/08/2014 - 09:38:53: "Poopy Joe<3><BOT><Blue>" changed role to "demoman"
L 10/08/2014 - 09:38:56: "The Administrator<5><BOT><Red>" killed "Archimedes!<6><BOT><Blue>" with "obj_sentrygun3" (attacker_position "-527 2704 -181") (victim_position "-66 2765 -247")
L 10/08/2014 - 09:38:59: "The Administrator<5><BOT><Red>" killed "Freakin' Unbelievable<4><BOT><Blue>" with "obj_sentrygun3" (attacker_position "-527 2704 -181") (victim_position "-43 2807 -247")
L 10/08/2014 - 09:39:01: "The Administrator<5><BOT><Red>" triggered "medic_death" against "Kill Me<8><BOT><Blue>" (healing "496") (ubercharge "0")
L 10/08/2014 - 09:39:01: "The Administrator<5><BOT><Red>" killed "Kill Me<8><BOT><Blue>" with "obj_sentrygun3" (attacker_position "-527 2704 -181") (victim_position "-380 2859 -247")
L 10/08/2014 - 09:39:21: "Archimedes!<6><BOT><Blue>" stuck (position "-1722.21 2573.96 -261.27") (duration "2.52") L 10/08/2014 - 09:39:21:    path_goal ( "-1750.00 2600.00 -260.87" )
L 10/08/2014 - 09:39:21: "Archimedes!<6><BOT><Blue>" stuck (position "-1733.12 2586.58 -235.96") (duration "2.62") L 10/08/2014 - 09:39:21:    path_goal ( "-1753.45 2582.79 -264.84" )
L 10/08/2014 - 09:39:29: "Poopy Joe<3><BOT><Blue>" triggered "killedobject" (object "OBJ_SENTRYGUN") (weapon "tf_projectile_pipe_remote") (objectowner "The Administrator<5><BOT><Red>") (attacker_position "-1434 2871 -250")
L 10/08/2014 - 09:39:29: "Archimedes!<6><BOT><Blue>" stuck (position "-1746.50 2568.65 -260.14") (duration "0.10") L 10/08/2014 - 09:39:29:    path_goal ( "-1725.00 2485.00 -267.43" )
L 10/08/2014 - 09:39:31: "The Administrator<5><BOT><Red>" triggered "player_builtobject" (object "OBJ_SENTRYGUN") (position "-296 2528 -119")
L 10/08/2014 - 09:39:39: "The Administrator<5><BOT><Red>" killed "Archimedes!<6><BOT><Blue>" with "obj_sentrygun" (attacker_position "-411 2615 -127") (victim_position "-525 2815 -148")
L 10/08/2014 - 09:39:41: "It's Filthy in There!<7><BOT><Red>" stuck (position "-226.89 2785.88 -240.82") (duration "4.41") L 10/08/2014 - 09:39:41:    path_goal ( "-270.90 2676.68 -247.97" )
L 10/08/2014 - 09:39:45: "Kill Me<8><BOT><Blue>" triggered "player_extinguished" against "Poopy Joe<3><BOT><Blue>" with "tf_weapon_medigun" (attacker_position "129 2479 -255") (victim_position "159 2493 -255")
L 10/08/2014 - 09:40:02: "Poopy Joe<3><BOT><Blue>" triggered "medic_death" against "CryBaby<9><BOT><Red>" (healing "1004") (ubercharge "0")
L 10/08/2014 - 09:40:02: "Poopy Joe<3><BOT><Blue>" killed "CryBaby<9><BOT><Red>" with "tf_projectile_pipe" (attacker_position "-788 2345 -407") (victim_position "-301 2841 -240")
L 10/08/2014 - 09:40:02: "Kill Me<8><BOT><Blue>" triggered "kill assist" against "CryBaby<9><BOT><Red>" (assister_position "-497 2181 -415") (attacker_position "-788 2345 -407") (victim_position "-301 2841 -240")
L 10/08/2014 - 09:40:09: "It's Filthy in There!<7><BOT><Red>" triggered "medic_death" against "Kill Me<8><BOT><Blue>" (healing "798") (ubercharge "0")
L 10/08/2014 - 09:40:09: "It's Filthy in There!<7><BOT><Red>" killed "Kill Me<8><BOT><Blue>" with "minigun" (attacker_position "114 2433 -256") (victim_position "-515 2037 -410")
L 10/08/2014 - 09:40:09: "Crazed Gunman<2><BOT><Red>" triggered "kill assist" against "Kill Me<8><BOT><Blue>" (assister_position "-367 2118 -415") (attacker_position "114 2433 -256") (victim_position "-515 2037 -410")
L 10/08/2014 - 09:40:13: "Archimedes!<6><BOT><Blue>" stuck (position "-1192.04 1837.73 -253.57") (duration "2.52") L 10/08/2014 - 09:40:13:    path_goal ( "-1204.93 1836.07 -254.78" )
L 10/08/2014 - 09:40:13: "Archimedes!<6><BOT><Blue>" stuck (position "-1217.35 1808.32 -228.27") (duration "2.62") L 10/08/2014 - 09:40:13:    path_goal ( "-1204.93 1836.07 -254.78" )
L 10/08/2014 - 09:40:14: "Archimedes!<6><BOT><Blue>" stuck (position "-1213.48 1832.64 -253.98") (duration "3.68") L 10/08/2014 - 09:40:14:    path_goal ( "-1217.94 1825.00 -254.84" )
L 10/08/2014 - 09:40:18: "Archimedes!<6><BOT><Blue>" stuck (position "-1197.24 1855.58 -252.14") (duration "2.52") L 10/08/2014 - 09:40:18:    path_goal ( "-1204.93 1836.07 -254.78" )
L 10/08/2014 - 09:40:18: "Archimedes!<6><BOT><Blue>" stuck (position "-1201.56 1865.58 -226.82") (duration "2.62") L 10/08/2014 - 09:40:18:    path_goal ( "-1204.93 1836.07 -254.78" )
L 10/08/2014 - 09:40:20: "Archimedes!<6><BOT><Blue>" stuck (position "-1218.37 1821.14 -254.90") (duration "0.11") L 10/08/2014 - 09:40:20:    path_goal ( "-1204.93 1836.07 -254.78" )
L 10/08/2014 - 09:40:22: "It's Filthy in There!<7><BOT><Red>" killed "Archimedes!<6><BOT><Blue>" with "minigun" (attacker_position "77 2491 -255") (victim_position "-1195 1840 -253")
L 10/08/2014 - 09:40:22: "Crazed Gunman<2><BOT><Red>" killed "Freakin' Unbelievable<4><BOT><Blue>" with "world" (attacker_position "-546 2295 -257") (victim_position "-498 2338 -256")
L 10/08/2014 - 09:40:55: "Archimedes!<6><BOT><Blue>" stuck (position "-1084.41 1807.58 -255.78") (duration "2.52") L 10/08/2014 - 09:40:55:    path_goal ( "-1036.05 1753.22 -255.96" )
L 10/08/2014 - 09:40:56: "It's Filthy in There!<7><BOT><Red>" killed "Freakin' Unbelievable<4><BOT><Blue>" with "minigun" (attacker_position "-64 2521 -255") (victim_position "-160 2389 -255")
L 10/08/2014 - 09:40:58: "Archimedes!<6><BOT><Blue>" stuck (position "-1021.87 1777.83 -255.97") (duration "2.62") L 10/08/2014 - 09:40:58:    path_goal ( "-1036.05 1753.22 -255.96" )
L 10/08/2014 - 09:40:58: "Archimedes!<6><BOT><Blue>" stuck (position "-1016.29 1785.34 -230.66") (duration "2.73") L 10/08/2014 - 09:40:58:    path_goal ( "-1036.05 1753.22 -255.96" )
L 10/08/2014 - 09:41:02: "Archimedes!<6><BOT><Blue>" stuck (position "-1055.29 1769.54 -255.97") (duration "2.52") L 10/08/2014 - 09:41:02:    path_goal ( "-1036.05 1753.22 -255.96" )
L 10/08/2014 - 09:41:02: "Archimedes!<6><BOT><Blue>" stuck (position "-1085.16 1763.35 -230.66") (duration "2.62") L 10/08/2014 - 09:41:02:    path_goal ( "-1036.05 1753.22 -255.96" )
L 10/08/2014 - 09:41:04: "It's Filthy in There!<7><BOT><Red>" killed "Poopy Joe<3><BOT><Blue>" with "minigun" (attacker_position "-151 2675 -247") (victim_position "-40 2360 -277")
L 10/08/2014 - 09:41:04: "Crazed Gunman<2><BOT><Red>" triggered "kill assist" against "Poopy Joe<3><BOT><Blue>" (assister_position "688 2608 -255") (attacker_position "-151 2675 -247") (victim_position "-40 2360 -277")
L 10/08/2014 - 09:41:05: "It's Filthy in There!<7><BOT><Red>" triggered "medic_death" against "Kill Me<8><BOT><Blue>" (healing "323") (ubercharge "0")
L 10/08/2014 - 09:41:05: "It's Filthy in There!<7><BOT><Red>" killed "Kill Me<8><BOT><Blue>" with "minigun" (attacker_position "-64 2564 -247") (victim_position "-78 1865 -336")
L 10/08/2014 - 09:41:05: "Crazed Gunman<2><BOT><Red>" triggered "kill assist" against "Kill Me<8><BOT><Blue>" (assister_position "684 2618 -255") (attacker_position "-64 2564 -247") (victim_position "-78 1865 -336")
L 10/08/2014 - 09:41:17: "Crazed Gunman<2><BOT><Red>" killed "Archimedes!<6><BOT><Blue>" with "flamethrower" (attacker_position "-109 2339 -281") (victim_position "-160 2306 -298")
L 10/08/2014 - 09:41:17: "CryBaby<9><BOT><Red>" triggered "kill assist" against "Archimedes!<6><BOT><Blue>" (assister_position "-48 2403 -255") (attacker_position "-109 2339 -281") (victim_position "-160 2306 -298")
L 10/08/2014 - 09:41:28: "The Administrator<5><BOT><Red>" triggered "captureblocked" (cp "0") (cpname "#Dustbowl_cap_1_A") (position "-349 2528 -123")
L 10/08/2014 - 09:41:28: "The Administrator<5><BOT><Red>" killed "Freakin' Unbelievable<4><BOT><Blue>" with "obj_sentrygun3" (attacker_position "-349 2528 -123") (victim_position "-182 2870 -240")
L 10/08/2014 - 09:41:28: "Freakin' Unbelievable<4><BOT><Blue>" triggered "killedobject" (object "OBJ_SENTRYGUN") (weapon "tf_projectile_pipe") (objectowner "The Administrator<5><BOT><Red>") (attacker_position "-182 2870 -172")
L 10/08/2014 - 09:41:33: "It's Filthy in There!<7><BOT><Red>" killed "Poopy Joe<3><BOT><Blue>" with "minigun" (attacker_position "-145 2752 -240") (victim_position "-424 2859 -247")
L 10/08/2014 - 09:41:44: "It's Filthy in There!<7><BOT><Red>" killed "Archimedes!<6><BOT><Blue>" with "minigun" (attacker_position "-236 2771 -240") (victim_position "-476 2807 -247")
L 10/08/2014 - 09:41:44: "Crazed Gunman<2><BOT><Red>" triggered "kill assist" against "Archimedes!<6><BOT><Blue>" (assister_position "-245 2701 -240") (attacker_position "-236 2771 -240") (victim_position "-476 2807 -247")
L 10/08/2014 - 09:41:46: "The Administrator<5><BOT><Red>" triggered "player_builtobject" (object "OBJ_SENTRYGUN") (position "185 1966 -266")
L 10/08/2014 - 09:41:48: "splunk> All Batbelt, No tights<10><[U:1:197367651]><>" connected, address "192.168.1.104:27005"
L 10/08/2014 - 09:41:48: "splunk> All Batbelt, No tights<10><[U:1:197367651]><>" STEAM USERID validated
L 10/08/2014 - 09:41:54: "Splunk hax0r<11><[U:1:197368576]><>" connected, address "192.168.1.105:27005"
L 10/08/2014 - 09:41:55: "Splunk hax0r<11><[U:1:197368576]><>" STEAM USERID validated
L 10/08/2014 - 09:42:02: "The Administrator<5><BOT><Red>" triggered "captureblocked" (cp "0") (cpname "#Dustbowl_cap_1_A") (position "644 2100 -254")
L 10/08/2014 - 09:42:02: "The Administrator<5><BOT><Red>" killed "Freakin' Unbelievable<4><BOT><Blue>" with "obj_sentrygun" (attacker_position "644 2100 -254") (victim_position "-215 2848 -240")
L 10/08/2014 - 09:42:02: "It's Filthy in There!<7><BOT><Red>" triggered "kill assist" against "Freakin' Unbelievable<4><BOT><Blue>" (assister_position "-260 2772 -240") (attacker_position "644 2100 -254") (victim_position "-215 2848 -240")
L 10/08/2014 - 09:42:03: "splunk> All Batbelt, No tights<10><[U:1:197367651]><>" entered the game
L 10/08/2014 - 09:42:05: "Crazed Gunman<2><BOT><Red>" triggered "medic_death" against "Kill Me<8><BOT><Blue>" (healing "419") (ubercharge "0")
L 10/08/2014 - 09:42:05: "Crazed Gunman<2><BOT><Red>" killed "Kill Me<8><BOT><Blue>" with "flamethrower" (attacker_position "-356 2793 -247") (victim_position "-605 2824 -255")
L 10/08/2014 - 09:42:05: "It's Filthy in There!<7><BOT><Red>" triggered "kill assist" against "Kill Me<8><BOT><Blue>" (assister_position "-123 2766 -240") (attacker_position "-356 2793 -247") (victim_position "-605 2824 -255")
L 10/08/2014 - 09:42:05: "It's Filthy in There!<7><BOT><Red>" killed "Poopy Joe<3><BOT><Blue>" with "minigun" (attacker_position "-121 2773 -240") (victim_position "-416 2832 -247")
L 10/08/2014 - 09:42:05: "Crazed Gunman<2><BOT><Red>" triggered "kill assist" against "Poopy Joe<3><BOT><Blue>" (assister_position "-268 2781 -240") (attacker_position "-121 2773 -240") (victim_position "-416 2832 -247")
L 10/08/2014 - 09:42:05: "CryBaby<9><BOT><Red>" triggered "chargedeployed"
L 10/08/2014 - 09:42:06: "Splunk hax0r<11><[U:1:197368576]><>" entered the game
L 10/08/2014 - 09:42:09: "splunk> All Batbelt, No tights<10><[U:1:197367651]><Unassigned>" joined team "Blue"
L 10/08/2014 - 09:42:12: "Crazed Gunman<2><BOT><Red>" killed "Archimedes!<6><BOT><Blue>" with "flamethrower" (attacker_position "-127 2894 -247") (victim_position "-280 2824 -240")
L 10/08/2014 - 09:42:12: "CryBaby<9><BOT><Red>" triggered "kill assist" against "Archimedes!<6><BOT><Blue>" (assister_position "-177 2869 -240") (attacker_position "-127 2894 -247") (victim_position "-280 2824 -240")
L 10/08/2014 - 09:42:24: "splunk> All Batbelt, No tights<10><[U:1:197367651]><Blue>" changed role to "sniper"
L 10/08/2014 - 09:42:34: "It's Filthy in There!<7><BOT><Red>" triggered "captureblocked" (cp "0") (cpname "#Dustbowl_cap_1_A") (position "-214 2706 -240")
L 10/08/2014 - 09:42:34: "It's Filthy in There!<7><BOT><Red>" killed "Poopy Joe<3><BOT><Blue>" with "world" (attacker_position "-214 2706 -240") (victim_position "-353 2858 -247")
L 10/08/2014 - 09:42:34: "It's Filthy in There!<7><BOT><Red>" triggered "domination" against "Poopy Joe<3><BOT><Blue>"
L 10/08/2014 - 09:42:36: "Freakin' Unbelievable<4><BOT><Blue>" triggered "medic_death" against "CryBaby<9><BOT><Red>" (healing "1320") (ubercharge "0")
L 10/08/2014 - 09:42:36: "Freakin' Unbelievable<4><BOT><Blue>" killed "CryBaby<9><BOT><Red>" with "tf_projectile_pipe" (attacker_position "-248 2823 -240") (victim_position "-159 2684 -243")
L 10/08/2014 - 09:42:36: "Poopy Joe<3><BOT><Blue>" triggered "kill assist" against "CryBaby<9><BOT><Red>" (assister_position "-353 2858 -159") (attacker_position "-248 2823 -240") (victim_position "-159 2684 -243")
L 10/08/2014 - 09:42:36: "It's Filthy in There!<7><BOT><Red>" triggered "captureblocked" (cp "0") (cpname "#Dustbowl_cap_1_A") (position "-318 2784 -240")
L 10/08/2014 - 09:42:36: "It's Filthy in There!<7><BOT><Red>" killed "Freakin' Unbelievable<4><BOT><Blue>" with "world" (attacker_position "-318 2784 -240") (victim_position "-248 2823 -240")
L 10/08/2014 - 09:42:36: "The Administrator<5><BOT><Red>" triggered "kill assist" against "Freakin' Unbelievable<4><BOT><Blue>" (assister_position "677 2073 -254") (attacker_position "-318 2784 -240") (victim_position "-248 2823 -240")
L 10/08/2014 - 09:42:36: "The Administrator<5><BOT><Red>" triggered "domination" against "Freakin' Unbelievable<4><BOT><Blue>" (assist "1")
L 10/08/2014 - 09:42:38: "It's Filthy in There!<7><BOT><Red>" stuck (position "-199.40 2772.04 -240.82") (duration "4.52") L 10/08/2014 - 09:42:38:    path_goal ( "-175.00 2875.00 -247.97" )
L 10/08/2014 - 09:42:38: "splunk> All Batbelt, No tights<10><[U:1:197367651]><Blue>" killed "It's Filthy in There!<7><BOT><Red>" with "sniperrifle" (attacker_position "-2318 2950 -327") (victim_position "-198 2770 -236")
L 10/08/2014 - 09:42:38: "Archimedes!<6><BOT><Blue>" triggered "kill assist" against "It's Filthy in There!<7><BOT><Red>" (assister_position "-317 2815 -240") (attacker_position "-2318 2950 -327") (victim_position "-198 2770 -236")
L 10/08/2014 - 09:42:38: "It's Filthy in There!<7><BOT><Red>" changed role to "pyro"
L 10/08/2014 - 09:42:39: "The Administrator<5><BOT><Red>" killed "Archimedes!<6><BOT><Blue>" with "obj_sentrygun2" (attacker_position "142 1995 -276") (victim_position "-252 2852 -240")
L 10/08/2014 - 09:42:39: "Crazed Gunman<2><BOT><Red>" triggered "kill assist" against "Archimedes!<6><BOT><Blue>" (assister_position "-167 2832 -240") (attacker_position "142 1995 -276") (victim_position "-252 2852 -240")
L 10/08/2014 - 09:42:39: "Crazed Gunman<2><BOT><Red>" triggered "domination" against "Archimedes!<6><BOT><Blue>" (assist "1")
L 10/08/2014 - 09:42:44: "The Administrator<5><BOT><Red>" triggered "player_builtobject" (object "OBJ_DISPENSER") (position "177 1957 -268")
L 10/08/2014 - 09:42:47: "Splunk hax0r<11><[U:1:197368576]><Unassigned>" joined team "Red"
L 10/08/2014 - 09:42:54: World triggered "Mini_Round_Win" (winner "Red") (round "round_1")
L 10/08/2014 - 09:42:54: World triggered "Mini_Round_Length" (seconds "330.03")
L 10/08/2014 - 09:42:54: World triggered "Round_Win" (winner "Red")
L 10/08/2014 - 09:42:54: Team "Red" current score "0" with "5" players
L 10/08/2014 - 09:42:54: Team "Blue" current score "0" with "5" players
L 10/08/2014 - 09:43:06: "The Administrator<5><BOT><Red>" stuck (position "-1591.12 1368.03 -244.32") (duration "3.36") L 10/08/2014 - 09:43:06:    path_goal ( "-1037.50 287.50 -9.46" )
L 10/08/2014 - 09:43:07: "The Administrator<5><BOT><Red>" stuck (position "-1589.79 1370.95 -236.72") (duration "3.46") L 10/08/2014 - 09:43:07:    path_goal ( "-1650.00 1450.00 -251.21" )
L 10/08/2014 - 09:43:09: World triggered "Round_Start"
L 10/08/2014 - 09:43:09: World triggered "Round_Setup_Begin"
L 10/08/2014 - 09:43:09: World triggered "Mini_Round_Selected" (round "round_1")
L 10/08/2014 - 09:43:09: World triggered "Mini_Round_Start"
L 10/08/2014 - 09:43:09: "Crazed Gunman<2><BOT><Red>" joined team "Blue"
L 10/08/2014 - 09:43:09: "Poopy Joe<3><BOT><Blue>" joined team "Red"
L 10/08/2014 - 09:43:09: "Freakin' Unbelievable<4><BOT><Blue>" joined team "Red"
L 10/08/2014 - 09:43:09: "The Administrator<5><BOT><Red>" joined team "Blue"
L 10/08/2014 - 09:43:09: "Archimedes!<6><BOT><Blue>" joined team "Red"
L 10/08/2014 - 09:43:09: "It's Filthy in There!<7><BOT><Red>" joined team "Blue"
L 10/08/2014 - 09:43:09: "Kill Me<8><BOT><Blue>" joined team "Red"
L 10/08/2014 - 09:43:09: "CryBaby<9><BOT><Red>" joined team "Blue"
L 10/08/2014 - 09:43:09: "splunk> All Batbelt, No tights<10><[U:1:197367651]><Blue>" joined team "Red"
L 10/08/2014 - 09:43:09: "Splunk hax0r<11><[U:1:197368576]><Red>" joined team "Blue"
L 10/08/2014 - 09:43:21: "The Administrator<5><BOT><Blue>" stuck (position "-2199.53 2966.69 -255.97") (duration "3.36") L 10/08/2014 - 09:43:21:    path_goal ( "-2150.00 2950.00 -255.97" )
L 10/08/2014 - 09:43:21: "The Administrator<5><BOT><Blue>" stuck (position "-2199.53 2962.97 -230.66") (duration "3.46") L 10/08/2014 - 09:43:21:    path_goal ( "-2325.00 2962.97 -347.00" )
L 10/08/2014 - 09:43:22: "The Administrator<5><BOT><Blue>" stuck (position "-2263.89 2930.74 -290.55") (duration "4.52") L 10/08/2014 - 09:43:22:    path_goal ( "-2325.00 2958.50 -347.00" )
L 10/08/2014 - 09:43:34: "Splunk hax0r<11><[U:1:197368576]><Blue>" changed role to "pyro"
L 10/08/2014 - 09:43:38: "The Administrator<5><BOT><Blue>" stuck (position "-1627.21 1633.47 -255.89") (duration "3.36") L 10/08/2014 - 09:43:38:    path_goal ( "-27.65 2139.09 -313.66" )
L 10/08/2014 - 09:43:38: "The Administrator<5><BOT><Blue>" stuck (position "-1627.21 1633.45 -230.59") (duration "3.46") L 10/08/2014 - 09:43:38:    path_goal ( "-27.65 2139.09 -313.66" )
L 10/08/2014 - 09:43:39: "The Administrator<5><BOT><Blue>" stuck (position "-1627.20 1633.47 -255.88") (duration "0.42") L 10/08/2014 - 09:43:39:    path_goal ( "-27.65 2139.09 -313.66" )
L 10/08/2014 - 09:43:40: "The Administrator<5><BOT><Blue>" stuck (position "-1628.43 1633.47 -255.88") (duration "1.47") L 10/08/2014 - 09:43:40:    path_goal ( "-27.65 2139.09 -313.66" )
L 10/08/2014 - 09:43:41: "The Administrator<5><BOT><Blue>" stuck (position "-1668.83 1633.47 -255.94") (duration "0.32") L 10/08/2014 - 09:43:41:    path_goal ( "-27.65 2139.09 -313.66" )
L 10/08/2014 - 09:43:42: "The Administrator<5><BOT><Blue>" stuck (position "-1627.21 1633.47 -255.92") (duration "1.37") L 10/08/2014 - 09:43:42:    path_goal ( "-27.65 2139.09 -313.66" )
L 10/08/2014 - 09:43:43: "The Administrator<5><BOT><Blue>" stuck (position "-1627.21 1633.47 -255.89") (duration "0.32") L 10/08/2014 - 09:43:43:    path_goal ( "-27.65 2139.09 -313.66" )
L 10/08/2014 - 09:43:45: "The Administrator<5><BOT><Blue>" stuck (position "-1628.67 1633.47 -255.89") (duration "1.36") L 10/08/2014 - 09:43:45:    path_goal ( "-27.65 2139.09 -313.66" )
L 10/08/2014 - 09:43:46: "The Administrator<5><BOT><Blue>" stuck (position "-1632.34 1633.47 -255.89") (duration "0.32") L 10/08/2014 - 09:43:46:    path_goal ( "-27.65 2139.09 -313.66" )
L 10/08/2014 - 09:43:47: "The Administrator<5><BOT><Blue>" stuck (position "-1627.21 1633.47 -255.89") (duration "1.36") L 10/08/2014 - 09:43:47:    path_goal ( "-27.65 2139.09 -313.66" )
L 10/08/2014 - 09:43:48: "The Administrator<5><BOT><Blue>" stuck (position "-1650.76 1633.47 -255.89") (duration "0.31") L 10/08/2014 - 09:43:48:    path_goal ( "-27.65 2139.09 -313.66" )
L 10/08/2014 - 09:43:49: "The Administrator<5><BOT><Blue>" stuck (position "-1630.91 1633.47 -255.88") (duration "1.36") L 10/08/2014 - 09:43:49:    path_goal ( "-27.65 2139.09 -313.66" )
L 10/08/2014 - 09:43:50: "The Administrator<5><BOT><Blue>" stuck (position "-1627.21 1633.47 -255.89") (duration "0.32") L 10/08/2014 - 09:43:50:    path_goal ( "-27.65 2139.09 -313.66" )
L 10/08/2014 - 09:43:51: "The Administrator<5><BOT><Blue>" stuck (position "-1627.37 1633.47 -255.89") (duration "1.37") L 10/08/2014 - 09:43:51:    path_goal ( "-27.65 2139.09 -313.66" )
L 10/08/2014 - 09:43:52: "The Administrator<5><BOT><Blue>" stuck (position "-1644.66 1633.47 -255.89") (duration "0.32") L 10/08/2014 - 09:43:52:    path_goal ( "-27.65 2139.09 -313.66" )
L 10/08/2014 - 09:43:53: "The Administrator<5><BOT><Blue>" stuck (position "-1627.21 1633.47 -255.89") (duration "1.36") L 10/08/2014 - 09:43:53:    path_goal ( "-27.65 2139.09 -313.66" )
L 10/08/2014 - 09:43:54: "The Administrator<5><BOT><Blue>" stuck (position "-1627.91 1633.47 -255.89") (duration "0.32") L 10/08/2014 - 09:43:54:    path_goal ( "-27.65 2139.09 -313.66" )
L 10/08/2014 - 09:43:55: "The Administrator<5><BOT><Blue>" stuck (position "-1628.67 1633.47 -255.89") (duration "1.36") L 10/08/2014 - 09:43:55:    path_goal ( "-27.65 2139.09 -313.66" )
L 10/08/2014 - 09:43:56: "The Administrator<5><BOT><Blue>" stuck (position "-1634.90 1633.47 -255.89") (duration "0.32") L 10/08/2014 - 09:43:56:    path_goal ( "-27.65 2139.09 -313.66" )
L 10/08/2014 - 09:43:57: "The Administrator<5><BOT><Blue>" stuck (position "-1627.21 1633.47 -255.89") (duration "1.36") L 10/08/2014 - 09:43:57:    path_goal ( "-27.65 2139.09 -313.66" )
L 10/08/2014 - 09:43:58: "The Administrator<5><BOT><Blue>" stuck (position "-1628.46 1633.47 -255.89") (duration "0.31") L 10/08/2014 - 09:43:58:    path_goal ( "-27.65 2139.09 -313.66" )
L 10/08/2014 - 09:43:59: "The Administrator<5><BOT><Blue>" stuck (position "-1627.73 1633.47 -255.89") (duration "1.36") L 10/08/2014 - 09:43:59:    path_goal ( "-27.65 2139.09 -313.66" )
L 10/08/2014 - 09:44:00: "The Administrator<5><BOT><Blue>" stuck (position "-1627.20 1633.47 -255.89") (duration "0.32") L 10/08/2014 - 09:44:00:    path_goal ( "-27.65 2139.09 -313.66" )
L 10/08/2014 - 09:44:01: "The Administrator<5><BOT><Blue>" stuck (position "-1627.35 1633.47 -255.89") (duration "1.37") L 10/08/2014 - 09:44:01:    path_goal ( "-27.65 2139.09 -313.66" )
L 10/08/2014 - 09:44:02: "The Administrator<5><BOT><Blue>" stuck (position "-1642.98 1633.47 -255.89") (duration "0.32") L 10/08/2014 - 09:44:02:    path_goal ( "-27.65 2139.09 -313.66" )
L 10/08/2014 - 09:44:03: "The Administrator<5><BOT><Blue>" stuck (position "-1627.20 1633.47 -255.88") (duration "1.36") L 10/08/2014 - 09:44:03:    path_goal ( "-27.65 2139.09 -313.66" )
L 10/08/2014 - 09:44:04: "The Administrator<5><BOT><Blue>" stuck (position "-1652.79 1633.47 -255.89") (duration "0.32") L 10/08/2014 - 09:44:04:    path_goal ( "-27.65 2139.09 -313.66" )
L 10/08/2014 - 09:44:06: "The Administrator<5><BOT><Blue>" stuck (position "-1627.21 1633.47 -255.89") (duration "1.36") L 10/08/2014 - 09:44:06:    path_goal ( "-27.65 2139.09 -313.66" )
L 10/08/2014 - 09:44:07: "The Administrator<5><BOT><Blue>" stuck (position "-1627.62 1633.47 -255.89") (duration "0.32") L 10/08/2014 - 09:44:07:    path_goal ( "-27.65 2139.09 -313.66" )
L 10/08/2014 - 09:44:08: "The Administrator<5><BOT><Blue>" stuck (position "-1627.72 1633.47 -255.88") (duration "1.36") L 10/08/2014 - 09:44:08:    path_goal ( "-27.65 2139.09 -313.66" )
L 10/08/2014 - 09:44:09: "The Administrator<5><BOT><Blue>" stuck (position "-1651.19 1633.47 -255.89") (duration "0.31") L 10/08/2014 - 09:44:09:    path_goal ( "-27.65 2139.09 -313.66" )
L 10/08/2014 - 09:44:09: World triggered "Round_Setup_End"
L 10/08/2014 - 09:44:10: "The Administrator<5><BOT><Blue>" stuck (position "-1628.03 1679.72 -255.96") (duration "1.38") L 10/08/2014 - 09:44:10:    path_goal ( "-27.65 2139.09 -313.66" )
L 10/08/2014 - 09:44:26: "Freakin' Unbelievable<4><BOT><Red>" triggered "medic_death" against "CryBaby<9><BOT><Blue>" (healing "845") (ubercharge "1")
L 10/08/2014 - 09:44:26: "Freakin' Unbelievable<4><BOT><Red>" killed "CryBaby<9><BOT><Blue>" with "tf_projectile_pipe_remote" (attacker_position "218 2104 -256") (victim_position "-700 2228 -412")
L 10/08/2014 - 09:44:26: "Archimedes!<6><BOT><Red>" triggered "kill assist" against "CryBaby<9><BOT><Blue>" (assister_position "-73 1999 -340") (attacker_position "218 2104 -256") (victim_position "-700 2228 -412")
L 10/08/2014 - 09:44:26: "Freakin' Unbelievable<4><BOT><Red>" killed "Crazed Gunman<2><BOT><Blue>" with "tf_projectile_pipe_remote" (attacker_position "218 2104 -256") (victim_position "-584 2247 -411")
L 10/08/2014 - 09:44:26: "Archimedes!<6><BOT><Red>" triggered "kill assist" against "Crazed Gunman<2><BOT><Blue>" (assister_position "-73 1999 -340") (attacker_position "218 2104 -256") (victim_position "-584 2247 -411")
L 10/08/2014 - 09:44:26: "Archimedes!<6><BOT><Red>" triggered "revenge" against "Crazed Gunman<2><BOT><Blue>" (assist "1")
L 10/08/2014 - 09:44:26: "Crazed Gunman<2><BOT><Blue>" changed role to "scout"
L 10/08/2014 - 09:44:34: "Archimedes!<6><BOT><Red>" killed "Splunk hax0r<11><[U:1:197368576]><Blue>" with "pistol_scout" (attacker_position "-4 2136 -296") (victim_position "-690 2013 -255")
L 10/08/2014 - 09:44:34: "Poopy Joe<3><BOT><Red>" triggered "kill assist" against "Splunk hax0r<11><[U:1:197368576]><Blue>" (assister_position "-98 2404 -255") (attacker_position "-4 2136 -296") (victim_position "-690 2013 -255")
L 10/08/2014 - 09:44:49: "Archimedes!<6><BOT><Red>" killed "The Administrator<5><BOT><Blue>" with "scattergun" (attacker_position "-45 2106 -315") (victim_position "-1072 2523 -415")
L 10/08/2014 - 09:44:49: "The Administrator<5><BOT><Blue>" changed role to "soldier"
L 10/08/2014 - 09:44:55: "Freakin' Unbelievable<4><BOT><Red>" killed "It's Filthy in There!<7><BOT><Blue>" with "tf_projectile_pipe" (attacker_position "176 2165 -256") (victim_position "188 2279 -7")
L 10/08/2014 - 09:44:55: "Kill Me<8><BOT><Red>" triggered "kill assist" against "It's Filthy in There!<7><BOT><Blue>" (assister_position "-69 2366 -269") (attacker_position "176 2165 -256") (victim_position "188 2279 -7")
L 10/08/2014 - 09:44:55: "It's Filthy in There!<7><BOT><Blue>" changed role to "heavyweapons"
L 10/08/2014 - 09:45:01: "Kill Me<8><BOT><Red>" triggered "player_extinguished" against "Archimedes!<6><BOT><Red>" with "tf_weapon_medigun" (attacker_position "-69 2366 -269") (victim_position "162 2231 -257")
L 10/08/2014 - 09:45:09: "Archimedes!<6><BOT><Red>" stuck (position "4.93 2081.20 -308.83") (duration "2.52") L 10/08/2014 - 09:45:09:    path_goal ( "12.50 2137.50 -302.55" )
L 10/08/2014 - 09:45:28: "Poopy Joe<3><BOT><Red>" killed "Splunk hax0r<11><[U:1:197368576]><Blue>" with "tf_projectile_pipe_remote" (attacker_position "-164 2418 -255") (victim_position "-175 2321 -295")
L 10/08/2014 - 09:45:28: "Freakin' Unbelievable<4><BOT><Red>" triggered "kill assist" against "Splunk hax0r<11><[U:1:197368576]><Blue>" (assister_position "223 2085 -256") (attacker_position "-164 2418 -255") (victim_position "-175 2321 -295")
L 10/08/2014 - 09:45:28: "Poopy Joe<3><BOT><Red>" committed suicide with "tf_projectile_pipe_remote" (attacker_position "-164 2418 -255")
L 10/08/2014 - 09:45:28: "Poopy Joe<3><BOT><Red>" changed role to "engineer"
L 10/08/2014 - 09:45:30: "Freakin' Unbelievable<4><BOT><Red>" killed "Crazed Gunman<2><BOT><Blue>" with "tf_projectile_pipe" (attacker_position "221 2038 -257") (victim_position "-688 2207 -414")
L 10/08/2014 - 09:45:30: "Kill Me<8><BOT><Red>" triggered "kill assist" against "Crazed Gunman<2><BOT><Blue>" (assister_position "160 2109 -263") (attacker_position "221 2038 -257") (victim_position "-688 2207 -414")
L 10/08/2014 - 09:45:30: "Freakin' Unbelievable<4><BOT><Red>" triggered "medic_death" against "CryBaby<9><BOT><Blue>" (healing "212") (ubercharge "0")
L 10/08/2014 - 09:45:30: "Freakin' Unbelievable<4><BOT><Red>" killed "CryBaby<9><BOT><Blue>" with "tf_projectile_pipe" (attacker_position "221 2038 -257") (victim_position "-630 2292 -399")
L 10/08/2014 - 09:45:30: "Kill Me<8><BOT><Red>" triggered "kill assist" against "CryBaby<9><BOT><Blue>" (assister_position "160 2109 -263") (attacker_position "221 2038 -257") (victim_position "-630 2292 -399")
L 10/08/2014 - 09:45:30: "Freakin' Unbelievable<4><BOT><Red>" triggered "domination" against "CryBaby<9><BOT><Blue>"
L 10/08/2014 - 09:45:36: "splunk> All Batbelt, No tights<10><[U:1:197367651]><Red>" killed "It's Filthy in There!<7><BOT><Blue>" with "sniperrifle" (customkill "headshot") (attacker_position "-123 2845 -240") (victim_position "-1640 2691 -251")
L 10/08/2014 - 09:45:36: "It's Filthy in There!<7><BOT><Blue>" changed role to "sniper"
L 10/08/2014 - 09:45:39: "The Administrator<5><BOT><Blue>" killed "splunk> All Batbelt, No tights<10><[U:1:197367651]><Red>" with "tf_projectile_rocket" (attacker_position "-302 2733 -240") (victim_position "-123 2729 -240")
L 10/08/2014 - 09:45:39: "It's Filthy in There!<7><BOT><Blue>" triggered "kill assist" against "splunk> All Batbelt, No tights<10><[U:1:197367651]><Red>" (assister_position "-1624 2688 -148") (attacker_position "-302 2733 -240") (victim_position "-123 2729 -240")
L 10/08/2014 - 09:46:05: "Crazed Gunman<2><BOT><Blue>" stuck (position "-1913.63 1368.03 -269.78") (duration "3.04") L 10/08/2014 - 09:46:05:    path_goal ( "-1825.00 262.50 -63.97" )
L 10/08/2014 - 09:46:06: "Poopy Joe<3><BOT><Red>" triggered "player_builtobject" (object "OBJ_SENTRYGUN") (position "-28 1870 -308")
L 10/08/2014 - 09:46:13: "The Administrator<5><BOT><Blue>" triggered "killedobject" (object "OBJ_SENTRYGUN") (weapon "tf_projectile_rocket") (objectowner "Poopy Joe<3><BOT><Red>") (attacker_position "-1154 2568 -415")
L 10/08/2014 - 09:46:17: "The Administrator<5><BOT><Blue>" killed "Poopy Joe<3><BOT><Red>" with "tf_projectile_rocket" (attacker_position "-1161 2570 -415") (victim_position "-82 1958 -345")
L 10/08/2014 - 09:46:17: "Crazed Gunman<2><BOT><Blue>" triggered "kill assist" against "Poopy Joe<3><BOT><Red>" (assister_position "-587 2133 -415") (attacker_position "-1161 2570 -415") (victim_position "-82 1958 -345")
L 10/08/2014 - 09:46:20: "It's Filthy in There!<7><BOT><Blue>" killed "Archimedes!<6><BOT><Red>" with "sniperrifle" (customkill "headshot") (attacker_position "-1981 2487 -431") (victim_position "-375 2478 -127")
L 10/08/2014 - 09:46:20: "Archimedes!<6><BOT><Red>" changed role to "engineer"
L 10/08/2014 - 09:46:23: "Freakin' Unbelievable<4><BOT><Red>" killed "Crazed Gunman<2><BOT><Blue>" with "tf_projectile_pipe_remote" (attacker_position "-75 2651 -247") (victim_position "-630 2185 -415")
L 10/08/2014 - 09:46:23: "Kill Me<8><BOT><Red>" triggered "kill assist" against "Crazed Gunman<2><BOT><Blue>" (assister_position "-89 2702 -247") (attacker_position "-75 2651 -247") (victim_position "-630 2185 -415")
L 10/08/2014 - 09:46:23: "Freakin' Unbelievable<4><BOT><Red>" killed "The Administrator<5><BOT><Blue>" with "tf_projectile_pipe_remote" (attacker_position "-75 2651 -247") (victim_position "-593 2220 -413")
L 10/08/2014 - 09:46:23: "Kill Me<8><BOT><Red>" triggered "kill assist" against "The Administrator<5><BOT><Blue>" (assister_position "-89 2702 -247") (attacker_position "-75 2651 -247") (victim_position "-593 2220 -413")
L 10/08/2014 - 09:46:23: "Freakin' Unbelievable<4><BOT><Red>" triggered "revenge" against "The Administrator<5><BOT><Blue>"
L 10/08/2014 - 09:46:23: "The Administrator<5><BOT><Blue>" changed role to "heavyweapons"
L 10/08/2014 - 09:46:36: "Poopy Joe<3><BOT><Red>" triggered "player_builtobject" (object "OBJ_TELEPORTER") (position "2367 1018 -194")
L 10/08/2014 - 09:46:52: "It's Filthy in There!<7><BOT><Blue>" killed "splunk> All Batbelt, No tights<10><[U:1:197367651]><Red>" with "sniperrifle" (customkill "headshot") (attacker_position "-2067 2976 -255") (victim_position "-69 2717 -247")
L 10/08/2014 - 09:46:57: "Archimedes!<6><BOT><Red>" triggered "player_builtobject" (object "OBJ_SENTRYGUN") (position "47 1768 -260")
L 10/08/2014 - 09:46:58: "Poopy Joe<3><BOT><Red>" killed "The Administrator<5><BOT><Blue>" with "shotgun_primary" (attacker_position "-154 2684 -244") (victim_position "-627 2811 -255")
L 10/08/2014 - 09:46:58: "The Administrator<5><BOT><Blue>" changed role to "demoman"
L 10/08/2014 - 09:47:09: "Poopy Joe<3><BOT><Red>" triggered "player_builtobject" (object "OBJ_SENTRYGUN") (position "-483 2838 -247")
L 10/08/2014 - 09:47:14: "Splunk is credit to team!<12><[U:1:197412154]><>" connected, address "192.168.1.110:27005"
L 10/08/2014 - 09:47:14: "Splunk is credit to team!<12><[U:1:197412154]><>" STEAM USERID validated
L 10/08/2014 - 09:47:15: "Poopy Joe<3><BOT><Red>" killed "Crazed Gunman<2><BOT><Blue>" with "obj_sentrygun" (attacker_position "-512 2813 -247") (victim_position "-612 2831 -255")
L 10/08/2014 - 09:47:19: "It's Filthy in There!<7><BOT><Blue>" killed "Archimedes!<6><BOT><Red>" with "sniperrifle" (attacker_position "-2244 2372 -446") (victim_position "488 2224 -255")
L 10/08/2014 - 09:47:28: "Splunk is credit to team!<12><[U:1:197412154]><>" entered the game
L 10/08/2014 - 09:47:32: "Poopy Joe<3><BOT><Red>" killed "The Administrator<5><BOT><Blue>" with "obj_sentrygun2" (attacker_position "-549 2831 -247") (victim_position "-780 2695 -255")
L 10/08/2014 - 09:47:35: "Splunk is credit to team!<12><[U:1:197412154]><Unassigned>" joined team "Blue"
L 10/08/2014 - 09:47:36: "It's Filthy in There!<7><BOT><Blue>" killed "splunk> All Batbelt, No tights<10><[U:1:197367651]><Red>" with "sniperrifle" (attacker_position "-2136 2384 -447") (victim_position "199 2331 -255")
L 10/08/2014 - 09:47:38: "Splunk is credit to team!<12><[U:1:197412154]><Blue>" changed role to "heavyweapons"
L 10/08/2014 - 09:47:43: "Poopy Joe<3><BOT><Red>" triggered "player_builtobject" (object "OBJ_DISPENSER") (position "-496 2835 -247")
L 10/08/2014 - 09:47:44: "Archimedes!<6><BOT><Red>" killed "Crazed Gunman<2><BOT><Blue>" with "obj_sentrygun" (attacker_position "1512 2181 -207") (victim_position "-399 2307 -354")
L 10/08/2014 - 09:47:46: "Splunk hax0r<11><[U:1:197368576]><Blue>" changed role to "sniper"
L 10/08/2014 - 09:47:53: "Poopy Joe<3><BOT><Red>" killed "Splunk is credit to team!<12><[U:1:197412154]><Blue>" with "obj_sentrygun3" (attacker_position "-511 2831 -247") (victim_position "-1374 2852 -216")
L 10/08/2014 - 09:47:55: "splunk> All Batbelt, No tights<10><[U:1:197367651]><Red>" changed role to "demoman"
L 10/08/2014 - 09:48:01: "CryBaby<9><BOT><Blue>" triggered "chargedeployed"
L 10/08/2014 - 09:48:01: "Poopy Joe<3><BOT><Red>" killed "The Administrator<5><BOT><Blue>" with "obj_sentrygun3" (attacker_position "-501 2850 -247") (victim_position "-838 2807 -255")
L 10/08/2014 - 09:48:02: "Archimedes!<6><BOT><Red>" triggered "player_builtobject" (object "OBJ_DISPENSER") (position "37 1762 -259")
L 10/08/2014 - 09:48:08: "CryBaby<9><BOT><Blue>" triggered "medic_death" against "CryBaby<9><BOT><Blue>" (healing "283") (ubercharge "0")
L 10/08/2014 - 09:48:08: "Poopy Joe<3><BOT><Red>" killed "CryBaby<9><BOT><Blue>" with "player" (attacker_position "-501 2850 -247") (victim_position "-3317 2565 -438")
L 10/08/2014 - 09:48:24: "Archimedes!<6><BOT><Red>" killed "Crazed Gunman<2><BOT><Blue>" with "obj_sentrygun2" (attacker_position "12 1940 -307") (victim_position "-491 2319 -372")
L 10/08/2014 - 09:48:35: "Poopy Joe<3><BOT><Red>" killed "The Administrator<5><BOT><Blue>" with "obj_sentrygun3" (attacker_position "-467 2866 -247") (victim_position "-931 2825 -255")
L 10/08/2014 - 09:48:35: "Poopy Joe<3><BOT><Red>" triggered "domination" against "The Administrator<5><BOT><Blue>"
L 10/08/2014 - 09:48:39: "Splunk is credit to team!<12><[U:1:197412154]><Blue>" triggered "killedobject" (object "OBJ_DISPENSER") (weapon "minigun") (objectowner "Archimedes!<6><BOT><Red>") (attacker_position "-1362 3033 -255")
L 10/08/2014 - 09:48:49: "Poopy Joe<3><BOT><Red>" triggered "player_builtobject" (object "OBJ_TELEPORTER") (position "-502 2872 -247")
L 10/08/2014 - 09:48:53: World triggered "Mini_Round_Win" (winner "Red") (round "round_1")
L 10/08/2014 - 09:48:53: World triggered "Mini_Round_Length" (seconds "330.03")
L 10/08/2014 - 09:48:53: World triggered "Round_Win" (winner "Red")
L 10/08/2014 - 09:48:53: Team "Red" current score "0" with "5" players
L 10/08/2014 - 09:48:53: Team "Blue" current score "0" with "6" players
L 10/08/2014 - 09:48:55: "Archimedes!<6><BOT><Red>" killed "Crazed Gunman<2><BOT><Blue>" with "obj_sentrygun3" (attacker_position "219 2184 -256") (victim_position "-611 2259 -395")
L 10/08/2014 - 09:48:55: "Archimedes!<6><BOT><Red>" triggered "domination" against "Crazed Gunman<2><BOT><Blue>"
L 10/08/2014 - 09:48:56: "Kill Me<8><BOT><Red>" killed "Splunk hax0r<11><[U:1:197368576]><Blue>" with "syringegun_medic" (attacker_position "-902 2815 -255") (victim_position "-1285 2965 -255")
L 10/08/2014 - 09:48:56: "Freakin' Unbelievable<4><BOT><Red>" triggered "medic_death" against "CryBaby<9><BOT><Blue>" (healing "354") (ubercharge "0")
L 10/08/2014 - 09:48:56: "Freakin' Unbelievable<4><BOT><Red>" killed "CryBaby<9><BOT><Blue>" with "tf_projectile_pipe" (attacker_position "-819 2799 -255") (victim_position "-1316 3009 -255")
L 10/08/2014 - 09:48:58: "Freakin' Unbelievable<4><BOT><Red>" killed "Splunk is credit to team!<12><[U:1:197412154]><Blue>" with "tf_projectile_pipe" (attacker_position "-1103 2805 -255") (victim_position "-1555 2808 -255")
L 10/08/2014 - 09:48:58: "Poopy Joe<3><BOT><Red>" triggered "kill assist" against "Splunk is credit to team!<12><[U:1:197412154]><Blue>" (assister_position "-1065 2674 -254") (attacker_position "-1103 2805 -255") (victim_position "-1555 2808 -255")
L 10/08/2014 - 09:49:07: "Freakin' Unbelievable<4><BOT><Red>" killed "It's Filthy in There!<7><BOT><Blue>" with "tf_projectile_pipe" (attacker_position "-2758 2815 -459") (victim_position "-2879 2816 -453")
L 10/08/2014 - 09:49:07: "It's Filthy in There!<7><BOT><Blue>" changed role to "demoman"
L 10/08/2014 - 09:49:08: World triggered "Game_Over" reason "Reached Time Limit"
L 10/08/2014 - 09:49:08: Team "Red" final score "0" with "5" players
L 10/08/2014 - 09:49:08: Team "Blue" final score "0" with "6" players
L 10/08/2014 - 09:49:11: "Poopy Joe<3><BOT><Red>" stuck (position "158.03 2399.09 -266.21") (duration "3.36") L 10/08/2014 - 09:49:11:    path_goal ( "125.00 2399.09 -272.03" )
L 10/08/2014 - 09:49:11: "Poopy Joe<3><BOT><Red>" stuck (position "158.03 2399.09 -266.21") (duration "3.46") L 10/08/2014 - 09:49:11:    path_goal ( "125.00 2399.09 -272.03" )
L 10/08/2014 - 09:49:12: "Archimedes!<6><BOT><Red>" stuck (position "-618.69 2314.71 -397.40") (duration "3.36") L 10/08/2014 - 09:49:12:    path_goal ( "-825.00 2100.00 -257.78" )
L 10/08/2014 - 09:49:12: "Archimedes!<6><BOT><Red>" stuck (position "-618.69 2314.71 -397.40") (duration "3.47") L 10/08/2014 - 09:49:12:    path_goal ( "-825.00 2100.00 -257.78" )
L 10/08/2014 - 09:49:12: "Poopy Joe<3><BOT><Red>" stuck (position "158.03 2399.09 -266.21") (duration "4.51") L 10/08/2014 - 09:49:12:    path_goal ( "125.00 2399.09 -272.03" )
L 10/08/2014 - 09:49:13: "Freakin' Unbelievable<4><BOT><Red>" stuck (position "-3194.21 2722.30 -453.83") (duration "3.57") L 10/08/2014 - 09:49:13:    path_goal ( "-62.50 1962.50 -346.85" )
L 10/08/2014 - 09:49:13: "Poopy Joe<3><BOT><Red>" stuck (position "158.03 2399.09 -266.21") (duration "5.57") L 10/08/2014 - 09:49:13:    path_goal ( "125.00 2399.09 -272.03" )
L 10/08/2014 - 09:49:14: "Poopy Joe<3><BOT><Red>" stuck (position "158.03 2399.09 -266.21") (duration "6.61") L 10/08/2014 - 09:49:14:    path_goal ( "125.00 2399.09 -272.03" )
L 10/08/2014 - 09:49:15: "Poopy Joe<3><BOT><Red>" stuck (position "158.03 2399.09 -266.21") (duration "7.66") L 10/08/2014 - 09:49:15:    path_goal ( "125.00 2399.09 -272.03" )
L 10/08/2014 - 09:49:16: "Freakin' Unbelievable<4><BOT><Red>" stuck (position "-3194.21 2722.30 -453.83") (duration "3.57") L 10/08/2014 - 09:49:16:    path_goal ( "225.00 2625.00 -63.97" )
L 10/08/2014 - 09:49:16: "Poopy Joe<3><BOT><Red>" stuck (position "158.03 2399.09 -266.21") (duration "8.71") L 10/08/2014 - 09:49:16:    path_goal ( "125.00 2399.09 -272.03" )
L 10/08/2014 - 09:49:17: "Archimedes!<6><BOT><Red>" stuck (position "-618.69 2314.71 -397.40") (duration "3.36") L 10/08/2014 - 09:49:17:    path_goal ( "-825.00 2100.00 -257.78" )
L 10/08/2014 - 09:49:17: "Archimedes!<6><BOT><Red>" stuck (position "-618.69 2314.71 -397.40") (duration "3.47") L 10/08/2014 - 09:49:17:    path_goal ( "-825.00 2100.00 -257.78" )
L 10/08/2014 - 09:49:17: "Poopy Joe<3><BOT><Red>" stuck (position "158.03 2399.09 -266.21") (duration "9.76") L 10/08/2014 - 09:49:17:    path_goal ( "125.00 2399.09 -272.03" )
L 10/08/2014 - 09:49:18: Loading map "ctf_2fort"
L 10/08/2014 - 09:49:18: server cvars start
L 10/08/2014 - 09:49:18: "tf_playergib" = "1"
L 10/08/2014 - 09:49:18: "tf_allow_player_use" = "0"
L 10/08/2014 - 09:49:18: "tf_mvm_death_penalty" = "0"
L 10/08/2014 - 09:49:18: "sv_maxusrcmdprocessticks" = "24"
L 10/08/2014 - 09:49:18: "mp_teamplay" = "0"
L 10/08/2014 - 09:49:18: "mp_falldamage" = "0"
L 10/08/2014 - 09:49:18: "mp_weaponstay" = "0"
L 10/08/2014 - 09:49:18: "mp_forcerespawn" = "1"
L 10/08/2014 - 09:49:18: "mp_footsteps" = "1"
L 10/08/2014 - 09:49:18: "mp_flashlight" = "0"
L 10/08/2014 - 09:49:18: "mp_autocrosshair" = "1"
L 10/08/2014 - 09:49:18: "decalfrequency" = "10"
L 10/08/2014 - 09:49:18: "mp_teamlist" = "hgrunt;scientist"
L 10/08/2014 - 09:49:18: "mp_allowNPCs" = "1"
L 10/08/2014 - 09:49:18: "sv_alltalk" = "0"
L 10/08/2014 - 09:49:18: "tf_weapon_criticals" = "1"
L 10/08/2014 - 09:49:18: "tf_damage_disablespread" = "0"
L 10/08/2014 - 09:49:18: "tf_player_name_change_time" = "60"
L 10/08/2014 - 09:49:18: "tf_force_holidays_off" = "0"
L 10/08/2014 - 09:49:18: "tf_birthday" = "0"
L 10/08/2014 - 09:49:18: "mp_tournament_stopwatch" = "1"
L 10/08/2014 - 09:49:18: "mp_windifference" = "0"
L 10/08/2014 - 09:49:18: "mp_windifference_min" = "0"
L 10/08/2014 - 09:49:18: "tf_medieval" = "0"
L 10/08/2014 - 09:49:18: "tf_medieval_autorp" = "1"
L 10/08/2014 - 09:49:18: "tf_arena_force_class" = "0"
L 10/08/2014 - 09:49:18: "tf_arena_change_limit" = "1"
L 10/08/2014 - 09:49:18: "tf_arena_override_cap_enable_time" = "-1"
L 10/08/2014 - 09:49:18: "tf_arena_first_blood" = "1"
L 10/08/2014 - 09:49:18: "tf_mvm_min_players_to_start" = "3"
L 10/08/2014 - 09:49:18: "tf_gamemode_arena" = "0"
L 10/08/2014 - 09:49:18: "tf_gamemode_cp" = "1"
L 10/08/2014 - 09:49:18: "tf_gamemode_ctf" = "0"
L 10/08/2014 - 09:49:18: "tf_gamemode_sd" = "0"
L 10/08/2014 - 09:49:18: "tf_gamemode_rd" = "0"
L 10/08/2014 - 09:49:18: "tf_beta_content" = "0"
L 10/08/2014 - 09:49:18: "tf_gamemode_payload" = "0"
L 10/08/2014 - 09:49:18: "tf_gamemode_mvm" = "0"
L 10/08/2014 - 09:49:18: "tf_bot_count" = "8"
L 10/08/2014 - 09:49:18: "tf_teamtalk" = "1"
L 10/08/2014 - 09:49:18: "tf_ctf_bonus_time" = "10"
L 10/08/2014 - 09:49:18: "tf_maxspeed" = "400"
L 10/08/2014 - 09:49:18: "tf_max_charge_speed" = "750"
L 10/08/2014 - 09:49:18: "tf_use_fixed_weaponspreads" = "0"
L 10/08/2014 - 09:49:18: "tf_overtime_nag" = "0"
L 10/08/2014 - 09:49:18: "mp_respawnwavetime" = "10.0"
L 10/08/2014 - 09:49:18: "mp_tournament" = "0"
L 10/08/2014 - 09:49:18: "mp_highlander" = "0"
L 10/08/2014 - 09:49:18: "tf_arena_preround_time" = "10"
L 10/08/2014 - 09:49:18: "tf_arena_round_time" = "0"
L 10/08/2014 - 09:49:18: "tf_arena_max_streak" = "3"
L 10/08/2014 - 09:49:18: "tf_arena_use_queue" = "1"
L 10/08/2014 - 09:49:18: "mp_maxrounds" = "0"
L 10/08/2014 - 09:49:18: "mp_winlimit" = "0"
L 10/08/2014 - 09:49:18: "mp_disable_respawn_times" = "0"
L 10/08/2014 - 09:49:18: "mp_stalemate_meleeonly" = "0"
L 10/08/2014 - 09:49:18: "mp_forceautoteam" = "0"
L 10/08/2014 - 09:49:18: "mp_autoteambalance" = "1"
L 10/08/2014 - 09:49:18: "mp_stalemate_enable" = "0"
L 10/08/2014 - 09:49:18: "mp_match_end_at_timelimit" = "0"
L 10/08/2014 - 09:49:18: "mp_holiday_nogifts" = "0"
L 10/08/2014 - 09:49:18: "mp_scrambleteams_auto" = "1"
L 10/08/2014 - 09:49:18: "mp_scrambleteams_auto_windifference" = "2"
L 10/08/2014 - 09:49:18: "mp_timelimit" = "15"
L 10/08/2014 - 09:49:18: "mp_fraglimit" = "0"
L 10/08/2014 - 09:49:18: "nextlevel" = ""
L 10/08/2014 - 09:49:18: "sv_gravity" = "800"
L 10/08/2014 - 09:49:18: "sv_stopspeed" = "100"
L 10/08/2014 - 09:49:18: "sv_noclipaccelerate" = "5"
L 10/08/2014 - 09:49:18: "sv_noclipspeed" = "5"
L 10/08/2014 - 09:49:18: "sv_specaccelerate" = "5"
L 10/08/2014 - 09:49:18: "sv_specspeed" = "3"
L 10/08/2014 - 09:49:18: "sv_specnoclip" = "1"
L 10/08/2014 - 09:49:18: "sv_maxspeed" = "320"
L 10/08/2014 - 09:49:18: "sv_accelerate" = "10"
L 10/08/2014 - 09:49:18: "sv_airaccelerate" = "10"
L 10/08/2014 - 09:49:18: "sv_wateraccelerate" = "10"
L 10/08/2014 - 09:49:18: "sv_waterfriction" = "1"
L 10/08/2014 - 09:49:18: "sv_footsteps" = "1"
L 10/08/2014 - 09:49:18: "sv_rollspeed" = "200"
L 10/08/2014 - 09:49:18: "sv_rollangle" = "0"
L 10/08/2014 - 09:49:18: "sv_friction" = "4"
L 10/08/2014 - 09:49:18: "sv_bounce" = "0"
L 10/08/2014 - 09:49:18: "sv_stepsize" = "18"
L 10/08/2014 - 09:49:18: "r_VehicleViewDampen" = "1"
L 10/08/2014 - 09:49:18: "r_JeepViewDampenFreq" = "7.0"
L 10/08/2014 - 09:49:18: "r_JeepViewDampenDamp" = "1.0"
L 10/08/2014 - 09:49:18: "r_JeepViewZHeight" = "10.0"
L 10/08/2014 - 09:49:18: "r_AirboatViewDampenFreq" = "7.0"
L 10/08/2014 - 09:49:18: "r_AirboatViewDampenDamp" = "1.0"
L 10/08/2014 - 09:49:18: "r_AirboatViewZHeight" = "0.0"
L 10/08/2014 - 09:49:18: "mp_friendlyfire" = "0"
L 10/08/2014 - 09:49:18: "mp_fadetoblack" = "0"
L 10/08/2014 - 09:49:18: "tf_mm_servermode" = "0"
L 10/08/2014 - 09:49:18: "tf_mm_strict" = "0"
L 10/08/2014 - 09:49:18: "tf_mm_trusted" = "0"
L 10/08/2014 - 09:49:18: "tf_server_identity_disable_quickplay" = "0"
L 10/08/2014 - 09:49:18: "sv_registration_successful" = "0"
L 10/08/2014 - 09:49:18: "sv_registration_message" = "No account specified"
L 10/08/2014 - 09:49:18: "sv_steamgroup" = ""
L 10/08/2014 - 09:49:18: "sv_cheats" = "1"
L 10/08/2014 - 09:49:18: "sv_pausable" = "0"
L 10/08/2014 - 09:49:18: "sv_contact" = "admin@yourdomain.com"
L 10/08/2014 - 09:49:18: "sv_voiceenable" = "1"
L 10/08/2014 - 09:49:18: "tv_enable" = "0"
L 10/08/2014 - 09:49:18: "deathmatch" = "1"
L 10/08/2014 - 09:49:18: "coop" = "0"
L 10/08/2014 - 09:49:18: "tv_password" = ""
L 10/08/2014 - 09:49:18: "tv_relaypassword" = ""
L 10/08/2014 - 09:49:18: "sv_password" = ""
L 10/08/2014 - 09:49:18: "sv_tags" = "bots,cp"
L 10/08/2014 - 09:49:18: server cvars end
L 10/08/2014 - 09:49:19: Started map "ctf_2fort" (CRC "7d246aafbbd18b8ccbfdb9937dbc7769")
L 10/08/2014 - 09:49:19: Executing dedicated server config file server.cfg
L 10/08/2014 - 09:49:25: server_cvar: "tf_gamemode_cp" "0"
L 10/08/2014 - 09:49:25: server_cvar: "sv_tags" "bots"
L 10/08/2014 - 09:49:25: server_cvar: "sv_tags" "bots"
L 10/08/2014 - 09:49:25: server_cvar: "tf_bot_count" "0"
L 10/08/2014 - 09:49:25: server_cvar: "sv_tags" ""
L 10/08/2014 - 09:49:25: server_cvar: "tf_gamemode_ctf" "1"
L 10/08/2014 - 09:49:25: server_cvar: "sv_tags" "ctf"
L 10/08/2014 - 09:49:25: server_cvar: "sv_tags" "ctf"
L 10/08/2014 - 09:49:25: Initializing Steam libraries for LAN server
L 10/08/2014 - 09:49:26: No account token specified; logging into anonymous game server account.  (Use sv_setsteamaccount to login to a persistent account.)
