L 10/08/2014 - 10:45:28: Log file started (file "logs/L1008008.log") (game "/home/tf2/hlserver/tf2/tf") (version "2426090")
L 10/08/2014 - 10:45:28: server_cvar: "sv_cheats" "1"
L 10/08/2014 - 10:45:28: "Mann Co.<2><BOT><>" connected, address "none"
L 10/08/2014 - 10:45:28: "<2><BOT><>" entered the game
L 10/08/2014 - 10:45:28: "Mann Co.<2><BOT><Unassigned>" joined team "Blue"
L 10/08/2014 - 10:45:28: "Mann Co.<2><BOT><Blue>" changed role to "scout"
L 10/08/2014 - 10:45:28: "Mann Co.<2><BOT><Blue>" changed name to "Dog"
L 10/08/2014 - 10:45:28: Connection to Steam servers successful.
L 10/08/2014 - 10:45:28:    Public IP is 68.110.44.24.
L 10/08/2014 - 10:45:28: Assigned anonymous gameserver Steam ID [A:1:2425213961:4717].
L 10/08/2014 - 10:45:28: Sending CMsgGameServerMatchmakingStatus (state=ServerMatchmakingState_NOT_PARTICIPATING)
L 10/08/2014 - 10:45:29: VAC secure mode is activated.
L 10/08/2014 - 10:45:29: "Kaboom!<3><BOT><>" connected, address "none"
L 10/08/2014 - 10:45:29: "<3><BOT><>" entered the game
L 10/08/2014 - 10:45:29: "Kaboom!<3><BOT><Unassigned>" joined team "Red"
L 10/08/2014 - 10:45:29: "Kaboom!<3><BOT><Red>" changed role to "engineer"
L 10/08/2014 - 10:45:29: "Kaboom!<3><BOT><Red>" changed name to "AmNot"
L 10/08/2014 - 10:45:29: tf_server_identity_account_id not set; not logging into registered account
L 10/08/2014 - 10:45:29: "0xDEADBEEF<4><BOT><>" connected, address "none"
L 10/08/2014 - 10:45:29: "<4><BOT><>" entered the game
L 10/08/2014 - 10:45:29: "0xDEADBEEF<4><BOT><Unassigned>" joined team "Blue"
L 10/08/2014 - 10:45:29: "0xDEADBEEF<4><BOT><Blue>" changed role to "demoman"
L 10/08/2014 - 10:45:29: "0xDEADBEEF<4><BOT><Blue>" changed name to "HI THERE"
L 10/08/2014 - 10:45:29: "SomeDude<5><BOT><>" connected, address "none"
L 10/08/2014 - 10:45:29: "<5><BOT><>" entered the game
L 10/08/2014 - 10:45:29: "SomeDude<5><BOT><Unassigned>" joined team "Red"
L 10/08/2014 - 10:45:29: "SomeDude<5><BOT><Red>" changed role to "soldier"
L 10/08/2014 - 10:45:29: "SomeDude<5><BOT><Red>" changed name to "GLaDOS"
L 10/08/2014 - 10:45:29: "Hostage<6><BOT><>" connected, address "none"
L 10/08/2014 - 10:45:29: "<6><BOT><>" entered the game
L 10/08/2014 - 10:45:29: "Hostage<6><BOT><Unassigned>" joined team "Blue"
L 10/08/2014 - 10:45:29: "Hostage<6><BOT><Blue>" changed role to "heavyweapons"
L 10/08/2014 - 10:45:29: "Hostage<6><BOT><Blue>" changed name to "Headful of Eyeballs"
L 10/08/2014 - 10:45:30: "CrySomeMore<7><BOT><>" connected, address "none"
L 10/08/2014 - 10:45:30: "<7><BOT><>" entered the game
L 10/08/2014 - 10:45:30: "CrySomeMore<7><BOT><Unassigned>" joined team "Red"
L 10/08/2014 - 10:45:30: "CrySomeMore<7><BOT><Red>" changed role to "pyro"
L 10/08/2014 - 10:45:30: "CrySomeMore<7><BOT><Red>" changed name to "Aperture Science Prototype XR7"
L 10/08/2014 - 10:45:30: "Slysdexia<8><[U:1:12012915]><>" connected, address "192.168.1.126:27005"
L 10/08/2014 - 10:45:30: "Humans Are Weak<9><BOT><>" connected, address "none"
L 10/08/2014 - 10:45:30: "<9><BOT><>" entered the game
L 10/08/2014 - 10:45:30: "Humans Are Weak<9><BOT><Unassigned>" joined team "Blue"
L 10/08/2014 - 10:45:30: "Humans Are Weak<9><BOT><Blue>" changed role to "medic"
L 10/08/2014 - 10:45:30: "Humans Are Weak<9><BOT><Blue>" changed name to "AimBot"
L 10/08/2014 - 10:45:30: "Slysdexia<8><[U:1:12012915]><>" STEAM USERID validated
L 10/08/2014 - 10:45:30: "C++<10><BOT><>" connected, address "none"
L 10/08/2014 - 10:45:30: "<10><BOT><>" entered the game
L 10/08/2014 - 10:45:30: "C++<10><BOT><Unassigned>" joined team "Red"
L 10/08/2014 - 10:45:30: "C++<10><BOT><Red>" changed role to "medic"
L 10/08/2014 - 10:45:30: "C++<10><BOT><Red>" changed name to "GutsAndGlory!"
L 10/08/2014 - 10:45:31: "=(e)=™ Colonel Panic<11><[U:1:12110320]><>" connected, address "192.168.1.122:27005"
L 10/08/2014 - 10:45:32: "=(e)=™ Colonel Panic<11><[U:1:12110320]><>" STEAM USERID validated
L 10/08/2014 - 10:45:33: server_cvar: "tf_bot_count" "8"
L 10/08/2014 - 10:45:33: server_cvar: "sv_tags" "bots,cp"
L 10/08/2014 - 10:45:35: "=(e)=™ Colonel Panic<11><[U:1:12110320]><>" entered the game
L 10/08/2014 - 10:45:35: "Slysdexia<8><[U:1:12012915]><>" entered the game
L 10/08/2014 - 10:45:40: "=(e)=™ Colonel Panic<11><[U:1:12110320]><Unassigned>" joined team "Blue"
L 10/08/2014 - 10:45:42: "=(e)=™ Colonel Panic<11><[U:1:12110320]><Blue>" changed role to "engineer"
L 10/08/2014 - 10:45:44: "Dog<2><BOT><Blue>" stuck (position "-1627.21 1633.47 -255.89") (duration "2.55") L 10/08/2014 - 10:45:44:    path_goal ( "-216.00 2792.00 -247.97" )
L 10/08/2014 - 10:45:45: "Koriandrr<12><[U:1:124709690]><>" connected, address "192.168.1.125:27005"
L 10/08/2014 - 10:45:45: "Koriandrr<12><[U:1:124709690]><>" STEAM USERID validated
L 10/08/2014 - 10:45:47: "Dog<2><BOT><Blue>" stuck (position "-1627.30 1633.47 -255.89") (duration "2.53") L 10/08/2014 - 10:45:47:    path_goal ( "-216.00 2792.00 -247.97" )
L 10/08/2014 - 10:45:47: "HI THERE<4><BOT><Blue>" stuck (position "-1627.19 1633.47 -255.89") (duration "3.60") L 10/08/2014 - 10:45:47:    path_goal ( "-216.00 2792.00 -247.97" )
L 10/08/2014 - 10:45:49: "Koriandrr<12><[U:1:124709690]><>" entered the game
L 10/08/2014 - 10:45:49: "Dog<2><BOT><Blue>" stuck (position "-1627.21 1633.47 -255.89") (duration "2.52") L 10/08/2014 - 10:45:49:    path_goal ( "-216.00 2792.00 -247.97" )
L 10/08/2014 - 10:45:50: "Headful of Eyeballs<6><BOT><Blue>" stuck (position "-1627.22 1633.47 -255.90") (duration "4.38") L 10/08/2014 - 10:45:50:    path_goal ( "-216.00 2792.00 -247.97" )
L 10/08/2014 - 10:45:51: "HI THERE<4><BOT><Blue>" stuck (position "-1638.95 1633.47 -255.90") (duration "3.63") L 10/08/2014 - 10:45:51:    path_goal ( "-216.00 2792.00 -247.97" )
L 10/08/2014 - 10:45:52: "Slysdexia<8><[U:1:12012915]><Unassigned>" joined team "Red"
L 10/08/2014 - 10:45:52: "Dog<2><BOT><Blue>" stuck (position "-1627.21 1633.47 -255.90") (duration "2.58") L 10/08/2014 - 10:45:52:    path_goal ( "-216.00 2792.00 -247.97" )
L 10/08/2014 - 10:45:54: "HI THERE<4><BOT><Blue>" stuck (position "-1651.76 1633.47 -255.89") (duration "3.60") L 10/08/2014 - 10:45:54:    path_goal ( "-216.00 2792.00 -247.97" )
L 10/08/2014 - 10:45:54: "Dog<2><BOT><Blue>" stuck (position "-1627.21 1633.47 -255.89") (duration "2.55") L 10/08/2014 - 10:45:54:    path_goal ( "-216.00 2792.00 -247.97" )
L 10/08/2014 - 10:45:55: "Headful of Eyeballs<6><BOT><Blue>" stuck (position "-1627.21 1633.47 -255.89") (duration "4.42") L 10/08/2014 - 10:45:55:    path_goal ( "-216.00 2792.00 -247.97" )
L 10/08/2014 - 10:45:55: "Slysdexia<8><[U:1:12012915]><Red>" changed role to "engineer"
L 10/08/2014 - 10:45:55: "Koriandrr<12><[U:1:124709690]><Unassigned>" joined team "Red"
L 10/08/2014 - 10:45:56: "AmNot<3><BOT><Red>" triggered "player_builtobject" (object "OBJ_SENTRYGUN") (position "-261 2630 -124")
L 10/08/2014 - 10:45:57: "Dog<2><BOT><Blue>" stuck (position "-1627.22 1633.47 -255.90") (duration "2.57") L 10/08/2014 - 10:45:57:    path_goal ( "-216.00 2792.00 -247.97" )
L 10/08/2014 - 10:45:58: "HI THERE<4><BOT><Blue>" stuck (position "-1628.63 1633.47 -255.89") (duration "3.61") L 10/08/2014 - 10:45:58:    path_goal ( "-216.00 2792.00 -247.97" )
L 10/08/2014 - 10:45:59: World triggered "Round_Start"
L 10/08/2014 - 10:45:59: World triggered "Round_Setup_Begin"
L 10/08/2014 - 10:45:59: World triggered "Mini_Round_Selected" (round "round_1")
L 10/08/2014 - 10:45:59: World triggered "Mini_Round_Start"
L 10/08/2014 - 10:45:59: "Koriandrr<12><[U:1:124709690]><Red>" changed role to "sniper"
L 10/08/2014 - 10:46:20: "Slysdexia<8><[U:1:12012915]><Red>" triggered "player_builtobject" (object "OBJ_DISPENSER") (position "2248 2545 -143")
L 10/08/2014 - 10:46:20: "AmNot<3><BOT><Red>" triggered "player_builtobject" (object "OBJ_SENTRYGUN") (position "-99 2021 -354")
L 10/08/2014 - 10:46:34: "The Architect<13><[U:1:197287110]><>" connected, address "192.168.1.107:27005"
L 10/08/2014 - 10:46:34: "The Architect<13><[U:1:197287110]><>" STEAM USERID validated
L 10/08/2014 - 10:46:38: "The Architect<13><[U:1:197287110]><>" entered the game
L 10/08/2014 - 10:46:43: "Dashboard Commando<14><[U:1:197323815]><>" connected, address "192.168.1.102:27005"
L 10/08/2014 - 10:46:43: "Dashboard Commando<14><[U:1:197323815]><>" STEAM USERID validated
L 10/08/2014 - 10:46:46: "The Architect<13><[U:1:197287110]><Unassigned>" joined team "Blue"
L 10/08/2014 - 10:46:47: "Dashboard Commando<14><[U:1:197323815]><>" entered the game
L 10/08/2014 - 10:46:48: "The Architect<13><[U:1:197287110]><Blue>" changed role to "soldier"
L 10/08/2014 - 10:46:59: World triggered "Round_Setup_End"
L 10/08/2014 - 10:46:59: "Dashboard Commando<14><[U:1:197323815]><Unassigned>" joined team "Blue"
L 10/08/2014 - 10:47:05: "=(e)=™ Colonel Panic<11><[U:1:12110320]><Blue>" triggered "player_builtobject" (object "OBJ_TELEPORTER") (position "-2070 2784 -255")
L 10/08/2014 - 10:47:05: "Koriandrr<12><[U:1:124709690]><Red>" killed "The Architect<13><[U:1:197287110]><Blue>" with "sniperrifle" (attacker_position "-41 2758 -247") (victim_position "-1548 2869 -255")
L 10/08/2014 - 10:47:08: "=(e)=™ Colonel Panic<11><[U:1:12110320]><Blue>" triggered "player_builtobject" (object "OBJ_SENTRYGUN") (position "-1333 3120 -255")
L 10/08/2014 - 10:47:11: "Aperture Science Prototype XR7<7><BOT><Red>" killed "Dog<2><BOT><Blue>" with "shotgun_pyro" (attacker_position "-989 2093 -255") (victim_position "-1198 2815 -254")
L 10/08/2014 - 10:47:11: "Koriandrr<12><[U:1:124709690]><Red>" triggered "kill assist" against "Dog<2><BOT><Blue>" (assister_position "-41 2740 -247") (attacker_position "-989 2093 -255") (victim_position "-1198 2815 -254")
L 10/08/2014 - 10:47:12: "Dashboard Commando<14><[U:1:197323815]><Blue>" changed role to "sniper"
L 10/08/2014 - 10:47:14: "Koriandrr<12><[U:1:124709690]><Red>" killed "HI THERE<4><BOT><Blue>" with "sniperrifle" (customkill "headshot") (attacker_position "-41 2739 -247") (victim_position "-543 2808 -247")
L 10/08/2014 - 10:47:14: "Aperture Science Prototype XR7<7><BOT><Red>" triggered "kill assist" against "HI THERE<4><BOT><Blue>" (assister_position "-550 2340 -383") (attacker_position "-41 2739 -247") (victim_position "-543 2808 -247")
L 10/08/2014 - 10:47:14: "HI THERE<4><BOT><Blue>" changed role to "pyro"
L 10/08/2014 - 10:47:18: "=(e)=™ Colonel Panic<11><[U:1:12110320]><Blue>" triggered "object_detonated" (object "OBJ_SENTRYGUN") (position "-1091 2295 -415")
L 10/08/2014 - 10:47:18: "=(e)=™ Colonel Panic<11><[U:1:12110320]><Blue>" triggered "killedobject" (object "OBJ_SENTRYGUN") (weapon "pda_engineer") (objectowner "=(e)=™ Colonel Panic<11><[U:1:12110320]><Blue>") (attacker_position "-1091 2295 -415")
L 10/08/2014 - 10:47:18: "=(e)=™ Colonel Panic<11><[U:1:12110320]><Blue>" triggered "player_builtobject" (object "OBJ_SENTRYGUN") (position "-1037 2328 -415")
L 10/08/2014 - 10:47:19: "AmNot<3><BOT><Red>" killed "=(e)=™ Colonel Panic<11><[U:1:12110320]><Blue>" with "obj_sentrygun2" (attacker_position "47 2062 -298") (victim_position "-1083 2496 -415")
L 10/08/2014 - 10:47:19: "Aperture Science Prototype XR7<7><BOT><Red>" triggered "kill assist" against "=(e)=™ Colonel Panic<11><[U:1:12110320]><Blue>" (assister_position "-261 2293 -328") (attacker_position "47 2062 -298") (victim_position "-1083 2496 -415")
L 10/08/2014 - 10:47:19: "Koriandrr<12><[U:1:124709690]><Red>" killed "Headful of Eyeballs<6><BOT><Blue>" with "sniperrifle" (customkill "headshot") (attacker_position "-41 2739 -247") (victim_position "-1141 2840 -255")
L 10/08/2014 - 10:47:19: "Headful of Eyeballs<6><BOT><Blue>" changed role to "soldier"
L 10/08/2014 - 10:47:21: "AmNot<3><BOT><Red>" triggered "killedobject" (object "OBJ_SENTRYGUN") (weapon "obj_sentrygun3") (objectowner "=(e)=™ Colonel Panic<11><[U:1:12110320]><Blue>") (attacker_position "70 2164 -271")
L 10/08/2014 - 10:47:26: "AimBot<9><BOT><Blue>" triggered "medic_death" against "AimBot<9><BOT><Blue>" (healing "561") (ubercharge "1")
L 10/08/2014 - 10:47:26: "AimBot<9><BOT><Blue>" committed suicide with "world" (attacker_position "-3125 2706 -456")
L 10/08/2014 - 10:47:27: "AmNot<3><BOT><Red>" triggered "player_builtobject" (object "OBJ_DISPENSER") (position "-92 2015 -350")
L 10/08/2014 - 10:47:27: "Koriandrr<12><[U:1:124709690]><Red>" killed "Dashboard Commando<14><[U:1:197323815]><Blue>" with "sniperrifle" (attacker_position "-41 2748 -247") (victim_position "-2153 2982 -255")
L 10/08/2014 - 10:47:27: "Aperture Science Prototype XR7<7><BOT><Red>" triggered "kill assist" against "Dashboard Commando<14><[U:1:197323815]><Blue>" (assister_position "-464 2820 -247") (attacker_position "-41 2748 -247") (victim_position "-2153 2982 -255")
L 10/08/2014 - 10:47:38: "Koriandrr<12><[U:1:124709690]><Red>" killed "The Architect<13><[U:1:197287110]><Blue>" with "sniperrifle" (customkill "headshot") (attacker_position "-41 2736 -247") (victim_position "-2205 2968 -255")
L 10/08/2014 - 10:47:44: "Dog<2><BOT><Blue>" stuck (position "-1881.24 1368.01 -266.96") (duration "3.25") L 10/08/2014 - 10:47:44:    path_goal ( "-1887.50 -2125.00 -159.97" )
L 10/08/2014 - 10:47:46: "Koriandrr<12><[U:1:124709690]><Red>" killed "Headful of Eyeballs<6><BOT><Blue>" with "sniperrifle" (customkill "headshot") (attacker_position "-101 2738 -245") (victim_position "-1491 2911 -255")
L 10/08/2014 - 10:47:46: "Headful of Eyeballs<6><BOT><Blue>" changed role to "demoman"
L 10/08/2014 - 10:47:48: "The Architect<13><[U:1:197287110]><Blue>" changed role to "sniper"
L 10/08/2014 - 10:47:48: "GLaDOS<5><BOT><Red>" killed "HI THERE<4><BOT><Blue>" with "tf_projectile_rocket" (attacker_position "-58 2136 -309") (victim_position "-1219 2741 -253")
L 10/08/2014 - 10:47:48: "HI THERE<4><BOT><Blue>" changed role to "demoman"
L 10/08/2014 - 10:47:49: "=(e)=™ Colonel Panic<11><[U:1:12110320]><Blue>" triggered "player_builtobject" (object "OBJ_SENTRYGUN") (position "-1592 1869 -253")
L 10/08/2014 - 10:47:51: "Slysdexia<8><[U:1:12012915]><Red>" triggered "player_builtobject" (object "OBJ_SENTRYGUN") (position "2391 2550 -143")
L 10/08/2014 - 10:47:52: "Dog<2><BOT><Blue>" stuck (position "-2028.35 2285.87 -439.01") (duration "2.86") L 10/08/2014 - 10:47:52:    path_goal ( "-2012.50 2234.00 -227.97" )
L 10/08/2014 - 10:47:54: "Dashboard Commando<14><[U:1:197323815]><Blue>" changed role to "heavyweapons"
L 10/08/2014 - 10:48:02: "Aperture Science Prototype XR7<7><BOT><Red>" stuck (position "1935.27 548.03 -243.04") (duration "3.39") L 10/08/2014 - 10:48:02:    path_goal ( "2125.00 -1050.00 -158.24" )
L 10/08/2014 - 10:48:02: "Koriandrr<12><[U:1:124709690]><Red>" killed "The Architect<13><[U:1:197287110]><Blue>" with "sniperrifle" (attacker_position "-42 2736 -247") (victim_position "-2305 2965 -318")
L 10/08/2014 - 10:48:04: "Dog<2><BOT><Blue>" stuck (position "-2246.81 1376.03 -292.92") (duration "2.65") L 10/08/2014 - 10:48:04:    path_goal ( "-2200.00 350.00 -63.97" )
L 10/08/2014 - 10:48:18: "Koriandrr<12><[U:1:124709690]><Red>" killed "Headful of Eyeballs<6><BOT><Blue>" with "sniperrifle" (attacker_position "-152 2802 -240") (victim_position "-1373 2803 -244")
L 10/08/2014 - 10:48:18: "Headful of Eyeballs<6><BOT><Blue>" changed role to "spy"
L 10/08/2014 - 10:48:19: "Headful of Eyeballs<6><BOT><Blue>" killed "AmNot<3><BOT><Red>" with "tf_projectile_pipe" (attacker_position "-1431 2797 -177") (victim_position "-119 2050 -365")
L 10/08/2014 - 10:48:19: "Dashboard Commando<14><[U:1:197323815]><Blue>" triggered "kill assist" against "AmNot<3><BOT><Red>" (assister_position "-1229 2319 -413") (attacker_position "-1431 2797 -177") (victim_position "-119 2050 -365")
L 10/08/2014 - 10:48:21: "AmNot<3><BOT><Red>" killed "Dashboard Commando<14><[U:1:197323815]><Blue>" with "obj_sentrygun3" (attacker_position "-119 2050 -277") (victim_position "-1178 2310 -412")
L 10/08/2014 - 10:48:22: "AmNot<3><BOT><Red>" triggered "medic_death" against "AimBot<9><BOT><Blue>" (healing "356") (ubercharge "0")
L 10/08/2014 - 10:48:22: "AmNot<3><BOT><Red>" killed "AimBot<9><BOT><Blue>" with "obj_sentrygun3" (attacker_position "-119 2050 -277") (victim_position "-903 2404 -415")
L 10/08/2014 - 10:48:23: "=(e)=™ Colonel Panic<11><[U:1:12110320]><Blue>" triggered "object_detonated" (object "OBJ_SENTRYGUN") (position "-1086 2111 -254")
L 10/08/2014 - 10:48:23: "=(e)=™ Colonel Panic<11><[U:1:12110320]><Blue>" triggered "killedobject" (object "OBJ_SENTRYGUN") (weapon "pda_engineer") (objectowner "=(e)=™ Colonel Panic<11><[U:1:12110320]><Blue>") (attacker_position "-1086 2111 -254")
L 10/08/2014 - 10:48:23: "=(e)=™ Colonel Panic<11><[U:1:12110320]><Blue>" triggered "player_builtobject" (object "OBJ_SENTRYGUN") (position "-1002 2137 -258")
L 10/08/2014 - 10:48:26: "Slysdexia<8><[U:1:12012915]><Red>" triggered "player_carryobject" (object "OBJ_SENTRYGUN") (position "2391 2561 -143")
L 10/08/2014 - 10:48:26: "Koriandrr<12><[U:1:124709690]><Red>" killed "Dog<2><BOT><Blue>" with "sniperrifle" (attacker_position "-41 2772 -247") (victim_position "-1887 2835 -255")
L 10/08/2014 - 10:48:27: "Aperture Science Prototype XR7<7><BOT><Red>" stuck (position "1432.03 696.58 -106.64") (duration "3.39") L 10/08/2014 - 10:48:27:    path_goal ( "537.50 475.00 0.03" )
L 10/08/2014 - 10:48:28: "HI THERE<4><BOT><Blue>" triggered "killedobject" (object "OBJ_DISPENSER") (weapon "tf_projectile_pipe_remote") (objectowner "AmNot<3><BOT><Red>") (attacker_position "-1001 2686 -255")
L 10/08/2014 - 10:48:28: "HI THERE<4><BOT><Blue>" triggered "killedobject" (object "OBJ_SENTRYGUN") (weapon "tf_projectile_pipe_remote") (objectowner "AmNot<3><BOT><Red>") (attacker_position "-1001 2686 -255")
L 10/08/2014 - 10:48:28: "GutsAndGlory!<10><BOT><Red>" triggered "chargedeployed"
L 10/08/2014 - 10:48:29: "Slysdexia<8><[U:1:12012915]><Red>" triggered "player_dropobject" (object "OBJ_SENTRYGUN") (position "2399 2492 -143")
L 10/08/2014 - 10:48:29: "Slysdexia<8><[U:1:12012915]><Red>" triggered "player_builtobject" (object "OBJ_SENTRYGUN") (position "2399 2492 -143")
L 10/08/2014 - 10:48:30: "GLaDOS<5><BOT><Red>" triggered "killedobject" (object "OBJ_SENTRYGUN") (weapon "tf_projectile_rocket") (objectowner "=(e)=™ Colonel Panic<11><[U:1:12110320]><Blue>") (attacker_position "-808 2384 -393")
L 10/08/2014 - 10:48:30: "GutsAndGlory!<10><BOT><Red>" triggered "killedobject" (object "OBJ_SENTRYGUN") (objectowner "=(e)=™ Colonel Panic<11><[U:1:12110320]><Blue>") (assist "1") (assister_position "-334 2252 -342") (attacker_position "-808 2384 -393")
L 10/08/2014 - 10:48:31: "=(e)=™ Colonel Panic<11><[U:1:12110320]><Blue>" triggered "player_builtobject" (object "OBJ_SENTRYGUN") (position "-976 2054 -255")
L 10/08/2014 - 10:48:40: "The Architect<13><[U:1:197287110]><Blue>" killed "Koriandrr<12><[U:1:124709690]><Red>" with "sniperrifle" (attacker_position "-2306 2947 -318") (victim_position "-56 2769 -247")
L 10/08/2014 - 10:48:42: "=(e)=™ Colonel Panic<11><[U:1:12110320]><Blue>" triggered "medic_death" against "GutsAndGlory!<10><BOT><Red>" (healing "2112") (ubercharge "0")
L 10/08/2014 - 10:48:42: "=(e)=™ Colonel Panic<11><[U:1:12110320]><Blue>" killed "GutsAndGlory!<10><BOT><Red>" with "obj_minisentry" (attacker_position "-782 1887 -255") (victim_position "42 2134 -282")
L 10/08/2014 - 10:48:43: "AmNot<3><BOT><Red>" triggered "player_builtobject" (object "OBJ_TELEPORTER") (position "2378 989 -188")
L 10/08/2014 - 10:48:46: "GLaDOS<5><BOT><Red>" triggered "killedobject" (object "OBJ_SENTRYGUN") (weapon "tf_projectile_rocket") (objectowner "=(e)=™ Colonel Panic<11><[U:1:12110320]><Blue>") (attacker_position "602 2549 -250")
L 10/08/2014 - 10:48:59: "AmNot<3><BOT><Red>" killed "HI THERE<4><BOT><Blue>" with "shotgun_primary" (attacker_position "-45 2067 -327") (victim_position "-184 2285 -313")
L 10/08/2014 - 10:48:59: "HI THERE<4><BOT><Blue>" changed role to "soldier"
L 10/08/2014 - 10:49:03: "Headful of Eyeballs<6><BOT><Blue>" killed "AmNot<3><BOT><Red>" with "knife" (customkill "backstab") (attacker_position "191 2629 -255") (victim_position "188 2580 -255")
L 10/08/2014 - 10:49:03: "AmNot<3><BOT><Red>" changed role to "spy"
L 10/08/2014 - 10:49:06: "Dashboard Commando<14><[U:1:197323815]><Blue>" killed "Aperture Science Prototype XR7<7><BOT><Red>" with "minigun" (attacker_position "-591 2809 -255") (victim_position "-238 2863 -240")
L 10/08/2014 - 10:49:06: "AimBot<9><BOT><Blue>" triggered "kill assist" against "Aperture Science Prototype XR7<7><BOT><Red>" (assister_position "-668 2704 -255") (attacker_position "-591 2809 -255") (victim_position "-238 2863 -240")
L 10/08/2014 - 10:49:06: "Aperture Science Prototype XR7<7><BOT><Red>" changed role to "soldier"
L 10/08/2014 - 10:49:08: "GLaDOS<5><BOT><Red>" killed "Headful of Eyeballs<6><BOT><Blue>" with "tf_projectile_rocket" (attacker_position "1014 2487 -253") (victim_position "1129 2523 -257")
L 10/08/2014 - 10:49:08: "Headful of Eyeballs<6><BOT><Blue>" changed role to "demoman"
L 10/08/2014 - 10:49:10: Team "Blue" triggered "pointcaptured" (cp "0") (cpname "#Dustbowl_cap_1_A") (numcappers "2") (player1 "Dog<2><BOT><Blue>") (position1 "-226 2879 -240") (player2 "Dashboard Commando<14><[U:1:197323815]><Blue>") (position2 "-243 2772 -240") 
L 10/08/2014 - 10:49:24: "=(e)=™ Colonel Panic<11><[U:1:12110320]><Blue>" triggered "player_builtobject" (object "OBJ_SENTRYGUN") (position "229 2606 -63")
L 10/08/2014 - 10:49:25: "GLaDOS<5><BOT><Red>" killed "Dog<2><BOT><Blue>" with "tf_projectile_rocket" (attacker_position "1072 2170 -255") (victim_position "895 1828 -255")
L 10/08/2014 - 10:49:25: "GutsAndGlory!<10><BOT><Red>" triggered "kill assist" against "Dog<2><BOT><Blue>" (assister_position "1094 2112 -254") (attacker_position "1072 2170 -255") (victim_position "895 1828 -255")
L 10/08/2014 - 10:49:28: "GutsAndGlory!<10><BOT><Red>" triggered "medic_death" against "AimBot<9><BOT><Blue>" (healing "633") (ubercharge "0")
L 10/08/2014 - 10:49:28: "GutsAndGlory!<10><BOT><Red>" killed "AimBot<9><BOT><Blue>" with "syringegun_medic" (attacker_position "1032 2220 -253") (victim_position "1022 2268 -253")
L 10/08/2014 - 10:49:28: "GLaDOS<5><BOT><Red>" triggered "kill assist" against "AimBot<9><BOT><Blue>" (assister_position "859 2345 -255") (attacker_position "1032 2220 -253") (victim_position "1022 2268 -253")
L 10/08/2014 - 10:49:29: "Slysdexia<8><[U:1:12012915]><Red>" killed "Dashboard Commando<14><[U:1:197323815]><Blue>" with "wrangler_kill" (attacker_position "2387 2458 -143") (victim_position "889 2279 -255")
L 10/08/2014 - 10:49:29: "GLaDOS<5><BOT><Red>" triggered "kill assist" against "Dashboard Commando<14><[U:1:197323815]><Blue>" (assister_position "834 2528 -252") (attacker_position "2387 2458 -143") (victim_position "889 2279 -255")
L 10/08/2014 - 10:49:39: "=(e)=™ Colonel Panic<11><[U:1:12110320]><Blue>" triggered "player_builtobject" (object "OBJ_DISPENSER") (position "1150 3118 -63")
L 10/08/2014 - 10:49:46: "AmNot<3><BOT><Red>" killed "The Architect<13><[U:1:197287110]><Blue>" with "knife" (customkill "backstab") (attacker_position "1192 1917 -63") (victim_position "1202 1968 -63")
L 10/08/2014 - 10:49:46: "=(e)=™ Colonel Panic<11><[U:1:12110320]><Blue>" triggered "player_builtobject" (object "OBJ_TELEPORTER") (position "1248 3133 -63")
L 10/08/2014 - 10:49:46: "Slysdexia<8><[U:1:12012915]><Red>" killed "HI THERE<4><BOT><Blue>" with "wrangler_kill" (attacker_position "2399 2395 -142") (victim_position "1874 2326 -205")
L 10/08/2014 - 10:49:46: "HI THERE<4><BOT><Blue>" changed role to "demoman"
L 10/08/2014 - 10:49:57: "=(e)=™ Colonel Panic<11><[U:1:12110320]><Blue>" triggered "object_detonated" (object "OBJ_SENTRYGUN") (position "1401 2673 -64")
L 10/08/2014 - 10:49:57: "=(e)=™ Colonel Panic<11><[U:1:12110320]><Blue>" triggered "killedobject" (object "OBJ_SENTRYGUN") (weapon "pda_engineer") (objectowner "=(e)=™ Colonel Panic<11><[U:1:12110320]><Blue>") (attacker_position "1401 2673 -64")
L 10/08/2014 - 10:49:58: "=(e)=™ Colonel Panic<11><[U:1:12110320]><Blue>" triggered "player_builtobject" (object "OBJ_SENTRYGUN") (position "1362 2583 -64")
L 10/08/2014 - 10:50:01: "Slysdexia<8><[U:1:12012915]><Red>" killed "Headful of Eyeballs<6><BOT><Blue>" with "wrangler_kill" (attacker_position "2399 2439 -143") (victim_position "2095 2334 -143")
L 10/08/2014 - 10:50:02: "Slysdexia<8><[U:1:12012915]><Red>" killed "=(e)=™ Colonel Panic<11><[U:1:12110320]><Blue>" with "obj_sentrygun3" (attacker_position "2399 2439 -143") (victim_position "1927 2383 -200")
L 10/08/2014 - 10:50:03: "Aperture Science Prototype XR7<7><BOT><Red>" triggered "killedobject" (object "OBJ_SENTRYGUN") (weapon "tf_projectile_rocket") (objectowner "=(e)=™ Colonel Panic<11><[U:1:12110320]><Blue>") (attacker_position "2161 2133 -191")
L 10/08/2014 - 10:50:06: "GLaDOS<5><BOT><Red>" killed "Dog<2><BOT><Blue>" with "tf_projectile_rocket" (attacker_position "1238 2349 -257") (victim_position "1218 2701 -255")
L 10/08/2014 - 10:50:06: "GutsAndGlory!<10><BOT><Red>" triggered "kill assist" against "Dog<2><BOT><Blue>" (assister_position "1007 2314 -253") (attacker_position "1238 2349 -257") (victim_position "1218 2701 -255")
L 10/08/2014 - 10:50:29: "AmNot<3><BOT><Red>" killed "HI THERE<4><BOT><Blue>" with "knife" (customkill "backstab") (attacker_position "-477 1793 -255") (victim_position "-525 1807 -255")
L 10/08/2014 - 10:50:29: "GLaDOS<5><BOT><Red>" triggered "kill assist" against "HI THERE<4><BOT><Blue>" (assister_position "-772 2242 -258") (attacker_position "-477 1793 -255") (victim_position "-525 1807 -255")
L 10/08/2014 - 10:50:32: "GutsAndGlory!<10><BOT><Red>" triggered "chargedeployed"
L 10/08/2014 - 10:50:32: "Dashboard Commando<14><[U:1:197323815]><Blue>" killed "GLaDOS<5><BOT><Red>" with "minigun" (attacker_position "-637 2343 -401") (victim_position "-708 2212 -414")
L 10/08/2014 - 10:50:32: "AimBot<9><BOT><Blue>" triggered "kill assist" against "GLaDOS<5><BOT><Red>" (assister_position "-589 2095 -415") (attacker_position "-637 2343 -401") (victim_position "-708 2212 -414")
L 10/08/2014 - 10:50:32: "GLaDOS<5><BOT><Red>" changed role to "demoman"
L 10/08/2014 - 10:50:34: "Dashboard Commando<14><[U:1:197323815]><Blue>" triggered "medic_death" against "GutsAndGlory!<10><BOT><Red>" (healing "638") (ubercharge "0")
L 10/08/2014 - 10:50:34: "Dashboard Commando<14><[U:1:197323815]><Blue>" killed "GutsAndGlory!<10><BOT><Red>" with "minigun" (attacker_position "-464 2319 -367") (victim_position "-549 2296 -383")
L 10/08/2014 - 10:50:34: "AimBot<9><BOT><Blue>" triggered "kill assist" against "GutsAndGlory!<10><BOT><Red>" (assister_position "-641 2331 -401") (attacker_position "-464 2319 -367") (victim_position "-549 2296 -383")
L 10/08/2014 - 10:50:35: "AmNot<3><BOT><Red>" triggered "medic_death" against "AimBot<9><BOT><Blue>" (healing "249") (ubercharge "0")
L 10/08/2014 - 10:50:35: "AmNot<3><BOT><Red>" killed "AimBot<9><BOT><Blue>" with "knife" (customkill "backstab") (attacker_position "-681 2344 -407") (victim_position "-633 2343 -400")
L 10/08/2014 - 10:50:50: "=(e)=™ Colonel Panic<11><[U:1:12110320]><Blue>" triggered "player_builtobject" (object "OBJ_SENTRYGUN") (position "1397 2632 -64")
L 10/08/2014 - 10:50:52: "Dog<2><BOT><Blue>" killed "AmNot<3><BOT><Red>" with "pistol_scout" (attacker_position "1014 2217 -63") (victim_position "1355 2287 -257")
L 10/08/2014 - 10:50:52: "The Architect<13><[U:1:197287110]><Blue>" triggered "kill assist" against "AmNot<3><BOT><Red>" (assister_position "1244 2349 -257") (attacker_position "1014 2217 -63") (victim_position "1355 2287 -257")
L 10/08/2014 - 10:50:52: "AmNot<3><BOT><Red>" changed role to "heavyweapons"
L 10/08/2014 - 10:50:54: "Aperture Science Prototype XR7<7><BOT><Red>" triggered "killedobject" (object "OBJ_SENTRYGUN") (weapon "tf_projectile_rocket") (objectowner "=(e)=™ Colonel Panic<11><[U:1:12110320]><Blue>") (attacker_position "2067 2210 -201")
L 10/08/2014 - 10:50:56: "Slysdexia<8><[U:1:12012915]><Red>" killed "Dashboard Commando<14><[U:1:197323815]><Blue>" with "wrangler_kill" (attacker_position "2399 2424 -143") (victim_position "1106 2213 -255")
L 10/08/2014 - 10:50:57: "Slysdexia<8><[U:1:12012915]><Red>" killed "Dog<2><BOT><Blue>" with "wrangler_kill" (attacker_position "2399 2429 -143") (victim_position "1323 2241 -258")
L 10/08/2014 - 10:50:57: "Slysdexia<8><[U:1:12012915]><Red>" killed "The Architect<13><[U:1:197287110]><Blue>" with "wrangler_kill" (attacker_position "2390 2484 -143") (victim_position "1115 2216 -256")
L 10/08/2014 - 10:51:00: "Slysdexia<8><[U:1:12012915]><Red>" killed "=(e)=™ Colonel Panic<11><[U:1:12110320]><Blue>" with "wrangler_kill" (attacker_position "2391 2426 -142") (victim_position "2347 2594 -151")
L 10/08/2014 - 10:51:00: "Koriandrr<12><[U:1:124709690]><Red>" triggered "kill assist" against "=(e)=™ Colonel Panic<11><[U:1:12110320]><Blue>" (assister_position "2299 2651 -159") (attacker_position "2391 2426 -142") (victim_position "2347 2594 -151")
L 10/08/2014 - 10:51:04: "The Architect<13><[U:1:197287110]><Blue>" changed role to "soldier"
L 10/08/2014 - 10:51:05: "GLaDOS<5><BOT><Red>" stuck (position "1437.67 681.99 -108.37") (duration "3.57") L 10/08/2014 - 10:51:05:    path_goal ( "525.00 -312.50 0.03" )
L 10/08/2014 - 10:51:33: "=(e)=™ Colonel Panic<11><[U:1:12110320]><Blue>" triggered "player_builtobject" (object "OBJ_SENTRYGUN") (position "1430 2958 -55")
L 10/08/2014 - 10:51:33: "AmNot<3><BOT><Red>" killed "Headful of Eyeballs<6><BOT><Blue>" with "minigun" (attacker_position "2113 1963 -198") (victim_position "1286 2725 -61")
L 10/08/2014 - 10:51:33: "Aperture Science Prototype XR7<7><BOT><Red>" triggered "kill assist" against "Headful of Eyeballs<6><BOT><Blue>" (assister_position "2083 2265 -197") (attacker_position "2113 1963 -198") (victim_position "1286 2725 -61")
L 10/08/2014 - 10:51:37: "=(e)=™ Colonel Panic<11><[U:1:12110320]><Blue>" killed "Koriandrr<12><[U:1:124709690]><Red>" with "pomson" (attacker_position "1364 2829 -55") (victim_position "1479 2770 -58")
L 10/08/2014 - 10:51:39: "GLaDOS<5><BOT><Red>" killed "Dog<2><BOT><Blue>" with "tf_projectile_pipe_remote" (attacker_position "2085 2251 -196") (victim_position "1532 2470 -160")
L 10/08/2014 - 10:51:42: "=(e)=™ Colonel Panic<11><[U:1:12110320]><Blue>" triggered "object_detonated" (object "OBJ_SENTRYGUN") (position "1452 2718 -59")
L 10/08/2014 - 10:51:42: "=(e)=™ Colonel Panic<11><[U:1:12110320]><Blue>" triggered "killedobject" (object "OBJ_SENTRYGUN") (weapon "pda_engineer") (objectowner "=(e)=™ Colonel Panic<11><[U:1:12110320]><Blue>") (attacker_position "1452 2718 -59")
L 10/08/2014 - 10:51:42: "=(e)=™ Colonel Panic<11><[U:1:12110320]><Blue>" triggered "player_builtobject" (object "OBJ_SENTRYGUN") (position "1487 2698 -60")
L 10/08/2014 - 10:51:51: "Slysdexia<8><[U:1:12012915]><Red>" triggered "captureblocked" (cp "1") (cpname "#Dustbowl_cap_1_B") (position "2390 2416 -140")
L 10/08/2014 - 10:51:51: "Slysdexia<8><[U:1:12012915]><Red>" killed "=(e)=™ Colonel Panic<11><[U:1:12110320]><Blue>" with "obj_sentrygun3" (attacker_position "2390 2416 -140") (victim_position "2386 2464 -143")
L 10/08/2014 - 10:51:51: "GutsAndGlory!<10><BOT><Red>" triggered "kill assist" against "=(e)=™ Colonel Panic<11><[U:1:12110320]><Blue>" (assister_position "1994 2326 -190") (attacker_position "2390 2416 -140") (victim_position "2386 2464 -143")
L 10/08/2014 - 10:51:57: "GutsAndGlory!<10><BOT><Red>" triggered "chargedeployed"
L 10/08/2014 - 10:51:59: "Koriandrr<12><[U:1:124709690]><Red>" changed role to "heavyweapons"
L 10/08/2014 - 10:52:00: "Aperture Science Prototype XR7<7><BOT><Red>" killed "HI THERE<4><BOT><Blue>" with "tf_projectile_rocket" (attacker_position "1685 2728 -118") (victim_position "1708 2653 -63")
L 10/08/2014 - 10:52:00: "GutsAndGlory!<10><BOT><Red>" triggered "kill assist" against "HI THERE<4><BOT><Blue>" (assister_position "1799 2642 -191") (attacker_position "1685 2728 -118") (victim_position "1708 2653 -63")
L 10/08/2014 - 10:52:01: "Aperture Science Prototype XR7<7><BOT><Red>" triggered "killedobject" (object "OBJ_SENTRYGUN") (weapon "tf_projectile_rocket") (objectowner "=(e)=™ Colonel Panic<11><[U:1:12110320]><Blue>") (attacker_position "1698 2699 -127")
L 10/08/2014 - 10:52:01: "GutsAndGlory!<10><BOT><Red>" triggered "killedobject" (object "OBJ_SENTRYGUN") (objectowner "=(e)=™ Colonel Panic<11><[U:1:12110320]><Blue>") (assist "1") (assister_position "1799 2642 -191") (attacker_position "1698 2699 -127")
L 10/08/2014 - 10:52:07: "Aperture Science Prototype XR7<7><BOT><Red>" killed "Dashboard Commando<14><[U:1:197323815]><Blue>" with "tf_projectile_rocket" (attacker_position "1377 2304 -61") (victim_position "1422 2803 -60")
L 10/08/2014 - 10:52:07: "GutsAndGlory!<10><BOT><Red>" triggered "kill assist" against "Dashboard Commando<14><[U:1:197323815]><Blue>" (assister_position "1327 2392 -61") (attacker_position "1377 2304 -61") (victim_position "1422 2803 -60")
L 10/08/2014 - 10:52:11: "AmNot<3><BOT><Red>" killed "Dog<2><BOT><Blue>" with "minigun" (attacker_position "1971 2166 -202") (victim_position "991 2368 -253")
L 10/08/2014 - 10:52:16: "Headful of Eyeballs<6><BOT><Blue>" committed suicide with "tf_projectile_pipe" (attacker_position "568 3039 -63")
L 10/08/2014 - 10:52:23: "AimBot<9><BOT><Blue>" triggered "chargedeployed"
L 10/08/2014 - 10:52:26: "=(e)=™ Colonel Panic<11><[U:1:12110320]><Blue>" triggered "player_builtobject" (object "OBJ_SENTRYGUN") (position "1397 2979 -55")
L 10/08/2014 - 10:52:28: "GutsAndGlory!<10><BOT><Red>" stuck (position "1500.61 2699.40 -60.82") (duration "3.16") L 10/08/2014 - 10:52:28:    path_goal ( "1487.50 2700.00 -63.88" )
L 10/08/2014 - 10:52:28: "GutsAndGlory!<10><BOT><Red>" stuck (position "1518.44 2696.40 -35.51") (duration "3.27") L 10/08/2014 - 10:52:28:    path_goal ( "1518.44 2700.00 -63.93" )
L 10/08/2014 - 10:52:29: "GutsAndGlory!<10><BOT><Red>" stuck (position "1523.15 2719.26 -63.21") (duration "0.11") L 10/08/2014 - 10:52:29:    path_goal ( "1475.00 2719.26 -60.90" )
L 10/08/2014 - 10:52:30: "=(e)=™ Colonel Panic<11><[U:1:12110320]><Blue>" triggered "medic_death" against "GutsAndGlory!<10><BOT><Red>" (healing "1452") (ubercharge "0")
L 10/08/2014 - 10:52:30: "=(e)=™ Colonel Panic<11><[U:1:12110320]><Blue>" killed "GutsAndGlory!<10><BOT><Red>" with "obj_minisentry" (attacker_position "1341 2883 -55") (victim_position "1409 2670 -63")
L 10/08/2014 - 10:52:37: "=(e)=™ Colonel Panic<11><[U:1:12110320]><Blue>" triggered "object_detonated" (object "OBJ_SENTRYGUN") (position "1289 2724 -61")
L 10/08/2014 - 10:52:37: "=(e)=™ Colonel Panic<11><[U:1:12110320]><Blue>" triggered "killedobject" (object "OBJ_SENTRYGUN") (weapon "pda_engineer") (objectowner "=(e)=™ Colonel Panic<11><[U:1:12110320]><Blue>") (attacker_position "1289 2724 -61")
L 10/08/2014 - 10:52:38: "=(e)=™ Colonel Panic<11><[U:1:12110320]><Blue>" triggered "player_builtobject" (object "OBJ_SENTRYGUN") (position "1435 2803 -60")
L 10/08/2014 - 10:52:40: "=(e)=™ Colonel Panic<11><[U:1:12110320]><Blue>" killed "Koriandrr<12><[U:1:124709690]><Red>" with "pomson" (attacker_position "1309 2692 -62") (victim_position "1306 2360 -61")
L 10/08/2014 - 10:52:42: "The Architect<13><[U:1:197287110]><Blue>" killed "Aperture Science Prototype XR7<7><BOT><Red>" with "shotgun_soldier" (attacker_position "744 1560 -183") (victim_position "836 1626 -63")
L 10/08/2014 - 10:52:42: "AimBot<9><BOT><Blue>" triggered "kill assist" against "Aperture Science Prototype XR7<7><BOT><Red>" (assister_position "830 1576 -150") (attacker_position "744 1560 -183") (victim_position "836 1626 -63")
L 10/08/2014 - 10:52:42: "Aperture Science Prototype XR7<7><BOT><Red>" changed role to "engineer"
L 10/08/2014 - 10:52:48: "AmNot<3><BOT><Red>" killed "=(e)=™ Colonel Panic<11><[U:1:12110320]><Blue>" with "minigun" (attacker_position "2166 2771 -159") (victim_position "1960 2608 -191")
L 10/08/2014 - 10:52:53: "AmNot<3><BOT><Red>" killed "HI THERE<4><BOT><Blue>" with "minigun" (attacker_position "2167 2748 -159") (victim_position "1690 2673 -121")
L 10/08/2014 - 10:52:53: "GLaDOS<5><BOT><Red>" triggered "kill assist" against "HI THERE<4><BOT><Blue>" (assister_position "1973 2211 -200") (attacker_position "2167 2748 -159") (victim_position "1690 2673 -121")
L 10/08/2014 - 10:52:59: "Slysdexia<8><[U:1:12012915]><Red>" killed "Dog<2><BOT><Blue>" with "obj_sentrygun3" (attacker_position "2399 2408 -142") (victim_position "869 2383 -225")
L 10/08/2014 - 10:52:59: "GLaDOS<5><BOT><Red>" triggered "kill assist" against "Dog<2><BOT><Blue>" (assister_position "2085 2174 -199") (attacker_position "2399 2408 -142") (victim_position "869 2383 -225")
L 10/08/2014 - 10:52:59: "GLaDOS<5><BOT><Red>" triggered "domination" against "Dog<2><BOT><Blue>" (assist "1")
L 10/08/2014 - 10:53:01: "Slysdexia<8><[U:1:12012915]><Red>" killed "Headful of Eyeballs<6><BOT><Blue>" with "wrangler_kill" (attacker_position "2399 2408 -142") (victim_position "1335 2352 -251")
L 10/08/2014 - 10:53:01: "AmNot<3><BOT><Red>" triggered "killedobject" (object "OBJ_SENTRYGUN") (weapon "minigun") (objectowner "=(e)=™ Colonel Panic<11><[U:1:12110320]><Blue>") (attacker_position "2171 2749 -159")
L 10/08/2014 - 10:53:01: "GutsAndGlory!<10><BOT><Red>" triggered "killedobject" (object "OBJ_SENTRYGUN") (objectowner "=(e)=™ Colonel Panic<11><[U:1:12110320]><Blue>") (assist "1") (assister_position "2254 2783 -159") (attacker_position "2171 2749 -159")
L 10/08/2014 - 10:53:05: "AmNot<3><BOT><Red>" killed "Dashboard Commando<14><[U:1:197323815]><Blue>" with "minigun" (attacker_position "2066 2630 -174") (victim_position "1867 2666 -191")
L 10/08/2014 - 10:53:05: "GutsAndGlory!<10><BOT><Red>" triggered "kill assist" against "Dashboard Commando<14><[U:1:197323815]><Blue>" (assister_position "2007 2608 -191") (attacker_position "2066 2630 -174") (victim_position "1867 2666 -191")
L 10/08/2014 - 10:53:07: "=(e)=™ Colonel Panic<11><[U:1:12110320]><Blue>" changed role to "spy"
L 10/08/2014 - 10:53:14: "The Architect<13><[U:1:197287110]><Blue>" triggered "killedobject" (object "OBJ_SENTRYGUN") (weapon "tf_projectile_rocket") (objectowner "Slysdexia<8><[U:1:12012915]><Red>") (attacker_position "1099 1877 -63")
L 10/08/2014 - 10:53:14: "AimBot<9><BOT><Blue>" triggered "killedobject" (object "OBJ_SENTRYGUN") (objectowner "Slysdexia<8><[U:1:12012915]><Red>") (assist "1") (assister_position "1102 1784 -63") (attacker_position "1099 1877 -63")
L 10/08/2014 - 10:53:19: "Aperture Science Prototype XR7<7><BOT><Red>" triggered "player_builtobject" (object "OBJ_SENTRYGUN") (position "1942 2376 -199")
L 10/08/2014 - 10:53:22: "Slysdexia<8><[U:1:12012915]><Red>" triggered "player_builtobject" (object "OBJ_SENTRYGUN") (position "2229 2597 -151")
L 10/08/2014 - 10:53:23: "Dashboard Commando<14><[U:1:197323815]><Blue>" changed role to "medic"
L 10/08/2014 - 10:53:23: "The Architect<13><[U:1:197287110]><Blue>" triggered "killedobject" (object "OBJ_SENTRYGUN") (weapon "tf_projectile_rocket") (objectowner "Aperture Science Prototype XR7<7><BOT><Red>") (attacker_position "1252 1996 -63")
L 10/08/2014 - 10:53:23: "AimBot<9><BOT><Blue>" triggered "killedobject" (object "OBJ_SENTRYGUN") (objectowner "Aperture Science Prototype XR7<7><BOT><Red>") (assist "1") (assister_position "1191 1752 -63") (attacker_position "1252 1996 -63")
L 10/08/2014 - 10:53:25: "Aperture Science Prototype XR7<7><BOT><Red>" triggered "player_builtobject" (object "OBJ_SENTRYGUN") (position "1676 2408 -206")
L 10/08/2014 - 10:53:33: "Aperture Science Prototype XR7<7><BOT><Red>" killed "=(e)=™ Colonel Panic<11><[U:1:12110320]><Blue>" with "obj_sentrygun" (customkill "feign_death") (attacker_position "1752 2473 -201") (victim_position "1099 2292 -254")
L 10/08/2014 - 10:53:41: "Aperture Science Prototype XR7<7><BOT><Red>" killed "=(e)=™ Colonel Panic<11><[U:1:12110320]><Blue>" with "obj_sentrygun" (attacker_position "1077 2333 -253") (victim_position "2522 1978 -192")
L 10/08/2014 - 10:53:41: "GLaDOS<5><BOT><Red>" triggered "kill assist" against "=(e)=™ Colonel Panic<11><[U:1:12110320]><Blue>" (assister_position "2085 2187 -199") (attacker_position "1077 2333 -253") (victim_position "2522 1978 -192")
L 10/08/2014 - 10:53:45: "AmNot<3><BOT><Red>" killed "Dog<2><BOT><Blue>" with "minigun" (attacker_position "2171 2711 -159") (victim_position "1730 2692 -148")
L 10/08/2014 - 10:53:45: "GutsAndGlory!<10><BOT><Red>" triggered "kill assist" against "Dog<2><BOT><Blue>" (assister_position "2230 2554 -143") (attacker_position "2171 2711 -159") (victim_position "1730 2692 -148")
L 10/08/2014 - 10:53:49: "Aperture Science Prototype XR7<7><BOT><Red>" killed "Headful of Eyeballs<6><BOT><Blue>" with "obj_sentrygun" (attacker_position "230 2502 -255") (victim_position "1239 2137 -63")
L 10/08/2014 - 10:53:50: "HI THERE<4><BOT><Blue>" killed "Aperture Science Prototype XR7<7><BOT><Red>" with "tf_projectile_pipe" (attacker_position "914 2452 -250") (victim_position "-15 2488 -255")
L 10/08/2014 - 10:53:51: "Aperture Science Prototype XR7<7><BOT><Red>" killed "HI THERE<4><BOT><Blue>" with "obj_sentrygun" (attacker_position "-15 2488 -167") (victim_position "889 2389 -253")
L 10/08/2014 - 10:53:55: "=(e)=™ Colonel Panic<11><[U:1:12110320]><Blue>" changed role to "demoman"
L 10/08/2014 - 10:53:56: "Slysdexia<8><[U:1:12012915]><Red>" triggered "player_carryobject" (object "OBJ_DISPENSER") (position "2286 2563 -143")
L 10/08/2014 - 10:53:56: "Slysdexia<8><[U:1:12012915]><Red>" triggered "player_dropobject" (object "OBJ_DISPENSER") (position "2268 2598 -151")
L 10/08/2014 - 10:53:56: "Slysdexia<8><[U:1:12012915]><Red>" triggered "player_builtobject" (object "OBJ_DISPENSER") (position "2268 2598 -151")
L 10/08/2014 - 10:53:57: "Slysdexia<8><[U:1:12012915]><Red>" triggered "player_carryobject" (object "OBJ_SENTRYGUN") (position "2255 2579 -143")
L 10/08/2014 - 10:54:01: "Slysdexia<8><[U:1:12012915]><Red>" triggered "player_dropobject" (object "OBJ_SENTRYGUN") (position "2343 2680 -159")
L 10/08/2014 - 10:54:01: "Slysdexia<8><[U:1:12012915]><Red>" triggered "player_builtobject" (object "OBJ_SENTRYGUN") (position "2343 2680 -159")
L 10/08/2014 - 10:54:12: "AimBot<9><BOT><Blue>" triggered "chargedeployed"
L 10/08/2014 - 10:54:25: "Koriandrr<12><[U:1:124709690]><Red>" killed "=(e)=™ Colonel Panic<11><[U:1:12110320]><Blue>" with "minigun" (attacker_position "1358 2624 -64") (victim_position "1031 1562 -63")
L 10/08/2014 - 10:54:25: "AmNot<3><BOT><Red>" triggered "kill assist" against "=(e)=™ Colonel Panic<11><[U:1:12110320]><Blue>" (assister_position "2137 2409 -143") (attacker_position "1358 2624 -64") (victim_position "1031 1562 -63")
L 10/08/2014 - 10:54:27: "Aperture Science Prototype XR7<7><BOT><Red>" killed "The Architect<13><[U:1:197287110]><Blue>" with "obj_sentrygun" (attacker_position "1807 2452 -205") (victim_position "1418 2383 -242")
L 10/08/2014 - 10:54:27: "AmNot<3><BOT><Red>" triggered "kill assist" against "The Architect<13><[U:1:197287110]><Blue>" (assister_position "2144 2347 -143") (attacker_position "1807 2452 -205") (victim_position "1418 2383 -242")
L 10/08/2014 - 10:54:27: "Koriandrr<12><[U:1:124709690]><Red>" triggered "medic_death" against "Dashboard Commando<14><[U:1:197323815]><Blue>" (healing "0") (ubercharge "0")
L 10/08/2014 - 10:54:27: "Koriandrr<12><[U:1:124709690]><Red>" killed "Dashboard Commando<14><[U:1:197323815]><Blue>" with "minigun" (attacker_position "1324 2541 -64") (victim_position "1106 1978 -63")
L 10/08/2014 - 10:54:28: "GLaDOS<5><BOT><Red>" triggered "medic_death" against "AimBot<9><BOT><Blue>" (healing "1700") (ubercharge "0")
L 10/08/2014 - 10:54:28: "GLaDOS<5><BOT><Red>" killed "AimBot<9><BOT><Blue>" with "tf_projectile_pipe" (attacker_position "2085 2185 -199") (victim_position "1274 2469 -262")
L 10/08/2014 - 10:54:28: "Aperture Science Prototype XR7<7><BOT><Red>" triggered "kill assist" against "AimBot<9><BOT><Blue>" (assister_position "1750 2437 -206") (attacker_position "2085 2185 -199") (victim_position "1274 2469 -262")
L 10/08/2014 - 10:54:28: "AimBot<9><BOT><Blue>" changed role to "spy"
L 10/08/2014 - 10:54:28: "Slysdexia<8><[U:1:12012915]><Red>" killed "Dog<2><BOT><Blue>" with "frontier_justice" (attacker_position "2341 2652 -159") (victim_position "1801 2702 -191")
L 10/08/2014 - 10:54:33: "Slysdexia<8><[U:1:12012915]><Red>" killed "Headful of Eyeballs<6><BOT><Blue>" with "obj_sentrygun3" (attacker_position "2240 2681 -159") (victim_position "1736 2688 -152")
L 10/08/2014 - 10:54:33: "Koriandrr<12><[U:1:124709690]><Red>" triggered "kill assist" against "Headful of Eyeballs<6><BOT><Blue>" (assister_position "1410 2537 -62") (attacker_position "2240 2681 -159") (victim_position "1736 2688 -152")
L 10/08/2014 - 10:54:33: "Koriandrr<12><[U:1:124709690]><Red>" triggered "domination" against "Headful of Eyeballs<6><BOT><Blue>" (assist "1")
L 10/08/2014 - 10:54:38: "Slysdexia<8><[U:1:12012915]><Red>" triggered "player_carryobject" (object "OBJ_SENTRYGUN") (position "2368 2669 -159")
L 10/08/2014 - 10:54:41: "Koriandrr<12><[U:1:124709690]><Red>" killed "HI THERE<4><BOT><Blue>" with "minigun" (attacker_position "1442 2692 -60") (victim_position "1513 2728 -61")
L 10/08/2014 - 10:54:41: "Slysdexia<8><[U:1:12012915]><Red>" triggered "player_dropobject" (object "OBJ_SENTRYGUN") (position "2394 2509 -143")
L 10/08/2014 - 10:54:41: "Slysdexia<8><[U:1:12012915]><Red>" triggered "player_builtobject" (object "OBJ_SENTRYGUN") (position "2394 2509 -143")
L 10/08/2014 - 10:54:55: "Aperture Science Prototype XR7<7><BOT><Red>" triggered "player_builtobject" (object "OBJ_DISPENSER") (position "1689 2434 -206")
L 10/08/2014 - 10:55:00: "Aperture Science Prototype XR7<7><BOT><Red>" killed "Dog<2><BOT><Blue>" with "obj_sentrygun2" (attacker_position "1700 2355 -204") (victim_position "1410 2330 -246")
L 10/08/2014 - 10:55:00: "Slysdexia<8><[U:1:12012915]><Red>" triggered "kill assist" against "Dog<2><BOT><Blue>" (assister_position "2399 2410 -143") (attacker_position "1700 2355 -204") (victim_position "1410 2330 -246")
L 10/08/2014 - 10:55:00: "Slysdexia<8><[U:1:12012915]><Red>" triggered "domination" against "Dog<2><BOT><Blue>" (assist "1")
L 10/08/2014 - 10:55:06: "AimBot<9><BOT><Blue>" triggered "player_builtobject" (object "OBJ_ATTACHMENT_SAPPER") (position "1627 2277 -200")
L 10/08/2014 - 10:55:08: "AimBot<9><BOT><Blue>" triggered "player_builtobject" (object "OBJ_ATTACHMENT_SAPPER") (position "1831 2403 -206")
L 10/08/2014 - 10:55:08: "Aperture Science Prototype XR7<7><BOT><Red>" triggered "killedobject" (object "OBJ_ATTACHMENT_SAPPER") (weapon "wrench") (objectowner "AimBot<9><BOT><Blue>") (attacker_position "1676 2371 -205")
L 10/08/2014 - 10:55:09: "AmNot<3><BOT><Red>" killed "AimBot<9><BOT><Blue>" with "minigun" (attacker_position "1976 2506 -193") (victim_position "2000 2432 -185")
L 10/08/2014 - 10:55:09: "GutsAndGlory!<10><BOT><Red>" triggered "kill assist" against "AimBot<9><BOT><Blue>" (assister_position "1880 2560 -191") (attacker_position "1976 2506 -193") (victim_position "2000 2432 -185")
L 10/08/2014 - 10:55:11: "Aperture Science Prototype XR7<7><BOT><Red>" killed "The Architect<13><[U:1:197287110]><Blue>" with "obj_sentrygun2" (attacker_position "1715 2452 -205") (victim_position "1193 2072 -63")
L 10/08/2014 - 10:55:11: "Koriandrr<12><[U:1:124709690]><Red>" triggered "kill assist" against "The Architect<13><[U:1:197287110]><Blue>" (assister_position "1257 2693 -62") (attacker_position "1715 2452 -205") (victim_position "1193 2072 -63")
L 10/08/2014 - 10:55:11: "Aperture Science Prototype XR7<7><BOT><Red>" triggered "killedobject" (object "OBJ_ATTACHMENT_SAPPER") (weapon "wrench") (objectowner "AimBot<9><BOT><Blue>") (attacker_position "1715 2452 -205")
L 10/08/2014 - 10:55:11: "The Architect<13><[U:1:197287110]><Blue>" killed "Koriandrr<12><[U:1:124709690]><Red>" with "tf_projectile_rocket" (attacker_position "1193 2072 -49") (victim_position "1256 2699 -61")
L 10/08/2014 - 10:55:11: "=(e)=™ Colonel Panic<11><[U:1:12110320]><Blue>" triggered "kill assist" against "Koriandrr<12><[U:1:124709690]><Red>" (assister_position "989 1984 -255") (attacker_position "1193 2072 -49") (victim_position "1256 2699 -61")
L 10/08/2014 - 10:55:21: "=(e)=™ Colonel Panic<11><[U:1:12110320]><Blue>" killed "GLaDOS<5><BOT><Red>" with "tf_projectile_pipe_remote" (attacker_position "1209 1949 -63") (victim_position "2052 2362 -159")
L 10/08/2014 - 10:55:21: "GLaDOS<5><BOT><Red>" changed role to "sniper"
L 10/08/2014 - 10:55:23: "Headful of Eyeballs<6><BOT><Blue>" triggered "medic_death" against "GutsAndGlory!<10><BOT><Red>" (healing "2313") (ubercharge "1")
L 10/08/2014 - 10:55:23: "Headful of Eyeballs<6><BOT><Blue>" killed "GutsAndGlory!<10><BOT><Red>" with "tf_projectile_pipe" (attacker_position "1911 2490 -199") (victim_position "1959 2515 -193")
L 10/08/2014 - 10:55:23: "=(e)=™ Colonel Panic<11><[U:1:12110320]><Blue>" triggered "kill assist" against "GutsAndGlory!<10><BOT><Red>" (assister_position "1227 1933 -63") (attacker_position "1911 2490 -199") (victim_position "1959 2515 -193")
L 10/08/2014 - 10:55:24: "Aperture Science Prototype XR7<7><BOT><Red>" killed "Headful of Eyeballs<6><BOT><Blue>" with "obj_sentrygun3" (attacker_position "1701 2368 -205") (victim_position "2029 2405 -172")
L 10/08/2014 - 10:55:29: "Splunk Ninja<15><[U:1:197422767]><>" connected, address "192.168.1.115:27005"
L 10/08/2014 - 10:55:30: "Splunk Ninja<15><[U:1:197422767]><>" STEAM USERID validated
L 10/08/2014 - 10:55:30: "AmNot<3><BOT><Red>" stuck (position "1772.28 2444.89 -206.24") (duration "4.41") L 10/08/2014 - 10:55:30:    path_goal ( "NULL" )
L 10/08/2014 - 10:55:31: "AmNot<3><BOT><Red>" stuck (position "1764.38 2437.01 -180.93") (duration "4.52") L 10/08/2014 - 10:55:31:    path_goal ( "NULL" )
L 10/08/2014 - 10:55:33: "HI THERE<4><BOT><Blue>" killed "Slysdexia<8><[U:1:12012915]><Red>" with "tf_projectile_pipe" (attacker_position "2154 2376 -143") (victim_position "2367 2504 -143")
L 10/08/2014 - 10:55:33: "Aperture Science Prototype XR7<7><BOT><Red>" triggered "captureblocked" (cp "1") (cpname "#Dustbowl_cap_1_B") (position "1721 2364 -205")
L 10/08/2014 - 10:55:33: "Aperture Science Prototype XR7<7><BOT><Red>" killed "HI THERE<4><BOT><Blue>" with "obj_sentrygun3" (attacker_position "1721 2364 -205") (victim_position "2175 2375 -136")
L 10/08/2014 - 10:55:34: "Splunk Ninja<15><[U:1:197422767]><>" entered the game
L 10/08/2014 - 10:55:36: "Aperture Science Prototype XR7<7><BOT><Red>" killed "=(e)=™ Colonel Panic<11><[U:1:12110320]><Blue>" with "obj_sentrygun3" (attacker_position "1744 2369 -205") (victim_position "934 2330 -255")
L 10/08/2014 - 10:55:36: "AmNot<3><BOT><Red>" triggered "kill assist" against "=(e)=™ Colonel Panic<11><[U:1:12110320]><Blue>" (assister_position "1926 2404 -201") (attacker_position "1744 2369 -205") (victim_position "934 2330 -255")
L 10/08/2014 - 10:55:36: "AmNot<3><BOT><Red>" triggered "domination" against "=(e)=™ Colonel Panic<11><[U:1:12110320]><Blue>" (assist "1")
L 10/08/2014 - 10:55:38: "The Architect<13><[U:1:197287110]><Blue>" disconnected (reason "Disconnect by user.")
L 10/08/2014 - 10:55:39: "Aperture Science Prototype XR7<7><BOT><Red>" killed "Dog<2><BOT><Blue>" with "obj_sentrygun3" (attacker_position "1705 2360 -205") (victim_position "2092 2394 -143")
L 10/08/2014 - 10:55:39: "Slysdexia<8><[U:1:12012915]><Red>" triggered "kill assist" against "Dog<2><BOT><Blue>" (assister_position "1544 2184 114") (attacker_position "1705 2360 -205") (victim_position "2092 2394 -143")
L 10/08/2014 - 10:55:43: "Splunk Ninja<15><[U:1:197422767]><Unassigned>" joined team "Blue"
L 10/08/2014 - 10:55:45: "AmNot<3><BOT><Red>" stuck (position "2210.88 2574.66 -143.97") (duration "4.42") L 10/08/2014 - 10:55:45:    path_goal ( "NULL" )
L 10/08/2014 - 10:55:45: "AmNot<3><BOT><Red>" stuck (position "2218.19 2595.24 -118.66") (duration "4.53") L 10/08/2014 - 10:55:45:    path_goal ( "NULL" )
L 10/08/2014 - 10:55:49: "GutsAndGlory!<10><BOT><Red>" stuck (position "2464.40 1417.59 -225.97") (duration "3.17") L 10/08/2014 - 10:55:49:    path_goal ( "NULL" )
L 10/08/2014 - 10:55:49: "GutsAndGlory!<10><BOT><Red>" stuck (position "2454.57 1405.06 -200.66") (duration "3.27") L 10/08/2014 - 10:55:49:    path_goal ( "NULL" )
L 10/08/2014 - 10:55:49: "AmNot<3><BOT><Red>" stuck (position "2218.07 2583.07 -143.97") (duration "4.42") L 10/08/2014 - 10:55:49:    path_goal ( "NULL" )
L 10/08/2014 - 10:55:49: "AmNot<3><BOT><Red>" stuck (position "2212.61 2565.60 -118.66") (duration "4.53") L 10/08/2014 - 10:55:49:    path_goal ( "NULL" )
L 10/08/2014 - 10:55:50: "GutsAndGlory!<10><BOT><Red>" stuck (position "2412.86 1416.71 -225.97") (duration "4.32") L 10/08/2014 - 10:55:50:    path_goal ( "NULL" )
L 10/08/2014 - 10:55:50: "Splunk Ninja<15><[U:1:197422767]><Blue>" changed role to "heavyweapons"
L 10/08/2014 - 10:55:51: "GutsAndGlory!<10><BOT><Red>" stuck (position "2437.16 1417.31 -225.97") (duration "5.37") L 10/08/2014 - 10:55:51:    path_goal ( "NULL" )
L 10/08/2014 - 10:55:52: "GutsAndGlory!<10><BOT><Red>" stuck (position "2442.56 1413.32 -225.97") (duration "6.42") L 10/08/2014 - 10:55:52:    path_goal ( "NULL" )
L 10/08/2014 - 10:55:52: "AimBot<9><BOT><Blue>" triggered "player_builtobject" (object "OBJ_ATTACHMENT_SAPPER") (position "1583 2315 -205")
L 10/08/2014 - 10:55:53: "GutsAndGlory!<10><BOT><Red>" stuck (position "2434.47 1415.18 -225.97") (duration "7.47") L 10/08/2014 - 10:55:53:    path_goal ( "NULL" )
L 10/08/2014 - 10:55:54: "GutsAndGlory!<10><BOT><Red>" stuck (position "2440.12 1411.77 -225.97") (duration "8.52") L 10/08/2014 - 10:55:54:    path_goal ( "2434.29 1250.00 -223.97" )
L 10/08/2014 - 10:55:55: "GutsAndGlory!<10><BOT><Red>" stuck (position "2456.68 1309.64 -225.97") (duration "9.59") L 10/08/2014 - 10:55:55:    path_goal ( "2434.29 1250.00 -223.97" )
L 10/08/2014 - 10:55:55: "Aperture Science Prototype XR7<7><BOT><Red>" triggered "killedobject" (object "OBJ_ATTACHMENT_SAPPER") (weapon "wrench") (objectowner "AimBot<9><BOT><Blue>") (attacker_position "1724 2385 -206")
L 10/08/2014 - 10:55:55: "AmNot<3><BOT><Red>" killed "AimBot<9><BOT><Blue>" with "minigun" (attacker_position "2059 2264 -200") (victim_position "1110 2289 -254")
L 10/08/2014 - 10:55:55: "Slysdexia<8><[U:1:12012915]><Red>" triggered "kill assist" against "AimBot<9><BOT><Blue>" (assister_position "2490 1247 -223") (attacker_position "2059 2264 -200") (victim_position "1110 2289 -254")
L 10/08/2014 - 10:55:55: "AmNot<3><BOT><Red>" triggered "domination" against "AimBot<9><BOT><Blue>"
L 10/08/2014 - 10:56:05: World triggered "Mini_Round_Win" (winner "Red") (round "round_1")
L 10/08/2014 - 10:56:05: World triggered "Mini_Round_Length" (seconds "600.03")
L 10/08/2014 - 10:56:05: World triggered "Round_Win" (winner "Red")
L 10/08/2014 - 10:56:05: Team "Red" current score "0" with "6" players
L 10/08/2014 - 10:56:05: Team "Blue" current score "1" with "7" players
L 10/08/2014 - 10:56:10: "Slysdexia<8><[U:1:12012915]><Red>" killed "=(e)=™ Colonel Panic<11><[U:1:12110320]><Blue>" with "frontier_justice" (attacker_position "156 2553 -255") (victim_position "151 2669 -255")
L 10/08/2014 - 10:56:10: "Slysdexia<8><[U:1:12012915]><Red>" triggered "domination" against "=(e)=™ Colonel Panic<11><[U:1:12110320]><Blue>"
L 10/08/2014 - 10:56:18: "=(e)=™ Colonel Panic<11><[U:1:12110320]><Blue>" changed role to "engineer"
L 10/08/2014 - 10:56:19: "Aperture Science Prototype XR7<7><BOT><Red>" killed "Dog<2><BOT><Blue>" with "shotgun_primary" (attacker_position "-1811 2301 -440") (victim_position "-2339 2395 -445")
L 10/08/2014 - 10:56:19: "Koriandrr<12><[U:1:124709690]><Red>" triggered "kill assist" against "Dog<2><BOT><Blue>" (assister_position "-1311 2344 -429") (attacker_position "-1811 2301 -440") (victim_position "-2339 2395 -445")
L 10/08/2014 - 10:56:19: "Aperture Science Prototype XR7<7><BOT><Red>" triggered "domination" against "Dog<2><BOT><Blue>"
L 10/08/2014 - 10:56:19: "GLaDOS<5><BOT><Red>" killed "Headful of Eyeballs<6><BOT><Blue>" with "smg" (attacker_position "1781 2725 -182") (victim_position "1370 2677 -63")
L 10/08/2014 - 10:56:20: World triggered "Game_Over" reason "Reached Time Limit"
L 10/08/2014 - 10:56:20: Team "Red" final score "0" with "6" players
L 10/08/2014 - 10:56:20: Team "Blue" final score "1" with "7" players
L 10/08/2014 - 10:56:23: "GutsAndGlory!<10><BOT><Red>" stuck (position "-1625.49 1720.03 -255.97") (duration "3.15") L 10/08/2014 - 10:56:23:    path_goal ( "-1625.00 2000.00 -243.94" )
L 10/08/2014 - 10:56:23: "GutsAndGlory!<10><BOT><Red>" stuck (position "-1625.49 1720.03 -255.97") (duration "3.26") L 10/08/2014 - 10:56:23:    path_goal ( "-1625.00 2000.00 -243.94" )
L 10/08/2014 - 10:56:24: "Aperture Science Prototype XR7<7><BOT><Red>" stuck (position "-1427.58 2315.55 -430.32") (duration "3.36") L 10/08/2014 - 10:56:24:    path_goal ( "-1325.00 2300.00 -429.32" )
L 10/08/2014 - 10:56:24: "Aperture Science Prototype XR7<7><BOT><Red>" stuck (position "-1427.58 2315.55 -430.32") (duration "3.47") L 10/08/2014 - 10:56:24:    path_goal ( "-1325.00 2300.00 -429.32" )
L 10/08/2014 - 10:56:24: "GLaDOS<5><BOT><Red>" stuck (position "1590.47 2703.65 -63.97") (duration "3.36") L 10/08/2014 - 10:56:24:    path_goal ( "1775.00 2703.65 -191.97" )
L 10/08/2014 - 10:56:24: "GLaDOS<5><BOT><Red>" stuck (position "1590.47 2703.65 -63.97") (duration "3.46") L 10/08/2014 - 10:56:24:    path_goal ( "1775.00 2703.65 -191.97" )
L 10/08/2014 - 10:56:24: "HI THERE<4><BOT><Blue>" stuck (position "1118.47 3218.32 -63.97") (duration "3.57") L 10/08/2014 - 10:56:24:    path_goal ( "1400.00 3075.00 -63.97" )
L 10/08/2014 - 10:56:25: "GutsAndGlory!<10><BOT><Red>" stuck (position "-1625.49 1720.03 -255.97") (duration "4.30") L 10/08/2014 - 10:56:25:    path_goal ( "-1625.00 2000.00 -243.94" )
L 10/08/2014 - 10:56:25: "AmNot<3><BOT><Red>" stuck (position "-464.04 2198.41 -415.97") (duration "4.41") L 10/08/2014 - 10:56:25:    path_goal ( "-200.00 2125.00 -414.34" )
L 10/08/2014 - 10:56:25: "Aperture Science Prototype XR7<7><BOT><Red>" stuck (position "-1427.58 2315.55 -430.32") (duration "4.52") L 10/08/2014 - 10:56:25:    path_goal ( "-1325.00 2300.00 -429.32" )
L 10/08/2014 - 10:56:25: "GLaDOS<5><BOT><Red>" stuck (position "1590.47 2703.65 -63.97") (duration "4.51") L 10/08/2014 - 10:56:25:    path_goal ( "1775.00 2703.65 -191.97" )
L 10/08/2014 - 10:56:26: "GutsAndGlory!<10><BOT><Red>" stuck (position "-1625.49 1720.03 -255.97") (duration "5.35") L 10/08/2014 - 10:56:26:    path_goal ( "-1625.00 2000.00 -243.94" )
L 10/08/2014 - 10:56:26: "Aperture Science Prototype XR7<7><BOT><Red>" stuck (position "-1427.58 2315.55 -430.32") (duration "5.57") L 10/08/2014 - 10:56:26:    path_goal ( "-1325.00 2300.00 -429.32" )
L 10/08/2014 - 10:56:26: "GLaDOS<5><BOT><Red>" stuck (position "1590.47 2703.65 -63.97") (duration "5.57") L 10/08/2014 - 10:56:26:    path_goal ( "1775.00 2703.65 -191.97" )
L 10/08/2014 - 10:56:27: "GutsAndGlory!<10><BOT><Red>" stuck (position "-1625.49 1720.03 -255.97") (duration "6.40") L 10/08/2014 - 10:56:27:    path_goal ( "-1625.00 2000.00 -243.94" )
L 10/08/2014 - 10:56:27: "Aperture Science Prototype XR7<7><BOT><Red>" stuck (position "-1427.58 2315.55 -430.32") (duration "6.62") L 10/08/2014 - 10:56:27:    path_goal ( "-1325.00 2300.00 -429.32" )
L 10/08/2014 - 10:56:27: "GLaDOS<5><BOT><Red>" stuck (position "1590.47 2703.65 -63.97") (duration "6.61") L 10/08/2014 - 10:56:27:    path_goal ( "1775.00 2703.65 -191.97" )
L 10/08/2014 - 10:56:28: "HI THERE<4><BOT><Blue>" stuck (position "1118.47 3218.32 -63.97") (duration "3.57") L 10/08/2014 - 10:56:28:    path_goal ( "1400.00 3075.00 -63.97" )
L 10/08/2014 - 10:56:28: "GutsAndGlory!<10><BOT><Red>" stuck (position "-1625.49 1720.03 -255.97") (duration "7.46") L 10/08/2014 - 10:56:28:    path_goal ( "-1625.00 2000.00 -243.94" )
L 10/08/2014 - 10:56:28: "Aperture Science Prototype XR7<7><BOT><Red>" stuck (position "-1427.58 2315.55 -430.32") (duration "7.67") L 10/08/2014 - 10:56:28:    path_goal ( "-1325.00 2300.00 -429.32" )
L 10/08/2014 - 10:56:28: "GLaDOS<5><BOT><Red>" stuck (position "1590.47 2703.65 -63.97") (duration "7.66") L 10/08/2014 - 10:56:28:    path_goal ( "1775.00 2703.65 -191.97" )
L 10/08/2014 - 10:56:29: "GutsAndGlory!<10><BOT><Red>" stuck (position "-1625.49 1720.03 -255.97") (duration "8.51") L 10/08/2014 - 10:56:29:    path_goal ( "-1625.00 2000.00 -243.94" )
L 10/08/2014 - 10:56:29: "Aperture Science Prototype XR7<7><BOT><Red>" stuck (position "-1427.58 2315.55 -430.32") (duration "8.72") L 10/08/2014 - 10:56:29:    path_goal ( "-1325.00 2300.00 -429.32" )
L 10/08/2014 - 10:56:29: "GLaDOS<5><BOT><Red>" stuck (position "1590.47 2703.65 -63.97") (duration "8.71") L 10/08/2014 - 10:56:29:    path_goal ( "1775.00 2703.65 -191.97" )
L 10/08/2014 - 10:56:29: "AmNot<3><BOT><Red>" stuck (position "-464.04 2198.41 -415.97") (duration "4.41") L 10/08/2014 - 10:56:29:    path_goal ( "-200.00 2125.00 -414.34" )
L 10/08/2014 - 10:56:30: "GutsAndGlory!<10><BOT><Red>" stuck (position "-1625.49 1720.03 -255.97") (duration "9.55") L 10/08/2014 - 10:56:30:    path_goal ( "-1625.00 2000.00 -243.94" )
L 10/08/2014 - 10:56:30: "Aperture Science Prototype XR7<7><BOT><Red>" stuck (position "-1427.58 2315.55 -430.32") (duration "9.77") L 10/08/2014 - 10:56:30:    path_goal ( "-1325.00 2300.00 -429.32" )
L 10/08/2014 - 10:56:30: Loading map "ctf_2fort"
L 10/08/2014 - 10:56:30: server cvars start
L 10/08/2014 - 10:56:30: "tf_playergib" = "1"
L 10/08/2014 - 10:56:30: "tf_allow_player_use" = "0"
L 10/08/2014 - 10:56:30: "tf_mvm_death_penalty" = "0"
L 10/08/2014 - 10:56:30: "sv_maxusrcmdprocessticks" = "24"
L 10/08/2014 - 10:56:30: "mp_teamplay" = "0"
L 10/08/2014 - 10:56:30: "mp_falldamage" = "0"
L 10/08/2014 - 10:56:30: "mp_weaponstay" = "0"
L 10/08/2014 - 10:56:30: "mp_forcerespawn" = "1"
L 10/08/2014 - 10:56:30: "mp_footsteps" = "1"
L 10/08/2014 - 10:56:30: "mp_flashlight" = "0"
L 10/08/2014 - 10:56:30: "mp_autocrosshair" = "1"
L 10/08/2014 - 10:56:30: "decalfrequency" = "10"
L 10/08/2014 - 10:56:30: "mp_teamlist" = "hgrunt;scientist"
L 10/08/2014 - 10:56:30: "mp_allowNPCs" = "1"
L 10/08/2014 - 10:56:30: "sv_alltalk" = "0"
L 10/08/2014 - 10:56:30: "tf_weapon_criticals" = "1"
L 10/08/2014 - 10:56:30: "tf_damage_disablespread" = "0"
L 10/08/2014 - 10:56:30: "tf_player_name_change_time" = "60"
L 10/08/2014 - 10:56:30: "tf_force_holidays_off" = "0"
L 10/08/2014 - 10:56:30: "tf_birthday" = "0"
L 10/08/2014 - 10:56:30: "mp_tournament_stopwatch" = "1"
L 10/08/2014 - 10:56:30: "mp_windifference" = "0"
L 10/08/2014 - 10:56:30: "mp_windifference_min" = "0"
L 10/08/2014 - 10:56:30: "tf_medieval" = "0"
L 10/08/2014 - 10:56:30: "tf_medieval_autorp" = "1"
L 10/08/2014 - 10:56:30: "tf_arena_force_class" = "0"
L 10/08/2014 - 10:56:30: "tf_arena_change_limit" = "1"
L 10/08/2014 - 10:56:30: "tf_arena_override_cap_enable_time" = "-1"
L 10/08/2014 - 10:56:30: "tf_arena_first_blood" = "1"
L 10/08/2014 - 10:56:30: "tf_mvm_min_players_to_start" = "3"
L 10/08/2014 - 10:56:30: "tf_gamemode_arena" = "0"
L 10/08/2014 - 10:56:30: "tf_gamemode_cp" = "1"
L 10/08/2014 - 10:56:30: "tf_gamemode_ctf" = "0"
L 10/08/2014 - 10:56:30: "tf_gamemode_sd" = "0"
L 10/08/2014 - 10:56:30: "tf_gamemode_rd" = "0"
L 10/08/2014 - 10:56:30: "tf_beta_content" = "0"
L 10/08/2014 - 10:56:30: "tf_gamemode_payload" = "0"
L 10/08/2014 - 10:56:30: "tf_gamemode_mvm" = "0"
L 10/08/2014 - 10:56:30: "tf_bot_count" = "8"
L 10/08/2014 - 10:56:30: "tf_teamtalk" = "1"
L 10/08/2014 - 10:56:30: "tf_ctf_bonus_time" = "10"
L 10/08/2014 - 10:56:30: "tf_maxspeed" = "400"
L 10/08/2014 - 10:56:30: "tf_max_charge_speed" = "750"
L 10/08/2014 - 10:56:30: "tf_use_fixed_weaponspreads" = "0"
L 10/08/2014 - 10:56:30: "tf_overtime_nag" = "0"
L 10/08/2014 - 10:56:30: "mp_respawnwavetime" = "10.0"
L 10/08/2014 - 10:56:30: "mp_tournament" = "0"
L 10/08/2014 - 10:56:30: "mp_highlander" = "0"
L 10/08/2014 - 10:56:30: "tf_arena_preround_time" = "10"
L 10/08/2014 - 10:56:30: "tf_arena_round_time" = "0"
L 10/08/2014 - 10:56:30: "tf_arena_max_streak" = "3"
L 10/08/2014 - 10:56:30: "tf_arena_use_queue" = "1"
L 10/08/2014 - 10:56:30: "mp_maxrounds" = "0"
L 10/08/2014 - 10:56:30: "mp_winlimit" = "0"
L 10/08/2014 - 10:56:30: "mp_disable_respawn_times" = "0"
L 10/08/2014 - 10:56:30: "mp_stalemate_meleeonly" = "0"
L 10/08/2014 - 10:56:30: "mp_forceautoteam" = "0"
L 10/08/2014 - 10:56:30: "mp_autoteambalance" = "1"
L 10/08/2014 - 10:56:30: "mp_stalemate_enable" = "0"
L 10/08/2014 - 10:56:30: "mp_match_end_at_timelimit" = "0"
L 10/08/2014 - 10:56:30: "mp_holiday_nogifts" = "0"
L 10/08/2014 - 10:56:30: "mp_scrambleteams_auto" = "1"
L 10/08/2014 - 10:56:30: "mp_scrambleteams_auto_windifference" = "2"
L 10/08/2014 - 10:56:30: "mp_timelimit" = "15"
L 10/08/2014 - 10:56:30: "mp_fraglimit" = "0"
L 10/08/2014 - 10:56:30: "nextlevel" = ""
L 10/08/2014 - 10:56:30: "sv_gravity" = "800"
L 10/08/2014 - 10:56:30: "sv_stopspeed" = "100"
L 10/08/2014 - 10:56:30: "sv_noclipaccelerate" = "5"
L 10/08/2014 - 10:56:30: "sv_noclipspeed" = "5"
L 10/08/2014 - 10:56:30: "sv_specaccelerate" = "5"
L 10/08/2014 - 10:56:30: "sv_specspeed" = "3"
L 10/08/2014 - 10:56:30: "sv_specnoclip" = "1"
L 10/08/2014 - 10:56:30: "sv_maxspeed" = "320"
L 10/08/2014 - 10:56:30: "sv_accelerate" = "10"
L 10/08/2014 - 10:56:30: "sv_airaccelerate" = "10"
L 10/08/2014 - 10:56:30: "sv_wateraccelerate" = "10"
L 10/08/2014 - 10:56:30: "sv_waterfriction" = "1"
L 10/08/2014 - 10:56:30: "sv_footsteps" = "1"
L 10/08/2014 - 10:56:30: "sv_rollspeed" = "200"
L 10/08/2014 - 10:56:30: "sv_rollangle" = "0"
L 10/08/2014 - 10:56:30: "sv_friction" = "4"
L 10/08/2014 - 10:56:30: "sv_bounce" = "0"
L 10/08/2014 - 10:56:30: "sv_stepsize" = "18"
L 10/08/2014 - 10:56:30: "r_VehicleViewDampen" = "1"
L 10/08/2014 - 10:56:30: "r_JeepViewDampenFreq" = "7.0"
L 10/08/2014 - 10:56:30: "r_JeepViewDampenDamp" = "1.0"
L 10/08/2014 - 10:56:30: "r_JeepViewZHeight" = "10.0"
L 10/08/2014 - 10:56:30: "r_AirboatViewDampenFreq" = "7.0"
L 10/08/2014 - 10:56:30: "r_AirboatViewDampenDamp" = "1.0"
L 10/08/2014 - 10:56:30: "r_AirboatViewZHeight" = "0.0"
L 10/08/2014 - 10:56:30: "mp_friendlyfire" = "0"
L 10/08/2014 - 10:56:30: "mp_fadetoblack" = "0"
L 10/08/2014 - 10:56:30: "tf_mm_servermode" = "0"
L 10/08/2014 - 10:56:30: "tf_mm_strict" = "0"
L 10/08/2014 - 10:56:30: "tf_mm_trusted" = "0"
L 10/08/2014 - 10:56:30: "tf_server_identity_disable_quickplay" = "0"
L 10/08/2014 - 10:56:30: "sv_registration_successful" = "0"
L 10/08/2014 - 10:56:30: "sv_registration_message" = "No account specified"
L 10/08/2014 - 10:56:30: "sv_steamgroup" = ""
L 10/08/2014 - 10:56:30: "sv_cheats" = "1"
L 10/08/2014 - 10:56:30: "sv_pausable" = "0"
L 10/08/2014 - 10:56:30: "sv_contact" = "admin@yourdomain.com"
L 10/08/2014 - 10:56:30: "sv_voiceenable" = "1"
L 10/08/2014 - 10:56:30: "tv_enable" = "0"
L 10/08/2014 - 10:56:30: "deathmatch" = "1"
L 10/08/2014 - 10:56:30: "coop" = "0"
L 10/08/2014 - 10:56:30: "tv_password" = ""
L 10/08/2014 - 10:56:30: "tv_relaypassword" = ""
L 10/08/2014 - 10:56:30: "sv_password" = ""
L 10/08/2014 - 10:56:30: "sv_tags" = "bots,cp"
L 10/08/2014 - 10:56:30: server cvars end
L 10/08/2014 - 10:56:32: Started map "ctf_2fort" (CRC "7d246aafbbd18b8ccbfdb9937dbc7769")
L 10/08/2014 - 10:56:32: Executing dedicated server config file server.cfg
L 10/08/2014 - 10:56:40: server_cvar: "tf_gamemode_cp" "0"
L 10/08/2014 - 10:56:40: server_cvar: "sv_tags" "bots"
L 10/08/2014 - 10:56:40: server_cvar: "sv_tags" "bots"
L 10/08/2014 - 10:56:40: server_cvar: "tf_bot_count" "0"
L 10/08/2014 - 10:56:40: server_cvar: "sv_tags" ""
L 10/08/2014 - 10:56:40: server_cvar: "tf_gamemode_ctf" "1"
L 10/08/2014 - 10:56:40: server_cvar: "sv_tags" "ctf"
L 10/08/2014 - 10:56:40: server_cvar: "sv_tags" "ctf"
L 10/08/2014 - 10:56:40: Initializing Steam libraries for LAN server
L 10/08/2014 - 10:56:40: No account token specified; logging into anonymous game server account.  (Use sv_setsteamaccount to login to a persistent account.)
