L 10/07/2014 - 16:18:43: Log file started (file "logs/L1007012.log") (game "/home/tf2/hlserver/tf2/tf") (version "2426090")
L 10/07/2014 - 16:18:43: server_cvar: "sv_cheats" "1"
L 10/07/2014 - 16:18:44: "One-Man Cheeseburger Apocalypse<2><BOT><>" connected, address "none"
L 10/07/2014 - 16:18:44: "<2><BOT><>" entered the game
L 10/07/2014 - 16:18:44: "One-Man Cheeseburger Apocalypse<2><BOT><Unassigned>" joined team "Red"
L 10/07/2014 - 16:18:44: "One-Man Cheeseburger Apocalypse<2><BOT><Red>" changed role to "scout"
L 10/07/2014 - 16:18:44: "One-Man Cheeseburger Apocalypse<2><BOT><Red>" changed name to "Crowbar"
L 10/07/2014 - 16:18:44: Connection to Steam servers successful.
L 10/07/2014 - 16:18:44:    Public IP is 68.110.44.24.
L 10/07/2014 - 16:18:44: Assigned anonymous gameserver Steam ID [A:1:1499108361:4715].
L 10/07/2014 - 16:18:44: Sending CMsgGameServerMatchmakingStatus (state=ServerMatchmakingState_NOT_PARTICIPATING)
L 10/07/2014 - 16:18:44: "Delicious Cake<3><BOT><>" connected, address "none"
L 10/07/2014 - 16:18:44: "<3><BOT><>" entered the game
L 10/07/2014 - 16:18:44: "Delicious Cake<3><BOT><Unassigned>" joined team "Blue"
L 10/07/2014 - 16:18:44: "Delicious Cake<3><BOT><Blue>" changed role to "scout"
L 10/07/2014 - 16:18:44: "Delicious Cake<3><BOT><Blue>" changed name to "IvanTheSpaceBiker"
L 10/07/2014 - 16:18:44: VAC secure mode is activated.
L 10/07/2014 - 16:18:44: tf_server_identity_account_id not set; not logging into registered account
L 10/07/2014 - 16:18:44: "I LIVE!<4><BOT><>" connected, address "none"
L 10/07/2014 - 16:18:44: "<4><BOT><>" entered the game
L 10/07/2014 - 16:18:44: "I LIVE!<4><BOT><Unassigned>" joined team "Blue"
L 10/07/2014 - 16:18:44: "I LIVE!<4><BOT><Blue>" changed role to "scout"
L 10/07/2014 - 16:18:44: "I LIVE!<4><BOT><Blue>" changed name to "Cannon Fodder"
L 10/07/2014 - 16:18:44: "trigger_hurt<5><BOT><>" connected, address "none"
L 10/07/2014 - 16:18:44: "<5><BOT><>" entered the game
L 10/07/2014 - 16:18:44: "trigger_hurt<5><BOT><Unassigned>" joined team "Red"
L 10/07/2014 - 16:18:44: "trigger_hurt<5><BOT><Red>" changed role to "engineer"
L 10/07/2014 - 16:18:44: "trigger_hurt<5><BOT><Red>" changed name to "Nom Nom Nom"
L 10/07/2014 - 16:18:45: "Divide by Zero<6><BOT><>" connected, address "none"
L 10/07/2014 - 16:18:45: "<6><BOT><>" entered the game
L 10/07/2014 - 16:18:45: "Divide by Zero<6><BOT><Unassigned>" joined team "Blue"
L 10/07/2014 - 16:18:45: "Divide by Zero<6><BOT><Blue>" changed role to "demoman"
L 10/07/2014 - 16:18:45: "Divide by Zero<6><BOT><Blue>" changed name to "GENTLE MANNE of LEISURE"
L 10/07/2014 - 16:18:45: "MoreGun<7><BOT><>" connected, address "none"
L 10/07/2014 - 16:18:45: "<7><BOT><>" entered the game
L 10/07/2014 - 16:18:45: "MoreGun<7><BOT><Unassigned>" joined team "Red"
L 10/07/2014 - 16:18:45: "MoreGun<7><BOT><Red>" changed role to "soldier"
L 10/07/2014 - 16:18:45: "MoreGun<7><BOT><Red>" changed name to "Tiny Baby Man"
L 10/07/2014 - 16:18:45: "Big Mean Muther Hubbard<8><BOT><>" connected, address "none"
L 10/07/2014 - 16:18:45: "<8><BOT><>" entered the game
L 10/07/2014 - 16:18:45: "Big Mean Muther Hubbard<8><BOT><Unassigned>" joined team "Blue"
L 10/07/2014 - 16:18:45: "Big Mean Muther Hubbard<8><BOT><Blue>" changed role to "medic"
L 10/07/2014 - 16:18:45: "Big Mean Muther Hubbard<8><BOT><Blue>" changed name to "Force of Nature"
L 10/07/2014 - 16:18:45: "Crazed Gunman<9><BOT><>" connected, address "none"
L 10/07/2014 - 16:18:45: "<9><BOT><>" entered the game
L 10/07/2014 - 16:18:45: "Crazed Gunman<9><BOT><Unassigned>" joined team "Red"
L 10/07/2014 - 16:18:45: "Crazed Gunman<9><BOT><Red>" changed role to "medic"
L 10/07/2014 - 16:18:45: "Crazed Gunman<9><BOT><Red>" changed name to "Grim Bloody Fable"
L 10/07/2014 - 16:18:55: server_cvar: "tf_bot_count" "8"
L 10/07/2014 - 16:18:55: server_cvar: "sv_tags" "bots,cp"
L 10/07/2014 - 16:19:05: "IvanTheSpaceBiker<3><BOT><Blue>" stuck (position "-1627.21 1633.47 -255.89") (duration "2.52") L 10/07/2014 - 16:19:05:    path_goal ( "-216.00 2792.00 -247.97" )
L 10/07/2014 - 16:19:05: "Cannon Fodder<4><BOT><Blue>" stuck (position "-1644.47 1633.47 -255.89") (duration "2.52") L 10/07/2014 - 16:19:05:    path_goal ( "-216.00 2792.00 -247.97" )
L 10/07/2014 - 16:19:07: "That Guy Over There<10><[U:1:197468749]><>" connected, address "192.168.1.109:27005"
