L 10/08/2014 - 09:49:50: Log file started (file "logs/L1008005.log") (game "/home/tf2/hlserver/tf2/tf") (version "2426090")
L 10/08/2014 - 09:49:50: server_cvar: "sv_cheats" "1"
L 10/08/2014 - 09:49:50: "Grim Bloody Fable<2><BOT><>" connected, address "none"
L 10/08/2014 - 09:49:50: "<2><BOT><>" entered the game
L 10/08/2014 - 09:49:50: "Grim Bloody Fable<2><BOT><Unassigned>" joined team "Red"
L 10/08/2014 - 09:49:50: "Grim Bloody Fable<2><BOT><Red>" changed role to "scout"
L 10/08/2014 - 09:49:50: "Grim Bloody Fable<2><BOT><Red>" changed name to "Poopy Joe"
L 10/08/2014 - 09:49:50: Sending CMsgGameServerMatchmakingStatus (state=ServerMatchmakingState_NOT_PARTICIPATING)
L 10/08/2014 - 09:49:51: "A Professional With Standards<3><BOT><>" connected, address "none"
L 10/08/2014 - 09:49:51: "<3><BOT><>" entered the game
L 10/08/2014 - 09:49:51: "A Professional With Standards<3><BOT><Unassigned>" joined team "Blue"
L 10/08/2014 - 09:49:51: "A Professional With Standards<3><BOT><Blue>" changed role to "scout"
L 10/08/2014 - 09:49:51: "A Professional With Standards<3><BOT><Blue>" changed name to "Freakin' Unbelievable"
L 10/08/2014 - 09:49:51: "SMELLY UNFORTUNATE<4><BOT><>" connected, address "none"
L 10/08/2014 - 09:49:51: "<4><BOT><>" entered the game
L 10/08/2014 - 09:49:51: "SMELLY UNFORTUNATE<4><BOT><Unassigned>" joined team "Blue"
L 10/08/2014 - 09:49:51: "SMELLY UNFORTUNATE<4><BOT><Blue>" changed role to "soldier"
L 10/08/2014 - 09:49:51: "SMELLY UNFORTUNATE<4><BOT><Blue>" changed name to "The Administrator"
L 10/08/2014 - 09:49:51: Connection to Steam servers successful.
L 10/08/2014 - 09:49:51:    Public IP is 68.110.44.24.
L 10/08/2014 - 09:49:51: Assigned anonymous gameserver Steam ID [A:1:1863192581:4717].
L 10/08/2014 - 09:49:51: VAC secure mode is activated.
L 10/08/2014 - 09:49:51: "Mentlegen<5><BOT><>" connected, address "none"
L 10/08/2014 - 09:49:51: "<5><BOT><>" entered the game
L 10/08/2014 - 09:49:51: "Mentlegen<5><BOT><Unassigned>" joined team "Red"
L 10/08/2014 - 09:49:51: "Mentlegen<5><BOT><Red>" changed role to "engineer"
L 10/08/2014 - 09:49:51: "Mentlegen<5><BOT><Red>" changed name to "Archimedes!"
L 10/08/2014 - 09:49:51: tf_server_identity_account_id not set; not logging into registered account
L 10/08/2014 - 09:49:51: "Ribs Grow Back<6><BOT><>" connected, address "none"
L 10/08/2014 - 09:49:51: "<6><BOT><>" entered the game
L 10/08/2014 - 09:49:51: "Ribs Grow Back<6><BOT><Unassigned>" joined team "Blue"
L 10/08/2014 - 09:49:51: "Ribs Grow Back<6><BOT><Blue>" changed role to "demoman"
L 10/08/2014 - 09:49:51: "Ribs Grow Back<6><BOT><Blue>" changed name to "It's Filthy in There!"
L 10/08/2014 - 09:49:52: "Mega Baboon<7><BOT><>" connected, address "none"
L 10/08/2014 - 09:49:52: "<7><BOT><>" entered the game
L 10/08/2014 - 09:49:52: "Mega Baboon<7><BOT><Unassigned>" joined team "Red"
L 10/08/2014 - 09:49:52: "Mega Baboon<7><BOT><Red>" changed role to "soldier"
L 10/08/2014 - 09:49:52: "Mega Baboon<7><BOT><Red>" changed name to "Kill Me"
L 10/08/2014 - 09:49:52: "Chucklenuts<8><BOT><>" connected, address "none"
L 10/08/2014 - 09:49:52: "<8><BOT><>" entered the game
L 10/08/2014 - 09:49:52: "Chucklenuts<8><BOT><Unassigned>" joined team "Blue"
L 10/08/2014 - 09:49:52: "Chucklenuts<8><BOT><Blue>" changed role to "medic"
L 10/08/2014 - 09:49:52: "Chucklenuts<8><BOT><Blue>" changed name to "CryBaby"
L 10/08/2014 - 09:49:52: "Splunk is credit to team!<9><[U:1:197412154]><>" connected, address "192.168.1.110:27005"
L 10/08/2014 - 09:49:52: "WITCH<10><BOT><>" connected, address "none"
L 10/08/2014 - 09:49:52: "<10><BOT><>" entered the game
L 10/08/2014 - 09:49:52: "WITCH<10><BOT><Unassigned>" joined team "Red"
L 10/08/2014 - 09:49:52: "WITCH<10><BOT><Red>" changed role to "medic"
L 10/08/2014 - 09:49:52: "WITCH<10><BOT><Red>" changed name to "ThatGuy"
L 10/08/2014 - 09:49:52: "Splunk is credit to team!<9><[U:1:197412154]><>" STEAM USERID validated
L 10/08/2014 - 09:49:55: server_cvar: "tf_bot_count" "8"
L 10/08/2014 - 09:49:55: server_cvar: "sv_tags" "bots,cp"
L 10/08/2014 - 09:49:55: "Splunk is credit to team!<9><[U:1:197412154]><>" entered the game
L 10/08/2014 - 09:50:01: "nulltr0n<11><[U:1:197388838]><>" connected, address "192.168.1.114:27005"
L 10/08/2014 - 09:50:02: "nulltr0n<11><[U:1:197388838]><>" STEAM USERID validated
L 10/08/2014 - 09:50:03: "=(e)=™ Colonel Panic<12><[U:1:12110320]><>" connected, address "192.168.1.122:27005"
L 10/08/2014 - 09:50:03: "Splunk is credit to team!<9><[U:1:197412154]><Unassigned>" joined team "Blue"
L 10/08/2014 - 09:50:03: "=(e)=™ Colonel Panic<12><[U:1:12110320]><>" STEAM USERID validated
L 10/08/2014 - 09:50:05: "Freakin' Unbelievable<3><BOT><Blue>" stuck (position "-1627.21 1633.47 -255.90") (duration "2.52") L 10/08/2014 - 09:50:05:    path_goal ( "-216.00 2792.00 -247.97" )
L 10/08/2014 - 09:50:06: "Splunk is credit to team!<9><[U:1:197412154]><Blue>" changed role to "heavyweapons"
L 10/08/2014 - 09:50:08: "Freakin' Unbelievable<3><BOT><Blue>" stuck (position "-1627.22 1633.47 -255.89") (duration "2.52") L 10/08/2014 - 09:50:08:    path_goal ( "-216.00 2792.00 -247.97" )
L 10/08/2014 - 09:50:10: "It's Filthy in There!<6><BOT><Blue>" stuck (position "-1628.34 1633.47 -255.88") (duration "3.57") L 10/08/2014 - 09:50:10:    path_goal ( "-216.00 2792.00 -247.97" )
L 10/08/2014 - 09:50:10: "nulltr0n<11><[U:1:197388838]><>" entered the game
L 10/08/2014 - 09:50:10: "Freakin' Unbelievable<3><BOT><Blue>" stuck (position "-1627.21 1633.47 -255.89") (duration "2.52") L 10/08/2014 - 09:50:10:    path_goal ( "-216.00 2792.00 -247.97" )
L 10/08/2014 - 09:50:12: "The Administrator<4><BOT><Blue>" stuck (position "-1627.20 1633.47 -255.91") (duration "4.20") L 10/08/2014 - 09:50:12:    path_goal ( "-216.00 2792.00 -247.97" )
L 10/08/2014 - 09:50:12: "Archimedes!<5><BOT><Red>" triggered "player_builtobject" (object "OBJ_SENTRYGUN") (position "41 1854 -293")
L 10/08/2014 - 09:50:13: "Freakin' Unbelievable<3><BOT><Blue>" stuck (position "-1648.04 1633.47 -255.89") (duration "2.52") L 10/08/2014 - 09:50:13:    path_goal ( "-216.00 2792.00 -247.97" )
L 10/08/2014 - 09:50:14: "It's Filthy in There!<6><BOT><Blue>" stuck (position "-1627.21 1633.47 -255.89") (duration "3.57") L 10/08/2014 - 09:50:14:    path_goal ( "-216.00 2792.00 -247.97" )
L 10/08/2014 - 09:50:19: "=(e)=™ Colonel Panic<12><[U:1:12110320]><>" entered the game
L 10/08/2014 - 09:50:19: "Freakin' Unbelievable<3><BOT><Blue>" stuck (position "-1631.80 1633.47 -255.90") (duration "2.52") L 10/08/2014 - 09:50:19:    path_goal ( "-216.00 2792.00 -247.97" )
L 10/08/2014 - 09:50:19: "The Administrator<4><BOT><Blue>" stuck (position "-1652.30 1633.47 -255.89") (duration "4.20") L 10/08/2014 - 09:50:19:    path_goal ( "-216.00 2792.00 -247.97" )
L 10/08/2014 - 09:50:20: "splunk> All Batbelt, No tights<13><[U:1:197367651]><>" connected, address "192.168.1.104:27005"
L 10/08/2014 - 09:50:20: "splunk> All Batbelt, No tights<13><[U:1:197367651]><>" STEAM USERID validated
L 10/08/2014 - 09:50:20: "It's Filthy in There!<6><BOT><Blue>" stuck (position "-1637.91 1633.47 -255.90") (duration "3.57") L 10/08/2014 - 09:50:20:    path_goal ( "-216.00 2792.00 -247.97" )
L 10/08/2014 - 09:50:21: "Freakin' Unbelievable<3><BOT><Blue>" stuck (position "-1653.95 1633.47 -255.91") (duration "2.52") L 10/08/2014 - 09:50:21:    path_goal ( "-216.00 2792.00 -247.97" )
L 10/08/2014 - 09:50:22: "nulltr0n<11><[U:1:197388838]><Unassigned>" joined team "Red"
L 10/08/2014 - 09:50:23: "splunk> All Batbelt, No tights<13><[U:1:197367651]><>" entered the game
L 10/08/2014 - 09:50:24: "The Administrator<4><BOT><Blue>" stuck (position "-1652.44 1633.47 -255.91") (duration "4.20") L 10/08/2014 - 09:50:24:    path_goal ( "-216.00 2792.00 -247.97" )
L 10/08/2014 - 09:50:24: World triggered "Round_Start"
L 10/08/2014 - 09:50:24: World triggered "Round_Setup_Begin"
L 10/08/2014 - 09:50:24: World triggered "Mini_Round_Selected" (round "round_1")
L 10/08/2014 - 09:50:24: World triggered "Mini_Round_Start"
L 10/08/2014 - 09:50:26: "nulltr0n<11><[U:1:197388838]><Red>" changed role to "sniper"
L 10/08/2014 - 09:50:31: "splunk> All Batbelt, No tights<13><[U:1:197367651]><Unassigned>" joined team "Blue"
L 10/08/2014 - 09:50:32: "nulltr0n<11><[U:1:197388838]><Red>" changed role to "heavyweapons"
L 10/08/2014 - 09:50:33: "splunk> All Batbelt, No tights<13><[U:1:197367651]><Blue>" changed role to "medic"
L 10/08/2014 - 09:50:47: "Archimedes!<5><BOT><Red>" triggered "player_builtobject" (object "OBJ_SENTRYGUN") (position "-421 2753 -247")
L 10/08/2014 - 09:51:00: "=(e)=™ Colonel Panic<12><[U:1:12110320]><Unassigned>" joined team "Red"
L 10/08/2014 - 09:51:05: "=(e)=™ Colonel Panic<12><[U:1:12110320]><Red>" changed role to "scout"
L 10/08/2014 - 09:51:10: "Splunk hax0r<14><[U:1:197368576]><>" connected, address "192.168.1.105:27005"
L 10/08/2014 - 09:51:10: "Splunk hax0r<14><[U:1:197368576]><>" STEAM USERID validated
L 10/08/2014 - 09:51:13: "Splunk hax0r<14><[U:1:197368576]><>" entered the game
L 10/08/2014 - 09:51:26: "Splunk hax0r<14><[U:1:197368576]><Unassigned>" joined team "Blue"
L 10/08/2014 - 09:51:27: World triggered "Round_Setup_End"
L 10/08/2014 - 09:51:30: "Splunk hax0r<14><[U:1:197368576]><Blue>" changed role to "sniper"
L 10/08/2014 - 09:51:32: "=(e)=™ Colonel Panic<12><[U:1:12110320]><Red>" changed role to "demoman"
L 10/08/2014 - 09:51:42: "ThatGuy<10><BOT><Red>" triggered "chargedeployed"
L 10/08/2014 - 09:51:48: "CryBaby<8><BOT><Blue>" triggered "chargedeployed"
L 10/08/2014 - 09:51:50: "nulltr0n<11><[U:1:197388838]><Red>" killed "Splunk hax0r<14><[U:1:197368576]><Blue>" with "minigun" (attacker_position "-1397 2964 -255") (victim_position "-1852 3079 -255")
L 10/08/2014 - 09:51:50: "ThatGuy<10><BOT><Red>" triggered "kill assist" against "Splunk hax0r<14><[U:1:197368576]><Blue>" (assister_position "-1257 3051 -255") (attacker_position "-1397 2964 -255") (victim_position "-1852 3079 -255")
L 10/08/2014 - 09:51:51: "Archimedes!<5><BOT><Red>" killed "Splunk is credit to team!<9><[U:1:197412154]><Blue>" with "obj_sentrygun3" (attacker_position "-470 2810 -247") (victim_position "-1292 2839 -246")
L 10/08/2014 - 09:51:53: "The Administrator<4><BOT><Blue>" triggered "medic_death" against "ThatGuy<10><BOT><Red>" (healing "951") (ubercharge "0")
L 10/08/2014 - 09:51:53: "The Administrator<4><BOT><Blue>" killed "ThatGuy<10><BOT><Red>" with "shotgun_soldier" (attacker_position "-1769 2849 -255") (victim_position "-1446 3114 -255")
L 10/08/2014 - 09:51:53: "CryBaby<8><BOT><Blue>" triggered "kill assist" against "ThatGuy<10><BOT><Red>" (assister_position "-1826 2879 -255") (attacker_position "-1769 2849 -255") (victim_position "-1446 3114 -255")
L 10/08/2014 - 09:51:56: "Freakin' Unbelievable<3><BOT><Blue>" stuck (position "-1936.60 1368.03 -271.82") (duration "2.73") L 10/08/2014 - 09:51:56:    path_goal ( "-1887.50 -2125.00 -159.97" )
L 10/08/2014 - 09:51:59: "The Administrator<4><BOT><Blue>" killed "nulltr0n<11><[U:1:197388838]><Red>" with "tf_projectile_rocket" (attacker_position "-1874 2934 -255") (victim_position "-1669 2938 -255")
L 10/08/2014 - 09:51:59: "CryBaby<8><BOT><Blue>" triggered "kill assist" against "nulltr0n<11><[U:1:197388838]><Red>" (assister_position "-1996 2899 -255") (attacker_position "-1874 2934 -255") (victim_position "-1669 2938 -255")
L 10/08/2014 - 09:51:59: "It's Filthy in There!<6><BOT><Blue>" killed "=(e)=™ Colonel Panic<12><[U:1:12110320]><Red>" with "tf_projectile_pipe" (attacker_position "-498 2130 -415") (victim_position "-550 1960 -255")
L 10/08/2014 - 09:52:03: "splunk> All Batbelt, No tights<13><[U:1:197367651]><Blue>" triggered "chargedeployed"
L 10/08/2014 - 09:52:18: "Splunk hax0r<14><[U:1:197368576]><Blue>" changed role to "soldier"
L 10/08/2014 - 09:52:18: "Archimedes!<5><BOT><Red>" triggered "player_builtobject" (object "OBJ_DISPENSER") (position "-405 2753 -247")
L 10/08/2014 - 09:52:37: "Kill Me<7><BOT><Red>" killed "Freakin' Unbelievable<3><BOT><Blue>" with "tf_projectile_rocket" (attacker_position "198 2378 -260") (victim_position "-148 1865 -380")
L 10/08/2014 - 09:52:42: "Archimedes!<5><BOT><Red>" killed "It's Filthy in There!<6><BOT><Blue>" with "obj_sentrygun3" (attacker_position "-420 2786 -247") (victim_position "-1454 2767 -247")
L 10/08/2014 - 09:52:50: "=(e)=™ Colonel Panic<12><[U:1:12110320]><Red>" killed "The Administrator<4><BOT><Blue>" with "tf_projectile_pipe_remote" (attacker_position "-1789 2176 -248") (victim_position "-2151 2641 -253")
L 10/08/2014 - 09:52:50: "nulltr0n<11><[U:1:197388838]><Red>" triggered "kill assist" against "The Administrator<4><BOT><Blue>" (assister_position "-925 2778 -255") (attacker_position "-1789 2176 -248") (victim_position "-2151 2641 -253")
L 10/08/2014 - 09:52:50: "The Administrator<4><BOT><Blue>" changed role to "demoman"
L 10/08/2014 - 09:52:51: "=(e)=™ Colonel Panic<12><[U:1:12110320]><Red>" triggered "medic_death" against "CryBaby<8><BOT><Blue>" (healing "1759") (ubercharge "0")
L 10/08/2014 - 09:52:51: "=(e)=™ Colonel Panic<12><[U:1:12110320]><Red>" killed "CryBaby<8><BOT><Blue>" with "tf_projectile_pipe_remote" (attacker_position "-1920 2157 -242") (victim_position "-2140 2764 -255")
L 10/08/2014 - 09:52:51: "CryBaby<8><BOT><Blue>" changed role to "demoman"
L 10/08/2014 - 09:52:56: "Kill Me<7><BOT><Red>" killed "Splunk hax0r<14><[U:1:197368576]><Blue>" with "tf_projectile_rocket" (attacker_position "180 2261 -255") (victim_position "-1177 2290 -406")
L 10/08/2014 - 09:52:56: "Poopy Joe<2><BOT><Red>" triggered "kill assist" against "Splunk hax0r<14><[U:1:197368576]><Blue>" (assister_position "-218 2469 -127") (attacker_position "180 2261 -255") (victim_position "-1177 2290 -406")
L 10/08/2014 - 09:52:57: "nulltr0n<11><[U:1:197388838]><Red>" triggered "medic_death" against "splunk> All Batbelt, No tights<13><[U:1:197367651]><Blue>" (healing "435") (ubercharge "0")
L 10/08/2014 - 09:52:57: "nulltr0n<11><[U:1:197388838]><Red>" killed "splunk> All Batbelt, No tights<13><[U:1:197367651]><Blue>" with "minigun" (attacker_position "-1384 2421 -447") (victim_position "-1672 2400 -400")
L 10/08/2014 - 09:52:57: "Poopy Joe<2><BOT><Red>" triggered "kill assist" against "splunk> All Batbelt, No tights<13><[U:1:197367651]><Blue>" (assister_position "-215 2469 -127") (attacker_position "-1384 2421 -447") (victim_position "-1672 2400 -400")
L 10/08/2014 - 09:53:01: "splunk> All Batbelt, No tights<13><[U:1:197367651]><Blue>" changed role to "soldier"
L 10/08/2014 - 09:53:02: "Kill Me<7><BOT><Red>" killed "Splunk is credit to team!<9><[U:1:197412154]><Blue>" with "tf_projectile_rocket" (attacker_position "-255 1957 -413") (victim_position "-1081 2301 -382")
L 10/08/2014 - 09:53:02: "ThatGuy<10><BOT><Red>" triggered "kill assist" against "Splunk is credit to team!<9><[U:1:197412154]><Blue>" (assister_position "0 2145 -288") (attacker_position "-255 1957 -413") (victim_position "-1081 2301 -382")
L 10/08/2014 - 09:53:08: "Freakin' Unbelievable<3><BOT><Blue>" stuck (position "-1531.46 2188.07 -248.75") (duration "2.52") L 10/08/2014 - 09:53:08:    path_goal ( "-1498.76 2174.75 -263.25" )
L 10/08/2014 - 09:53:09: "Freakin' Unbelievable<3><BOT><Blue>" stuck (position "-1548.89 2203.33 -223.44") (duration "2.62") L 10/08/2014 - 09:53:09:    path_goal ( "-1498.76 2174.75 -263.25" )
L 10/08/2014 - 09:53:12: "splunk> CannonFodder<15><[U:1:197388939]><>" connected, address "192.168.1.112:27005"
L 10/08/2014 - 09:53:12: "splunk> CannonFodder<15><[U:1:197388939]><>" STEAM USERID validated
L 10/08/2014 - 09:53:20: "=(e)=™ Colonel Panic<12><[U:1:12110320]><Red>" killed "CryBaby<8><BOT><Blue>" with "tf_projectile_pipe_remote" (attacker_position "-1983 2771 -255") (victim_position "-2253 2997 -283")
L 10/08/2014 - 09:53:20: "CryBaby<8><BOT><Blue>" changed role to "medic"
L 10/08/2014 - 09:53:27: "nulltr0n<11><[U:1:197388838]><Red>" killed "It's Filthy in There!<6><BOT><Blue>" with "minigun" (attacker_position "120 1995 -281") (victim_position "-382 2319 -351")
L 10/08/2014 - 09:53:27: "Poopy Joe<2><BOT><Red>" triggered "kill assist" against "It's Filthy in There!<6><BOT><Blue>" (assister_position "-158 2503 -255") (attacker_position "120 1995 -281") (victim_position "-382 2319 -351")
L 10/08/2014 - 09:53:27: "splunk> CannonFodder<15><[U:1:197388939]><>" entered the game
L 10/08/2014 - 09:53:28: "=(e)=™ Colonel Panic<12><[U:1:12110320]><Red>" killed "splunk> All Batbelt, No tights<13><[U:1:197367651]><Blue>" with "tf_projectile_pipe_remote" (attacker_position "-1691 2965 -255") (victim_position "-2387 2933 -372")
L 10/08/2014 - 09:53:29: "Freakin' Unbelievable<3><BOT><Blue>" stuck (position "-1500.65 2174.30 -246.70") (duration "2.52") L 10/08/2014 - 09:53:29:    path_goal ( "-1498.76 2174.75 -263.25" )
L 10/08/2014 - 09:53:29: "Freakin' Unbelievable<3><BOT><Blue>" stuck (position "-1496.92 2162.62 -221.40") (duration "2.62") L 10/08/2014 - 09:53:29:    path_goal ( "-1498.76 2174.75 -263.25" )
L 10/08/2014 - 09:53:30: "=(e)=™ Colonel Panic<12><[U:1:12110320]><Red>" killed "Splunk hax0r<14><[U:1:197368576]><Blue>" with "tf_projectile_pipe_remote" (attacker_position "-2035 2950 -255") (victim_position "-2597 3026 -455")
L 10/08/2014 - 09:53:34: "Poopy Joe<2><BOT><Red>" stuck (position "-383.91 2804.36 -247.97") (duration "2.52") L 10/08/2014 - 09:53:34:    path_goal ( "-425.00 2804.36 -247.97" )
L 10/08/2014 - 09:53:35: "Freakin' Unbelievable<3><BOT><Blue>" stuck (position "-1506.19 2175.22 -246.81") (duration "0.11") L 10/08/2014 - 09:53:35:    path_goal ( "-1575.00 2000.00 -243.96" )
L 10/08/2014 - 09:53:36: "Freakin' Unbelievable<3><BOT><Blue>" stuck (position "-1584.72 2118.47 -236.50") (duration "1.15") L 10/08/2014 - 09:53:36:    path_goal ( "-1625.00 1725.00 -255.95" )
L 10/08/2014 - 09:53:36: "nulltr0n<11><[U:1:197388838]><Red>" killed "Freakin' Unbelievable<3><BOT><Blue>" with "minigun" (attacker_position "120 1995 -281") (victim_position "-1588 2113 -224")
L 10/08/2014 - 09:53:36: "Poopy Joe<2><BOT><Red>" triggered "kill assist" against "Freakin' Unbelievable<3><BOT><Blue>" (assister_position "-527 2902 -247") (attacker_position "120 1995 -281") (victim_position "-1588 2113 -224")
L 10/08/2014 - 09:53:49: "Kill Me<7><BOT><Red>" killed "The Administrator<4><BOT><Blue>" with "tf_projectile_rocket" (attacker_position "123 2104 -276") (victim_position "-300 2219 -415")
L 10/08/2014 - 09:53:49: "ThatGuy<10><BOT><Red>" triggered "kill assist" against "The Administrator<4><BOT><Blue>" (assister_position "159 2049 -272") (attacker_position "123 2104 -276") (victim_position "-300 2219 -415")
L 10/08/2014 - 09:53:49: "The Administrator<4><BOT><Blue>" triggered "medic_death" against "ThatGuy<10><BOT><Red>" (healing "620") (ubercharge "1")
L 10/08/2014 - 09:53:49: "The Administrator<4><BOT><Blue>" killed "ThatGuy<10><BOT><Red>" with "tf_projectile_pipe" (attacker_position "-300 2219 -327") (victim_position "159 2049 -272")
L 10/08/2014 - 09:53:52: "=(e)=™ Colonel Panic<12><[U:1:12110320]><Red>" killed "It's Filthy in There!<6><BOT><Blue>" with "tf_projectile_pipe" (attacker_position "-1541 2794 -253") (victim_position "-2597 3002 -461")
L 10/08/2014 - 09:53:55: "=(e)=™ Colonel Panic<12><[U:1:12110320]><Red>" triggered "medic_death" against "CryBaby<8><BOT><Blue>" (healing "205") (ubercharge "0")
L 10/08/2014 - 09:53:55: "=(e)=™ Colonel Panic<12><[U:1:12110320]><Red>" killed "CryBaby<8><BOT><Blue>" with "tf_projectile_pipe_remote" (attacker_position "-1733 2623 -256") (victim_position "-2081 2964 -255")
L 10/08/2014 - 09:53:58: "splunk> CannonFodder<15><[U:1:197388939]><Unassigned>" joined team "Red"
L 10/08/2014 - 09:54:09: "nulltr0n<11><[U:1:197388838]><Red>" killed "Splunk hax0r<14><[U:1:197368576]><Blue>" with "minigun" (attacker_position "-907 2747 -255") (victim_position "-1300 3118 -255")
L 10/08/2014 - 09:54:10: "Splunk is credit to team!<9><[U:1:197412154]><Blue>" killed "nulltr0n<11><[U:1:197388838]><Red>" with "minigun" (attacker_position "-1358 3028 -255") (victim_position "-917 2760 -255")
L 10/08/2014 - 09:54:12: "splunk> CannonFodder<15><[U:1:197388939]><Red>" changed role to "soldier"
L 10/08/2014 - 09:54:15: "=(e)=™ Colonel Panic<12><[U:1:12110320]><Red>" killed "Freakin' Unbelievable<3><BOT><Blue>" with "tf_projectile_pipe" (attacker_position "-1019 2565 -253") (victim_position "-1998 2891 -255")
L 10/08/2014 - 09:54:28: "The Administrator<4><BOT><Blue>" killed "Kill Me<7><BOT><Red>" with "tf_projectile_pipe" (attacker_position "-263 1876 -246") (victim_position "54 2118 -284")
L 10/08/2014 - 09:54:28: "It's Filthy in There!<6><BOT><Blue>" triggered "kill assist" against "Kill Me<7><BOT><Red>" (assister_position "-773 2207 -256") (attacker_position "-263 1876 -246") (victim_position "54 2118 -284")
L 10/08/2014 - 09:54:28: "Kill Me<7><BOT><Red>" changed role to "sniper"
L 10/08/2014 - 09:54:29: "The Administrator<4><BOT><Blue>" triggered "medic_death" against "ThatGuy<10><BOT><Red>" (healing "71") (ubercharge "0")
L 10/08/2014 - 09:54:29: "The Administrator<4><BOT><Blue>" killed "ThatGuy<10><BOT><Red>" with "tf_projectile_pipe" (attacker_position "-123 1871 -367") (victim_position "-59 1866 -323")
L 10/08/2014 - 09:54:29: "ThatGuy<10><BOT><Red>" killed "The Administrator<4><BOT><Blue>" with "world" (attacker_position "-59 1866 -323") (victim_position "-123 1871 -367")
L 10/08/2014 - 09:54:30: "splunk> All Batbelt, No tights<13><[U:1:197367651]><Blue>" triggered "killedobject" (object "OBJ_DISPENSER") (weapon "tf_projectile_rocket") (objectowner "Archimedes!<5><BOT><Red>") (attacker_position "-2271 2968 -295")
L 10/08/2014 - 09:54:34: "Poopy Joe<2><BOT><Red>" killed "It's Filthy in There!<6><BOT><Blue>" with "pistol_scout" (attacker_position "-177 2310 -247") (victim_position "-86 2591 -247")
L 10/08/2014 - 09:54:35: "Splunk is credit to team!<9><[U:1:197412154]><Blue>" triggered "killedobject" (object "OBJ_SENTRYGUN") (weapon "minigun") (objectowner "Archimedes!<5><BOT><Red>") (attacker_position "-602 2791 -255")
L 10/08/2014 - 09:54:35: "Splunk is credit to team!<9><[U:1:197412154]><Blue>" killed "Archimedes!<5><BOT><Red>" with "minigun" (attacker_position "-584 2794 -247") (victim_position "-466 2774 -227")
L 10/08/2014 - 09:54:41: "CryBaby<8><BOT><Blue>" killed "Poopy Joe<2><BOT><Red>" with "syringegun_medic" (attacker_position "-75 2503 -255") (victim_position "-95 2424 -255")
L 10/08/2014 - 09:54:41: "Poopy Joe<2><BOT><Red>" changed role to "pyro"
L 10/08/2014 - 09:54:50: Team "Blue" triggered "pointcaptured" (cp "0") (cpname "#Dustbowl_cap_1_A") (numcappers "1") (player1 "Freakin' Unbelievable<3><BOT><Blue>") (position1 "-217 2740 -240") 
L 10/08/2014 - 09:54:51: "=(e)=™ Colonel Panic<12><[U:1:12110320]><Red>" killed "Freakin' Unbelievable<3><BOT><Blue>" with "tf_projectile_pipe_remote" (attacker_position "161 2307 -257") (victim_position "-166 2705 -240")
L 10/08/2014 - 09:54:57: "Splunk is credit to team!<9><[U:1:197412154]><Blue>" killed "nulltr0n<11><[U:1:197388838]><Red>" with "minigun" (attacker_position "-121 2607 -247") (victim_position "-263 2855 -240")
L 10/08/2014 - 09:54:57: "CryBaby<8><BOT><Blue>" triggered "kill assist" against "nulltr0n<11><[U:1:197388838]><Red>" (assister_position "73 2512 -255") (attacker_position "-121 2607 -247") (victim_position "-263 2855 -240")
L 10/08/2014 - 09:55:03: "Archimedes!<5><BOT><Red>" triggered "player_builtobject" (object "OBJ_SENTRYGUN") (position "1863 1893 -199")
L 10/08/2014 - 09:55:13: "The Administrator<4><BOT><Blue>" stuck (position "-1903.82 1368.03 -268.92") (duration "4.73") L 10/08/2014 - 09:55:13:    path_goal ( "-1887.50 -2125.00 -159.97" )
L 10/08/2014 - 09:55:16: "splunk> CannonFodder<15><[U:1:197388939]><Red>" triggered "medic_death" against "CryBaby<8><BOT><Blue>" (healing "482") (ubercharge "0")
L 10/08/2014 - 09:55:16: "splunk> CannonFodder<15><[U:1:197388939]><Red>" killed "CryBaby<8><BOT><Blue>" with "tf_projectile_rocket" (attacker_position "-526 2827 -247") (victim_position "-584 2694 -247")
L 10/08/2014 - 09:55:16: "ThatGuy<10><BOT><Red>" triggered "kill assist" against "CryBaby<8><BOT><Blue>" (assister_position "-308 2757 -240") (attacker_position "-526 2827 -247") (victim_position "-584 2694 -247")
L 10/08/2014 - 09:55:20: "=(e)=™ Colonel Panic<12><[U:1:12110320]><Red>" killed "It's Filthy in There!<6><BOT><Blue>" with "tf_projectile_pipe_remote" (attacker_position "1034 1838 -255") (victim_position "632 2107 -255")
L 10/08/2014 - 09:55:20: "It's Filthy in There!<6><BOT><Blue>" changed role to "engineer"
L 10/08/2014 - 09:55:30: "Splunk hax0r<14><[U:1:197368576]><Blue>" killed "Archimedes!<5><BOT><Red>" with "tf_projectile_rocket" (attacker_position "-81 2311 -134") (victim_position "314 2500 -255")
L 10/08/2014 - 09:55:30: "The Administrator<4><BOT><Blue>" triggered "kill assist" against "Archimedes!<5><BOT><Red>" (assister_position "25 2036 -304") (attacker_position "-81 2311 -134") (victim_position "314 2500 -255")
L 10/08/2014 - 09:55:30: "Splunk hax0r<14><[U:1:197368576]><Blue>" triggered "medic_death" against "ThatGuy<10><BOT><Red>" (healing "420") (ubercharge "0")
L 10/08/2014 - 09:55:30: "Splunk hax0r<14><[U:1:197368576]><Blue>" killed "ThatGuy<10><BOT><Red>" with "tf_projectile_rocket" (attacker_position "-81 2311 -134") (victim_position "320 2478 -246")
L 10/08/2014 - 09:55:30: "The Administrator<4><BOT><Blue>" triggered "kill assist" against "ThatGuy<10><BOT><Red>" (assister_position "25 2036 -304") (attacker_position "-81 2311 -134") (victim_position "320 2478 -246")
L 10/08/2014 - 09:55:33: "splunk> CannonFodder<15><[U:1:197388939]><Red>" killed "Freakin' Unbelievable<3><BOT><Blue>" with "tf_projectile_rocket" (attacker_position "705 2587 -255") (victim_position "268 2525 -255")
L 10/08/2014 - 09:55:33: "Poopy Joe<2><BOT><Red>" stuck (position "1441.71 680.89 -109.62") (duration "3.36") L 10/08/2014 - 09:55:33:    path_goal ( "525.00 -312.50 0.03" )
L 10/08/2014 - 09:55:35: "Archimedes!<5><BOT><Red>" killed "Splunk is credit to team!<9><[U:1:197412154]><Blue>" with "obj_sentrygun" (attacker_position "314 2500 -221") (victim_position "2277 2660 -159")
L 10/08/2014 - 09:55:44: "CryBaby<8><BOT><Blue>" stuck (position "-3233.45 2498.28 -445.89") (duration "3.15") L 10/08/2014 - 09:55:44:    path_goal ( "NULL" )
L 10/08/2014 - 09:55:44: "CryBaby<8><BOT><Blue>" stuck (position "-3218.12 2502.80 -420.59") (duration "3.26") L 10/08/2014 - 09:55:44:    path_goal ( "NULL" )
L 10/08/2014 - 09:55:45: "It's Filthy in There!<6><BOT><Blue>" triggered "player_builtobject" (object "OBJ_TELEPORTER") (position "-2176 2947 -255")
L 10/08/2014 - 09:55:46: "CryBaby<8><BOT><Blue>" stuck (position "-3204.57 2483.19 -445.45") (duration "4.30") L 10/08/2014 - 09:55:46:    path_goal ( "NULL" )
L 10/08/2014 - 09:55:46: "Archimedes!<5><BOT><Red>" killed "Splunk hax0r<14><[U:1:197368576]><Blue>" with "obj_sentrygun" (attacker_position "1544 2184 114") (victim_position "950 2451 -251")
L 10/08/2014 - 09:55:47: "CryBaby<8><BOT><Blue>" stuck (position "-3199.74 2488.88 -446.46") (duration "5.35") L 10/08/2014 - 09:55:47:    path_goal ( "NULL" )
L 10/08/2014 - 09:55:48: "CryBaby<8><BOT><Blue>" stuck (position "-3198.04 2486.21 -446.21") (duration "6.40") L 10/08/2014 - 09:55:48:    path_goal ( "NULL" )
L 10/08/2014 - 09:55:49: "CryBaby<8><BOT><Blue>" stuck (position "-3193.62 2496.94 -447.86") (duration "7.45") L 10/08/2014 - 09:55:49:    path_goal ( "-3025.00 2550.00 -450.55" )
L 10/08/2014 - 09:55:50: "CryBaby<8><BOT><Blue>" stuck (position "-3135.30 2523.85 -450.10") (duration "8.51") L 10/08/2014 - 09:55:50:    path_goal ( "-3025.00 2550.00 -450.55" )
L 10/08/2014 - 09:55:51: "CryBaby<8><BOT><Blue>" stuck (position "-3070.33 2520.04 -447.12") (duration "9.55") L 10/08/2014 - 09:55:51:    path_goal ( "-3025.00 2550.00 -450.55" )
L 10/08/2014 - 09:55:56: "Kill Me<7><BOT><Red>" killed "The Administrator<4><BOT><Blue>" with "sniperrifle" (customkill "headshot") (attacker_position "1837 1062 3") (victim_position "1872 2738 -191")
L 10/08/2014 - 09:55:56: "Archimedes!<5><BOT><Red>" triggered "kill assist" against "The Administrator<4><BOT><Blue>" (assister_position "1933 1593 -206") (attacker_position "1837 1062 3") (victim_position "1872 2738 -191")
L 10/08/2014 - 09:56:05: "Freakin' Unbelievable<3><BOT><Blue>" killed "nulltr0n<11><[U:1:197388838]><Red>" with "scattergun" (attacker_position "1067 2114 -63") (victim_position "1228 1916 -63")
L 10/08/2014 - 09:56:05: "It's Filthy in There!<6><BOT><Blue>" triggered "kill assist" against "nulltr0n<11><[U:1:197388838]><Red>" (assister_position "934 2189 -63") (attacker_position "1067 2114 -63") (victim_position "1228 1916 -63")
L 10/08/2014 - 09:56:08: "Archimedes!<5><BOT><Red>" triggered "player_builtobject" (object "OBJ_DISPENSER") (position "1856 1858 -198")
L 10/08/2014 - 09:56:11: "Poopy Joe<2><BOT><Red>" killed "Freakin' Unbelievable<3><BOT><Blue>" with "flamethrower" (attacker_position "1180 2293 -259") (victim_position "1001 2231 -254")
L 10/08/2014 - 09:56:19: "nulltr0n<11><[U:1:197388838]><Red>" changed role to "demoman"
L 10/08/2014 - 09:56:21: "Koriandrr<16><[U:1:124709690]><>" connected, address "192.168.1.125:27005"
L 10/08/2014 - 09:56:21: "Koriandrr<16><[U:1:124709690]><>" STEAM USERID validated
L 10/08/2014 - 09:56:22: "=(e)=™ Colonel Panic<12><[U:1:12110320]><Red>" triggered "medic_death" against "CryBaby<8><BOT><Blue>" (healing "330") (ubercharge "0")
L 10/08/2014 - 09:56:22: "=(e)=™ Colonel Panic<12><[U:1:12110320]><Red>" killed "CryBaby<8><BOT><Blue>" with "tf_projectile_pipe" (attacker_position "1923 2173 -203") (victim_position "919 2152 -255")
L 10/08/2014 - 09:56:22: "ThatGuy<10><BOT><Red>" triggered "kill assist" against "CryBaby<8><BOT><Blue>" (assister_position "2166 2003 -191") (attacker_position "1923 2173 -203") (victim_position "919 2152 -255")
L 10/08/2014 - 09:56:22: "=(e)=™ Colonel Panic<12><[U:1:12110320]><Red>" triggered "domination" against "CryBaby<8><BOT><Blue>"
L 10/08/2014 - 09:56:23: "Archimedes!<5><BOT><Red>" killed "splunk> All Batbelt, No tights<13><[U:1:197367651]><Blue>" with "obj_sentrygun2" (attacker_position "1810 1857 -191") (victim_position "1066 2428 -255")
L 10/08/2014 - 09:56:23: "=(e)=™ Colonel Panic<12><[U:1:12110320]><Red>" triggered "kill assist" against "splunk> All Batbelt, No tights<13><[U:1:197367651]><Blue>" (assister_position "1911 1905 -206") (attacker_position "1810 1857 -191") (victim_position "1066 2428 -255")
L 10/08/2014 - 09:56:24: "It's Filthy in There!<6><BOT><Blue>" triggered "player_builtobject" (object "OBJ_TELEPORTER") (position "636 2018 -254")
L 10/08/2014 - 09:56:27: "Poopy Joe<2><BOT><Red>" killed "Splunk is credit to team!<9><[U:1:197412154]><Blue>" with "flamethrower" (attacker_position "992 2364 -254") (victim_position "864 2573 -186")
L 10/08/2014 - 09:56:27: "Archimedes!<5><BOT><Red>" triggered "kill assist" against "Splunk is credit to team!<9><[U:1:197412154]><Blue>" (assister_position "1784 2675 -191") (attacker_position "992 2364 -254") (victim_position "864 2573 -186")
L 10/08/2014 - 09:56:29: "Archimedes!<5><BOT><Red>" killed "It's Filthy in There!<6><BOT><Blue>" with "obj_sentrygun2" (attacker_position "1951 2696 -191") (victim_position "1329 2347 -61")
L 10/08/2014 - 09:56:35: "splunk> All Batbelt, No tights<13><[U:1:197367651]><Blue>" changed role to "engineer"
L 10/08/2014 - 09:56:36: "Koriandrr<16><[U:1:124709690]><>" entered the game
L 10/08/2014 - 09:56:37: "The Administrator<4><BOT><Blue>" killed "Poopy Joe<2><BOT><Red>" with "tf_projectile_pipe" (attacker_position "-315 2317 -338") (victim_position "47 2401 -208")
L 10/08/2014 - 09:56:37: "Splunk hax0r<14><[U:1:197368576]><Blue>" triggered "kill assist" against "Poopy Joe<2><BOT><Red>" (assister_position "80 2192 -266") (attacker_position "-315 2317 -338") (victim_position "47 2401 -208")
L 10/08/2014 - 09:56:37: "Poopy Joe<2><BOT><Red>" changed role to "spy"
L 10/08/2014 - 09:56:47: "CryBaby<8><BOT><Blue>" stuck (position "-3140.37 2710.17 -455.98") (duration "3.15") L 10/08/2014 - 09:56:47:    path_goal ( "NULL" )
L 10/08/2014 - 09:56:47: "CryBaby<8><BOT><Blue>" stuck (position "-3142.32 2731.75 -430.68") (duration "3.26") L 10/08/2014 - 09:56:47:    path_goal ( "NULL" )
L 10/08/2014 - 09:56:48: "CryBaby<8><BOT><Blue>" stuck (position "-3155.45 2722.60 -456.18") (duration "4.30") L 10/08/2014 - 09:56:48:    path_goal ( "NULL" )
L 10/08/2014 - 09:56:48: "=(e)=™ Colonel Panic<12><[U:1:12110320]><Red>" killed "The Administrator<4><BOT><Blue>" with "tf_projectile_pipe_remote" (attacker_position "608 3241 -63") (victim_position "544 3038 -63")
L 10/08/2014 - 09:56:48: "Poopy Joe<2><BOT><Red>" triggered "kill assist" against "The Administrator<4><BOT><Blue>" (assister_position "502 2495 -241") (attacker_position "608 3241 -63") (victim_position "544 3038 -63")
L 10/08/2014 - 09:56:48: "Freakin' Unbelievable<3><BOT><Blue>" killed "=(e)=™ Colonel Panic<12><[U:1:12110320]><Red>" with "scattergun" (attacker_position "928 3160 -63") (victim_position "642 3258 -63")
L 10/08/2014 - 09:56:48: "The Administrator<4><BOT><Blue>" triggered "kill assist" against "=(e)=™ Colonel Panic<12><[U:1:12110320]><Red>" (assister_position "544 3038 24") (attacker_position "928 3160 -63") (victim_position "642 3258 -63")
L 10/08/2014 - 09:56:49: "CryBaby<8><BOT><Blue>" stuck (position "-3151.87 2715.41 -455.90") (duration "5.36") L 10/08/2014 - 09:56:49:    path_goal ( "NULL" )
L 10/08/2014 - 09:56:50: "Koriandrr<16><[U:1:124709690]><Unassigned>" joined team "Blue"
L 10/08/2014 - 09:56:50: "CryBaby<8><BOT><Blue>" stuck (position "-3157.97 2714.03 -455.46") (duration "6.40") L 10/08/2014 - 09:56:50:    path_goal ( "NULL" )
L 10/08/2014 - 09:56:51: "Koriandrr<16><[U:1:124709690]><Blue>" changed role to "heavyweapons"
L 10/08/2014 - 09:56:51: "CryBaby<8><BOT><Blue>" stuck (position "-3145.38 2671.18 -453.98") (duration "7.46") L 10/08/2014 - 09:56:51:    path_goal ( "-3149.65 2600.00 -448.78" )
L 10/08/2014 - 09:56:52: "CryBaby<8><BOT><Blue>" stuck (position "-3155.82 2636.15 -453.43") (duration "0.11") L 10/08/2014 - 09:56:52:    path_goal ( "-3026.00 2656.00 -453.48" )
L 10/08/2014 - 09:57:00: "CryBaby<8><BOT><Blue>" stuck (position "-3128.62 2621.44 -455.25") (duration "0.11") L 10/08/2014 - 09:57:00:    path_goal ( "-3000.00 2675.00 -454.65" )
L 10/08/2014 - 09:57:01: "CryBaby<8><BOT><Blue>" stuck (position "-3055.30 2644.57 -456.69") (duration "1.15") L 10/08/2014 - 09:57:01:    path_goal ( "-3000.00 2675.00 -454.65" )
L 10/08/2014 - 09:57:02: "splunk> All Batbelt, No tights<13><[U:1:197367651]><Blue>" triggered "player_builtobject" (object "OBJ_DISPENSER") (position "-2070 2760 -255")
L 10/08/2014 - 09:57:03: "Kill Me<7><BOT><Red>" killed "It's Filthy in There!<6><BOT><Blue>" with "sniperrifle" (attacker_position "2652 1681 -123") (victim_position "1200 2184 -63")
L 10/08/2014 - 09:57:03: "Archimedes!<5><BOT><Red>" triggered "kill assist" against "It's Filthy in There!<6><BOT><Blue>" (assister_position "1855 2502 -197") (attacker_position "2652 1681 -123") (victim_position "1200 2184 -63")
L 10/08/2014 - 09:57:03: "splunk> CannonFodder<15><[U:1:197388939]><Red>" killed "Splunk hax0r<14><[U:1:197368576]><Blue>" with "tf_projectile_rocket" (attacker_position "-282 1741 -256") (victim_position "-131 2091 -371")
L 10/08/2014 - 09:57:03: "ThatGuy<10><BOT><Red>" triggered "kill assist" against "Splunk hax0r<14><[U:1:197368576]><Blue>" (assister_position "-173 1716 -253") (attacker_position "-282 1741 -256") (victim_position "-131 2091 -371")
L 10/08/2014 - 09:57:08: "ThatGuy<10><BOT><Red>" triggered "chargedeployed"
L 10/08/2014 - 09:57:17: "splunk> CannonFodder<15><[U:1:197388939]><Red>" killed "Splunk is credit to team!<9><[U:1:197412154]><Blue>" with "tf_projectile_rocket" (attacker_position "60 2459 -256") (victim_position "123 2041 -281")
L 10/08/2014 - 09:57:17: "ThatGuy<10><BOT><Red>" triggered "kill assist" against "Splunk is credit to team!<9><[U:1:197412154]><Blue>" (assister_position "128 2357 -269") (attacker_position "60 2459 -256") (victim_position "123 2041 -281")
L 10/08/2014 - 09:57:24: "Koriandrr<16><[U:1:124709690]><Blue>" killed "Poopy Joe<2><BOT><Red>" with "minigun" (attacker_position "-722 2844 -255") (victim_position "-943 2584 -255")
L 10/08/2014 - 09:57:24: "CryBaby<8><BOT><Blue>" triggered "kill assist" against "Poopy Joe<2><BOT><Red>" (assister_position "-462 2774 -228") (attacker_position "-722 2844 -255") (victim_position "-943 2584 -255")
L 10/08/2014 - 09:57:24: "Poopy Joe<2><BOT><Red>" changed role to "heavyweapons"
L 10/08/2014 - 09:57:24: "Freakin' Unbelievable<3><BOT><Blue>" triggered "medic_death" against "ThatGuy<10><BOT><Red>" (healing "918") (ubercharge "0")
L 10/08/2014 - 09:57:24: "Freakin' Unbelievable<3><BOT><Blue>" killed "ThatGuy<10><BOT><Red>" with "scattergun" (attacker_position "220 2502 -93") (victim_position "223 2069 -256")
L 10/08/2014 - 09:57:30: "Freakin' Unbelievable<3><BOT><Blue>" killed "splunk> CannonFodder<15><[U:1:197388939]><Red>" with "pistol_scout" (attacker_position "177 2050 -262") (victim_position "-181 1716 -253")
L 10/08/2014 - 09:57:34: "splunk> All Batbelt, No tights<13><[U:1:197367651]><Blue>" triggered "player_carryobject" (object "OBJ_DISPENSER") (position "-2043 2735 -255")
L 10/08/2014 - 09:57:35: "Archimedes!<5><BOT><Red>" killed "It's Filthy in There!<6><BOT><Blue>" with "obj_sentrygun3" (attacker_position "1832 1871 -194") (victim_position "962 2248 -85")
L 10/08/2014 - 09:57:35: "Archimedes!<5><BOT><Red>" triggered "domination" against "It's Filthy in There!<6><BOT><Blue>"
L 10/08/2014 - 09:57:37: "splunk> All Batbelt, No tights<13><[U:1:197367651]><Blue>" triggered "player_dropobject" (object "OBJ_DISPENSER") (position "-1951 2712 -255")
L 10/08/2014 - 09:57:37: "splunk> All Batbelt, No tights<13><[U:1:197367651]><Blue>" triggered "player_builtobject" (object "OBJ_DISPENSER") (position "-1951 2712 -255")
L 10/08/2014 - 09:57:46: "nulltr0n<11><[U:1:197388838]><Red>" killed "Freakin' Unbelievable<3><BOT><Blue>" with "tf_projectile_pipe" (attacker_position "1521 2333 -220") (victim_position "1080 2340 -253")
L 10/08/2014 - 09:57:46: "Koriandrr<16><[U:1:124709690]><Blue>" killed "nulltr0n<11><[U:1:197388838]><Red>" with "minigun" (attacker_position "1180 2337 -259") (victim_position "1630 2342 -204")
L 10/08/2014 - 09:57:46: "CryBaby<8><BOT><Blue>" triggered "kill assist" against "nulltr0n<11><[U:1:197388838]><Red>" (assister_position "1123 2149 -255") (attacker_position "1180 2337 -259") (victim_position "1630 2342 -204")
L 10/08/2014 - 09:57:48: "Archimedes!<5><BOT><Red>" killed "Koriandrr<16><[U:1:124709690]><Blue>" with "obj_sentrygun3" (attacker_position "1786 1590 -190") (victim_position "1181 2424 -262")
L 10/08/2014 - 09:57:48: "Kill Me<7><BOT><Red>" triggered "kill assist" against "Koriandrr<16><[U:1:124709690]><Blue>" (assister_position "2424 1439 0") (attacker_position "1786 1590 -190") (victim_position "1181 2424 -262")
L 10/08/2014 - 09:57:48: "=(e)=™ Colonel Panic<12><[U:1:12110320]><Red>" killed "The Administrator<4><BOT><Blue>" with "tf_projectile_pipe" (attacker_position "1383 2600 -65") (victim_position "1225 1955 -63")
L 10/08/2014 - 09:57:57: "splunk> All Batbelt, No tights<13><[U:1:197367651]><Blue>" triggered "player_builtobject" (object "OBJ_SENTRYGUN") (position "-1874 3081 -255")
L 10/08/2014 - 09:58:05: "splunk> All Batbelt, No tights<13><[U:1:197367651]><Blue>" triggered "player_carryobject" (object "OBJ_SENTRYGUN") (position "-1874 3081 -255")
L 10/08/2014 - 09:58:05: "Kill Me<7><BOT><Red>" killed "Splunk hax0r<14><[U:1:197368576]><Blue>" with "sniperrifle" (attacker_position "2658 1666 -123") (victim_position "1242 2569 -256")
L 10/08/2014 - 09:58:05: "Archimedes!<5><BOT><Red>" triggered "kill assist" against "Splunk hax0r<14><[U:1:197368576]><Blue>" (assister_position "1814 1861 -191") (attacker_position "2658 1666 -123") (victim_position "1242 2569 -256")
L 10/08/2014 - 09:58:07: "splunk> All Batbelt, No tights<13><[U:1:197367651]><Blue>" triggered "player_dropobject" (object "OBJ_SENTRYGUN") (position "-1955 2877 -255")
L 10/08/2014 - 09:58:07: "splunk> All Batbelt, No tights<13><[U:1:197367651]><Blue>" triggered "player_builtobject" (object "OBJ_SENTRYGUN") (position "-1955 2877 -255")
L 10/08/2014 - 09:58:12: "=(e)=™ Colonel Panic<12><[U:1:12110320]><Red>" killed "Splunk is credit to team!<9><[U:1:197412154]><Blue>" with "tf_projectile_pipe_remote" (attacker_position "1432 3185 -63") (victim_position "626 3254 -63")
L 10/08/2014 - 09:58:17: "Kill Me<7><BOT><Red>" killed "It's Filthy in There!<6><BOT><Blue>" with "sniperrifle" (attacker_position "2659 1666 -123") (victim_position "859 2688 -55")
L 10/08/2014 - 09:58:17: "Poopy Joe<2><BOT><Red>" triggered "kill assist" against "It's Filthy in There!<6><BOT><Blue>" (assister_position "2252 2783 -159") (attacker_position "2659 1666 -123") (victim_position "859 2688 -55")
L 10/08/2014 - 09:58:28: "Kill Me<7><BOT><Red>" killed "Freakin' Unbelievable<3><BOT><Blue>" with "sniperrifle" (attacker_position "2659 1666 -123") (victim_position "1019 2264 -49")
L 10/08/2014 - 09:58:28: "Archimedes!<5><BOT><Red>" triggered "kill assist" against "Freakin' Unbelievable<3><BOT><Blue>" (assister_position "1814 1861 -191") (attacker_position "2659 1666 -123") (victim_position "1019 2264 -49")
L 10/08/2014 - 09:58:31: "Kill Me<7><BOT><Red>" killed "The Administrator<4><BOT><Blue>" with "sniperrifle" (attacker_position "2651 1655 -123") (victim_position "698 2595 -255")
L 10/08/2014 - 09:58:31: "Archimedes!<5><BOT><Red>" triggered "kill assist" against "The Administrator<4><BOT><Blue>" (assister_position "1814 1861 -191") (attacker_position "2651 1655 -123") (victim_position "698 2595 -255")
L 10/08/2014 - 09:58:42: "splunk> All Batbelt, No tights<13><[U:1:197367651]><Blue>" triggered "player_builtobject" (object "OBJ_TELEPORTER") (position "-1968 2810 -255")
L 10/08/2014 - 09:58:42: "Koriandrr<16><[U:1:124709690]><Blue>" killed "splunk> CannonFodder<15><[U:1:197388939]><Red>" with "minigun" (attacker_position "1087 1922 -63") (victim_position "1501 2701 -60")
L 10/08/2014 - 09:58:42: "CryBaby<8><BOT><Blue>" triggered "kill assist" against "splunk> CannonFodder<15><[U:1:197388939]><Red>" (assister_position "1143 1834 -63") (attacker_position "1087 1922 -63") (victim_position "1501 2701 -60")
L 10/08/2014 - 09:58:46: "Splunk hax0r<14><[U:1:197368576]><Blue>" changed role to "sniper"
L 10/08/2014 - 09:58:47: "nulltr0n<11><[U:1:197388838]><Red>" triggered "medic_death" against "CryBaby<8><BOT><Blue>" (healing "901") (ubercharge "1")
L 10/08/2014 - 09:58:47: "nulltr0n<11><[U:1:197388838]><Red>" killed "CryBaby<8><BOT><Blue>" with "tf_projectile_pipe" (attacker_position "2022 2287 -174") (victim_position "1167 1908 -63")
L 10/08/2014 - 09:58:58: "nulltr0n<11><[U:1:197388838]><Red>" killed "Koriandrr<16><[U:1:124709690]><Blue>" with "tf_projectile_pipe" (attacker_position "1738 2381 -205") (victim_position "1201 2063 -63")
L 10/08/2014 - 09:58:58: "=(e)=™ Colonel Panic<12><[U:1:12110320]><Red>" triggered "kill assist" against "Koriandrr<16><[U:1:124709690]><Blue>" (assister_position "1446 3172 -63") (attacker_position "1738 2381 -205") (victim_position "1201 2063 -63")
L 10/08/2014 - 09:58:59: "It's Filthy in There!<6><BOT><Blue>" killed "nulltr0n<11><[U:1:197388838]><Red>" with "shotgun_primary" (attacker_position "1161 2246 -258") (victim_position "1833 2260 -199")
L 10/08/2014 - 09:58:59: "Koriandrr<16><[U:1:124709690]><Blue>" triggered "kill assist" against "nulltr0n<11><[U:1:197388838]><Red>" (assister_position "1201 2063 -49") (attacker_position "1161 2246 -258") (victim_position "1833 2260 -199")
L 10/08/2014 - 09:59:06: "Koriandrr<16><[U:1:124709690]><Blue>" changed role to "soldier"
L 10/08/2014 - 09:59:07: "It's Filthy in There!<6><BOT><Blue>" triggered "player_builtobject" (object "OBJ_SENTRYGUN") (position "1249 2251 -259")
L 10/08/2014 - 09:59:08: "=(e)=™ Colonel Panic<12><[U:1:12110320]><Red>" killed "Freakin' Unbelievable<3><BOT><Blue>" with "tf_projectile_pipe" (attacker_position "1418 3007 -55") (victim_position "1426 3064 -55")
L 10/08/2014 - 09:59:08: "Kill Me<7><BOT><Red>" triggered "killedobject" (object "OBJ_SENTRYGUN") (weapon "sniperrifle") (objectowner "It's Filthy in There!<6><BOT><Blue>") (attacker_position "2693 1507 0")
L 10/08/2014 - 09:59:08: "Archimedes!<5><BOT><Red>" killed "It's Filthy in There!<6><BOT><Blue>" with "obj_sentrygun3" (attacker_position "1814 1861 -191") (victim_position "1094 2404 -256")
L 10/08/2014 - 09:59:12: "splunk> All Batbelt, No tights<13><[U:1:197367651]><Blue>" triggered "player_carryobject" (object "OBJ_SENTRYGUN") (position "-1970 2814 -255")
L 10/08/2014 - 09:59:15: "=(e)=™ Colonel Panic<12><[U:1:12110320]><Red>" killed "The Administrator<4><BOT><Blue>" with "tf_projectile_pipe_remote" (attacker_position "1083 3234 -63") (victim_position "721 3230 -63")
L 10/08/2014 - 09:59:16: "Kill Me<7><BOT><Red>" killed "Splunk is credit to team!<9><[U:1:197412154]><Blue>" with "sniperrifle" (customkill "headshot") (attacker_position "2693 1507 0") (victim_position "1251 2278 -61")
L 10/08/2014 - 09:59:16: "Archimedes!<5><BOT><Red>" triggered "kill assist" against "Splunk is credit to team!<9><[U:1:197412154]><Blue>" (assister_position "1814 1861 -191") (attacker_position "2693 1507 0") (victim_position "1251 2278 -61")
L 10/08/2014 - 09:59:22: "nulltr0n<11><[U:1:197388838]><Red>" changed role to "engineer"
L 10/08/2014 - 09:59:25: "splunk> All Batbelt, No tights<13><[U:1:197367651]><Blue>" triggered "player_dropobject" (object "OBJ_SENTRYGUN") (position "107 2373 -272")
L 10/08/2014 - 09:59:25: "splunk> All Batbelt, No tights<13><[U:1:197367651]><Blue>" triggered "player_builtobject" (object "OBJ_SENTRYGUN") (position "107 2373 -272")
L 10/08/2014 - 09:59:29: "=(e)=™ Colonel Panic<12><[U:1:12110320]><Red>" killed "Splunk hax0r<14><[U:1:197368576]><Blue>" with "tf_projectile_pipe_remote" (attacker_position "1057 3269 -63") (victim_position "638 3287 -63")
L 10/08/2014 - 09:59:40: "Archimedes!<5><BOT><Red>" killed "Freakin' Unbelievable<3><BOT><Blue>" with "obj_sentrygun3" (attacker_position "1815 1861 -191") (victim_position "1542 2497 -204")
L 10/08/2014 - 09:59:42: "splunk> All Batbelt, No tights<13><[U:1:197367651]><Blue>" triggered "player_builtobject" (object "OBJ_TELEPORTER") (position "144 2049 -276")
L 10/08/2014 - 09:59:49: "nulltr0n<11><[U:1:197388838]><Red>" triggered "player_builtobject" (object "OBJ_SENTRYGUN") (position "2368 2680 -159")
L 10/08/2014 - 09:59:53: "The Administrator<4><BOT><Blue>" killed "=(e)=™ Colonel Panic<12><[U:1:12110320]><Red>" with "tf_projectile_pipe" (attacker_position "1296 3123 -63") (victim_position "1413 3120 -63")
L 10/08/2014 - 09:59:53: "Koriandrr<16><[U:1:124709690]><Blue>" triggered "kill assist" against "=(e)=™ Colonel Panic<12><[U:1:12110320]><Red>" (assister_position "1249 1935 -63") (attacker_position "1296 3123 -63") (victim_position "1413 3120 -63")
L 10/08/2014 - 09:59:56: "Poopy Joe<2><BOT><Red>" killed "The Administrator<4><BOT><Blue>" with "minigun" (attacker_position "1730 2735 -148") (victim_position "1704 2672 -71")
L 10/08/2014 - 09:59:56: "ThatGuy<10><BOT><Red>" triggered "kill assist" against "The Administrator<4><BOT><Blue>" (assister_position "1784 2654 -191") (attacker_position "1730 2735 -148") (victim_position "1704 2672 -71")
L 10/08/2014 - 10:00:00: "=(e)=™ Colonel Panic<12><[U:1:12110320]><Red>" changed role to "pyro"
L 10/08/2014 - 10:00:00: "Kill Me<7><BOT><Red>" killed "It's Filthy in There!<6><BOT><Blue>" with "sniperrifle" (attacker_position "2656 1665 -123") (victim_position "1291 2266 -260")
L 10/08/2014 - 10:00:00: "Archimedes!<5><BOT><Red>" triggered "kill assist" against "It's Filthy in There!<6><BOT><Blue>" (assister_position "1815 1861 -191") (attacker_position "2656 1665 -123") (victim_position "1291 2266 -260")
L 10/08/2014 - 10:00:10: "splunk> All Batbelt, No tights<13><[U:1:197367651]><Blue>" triggered "player_carryobject" (object "OBJ_SENTRYGUN") (position "159 2312 -257")
L 10/08/2014 - 10:00:13: "Poopy Joe<2><BOT><Red>" killed "Freakin' Unbelievable<3><BOT><Blue>" with "minigun" (attacker_position "1549 2452 -210") (victim_position "1566 2398 -209")
L 10/08/2014 - 10:00:13: "ThatGuy<10><BOT><Red>" triggered "kill assist" against "Freakin' Unbelievable<3><BOT><Blue>" (assister_position "1364 2339 -178") (attacker_position "1549 2452 -210") (victim_position "1566 2398 -209")
L 10/08/2014 - 10:00:16: "Kill Me<7><BOT><Red>" killed "Splunk is credit to team!<9><[U:1:197412154]><Blue>" with "sniperrifle" (attacker_position "2656 1665 -123") (victim_position "862 2669 -63")
L 10/08/2014 - 10:00:16: "splunk> CannonFodder<15><[U:1:197388939]><Red>" triggered "kill assist" against "Splunk is credit to team!<9><[U:1:197412154]><Blue>" (assister_position "1781 2713 -182") (attacker_position "2656 1665 -123") (victim_position "862 2669 -63")
L 10/08/2014 - 10:00:24: "splunk> All Batbelt, No tights<13><[U:1:197367651]><Blue>" triggered "player_dropobject" (object "OBJ_SENTRYGUN") (position "1094 1982 -63")
L 10/08/2014 - 10:00:24: "splunk> All Batbelt, No tights<13><[U:1:197367651]><Blue>" triggered "player_builtobject" (object "OBJ_SENTRYGUN") (position "1094 1982 -63")
L 10/08/2014 - 10:00:24: "ThatGuy<10><BOT><Red>" triggered "chargedeployed"
L 10/08/2014 - 10:00:26: "Splunk is credit to team!<9><[U:1:197412154]><Blue>" changed role to "sniper"
L 10/08/2014 - 10:00:30: World triggered "Mini_Round_Win" (winner "Red") (round "round_1")
L 10/08/2014 - 10:00:30: World triggered "Mini_Round_Length" (seconds "600.03")
L 10/08/2014 - 10:00:30: World triggered "Round_Win" (winner "Red")
L 10/08/2014 - 10:00:30: Team "Red" current score "0" with "7" players
L 10/08/2014 - 10:00:30: Team "Blue" current score "1" with "8" players
L 10/08/2014 - 10:00:30: "The Administrator<4><BOT><Blue>" killed "=(e)=™ Colonel Panic<12><[U:1:12110320]><Red>" with "tf_projectile_pipe" (attacker_position "1117 2151 -255") (victim_position "1016 1956 -255")
L 10/08/2014 - 10:00:31: "Archimedes!<5><BOT><Red>" triggered "medic_death" against "CryBaby<8><BOT><Blue>" (healing "612") (ubercharge "0")
L 10/08/2014 - 10:00:31: "Archimedes!<5><BOT><Red>" killed "CryBaby<8><BOT><Blue>" with "obj_sentrygun3" (attacker_position "1826 2160 -193") (victim_position "1026 2295 -47")
L 10/08/2014 - 10:00:31: "Poopy Joe<2><BOT><Red>" triggered "kill assist" against "CryBaby<8><BOT><Blue>" (assister_position "2008 2182 -202") (attacker_position "1826 2160 -193") (victim_position "1026 2295 -47")
L 10/08/2014 - 10:00:33: "It's Filthy in There!<6><BOT><Blue>" stuck (position "450.71 2525.47 -255.15") (duration "3.36") L 10/08/2014 - 10:00:33:    path_goal ( "750.00 2600.00 -255.97" )
L 10/08/2014 - 10:00:33: "It's Filthy in There!<6><BOT><Blue>" stuck (position "450.71 2525.47 -255.15") (duration "3.47") L 10/08/2014 - 10:00:33:    path_goal ( "750.00 2600.00 -255.97" )
L 10/08/2014 - 10:00:34: "Archimedes!<5><BOT><Red>" killed "The Administrator<4><BOT><Blue>" with "obj_sentrygun3" (attacker_position "1592 2708 -63") (victim_position "1163 2335 -258")
L 10/08/2014 - 10:00:34: "It's Filthy in There!<6><BOT><Blue>" stuck (position "450.71 2525.47 -255.15") (duration "4.52") L 10/08/2014 - 10:00:34:    path_goal ( "750.00 2600.00 -255.97" )
L 10/08/2014 - 10:00:35: "It's Filthy in There!<6><BOT><Blue>" stuck (position "450.71 2525.47 -255.15") (duration "5.57") L 10/08/2014 - 10:00:35:    path_goal ( "750.00 2600.00 -255.97" )
L 10/08/2014 - 10:00:36: "It's Filthy in There!<6><BOT><Blue>" stuck (position "450.71 2525.47 -255.15") (duration "6.61") L 10/08/2014 - 10:00:36:    path_goal ( "750.00 2600.00 -255.97" )
L 10/08/2014 - 10:00:37: "It's Filthy in There!<6><BOT><Blue>" stuck (position "450.71 2525.47 -255.15") (duration "7.67") L 10/08/2014 - 10:00:37:    path_goal ( "150.00 2500.00 -255.97" )
L 10/08/2014 - 10:00:39: "It's Filthy in There!<6><BOT><Blue>" stuck (position "450.71 2525.47 -255.15") (duration "8.72") L 10/08/2014 - 10:00:39:    path_goal ( "150.00 2500.00 -255.97" )
L 10/08/2014 - 10:00:40: "It's Filthy in There!<6><BOT><Blue>" stuck (position "450.71 2525.47 -255.15") (duration "9.77") L 10/08/2014 - 10:00:40:    path_goal ( "750.00 2600.00 -255.97" )
L 10/08/2014 - 10:00:41: "It's Filthy in There!<6><BOT><Blue>" stuck (position "450.71 2525.47 -255.15") (duration "10.82") L 10/08/2014 - 10:00:41:    path_goal ( "750.00 2600.00 -255.97" )
L 10/08/2014 - 10:00:41: "nulltr0n<11><[U:1:197388838]><Red>" triggered "killedobject" (object "OBJ_SENTRYGUN") (weapon "shotgun_primary") (objectowner "splunk> All Batbelt, No tights<13><[U:1:197367651]><Blue>") (attacker_position "1638 2294 -202")
L 10/08/2014 - 10:00:42: "It's Filthy in There!<6><BOT><Blue>" stuck (position "450.71 2525.47 -255.15") (duration "11.86") L 10/08/2014 - 10:00:42:    path_goal ( "750.00 2600.00 -255.97" )
L 10/08/2014 - 10:00:42: "ThatGuy<10><BOT><Red>" killed "splunk> All Batbelt, No tights<13><[U:1:197367651]><Blue>" with "syringegun_medic" (attacker_position "1112 1617 -63") (victim_position "1100 1900 -63")
L 10/08/2014 - 10:00:43: "It's Filthy in There!<6><BOT><Blue>" stuck (position "450.71 2525.47 -255.15") (duration "12.92") L 10/08/2014 - 10:00:43:    path_goal ( "750.00 2600.00 -255.97" )
L 10/08/2014 - 10:00:43: "Poopy Joe<2><BOT><Red>" triggered "killedobject" (object "OBJ_TELEPORTER") (weapon "minigun") (objectowner "It's Filthy in There!<6><BOT><Blue>") (attacker_position "766 1724 -219")
L 10/08/2014 - 10:00:44: "It's Filthy in There!<6><BOT><Blue>" stuck (position "450.71 2525.47 -255.15") (duration "13.97") L 10/08/2014 - 10:00:44:    path_goal ( "750.00 2600.00 -255.97" )
L 10/08/2014 - 10:00:44: "=(e)=™ Colonel Panic<12><[U:1:12110320]><Red>" changed role to "spy"
L 10/08/2014 - 10:00:45: World triggered "Game_Over" reason "Reached Time Limit"
L 10/08/2014 - 10:00:45: Team "Red" final score "0" with "7" players
L 10/08/2014 - 10:00:45: Team "Blue" final score "1" with "8" players
L 10/08/2014 - 10:00:45: "It's Filthy in There!<6><BOT><Blue>" stuck (position "450.71 2525.47 -255.15") (duration "15.02") L 10/08/2014 - 10:00:45:    path_goal ( "750.00 2600.00 -255.97" )
L 10/08/2014 - 10:00:46: "It's Filthy in There!<6><BOT><Blue>" stuck (position "450.71 2525.47 -255.15") (duration "16.07") L 10/08/2014 - 10:00:46:    path_goal ( "750.00 2600.00 -255.97" )
L 10/08/2014 - 10:00:47: "It's Filthy in There!<6><BOT><Blue>" stuck (position "450.71 2525.47 -255.15") (duration "17.11") L 10/08/2014 - 10:00:47:    path_goal ( "750.00 2600.00 -255.97" )
L 10/08/2014 - 10:00:48: "ThatGuy<10><BOT><Red>" stuck (position "1053.34 2255.94 -252.97") (duration "3.15") L 10/08/2014 - 10:00:48:    path_goal ( "1053.34 2225.00 -256.93" )
L 10/08/2014 - 10:00:48: "ThatGuy<10><BOT><Red>" stuck (position "1053.34 2255.94 -252.97") (duration "3.26") L 10/08/2014 - 10:00:48:    path_goal ( "1053.34 2225.00 -256.93" )
L 10/08/2014 - 10:00:48: "It's Filthy in There!<6><BOT><Blue>" stuck (position "450.71 2525.47 -255.15") (duration "18.17") L 10/08/2014 - 10:00:48:    path_goal ( "750.00 2600.00 -255.97" )
L 10/08/2014 - 10:00:48: "Kill Me<7><BOT><Red>" stuck (position "947.60 2142.14 -63.97") (duration "3.36") L 10/08/2014 - 10:00:48:    path_goal ( "1175.00 2075.00 -63.97" )
L 10/08/2014 - 10:00:48: "Kill Me<7><BOT><Red>" stuck (position "947.60 2142.14 -63.97") (duration "3.47") L 10/08/2014 - 10:00:48:    path_goal ( "1175.00 2075.00 -63.97" )
L 10/08/2014 - 10:00:48: "Archimedes!<5><BOT><Red>" stuck (position "1039.89 2062.02 -254.48") (duration "3.36") L 10/08/2014 - 10:00:48:    path_goal ( "1039.89 2125.00 -255.65" )
L 10/08/2014 - 10:00:49: "Archimedes!<5><BOT><Red>" stuck (position "1039.89 2062.02 -254.48") (duration "3.47") L 10/08/2014 - 10:00:49:    path_goal ( "1039.89 2075.00 -254.64" )
L 10/08/2014 - 10:00:49: "ThatGuy<10><BOT><Red>" stuck (position "1053.34 2255.94 -252.97") (duration "4.30") L 10/08/2014 - 10:00:49:    path_goal ( "1053.34 2225.00 -256.93" )
L 10/08/2014 - 10:00:49: "It's Filthy in There!<6><BOT><Blue>" stuck (position "450.71 2525.47 -255.15") (duration "19.22") L 10/08/2014 - 10:00:49:    path_goal ( "750.00 2600.00 -255.97" )
L 10/08/2014 - 10:00:49: "Kill Me<7><BOT><Red>" stuck (position "947.60 2142.14 -63.97") (duration "4.52") L 10/08/2014 - 10:00:49:    path_goal ( "1175.00 2075.00 -63.97" )
L 10/08/2014 - 10:00:50: "Archimedes!<5><BOT><Red>" stuck (position "1039.89 2062.02 -254.48") (duration "4.52") L 10/08/2014 - 10:00:50:    path_goal ( "1039.89 2125.00 -255.65" )
L 10/08/2014 - 10:00:50: "Poopy Joe<2><BOT><Red>" stuck (position "908.39 1909.35 -255.96") (duration "4.41") L 10/08/2014 - 10:00:50:    path_goal ( "800.00 1900.00 -255.82" )
L 10/08/2014 - 10:00:50: "Poopy Joe<2><BOT><Red>" stuck (position "908.39 1909.35 -255.96") (duration "4.52") L 10/08/2014 - 10:00:50:    path_goal ( "NULL" )
L 10/08/2014 - 10:00:50: "ThatGuy<10><BOT><Red>" stuck (position "1053.34 2255.94 -252.97") (duration "5.35") L 10/08/2014 - 10:00:50:    path_goal ( "1053.34 2225.00 -256.93" )
L 10/08/2014 - 10:00:50: "It's Filthy in There!<6><BOT><Blue>" stuck (position "450.71 2525.47 -255.15") (duration "20.27") L 10/08/2014 - 10:00:50:    path_goal ( "750.00 2600.00 -255.97" )
L 10/08/2014 - 10:00:50: "Kill Me<7><BOT><Red>" stuck (position "947.60 2142.14 -63.97") (duration "5.57") L 10/08/2014 - 10:00:50:    path_goal ( "1175.00 2075.00 -63.97" )
L 10/08/2014 - 10:00:51: "Archimedes!<5><BOT><Red>" stuck (position "1039.89 2062.02 -254.48") (duration "5.57") L 10/08/2014 - 10:00:51:    path_goal ( "1039.89 2125.00 -255.65" )
L 10/08/2014 - 10:00:51: "ThatGuy<10><BOT><Red>" stuck (position "1053.34 2255.94 -252.97") (duration "6.41") L 10/08/2014 - 10:00:51:    path_goal ( "1053.34 2225.00 -256.93" )
L 10/08/2014 - 10:00:51: "It's Filthy in There!<6><BOT><Blue>" stuck (position "450.71 2525.47 -255.15") (duration "21.32") L 10/08/2014 - 10:00:51:    path_goal ( "750.00 2600.00 -255.97" )
L 10/08/2014 - 10:00:51: "Kill Me<7><BOT><Red>" stuck (position "947.60 2142.14 -63.97") (duration "6.61") L 10/08/2014 - 10:00:51:    path_goal ( "1175.00 2075.00 -63.97" )
L 10/08/2014 - 10:00:52: "Archimedes!<5><BOT><Red>" stuck (position "1039.89 2062.02 -254.48") (duration "6.61") L 10/08/2014 - 10:00:52:    path_goal ( "1039.89 2125.00 -255.65" )
L 10/08/2014 - 10:00:52: "ThatGuy<10><BOT><Red>" stuck (position "1053.34 2255.94 -252.97") (duration "7.46") L 10/08/2014 - 10:00:52:    path_goal ( "1053.34 2225.00 -256.93" )
L 10/08/2014 - 10:00:52: "It's Filthy in There!<6><BOT><Blue>" stuck (position "450.71 2525.47 -255.15") (duration "22.36") L 10/08/2014 - 10:00:52:    path_goal ( "750.00 2600.00 -255.97" )
L 10/08/2014 - 10:00:52: "Kill Me<7><BOT><Red>" stuck (position "947.60 2142.14 -63.97") (duration "7.66") L 10/08/2014 - 10:00:52:    path_goal ( "1175.00 2075.00 -63.97" )
L 10/08/2014 - 10:00:53: "Archimedes!<5><BOT><Red>" stuck (position "1039.89 2062.02 -254.48") (duration "7.66") L 10/08/2014 - 10:00:53:    path_goal ( "1039.89 2125.00 -255.65" )
L 10/08/2014 - 10:00:53: "ThatGuy<10><BOT><Red>" stuck (position "1053.34 2255.94 -252.97") (duration "8.51") L 10/08/2014 - 10:00:53:    path_goal ( "1053.34 2225.00 -256.93" )
L 10/08/2014 - 10:00:53: "It's Filthy in There!<6><BOT><Blue>" stuck (position "450.71 2525.47 -255.15") (duration "23.42") L 10/08/2014 - 10:00:53:    path_goal ( "750.00 2600.00 -255.97" )
L 10/08/2014 - 10:00:53: "Kill Me<7><BOT><Red>" stuck (position "947.60 2142.14 -63.97") (duration "8.72") L 10/08/2014 - 10:00:53:    path_goal ( "1175.00 2075.00 -63.97" )
L 10/08/2014 - 10:00:54: "Archimedes!<5><BOT><Red>" stuck (position "1039.89 2062.02 -254.48") (duration "8.72") L 10/08/2014 - 10:00:54:    path_goal ( "1039.89 2125.00 -255.65" )
L 10/08/2014 - 10:00:54: "ThatGuy<10><BOT><Red>" stuck (position "1053.34 2255.94 -252.97") (duration "9.55") L 10/08/2014 - 10:00:54:    path_goal ( "1053.34 2225.00 -256.93" )
L 10/08/2014 - 10:00:54: "It's Filthy in There!<6><BOT><Blue>" stuck (position "450.71 2525.47 -255.15") (duration "24.47") L 10/08/2014 - 10:00:54:    path_goal ( "750.00 2600.00 -255.97" )
L 10/08/2014 - 10:00:54: "Poopy Joe<2><BOT><Red>" stuck (position "908.39 1909.35 -255.96") (duration "4.41") L 10/08/2014 - 10:00:54:    path_goal ( "800.00 1900.00 -255.82" )
L 10/08/2014 - 10:00:54: "Poopy Joe<2><BOT><Red>" stuck (position "908.39 1909.35 -255.96") (duration "4.51") L 10/08/2014 - 10:00:54:    path_goal ( "NULL" )
L 10/08/2014 - 10:00:54: "Kill Me<7><BOT><Red>" stuck (position "947.60 2142.14 -63.97") (duration "9.77") L 10/08/2014 - 10:00:54:    path_goal ( "1175.00 2075.00 -63.97" )
L 10/08/2014 - 10:00:55: Loading map "ctf_2fort"
L 10/08/2014 - 10:00:55: server cvars start
L 10/08/2014 - 10:00:55: "tf_playergib" = "1"
L 10/08/2014 - 10:00:55: "tf_allow_player_use" = "0"
L 10/08/2014 - 10:00:55: "tf_mvm_death_penalty" = "0"
L 10/08/2014 - 10:00:55: "sv_maxusrcmdprocessticks" = "24"
L 10/08/2014 - 10:00:55: "mp_teamplay" = "0"
L 10/08/2014 - 10:00:55: "mp_falldamage" = "0"
L 10/08/2014 - 10:00:55: "mp_weaponstay" = "0"
L 10/08/2014 - 10:00:55: "mp_forcerespawn" = "1"
L 10/08/2014 - 10:00:55: "mp_footsteps" = "1"
L 10/08/2014 - 10:00:55: "mp_flashlight" = "0"
L 10/08/2014 - 10:00:55: "mp_autocrosshair" = "1"
L 10/08/2014 - 10:00:55: "decalfrequency" = "10"
L 10/08/2014 - 10:00:55: "mp_teamlist" = "hgrunt;scientist"
L 10/08/2014 - 10:00:55: "mp_allowNPCs" = "1"
L 10/08/2014 - 10:00:55: "sv_alltalk" = "0"
L 10/08/2014 - 10:00:55: "tf_weapon_criticals" = "1"
L 10/08/2014 - 10:00:55: "tf_damage_disablespread" = "0"
L 10/08/2014 - 10:00:55: "tf_player_name_change_time" = "60"
L 10/08/2014 - 10:00:55: "tf_force_holidays_off" = "0"
L 10/08/2014 - 10:00:55: "tf_birthday" = "0"
L 10/08/2014 - 10:00:55: "mp_tournament_stopwatch" = "1"
L 10/08/2014 - 10:00:55: "mp_windifference" = "0"
L 10/08/2014 - 10:00:55: "mp_windifference_min" = "0"
L 10/08/2014 - 10:00:55: "tf_medieval" = "0"
L 10/08/2014 - 10:00:55: "tf_medieval_autorp" = "1"
L 10/08/2014 - 10:00:55: "tf_arena_force_class" = "0"
L 10/08/2014 - 10:00:55: "tf_arena_change_limit" = "1"
L 10/08/2014 - 10:00:55: "tf_arena_override_cap_enable_time" = "-1"
L 10/08/2014 - 10:00:55: "tf_arena_first_blood" = "1"
L 10/08/2014 - 10:00:55: "tf_mvm_min_players_to_start" = "3"
L 10/08/2014 - 10:00:55: "tf_gamemode_arena" = "0"
L 10/08/2014 - 10:00:55: "tf_gamemode_cp" = "1"
L 10/08/2014 - 10:00:55: "tf_gamemode_ctf" = "0"
L 10/08/2014 - 10:00:55: "tf_gamemode_sd" = "0"
L 10/08/2014 - 10:00:55: "tf_gamemode_rd" = "0"
L 10/08/2014 - 10:00:55: "tf_beta_content" = "0"
L 10/08/2014 - 10:00:55: "tf_gamemode_payload" = "0"
L 10/08/2014 - 10:00:55: "tf_gamemode_mvm" = "0"
L 10/08/2014 - 10:00:55: "tf_bot_count" = "8"
L 10/08/2014 - 10:00:55: "tf_teamtalk" = "1"
L 10/08/2014 - 10:00:55: "tf_ctf_bonus_time" = "10"
L 10/08/2014 - 10:00:55: "tf_maxspeed" = "400"
L 10/08/2014 - 10:00:55: "tf_max_charge_speed" = "750"
L 10/08/2014 - 10:00:55: "tf_use_fixed_weaponspreads" = "0"
L 10/08/2014 - 10:00:55: "tf_overtime_nag" = "0"
L 10/08/2014 - 10:00:55: "mp_respawnwavetime" = "10.0"
L 10/08/2014 - 10:00:55: "mp_tournament" = "0"
L 10/08/2014 - 10:00:55: "mp_highlander" = "0"
L 10/08/2014 - 10:00:55: "tf_arena_preround_time" = "10"
L 10/08/2014 - 10:00:55: "tf_arena_round_time" = "0"
L 10/08/2014 - 10:00:55: "tf_arena_max_streak" = "3"
L 10/08/2014 - 10:00:55: "tf_arena_use_queue" = "1"
L 10/08/2014 - 10:00:55: "mp_maxrounds" = "0"
L 10/08/2014 - 10:00:55: "mp_winlimit" = "0"
L 10/08/2014 - 10:00:55: "mp_disable_respawn_times" = "0"
L 10/08/2014 - 10:00:55: "mp_stalemate_meleeonly" = "0"
L 10/08/2014 - 10:00:55: "mp_forceautoteam" = "0"
L 10/08/2014 - 10:00:55: "mp_autoteambalance" = "1"
L 10/08/2014 - 10:00:55: "mp_stalemate_enable" = "0"
L 10/08/2014 - 10:00:55: "mp_match_end_at_timelimit" = "0"
L 10/08/2014 - 10:00:55: "mp_holiday_nogifts" = "0"
L 10/08/2014 - 10:00:55: "mp_scrambleteams_auto" = "1"
L 10/08/2014 - 10:00:55: "mp_scrambleteams_auto_windifference" = "2"
L 10/08/2014 - 10:00:55: "mp_timelimit" = "15"
L 10/08/2014 - 10:00:55: "mp_fraglimit" = "0"
L 10/08/2014 - 10:00:55: "nextlevel" = ""
L 10/08/2014 - 10:00:55: "sv_gravity" = "800"
L 10/08/2014 - 10:00:55: "sv_stopspeed" = "100"
L 10/08/2014 - 10:00:55: "sv_noclipaccelerate" = "5"
L 10/08/2014 - 10:00:55: "sv_noclipspeed" = "5"
L 10/08/2014 - 10:00:55: "sv_specaccelerate" = "5"
L 10/08/2014 - 10:00:55: "sv_specspeed" = "3"
L 10/08/2014 - 10:00:55: "sv_specnoclip" = "1"
L 10/08/2014 - 10:00:55: "sv_maxspeed" = "320"
L 10/08/2014 - 10:00:55: "sv_accelerate" = "10"
L 10/08/2014 - 10:00:55: "sv_airaccelerate" = "10"
L 10/08/2014 - 10:00:55: "sv_wateraccelerate" = "10"
L 10/08/2014 - 10:00:55: "sv_waterfriction" = "1"
L 10/08/2014 - 10:00:55: "sv_footsteps" = "1"
L 10/08/2014 - 10:00:55: "sv_rollspeed" = "200"
L 10/08/2014 - 10:00:55: "sv_rollangle" = "0"
L 10/08/2014 - 10:00:55: "sv_friction" = "4"
L 10/08/2014 - 10:00:55: "sv_bounce" = "0"
L 10/08/2014 - 10:00:55: "sv_stepsize" = "18"
L 10/08/2014 - 10:00:55: "r_VehicleViewDampen" = "1"
L 10/08/2014 - 10:00:55: "r_JeepViewDampenFreq" = "7.0"
L 10/08/2014 - 10:00:55: "r_JeepViewDampenDamp" = "1.0"
L 10/08/2014 - 10:00:55: "r_JeepViewZHeight" = "10.0"
L 10/08/2014 - 10:00:55: "r_AirboatViewDampenFreq" = "7.0"
L 10/08/2014 - 10:00:55: "r_AirboatViewDampenDamp" = "1.0"
L 10/08/2014 - 10:00:55: "r_AirboatViewZHeight" = "0.0"
L 10/08/2014 - 10:00:55: "mp_friendlyfire" = "0"
L 10/08/2014 - 10:00:55: "mp_fadetoblack" = "0"
L 10/08/2014 - 10:00:55: "tf_mm_servermode" = "0"
L 10/08/2014 - 10:00:55: "tf_mm_strict" = "0"
L 10/08/2014 - 10:00:55: "tf_mm_trusted" = "0"
L 10/08/2014 - 10:00:55: "tf_server_identity_disable_quickplay" = "0"
L 10/08/2014 - 10:00:55: "sv_registration_successful" = "0"
L 10/08/2014 - 10:00:55: "sv_registration_message" = "No account specified"
L 10/08/2014 - 10:00:55: "sv_steamgroup" = ""
L 10/08/2014 - 10:00:55: "sv_cheats" = "1"
L 10/08/2014 - 10:00:55: "sv_pausable" = "0"
L 10/08/2014 - 10:00:55: "sv_contact" = "admin@yourdomain.com"
L 10/08/2014 - 10:00:55: "sv_voiceenable" = "1"
L 10/08/2014 - 10:00:55: "tv_enable" = "0"
L 10/08/2014 - 10:00:55: "deathmatch" = "1"
L 10/08/2014 - 10:00:55: "coop" = "0"
L 10/08/2014 - 10:00:55: "tv_password" = ""
L 10/08/2014 - 10:00:55: "tv_relaypassword" = ""
L 10/08/2014 - 10:00:55: "sv_password" = ""
L 10/08/2014 - 10:00:55: "sv_tags" = "bots,cp"
L 10/08/2014 - 10:00:55: server cvars end
L 10/08/2014 - 10:00:56: Started map "ctf_2fort" (CRC "7d246aafbbd18b8ccbfdb9937dbc7769")
L 10/08/2014 - 10:00:56: Executing dedicated server config file server.cfg
L 10/08/2014 - 10:01:03: server_cvar: "tf_gamemode_cp" "0"
L 10/08/2014 - 10:01:03: server_cvar: "sv_tags" "bots"
L 10/08/2014 - 10:01:03: server_cvar: "sv_tags" "bots"
L 10/08/2014 - 10:01:03: server_cvar: "tf_bot_count" "0"
L 10/08/2014 - 10:01:03: server_cvar: "sv_tags" ""
L 10/08/2014 - 10:01:03: server_cvar: "tf_gamemode_ctf" "1"
L 10/08/2014 - 10:01:03: server_cvar: "sv_tags" "ctf"
L 10/08/2014 - 10:01:03: server_cvar: "sv_tags" "ctf"
L 10/08/2014 - 10:01:03: Initializing Steam libraries for LAN server
L 10/08/2014 - 10:01:03: No account token specified; logging into anonymous game server account.  (Use sv_setsteamaccount to login to a persistent account.)
L 10/08/2014 - 10:01:03: "Koriandrr<16><[U:1:124709690]><>" disconnected (reason "Disconnect by user.")
L 10/08/2014 - 10:01:03: "Still Alive<17><BOT><>" connected, address "none"
L 10/08/2014 - 10:01:03: "<17><BOT><>" entered the game
L 10/08/2014 - 10:01:03: "Still Alive<17><BOT><Unassigned>" joined team "Red"
L 10/08/2014 - 10:01:03: "Still Alive<17><BOT><Red>" changed role to "scout"
L 10/08/2014 - 10:01:03: "Still Alive<17><BOT><Red>" changed name to "Hat-Wearing MAN"
L 10/08/2014 - 10:01:03: "Me<18><BOT><>" connected, address "none"
L 10/08/2014 - 10:01:03: "<18><BOT><>" entered the game
L 10/08/2014 - 10:01:03: "Me<18><BOT><Unassigned>" joined team "Blue"
L 10/08/2014 - 10:01:03: "Me<18><BOT><Blue>" changed role to "scout"
L 10/08/2014 - 10:01:03: "Me<18><BOT><Blue>" changed name to "Numnutz"
L 10/08/2014 - 10:01:03: "H@XX0RZ<19><BOT><>" connected, address "none"
L 10/08/2014 - 10:01:03: "<19><BOT><>" entered the game
L 10/08/2014 - 10:01:03: "H@XX0RZ<19><BOT><Unassigned>" joined team "Red"
L 10/08/2014 - 10:01:03: "H@XX0RZ<19><BOT><Red>" changed role to "demoman"
L 10/08/2014 - 10:01:03: "H@XX0RZ<19><BOT><Red>" changed name to "The G-Man"
L 10/08/2014 - 10:01:04: "Chell<20><BOT><>" connected, address "none"
L 10/08/2014 - 10:01:04: "<20><BOT><>" entered the game
L 10/08/2014 - 10:01:04: "Chell<20><BOT><Unassigned>" joined team "Blue"
L 10/08/2014 - 10:01:04: "Chell<20><BOT><Blue>" changed role to "soldier"
L 10/08/2014 - 10:01:04: Assigned anonymous gameserver Steam ID [A:1:1975374851:4717].
L 10/08/2014 - 10:01:04: "Chell<20><BOT><Blue>" changed name to "The Combine"
L 10/08/2014 - 10:01:04: CTFGCServerSystem - removing listener to old Steam ID [A:1:1863192581:4717]
L 10/08/2014 - 10:01:04: VAC secure mode disabled.
L 10/08/2014 - 10:01:04: "Totally Not A Bot<21><BOT><>" connected, address "none"
L 10/08/2014 - 10:01:04: "<21><BOT><>" entered the game
L 10/08/2014 - 10:01:04: "Totally Not A Bot<21><BOT><Unassigned>" joined team "Blue"
L 10/08/2014 - 10:01:04: "Totally Not A Bot<21><BOT><Blue>" changed role to "heavyweapons"
L 10/08/2014 - 10:01:04: "Totally Not A Bot<21><BOT><Blue>" changed name to "Pow!"
