L 10/08/2014 - 09:14:55: Log file started (file "logs/L1008003.log") (game "/home/tf2/hlserver/tf2/tf") (version "2426090")
L 10/08/2014 - 09:14:55: server_cvar: "sv_cheats" "1"
L 10/08/2014 - 09:14:55: "Ribs Grow Back<2><BOT><>" connected, address "none"
L 10/08/2014 - 09:14:55: "<2><BOT><>" entered the game
L 10/08/2014 - 09:14:55: "Ribs Grow Back<2><BOT><Unassigned>" joined team "Red"
L 10/08/2014 - 09:14:55: "Ribs Grow Back<2><BOT><Red>" changed role to "scout"
L 10/08/2014 - 09:14:55: "Ribs Grow Back<2><BOT><Red>" changed name to "It's Filthy in There!"
L 10/08/2014 - 09:14:55: Sending CMsgGameServerMatchmakingStatus (state=ServerMatchmakingState_NOT_PARTICIPATING)
L 10/08/2014 - 09:14:55: "Mega Baboon<3><BOT><>" connected, address "none"
L 10/08/2014 - 09:14:55: "<3><BOT><>" entered the game
L 10/08/2014 - 09:14:55: "Mega Baboon<3><BOT><Unassigned>" joined team "Blue"
L 10/08/2014 - 09:14:55: "Mega Baboon<3><BOT><Blue>" changed role to "scout"
L 10/08/2014 - 09:14:55: "Mega Baboon<3><BOT><Blue>" changed name to "Kill Me"
L 10/08/2014 - 09:14:55: "Chucklenuts<4><BOT><>" connected, address "none"
L 10/08/2014 - 09:14:55: "<4><BOT><>" entered the game
L 10/08/2014 - 09:14:55: "Chucklenuts<4><BOT><Unassigned>" joined team "Blue"
L 10/08/2014 - 09:14:55: "Chucklenuts<4><BOT><Blue>" changed role to "demoman"
L 10/08/2014 - 09:14:55: "Chucklenuts<4><BOT><Blue>" changed name to "CryBaby"
L 10/08/2014 - 09:14:55: Connection to Steam servers successful.
L 10/08/2014 - 09:14:55:    Public IP is 68.110.44.24.
L 10/08/2014 - 09:14:55: Assigned anonymous gameserver Steam ID [A:1:1495888901:4717].
L 10/08/2014 - 09:14:55: "WITCH<5><BOT><>" connected, address "none"
L 10/08/2014 - 09:14:55: "<5><BOT><>" entered the game
L 10/08/2014 - 09:14:55: "WITCH<5><BOT><Unassigned>" joined team "Red"
L 10/08/2014 - 09:14:55: "WITCH<5><BOT><Red>" changed role to "engineer"
L 10/08/2014 - 09:14:55: "WITCH<5><BOT><Red>" changed name to "ThatGuy"
L 10/08/2014 - 09:14:56: VAC secure mode is activated.
L 10/08/2014 - 09:14:56: tf_server_identity_account_id not set; not logging into registered account
L 10/08/2014 - 09:14:56: "Still Alive<6><BOT><>" connected, address "none"
L 10/08/2014 - 09:14:56: "<6><BOT><>" entered the game
L 10/08/2014 - 09:14:56: "Still Alive<6><BOT><Unassigned>" joined team "Blue"
L 10/08/2014 - 09:14:56: "Still Alive<6><BOT><Blue>" changed role to "scout"
L 10/08/2014 - 09:14:56: "Still Alive<6><BOT><Blue>" changed name to "Hat-Wearing MAN"
L 10/08/2014 - 09:14:56: "Me<7><BOT><>" connected, address "none"
L 10/08/2014 - 09:14:56: "<7><BOT><>" entered the game
L 10/08/2014 - 09:14:56: "Me<7><BOT><Unassigned>" joined team "Red"
L 10/08/2014 - 09:14:56: "Me<7><BOT><Red>" changed role to "demoman"
L 10/08/2014 - 09:14:56: "Me<7><BOT><Red>" changed name to "Numnutz"
L 10/08/2014 - 09:14:56: "H@XX0RZ<8><BOT><>" connected, address "none"
L 10/08/2014 - 09:14:56: "<8><BOT><>" entered the game
L 10/08/2014 - 09:14:56: "H@XX0RZ<8><BOT><Unassigned>" joined team "Blue"
L 10/08/2014 - 09:14:56: "H@XX0RZ<8><BOT><Blue>" changed role to "medic"
L 10/08/2014 - 09:14:56: "H@XX0RZ<8><BOT><Blue>" changed name to "The G-Man"
L 10/08/2014 - 09:14:56: "Chell<9><BOT><>" connected, address "none"
L 10/08/2014 - 09:14:57: "<9><BOT><>" entered the game
L 10/08/2014 - 09:14:57: "Chell<9><BOT><Unassigned>" joined team "Red"
L 10/08/2014 - 09:14:57: "Chell<9><BOT><Red>" changed role to "medic"
L 10/08/2014 - 09:14:57: "Chell<9><BOT><Red>" changed name to "The Combine"
L 10/08/2014 - 09:15:00: server_cvar: "tf_bot_count" "8"
L 10/08/2014 - 09:15:00: server_cvar: "sv_tags" "bots,cp"
L 10/08/2014 - 09:15:01: "ThatGuy<5><BOT><Red>" triggered "player_builtobject" (object "OBJ_TELEPORTER") (position "2490 987 -188")
L 10/08/2014 - 09:15:10: "Hat-Wearing MAN<6><BOT><Blue>" stuck (position "-1628.23 1633.47 -255.89") (duration "2.52") L 10/08/2014 - 09:15:10:    path_goal ( "-216.00 2792.00 -247.97" )
L 10/08/2014 - 09:15:10: "Kill Me<3><BOT><Blue>" stuck (position "-1627.21 1633.47 -255.90") (duration "2.52") L 10/08/2014 - 09:15:10:    path_goal ( "-216.00 2792.00 -247.97" )
L 10/08/2014 - 09:15:12: "Hat-Wearing MAN<6><BOT><Blue>" stuck (position "-1627.21 1633.47 -255.89") (duration "2.52") L 10/08/2014 - 09:15:12:    path_goal ( "-216.00 2792.00 -247.97" )
L 10/08/2014 - 09:15:13: "Kill Me<3><BOT><Blue>" stuck (position "-1659.77 1633.47 -255.93") (duration "2.52") L 10/08/2014 - 09:15:13:    path_goal ( "-216.00 2792.00 -247.97" )
L 10/08/2014 - 09:15:14: "CryBaby<4><BOT><Blue>" stuck (position "-1661.69 1633.47 -255.95") (duration "3.57") L 10/08/2014 - 09:15:14:    path_goal ( "-216.00 2792.00 -247.97" )
L 10/08/2014 - 09:15:15: "Hat-Wearing MAN<6><BOT><Blue>" stuck (position "-1643.21 1633.47 -255.89") (duration "2.52") L 10/08/2014 - 09:15:15:    path_goal ( "-216.00 2792.00 -247.97" )
L 10/08/2014 - 09:15:15: "Kill Me<3><BOT><Blue>" stuck (position "-1627.44 1633.47 -255.89") (duration "2.52") L 10/08/2014 - 09:15:15:    path_goal ( "-216.00 2792.00 -247.97" )
L 10/08/2014 - 09:15:17: "Hat-Wearing MAN<6><BOT><Blue>" stuck (position "-1649.79 1633.47 -255.89") (duration "2.52") L 10/08/2014 - 09:15:17:    path_goal ( "-216.00 2792.00 -247.97" )
L 10/08/2014 - 09:15:17: "CryBaby<4><BOT><Blue>" stuck (position "-1650.06 1633.47 -255.91") (duration "3.57") L 10/08/2014 - 09:15:17:    path_goal ( "-216.00 2792.00 -247.97" )
L 10/08/2014 - 09:15:18: "Kill Me<3><BOT><Blue>" stuck (position "-1627.21 1633.47 -255.89") (duration "2.52") L 10/08/2014 - 09:15:18:    path_goal ( "-216.00 2792.00 -247.97" )
L 10/08/2014 - 09:15:20: "Hat-Wearing MAN<6><BOT><Blue>" stuck (position "-1628.27 1633.47 -255.89") (duration "2.52") L 10/08/2014 - 09:15:20:    path_goal ( "-216.00 2792.00 -247.97" )
L 10/08/2014 - 09:15:20: "Kill Me<3><BOT><Blue>" stuck (position "-1658.11 1633.47 -255.91") (duration "2.52") L 10/08/2014 - 09:15:20:    path_goal ( "-216.00 2792.00 -247.97" )
L 10/08/2014 - 09:15:21: "CryBaby<4><BOT><Blue>" stuck (position "-1640.65 1633.47 -255.89") (duration "3.57") L 10/08/2014 - 09:15:21:    path_goal ( "-216.00 2792.00 -247.97" )
L 10/08/2014 - 09:15:22: "Hat-Wearing MAN<6><BOT><Blue>" stuck (position "-1641.31 1633.47 -255.90") (duration "2.52") L 10/08/2014 - 09:15:22:    path_goal ( "-216.00 2792.00 -247.97" )
L 10/08/2014 - 09:15:23: "Kill Me<3><BOT><Blue>" stuck (position "-1650.42 1633.47 -255.89") (duration "2.52") L 10/08/2014 - 09:15:23:    path_goal ( "-216.00 2792.00 -247.97" )
L 10/08/2014 - 09:15:25: "CryBaby<4><BOT><Blue>" stuck (position "-1633.86 1633.47 -255.89") (duration "3.57") L 10/08/2014 - 09:15:25:    path_goal ( "-216.00 2792.00 -247.97" )
L 10/08/2014 - 09:15:25: "Hat-Wearing MAN<6><BOT><Blue>" stuck (position "-1650.10 1633.47 -255.89") (duration "2.52") L 10/08/2014 - 09:15:25:    path_goal ( "-216.00 2792.00 -247.97" )
L 10/08/2014 - 09:15:25: World triggered "Round_Start"
L 10/08/2014 - 09:15:25: World triggered "Round_Setup_Begin"
L 10/08/2014 - 09:15:25: World triggered "Mini_Round_Selected" (round "round_1")
L 10/08/2014 - 09:15:25: World triggered "Mini_Round_Start"
L 10/08/2014 - 09:15:45: "ThatGuy<5><BOT><Red>" triggered "player_builtobject" (object "OBJ_SENTRYGUN") (position "-63 2300 -289")
L 10/08/2014 - 09:16:11: "ThatGuy<5><BOT><Red>" stuck (position "29.22 2700.37 -247.97") (duration "3.36") L 10/08/2014 - 09:16:11:    path_goal ( "-39.97 2719.98 -247.97" )
L 10/08/2014 - 09:16:11: "ThatGuy<5><BOT><Red>" stuck (position "37.18 2675.98 -222.66") (duration "3.47") L 10/08/2014 - 09:16:11:    path_goal ( "NULL" )
L 10/08/2014 - 09:16:24: "ThatGuy<5><BOT><Red>" triggered "player_builtobject" (object "OBJ_DISPENSER") (position "-42 2314 -286")
L 10/08/2014 - 09:16:25: World triggered "Round_Setup_End"
L 10/08/2014 - 09:16:39: "Numnutz<7><BOT><Red>" killed "Hat-Wearing MAN<6><BOT><Blue>" with "tf_projectile_pipe" (attacker_position "85 1845 -279") (victim_position "-745 2501 -255")
L 10/08/2014 - 09:16:39: "The Combine<9><BOT><Red>" triggered "kill assist" against "Hat-Wearing MAN<6><BOT><Blue>" (assister_position "11 1789 -270") (attacker_position "85 1845 -279") (victim_position "-745 2501 -255")
L 10/08/2014 - 09:16:39: "Hat-Wearing MAN<6><BOT><Blue>" changed role to "demoman"
L 10/08/2014 - 09:16:45: "ThatGuy<5><BOT><Red>" killed "Kill Me<3><BOT><Blue>" with "obj_sentrygun3" (attacker_position "-64 2272 -290") (victim_position "152 2616 -255")
L 10/08/2014 - 09:17:15: "CryBaby<4><BOT><Blue>" triggered "killedobject" (object "OBJ_DISPENSER") (weapon "tf_projectile_pipe_remote") (objectowner "ThatGuy<5><BOT><Red>") (attacker_position "-821 2821 -255")
L 10/08/2014 - 09:17:15: "The G-Man<8><BOT><Blue>" triggered "killedobject" (object "OBJ_DISPENSER") (objectowner "ThatGuy<5><BOT><Red>") (assist "1") (assister_position "-779 2790 -255") (attacker_position "-821 2821 -255")
L 10/08/2014 - 09:17:15: "Hat-Wearing MAN<6><BOT><Blue>" triggered "killedobject" (object "OBJ_SENTRYGUN") (weapon "tf_projectile_pipe_remote") (objectowner "ThatGuy<5><BOT><Red>") (attacker_position "-1081 2807 -255")
L 10/08/2014 - 09:17:19: "Numnutz<7><BOT><Red>" killed "Kill Me<3><BOT><Blue>" with "tf_projectile_pipe_remote" (attacker_position "136 2633 -63") (victim_position "-516 1950 -258")
L 10/08/2014 - 09:17:31: "ThatGuy<5><BOT><Red>" triggered "player_builtobject" (object "OBJ_SENTRYGUN") (position "-359 2585 -122")
L 10/08/2014 - 09:17:34: "Hat-Wearing MAN<6><BOT><Blue>" killed "It's Filthy in There!<2><BOT><Red>" with "tf_projectile_pipe" (attacker_position "-216 2784 -240") (victim_position "-68 2755 -247")
L 10/08/2014 - 09:17:34: "It's Filthy in There!<2><BOT><Red>" triggered "captureblocked" (cp "0") (cpname "#Dustbowl_cap_1_A") (position "-68 2755 -247")
L 10/08/2014 - 09:17:34: "It's Filthy in There!<2><BOT><Red>" killed "Hat-Wearing MAN<6><BOT><Blue>" with "world" (attacker_position "-68 2755 -247") (victim_position "-216 2784 -240")
L 10/08/2014 - 09:17:34: "Hat-Wearing MAN<6><BOT><Blue>" changed role to "scout"
L 10/08/2014 - 09:17:34: "It's Filthy in There!<2><BOT><Red>" changed role to "engineer"
L 10/08/2014 - 09:17:34: "The Combine<9><BOT><Red>" triggered "chargedeployed"
L 10/08/2014 - 09:17:54: "Numnutz<7><BOT><Red>" killed "Kill Me<3><BOT><Blue>" with "tf_projectile_pipe" (attacker_position "59 2348 -274") (victim_position "344 2452 -200")
L 10/08/2014 - 09:17:54: "The Combine<9><BOT><Red>" triggered "kill assist" against "Kill Me<3><BOT><Blue>" (assister_position "-158 2620 -247") (attacker_position "59 2348 -274") (victim_position "344 2452 -200")
L 10/08/2014 - 09:17:54: "Kill Me<3><BOT><Blue>" changed role to "pyro"
L 10/08/2014 - 09:17:57: "The G-Man<8><BOT><Blue>" triggered "chargedeployed"
L 10/08/2014 - 09:18:02: "Hat-Wearing MAN<6><BOT><Blue>" triggered "medic_death" against "The Combine<9><BOT><Red>" (healing "1202") (ubercharge "0")
L 10/08/2014 - 09:18:02: "Hat-Wearing MAN<6><BOT><Blue>" killed "The Combine<9><BOT><Red>" with "scattergun" (attacker_position "-158 2714 -240") (victim_position "-252 2853 -240")
L 10/08/2014 - 09:18:03: "Hat-Wearing MAN<6><BOT><Blue>" killed "Numnutz<7><BOT><Red>" with "scattergun" (attacker_position "-178 2847 -240") (victim_position "-238 2759 -240")
L 10/08/2014 - 09:18:03: "Numnutz<7><BOT><Red>" changed role to "pyro"
L 10/08/2014 - 09:18:05: "CryBaby<4><BOT><Blue>" triggered "killedobject" (object "OBJ_SENTRYGUN") (weapon "tf_projectile_pipe") (objectowner "ThatGuy<5><BOT><Red>") (attacker_position "-423 2602 -127")
L 10/08/2014 - 09:18:05: "The G-Man<8><BOT><Blue>" triggered "killedobject" (object "OBJ_SENTRYGUN") (objectowner "ThatGuy<5><BOT><Red>") (assist "1") (assister_position "-490 2652 -159") (attacker_position "-423 2602 -127")
L 10/08/2014 - 09:18:07: Team "Blue" triggered "pointcaptured" (cp "0") (cpname "#Dustbowl_cap_1_A") (numcappers "3") (player1 "CryBaby<4><BOT><Blue>") (position1 "-285 2778 -240") (player2 "Hat-Wearing MAN<6><BOT><Blue>") (position2 "-301 2809 -240") (player3 "The G-Man<8><BOT><Blue>") (position3 "-338 2692 -247") 
L 10/08/2014 - 09:18:21: "CryBaby<4><BOT><Blue>" killed "It's Filthy in There!<2><BOT><Red>" with "tf_projectile_pipe" (attacker_position "708 2218 -249") (victim_position "777 1926 -255")
L 10/08/2014 - 09:18:21: "The G-Man<8><BOT><Blue>" triggered "kill assist" against "It's Filthy in There!<2><BOT><Red>" (assister_position "445 2177 -255") (attacker_position "708 2218 -249") (victim_position "777 1926 -255")
L 10/08/2014 - 09:18:21: "It's Filthy in There!<2><BOT><Red>" changed role to "soldier"
L 10/08/2014 - 09:18:25: "CryBaby<4><BOT><Blue>" killed "ThatGuy<5><BOT><Red>" with "tf_projectile_pipe" (attacker_position "799 1810 -255") (victim_position "798 1858 -255")
L 10/08/2014 - 09:18:25: "The G-Man<8><BOT><Blue>" triggered "kill assist" against "ThatGuy<5><BOT><Red>" (assister_position "645 2000 -254") (attacker_position "799 1810 -255") (victim_position "798 1858 -255")
L 10/08/2014 - 09:18:29: "Numnutz<7><BOT><Red>" killed "Hat-Wearing MAN<6><BOT><Blue>" with "flamethrower" (attacker_position "1818 1618 -192") (victim_position "1789 1785 -191")
L 10/08/2014 - 09:18:40: "The Combine<9><BOT><Red>" triggered "player_extinguished" against "Numnutz<7><BOT><Red>" with "tf_weapon_medigun" (attacker_position "1418 2168 -231") (victim_position "1270 2287 -257")
L 10/08/2014 - 09:18:41: "Kill Me<3><BOT><Blue>" triggered "medic_death" against "The Combine<9><BOT><Red>" (healing "205") (ubercharge "0")
L 10/08/2014 - 09:18:41: "Kill Me<3><BOT><Blue>" killed "The Combine<9><BOT><Red>" with "flamethrower" (attacker_position "1315 2331 -253") (victim_position "1370 2217 -246")
L 10/08/2014 - 09:18:44: "The G-Man<8><BOT><Blue>" triggered "player_extinguished" against "Kill Me<3><BOT><Blue>" with "tf_weapon_medigun" (attacker_position "918 2424 -251") (victim_position "1040 2639 -255")
L 10/08/2014 - 09:18:45: "The G-Man<8><BOT><Blue>" triggered "player_extinguished" against "Kill Me<3><BOT><Blue>" with "tf_weapon_medigun" (attacker_position "1077 2498 -255") (victim_position "1149 2792 -255")
L 10/08/2014 - 09:18:45: "Numnutz<7><BOT><Red>" triggered "medic_death" against "The G-Man<8><BOT><Blue>" (healing "1185") (ubercharge "0")
L 10/08/2014 - 09:18:45: "Numnutz<7><BOT><Red>" killed "The G-Man<8><BOT><Blue>" with "flamethrower" (attacker_position "1111 2797 -138") (victim_position "1147 2595 -255")
L 10/08/2014 - 09:18:46: "Numnutz<7><BOT><Red>" killed "Kill Me<3><BOT><Blue>" with "flamethrower" (attacker_position "1016 2785 -200") (victim_position "1032 2703 -255")
L 10/08/2014 - 09:18:46: "Kill Me<3><BOT><Blue>" changed role to "scout"
L 10/08/2014 - 09:18:53: "ThatGuy<5><BOT><Red>" triggered "player_builtobject" (object "OBJ_SENTRYGUN") (position "1620 2138 -193")
L 10/08/2014 - 09:19:07: "ThatGuy<5><BOT><Red>" killed "Hat-Wearing MAN<6><BOT><Blue>" with "obj_sentrygun" (attacker_position "899 1911 -255") (victim_position "1386 2488 -61")
L 10/08/2014 - 09:19:07: "It's Filthy in There!<2><BOT><Red>" triggered "kill assist" against "Hat-Wearing MAN<6><BOT><Blue>" (assister_position "1215 2551 -62") (attacker_position "899 1911 -255") (victim_position "1386 2488 -61")
L 10/08/2014 - 09:19:07: "Hat-Wearing MAN<6><BOT><Blue>" changed role to "demoman"
L 10/08/2014 - 09:19:12: "ThatGuy<5><BOT><Red>" triggered "player_builtobject" (object "OBJ_DISPENSER") (position "1630 2135 -193")
L 10/08/2014 - 09:19:12: "It's Filthy in There!<2><BOT><Red>" stuck (position "1289.66 2556.34 -255.97") (duration "4.20") L 10/08/2014 - 09:19:12:    path_goal ( "1325.00 2600.00 -64.67" )
L 10/08/2014 - 09:19:12: "It's Filthy in There!<2><BOT><Red>" stuck (position "1285.82 2559.71 -231.97") (duration "4.30") L 10/08/2014 - 09:19:12:    path_goal ( "NULL" )
L 10/08/2014 - 09:19:17: "Numnutz<7><BOT><Red>" stuck (position "1432.03 682.57 -106.64") (duration "3.36") L 10/08/2014 - 09:19:17:    path_goal ( "-962.50 -2412.50 -127.85" )
L 10/08/2014 - 09:19:20: "Numnutz<7><BOT><Red>" stuck (position "1441.73 678.62 -109.82") (duration "3.36") L 10/08/2014 - 09:19:20:    path_goal ( "-25.00 -2562.50 -126.56" )
L 10/08/2014 - 09:19:32: "Numnutz<7><BOT><Red>" killed "Kill Me<3><BOT><Blue>" with "flamethrower" (attacker_position "2606 1998 -191") (victim_position "2674 2138 -191")
L 10/08/2014 - 09:19:32: "ThatGuy<5><BOT><Red>" triggered "kill assist" against "Kill Me<3><BOT><Blue>" (assister_position "1853 2565 -191") (attacker_position "2606 1998 -191") (victim_position "2674 2138 -191")
L 10/08/2014 - 09:19:32: "Numnutz<7><BOT><Red>" triggered "domination" against "Kill Me<3><BOT><Blue>"
L 10/08/2014 - 09:19:33: "CryBaby<4><BOT><Blue>" triggered "killedobject" (object "OBJ_DISPENSER") (weapon "tf_projectile_pipe_remote") (objectowner "ThatGuy<5><BOT><Red>") (attacker_position "1470 2666 -62")
L 10/08/2014 - 09:19:33: "The G-Man<8><BOT><Blue>" triggered "killedobject" (object "OBJ_DISPENSER") (objectowner "ThatGuy<5><BOT><Red>") (assist "1") (assister_position "1399 2720 -64") (attacker_position "1470 2666 -62")
L 10/08/2014 - 09:19:35: "ThatGuy<5><BOT><Red>" triggered "medic_death" against "The G-Man<8><BOT><Blue>" (healing "197") (ubercharge "0")
L 10/08/2014 - 09:19:35: "ThatGuy<5><BOT><Red>" killed "The G-Man<8><BOT><Blue>" with "obj_sentrygun2" (attacker_position "1803 2451 -205") (victim_position "1384 2731 -64")
L 10/08/2014 - 09:19:37: "CryBaby<4><BOT><Blue>" triggered "killedobject" (object "OBJ_SENTRYGUN") (weapon "tf_projectile_pipe_remote") (objectowner "ThatGuy<5><BOT><Red>") (attacker_position "1470 2666 -62")
L 10/08/2014 - 09:19:39: "CryBaby<4><BOT><Blue>" killed "Numnutz<7><BOT><Red>" with "tf_projectile_pipe" (attacker_position "1207 2628 -99") (victim_position "1342 2712 -62")
L 10/08/2014 - 09:19:39: "Numnutz<7><BOT><Red>" changed role to "demoman"
L 10/08/2014 - 09:19:43: "Numnutz<7><BOT><Red>" killed "CryBaby<4><BOT><Blue>" with "flamethrower" (attacker_position "1342 2712 -28") (victim_position "1229 2224 -257")
L 10/08/2014 - 09:19:43: "It's Filthy in There!<2><BOT><Red>" triggered "kill assist" against "CryBaby<4><BOT><Blue>" (assister_position "2237 2290 -136") (attacker_position "1342 2712 -28") (victim_position "1229 2224 -257")
L 10/08/2014 - 09:19:43: "CryBaby<4><BOT><Blue>" changed role to "pyro"
L 10/08/2014 - 09:19:49: "ThatGuy<5><BOT><Red>" triggered "player_builtobject" (object "OBJ_SENTRYGUN") (position "1627 2495 -198")
L 10/08/2014 - 09:19:51: "Hat-Wearing MAN<6><BOT><Blue>" triggered "killedobject" (object "OBJ_SENTRYGUN") (weapon "tf_projectile_pipe") (objectowner "ThatGuy<5><BOT><Red>") (attacker_position "1436 2115 -230")
L 10/08/2014 - 09:20:01: "ThatGuy<5><BOT><Red>" triggered "player_builtobject" (object "OBJ_SENTRYGUN") (position "1916 2072 -206")
L 10/08/2014 - 09:20:17: "Hat-Wearing MAN<6><BOT><Blue>" triggered "killedobject" (object "OBJ_SENTRYGUN") (weapon "tf_projectile_pipe_remote") (objectowner "ThatGuy<5><BOT><Red>") (attacker_position "1069 1937 -63")
L 10/08/2014 - 09:20:17: "The G-Man<8><BOT><Blue>" triggered "killedobject" (object "OBJ_SENTRYGUN") (objectowner "ThatGuy<5><BOT><Red>") (assist "1") (assister_position "1068 1860 -63") (attacker_position "1069 1937 -63")
L 10/08/2014 - 09:20:31: Team "Blue" triggered "pointcaptured" (cp "1") (cpname "#Dustbowl_cap_1_B") (numcappers "3") (player1 "CryBaby<4><BOT><Blue>") (position1 "2233 2503 -143") (player2 "Hat-Wearing MAN<6><BOT><Blue>") (position2 "2153 2421 -143") (player3 "The G-Man<8><BOT><Blue>") (position3 "2209 2375 -136") 
L 10/08/2014 - 09:20:31: World triggered "Mini_Round_Win" (winner "Blue") (round "round_1")
L 10/08/2014 - 09:20:31: World triggered "Mini_Round_Length" (seconds "306.29")
L 10/08/2014 - 09:20:32: "Kill Me<3><BOT><Blue>" killed "ThatGuy<5><BOT><Red>" with "pistol_scout" (attacker_position "1606 2671 -63") (victim_position "1558 2696 -63")
L 10/08/2014 - 09:20:32: "ThatGuy<5><BOT><Red>" changed role to "scout"
L 10/08/2014 - 09:20:35: "Kill Me<3><BOT><Blue>" stuck (position "1479.97 2613.79 -61.17") (duration "2.54") L 10/08/2014 - 09:20:35:    path_goal ( "1487.50 2612.50 -63.90" )
L 10/08/2014 - 09:20:35: "Kill Me<3><BOT><Blue>" stuck (position "1479.99 2609.84 -35.87") (duration "2.64") L 10/08/2014 - 09:20:35:    path_goal ( "1475.00 2600.00 -63.00" )
L 10/08/2014 - 09:20:36: "Kill Me<3><BOT><Blue>" stuck (position "1407.20 2590.94 -63.07") (duration "3.69") L 10/08/2014 - 09:20:36:    path_goal ( "1450.00 2537.50 -60.80" )
L 10/08/2014 - 09:20:37: "The G-Man<8><BOT><Blue>" triggered "medic_death" against "The Combine<9><BOT><Red>" (healing "369") (ubercharge "0")
L 10/08/2014 - 09:20:37: "The G-Man<8><BOT><Blue>" killed "The Combine<9><BOT><Red>" with "syringegun_medic" (attacker_position "2410 1794 -192") (victim_position "2667 2147 -191")
L 10/08/2014 - 09:20:38: "Kill Me<3><BOT><Blue>" killed "Numnutz<7><BOT><Red>" with "pistol_scout" (attacker_position "1555 2407 -212") (victim_position "881 2457 -235")
L 10/08/2014 - 09:20:38: "CryBaby<4><BOT><Blue>" triggered "kill assist" against "Numnutz<7><BOT><Red>" (assister_position "932 2466 -250") (attacker_position "1555 2407 -212") (victim_position "881 2457 -235")
L 10/08/2014 - 09:20:38: "Kill Me<3><BOT><Blue>" triggered "revenge" against "Numnutz<7><BOT><Red>"
L 10/08/2014 - 09:20:39: "The G-Man<8><BOT><Blue>" killed "It's Filthy in There!<2><BOT><Red>" with "syringegun_medic" (attacker_position "2305 1958 -191") (victim_position "2710 2060 -182")
L 10/08/2014 - 09:20:39: "It's Filthy in There!<2><BOT><Red>" changed role to "pyro"
L 10/08/2014 - 09:20:46: World triggered "Round_Setup_Begin"
L 10/08/2014 - 09:20:46: World triggered "Mini_Round_Selected" (round "round_2")
L 10/08/2014 - 09:20:46: World triggered "Mini_Round_Start"
L 10/08/2014 - 09:21:46: World triggered "Round_Setup_End"
L 10/08/2014 - 09:22:00: "Kill Me<3><BOT><Blue>" killed "ThatGuy<5><BOT><Red>" with "world" (attacker_position "2167 -1561 -142") (victim_position "2379 -1163 -120")
L 10/08/2014 - 09:22:00: "The G-Man<8><BOT><Blue>" triggered "kill assist" against "ThatGuy<5><BOT><Red>" (assister_position "2370 -1227 -127") (attacker_position "2167 -1561 -142") (victim_position "2379 -1163 -120")
L 10/08/2014 - 09:22:00: "ThatGuy<5><BOT><Red>" changed role to "engineer"
L 10/08/2014 - 09:22:03: "Numnutz<7><BOT><Red>" killed "Kill Me<3><BOT><Blue>" with "tf_projectile_pipe_remote" (attacker_position "703 -1702 -127") (victim_position "2158 -1418 -142")
L 10/08/2014 - 09:22:15: "CryBaby<4><BOT><Blue>" stuck (position "1432.03 846.41 -121.35") (duration "3.36") L 10/08/2014 - 09:22:15:    path_goal ( "-1725.00 2900.00 -255.97" )
L 10/08/2014 - 09:22:17: "Hat-Wearing MAN<6><BOT><Blue>" stuck (position "2204.87 1560.00 -223.97") (duration "3.57") L 10/08/2014 - 09:22:17:    path_goal ( "2212.50 2575.00 -151.97" )
L 10/08/2014 - 09:22:18: "It's Filthy in There!<2><BOT><Red>" triggered "player_extinguished" against "The Combine<9><BOT><Red>" with "tf_weapon_flamethrower" (attacker_position "1954 538 -246") (victim_position "1936 448 -291")
L 10/08/2014 - 09:22:19: "The Combine<9><BOT><Red>" triggered "chargedeployed"
L 10/08/2014 - 09:22:19: "The G-Man<8><BOT><Blue>" triggered "chargedeployed"
L 10/08/2014 - 09:22:25: "ThatGuy<5><BOT><Red>" triggered "player_builtobject" (object "OBJ_TELEPORTER") (position "-2102 -1747 -188")
L 10/08/2014 - 09:22:29: "It's Filthy in There!<2><BOT><Red>" killed "Hat-Wearing MAN<6><BOT><Blue>" with "flamethrower" (attacker_position "1971 823 -206") (victim_position "1896 882 -203")
L 10/08/2014 - 09:22:29: "The Combine<9><BOT><Red>" triggered "kill assist" against "Hat-Wearing MAN<6><BOT><Blue>" (assister_position "2372 935 -161") (attacker_position "1971 823 -206") (victim_position "1896 882 -203")
L 10/08/2014 - 09:22:29: "Hat-Wearing MAN<6><BOT><Blue>" changed role to "soldier"
L 10/08/2014 - 09:22:29: "CryBaby<4><BOT><Blue>" triggered "medic_death" against "The Combine<9><BOT><Red>" (healing "700") (ubercharge "0")
L 10/08/2014 - 09:22:29: "CryBaby<4><BOT><Blue>" killed "The Combine<9><BOT><Red>" with "flamethrower" (attacker_position "2420 804 -191") (victim_position "2376 852 -191")
L 10/08/2014 - 09:22:29: "The G-Man<8><BOT><Blue>" triggered "kill assist" against "The Combine<9><BOT><Red>" (assister_position "2247 922 -191") (attacker_position "2420 804 -191") (victim_position "2376 852 -191")
L 10/08/2014 - 09:22:30: "It's Filthy in There!<2><BOT><Red>" triggered "medic_death" against "The G-Man<8><BOT><Blue>" (healing "651") (ubercharge "0")
L 10/08/2014 - 09:22:30: "It's Filthy in There!<2><BOT><Red>" killed "The G-Man<8><BOT><Blue>" with "flamethrower" (attacker_position "2244 859 -191") (victim_position "2247 922 -191")
L 10/08/2014 - 09:22:33: "CryBaby<4><BOT><Blue>" killed "It's Filthy in There!<2><BOT><Red>" with "flamethrower" (attacker_position "2336 935 -98") (victim_position "2267 833 -191")
L 10/08/2014 - 09:22:33: "It's Filthy in There!<2><BOT><Red>" changed role to "soldier"
L 10/08/2014 - 09:22:37: "Kill Me<3><BOT><Blue>" killed "Numnutz<7><BOT><Red>" with "pistol_scout" (attacker_position "2431 -1675 0") (victim_position "2318 -1516 7")
L 10/08/2014 - 09:22:37: "Numnutz<7><BOT><Red>" changed role to "engineer"
L 10/08/2014 - 09:22:43: "Kill Me<3><BOT><Blue>" stuck (position "2154.81 -1561.51 -142.35") (duration "2.52") L 10/08/2014 - 09:22:43:    path_goal ( "2167.97 -1450.00 -142.70" )
L 10/08/2014 - 09:22:56: Team "Blue" triggered "pointcaptured" (cp "2") (cpname "#Dustbowl_cap_2_A") (numcappers "1") (player1 "Kill Me<3><BOT><Blue>") (position1 "2291 -1527 7") 
L 10/08/2014 - 09:23:01: "Numnutz<7><BOT><Red>" triggered "player_builtobject" (object "OBJ_TELEPORTER") (position "-2056 -1742 -189")
L 10/08/2014 - 09:23:07: "Hat-Wearing MAN<6><BOT><Blue>" killed "ThatGuy<5><BOT><Red>" with "tf_projectile_rocket" (attacker_position "1925 -986 -124") (victim_position "1937 -1737 -142")
L 10/08/2014 - 09:23:07: "The G-Man<8><BOT><Blue>" triggered "kill assist" against "ThatGuy<5><BOT><Red>" (assister_position "1969 -783 -154") (attacker_position "1925 -986 -124") (victim_position "1937 -1737 -142")
L 10/08/2014 - 09:23:07: "ThatGuy<5><BOT><Red>" changed role to "soldier"
L 10/08/2014 - 09:23:08: "Kill Me<3><BOT><Blue>" stuck (position "2212.60 -833.05 -148.27") (duration "2.54") L 10/08/2014 - 09:23:08:    path_goal ( "2247.40 -835.75 -111.97" )
L 10/08/2014 - 09:23:08: "Kill Me<3><BOT><Blue>" stuck (position "2207.83 -873.53 -122.97") (duration "2.64") L 10/08/2014 - 09:23:08:    path_goal ( "NULL" )
L 10/08/2014 - 09:23:13: "Numnutz<7><BOT><Red>" triggered "player_builtobject" (object "OBJ_SENTRYGUN") (position "-1456 -2704 -119")
L 10/08/2014 - 09:23:20: "It's Filthy in There!<2><BOT><Red>" killed "CryBaby<4><BOT><Blue>" with "tf_projectile_rocket" (attacker_position "-1329 -1924 -153") (victim_position "-1131 -1934 -159")
L 10/08/2014 - 09:23:20: "The Combine<9><BOT><Red>" triggered "kill assist" against "CryBaby<4><BOT><Blue>" (assister_position "-1356 -2122 -127") (attacker_position "-1329 -1924 -153") (victim_position "-1131 -1934 -159")
L 10/08/2014 - 09:23:20: "CryBaby<4><BOT><Blue>" changed role to "soldier"
L 10/08/2014 - 09:23:27: "Numnutz<7><BOT><Red>" triggered "player_builtobject" (object "OBJ_TELEPORTER") (position "-1469 -2696 -120")
L 10/08/2014 - 09:23:37: "Kill Me<3><BOT><Blue>" stuck (position "1444.82 828.71 -123.99") (duration "2.52") L 10/08/2014 - 09:23:37:    path_goal ( "-550.00 2175.00 -415.22" )
L 10/08/2014 - 09:23:56: "Kill Me<3><BOT><Blue>" stuck (position "1532.25 -1846.33 -133.97") (duration "2.62") L 10/08/2014 - 09:23:56:    path_goal ( "1500.00 -1875.00 -127.97" )
L 10/08/2014 - 09:23:56: "Kill Me<3><BOT><Blue>" stuck (position "1547.36 -1852.45 -108.66") (duration "2.73") L 10/08/2014 - 09:23:56:    path_goal ( "NULL" )
L 10/08/2014 - 09:24:01: "ThatGuy<5><BOT><Red>" stuck (position "-1436.97 -2727.40 -117.33") (duration "4.21") L 10/08/2014 - 09:24:01:    path_goal ( "-1412.50 -2762.50 -117.77" )
L 10/08/2014 - 09:24:04: "The G-Man<8><BOT><Blue>" triggered "chargedeployed"
L 10/08/2014 - 09:24:04: "The Combine<9><BOT><Red>" triggered "chargedeployed"
L 10/08/2014 - 09:24:13: "It's Filthy in There!<2><BOT><Red>" killed "Kill Me<3><BOT><Blue>" with "tf_projectile_rocket" (attacker_position "-185 -1740 -156") (victim_position "-196 -2139 -123")
L 10/08/2014 - 09:24:13: "The Combine<9><BOT><Red>" triggered "kill assist" against "Kill Me<3><BOT><Blue>" (assister_position "-91 -1657 -131") (attacker_position "-185 -1740 -156") (victim_position "-196 -2139 -123")
L 10/08/2014 - 09:24:13: "CryBaby<4><BOT><Blue>" triggered "medic_death" against "The Combine<9><BOT><Red>" (healing "724") (ubercharge "0")
L 10/08/2014 - 09:24:13: "CryBaby<4><BOT><Blue>" killed "The Combine<9><BOT><Red>" with "shotgun_soldier" (attacker_position "158 -1986 -143") (victim_position "-53 -1663 -132")
L 10/08/2014 - 09:24:13: "Kill Me<3><BOT><Blue>" triggered "kill assist" against "The Combine<9><BOT><Red>" (assister_position "-196 -2139 -38") (attacker_position "158 -1986 -143") (victim_position "-53 -1663 -132")
L 10/08/2014 - 09:24:17: "Hat-Wearing MAN<6><BOT><Blue>" killed "It's Filthy in There!<2><BOT><Red>" with "shotgun_soldier" (attacker_position "476 -2298 -124") (victim_position "342 -2061 -127")
L 10/08/2014 - 09:24:17: "The G-Man<8><BOT><Blue>" triggered "kill assist" against "It's Filthy in There!<2><BOT><Red>" (assister_position "448 -2280 -123") (attacker_position "476 -2298 -124") (victim_position "342 -2061 -127")
L 10/08/2014 - 09:24:17: "It's Filthy in There!<2><BOT><Red>" changed role to "pyro"
L 10/08/2014 - 09:24:20: "Numnutz<7><BOT><Red>" triggered "player_builtobject" (object "OBJ_DISPENSER") (position "-1452 -2688 -118")
L 10/08/2014 - 09:24:21: "CryBaby<4><BOT><Blue>" triggered "killedobject" (object "OBJ_DISPENSER") (weapon "tf_projectile_rocket") (objectowner "Numnutz<7><BOT><Red>") (attacker_position "-731 -2392 -126")
L 10/08/2014 - 09:24:23: "CryBaby<4><BOT><Blue>" killed "ThatGuy<5><BOT><Red>" with "world" (attacker_position "-586 -2310 0") (victim_position "-1307 -2648 -121")
L 10/08/2014 - 09:24:23: "ThatGuy<5><BOT><Red>" changed role to "engineer"
L 10/08/2014 - 09:24:33: "Numnutz<7><BOT><Red>" killed "CryBaby<4><BOT><Blue>" with "obj_sentrygun3" (attacker_position "-1406 -2715 -115") (victim_position "-1099 -1779 -159")
L 10/08/2014 - 09:24:33: "CryBaby<4><BOT><Blue>" changed role to "demoman"
L 10/08/2014 - 09:24:34: "Hat-Wearing MAN<6><BOT><Blue>" triggered "killedobject" (object "OBJ_TELEPORTER") (weapon "tf_projectile_rocket") (objectowner "Numnutz<7><BOT><Red>") (attacker_position "-707 -2410 -53")
L 10/08/2014 - 09:24:34: "The G-Man<8><BOT><Blue>" triggered "killedobject" (object "OBJ_TELEPORTER") (objectowner "Numnutz<7><BOT><Red>") (assist "1") (assister_position "-750 -2478 -125") (attacker_position "-707 -2410 -53")
L 10/08/2014 - 09:24:36: "The Combine<9><BOT><Red>" stuck (position "-1870.95 -2281.78 -159.97") (duration "3.15") L 10/08/2014 - 09:24:36:    path_goal ( "NULL" )
L 10/08/2014 - 09:24:36: "The Combine<9><BOT><Red>" stuck (position "-1884.95 -2279.93 -134.66") (duration "3.26") L 10/08/2014 - 09:24:36:    path_goal ( "NULL" )
L 10/08/2014 - 09:24:45: "ThatGuy<5><BOT><Red>" triggered "player_builtobject" (object "OBJ_TELEPORTER") (position "-1975 -1693 -191")
L 10/08/2014 - 09:24:53: "ThatGuy<5><BOT><Red>" triggered "player_builtobject" (object "OBJ_SENTRYGUN") (position "-1343 -1714 -141")
L 10/08/2014 - 09:24:55: "Numnutz<7><BOT><Red>" killed "Kill Me<3><BOT><Blue>" with "obj_sentrygun3" (attacker_position "-1360 -2705 -115") (victim_position "-1126 -1817 -159")
L 10/08/2014 - 09:25:06: "It's Filthy in There!<2><BOT><Red>" killed "Hat-Wearing MAN<6><BOT><Blue>" with "flamethrower" (attacker_position "-683 -1602 0") (victim_position "-828 -1496 0")
L 10/08/2014 - 09:25:06: "Hat-Wearing MAN<6><BOT><Blue>" changed role to "demoman"
L 10/08/2014 - 09:25:07: "It's Filthy in There!<2><BOT><Red>" triggered "medic_death" against "The G-Man<8><BOT><Blue>" (healing "1180") (ubercharge "0")
L 10/08/2014 - 09:25:07: "It's Filthy in There!<2><BOT><Red>" killed "The G-Man<8><BOT><Blue>" with "flamethrower" (attacker_position "-814 -1592 0") (victim_position "-726 -1573 0")
L 10/08/2014 - 09:25:17: "Numnutz<7><BOT><Red>" triggered "player_builtobject" (object "OBJ_TELEPORTER") (position "-1372 -2737 -115")
L 10/08/2014 - 09:25:31: "It's Filthy in There!<2><BOT><Red>" killed "CryBaby<4><BOT><Blue>" with "flamethrower" (attacker_position "61 -2356 -120") (victim_position "62 -2418 -123")
L 10/08/2014 - 09:25:31: "The Combine<9><BOT><Red>" triggered "kill assist" against "CryBaby<4><BOT><Blue>" (assister_position "-67 -2655 -126") (attacker_position "61 -2356 -120") (victim_position "62 -2418 -123")
L 10/08/2014 - 09:25:34: "ThatGuy<5><BOT><Red>" triggered "player_builtobject" (object "OBJ_DISPENSER") (position "-1366 -1740 -146")
L 10/08/2014 - 09:25:39: "Kill Me<3><BOT><Blue>" triggered "killedobject" (object "OBJ_SENTRYGUN") (weapon "pistol_scout") (objectowner "Numnutz<7><BOT><Red>") (attacker_position "-978 -1496 0")
L 10/08/2014 - 09:25:42: "ThatGuy<5><BOT><Red>" killed "Kill Me<3><BOT><Blue>" with "obj_sentrygun3" (attacker_position "-1367 -2596 -118") (victim_position "-1128 -1774 13")
L 10/08/2014 - 09:25:46: "Numnutz<7><BOT><Red>" triggered "player_builtobject" (object "OBJ_SENTRYGUN") (position "-1398 -2440 -127")
L 10/08/2014 - 09:25:48: "ThatGuy<5><BOT><Red>" stuck (position "-1696.18 -2232.03 -127.97") (duration "4.52") L 10/08/2014 - 09:25:48:    path_goal ( "-2200.00 -2000.00 -159.97" )
L 10/08/2014 - 09:25:48: "ThatGuy<5><BOT><Red>" stuck (position "-1698.97 -2232.03 -102.66") (duration "4.62") L 10/08/2014 - 09:25:48:    path_goal ( "NULL" )
L 10/08/2014 - 09:25:49: "ThatGuy<5><BOT><Red>" stuck (position "-1679.15 -2283.22 -127.97") (duration "5.67") L 10/08/2014 - 09:25:49:    path_goal ( "-1625.00 -2450.00 -127.97" )
L 10/08/2014 - 09:26:01: "ThatGuy<5><BOT><Red>" triggered "player_builtobject" (object "OBJ_TELEPORTER") (position "-1405 -1734 -138")
L 10/08/2014 - 09:26:15: "ThatGuy<5><BOT><Red>" killed "CryBaby<4><BOT><Blue>" with "obj_sentrygun3" (attacker_position "-2042 -1840 -175") (victim_position "-723 -1908 -157")
L 10/08/2014 - 09:26:35: "The Combine<9><BOT><Red>" triggered "chargedeployed"
L 10/08/2014 - 09:26:39: "It's Filthy in There!<2><BOT><Red>" triggered "medic_death" against "The G-Man<8><BOT><Blue>" (healing "297") (ubercharge "0")
L 10/08/2014 - 09:26:39: "It's Filthy in There!<2><BOT><Red>" killed "The G-Man<8><BOT><Blue>" with "flamethrower" (attacker_position "-67 -2659 -127") (victim_position "-44 -2752 -127")
L 10/08/2014 - 09:26:39: "The Combine<9><BOT><Red>" triggered "kill assist" against "The G-Man<8><BOT><Blue>" (assister_position "18 -2587 -122") (attacker_position "-67 -2659 -127") (victim_position "-44 -2752 -127")
L 10/08/2014 - 09:26:42: "It's Filthy in There!<2><BOT><Red>" killed "Hat-Wearing MAN<6><BOT><Blue>" with "deflect_promode" (attacker_position "479 -2662 -122") (victim_position "525 -2609 -115")
L 10/08/2014 - 09:26:42: "The Combine<9><BOT><Red>" triggered "kill assist" against "Hat-Wearing MAN<6><BOT><Blue>" (assister_position "408 -2766 -127") (attacker_position "479 -2662 -122") (victim_position "525 -2609 -115")
L 10/08/2014 - 09:26:42: "Hat-Wearing MAN<6><BOT><Blue>" changed role to "soldier"
L 10/08/2014 - 09:27:00: "Kill Me<3><BOT><Blue>" stuck (position "314.53 -1371.31 -80.03") (duration "2.52") L 10/08/2014 - 09:27:00:    path_goal ( "425.00 -1375.00 -127.97" )
L 10/08/2014 - 09:27:00: "Kill Me<3><BOT><Blue>" stuck (position "315.41 -1371.23 -55.71") (duration "2.62") L 10/08/2014 - 09:27:00:    path_goal ( "425.00 -1375.00 -127.97" )
L 10/08/2014 - 09:27:04: "It's Filthy in There!<2><BOT><Red>" killed "Kill Me<3><BOT><Blue>" with "flamethrower" (attacker_position "667 -1700 -127") (victim_position "779 -1789 -127")
L 10/08/2014 - 09:27:10: "Numnutz<7><BOT><Red>" triggered "player_builtobject" (object "OBJ_DISPENSER") (position "-1401 -2465 -127")
L 10/08/2014 - 09:27:19: "CryBaby<4><BOT><Blue>" triggered "killedobject" (object "OBJ_DISPENSER") (weapon "tf_projectile_pipe_remote") (objectowner "Numnutz<7><BOT><Red>") (attacker_position "-616 -1704 0")
L 10/08/2014 - 09:27:22: "CryBaby<4><BOT><Blue>" triggered "killedobject" (object "OBJ_TELEPORTER") (weapon "tf_projectile_pipe_remote") (objectowner "Numnutz<7><BOT><Red>") (attacker_position "-616 -1704 0")
L 10/08/2014 - 09:27:22: "CryBaby<4><BOT><Blue>" triggered "killedobject" (object "OBJ_SENTRYGUN") (weapon "tf_projectile_pipe_remote") (objectowner "Numnutz<7><BOT><Red>") (attacker_position "-616 -1704 0")
L 10/08/2014 - 09:27:34: "Numnutz<7><BOT><Red>" triggered "player_builtobject" (object "OBJ_SENTRYGUN") (position "-1581 -2464 -127")
L 10/08/2014 - 09:27:36: "CryBaby<4><BOT><Blue>" triggered "medic_death" against "The Combine<9><BOT><Red>" (healing "992") (ubercharge "0")
L 10/08/2014 - 09:27:36: "CryBaby<4><BOT><Blue>" killed "The Combine<9><BOT><Red>" with "tf_projectile_pipe" (attacker_position "95 -2427 -124") (victim_position "-713 -2816 -120")
L 10/08/2014 - 09:27:36: "Hat-Wearing MAN<6><BOT><Blue>" triggered "kill assist" against "The Combine<9><BOT><Red>" (assister_position "-159 -1709 -145") (attacker_position "95 -2427 -124") (victim_position "-713 -2816 -120")
L 10/08/2014 - 09:27:39: "CryBaby<4><BOT><Blue>" killed "It's Filthy in There!<2><BOT><Red>" with "tf_projectile_pipe" (attacker_position "-33 -2035 -132") (victim_position "-419 -2497 -110")
L 10/08/2014 - 09:27:39: "It's Filthy in There!<2><BOT><Red>" changed role to "demoman"
L 10/08/2014 - 09:27:48: "ThatGuy<5><BOT><Red>" killed "Hat-Wearing MAN<6><BOT><Blue>" with "obj_sentrygun3" (attacker_position "-1318 -1740 -154") (victim_position "-574 -1951 -159")
L 10/08/2014 - 09:27:48: "Hat-Wearing MAN<6><BOT><Blue>" changed role to "demoman"
L 10/08/2014 - 09:28:10: "It's Filthy in There!<2><BOT><Red>" triggered "medic_death" against "The G-Man<8><BOT><Blue>" (healing "544") (ubercharge "0")
L 10/08/2014 - 09:28:10: "It's Filthy in There!<2><BOT><Red>" killed "The G-Man<8><BOT><Blue>" with "tf_projectile_pipe" (attacker_position "-1051 -1862 -159") (victim_position "-699 -1770 -90")
L 10/08/2014 - 09:28:23: "CryBaby<4><BOT><Blue>" killed "ThatGuy<5><BOT><Red>" with "tf_projectile_pipe_remote" (attacker_position "-571 -1760 -131") (victim_position "-1320 -1741 -154")
L 10/08/2014 - 09:28:23: "CryBaby<4><BOT><Blue>" triggered "killedobject" (object "OBJ_DISPENSER") (weapon "tf_projectile_pipe_remote") (objectowner "ThatGuy<5><BOT><Red>") (attacker_position "-571 -1760 -131")
L 10/08/2014 - 09:28:27: "It's Filthy in There!<2><BOT><Red>" killed "CryBaby<4><BOT><Blue>" with "tf_projectile_pipe" (attacker_position "-926 -1951 -158") (victim_position "-602 -1776 -155")
L 10/08/2014 - 09:28:27: "The Combine<9><BOT><Red>" triggered "kill assist" against "CryBaby<4><BOT><Blue>" (assister_position "-1185 -1824 -159") (attacker_position "-926 -1951 -158") (victim_position "-602 -1776 -155")
L 10/08/2014 - 09:28:34: "It's Filthy in There!<2><BOT><Red>" killed "Kill Me<3><BOT><Blue>" with "tf_projectile_pipe" (attacker_position "-337 -1667 -129") (victim_position "-391 -1277 -121")
L 10/08/2014 - 09:28:34: "The Combine<9><BOT><Red>" triggered "kill assist" against "Kill Me<3><BOT><Blue>" (assister_position "-340 -1904 -158") (attacker_position "-337 -1667 -129") (victim_position "-391 -1277 -121")
L 10/08/2014 - 09:28:51: "ThatGuy<5><BOT><Red>" triggered "player_builtobject" (object "OBJ_DISPENSER") (position "-1332 -1693 -130")
L 10/08/2014 - 09:29:06: "Numnutz<7><BOT><Red>" triggered "player_builtobject" (object "OBJ_DISPENSER") (position "-1602 -2466 -127")
L 10/08/2014 - 09:29:12: "CryBaby<4><BOT><Blue>" triggered "medic_death" against "The Combine<9><BOT><Red>" (healing "489") (ubercharge "0")
L 10/08/2014 - 09:29:12: "CryBaby<4><BOT><Blue>" killed "The Combine<9><BOT><Red>" with "tf_projectile_pipe" (attacker_position "-817 -1187 -44") (victim_position "-826 -1247 -45")
L 10/08/2014 - 09:29:15: "Kill Me<3><BOT><Blue>" triggered "killedobject" (object "OBJ_SENTRYGUN") (weapon "pistol_scout") (objectowner "Numnutz<7><BOT><Red>") (attacker_position "16 -2516 36")
L 10/08/2014 - 09:29:19: "ThatGuy<5><BOT><Red>" killed "Kill Me<3><BOT><Blue>" with "obj_sentrygun3" (attacker_position "-2094 -1763 -186") (victim_position "-325 -1969 -152")
L 10/08/2014 - 09:29:21: "Numnutz<7><BOT><Red>" triggered "player_builtobject" (object "OBJ_TELEPORTER") (position "-1619 -2502 -127")
L 10/08/2014 - 09:29:35: "Hat-Wearing MAN<6><BOT><Blue>" triggered "killedobject" (object "OBJ_TELEPORTER") (weapon "tf_projectile_pipe") (objectowner "Numnutz<7><BOT><Red>") (attacker_position "-975 -2787 -126")
L 10/08/2014 - 09:29:40: "CryBaby<4><BOT><Blue>" triggered "killedobject" (object "OBJ_DISPENSER") (weapon "tf_projectile_pipe") (objectowner "Numnutz<7><BOT><Red>") (attacker_position "-499 -2407 -120")
L 10/08/2014 - 09:29:41: "Hat-Wearing MAN<6><BOT><Blue>" triggered "killedobject" (object "OBJ_TELEPORTER") (weapon "tf_projectile_pipe_remote") (objectowner "ThatGuy<5><BOT><Red>") (attacker_position "-821 -2625 -127")
L 10/08/2014 - 09:29:41: "Hat-Wearing MAN<6><BOT><Blue>" triggered "killedobject" (object "OBJ_SENTRYGUN") (weapon "tf_projectile_pipe_remote") (objectowner "ThatGuy<5><BOT><Red>") (attacker_position "-821 -2625 -127")
L 10/08/2014 - 09:29:41: "Hat-Wearing MAN<6><BOT><Blue>" killed "ThatGuy<5><BOT><Red>" with "tf_projectile_pipe_remote" (attacker_position "-821 -2625 -127") (victim_position "-1340 -1669 -127")
L 10/08/2014 - 09:29:41: "ThatGuy<5><BOT><Red>" changed role to "soldier"
L 10/08/2014 - 09:29:46: "Numnutz<7><BOT><Red>" stuck (position "-1320.60 -1624.97 -127.97") (duration "3.36") L 10/08/2014 - 09:29:46:    path_goal ( "-1351.11 -1623.92 -127.97" )
L 10/08/2014 - 09:29:46: "Numnutz<7><BOT><Red>" stuck (position "-1315.90 -1633.99 -102.66") (duration "3.46") L 10/08/2014 - 09:29:46:    path_goal ( "NULL" )
L 10/08/2014 - 09:29:49: "CryBaby<4><BOT><Blue>" triggered "killedobject" (object "OBJ_DISPENSER") (weapon "tf_projectile_pipe") (objectowner "ThatGuy<5><BOT><Red>") (attacker_position "-1302 -2827 -114")
L 10/08/2014 - 09:29:57: "CryBaby<4><BOT><Blue>" killed "Numnutz<7><BOT><Red>" with "tf_projectile_pipe" (attacker_position "-1116 -2282 -59") (victim_position "-1153 -1700 -136")
L 10/08/2014 - 09:30:07: "Hat-Wearing MAN<6><BOT><Blue>" triggered "medic_death" against "The Combine<9><BOT><Red>" (healing "239") (ubercharge "0")
L 10/08/2014 - 09:30:07: "Hat-Wearing MAN<6><BOT><Blue>" killed "The Combine<9><BOT><Red>" with "tf_projectile_pipe" (attacker_position "-1646 -2193 -45") (victim_position "-676 -2535 -123")
L 10/08/2014 - 09:30:07: "Kill Me<3><BOT><Blue>" triggered "kill assist" against "The Combine<9><BOT><Red>" (assister_position "-1441 -2331 -127") (attacker_position "-1646 -2193 -45") (victim_position "-676 -2535 -123")
L 10/08/2014 - 09:30:07: "ThatGuy<5><BOT><Red>" killed "Hat-Wearing MAN<6><BOT><Blue>" with "tf_projectile_rocket" (attacker_position "-1683 -1894 -45") (victim_position "-1658 -2182 -45")
L 10/08/2014 - 09:30:07: "Hat-Wearing MAN<6><BOT><Blue>" changed role to "pyro"
L 10/08/2014 - 09:30:13: "It's Filthy in There!<2><BOT><Red>" killed "Kill Me<3><BOT><Blue>" with "tf_projectile_pipe" (attacker_position "-638 -2798 -124") (victim_position "-996 -2744 -125")
L 10/08/2014 - 09:30:13: "It's Filthy in There!<2><BOT><Red>" triggered "domination" against "Kill Me<3><BOT><Blue>"
L 10/08/2014 - 09:30:25: "Numnutz<7><BOT><Red>" triggered "player_builtobject" (object "OBJ_SENTRYGUN") (position "-662 -1897 -157")
L 10/08/2014 - 09:30:43: "CryBaby<4><BOT><Blue>" triggered "medic_death" against "The Combine<9><BOT><Red>" (healing "121") (ubercharge "0")
L 10/08/2014 - 09:30:43: "CryBaby<4><BOT><Blue>" killed "The Combine<9><BOT><Red>" with "tf_projectile_pipe" (attacker_position "-249 -2491 -107") (victim_position "-429 -1762 0")
L 10/08/2014 - 09:30:43: "The G-Man<8><BOT><Blue>" triggered "kill assist" against "The Combine<9><BOT><Red>" (assister_position "0 -2593 -127") (attacker_position "-249 -2491 -107") (victim_position "-429 -1762 0")
L 10/08/2014 - 09:30:53: "Numnutz<7><BOT><Red>" stuck (position "-861.42 -1765.96 -128.72") (duration "3.57") L 10/08/2014 - 09:30:53:    path_goal ( "-825.00 -1662.50 0.03" )
L 10/08/2014 - 09:30:53: "Numnutz<7><BOT><Red>" stuck (position "-861.57 -1765.29 -103.41") (duration "3.68") L 10/08/2014 - 09:30:53:    path_goal ( "NULL" )
L 10/08/2014 - 09:30:54: "Numnutz<7><BOT><Red>" stuck (position "-887.76 -1813.18 -157.97") (duration "4.73") L 10/08/2014 - 09:30:54:    path_goal ( "-1000.00 -1850.00 -158.74" )
L 10/08/2014 - 09:30:58: "It's Filthy in There!<2><BOT><Red>" killed "Kill Me<3><BOT><Blue>" with "tf_projectile_pipe" (attacker_position "935 -1786 -142") (victim_position "868 -1686 -126")
L 10/08/2014 - 09:30:58: "It's Filthy in There!<2><BOT><Red>" committed suicide with "tf_projectile_pipe" (attacker_position "935 -1786 -142")
L 10/08/2014 - 09:31:29: "The G-Man<8><BOT><Blue>" triggered "chargedeployed"
L 10/08/2014 - 09:31:40: "It's Filthy in There!<2><BOT><Red>" killed "Kill Me<3><BOT><Blue>" with "tf_projectile_pipe_remote" (attacker_position "-1613 -1964 -38") (victim_position "-1153 -2532 -127")
L 10/08/2014 - 09:31:40: "ThatGuy<5><BOT><Red>" triggered "kill assist" against "Kill Me<3><BOT><Blue>" (assister_position "-1672 -2461 -127") (attacker_position "-1613 -1964 -38") (victim_position "-1153 -2532 -127")
L 10/08/2014 - 09:31:44: "CryBaby<4><BOT><Blue>" triggered "killedobject" (object "OBJ_SENTRYGUN") (weapon "tf_projectile_pipe_remote") (objectowner "Numnutz<7><BOT><Red>") (attacker_position "-651 -1528 0")
L 10/08/2014 - 09:31:55: "CryBaby<4><BOT><Blue>" triggered "medic_death" against "The Combine<9><BOT><Red>" (healing "341") (ubercharge "0")
L 10/08/2014 - 09:31:55: "CryBaby<4><BOT><Blue>" killed "The Combine<9><BOT><Red>" with "tf_projectile_pipe" (attacker_position "-1692 -2037 -45") (victim_position "-1333 -2393 -127")
L 10/08/2014 - 09:31:55: "It's Filthy in There!<2><BOT><Red>" killed "CryBaby<4><BOT><Blue>" with "tf_projectile_pipe" (attacker_position "-1458 -2067 -41") (victim_position "-1698 -2124 -45")
L 10/08/2014 - 09:32:04: "Numnutz<7><BOT><Red>" triggered "player_builtobject" (object "OBJ_SENTRYGUN") (position "-681 -1818 -157")
L 10/08/2014 - 09:32:12: "Hat-Wearing MAN<6><BOT><Blue>" triggered "killedobject" (object "OBJ_SENTRYGUN") (weapon "flamethrower") (objectowner "Numnutz<7><BOT><Red>") (attacker_position "-560 -1898 -159")
L 10/08/2014 - 09:32:19: "Numnutz<7><BOT><Red>" killed "Hat-Wearing MAN<6><BOT><Blue>" with "shotgun_primary" (attacker_position "-1169 -2038 -122") (victim_position "-1577 -1825 -51")
L 10/08/2014 - 09:32:19: "The Combine<9><BOT><Red>" triggered "kill assist" against "Hat-Wearing MAN<6><BOT><Blue>" (assister_position "-1485 -2146 21") (attacker_position "-1169 -2038 -122") (victim_position "-1577 -1825 -51")
L 10/08/2014 - 09:32:19: "Hat-Wearing MAN<6><BOT><Blue>" changed role to "soldier"
L 10/08/2014 - 09:32:21: "Kill Me<3><BOT><Blue>" killed "It's Filthy in There!<2><BOT><Red>" with "scattergun" (attacker_position "-824 -2315 -99") (victim_position "-1251 -2351 -129")
L 10/08/2014 - 09:32:21: "Hat-Wearing MAN<6><BOT><Blue>" triggered "kill assist" against "It's Filthy in There!<2><BOT><Red>" (assister_position "-1577 -1825 36") (attacker_position "-824 -2315 -99") (victim_position "-1251 -2351 -129")
L 10/08/2014 - 09:32:21: "Kill Me<3><BOT><Blue>" triggered "revenge" against "It's Filthy in There!<2><BOT><Red>"
L 10/08/2014 - 09:32:21: "It's Filthy in There!<2><BOT><Red>" changed role to "pyro"
L 10/08/2014 - 09:32:22: "Numnutz<7><BOT><Red>" triggered "player_builtobject" (object "OBJ_SENTRYGUN") (position "-849 -1949 -157")
L 10/08/2014 - 09:32:46: "Kill Me<3><BOT><Blue>" stuck (position "-25.65 -2557.46 -127.39") (duration "2.52") L 10/08/2014 - 09:32:46:    path_goal ( "-24.83 -2522.84 -127.36" )
L 10/08/2014 - 09:32:46: "Kill Me<3><BOT><Blue>" stuck (position "-35.98 -2563.68 -102.08") (duration "2.62") L 10/08/2014 - 09:32:46:    path_goal ( "-24.83 -2522.84 -127.36" )
L 10/08/2014 - 09:32:49: "Kill Me<3><BOT><Blue>" stuck (position "1.07 -2521.25 -126.82") (duration "0.10") L 10/08/2014 - 09:32:49:    path_goal ( "-24.83 -2522.84 -127.36" )
L 10/08/2014 - 09:32:52: "Kill Me<3><BOT><Blue>" stuck (position "11.08 -2468.47 -126.19") (duration "0.10") L 10/08/2014 - 09:32:52:    path_goal ( "0.00 -2700.00 -127.46" )
L 10/08/2014 - 09:32:54: "It's Filthy in There!<2><BOT><Red>" killed "Kill Me<3><BOT><Blue>" with "flamethrower" (attacker_position "-4 -2508 -127") (victim_position "-50 -2653 -127")
L 10/08/2014 - 09:32:59: "It's Filthy in There!<2><BOT><Red>" triggered "medic_death" against "The G-Man<8><BOT><Blue>" (healing "994") (ubercharge "0")
L 10/08/2014 - 09:32:59: "It's Filthy in There!<2><BOT><Red>" killed "The G-Man<8><BOT><Blue>" with "shotgun_pyro" (attacker_position "-1141 -1892 -159") (victim_position "-1699 -1622 -127")
L 10/08/2014 - 09:32:59: "Numnutz<7><BOT><Red>" triggered "kill assist" against "The G-Man<8><BOT><Blue>" (assister_position "-641 -1635 0") (attacker_position "-1141 -1892 -159") (victim_position "-1699 -1622 -127")
L 10/08/2014 - 09:32:59: "It's Filthy in There!<2><BOT><Red>" triggered "domination" against "The G-Man<8><BOT><Blue>"
L 10/08/2014 - 09:33:04: "It's Filthy in There!<2><BOT><Red>" killed "CryBaby<4><BOT><Blue>" with "deflect_promode" (attacker_position "-1523 -1599 -127") (victim_position "-2059 -1576 -191")
L 10/08/2014 - 09:33:06: "CryBaby<4><BOT><Blue>" triggered "killedobject" (object "OBJ_TELEPORTER") (weapon "tf_projectile_pipe") (objectowner "Numnutz<7><BOT><Red>") (attacker_position "-2059 -1576 -103")
L 10/08/2014 - 09:33:17: "Numnutz<7><BOT><Red>" killed "Hat-Wearing MAN<6><BOT><Blue>" with "obj_sentrygun3" (attacker_position "-332 -1810 -159") (victim_position "-1207 -1997 -89")
L 10/08/2014 - 09:33:17: "It's Filthy in There!<2><BOT><Red>" triggered "kill assist" against "Hat-Wearing MAN<6><BOT><Blue>" (assister_position "-1238 -1862 -159") (attacker_position "-332 -1810 -159") (victim_position "-1207 -1997 -89")
L 10/08/2014 - 09:33:17: "Hat-Wearing MAN<6><BOT><Blue>" changed role to "demoman"
L 10/08/2014 - 09:33:28: "Kill Me<3><BOT><Blue>" killed "It's Filthy in There!<2><BOT><Red>" with "scattergun" (attacker_position "590 -1391 -64") (victim_position "654 -1515 -127")
L 10/08/2014 - 09:33:28: "It's Filthy in There!<2><BOT><Red>" changed role to "soldier"
L 10/08/2014 - 09:33:49: "Numnutz<7><BOT><Red>" triggered "player_builtobject" (object "OBJ_DISPENSER") (position "-848 -1948 -157")
L 10/08/2014 - 09:33:57: "ThatGuy<5><BOT><Red>" triggered "medic_death" against "The G-Man<8><BOT><Blue>" (healing "157") (ubercharge "0")
L 10/08/2014 - 09:33:57: "ThatGuy<5><BOT><Red>" killed "The G-Man<8><BOT><Blue>" with "tf_projectile_rocket" (attacker_position "-472 -1909 0") (victim_position "143 -2081 64")
L 10/08/2014 - 09:33:57: "The Combine<9><BOT><Red>" triggered "kill assist" against "The G-Man<8><BOT><Blue>" (assister_position "-426 -2041 0") (attacker_position "-472 -1909 0") (victim_position "143 -2081 64")
L 10/08/2014 - 09:33:58: "Kill Me<3><BOT><Blue>" stuck (position "376.51 -2311.68 -110.77") (duration "2.52") L 10/08/2014 - 09:33:58:    path_goal ( "NULL" )
L 10/08/2014 - 09:33:58: "Kill Me<3><BOT><Blue>" stuck (position "372.70 -2313.21 -92.16") (duration "2.62") L 10/08/2014 - 09:33:58:    path_goal ( "372.70 -2250.00 -127.65" )
L 10/08/2014 - 09:34:00: "CryBaby<4><BOT><Blue>" triggered "killedobject" (object "OBJ_DISPENSER") (weapon "tf_projectile_pipe_remote") (objectowner "Numnutz<7><BOT><Red>") (attacker_position "215 -1786 68")
L 10/08/2014 - 09:34:00: "CryBaby<4><BOT><Blue>" killed "Numnutz<7><BOT><Red>" with "tf_projectile_pipe_remote" (attacker_position "215 -1786 68") (victim_position "-848 -1948 -157")
L 10/08/2014 - 09:34:00: "CryBaby<4><BOT><Blue>" triggered "killedobject" (object "OBJ_SENTRYGUN") (weapon "tf_projectile_pipe_remote") (objectowner "Numnutz<7><BOT><Red>") (attacker_position "215 -1786 68")
L 10/08/2014 - 09:34:04: "ThatGuy<5><BOT><Red>" killed "Hat-Wearing MAN<6><BOT><Blue>" with "tf_projectile_rocket" (attacker_position "-943 -1867 0") (victim_position "-962 -1552 0")
L 10/08/2014 - 09:34:04: "The Combine<9><BOT><Red>" triggered "kill assist" against "Hat-Wearing MAN<6><BOT><Blue>" (assister_position "-936 -1744 0") (attacker_position "-943 -1867 0") (victim_position "-962 -1552 0")
L 10/08/2014 - 09:34:04: "Hat-Wearing MAN<6><BOT><Blue>" changed role to "scout"
L 10/08/2014 - 09:34:09: "It's Filthy in There!<2><BOT><Red>" killed "Kill Me<3><BOT><Blue>" with "shotgun_soldier" (attacker_position "-1293 -2159 -124") (victim_position "-1590 -1994 35")
L 10/08/2014 - 09:34:09: "Kill Me<3><BOT><Blue>" changed role to "pyro"
L 10/08/2014 - 09:34:09: "CryBaby<4><BOT><Blue>" triggered "medic_death" against "The Combine<9><BOT><Red>" (healing "527") (ubercharge "1")
L 10/08/2014 - 09:34:09: "CryBaby<4><BOT><Blue>" killed "The Combine<9><BOT><Red>" with "tf_projectile_pipe" (attacker_position "-467 -1838 -159") (victim_position "-1284 -1883 -157")
L 10/08/2014 - 09:34:09: "Kill Me<3><BOT><Blue>" triggered "kill assist" against "The Combine<9><BOT><Red>" (assister_position "-1590 -1994 100") (attacker_position "-467 -1838 -159") (victim_position "-1284 -1883 -157")
L 10/08/2014 - 09:34:09: "CryBaby<4><BOT><Blue>" triggered "domination" against "The Combine<9><BOT><Red>"
L 10/08/2014 - 09:34:14: "ThatGuy<5><BOT><Red>" triggered "captureblocked" (cp "3") (cpname "#Dustbowl_cap_2_B") (position "-1698 -1963 -45")
L 10/08/2014 - 09:34:14: "ThatGuy<5><BOT><Red>" killed "CryBaby<4><BOT><Blue>" with "world" (attacker_position "-1698 -1963 -45") (victim_position "-1625 -1915 -38")
L 10/08/2014 - 09:34:14: "CryBaby<4><BOT><Blue>" changed role to "heavyweapons"
L 10/08/2014 - 09:34:14: "CryBaby<4><BOT><Blue>" killed "It's Filthy in There!<2><BOT><Red>" with "tf_projectile_pipe" (attacker_position "-1625 -1915 49") (victim_position "-1443 -2108 -46")
L 10/08/2014 - 09:34:14: "It's Filthy in There!<2><BOT><Red>" changed role to "pyro"
L 10/08/2014 - 09:34:24: "Numnutz<7><BOT><Red>" triggered "player_builtobject" (object "OBJ_TELEPORTER") (position "-2057 -1747 -188")
L 10/08/2014 - 09:34:32: "The Combine<9><BOT><Red>" stuck (position "-1857.94 -2298.05 -159.97") (duration "3.15") L 10/08/2014 - 09:34:32:    path_goal ( "NULL" )
L 10/08/2014 - 09:34:32: "The Combine<9><BOT><Red>" stuck (position "-1881.23 -2310.97 -134.66") (duration "3.26") L 10/08/2014 - 09:34:32:    path_goal ( "NULL" )
L 10/08/2014 - 09:34:33: "Numnutz<7><BOT><Red>" triggered "player_builtobject" (object "OBJ_SENTRYGUN") (position "-1336 -2059 -127")
L 10/08/2014 - 09:34:43: "Numnutz<7><BOT><Red>" killed "Hat-Wearing MAN<6><BOT><Blue>" with "obj_sentrygun" (attacker_position "-1250 -2064 -124") (victim_position "-1572 -2246 -127")
L 10/08/2014 - 09:34:43: "It's Filthy in There!<2><BOT><Red>" triggered "kill assist" against "Hat-Wearing MAN<6><BOT><Blue>" (assister_position "-1536 -1956 -38") (attacker_position "-1250 -2064 -124") (victim_position "-1572 -2246 -127")
L 10/08/2014 - 09:34:43: "Numnutz<7><BOT><Red>" triggered "domination" against "Hat-Wearing MAN<6><BOT><Blue>"
L 10/08/2014 - 09:34:59: "Numnutz<7><BOT><Red>" killed "Kill Me<3><BOT><Blue>" with "obj_sentrygun2" (attacker_position "-1225 -1852 -159") (victim_position "-1014 -1719 163")
L 10/08/2014 - 09:34:59: "Kill Me<3><BOT><Blue>" changed role to "demoman"
L 10/08/2014 - 09:35:11: "CryBaby<4><BOT><Blue>" triggered "killedobject" (object "OBJ_SENTRYGUN") (weapon "minigun") (objectowner "Numnutz<7><BOT><Red>") (attacker_position "-1002 -1616 0")
L 10/08/2014 - 09:35:12: "ThatGuy<5><BOT><Red>" killed "CryBaby<4><BOT><Blue>" with "tf_projectile_rocket" (attacker_position "-1645 -1772 -45") (victim_position "-1053 -1699 0")
L 10/08/2014 - 09:35:12: "It's Filthy in There!<2><BOT><Red>" triggered "kill assist" against "CryBaby<4><BOT><Blue>" (assister_position "-1603 -2558 -127") (attacker_position "-1645 -1772 -45") (victim_position "-1053 -1699 0")
L 10/08/2014 - 09:35:23: "Numnutz<7><BOT><Red>" triggered "player_builtobject" (object "OBJ_SENTRYGUN") (position "-629 -2533 -124")
L 10/08/2014 - 09:35:23: "ThatGuy<5><BOT><Red>" killed "Hat-Wearing MAN<6><BOT><Blue>" with "tf_projectile_rocket" (attacker_position "-1595 -1856 -46") (victim_position "-1512 -1907 -38")
L 10/08/2014 - 09:35:46: "It's Filthy in There!<2><BOT><Red>" killed "Kill Me<3><BOT><Blue>" with "flamethrower" (attacker_position "-1360 -1972 -147") (victim_position "-1361 -1857 -147")
L 10/08/2014 - 09:35:46: "The Combine<9><BOT><Red>" triggered "kill assist" against "Kill Me<3><BOT><Blue>" (assister_position "-1370 -1798 -146") (attacker_position "-1360 -1972 -147") (victim_position "-1361 -1857 -147")
L 10/08/2014 - 09:35:46: "Kill Me<3><BOT><Blue>" changed role to "soldier"
L 10/08/2014 - 09:35:50: World triggered "Mini_Round_Win" (winner "Red") (round "round_2")
L 10/08/2014 - 09:35:50: World triggered "Mini_Round_Length" (seconds "893.07")
L 10/08/2014 - 09:35:50: World triggered "Round_Win" (winner "Red")
L 10/08/2014 - 09:35:50: Team "Red" current score "0" with "4" players
L 10/08/2014 - 09:35:50: Team "Blue" current score "3" with "4" players
L 10/08/2014 - 09:35:59: "It's Filthy in There!<2><BOT><Red>" stuck (position "-537.34 -1807.06 -158.43") (duration "3.36") L 10/08/2014 - 09:35:59:    path_goal ( "-512.50 -1762.50 -134.74" )
L 10/08/2014 - 09:35:59: "It's Filthy in There!<2><BOT><Red>" stuck (position "-555.41 -1807.03 -133.13") (duration "3.46") L 10/08/2014 - 09:35:59:    path_goal ( "-512.50 -1800.00 -159.97" )
L 10/08/2014 - 09:36:05: World triggered "Game_Over" reason "Reached Time Limit"
L 10/08/2014 - 09:36:05: Team "Red" final score "0" with "4" players
L 10/08/2014 - 09:36:05: Team "Blue" final score "3" with "4" players
L 10/08/2014 - 09:36:08: "Hat-Wearing MAN<6><BOT><Blue>" stuck (position "-1086.51 -1779.52 0.03") (duration "2.52") L 10/08/2014 - 09:36:08:    path_goal ( "-1140.00 -1743.30 0.03" )
L 10/08/2014 - 09:36:08: "The Combine<9><BOT><Red>" stuck (position "1872.69 -1164.72 -116.85") (duration "3.15") L 10/08/2014 - 09:36:08:    path_goal ( "1625.00 -1475.00 -126.43" )
L 10/08/2014 - 09:36:09: "The Combine<9><BOT><Red>" stuck (position "1872.69 -1164.72 -116.85") (duration "3.26") L 10/08/2014 - 09:36:09:    path_goal ( "1625.00 -1475.00 -126.43" )
L 10/08/2014 - 09:36:09: "The G-Man<8><BOT><Blue>" stuck (position "-503.05 -1565.41 0.03") (duration "3.15") L 10/08/2014 - 09:36:09:    path_goal ( "-550.00 -1550.00 0.03" )
L 10/08/2014 - 09:36:09: "The G-Man<8><BOT><Blue>" stuck (position "-503.05 -1565.41 0.03") (duration "3.26") L 10/08/2014 - 09:36:09:    path_goal ( "-550.00 -1550.00 0.03" )
L 10/08/2014 - 09:36:09: "It's Filthy in There!<2><BOT><Red>" stuck (position "-1415.97 -2060.26 -129.22") (duration "3.36") L 10/08/2014 - 09:36:09:    path_goal ( "-1415.97 -2500.00 -128.00" )
L 10/08/2014 - 09:36:09: "It's Filthy in There!<2><BOT><Red>" stuck (position "-1415.97 -2060.26 -129.22") (duration "3.46") L 10/08/2014 - 09:36:09:    path_goal ( "-1415.97 -2500.00 -128.00" )
L 10/08/2014 - 09:36:09: "Numnutz<7><BOT><Red>" stuck (position "1830.91 -999.10 -123.52") (duration "3.78") L 10/08/2014 - 09:36:09:    path_goal ( "1825.00 -1062.50 -121.19" )
L 10/08/2014 - 09:36:10: "Numnutz<7><BOT><Red>" stuck (position "1830.91 -999.10 -123.52") (duration "3.89") L 10/08/2014 - 09:36:10:    path_goal ( "1825.00 -1062.50 -121.19" )
L 10/08/2014 - 09:36:10: "The Combine<9><BOT><Red>" stuck (position "1872.69 -1164.72 -116.85") (duration "4.31") L 10/08/2014 - 09:36:10:    path_goal ( "1625.00 -1475.00 -126.43" )
L 10/08/2014 - 09:36:10: "CryBaby<4><BOT><Blue>" stuck (position "-884.72 -1501.53 0.03") (duration "4.41") L 10/08/2014 - 09:36:10:    path_goal ( "-925.00 -1501.53 0.03" )
L 10/08/2014 - 09:36:10: "ThatGuy<5><BOT><Red>" stuck (position "1227.89 -1568.95 -128.01") (duration "4.20") L 10/08/2014 - 09:36:10:    path_goal ( "900.00 -1700.00 -139.46" )
L 10/08/2014 - 09:36:10: "The G-Man<8><BOT><Blue>" stuck (position "-503.05 -1565.41 0.03") (duration "4.30") L 10/08/2014 - 09:36:10:    path_goal ( "-550.00 -1550.00 0.03" )
L 10/08/2014 - 09:36:10: "It's Filthy in There!<2><BOT><Red>" stuck (position "-1415.97 -2060.26 -129.22") (duration "4.52") L 10/08/2014 - 09:36:10:    path_goal ( "-1415.97 -2500.00 -128.00" )
L 10/08/2014 - 09:36:10: "Hat-Wearing MAN<6><BOT><Blue>" stuck (position "-1086.51 -1779.52 0.03") (duration "2.52") L 10/08/2014 - 09:36:10:    path_goal ( "-1140.00 -1779.52 0.03" )
L 10/08/2014 - 09:36:11: "Numnutz<7><BOT><Red>" stuck (position "1830.91 -999.10 -123.52") (duration "4.93") L 10/08/2014 - 09:36:11:    path_goal ( "1825.00 -1062.50 -121.19" )
L 10/08/2014 - 09:36:11: "The Combine<9><BOT><Red>" stuck (position "1872.69 -1164.72 -116.85") (duration "5.35") L 10/08/2014 - 09:36:11:    path_goal ( "1625.00 -1475.00 -126.43" )
L 10/08/2014 - 09:36:11: "The G-Man<8><BOT><Blue>" stuck (position "-503.05 -1565.41 0.03") (duration "5.35") L 10/08/2014 - 09:36:11:    path_goal ( "-550.00 -1550.00 0.03" )
L 10/08/2014 - 09:36:11: "It's Filthy in There!<2><BOT><Red>" stuck (position "-1415.97 -2060.26 -129.22") (duration "5.57") L 10/08/2014 - 09:36:11:    path_goal ( "-1415.97 -2500.00 -128.00" )
L 10/08/2014 - 09:36:12: "Numnutz<7><BOT><Red>" stuck (position "1830.91 -999.10 -123.52") (duration "5.98") L 10/08/2014 - 09:36:12:    path_goal ( "1825.00 -1062.50 -121.19" )
L 10/08/2014 - 09:36:12: "The Combine<9><BOT><Red>" stuck (position "1872.69 -1164.72 -116.85") (duration "6.41") L 10/08/2014 - 09:36:12:    path_goal ( "1625.00 -1475.00 -126.43" )
L 10/08/2014 - 09:36:12: "The G-Man<8><BOT><Blue>" stuck (position "-503.05 -1565.41 0.03") (duration "6.40") L 10/08/2014 - 09:36:12:    path_goal ( "-550.00 -1550.00 0.03" )
L 10/08/2014 - 09:36:12: "It's Filthy in There!<2><BOT><Red>" stuck (position "-1415.97 -2060.26 -129.22") (duration "6.61") L 10/08/2014 - 09:36:12:    path_goal ( "-1415.97 -2500.00 -128.00" )
L 10/08/2014 - 09:36:13: "Numnutz<7><BOT><Red>" stuck (position "1830.91 -999.10 -123.52") (duration "7.04") L 10/08/2014 - 09:36:13:    path_goal ( "1825.00 -1062.50 -121.19" )
L 10/08/2014 - 09:36:13: "The Combine<9><BOT><Red>" stuck (position "1872.69 -1164.72 -116.85") (duration "7.46") L 10/08/2014 - 09:36:13:    path_goal ( "1625.00 -1475.00 -126.43" )
L 10/08/2014 - 09:36:13: "Hat-Wearing MAN<6><BOT><Blue>" stuck (position "-1086.51 -1779.52 0.03") (duration "2.52") L 10/08/2014 - 09:36:13:    path_goal ( "-1140.00 -1779.52 0.03" )
L 10/08/2014 - 09:36:13: "The G-Man<8><BOT><Blue>" stuck (position "-503.05 -1565.41 0.03") (duration "7.45") L 10/08/2014 - 09:36:13:    path_goal ( "-550.00 -1550.00 0.03" )
L 10/08/2014 - 09:36:13: "It's Filthy in There!<2><BOT><Red>" stuck (position "-1415.97 -2060.26 -129.22") (duration "7.67") L 10/08/2014 - 09:36:13:    path_goal ( "-1415.97 -2500.00 -128.00" )
L 10/08/2014 - 09:36:14: "Numnutz<7><BOT><Red>" stuck (position "1830.91 -999.10 -123.52") (duration "8.08") L 10/08/2014 - 09:36:14:    path_goal ( "1825.00 -1062.50 -121.19" )
L 10/08/2014 - 09:36:14: "The Combine<9><BOT><Red>" stuck (position "1872.69 -1164.72 -116.85") (duration "8.51") L 10/08/2014 - 09:36:14:    path_goal ( "1625.00 -1475.00 -126.43" )
L 10/08/2014 - 09:36:14: "CryBaby<4><BOT><Blue>" stuck (position "-884.72 -1501.53 0.03") (duration "4.41") L 10/08/2014 - 09:36:14:    path_goal ( "-925.00 -1501.53 0.03" )
L 10/08/2014 - 09:36:14: "The G-Man<8><BOT><Blue>" stuck (position "-503.05 -1565.41 0.03") (duration "8.51") L 10/08/2014 - 09:36:14:    path_goal ( "-550.00 -1550.00 0.03" )
L 10/08/2014 - 09:36:14: "It's Filthy in There!<2><BOT><Red>" stuck (position "-1415.97 -2060.26 -129.22") (duration "8.71") L 10/08/2014 - 09:36:14:    path_goal ( "-1415.97 -2500.00 -128.00" )
L 10/08/2014 - 09:36:15: "Numnutz<7><BOT><Red>" stuck (position "1830.91 -999.10 -123.52") (duration "9.14") L 10/08/2014 - 09:36:15:    path_goal ( "1825.00 -1062.50 -121.19" )
L 10/08/2014 - 09:36:15: "The Combine<9><BOT><Red>" stuck (position "1872.69 -1164.72 -116.85") (duration "9.56") L 10/08/2014 - 09:36:15:    path_goal ( "1625.00 -1475.00 -126.43" )
L 10/08/2014 - 09:36:15: "ThatGuy<5><BOT><Red>" stuck (position "1227.89 -1568.95 -128.01") (duration "4.20") L 10/08/2014 - 09:36:15:    path_goal ( "900.00 -1700.00 -139.46" )
L 10/08/2014 - 09:36:15: "The G-Man<8><BOT><Blue>" stuck (position "-503.05 -1565.41 0.03") (duration "9.55") L 10/08/2014 - 09:36:15:    path_goal ( "-550.00 -1550.00 0.03" )
L 10/08/2014 - 09:36:15: "Hat-Wearing MAN<6><BOT><Blue>" stuck (position "-1086.51 -1779.52 0.03") (duration "2.52") L 10/08/2014 - 09:36:15:    path_goal ( "-1140.00 -1779.52 0.03" )
L 10/08/2014 - 09:36:16: Loading map "ctf_2fort"
L 10/08/2014 - 09:36:16: server cvars start
L 10/08/2014 - 09:36:16: "tf_playergib" = "1"
L 10/08/2014 - 09:36:16: "tf_allow_player_use" = "0"
L 10/08/2014 - 09:36:16: "tf_mvm_death_penalty" = "0"
L 10/08/2014 - 09:36:16: "sv_maxusrcmdprocessticks" = "24"
L 10/08/2014 - 09:36:16: "mp_teamplay" = "0"
L 10/08/2014 - 09:36:16: "mp_falldamage" = "0"
L 10/08/2014 - 09:36:16: "mp_weaponstay" = "0"
L 10/08/2014 - 09:36:16: "mp_forcerespawn" = "1"
L 10/08/2014 - 09:36:16: "mp_footsteps" = "1"
L 10/08/2014 - 09:36:16: "mp_flashlight" = "0"
L 10/08/2014 - 09:36:16: "mp_autocrosshair" = "1"
L 10/08/2014 - 09:36:16: "decalfrequency" = "10"
L 10/08/2014 - 09:36:16: "mp_teamlist" = "hgrunt;scientist"
L 10/08/2014 - 09:36:16: "mp_allowNPCs" = "1"
L 10/08/2014 - 09:36:16: "sv_alltalk" = "0"
L 10/08/2014 - 09:36:16: "tf_weapon_criticals" = "1"
L 10/08/2014 - 09:36:16: "tf_damage_disablespread" = "0"
L 10/08/2014 - 09:36:16: "tf_player_name_change_time" = "60"
L 10/08/2014 - 09:36:16: "tf_force_holidays_off" = "0"
L 10/08/2014 - 09:36:16: "tf_birthday" = "0"
L 10/08/2014 - 09:36:16: "mp_tournament_stopwatch" = "1"
L 10/08/2014 - 09:36:16: "mp_windifference" = "0"
L 10/08/2014 - 09:36:16: "mp_windifference_min" = "0"
L 10/08/2014 - 09:36:16: "tf_medieval" = "0"
L 10/08/2014 - 09:36:16: "tf_medieval_autorp" = "1"
L 10/08/2014 - 09:36:16: "tf_arena_force_class" = "0"
L 10/08/2014 - 09:36:16: "tf_arena_change_limit" = "1"
L 10/08/2014 - 09:36:16: "tf_arena_override_cap_enable_time" = "-1"
L 10/08/2014 - 09:36:16: "tf_arena_first_blood" = "1"
L 10/08/2014 - 09:36:16: "tf_mvm_min_players_to_start" = "3"
L 10/08/2014 - 09:36:16: "tf_gamemode_arena" = "0"
L 10/08/2014 - 09:36:16: "tf_gamemode_cp" = "1"
L 10/08/2014 - 09:36:16: "tf_gamemode_ctf" = "0"
L 10/08/2014 - 09:36:16: "tf_gamemode_sd" = "0"
L 10/08/2014 - 09:36:16: "tf_gamemode_rd" = "0"
L 10/08/2014 - 09:36:16: "tf_beta_content" = "0"
L 10/08/2014 - 09:36:16: "tf_gamemode_payload" = "0"
L 10/08/2014 - 09:36:16: "tf_gamemode_mvm" = "0"
L 10/08/2014 - 09:36:16: "tf_bot_count" = "8"
L 10/08/2014 - 09:36:16: "tf_teamtalk" = "1"
L 10/08/2014 - 09:36:16: "tf_ctf_bonus_time" = "10"
L 10/08/2014 - 09:36:16: "tf_maxspeed" = "400"
L 10/08/2014 - 09:36:16: "tf_max_charge_speed" = "750"
L 10/08/2014 - 09:36:16: "tf_use_fixed_weaponspreads" = "0"
L 10/08/2014 - 09:36:16: "tf_overtime_nag" = "0"
L 10/08/2014 - 09:36:16: "mp_respawnwavetime" = "10.0"
L 10/08/2014 - 09:36:16: "mp_tournament" = "0"
L 10/08/2014 - 09:36:16: "mp_highlander" = "0"
L 10/08/2014 - 09:36:16: "tf_arena_preround_time" = "10"
L 10/08/2014 - 09:36:16: "tf_arena_round_time" = "0"
L 10/08/2014 - 09:36:16: "tf_arena_max_streak" = "3"
L 10/08/2014 - 09:36:16: "tf_arena_use_queue" = "1"
L 10/08/2014 - 09:36:16: "mp_maxrounds" = "0"
L 10/08/2014 - 09:36:16: "mp_winlimit" = "0"
L 10/08/2014 - 09:36:16: "mp_disable_respawn_times" = "0"
L 10/08/2014 - 09:36:16: "mp_stalemate_meleeonly" = "0"
L 10/08/2014 - 09:36:16: "mp_forceautoteam" = "0"
L 10/08/2014 - 09:36:16: "mp_autoteambalance" = "1"
L 10/08/2014 - 09:36:16: "mp_stalemate_enable" = "0"
L 10/08/2014 - 09:36:16: "mp_match_end_at_timelimit" = "0"
L 10/08/2014 - 09:36:16: "mp_holiday_nogifts" = "0"
L 10/08/2014 - 09:36:16: "mp_scrambleteams_auto" = "1"
L 10/08/2014 - 09:36:16: "mp_scrambleteams_auto_windifference" = "2"
L 10/08/2014 - 09:36:16: "mp_timelimit" = "15"
L 10/08/2014 - 09:36:16: "mp_fraglimit" = "0"
L 10/08/2014 - 09:36:16: "nextlevel" = ""
L 10/08/2014 - 09:36:16: "sv_gravity" = "800"
L 10/08/2014 - 09:36:16: "sv_stopspeed" = "100"
L 10/08/2014 - 09:36:16: "sv_noclipaccelerate" = "5"
L 10/08/2014 - 09:36:16: "sv_noclipspeed" = "5"
L 10/08/2014 - 09:36:16: "sv_specaccelerate" = "5"
L 10/08/2014 - 09:36:16: "sv_specspeed" = "3"
L 10/08/2014 - 09:36:16: "sv_specnoclip" = "1"
L 10/08/2014 - 09:36:16: "sv_maxspeed" = "320"
L 10/08/2014 - 09:36:16: "sv_accelerate" = "10"
L 10/08/2014 - 09:36:16: "sv_airaccelerate" = "10"
L 10/08/2014 - 09:36:16: "sv_wateraccelerate" = "10"
L 10/08/2014 - 09:36:16: "sv_waterfriction" = "1"
L 10/08/2014 - 09:36:16: "sv_footsteps" = "1"
L 10/08/2014 - 09:36:16: "sv_rollspeed" = "200"
L 10/08/2014 - 09:36:16: "sv_rollangle" = "0"
L 10/08/2014 - 09:36:16: "sv_friction" = "4"
L 10/08/2014 - 09:36:16: "sv_bounce" = "0"
L 10/08/2014 - 09:36:16: "sv_stepsize" = "18"
L 10/08/2014 - 09:36:16: "r_VehicleViewDampen" = "1"
L 10/08/2014 - 09:36:16: "r_JeepViewDampenFreq" = "7.0"
L 10/08/2014 - 09:36:16: "r_JeepViewDampenDamp" = "1.0"
L 10/08/2014 - 09:36:16: "r_JeepViewZHeight" = "10.0"
L 10/08/2014 - 09:36:16: "r_AirboatViewDampenFreq" = "7.0"
L 10/08/2014 - 09:36:16: "r_AirboatViewDampenDamp" = "1.0"
L 10/08/2014 - 09:36:16: "r_AirboatViewZHeight" = "0.0"
L 10/08/2014 - 09:36:16: "mp_friendlyfire" = "0"
L 10/08/2014 - 09:36:16: "mp_fadetoblack" = "0"
L 10/08/2014 - 09:36:16: "tf_mm_servermode" = "0"
L 10/08/2014 - 09:36:16: "tf_mm_strict" = "0"
L 10/08/2014 - 09:36:16: "tf_mm_trusted" = "0"
L 10/08/2014 - 09:36:16: "tf_server_identity_disable_quickplay" = "0"
L 10/08/2014 - 09:36:16: "sv_registration_successful" = "0"
L 10/08/2014 - 09:36:16: "sv_registration_message" = "No account specified"
L 10/08/2014 - 09:36:16: "sv_steamgroup" = ""
L 10/08/2014 - 09:36:16: "sv_cheats" = "1"
L 10/08/2014 - 09:36:16: "sv_pausable" = "0"
L 10/08/2014 - 09:36:16: "sv_contact" = "admin@yourdomain.com"
L 10/08/2014 - 09:36:16: "sv_voiceenable" = "1"
L 10/08/2014 - 09:36:16: "tv_enable" = "0"
L 10/08/2014 - 09:36:16: "deathmatch" = "1"
L 10/08/2014 - 09:36:16: "coop" = "0"
L 10/08/2014 - 09:36:16: "tv_password" = ""
L 10/08/2014 - 09:36:16: "tv_relaypassword" = ""
L 10/08/2014 - 09:36:16: "sv_password" = ""
L 10/08/2014 - 09:36:16: "sv_tags" = "bots,cp"
L 10/08/2014 - 09:36:16: server cvars end
L 10/08/2014 - 09:36:17: Started map "ctf_2fort" (CRC "7d246aafbbd18b8ccbfdb9937dbc7769")
L 10/08/2014 - 09:36:17: Executing dedicated server config file server.cfg
L 10/08/2014 - 09:36:23: server_cvar: "tf_gamemode_cp" "0"
L 10/08/2014 - 09:36:23: server_cvar: "sv_tags" "bots"
L 10/08/2014 - 09:36:23: server_cvar: "sv_tags" "bots"
L 10/08/2014 - 09:36:23: server_cvar: "tf_bot_count" "0"
L 10/08/2014 - 09:36:23: server_cvar: "sv_tags" ""
L 10/08/2014 - 09:36:23: server_cvar: "tf_gamemode_ctf" "1"
L 10/08/2014 - 09:36:23: server_cvar: "sv_tags" "ctf"
L 10/08/2014 - 09:36:23: server_cvar: "sv_tags" "ctf"
L 10/08/2014 - 09:36:24: Initializing Steam libraries for LAN server
L 10/08/2014 - 09:36:24: No account token specified; logging into anonymous game server account.  (Use sv_setsteamaccount to login to a persistent account.)
