L 10/07/2014 - 18:15:58: Log file started (file "logs/L1007019.log") (game "/home/tf2/hlserver/tf2/tf") (version "2426090")
L 10/07/2014 - 18:15:58: server_cvar: "sv_cheats" "1"
L 10/07/2014 - 18:15:58: "Saxton Hale<2><BOT><>" connected, address "none"
L 10/07/2014 - 18:15:58: "<2><BOT><>" entered the game
L 10/07/2014 - 18:15:58: "Saxton Hale<2><BOT><Unassigned>" joined team "Blue"
L 10/07/2014 - 18:15:58: "Saxton Hale<2><BOT><Blue>" changed role to "scout"
L 10/07/2014 - 18:15:58: "Saxton Hale<2><BOT><Blue>" changed name to "RageQuit"
L 10/07/2014 - 18:15:58: Sending CMsgGameServerMatchmakingStatus (state=ServerMatchmakingState_NOT_PARTICIPATING)
L 10/07/2014 - 18:15:58: "Screamin' Eagles<3><BOT><>" connected, address "none"
L 10/07/2014 - 18:15:58: "<3><BOT><>" entered the game
L 10/07/2014 - 18:15:58: "Screamin' Eagles<3><BOT><Unassigned>" joined team "Red"
L 10/07/2014 - 18:15:58: "Screamin' Eagles<3><BOT><Red>" changed role to "engineer"
L 10/07/2014 - 18:15:58: "Screamin' Eagles<3><BOT><Red>" changed name to "Ze Ubermensch"
L 10/07/2014 - 18:15:58: "nulltr0n<4><[U:1:197388838]><>" connected, address "192.168.1.114:27005"
L 10/07/2014 - 18:15:58: Connection to Steam servers successful.
L 10/07/2014 - 18:15:58:    Public IP is 68.110.44.24.
L 10/07/2014 - 18:15:58: Assigned anonymous gameserver Steam ID [A:1:2704415751:4715].
L 10/07/2014 - 18:15:58: VAC secure mode is activated.
L 10/07/2014 - 18:15:58: "Maggot<5><BOT><>" connected, address "none"
L 10/07/2014 - 18:15:58: "<5><BOT><>" entered the game
L 10/07/2014 - 18:15:58: "Maggot<5><BOT><Unassigned>" joined team "Blue"
L 10/07/2014 - 18:15:58: "Maggot<5><BOT><Blue>" changed role to "soldier"
L 10/07/2014 - 18:15:58: "Maggot<5><BOT><Blue>" changed name to "CRITRAWKETS"
L 10/07/2014 - 18:15:58: "nulltr0n<4><[U:1:197388838]><>" STEAM USERID validated
L 10/07/2014 - 18:15:58: tf_server_identity_account_id not set; not logging into registered account
L 10/07/2014 - 18:15:58: "Herr Doktor<6><BOT><>" connected, address "none"
L 10/07/2014 - 18:15:58: "<6><BOT><>" entered the game
L 10/07/2014 - 18:15:58: "Herr Doktor<6><BOT><Unassigned>" joined team "Red"
L 10/07/2014 - 18:15:58: "Herr Doktor<6><BOT><Red>" changed role to "demoman"
L 10/07/2014 - 18:15:58: "Herr Doktor<6><BOT><Red>" changed name to "Gentlemanne of Leisure"
L 10/07/2014 - 18:15:59: "Companion Cube<7><BOT><>" connected, address "none"
L 10/07/2014 - 18:15:59: "<7><BOT><>" entered the game
L 10/07/2014 - 18:15:59: "Companion Cube<7><BOT><Unassigned>" joined team "Blue"
L 10/07/2014 - 18:15:59: "Companion Cube<7><BOT><Blue>" changed role to "demoman"
L 10/07/2014 - 18:15:59: "Companion Cube<7><BOT><Blue>" changed name to "Target Practice"
L 10/07/2014 - 18:15:59: "One-Man Cheeseburger Apocalypse<8><BOT><>" connected, address "none"
L 10/07/2014 - 18:15:59: "<8><BOT><>" entered the game
L 10/07/2014 - 18:15:59: "One-Man Cheeseburger Apocalypse<8><BOT><Unassigned>" joined team "Red"
L 10/07/2014 - 18:15:59: "One-Man Cheeseburger Apocalypse<8><BOT><Red>" changed role to "demoman"
L 10/07/2014 - 18:15:59: "One-Man Cheeseburger Apocalypse<8><BOT><Red>" changed name to "Crowbar"
L 10/07/2014 - 18:15:59: "Delicious Cake<9><BOT><>" connected, address "none"
L 10/07/2014 - 18:15:59: "<9><BOT><>" entered the game
L 10/07/2014 - 18:15:59: "Delicious Cake<9><BOT><Unassigned>" joined team "Blue"
L 10/07/2014 - 18:15:59: "Delicious Cake<9><BOT><Blue>" changed role to "medic"
L 10/07/2014 - 18:15:59: "Delicious Cake<9><BOT><Blue>" changed name to "IvanTheSpaceBiker"
L 10/07/2014 - 18:15:59: "I LIVE!<10><BOT><>" connected, address "none"
L 10/07/2014 - 18:15:59: "<10><BOT><>" entered the game
L 10/07/2014 - 18:15:59: "I LIVE!<10><BOT><Unassigned>" joined team "Red"
L 10/07/2014 - 18:15:59: "I LIVE!<10><BOT><Red>" changed role to "medic"
L 10/07/2014 - 18:15:59: "I LIVE!<10><BOT><Red>" changed name to "Cannon Fodder"
L 10/07/2014 - 18:16:00: "That Guy Over There<11><[U:1:197468749]><>" connected, address "192.168.1.109:27005"
L 10/07/2014 - 18:16:00: "That Guy Over There<11><[U:1:197468749]><>" STEAM USERID validated
L 10/07/2014 - 18:16:01: "nulltr0n<4><[U:1:197388838]><>" entered the game
L 10/07/2014 - 18:16:03: server_cvar: "tf_bot_count" "8"
L 10/07/2014 - 18:16:03: server_cvar: "sv_tags" "bots,cp"
L 10/07/2014 - 18:16:04: "That Guy Over There<11><[U:1:197468749]><>" entered the game
L 10/07/2014 - 18:16:13: "RageQuit<2><BOT><Blue>" stuck (position "-1627.21 1633.47 -255.89") (duration "2.52") L 10/07/2014 - 18:16:13:    path_goal ( "-216.00 2792.00 -247.97" )
L 10/07/2014 - 18:16:16: "RageQuit<2><BOT><Blue>" stuck (position "-1627.21 1633.47 -255.89") (duration "2.52") L 10/07/2014 - 18:16:16:    path_goal ( "-216.00 2792.00 -247.97" )
L 10/07/2014 - 18:16:17: "Target Practice<7><BOT><Blue>" stuck (position "-1631.19 1633.47 -255.90") (duration "3.57") L 10/07/2014 - 18:16:17:    path_goal ( "-216.00 2792.00 -247.97" )
L 10/07/2014 - 18:16:18: "That Guy Over There<11><[U:1:197468749]><Unassigned>" joined team "Blue"
L 10/07/2014 - 18:16:18: "RageQuit<2><BOT><Blue>" stuck (position "-1664.20 1633.47 -255.95") (duration "2.52") L 10/07/2014 - 18:16:18:    path_goal ( "-216.00 2792.00 -247.97" )
L 10/07/2014 - 18:16:19: "CRITRAWKETS<5><BOT><Blue>" stuck (position "-1627.21 1633.47 -255.89") (duration "4.20") L 10/07/2014 - 18:16:19:    path_goal ( "-216.00 2792.00 -247.97" )
L 10/07/2014 - 18:16:19: "That Guy Over There<11><[U:1:197468749]><Blue>" changed role to "heavyweapons"
L 10/07/2014 - 18:16:20: "Target Practice<7><BOT><Blue>" stuck (position "-1633.39 1633.47 -255.91") (duration "3.57") L 10/07/2014 - 18:16:20:    path_goal ( "-216.00 2792.00 -247.97" )
L 10/07/2014 - 18:16:21: "RageQuit<2><BOT><Blue>" stuck (position "-1670.99 1633.47 -255.95") (duration "2.52") L 10/07/2014 - 18:16:21:    path_goal ( "-216.00 2792.00 -247.97" )
L 10/07/2014 - 18:16:21: "nulltr0n<4><[U:1:197388838]><Unassigned>" joined team "Red"
L 10/07/2014 - 18:16:23: "CRITRAWKETS<5><BOT><Blue>" stuck (position "-1640.61 1633.47 -255.90") (duration "4.20") L 10/07/2014 - 18:16:23:    path_goal ( "-216.00 2792.00 -247.97" )
L 10/07/2014 - 18:16:23: "RageQuit<2><BOT><Blue>" stuck (position "-1644.09 1633.47 -255.88") (duration "2.52") L 10/07/2014 - 18:16:23:    path_goal ( "-216.00 2792.00 -247.97" )
L 10/07/2014 - 18:16:24: "Ze Ubermensch<3><BOT><Red>" triggered "player_builtobject" (object "OBJ_SENTRYGUN") (position "116 1799 -268")
L 10/07/2014 - 18:16:24: "Target Practice<7><BOT><Blue>" stuck (position "-1643.06 1633.47 -255.90") (duration "3.57") L 10/07/2014 - 18:16:24:    path_goal ( "-216.00 2792.00 -247.97" )
L 10/07/2014 - 18:16:26: "RageQuit<2><BOT><Blue>" stuck (position "-1644.22 1633.47 -255.89") (duration "2.52") L 10/07/2014 - 18:16:26:    path_goal ( "-216.00 2792.00 -247.97" )
L 10/07/2014 - 18:16:27: "nulltr0n<4><[U:1:197388838]><Red>" changed role to "heavyweapons"
L 10/07/2014 - 18:16:27: "Target Practice<7><BOT><Blue>" stuck (position "-1645.10 1633.47 -255.89") (duration "3.57") L 10/07/2014 - 18:16:27:    path_goal ( "-216.00 2792.00 -247.97" )
L 10/07/2014 - 18:16:27: "CRITRAWKETS<5><BOT><Blue>" stuck (position "-1650.91 1633.47 -255.91") (duration "4.20") L 10/07/2014 - 18:16:27:    path_goal ( "-216.00 2792.00 -247.97" )
L 10/07/2014 - 18:16:28: World triggered "Round_Start"
L 10/07/2014 - 18:16:28: World triggered "Round_Setup_Begin"
L 10/07/2014 - 18:16:28: World triggered "Mini_Round_Selected" (round "round_1")
L 10/07/2014 - 18:16:28: World triggered "Mini_Round_Start"
L 10/07/2014 - 18:16:49: "Ze Ubermensch<3><BOT><Red>" triggered "player_builtobject" (object "OBJ_SENTRYGUN") (position "145 2138 -263")
L 10/07/2014 - 18:16:54: "Splunk Ninja<12><[U:1:197422767]><>" connected, address "192.168.1.115:27005"
L 10/07/2014 - 18:16:54: "Splunk Ninja<12><[U:1:197422767]><>" STEAM USERID validated
L 10/07/2014 - 18:16:57: "Splunk Ninja<12><[U:1:197422767]><>" entered the game
L 10/07/2014 - 18:17:16: "Splunk Ninja<12><[U:1:197422767]><Unassigned>" joined team "Blue"
L 10/07/2014 - 18:17:20: "Splunk Ninja<12><[U:1:197422767]><Blue>" changed role to "pyro"
L 10/07/2014 - 18:17:28: World triggered "Round_Setup_End"
L 10/07/2014 - 18:17:36: "Ze Ubermensch<3><BOT><Red>" triggered "player_builtobject" (object "OBJ_DISPENSER") (position "159 2139 -260")
L 10/07/2014 - 18:17:38: "IvanTheSpaceBiker<9><BOT><Blue>" triggered "chargedeployed"
L 10/07/2014 - 18:17:40: "Cannon Fodder<10><BOT><Red>" triggered "chargedeployed"
L 10/07/2014 - 18:17:43: "nulltr0n<4><[U:1:197388838]><Red>" killed "RageQuit<2><BOT><Blue>" with "minigun" (attacker_position "-149 2853 -240") (victim_position "-417 2831 -247")
L 10/07/2014 - 18:17:43: "Cannon Fodder<10><BOT><Red>" triggered "kill assist" against "RageQuit<2><BOT><Blue>" (assister_position "-109 2882 -247") (attacker_position "-149 2853 -240") (victim_position "-417 2831 -247")
L 10/07/2014 - 18:17:43: "Ze Ubermensch<3><BOT><Red>" killed "Target Practice<7><BOT><Blue>" with "obj_sentrygun3" (attacker_position "165 2099 -263") (victim_position "-928 2541 -255")
L 10/07/2014 - 18:17:43: "Crowbar<8><BOT><Red>" triggered "kill assist" against "Target Practice<7><BOT><Blue>" (assister_position "-34 1725 -256") (attacker_position "165 2099 -263") (victim_position "-928 2541 -255")
L 10/07/2014 - 18:17:48: "nulltr0n<4><[U:1:197388838]><Red>" triggered "medic_death" against "IvanTheSpaceBiker<9><BOT><Blue>" (healing "871") (ubercharge "0")
L 10/07/2014 - 18:17:48: "nulltr0n<4><[U:1:197388838]><Red>" killed "IvanTheSpaceBiker<9><BOT><Blue>" with "minigun" (attacker_position "-289 2840 -240") (victim_position "-407 2819 -247")
L 10/07/2014 - 18:17:48: "Cannon Fodder<10><BOT><Red>" triggered "kill assist" against "IvanTheSpaceBiker<9><BOT><Blue>" (assister_position "-219 2842 -240") (attacker_position "-289 2840 -240") (victim_position "-407 2819 -247")
L 10/07/2014 - 18:17:49: "Gentlemanne of Leisure<6><BOT><Red>" triggered "captureblocked" (cp "0") (cpname "#Dustbowl_cap_1_A") (position "-114 2498 -255")
L 10/07/2014 - 18:17:49: "Gentlemanne of Leisure<6><BOT><Red>" killed "Splunk Ninja<12><[U:1:197422767]><Blue>" with "tf_projectile_pipe" (attacker_position "-114 2498 -255") (victim_position "-120 2673 -247")
L 10/07/2014 - 18:17:49: "nulltr0n<4><[U:1:197388838]><Red>" triggered "kill assist" against "Splunk Ninja<12><[U:1:197422767]><Blue>" (assister_position "-248 2869 -240") (attacker_position "-114 2498 -255") (victim_position "-120 2673 -247")
L 10/07/2014 - 18:17:50: "nulltr0n<4><[U:1:197388838]><Red>" killed "That Guy Over There<11><[U:1:197468749]><Blue>" with "minigun" (attacker_position "-184 2902 -242") (victim_position "-423 2734 -247")
L 10/07/2014 - 18:17:50: "Cannon Fodder<10><BOT><Red>" triggered "kill assist" against "That Guy Over There<11><[U:1:197468749]><Blue>" (assister_position "-104 2717 -247") (attacker_position "-184 2902 -242") (victim_position "-423 2734 -247")
L 10/07/2014 - 18:17:53: "CRITRAWKETS<5><BOT><Blue>" killed "Crowbar<8><BOT><Red>" with "tf_projectile_rocket" (attacker_position "-1506 2844 -252") (victim_position "-253 2825 -240")
L 10/07/2014 - 18:17:53: "Splunk Ninja<12><[U:1:197422767]><Blue>" triggered "kill assist" against "Crowbar<8><BOT><Red>" (assister_position "-120 2673 -233") (attacker_position "-1506 2844 -252") (victim_position "-253 2825 -240")
L 10/07/2014 - 18:17:53: "Crowbar<8><BOT><Red>" changed role to "sniper"
L 10/07/2014 - 18:18:04: "CRITRAWKETS<5><BOT><Blue>" triggered "medic_death" against "Cannon Fodder<10><BOT><Red>" (healing "1680") (ubercharge "0")
L 10/07/2014 - 18:18:04: "CRITRAWKETS<5><BOT><Blue>" killed "Cannon Fodder<10><BOT><Red>" with "tf_projectile_rocket" (attacker_position "-649 2825 -255") (victim_position "-396 2880 -247")
L 10/07/2014 - 18:18:07: "Gentlemanne of Leisure<6><BOT><Red>" killed "CRITRAWKETS<5><BOT><Blue>" with "tf_projectile_pipe_remote" (attacker_position "-41 2881 -90") (victim_position "-634 2826 -255")
L 10/07/2014 - 18:18:16: "Ze Ubermensch<3><BOT><Red>" killed "Target Practice<7><BOT><Blue>" with "obj_sentrygun3" (attacker_position "143 2100 -265") (victim_position "-925 2552 -255")
L 10/07/2014 - 18:18:16: "Gentlemanne of Leisure<6><BOT><Red>" stuck (position "-45.42 2863.44 -199.97") (duration "3.57") L 10/07/2014 - 18:18:16:    path_goal ( "NULL" )
L 10/07/2014 - 18:18:18: "RageQuit<2><BOT><Blue>" stuck (position "-1907.32 1368.03 -269.22") (duration "2.94") L 10/07/2014 - 18:18:18:    path_goal ( "-1825.00 262.50 -63.97" )
L 10/07/2014 - 18:18:23: "RageQuit<2><BOT><Blue>" stuck (position "-1906.73 1368.03 -269.17") (duration "3.78") L 10/07/2014 - 18:18:23:    path_goal ( "-1887.50 -2125.00 -159.97" )
L 10/07/2014 - 18:18:28: "Crowbar<8><BOT><Red>" killed "RageQuit<2><BOT><Blue>" with "sniperrifle" (customkill "headshot") (attacker_position "583 2201 -256") (victim_position "-1305 2319 -421")
L 10/07/2014 - 18:18:29: "nulltr0n<4><[U:1:197388838]><Red>" triggered "medic_death" against "IvanTheSpaceBiker<9><BOT><Blue>" (healing "447") (ubercharge "0")
L 10/07/2014 - 18:18:29: "nulltr0n<4><[U:1:197388838]><Red>" killed "IvanTheSpaceBiker<9><BOT><Blue>" with "minigun" (attacker_position "-318 2818 -240") (victim_position "-565 2825 -247")
L 10/07/2014 - 18:18:29: "That Guy Over There<11><[U:1:197468749]><Blue>" killed "nulltr0n<4><[U:1:197388838]><Red>" with "minigun" (attacker_position "-712 2851 -255") (victim_position "-311 2818 -240")
L 10/07/2014 - 18:18:29: "Splunk Ninja<12><[U:1:197422767]><Blue>" triggered "kill assist" against "nulltr0n<4><[U:1:197388838]><Red>" (assister_position "-703 2704 -255") (attacker_position "-712 2851 -255") (victim_position "-311 2818 -240")
L 10/07/2014 - 18:18:33: "Ze Ubermensch<3><BOT><Red>" triggered "captureblocked" (cp "0") (cpname "#Dustbowl_cap_1_A") (position "140 2110 -265")
L 10/07/2014 - 18:18:33: "Ze Ubermensch<3><BOT><Red>" killed "Splunk Ninja<12><[U:1:197422767]><Blue>" with "obj_sentrygun3" (attacker_position "140 2110 -265") (victim_position "-124 2738 -240")
L 10/07/2014 - 18:18:38: Team "Blue" triggered "pointcaptured" (cp "0") (cpname "#Dustbowl_cap_1_A") (numcappers "1") (player1 "That Guy Over There<11><[U:1:197468749]><Blue>") (position1 "-306 2838 -240") 
L 10/07/2014 - 18:18:38: "Splunk Ninja<12><[U:1:197422767]><Blue>" killed "Gentlemanne of Leisure<6><BOT><Red>" with "flamethrower" (attacker_position "-903 2367 -415") (victim_position "805 1876 -255")
L 10/07/2014 - 18:18:38: "Gentlemanne of Leisure<6><BOT><Red>" changed role to "spy"
L 10/07/2014 - 18:18:38: "CRITRAWKETS<5><BOT><Blue>" triggered "killedobject" (object "OBJ_DISPENSER") (weapon "tf_projectile_rocket") (objectowner "Ze Ubermensch<3><BOT><Red>") (attacker_position "-903 2376 -415")
L 10/07/2014 - 18:18:41: "Ze Ubermensch<3><BOT><Red>" killed "That Guy Over There<11><[U:1:197468749]><Blue>" with "obj_sentrygun3" (attacker_position "104 2070 -285") (victim_position "-286 2899 -245")
L 10/07/2014 - 18:18:52: "Crowbar<8><BOT><Red>" killed "CRITRAWKETS<5><BOT><Blue>" with "sniperrifle" (attacker_position "190 2112 -259") (victim_position "-1253 2526 -428")
L 10/07/2014 - 18:18:52: "CRITRAWKETS<5><BOT><Blue>" changed role to "demoman"
L 10/07/2014 - 18:19:00: "Target Practice<7><BOT><Blue>" triggered "killedobject" (object "OBJ_SENTRYGUN") (weapon "tf_projectile_pipe_remote") (objectowner "Ze Ubermensch<3><BOT><Red>") (attacker_position "-492 2689 -171")
L 10/07/2014 - 18:19:08: "RageQuit<2><BOT><Blue>" stuck (position "-2343.99 1368.03 -295.30") (duration "2.62") L 10/07/2014 - 18:19:08:    path_goal ( "-2200.00 350.00 -63.97" )
L 10/07/2014 - 18:19:16: "nulltr0n<4><[U:1:197388838]><Red>" killed "Target Practice<7><BOT><Blue>" with "minigun" (attacker_position "-55 2609 -247") (victim_position "-168 2728 -240")
L 10/07/2014 - 18:19:16: "Cannon Fodder<10><BOT><Red>" triggered "kill assist" against "Target Practice<7><BOT><Blue>" (assister_position "-189 2682 -242") (attacker_position "-55 2609 -247") (victim_position "-168 2728 -240")
L 10/07/2014 - 18:19:16: "Target Practice<7><BOT><Blue>" changed role to "scout"
L 10/07/2014 - 18:19:21: "IvanTheSpaceBiker<9><BOT><Blue>" triggered "medic_death" against "Cannon Fodder<10><BOT><Red>" (healing "360") (ubercharge "0")
L 10/07/2014 - 18:19:21: "IvanTheSpaceBiker<9><BOT><Blue>" killed "Cannon Fodder<10><BOT><Red>" with "syringegun_medic" (attacker_position "-104 2408 -255") (victim_position "-63 2725 -247")
L 10/07/2014 - 18:19:21: "RageQuit<2><BOT><Blue>" triggered "kill assist" against "Cannon Fodder<10><BOT><Red>" (assister_position "-150 2223 -308") (attacker_position "-104 2408 -255") (victim_position "-63 2725 -247")
L 10/07/2014 - 18:19:23: "IvanTheSpaceBiker<9><BOT><Blue>" killed "nulltr0n<4><[U:1:197388838]><Red>" with "syringegun_medic" (attacker_position "-587 2811 -247") (victim_position "-41 2773 -247")
L 10/07/2014 - 18:19:23: "RageQuit<2><BOT><Blue>" triggered "kill assist" against "nulltr0n<4><[U:1:197388838]><Red>" (assister_position "-200 2289 -317") (attacker_position "-587 2811 -247") (victim_position "-41 2773 -247")
L 10/07/2014 - 18:19:24: "CRITRAWKETS<5><BOT><Blue>" killed "Gentlemanne of Leisure<6><BOT><Red>" with "tf_projectile_pipe" (attacker_position "-322 1968 -415") (victim_position "-75 2274 -292")
L 10/07/2014 - 18:19:24: "RageQuit<2><BOT><Blue>" triggered "kill assist" against "Gentlemanne of Leisure<6><BOT><Red>" (assister_position "-200 2202 -327") (attacker_position "-322 1968 -415") (victim_position "-75 2274 -292")
L 10/07/2014 - 18:19:24: "Gentlemanne of Leisure<6><BOT><Red>" changed role to "demoman"
L 10/07/2014 - 18:19:25: Team "Blue" triggered "pointcaptured" (cp "1") (cpname "#Dustbowl_cap_1_B") (numcappers "1") (player1 "Splunk Ninja<12><[U:1:197422767]><Blue>") (position1 "2354 2395 -136") 
L 10/07/2014 - 18:19:25: World triggered "Mini_Round_Win" (winner "Blue") (round "round_1")
L 10/07/2014 - 18:19:25: World triggered "Mini_Round_Length" (seconds "177.22")
L 10/07/2014 - 18:19:28: "Splunk Ninja<12><[U:1:197422767]><Blue>" killed "Ze Ubermensch<3><BOT><Red>" with "flamethrower" (attacker_position "1682 2395 -206") (victim_position "1403 2431 -244")
L 10/07/2014 - 18:19:28: "Ze Ubermensch<3><BOT><Red>" changed role to "scout"
L 10/07/2014 - 18:19:31: "RageQuit<2><BOT><Blue>" stuck (position "-120.97 1705.21 -256.02") (duration "2.73") L 10/07/2014 - 18:19:31:    path_goal ( "-150.00 912.50 64.03" )
L 10/07/2014 - 18:19:31: "RageQuit<2><BOT><Blue>" stuck (position "-99.82 1703.90 -230.38") (duration "2.83") L 10/07/2014 - 18:19:31:    path_goal ( "-25.00 1750.00 -274.90" )
L 10/07/2014 - 18:19:35: "Splunk Ninja<12><[U:1:197422767]><Blue>" killed "Crowbar<8><BOT><Red>" with "flamethrower" (attacker_position "2316 2088 -191") (victim_position "2273 1779 -191")
L 10/07/2014 - 18:19:40: World triggered "Round_Setup_Begin"
L 10/07/2014 - 18:19:40: World triggered "Mini_Round_Selected" (round "round_2")
L 10/07/2014 - 18:19:40: World triggered "Mini_Round_Start"
L 10/07/2014 - 18:19:42: "nulltr0n<4><[U:1:197388838]><Red>" changed role to "spy"
L 10/07/2014 - 18:20:40: World triggered "Round_Setup_End"
L 10/07/2014 - 18:20:46: "CRITRAWKETS<5><BOT><Blue>" killed "Ze Ubermensch<3><BOT><Red>" with "tf_projectile_pipe" (attacker_position "2227 756 -191") (victim_position "1683 851 -185")
L 10/07/2014 - 18:20:46: "Target Practice<7><BOT><Blue>" triggered "kill assist" against "Ze Ubermensch<3><BOT><Red>" (assister_position "1929 573 -231") (attacker_position "2227 756 -191") (victim_position "1683 851 -185")
L 10/07/2014 - 18:20:46: "Ze Ubermensch<3><BOT><Red>" changed role to "engineer"
L 10/07/2014 - 18:20:49: "Crowbar<8><BOT><Red>" killed "Target Practice<7><BOT><Blue>" with "sniperrifle" (attacker_position "2025 -1954 -127") (victim_position "1918 -173 -191")
L 10/07/2014 - 18:20:49: "Target Practice<7><BOT><Blue>" changed role to "pyro"
L 10/07/2014 - 18:20:50: "Cannon Fodder<10><BOT><Red>" triggered "chargedeployed"
L 10/07/2014 - 18:20:53: "IvanTheSpaceBiker<9><BOT><Blue>" triggered "chargedeployed"
L 10/07/2014 - 18:20:54: "CRITRAWKETS<5><BOT><Blue>" killed "Crowbar<8><BOT><Red>" with "tf_projectile_pipe" (attacker_position "1772 -957 -127") (victim_position "1988 -1970 -128")
L 10/07/2014 - 18:20:54: "That Guy Over There<11><[U:1:197468749]><Blue>" triggered "kill assist" against "Crowbar<8><BOT><Red>" (assister_position "2144 -921 -143") (attacker_position "1772 -957 -127") (victim_position "1988 -1970 -128")
L 10/07/2014 - 18:21:00: "That Guy Over There<11><[U:1:197468749]><Blue>" triggered "medic_death" against "Cannon Fodder<10><BOT><Red>" (healing "543") (ubercharge "0")
L 10/07/2014 - 18:21:00: "That Guy Over There<11><[U:1:197468749]><Blue>" killed "Cannon Fodder<10><BOT><Red>" with "minigun" (attacker_position "1912 -1164 -118") (victim_position "1728 -1078 -107")
L 10/07/2014 - 18:21:00: "IvanTheSpaceBiker<9><BOT><Blue>" triggered "kill assist" against "Cannon Fodder<10><BOT><Red>" (assister_position "2025 -1121 -139") (attacker_position "1912 -1164 -118") (victim_position "1728 -1078 -107")
L 10/07/2014 - 18:21:03: "That Guy Over There<11><[U:1:197468749]><Blue>" killed "Gentlemanne of Leisure<6><BOT><Red>" with "minigun" (attacker_position "2103 -1282 -142") (victim_position "2400 -1424 -63")
L 10/07/2014 - 18:21:03: "IvanTheSpaceBiker<9><BOT><Blue>" triggered "kill assist" against "Gentlemanne of Leisure<6><BOT><Red>" (assister_position "2111 -1080 -142") (attacker_position "2103 -1282 -142") (victim_position "2400 -1424 -63")
L 10/07/2014 - 18:21:03: "Gentlemanne of Leisure<6><BOT><Red>" changed role to "engineer"
L 10/07/2014 - 18:21:04: "RageQuit<2><BOT><Blue>" stuck (position "2342.51 -1432.00 -63.97") (duration "2.52") L 10/07/2014 - 18:21:04:    path_goal ( "2359.18 -1438.37 -63.97" )
L 10/07/2014 - 18:21:04: Team "Blue" triggered "pointcaptured" (cp "2") (cpname "#Dustbowl_cap_2_A") (numcappers "2") (player1 "RageQuit<2><BOT><Blue>") (position1 "2358 -1436 0") (player2 "Splunk Ninja<12><[U:1:197422767]><Blue>") (position2 "2363 -1514 7") 
L 10/07/2014 - 18:21:09: "Ze Ubermensch<3><BOT><Red>" triggered "player_builtobject" (object "OBJ_TELEPORTER") (position "-2096 -1718 -191")
L 10/07/2014 - 18:21:15: "nulltr0n<4><[U:1:197388838]><Red>" triggered "medic_death" against "IvanTheSpaceBiker<9><BOT><Blue>" (healing "944") (ubercharge "0")
L 10/07/2014 - 18:21:15: "nulltr0n<4><[U:1:197388838]><Red>" killed "IvanTheSpaceBiker<9><BOT><Blue>" with "knife" (customkill "backstab") (attacker_position "1655 -1754 -142") (victim_position "1633 -1818 -133")
L 10/07/2014 - 18:21:20: "That Guy Over There<11><[U:1:197468749]><Blue>" killed "nulltr0n<4><[U:1:197388838]><Red>" with "minigun" (attacker_position "1268 -2126 -127") (victim_position "1253 -2071 -127")
L 10/07/2014 - 18:21:22: "Gentlemanne of Leisure<6><BOT><Red>" triggered "player_builtobject" (object "OBJ_TELEPORTER") (position "-2057 -1747 -188")
L 10/07/2014 - 18:21:22: Team "Blue" triggered "pointcaptured" (cp "3") (cpname "#Dustbowl_cap_2_B") (numcappers "1") (player1 "RageQuit<2><BOT><Blue>") (position1 "-1489 -2088 -42") 
L 10/07/2014 - 18:21:22: World triggered "Mini_Round_Win" (winner "Blue") (round "round_2")
L 10/07/2014 - 18:21:22: World triggered "Mini_Round_Length" (seconds "102.29")
L 10/07/2014 - 18:21:24: "Cannon Fodder<10><BOT><Red>" stuck (position "-1866.24 -2301.76 -159.97") (duration "3.15") L 10/07/2014 - 18:21:24:    path_goal ( "NULL" )
L 10/07/2014 - 18:21:24: "Cannon Fodder<10><BOT><Red>" stuck (position "-1850.77 -2311.10 -131.77") (duration "3.27") L 10/07/2014 - 18:21:24:    path_goal ( "NULL" )
L 10/07/2014 - 18:21:26: "Cannon Fodder<10><BOT><Red>" stuck (position "-1849.62 -2296.30 -159.97") (duration "4.32") L 10/07/2014 - 18:21:26:    path_goal ( "NULL" )
L 10/07/2014 - 18:21:26: "Gentlemanne of Leisure<6><BOT><Red>" stuck (position "-2067.73 -1861.03 -173.19") (duration "3.38") L 10/07/2014 - 18:21:26:    path_goal ( "-2050.00 -2000.00 -159.97" )
L 10/07/2014 - 18:21:26: "Gentlemanne of Leisure<6><BOT><Red>" stuck (position "-2067.73 -1861.03 -173.19") (duration "3.48") L 10/07/2014 - 18:21:26:    path_goal ( "NULL" )
L 10/07/2014 - 18:21:27: "Cannon Fodder<10><BOT><Red>" stuck (position "-1870.15 -2294.95 -159.97") (duration "5.37") L 10/07/2014 - 18:21:27:    path_goal ( "NULL" )
L 10/07/2014 - 18:21:27: "Gentlemanne of Leisure<6><BOT><Red>" stuck (position "-2067.73 -1861.03 -173.19") (duration "4.53") L 10/07/2014 - 18:21:27:    path_goal ( "-2067.73 -2000.00 -159.97" )
L 10/07/2014 - 18:21:28: "Cannon Fodder<10><BOT><Red>" stuck (position "-1860.05 -2298.50 -159.97") (duration "6.42") L 10/07/2014 - 18:21:28:    path_goal ( "NULL" )
L 10/07/2014 - 18:21:28: "RageQuit<2><BOT><Blue>" triggered "killedobject" (object "OBJ_TELEPORTER") (weapon "pistol_scout") (objectowner "Gentlemanne of Leisure<6><BOT><Red>") (attacker_position "-1608 -1635 -127")
L 10/07/2014 - 18:21:28: "CRITRAWKETS<5><BOT><Blue>" killed "Ze Ubermensch<3><BOT><Red>" with "tf_projectile_pipe" (attacker_position "-143 -1932 -159") (victim_position "-184 -2267 -125")
L 10/07/2014 - 18:21:28: "Ze Ubermensch<3><BOT><Red>" changed role to "scout"
L 10/07/2014 - 18:21:28: "Gentlemanne of Leisure<6><BOT><Red>" stuck (position "-2067.73 -1861.03 -173.19") (duration "5.58") L 10/07/2014 - 18:21:28:    path_goal ( "-2067.73 -2000.00 -159.97" )
L 10/07/2014 - 18:21:29: "Cannon Fodder<10><BOT><Red>" stuck (position "-1861.83 -2300.36 -159.97") (duration "7.47") L 10/07/2014 - 18:21:29:    path_goal ( "NULL" )
L 10/07/2014 - 18:21:29: "Gentlemanne of Leisure<6><BOT><Red>" stuck (position "-2067.73 -1861.03 -173.19") (duration "6.63") L 10/07/2014 - 18:21:29:    path_goal ( "-2000.20 -1655.74 -190.47" )
L 10/07/2014 - 18:21:30: "Cannon Fodder<10><BOT><Red>" stuck (position "-1862.71 -2300.38 -159.97") (duration "8.52") L 10/07/2014 - 18:21:30:    path_goal ( "NULL" )
L 10/07/2014 - 18:21:30: "Splunk Ninja<12><[U:1:197422767]><Blue>" triggered "killedobject" (object "OBJ_TELEPORTER") (weapon "flamethrower") (objectowner "Ze Ubermensch<3><BOT><Red>") (attacker_position "-2010 -1708 -191")
L 10/07/2014 - 18:21:30: "Splunk Ninja<12><[U:1:197422767]><Blue>" killed "Gentlemanne of Leisure<6><BOT><Red>" with "flamethrower" (attacker_position "-2016 -1895 -168") (victim_position "-2067 -1861 -173")
L 10/07/2014 - 18:21:31: "Cannon Fodder<10><BOT><Red>" stuck (position "-1861.83 -2300.36 -159.97") (duration "9.57") L 10/07/2014 - 18:21:31:    path_goal ( "-2200.00 -2000.00 -159.97" )
L 10/07/2014 - 18:21:32: "Cannon Fodder<10><BOT><Red>" stuck (position "-1882.88 -2269.70 -159.97") (duration "10.62") L 10/07/2014 - 18:21:32:    path_goal ( "-1950.00 -2277.59 -159.97" )
L 10/07/2014 - 18:21:33: "Splunk Ninja<12><[U:1:197422767]><Blue>" triggered "medic_death" against "Cannon Fodder<10><BOT><Red>" (healing "0") (ubercharge "0")
L 10/07/2014 - 18:21:33: "Splunk Ninja<12><[U:1:197422767]><Blue>" killed "Cannon Fodder<10><BOT><Red>" with "flamethrower" (attacker_position "-2099 -2203 -159") (victim_position "-1912 -2290 -159")
L 10/07/2014 - 18:21:34: "Crowbar<8><BOT><Red>" stuck (position "-1792.90 -2071.23 -159.98") (duration "3.36") L 10/07/2014 - 18:21:34:    path_goal ( "-1762.50 -2050.00 -159.97" )
L 10/07/2014 - 18:21:34: "Crowbar<8><BOT><Red>" stuck (position "-1791.69 -2094.82 -134.67") (duration "3.46") L 10/07/2014 - 18:21:34:    path_goal ( "-1762.50 -2050.00 -159.97" )
L 10/07/2014 - 18:21:35: "Splunk Ninja<12><[U:1:197422767]><Blue>" killed "Crowbar<8><BOT><Red>" with "flamethrower" (attacker_position "-1889 -2128 -159") (victim_position "-1768 -2120 -136")
L 10/07/2014 - 18:21:35: "Crowbar<8><BOT><Red>" changed role to "pyro"
L 10/07/2014 - 18:21:37: World triggered "Round_Setup_Begin"
L 10/07/2014 - 18:21:37: World triggered "Mini_Round_Selected" (round "round_3")
L 10/07/2014 - 18:21:37: World triggered "Mini_Round_Start"
L 10/07/2014 - 18:21:53: "That Guy Over There<11><[U:1:197468749]><Blue>" committed suicide with "world" (attacker_position "-2301 -2303 -159")
L 10/07/2014 - 18:21:59: "Gentlemanne of Leisure<6><BOT><Red>" triggered "player_builtobject" (object "OBJ_SENTRYGUN") (position "-1569 303 -63")
L 10/07/2014 - 18:22:06: "nulltr0n<4><[U:1:197388838]><Red>" changed role to "engineer"
L 10/07/2014 - 18:22:06: "nulltr0n<4><[U:1:197388838]><Red>" committed suicide with "world" (attacker_position "-1560 -117 -63")
L 10/07/2014 - 18:22:37: World triggered "Round_Setup_End"
L 10/07/2014 - 18:22:39: "nulltr0n<4><[U:1:197388838]><Red>" triggered "player_builtobject" (object "OBJ_SENTRYGUN") (position "763 1032 64")
L 10/07/2014 - 18:22:39: "Gentlemanne of Leisure<6><BOT><Red>" killed "Splunk Ninja<12><[U:1:197422767]><Blue>" with "obj_sentrygun3" (attacker_position "-1556 310 -63") (victim_position "-1583 -610 -63")
L 10/07/2014 - 18:22:39: "Ze Ubermensch<3><BOT><Red>" triggered "kill assist" against "Splunk Ninja<12><[U:1:197422767]><Blue>" (assister_position "-1583 47 -63") (attacker_position "-1556 310 -63") (victim_position "-1583 -610 -63")
L 10/07/2014 - 18:22:48: "Gentlemanne of Leisure<6><BOT><Red>" killed "RageQuit<2><BOT><Blue>" with "obj_sentrygun3" (attacker_position "-1614 248 -63") (victim_position "-1478 -745 -64")
L 10/07/2014 - 18:22:48: "Ze Ubermensch<3><BOT><Red>" triggered "kill assist" against "RageQuit<2><BOT><Blue>" (assister_position "-1584 33 -63") (attacker_position "-1614 248 -63") (victim_position "-1478 -745 -64")
L 10/07/2014 - 18:22:50: "Target Practice<7><BOT><Blue>" stuck (position "-1997.15 -1064.00 -63.97") (duration "3.39") L 10/07/2014 - 18:22:50:    path_goal ( "-1937.50 -875.00 -63.28" )
L 10/07/2014 - 18:22:55: "IvanTheSpaceBiker<9><BOT><Blue>" triggered "chargedeployed"
L 10/07/2014 - 18:22:55: "Cannon Fodder<10><BOT><Red>" triggered "chargedeployed"
L 10/07/2014 - 18:22:57: "Crowbar<8><BOT><Red>" killed "That Guy Over There<11><[U:1:197468749]><Blue>" with "flamethrower" (attacker_position "-2120 -765 -63") (victim_position "-2105 -893 -63")
L 10/07/2014 - 18:22:57: "Cannon Fodder<10><BOT><Red>" triggered "kill assist" against "That Guy Over There<11><[U:1:197468749]><Blue>" (assister_position "-1963 -761 -63") (attacker_position "-2120 -765 -63") (victim_position "-2105 -893 -63")
L 10/07/2014 - 18:22:58: "Crowbar<8><BOT><Red>" killed "CRITRAWKETS<5><BOT><Blue>" with "flamethrower" (attacker_position "-2019 -611 -53") (victim_position "-1934 -665 -58")
L 10/07/2014 - 18:22:58: "Cannon Fodder<10><BOT><Red>" triggered "kill assist" against "CRITRAWKETS<5><BOT><Blue>" (assister_position "-2095 -709 -62") (attacker_position "-2019 -611 -53") (victim_position "-1934 -665 -58")
L 10/07/2014 - 18:23:01: "Target Practice<7><BOT><Blue>" triggered "killedobject" (object "OBJ_SENTRYGUN") (weapon "flamethrower") (objectowner "Gentlemanne of Leisure<6><BOT><Red>") (attacker_position "-1488 207 -63")
L 10/07/2014 - 18:23:01: "IvanTheSpaceBiker<9><BOT><Blue>" triggered "killedobject" (object "OBJ_SENTRYGUN") (objectowner "Gentlemanne of Leisure<6><BOT><Red>") (assist "1") (assister_position "-1600 96 -63") (attacker_position "-1488 207 -63")
L 10/07/2014 - 18:23:03: "Gentlemanne of Leisure<6><BOT><Red>" triggered "player_builtobject" (object "OBJ_SENTRYGUN") (position "-1975 -471 56")
L 10/07/2014 - 18:23:05: "IvanTheSpaceBiker<9><BOT><Blue>" triggered "player_extinguished" against "Target Practice<7><BOT><Blue>" with "tf_weapon_medigun" (attacker_position "-1555 -1 -63") (victim_position "-1690 12 -63")
L 10/07/2014 - 18:23:06: "IvanTheSpaceBiker<9><BOT><Blue>" triggered "player_extinguished" against "Target Practice<7><BOT><Blue>" with "tf_weapon_medigun" (attacker_position "-1610 -105 -63") (victim_position "-1753 112 -63")
L 10/07/2014 - 18:23:06: "Cannon Fodder<10><BOT><Red>" triggered "player_extinguished" against "Crowbar<8><BOT><Red>" with "tf_weapon_medigun" (attacker_position "-1564 423 -63") (victim_position "-1635 311 -63")
L 10/07/2014 - 18:23:06: "IvanTheSpaceBiker<9><BOT><Blue>" triggered "player_extinguished" against "Target Practice<7><BOT><Blue>" with "tf_weapon_medigun" (attacker_position "-1610 -105 -63") (victim_position "-1735 226 -63")
L 10/07/2014 - 18:23:07: "Cannon Fodder<10><BOT><Red>" triggered "player_extinguished" against "Crowbar<8><BOT><Red>" with "tf_weapon_medigun" (attacker_position "-1564 423 -63") (victim_position "-1688 223 -63")
L 10/07/2014 - 18:23:07: "Target Practice<7><BOT><Blue>" triggered "medic_death" against "Cannon Fodder<10><BOT><Red>" (healing "1023") (ubercharge "0")
L 10/07/2014 - 18:23:07: "Target Practice<7><BOT><Blue>" killed "Cannon Fodder<10><BOT><Red>" with "flamethrower" (attacker_position "-1723 333 -63") (victim_position "-1564 423 -63")
L 10/07/2014 - 18:23:07: "IvanTheSpaceBiker<9><BOT><Blue>" triggered "kill assist" against "Cannon Fodder<10><BOT><Red>" (assister_position "-1610 -105 -63") (attacker_position "-1723 333 -63") (victim_position "-1564 423 -63")
L 10/07/2014 - 18:23:08: "Crowbar<8><BOT><Red>" triggered "medic_death" against "IvanTheSpaceBiker<9><BOT><Blue>" (healing "906") (ubercharge "0")
L 10/07/2014 - 18:23:08: "Crowbar<8><BOT><Red>" killed "IvanTheSpaceBiker<9><BOT><Blue>" with "flamethrower" (attacker_position "-1642 -49 -63") (victim_position "-1610 -105 -63")
L 10/07/2014 - 18:23:12: "Splunk Ninja<12><[U:1:197422767]><Blue>" killed "Crowbar<8><BOT><Red>" with "flamethrower" (attacker_position "-1753 -81 -63") (victim_position "-1859 6 -63")
L 10/07/2014 - 18:23:12: "Splunk Ninja<12><[U:1:197422767]><Blue>" triggered "domination" against "Crowbar<8><BOT><Red>"
L 10/07/2014 - 18:23:13: "Ze Ubermensch<3><BOT><Red>" stuck (position "-2061.65 -1720.47 -191.91") (duration "2.52") L 10/07/2014 - 18:23:13:    path_goal ( "-2050.00 -1887.50 -171.97" )
L 10/07/2014 - 18:23:13: "RageQuit<2><BOT><Blue>" killed "Ze Ubermensch<3><BOT><Red>" with "scattergun" (attacker_position "-2096 -1488 -191") (victim_position "-2070 -1720 -191")
L 10/07/2014 - 18:23:13: "Splunk Ninja<12><[U:1:197422767]><Blue>" triggered "kill assist" against "Ze Ubermensch<3><BOT><Red>" (assister_position "-1836 60 -63") (attacker_position "-2096 -1488 -191") (victim_position "-2070 -1720 -191")
L 10/07/2014 - 18:23:13: "Ze Ubermensch<3><BOT><Red>" changed role to "demoman"
L 10/07/2014 - 18:23:14: "Target Practice<7><BOT><Blue>" killed "Gentlemanne of Leisure<6><BOT><Red>" with "flamethrower" (attacker_position "-1865 104 -63") (victim_position "-1946 -86 1")
L 10/07/2014 - 18:23:15: "Gentlemanne of Leisure<6><BOT><Red>" killed "Target Practice<7><BOT><Blue>" with "obj_sentrygun" (attacker_position "-1946 -86 69") (victim_position "-1657 325 -63")
L 10/07/2014 - 18:23:15: "Crowbar<8><BOT><Red>" triggered "kill assist" against "Target Practice<7><BOT><Blue>" (assister_position "-1859 6 4") (attacker_position "-1946 -86 69") (victim_position "-1657 325 -63")
L 10/07/2014 - 18:23:15: "Target Practice<7><BOT><Blue>" changed role to "demoman"
L 10/07/2014 - 18:23:21: "Splunk Ninja<12><[U:1:197422767]><Blue>" triggered "killedobject" (object "OBJ_SENTRYGUN") (weapon "flamethrower") (objectowner "Gentlemanne of Leisure<6><BOT><Red>") (attacker_position "-1858 -394 52")
L 10/07/2014 - 18:23:27: Team "Blue" triggered "pointcaptured" (cp "4") (cpname "#Dustbowl_cap_3_A") (numcappers "1") (player1 "RageQuit<2><BOT><Blue>") (position1 "-1938 597 7") 
L 10/07/2014 - 18:23:28: "Cannon Fodder<10><BOT><Red>" stuck (position "1260.89 846.08 64.03") (duration "3.15") L 10/07/2014 - 18:23:28:    path_goal ( "NULL" )
L 10/07/2014 - 18:23:28: "Cannon Fodder<10><BOT><Red>" stuck (position "1259.54 851.55 89.34") (duration "3.26") L 10/07/2014 - 18:23:28:    path_goal ( "NULL" )
L 10/07/2014 - 18:23:29: "Cannon Fodder<10><BOT><Red>" stuck (position "1254.31 903.71 64.03") (duration "4.30") L 10/07/2014 - 18:23:29:    path_goal ( "NULL" )
L 10/07/2014 - 18:23:30: "Cannon Fodder<10><BOT><Red>" stuck (position "1254.00 894.36 64.03") (duration "5.36") L 10/07/2014 - 18:23:30:    path_goal ( "NULL" )
L 10/07/2014 - 18:23:31: "Cannon Fodder<10><BOT><Red>" stuck (position "1243.56 886.76 64.03") (duration "6.45") L 10/07/2014 - 18:23:31:    path_goal ( "NULL" )
L 10/07/2014 - 18:23:33: "Cannon Fodder<10><BOT><Red>" stuck (position "1249.79 887.99 64.03") (duration "7.50") L 10/07/2014 - 18:23:33:    path_goal ( "NULL" )
L 10/07/2014 - 18:23:34: "Cannon Fodder<10><BOT><Red>" stuck (position "1248.93 884.55 64.03") (duration "8.55") L 10/07/2014 - 18:23:34:    path_goal ( "NULL" )
L 10/07/2014 - 18:23:35: "Cannon Fodder<10><BOT><Red>" stuck (position "1250.41 887.71 64.03") (duration "9.60") L 10/07/2014 - 18:23:35:    path_goal ( "NULL" )
L 10/07/2014 - 18:23:36: "Cannon Fodder<10><BOT><Red>" stuck (position "1246.72 894.37 64.03") (duration "10.65") L 10/07/2014 - 18:23:36:    path_goal ( "NULL" )
L 10/07/2014 - 18:23:37: "Cannon Fodder<10><BOT><Red>" stuck (position "1255.58 892.06 64.03") (duration "11.70") L 10/07/2014 - 18:23:37:    path_goal ( "NULL" )
L 10/07/2014 - 18:23:38: "Cannon Fodder<10><BOT><Red>" stuck (position "1250.86 887.93 64.03") (duration "12.75") L 10/07/2014 - 18:23:38:    path_goal ( "NULL" )
L 10/07/2014 - 18:23:39: "Cannon Fodder<10><BOT><Red>" stuck (position "1245.56 846.98 64.03") (duration "13.80") L 10/07/2014 - 18:23:39:    path_goal ( "1246.14 775.00 64.03" )
L 10/07/2014 - 18:23:39: "nulltr0n<4><[U:1:197388838]><Red>" triggered "player_builtobject" (object "OBJ_DISPENSER") (position "708 1175 64")
L 10/07/2014 - 18:23:43: "Ze Ubermensch<3><BOT><Red>" killed "Splunk Ninja<12><[U:1:197422767]><Blue>" with "tf_projectile_pipe" (attacker_position "11 196 -248") (victim_position "119 181 -250")
L 10/07/2014 - 18:23:43: "Splunk Ninja<12><[U:1:197422767]><Blue>" killed "Ze Ubermensch<3><BOT><Red>" with "world" (attacker_position "119 181 -250") (victim_position "11 196 -248")
L 10/07/2014 - 18:23:43: "Ze Ubermensch<3><BOT><Red>" changed role to "heavyweapons"
L 10/07/2014 - 18:23:46: "Gentlemanne of Leisure<6><BOT><Red>" killed "CRITRAWKETS<5><BOT><Blue>" with "shotgun_primary" (attacker_position "446 205 -3") (victim_position "463 -29 -2")
L 10/07/2014 - 18:23:46: "Cannon Fodder<10><BOT><Red>" triggered "kill assist" against "CRITRAWKETS<5><BOT><Blue>" (assister_position "88 102 -254") (attacker_position "446 205 -3") (victim_position "463 -29 -2")
L 10/07/2014 - 18:23:47: "Cannon Fodder<10><BOT><Red>" triggered "player_extinguished" against "Gentlemanne of Leisure<6><BOT><Red>" with "tf_weapon_medigun" (attacker_position "37 45 -254") (victim_position "449 -62 0")
L 10/07/2014 - 18:23:52: "RageQuit<2><BOT><Blue>" killed "Crowbar<8><BOT><Red>" with "scattergun" (attacker_position "-470 -719 0") (victim_position "-85 -737 0")
L 10/07/2014 - 18:23:52: "That Guy Over There<11><[U:1:197468749]><Blue>" triggered "kill assist" against "Crowbar<8><BOT><Red>" (assister_position "-61 -618 29") (attacker_position "-470 -719 0") (victim_position "-85 -737 0")
L 10/07/2014 - 18:23:52: "Crowbar<8><BOT><Red>" changed role to "soldier"
L 10/07/2014 - 18:23:53: "Gentlemanne of Leisure<6><BOT><Red>" triggered "player_builtobject" (object "OBJ_SENTRYGUN") (position "933 -407 144")
L 10/07/2014 - 18:24:00: "Crowbar<8><BOT><Red>" triggered "medic_death" against "IvanTheSpaceBiker<9><BOT><Blue>" (healing "316") (ubercharge "0")
L 10/07/2014 - 18:24:00: "Crowbar<8><BOT><Red>" killed "IvanTheSpaceBiker<9><BOT><Blue>" with "flamethrower" (attacker_position "437 412 0") (victim_position "134 -655 127")
L 10/07/2014 - 18:24:00: "nulltr0n<4><[U:1:197388838]><Red>" killed "RageQuit<2><BOT><Blue>" with "obj_sentrygun2" (attacker_position "435 467 0") (victim_position "546 -105 0")
L 10/07/2014 - 18:24:00: "Crowbar<8><BOT><Red>" triggered "kill assist" against "RageQuit<2><BOT><Blue>" (assister_position "432 454 0") (attacker_position "435 467 0") (victim_position "546 -105 0")
L 10/07/2014 - 18:24:05: "Cannon Fodder<10><BOT><Red>" stuck (position "1253.57 881.48 64.03") (duration "3.15") L 10/07/2014 - 18:24:05:    path_goal ( "NULL" )
L 10/07/2014 - 18:24:05: "Cannon Fodder<10><BOT><Red>" stuck (position "1267.03 872.59 89.34") (duration "3.26") L 10/07/2014 - 18:24:05:    path_goal ( "NULL" )
L 10/07/2014 - 18:24:06: "That Guy Over There<11><[U:1:197468749]><Blue>" killed "nulltr0n<4><[U:1:197388838]><Red>" with "minigun" (attacker_position "384 -586 128") (victim_position "474 -125 0")
L 10/07/2014 - 18:24:06: "Cannon Fodder<10><BOT><Red>" stuck (position "1248.35 888.68 64.03") (duration "4.30") L 10/07/2014 - 18:24:06:    path_goal ( "NULL" )
L 10/07/2014 - 18:24:08: "Cannon Fodder<10><BOT><Red>" stuck (position "1252.82 884.59 64.03") (duration "5.36") L 10/07/2014 - 18:24:08:    path_goal ( "NULL" )
L 10/07/2014 - 18:24:10: "Target Practice<7><BOT><Blue>" stuck (position "-527.49 1335.72 -243.88") (duration "3.67") L 10/07/2014 - 18:24:10:    path_goal ( "-1237.50 2437.50 -430.40" )
L 10/07/2014 - 18:24:11: "Cannon Fodder<10><BOT><Red>" stuck (position "1255.37 878.56 64.03") (duration "0.11") L 10/07/2014 - 18:24:11:    path_goal ( "NULL" )
L 10/07/2014 - 18:24:12: "Cannon Fodder<10><BOT><Red>" stuck (position "1224.76 851.78 64.03") (duration "1.15") L 10/07/2014 - 18:24:12:    path_goal ( "1249.03 775.00 64.03" )
L 10/07/2014 - 18:24:12: "That Guy Over There<11><[U:1:197468749]><Blue>" killed "Gentlemanne of Leisure<6><BOT><Red>" with "minigun" (attacker_position "461 -629 0") (victim_position "330 437 0")
L 10/07/2014 - 18:24:18: "That Guy Over There<11><[U:1:197468749]><Blue>" triggered "killedobject" (object "OBJ_DISPENSER") (weapon "minigun") (objectowner "nulltr0n<4><[U:1:197388838]><Red>") (attacker_position "376 -846 0")
L 10/07/2014 - 18:24:19: "nulltr0n<4><[U:1:197388838]><Red>" killed "Target Practice<7><BOT><Blue>" with "obj_sentrygun2" (attacker_position "753 961 64") (victim_position "351 -48 0")
L 10/07/2014 - 18:24:20: "That Guy Over There<11><[U:1:197468749]><Blue>" triggered "killedobject" (object "OBJ_SENTRYGUN") (weapon "minigun") (objectowner "nulltr0n<4><[U:1:197388838]><Red>") (attacker_position "382 -817 0")
L 10/07/2014 - 18:24:28: "Crowbar<8><BOT><Red>" stuck (position "1282.66 1175.97 64.03") (duration "4.23") L 10/07/2014 - 18:24:28:    path_goal ( "2212.50 2575.00 -151.97" )
L 10/07/2014 - 18:24:32: "Crowbar<8><BOT><Red>" stuck (position "1281.92 1175.97 64.03") (duration "4.20") L 10/07/2014 - 18:24:32:    path_goal ( "1512.50 1362.50 0.02" )
L 10/07/2014 - 18:24:41: "Ze Ubermensch<3><BOT><Red>" killed "Splunk Ninja<12><[U:1:197422767]><Blue>" with "minigun" (attacker_position "188 835 64") (victim_position "371 559 0")
L 10/07/2014 - 18:24:41: "Cannon Fodder<10><BOT><Red>" triggered "kill assist" against "Splunk Ninja<12><[U:1:197422767]><Blue>" (assister_position "-11 916 64") (attacker_position "188 835 64") (victim_position "371 559 0")
L 10/07/2014 - 18:24:42: "nulltr0n<4><[U:1:197388838]><Red>" triggered "player_builtobject" (object "OBJ_DISPENSER") (position "495 1012 64")
L 10/07/2014 - 18:24:42: "Gentlemanne of Leisure<6><BOT><Red>" killed "RageQuit<2><BOT><Blue>" with "shotgun_primary" (attacker_position "862 94 -255") (victim_position "143 101 -254")
L 10/07/2014 - 18:24:43: "Ze Ubermensch<3><BOT><Red>" killed "CRITRAWKETS<5><BOT><Blue>" with "minigun" (attacker_position "312 790 64") (victim_position "292 639 64")
L 10/07/2014 - 18:24:43: "Cannon Fodder<10><BOT><Red>" triggered "kill assist" against "CRITRAWKETS<5><BOT><Blue>" (assister_position "10 799 64") (attacker_position "312 790 64") (victim_position "292 639 64")
L 10/07/2014 - 18:24:43: "CRITRAWKETS<5><BOT><Blue>" changed role to "engineer"
L 10/07/2014 - 18:24:45: "Cannon Fodder<10><BOT><Red>" triggered "player_extinguished" against "Ze Ubermensch<3><BOT><Red>" with "tf_weapon_medigun" (attacker_position "138 827 64") (victim_position "360 684 0")
L 10/07/2014 - 18:24:45: "Splunk Ninja<12><[U:1:197422767]><Blue>" changed role to "soldier"
L 10/07/2014 - 18:24:50: "Splunk Ninja<12><[U:1:197422767]><Blue>" changed role to "demoman"
L 10/07/2014 - 18:24:53: "That Guy Over There<11><[U:1:197468749]><Blue>" killed "Ze Ubermensch<3><BOT><Red>" with "minigun" (attacker_position "482 284 29") (victim_position "440 647 5")
L 10/07/2014 - 18:24:53: "Ze Ubermensch<3><BOT><Red>" changed role to "soldier"
L 10/07/2014 - 18:24:54: "Crowbar<8><BOT><Red>" killed "That Guy Over There<11><[U:1:197468749]><Blue>" with "shotgun_soldier" (attacker_position "498 240 -2") (victim_position "453 500 0")
L 10/07/2014 - 18:25:09: "Target Practice<7><BOT><Blue>" killed "Gentlemanne of Leisure<6><BOT><Red>" with "tf_projectile_pipe" (attacker_position "602 -864 0") (victim_position "904 -427 144")
L 10/07/2014 - 18:25:09: "CRITRAWKETS<5><BOT><Blue>" triggered "player_builtobject" (object "OBJ_TELEPORTER") (position "-2106 -1718 -191")
L 10/07/2014 - 18:25:34: "Ze Ubermensch<3><BOT><Red>" killed "RageQuit<2><BOT><Blue>" with "tf_projectile_rocket" (attacker_position "68 174 -250") (victim_position "878 -23 -244")
L 10/07/2014 - 18:25:43: "CRITRAWKETS<5><BOT><Blue>" triggered "player_builtobject" (object "OBJ_TELEPORTER") (position "-483 900 -252")
L 10/07/2014 - 18:25:45: "Ze Ubermensch<3><BOT><Red>" stuck (position "319.48 507.93 0.03") (duration "4.20") L 10/07/2014 - 18:25:45:    path_goal ( "212.50 525.00 64.03" )
L 10/07/2014 - 18:25:45: "Ze Ubermensch<3><BOT><Red>" stuck (position "320.56 494.76 25.34") (duration "4.30") L 10/07/2014 - 18:25:45:    path_goal ( "NULL" )
L 10/07/2014 - 18:25:49: "Gentlemanne of Leisure<6><BOT><Red>" killed "CRITRAWKETS<5><BOT><Blue>" with "obj_sentrygun2" (attacker_position "901 -529 144") (victim_position "193 -167 187")
L 10/07/2014 - 18:25:49: "Crowbar<8><BOT><Red>" triggered "kill assist" against "CRITRAWKETS<5><BOT><Blue>" (assister_position "159 -316 128") (attacker_position "901 -529 144") (victim_position "193 -167 187")
L 10/07/2014 - 18:25:51: "Target Practice<7><BOT><Blue>" killed "Ze Ubermensch<3><BOT><Red>" with "tf_projectile_pipe" (attacker_position "414 141 -221") (victim_position "472 1045 64")
L 10/07/2014 - 18:25:51: "IvanTheSpaceBiker<9><BOT><Blue>" triggered "kill assist" against "Ze Ubermensch<3><BOT><Red>" (assister_position "300 118 -256") (attacker_position "414 141 -221") (victim_position "472 1045 64")
L 10/07/2014 - 18:25:51: "Ze Ubermensch<3><BOT><Red>" changed role to "sniper"
L 10/07/2014 - 18:25:52: "Crowbar<8><BOT><Red>" killed "Splunk Ninja<12><[U:1:197422767]><Blue>" with "tf_projectile_rocket" (attacker_position "-346 -234 128") (victim_position "292 -336 167")
L 10/07/2014 - 18:25:52: "Cannon Fodder<10><BOT><Red>" triggered "kill assist" against "Splunk Ninja<12><[U:1:197422767]><Blue>" (assister_position "-226 -271 128") (attacker_position "-346 -234 128") (victim_position "292 -336 167")
L 10/07/2014 - 18:25:52: "Crowbar<8><BOT><Red>" triggered "revenge" against "Splunk Ninja<12><[U:1:197422767]><Blue>"
L 10/07/2014 - 18:25:55: "Splunk Ninja<12><[U:1:197422767]><Blue>" changed role to "pyro"
L 10/07/2014 - 18:26:02: "That Guy Over There<11><[U:1:197468749]><Blue>" triggered "killedobject" (object "OBJ_DISPENSER") (weapon "minigun") (objectowner "nulltr0n<4><[U:1:197388838]><Red>") (attacker_position "549 -458 0")
L 10/07/2014 - 18:26:02: "IvanTheSpaceBiker<9><BOT><Blue>" triggered "killedobject" (object "OBJ_DISPENSER") (objectowner "nulltr0n<4><[U:1:197388838]><Red>") (assist "1") (assister_position "415 -211 0") (attacker_position "549 -458 0")
L 10/07/2014 - 18:26:08: "Target Practice<7><BOT><Blue>" killed "nulltr0n<4><[U:1:197388838]><Red>" with "tf_projectile_pipe" (attacker_position "546 683 7") (victim_position "73 917 64")
L 10/07/2014 - 18:26:08: "That Guy Over There<11><[U:1:197468749]><Blue>" triggered "kill assist" against "nulltr0n<4><[U:1:197388838]><Red>" (assister_position "547 495 0") (attacker_position "546 683 7") (victim_position "73 917 64")
L 10/07/2014 - 18:26:08: "That Guy Over There<11><[U:1:197468749]><Blue>" triggered "domination" against "nulltr0n<4><[U:1:197388838]><Red>" (assist "1")
L 10/07/2014 - 18:26:09: Team "Blue" triggered "pointcaptured" (cp "5") (cpname "#Dustbowl_cap_3_B") (numcappers "1") (player1 "Target Practice<7><BOT><Blue>") (position1 "545 683 7") 
L 10/07/2014 - 18:26:09: World triggered "Mini_Round_Win" (winner "Blue") (round "round_3")
L 10/07/2014 - 18:26:09: World triggered "Mini_Round_Length" (seconds "268.02")
L 10/07/2014 - 18:26:09: World triggered "Round_Win" (winner "Blue")
L 10/07/2014 - 18:26:09: Team "Red" current score "0" with "5" players
L 10/07/2014 - 18:26:09: Team "Blue" current score "6" with "6" players
L 10/07/2014 - 18:26:12: "IvanTheSpaceBiker<9><BOT><Blue>" triggered "medic_death" against "Cannon Fodder<10><BOT><Red>" (healing "1075") (ubercharge "1")
L 10/07/2014 - 18:26:12: "IvanTheSpaceBiker<9><BOT><Blue>" killed "Cannon Fodder<10><BOT><Red>" with "syringegun_medic" (attacker_position "357 -86 0") (victim_position "255 -271 128")
L 10/07/2014 - 18:26:12: "IvanTheSpaceBiker<9><BOT><Blue>" triggered "domination" against "Cannon Fodder<10><BOT><Red>"
L 10/07/2014 - 18:26:12: "Cannon Fodder<10><BOT><Red>" changed role to "scout"
L 10/07/2014 - 18:26:12: "Gentlemanne of Leisure<6><BOT><Red>" stuck (position "-236.66 -234.97 128.03") (duration "3.38") L 10/07/2014 - 18:26:12:    path_goal ( "-100.00 -250.00 128.03" )
L 10/07/2014 - 18:26:12: "Gentlemanne of Leisure<6><BOT><Red>" stuck (position "-236.66 -234.97 128.03") (duration "3.48") L 10/07/2014 - 18:26:12:    path_goal ( "-100.00 -250.00 128.03" )
L 10/07/2014 - 18:26:13: "Gentlemanne of Leisure<6><BOT><Red>" stuck (position "-236.66 -234.97 128.03") (duration "4.53") L 10/07/2014 - 18:26:13:    path_goal ( "-100.00 -250.00 128.03" )
L 10/07/2014 - 18:26:14: "Gentlemanne of Leisure<6><BOT><Red>" stuck (position "-325.28 -234.33 128.03") (duration "5.58") L 10/07/2014 - 18:26:14:    path_goal ( "-425.00 -250.00 128.03" )
L 10/07/2014 - 18:26:21: "IvanTheSpaceBiker<9><BOT><Blue>" killed "Crowbar<8><BOT><Red>" with "syringegun_medic" (attacker_position "-515 -265 128") (victim_position "-478 -333 128")
L 10/07/2014 - 18:26:21: "Crowbar<8><BOT><Red>" changed role to "medic"
L 10/07/2014 - 18:26:21: "IvanTheSpaceBiker<9><BOT><Blue>" killed "Gentlemanne of Leisure<6><BOT><Red>" with "syringegun_medic" (attacker_position "-445 -248 128") (victim_position "-447 -357 128")
L 10/07/2014 - 18:26:26: World triggered "Round_Start"
L 10/07/2014 - 18:26:26: World triggered "Round_Setup_Begin"
L 10/07/2014 - 18:26:26: World triggered "Mini_Round_Selected" (round "round_1")
L 10/07/2014 - 18:26:26: World triggered "Mini_Round_Start"
L 10/07/2014 - 18:26:26: "RageQuit<2><BOT><Blue>" joined team "Red"
L 10/07/2014 - 18:26:26: "Ze Ubermensch<3><BOT><Red>" joined team "Blue"
L 10/07/2014 - 18:26:26: "nulltr0n<4><[U:1:197388838]><Red>" joined team "Blue"
L 10/07/2014 - 18:26:26: "CRITRAWKETS<5><BOT><Blue>" joined team "Red"
L 10/07/2014 - 18:26:26: "Gentlemanne of Leisure<6><BOT><Red>" joined team "Blue"
L 10/07/2014 - 18:26:26: "Target Practice<7><BOT><Blue>" joined team "Red"
L 10/07/2014 - 18:26:26: "Crowbar<8><BOT><Red>" joined team "Blue"
L 10/07/2014 - 18:26:26: "IvanTheSpaceBiker<9><BOT><Blue>" joined team "Red"
L 10/07/2014 - 18:26:26: "Cannon Fodder<10><BOT><Red>" joined team "Blue"
L 10/07/2014 - 18:26:26: "That Guy Over There<11><[U:1:197468749]><Blue>" joined team "Red"
L 10/07/2014 - 18:26:26: "Splunk Ninja<12><[U:1:197422767]><Blue>" joined team "Red"
L 10/07/2014 - 18:26:38: "CRITRAWKETS<5><BOT><Red>" stuck (position "2200.03 1552.94 -223.97") (duration "3.36") L 10/07/2014 - 18:26:38:    path_goal ( "-216.00 2792.00 -247.97" )
L 10/07/2014 - 18:26:38: "CRITRAWKETS<5><BOT><Red>" stuck (position "2200.03 1541.10 -198.66") (duration "3.46") L 10/07/2014 - 18:26:38:    path_goal ( "2375.00 1250.00 -223.97" )
L 10/07/2014 - 18:26:38: "Gentlemanne of Leisure<6><BOT><Blue>" stuck (position "-2199.53 2953.88 -255.97") (duration "3.36") L 10/07/2014 - 18:26:38:    path_goal ( "-2150.00 2950.00 -255.97" )
L 10/07/2014 - 18:26:38: "Gentlemanne of Leisure<6><BOT><Blue>" stuck (position "-2199.53 2953.58 -230.66") (duration "3.46") L 10/07/2014 - 18:26:38:    path_goal ( "-2325.00 2953.58 -347.00" )
L 10/07/2014 - 18:26:39: "CRITRAWKETS<5><BOT><Red>" stuck (position "2246.53 1465.90 -223.97") (duration "4.51") L 10/07/2014 - 18:26:39:    path_goal ( "2375.00 1250.00 -223.97" )
L 10/07/2014 - 18:26:46: "Ze Ubermensch<3><BOT><Blue>" stuck (position "-2207.82 2401.92 -447.64") (duration "3.36") L 10/07/2014 - 18:26:46:    path_goal ( "-1914.77 2575.25 -259.36" )
L 10/07/2014 - 18:26:46: "Ze Ubermensch<3><BOT><Blue>" stuck (position "-2207.82 2401.92 -422.34") (duration "3.47") L 10/07/2014 - 18:26:46:    path_goal ( "-1914.77 2575.25 -259.36" )
L 10/07/2014 - 18:26:50: "Ze Ubermensch<3><BOT><Blue>" stuck (position "-2207.82 2391.98 -447.74") (duration "3.36") L 10/07/2014 - 18:26:50:    path_goal ( "-1914.77 2575.25 -259.36" )
L 10/07/2014 - 18:26:50: "Ze Ubermensch<3><BOT><Blue>" stuck (position "-2207.82 2401.92 -422.43") (duration "3.46") L 10/07/2014 - 18:26:50:    path_goal ( "-1914.77 2575.25 -259.36" )
L 10/07/2014 - 18:26:54: "Ze Ubermensch<3><BOT><Blue>" stuck (position "-2207.82 2368.85 -447.97") (duration "3.36") L 10/07/2014 - 18:26:54:    path_goal ( "-1914.77 2575.25 -259.36" )
L 10/07/2014 - 18:26:54: "Ze Ubermensch<3><BOT><Blue>" stuck (position "-2207.82 2359.84 -422.66") (duration "3.47") L 10/07/2014 - 18:26:54:    path_goal ( "-1914.77 2575.25 -259.36" )
L 10/07/2014 - 18:26:55: "CRITRAWKETS<5><BOT><Red>" triggered "player_builtobject" (object "OBJ_SENTRYGUN") (position "194 1920 -264")
L 10/07/2014 - 18:26:59: "Ze Ubermensch<3><BOT><Blue>" stuck (position "-2207.82 2361.32 -447.95") (duration "3.36") L 10/07/2014 - 18:26:59:    path_goal ( "-1914.77 2575.25 -259.36" )
L 10/07/2014 - 18:26:59: "Ze Ubermensch<3><BOT><Blue>" stuck (position "-2207.82 2365.87 -422.65") (duration "3.47") L 10/07/2014 - 18:26:59:    path_goal ( "-1914.77 2575.25 -259.36" )
L 10/07/2014 - 18:26:59: "nulltr0n<4><[U:1:197388838]><Blue>" changed role to "heavyweapons"
L 10/07/2014 - 18:27:05: "Ze Ubermensch<3><BOT><Blue>" stuck (position "-2207.82 2401.92 -447.66") (duration "3.36") L 10/07/2014 - 18:27:05:    path_goal ( "-1914.77 2575.25 -259.36" )
L 10/07/2014 - 18:27:05: "Ze Ubermensch<3><BOT><Blue>" stuck (position "-2207.82 2401.92 -422.35") (duration "3.47") L 10/07/2014 - 18:27:05:    path_goal ( "-1914.77 2575.25 -259.36" )
L 10/07/2014 - 18:27:09: "Ze Ubermensch<3><BOT><Blue>" stuck (position "-2207.82 2392.70 -447.73") (duration "3.36") L 10/07/2014 - 18:27:09:    path_goal ( "-1914.77 2575.25 -259.36" )
L 10/07/2014 - 18:27:09: "Ze Ubermensch<3><BOT><Blue>" stuck (position "-2207.82 2377.21 -422.43") (duration "3.46") L 10/07/2014 - 18:27:09:    path_goal ( "-1914.77 2575.25 -259.36" )
L 10/07/2014 - 18:27:14: "Ze Ubermensch<3><BOT><Blue>" stuck (position "-2207.82 2370.49 -447.97") (duration "3.36") L 10/07/2014 - 18:27:14:    path_goal ( "-1914.77 2575.25 -259.36" )
L 10/07/2014 - 18:27:14: "Ze Ubermensch<3><BOT><Blue>" stuck (position "-2207.82 2356.44 -422.66") (duration "3.47") L 10/07/2014 - 18:27:14:    path_goal ( "-1914.77 2575.25 -259.36" )
L 10/07/2014 - 18:27:18: "Ze Ubermensch<3><BOT><Blue>" stuck (position "-2207.82 2401.92 -447.65") (duration "3.36") L 10/07/2014 - 18:27:18:    path_goal ( "-1914.77 2575.25 -259.36" )
L 10/07/2014 - 18:27:18: "Ze Ubermensch<3><BOT><Blue>" stuck (position "-2207.82 2401.92 -422.35") (duration "3.46") L 10/07/2014 - 18:27:18:    path_goal ( "-1914.77 2575.25 -259.36" )
L 10/07/2014 - 18:27:29: World triggered "Round_Setup_End"
L 10/07/2014 - 18:27:33: "IvanTheSpaceBiker<9><BOT><Red>" triggered "chargedeployed"
L 10/07/2014 - 18:27:33: "Target Practice<7><BOT><Red>" killed "Ze Ubermensch<3><BOT><Blue>" with "tf_projectile_pipe" (attacker_position "-890 2521 -255") (victim_position "-2225 2379 -447")
L 10/07/2014 - 18:27:33: "That Guy Over There<11><[U:1:197468749]><Red>" triggered "kill assist" against "Ze Ubermensch<3><BOT><Blue>" (assister_position "-1335 2646 -171") (attacker_position "-890 2521 -255") (victim_position "-2225 2379 -447")
L 10/07/2014 - 18:27:33: "Ze Ubermensch<3><BOT><Blue>" changed role to "pyro"
L 10/07/2014 - 18:27:36: "Crowbar<8><BOT><Blue>" triggered "chargedeployed"
L 10/07/2014 - 18:27:40: "nulltr0n<4><[U:1:197388838]><Blue>" killed "Target Practice<7><BOT><Red>" with "minigun" (attacker_position "-1088 1983 -247") (victim_position "-1013 2489 -253")
L 10/07/2014 - 18:27:40: "Crowbar<8><BOT><Blue>" triggered "kill assist" against "Target Practice<7><BOT><Red>" (assister_position "-1176 2037 -238") (attacker_position "-1088 1983 -247") (victim_position "-1013 2489 -253")
L 10/07/2014 - 18:27:40: "Crowbar<8><BOT><Blue>" triggered "domination" against "Target Practice<7><BOT><Red>" (assist "1")
L 10/07/2014 - 18:27:40: "Target Practice<7><BOT><Red>" changed role to "soldier"
L 10/07/2014 - 18:27:48: "Cannon Fodder<10><BOT><Blue>" triggered "medic_death" against "IvanTheSpaceBiker<9><BOT><Red>" (healing "1016") (ubercharge "0")
L 10/07/2014 - 18:27:48: "Cannon Fodder<10><BOT><Blue>" killed "IvanTheSpaceBiker<9><BOT><Red>" with "scattergun" (attacker_position "-2009 2869 -255") (victim_position "-1579 2710 -242")
L 10/07/2014 - 18:27:48: "Cannon Fodder<10><BOT><Blue>" triggered "revenge" against "IvanTheSpaceBiker<9><BOT><Red>"
L 10/07/2014 - 18:27:59: "That Guy Over There<11><[U:1:197468749]><Red>" triggered "medic_death" against "Crowbar<8><BOT><Blue>" (healing "967") (ubercharge "0")
L 10/07/2014 - 18:27:59: "That Guy Over There<11><[U:1:197468749]><Red>" killed "Crowbar<8><BOT><Blue>" with "minigun" (attacker_position "-1157 2700 -255") (victim_position "-1205 1800 -255")
L 10/07/2014 - 18:27:59: "Splunk Ninja<12><[U:1:197422767]><Red>" triggered "kill assist" against "Crowbar<8><BOT><Blue>" (assister_position "-691 2522 -255") (attacker_position "-1157 2700 -255") (victim_position "-1205 1800 -255")
L 10/07/2014 - 18:28:00: "CRITRAWKETS<5><BOT><Red>" killed "nulltr0n<4><[U:1:197388838]><Blue>" with "obj_sentrygun3" (attacker_position "-752 2284 -407") (victim_position "-792 1833 -139")
L 10/07/2014 - 18:28:00: "Gentlemanne of Leisure<6><BOT><Blue>" triggered "player_builtobject" (object "OBJ_TELEPORTER") (position "-1653 1678 -255")
L 10/07/2014 - 18:28:05: "Cannon Fodder<10><BOT><Blue>" killed "RageQuit<2><BOT><Red>" with "scattergun" (attacker_position "-1720 2736 -255") (victim_position "-1293 2925 -255")
L 10/07/2014 - 18:28:05: "RageQuit<2><BOT><Red>" changed role to "sniper"
L 10/07/2014 - 18:28:06: "nulltr0n<4><[U:1:197388838]><Blue>" changed role to "demoman"
L 10/07/2014 - 18:28:09: "nulltr0n<4><[U:1:197388838]><Blue>" changed role to "soldier"
L 10/07/2014 - 18:28:10: "Splunk Ninja<12><[U:1:197422767]><Red>" triggered "killedobject" (object "OBJ_TELEPORTER") (weapon "flamethrower") (objectowner "Gentlemanne of Leisure<6><BOT><Blue>") (attacker_position "-1592 1822 -255")
L 10/07/2014 - 18:28:12: "IvanTheSpaceBiker<9><BOT><Red>" stuck (position "2438.63 1403.98 -225.97") (duration "3.15") L 10/07/2014 - 18:28:12:    path_goal ( "NULL" )
L 10/07/2014 - 18:28:12: "IvanTheSpaceBiker<9><BOT><Red>" stuck (position "2451.27 1435.12 -200.66") (duration "3.26") L 10/07/2014 - 18:28:12:    path_goal ( "NULL" )
L 10/07/2014 - 18:28:16: "CRITRAWKETS<5><BOT><Red>" killed "Ze Ubermensch<3><BOT><Blue>" with "obj_sentrygun3" (attacker_position "181 1930 -267") (victim_position "-731 2346 -405")
L 10/07/2014 - 18:28:16: "That Guy Over There<11><[U:1:197468749]><Red>" triggered "kill assist" against "Ze Ubermensch<3><BOT><Blue>" (assister_position "-584 2646 -247") (attacker_position "181 1930 -267") (victim_position "-731 2346 -405")
L 10/07/2014 - 18:28:16: "Ze Ubermensch<3><BOT><Blue>" changed role to "demoman"
L 10/07/2014 - 18:28:17: "IvanTheSpaceBiker<9><BOT><Red>" stuck (position "2417.69 1396.52 -225.97") (duration "3.15") L 10/07/2014 - 18:28:17:    path_goal ( "NULL" )
L 10/07/2014 - 18:28:17: "IvanTheSpaceBiker<9><BOT><Red>" stuck (position "2418.75 1412.49 -200.66") (duration "3.26") L 10/07/2014 - 18:28:17:    path_goal ( "NULL" )
L 10/07/2014 - 18:28:18: "IvanTheSpaceBiker<9><BOT><Red>" stuck (position "2435.08 1404.75 -225.97") (duration "4.30") L 10/07/2014 - 18:28:18:    path_goal ( "NULL" )
L 10/07/2014 - 18:28:19: "IvanTheSpaceBiker<9><BOT><Red>" stuck (position "2440.27 1420.15 -225.97") (duration "0.11") L 10/07/2014 - 18:28:19:    path_goal ( "NULL" )
L 10/07/2014 - 18:28:21: "IvanTheSpaceBiker<9><BOT><Red>" stuck (position "2442.70 1413.32 -225.97") (duration "1.16") L 10/07/2014 - 18:28:21:    path_goal ( "NULL" )
L 10/07/2014 - 18:28:22: "IvanTheSpaceBiker<9><BOT><Red>" stuck (position "2433.24 1415.54 -225.97") (duration "2.21") L 10/07/2014 - 18:28:22:    path_goal ( "NULL" )
L 10/07/2014 - 18:28:23: "IvanTheSpaceBiker<9><BOT><Red>" stuck (position "2439.38 1408.54 -225.97") (duration "3.26") L 10/07/2014 - 18:28:23:    path_goal ( "NULL" )
L 10/07/2014 - 18:28:25: "CRITRAWKETS<5><BOT><Red>" triggered "player_builtobject" (object "OBJ_DISPENSER") (position "181 1930 -267")
L 10/07/2014 - 18:28:26: "IvanTheSpaceBiker<9><BOT><Red>" stuck (position "2435.99 1412.61 -225.97") (duration "4.30") L 10/07/2014 - 18:28:26:    path_goal ( "NULL" )
L 10/07/2014 - 18:28:27: "IvanTheSpaceBiker<9><BOT><Red>" stuck (position "2444.91 1417.32 -225.97") (duration "5.37") L 10/07/2014 - 18:28:27:    path_goal ( "NULL" )
L 10/07/2014 - 18:28:28: "IvanTheSpaceBiker<9><BOT><Red>" stuck (position "2435.30 1413.64 -225.97") (duration "6.42") L 10/07/2014 - 18:28:28:    path_goal ( "NULL" )
L 10/07/2014 - 18:28:29: "IvanTheSpaceBiker<9><BOT><Red>" stuck (position "2437.61 1411.68 -225.97") (duration "7.47") L 10/07/2014 - 18:28:29:    path_goal ( "NULL" )
L 10/07/2014 - 18:28:30: "IvanTheSpaceBiker<9><BOT><Red>" stuck (position "2441.32 1419.08 -225.97") (duration "8.52") L 10/07/2014 - 18:28:30:    path_goal ( "NULL" )
L 10/07/2014 - 18:28:31: "IvanTheSpaceBiker<9><BOT><Red>" stuck (position "2437.70 1412.11 -225.97") (duration "9.57") L 10/07/2014 - 18:28:31:    path_goal ( "NULL" )
L 10/07/2014 - 18:28:32: "IvanTheSpaceBiker<9><BOT><Red>" stuck (position "2455.47 1408.90 -225.97") (duration "0.11") L 10/07/2014 - 18:28:32:    path_goal ( "NULL" )
L 10/07/2014 - 18:28:33: "IvanTheSpaceBiker<9><BOT><Red>" stuck (position "2441.91 1411.56 -225.97") (duration "1.16") L 10/07/2014 - 18:28:33:    path_goal ( "NULL" )
L 10/07/2014 - 18:28:33: "Gentlemanne of Leisure<6><BOT><Blue>" triggered "player_builtobject" (object "OBJ_TELEPORTER") (position "-1418 2295 -418")
L 10/07/2014 - 18:28:34: "IvanTheSpaceBiker<9><BOT><Red>" stuck (position "2435.37 1412.91 -225.97") (duration "2.21") L 10/07/2014 - 18:28:34:    path_goal ( "NULL" )
L 10/07/2014 - 18:28:35: "IvanTheSpaceBiker<9><BOT><Red>" stuck (position "2444.92 1409.42 -225.97") (duration "3.26") L 10/07/2014 - 18:28:35:    path_goal ( "NULL" )
L 10/07/2014 - 18:28:36: "IvanTheSpaceBiker<9><BOT><Red>" stuck (position "2428.78 1413.43 -225.97") (duration "4.31") L 10/07/2014 - 18:28:36:    path_goal ( "NULL" )
L 10/07/2014 - 18:28:37: "CRITRAWKETS<5><BOT><Red>" killed "Gentlemanne of Leisure<6><BOT><Blue>" with "obj_sentrygun3" (attacker_position "181 1930 -267") (victim_position "-648 2314 -403")
L 10/07/2014 - 18:28:37: "IvanTheSpaceBiker<9><BOT><Red>" stuck (position "2441.45 1384.32 -225.97") (duration "5.36") L 10/07/2014 - 18:28:37:    path_goal ( "2437.76 1250.00 -223.97" )
L 10/07/2014 - 18:28:39: "splunk> security warrior<13><[U:1:229722400]><>" connected, address "192.168.1.113:27005"
L 10/07/2014 - 18:28:46: "Cannon Fodder<10><BOT><Blue>" killed "Splunk Ninja<12><[U:1:197422767]><Red>" with "pistol_scout" (attacker_position "-1979 2856 -255") (victim_position "-1320 2940 -255")
L 10/07/2014 - 18:28:46: "nulltr0n<4><[U:1:197388838]><Blue>" triggered "kill assist" against "Splunk Ninja<12><[U:1:197422767]><Red>" (assister_position "-2083 2567 -255") (attacker_position "-1979 2856 -255") (victim_position "-1320 2940 -255")
L 10/07/2014 - 18:28:49: "RageQuit<2><BOT><Red>" triggered "killedobject" (object "OBJ_TELEPORTER") (weapon "sniperrifle") (objectowner "Gentlemanne of Leisure<6><BOT><Blue>") (attacker_position "180 2028 -264")
L 10/07/2014 - 18:28:50: "That Guy Over There<11><[U:1:197468749]><Red>" killed "Ze Ubermensch<3><BOT><Blue>" with "minigun" (attacker_position "-971 2842 -255") (victim_position "-1935 2878 -255")
L 10/07/2014 - 18:28:50: "Splunk Ninja<12><[U:1:197422767]><Red>" triggered "kill assist" against "Ze Ubermensch<3><BOT><Blue>" (assister_position "1544 2184 114") (attacker_position "-971 2842 -255") (victim_position "-1935 2878 -255")
L 10/07/2014 - 18:28:50: "That Guy Over There<11><[U:1:197468749]><Red>" triggered "domination" against "Ze Ubermensch<3><BOT><Blue>"
L 10/07/2014 - 18:28:52: Connection to Steam servers lost.  (Result = 20)
L 10/07/2014 - 18:28:54: "splunk> security warrior<13><[U:1:229722400]><>" entered the game
L 10/07/2014 - 18:28:54: "RageQuit<2><BOT><Red>" killed "nulltr0n<4><[U:1:197388838]><Blue>" with "sniperrifle" (customkill "headshot") (attacker_position "-241 1791 -262") (victim_position "-2149 2648 -254")
L 10/07/2014 - 18:29:03: "Gentlemanne of Leisure<6><BOT><Blue>" triggered "player_builtobject" (object "OBJ_TELEPORTER") (position "-2166 2949 -255")
L 10/07/2014 - 18:29:05: "RageQuit<2><BOT><Red>" killed "Cannon Fodder<10><BOT><Blue>" with "sniperrifle" (attacker_position "-238 1788 -262") (victim_position "-874 2387 -415")
L 10/07/2014 - 18:29:09: "That Guy Over There<11><[U:1:197468749]><Red>" triggered "medic_death" against "Crowbar<8><BOT><Blue>" (healing "296") (ubercharge "0")
L 10/07/2014 - 18:29:09: "That Guy Over There<11><[U:1:197468749]><Red>" killed "Crowbar<8><BOT><Blue>" with "minigun" (attacker_position "-816 2794 -255") (victim_position "-1812 2791 -255")
L 10/07/2014 - 18:29:09: "RageQuit<2><BOT><Red>" triggered "kill assist" against "Crowbar<8><BOT><Blue>" (assister_position "-182 1775 -262") (attacker_position "-816 2794 -255") (victim_position "-1812 2791 -255")
L 10/07/2014 - 18:29:15: "splunk> security warrior<13><[U:1:229722400]><Unassigned>" joined team "Blue"
L 10/07/2014 - 18:29:18: "splunk> security warrior<13><[U:1:229722400]><Blue>" changed role to "engineer"
L 10/07/2014 - 18:29:23: "That Guy Over There<11><[U:1:197468749]><Red>" triggered "killedobject" (object "OBJ_TELEPORTER") (weapon "minigun") (objectowner "Gentlemanne of Leisure<6><BOT><Blue>") (attacker_position "-1542 2693 -228")
L 10/07/2014 - 18:29:29: "That Guy Over There<11><[U:1:197468749]><Red>" killed "splunk> security warrior<13><[U:1:229722400]><Blue>" with "minigun" (attacker_position "-1917 2929 -255") (victim_position "-2285 2933 -304")
L 10/07/2014 - 18:29:31: "RageQuit<2><BOT><Red>" killed "Gentlemanne of Leisure<6><BOT><Blue>" with "sniperrifle" (customkill "headshot") (attacker_position "587 2172 -256") (victim_position "-2373 2396 -391")
L 10/07/2014 - 18:29:31: "Splunk Ninja<12><[U:1:197422767]><Red>" triggered "kill assist" against "Gentlemanne of Leisure<6><BOT><Blue>" (assister_position "-2104 2362 -447") (attacker_position "587 2172 -256") (victim_position "-2373 2396 -391")
L 10/07/2014 - 18:29:31: "Gentlemanne of Leisure<6><BOT><Blue>" changed role to "demoman"
L 10/07/2014 - 18:29:32: "That Guy Over There<11><[U:1:197468749]><Red>" killed "Cannon Fodder<10><BOT><Blue>" with "minigun" (attacker_position "-2062 2985 -255") (victim_position "-2491 2985 -447")
L 10/07/2014 - 18:29:47: "Splunk Ninja<12><[U:1:197422767]><Red>" killed "nulltr0n<4><[U:1:197388838]><Blue>" with "world" (attacker_position "-1527 1951 -247") (victim_position "-1416 1740 -247")
L 10/07/2014 - 18:29:55: "That Guy Over There<11><[U:1:197468749]><Red>" killed "Cannon Fodder<10><BOT><Blue>" with "minigun" (attacker_position "-2081 3048 -255") (victim_position "-2253 2974 -283")
L 10/07/2014 - 18:30:00: Connection to Steam servers successful.
L 10/07/2014 - 18:30:00:    Public IP is 68.110.44.24.
L 10/07/2014 - 18:30:00: Assigned anonymous gameserver Steam ID [A:1:2704415751:4715].
L 10/07/2014 - 18:30:02: VAC secure mode is activated.
L 10/07/2014 - 18:30:03: "splunk> security warrior<13><[U:1:229722400]><>" STEAM USERID validated
L 10/07/2014 - 18:30:03: tf_server_identity_account_id not set; not logging into registered account
L 10/07/2014 - 18:30:04: "splunk> security warrior<13><[U:1:229722400]><Blue>" triggered "player_builtobject" (object "OBJ_SENTRYGUN") (position "-1808 2272 -435")
L 10/07/2014 - 18:30:07: "Splunk Ninja<12><[U:1:197422767]><Red>" triggered "killedobject" (object "OBJ_SENTRYGUN") (weapon "flamethrower") (objectowner "splunk> security warrior<13><[U:1:229722400]><Blue>") (attacker_position "-1572 2343 -447")
L 10/07/2014 - 18:30:08: "Splunk Ninja<12><[U:1:197422767]><Red>" killed "splunk> security warrior<13><[U:1:229722400]><Blue>" with "flamethrower" (attacker_position "-1736 2250 -430") (victim_position "-1913 2264 -435")
L 10/07/2014 - 18:30:10: "Gentlemanne of Leisure<6><BOT><Blue>" killed "RageQuit<2><BOT><Red>" with "tf_projectile_pipe" (attacker_position "-1733 2305 -440") (victim_position "-220 2142 -413")
L 10/07/2014 - 18:30:10: "Crowbar<8><BOT><Blue>" triggered "kill assist" against "RageQuit<2><BOT><Red>" (assister_position "-1543 2318 -444") (attacker_position "-1733 2305 -440") (victim_position "-220 2142 -413")
L 10/07/2014 - 18:30:10: "RageQuit<2><BOT><Red>" changed role to "demoman"
L 10/07/2014 - 18:30:11: "CRITRAWKETS<5><BOT><Red>" killed "Ze Ubermensch<3><BOT><Blue>" with "obj_sentrygun3" (attacker_position "150 1969 -274") (victim_position "-678 2332 -408")
L 10/07/2014 - 18:30:11: "RageQuit<2><BOT><Red>" triggered "kill assist" against "Ze Ubermensch<3><BOT><Blue>" (assister_position "-220 2142 -338") (attacker_position "150 1969 -274") (victim_position "-678 2332 -408")
L 10/07/2014 - 18:30:12: "Crowbar<8><BOT><Blue>" triggered "player_extinguished" against "Gentlemanne of Leisure<6><BOT><Blue>" with "tf_weapon_medigun" (attacker_position "-1767 2362 -447") (victim_position "-2271 2364 -447")
L 10/07/2014 - 18:30:17: "That Guy Over There<11><[U:1:197468749]><Red>" killed "nulltr0n<4><[U:1:197388838]><Blue>" with "minigun" (attacker_position "-1704 2834 -255") (victim_position "-2024 3062 -255")
L 10/07/2014 - 18:30:18: "That Guy Over There<11><[U:1:197468749]><Red>" killed "Gentlemanne of Leisure<6><BOT><Blue>" with "minigun" (attacker_position "-1774 2873 -255") (victim_position "-1887 2903 -255")
L 10/07/2014 - 18:30:19: "Cannon Fodder<10><BOT><Blue>" killed "That Guy Over There<11><[U:1:197468749]><Red>" with "scattergun" (attacker_position "-1976 2941 -255") (victim_position "-1736 2870 -255")
L 10/07/2014 - 18:30:19: "Gentlemanne of Leisure<6><BOT><Blue>" triggered "kill assist" against "That Guy Over There<11><[U:1:197468749]><Red>" (assister_position "-1884 2904 -167") (attacker_position "-1976 2941 -255") (victim_position "-1736 2870 -255")
L 10/07/2014 - 18:30:24: "nulltr0n<4><[U:1:197388838]><Blue>" changed role to "demoman"
L 10/07/2014 - 18:30:24: "Crowbar<8><BOT><Blue>" triggered "chargedeployed"
L 10/07/2014 - 18:30:35: "Splunk Ninja<12><[U:1:197422767]><Red>" killed "Cannon Fodder<10><BOT><Blue>" with "flamethrower" (attacker_position "-127 2757 -240") (victim_position "-267 2902 -244")
L 10/07/2014 - 18:30:37: "Splunk Ninja<12><[U:1:197422767]><Red>" triggered "medic_death" against "Crowbar<8><BOT><Blue>" (healing "943") (ubercharge "0")
L 10/07/2014 - 18:30:37: "Splunk Ninja<12><[U:1:197422767]><Red>" killed "Crowbar<8><BOT><Blue>" with "flamethrower" (attacker_position "-488 2837 -247") (victim_position "-766 2778 -255")
L 10/07/2014 - 18:30:39: "splunk> security warrior<13><[U:1:229722400]><Blue>" triggered "player_builtobject" (object "OBJ_SENTRYGUN") (position "-1975 2264 -435")
L 10/07/2014 - 18:30:39: "Ze Ubermensch<3><BOT><Blue>" killed "Splunk Ninja<12><[U:1:197422767]><Red>" with "tf_projectile_pipe" (attacker_position "-1186 2868 -255") (victim_position "-540 2816 -247")
L 10/07/2014 - 18:30:39: "Crowbar<8><BOT><Blue>" triggered "kill assist" against "Splunk Ninja<12><[U:1:197422767]><Red>" (assister_position "-766 2778 -160") (attacker_position "-1186 2868 -255") (victim_position "-540 2816 -247")
L 10/07/2014 - 18:30:45: "Target Practice<7><BOT><Red>" triggered "captureblocked" (cp "0") (cpname "#Dustbowl_cap_1_A") (position "-264 2830 -240")
L 10/07/2014 - 18:30:45: "Target Practice<7><BOT><Red>" killed "Ze Ubermensch<3><BOT><Blue>" with "world" (attacker_position "-264 2830 -240") (victim_position "-312 2781 -240")
L 10/07/2014 - 18:30:45: "IvanTheSpaceBiker<9><BOT><Red>" triggered "kill assist" against "Ze Ubermensch<3><BOT><Blue>" (assister_position "-264 2786 -240") (attacker_position "-264 2830 -240") (victim_position "-312 2781 -240")
L 10/07/2014 - 18:30:45: "Target Practice<7><BOT><Red>" triggered "domination" against "Ze Ubermensch<3><BOT><Blue>"
L 10/07/2014 - 18:30:46: "Gentlemanne of Leisure<6><BOT><Blue>" triggered "medic_death" against "IvanTheSpaceBiker<9><BOT><Red>" (healing "837") (ubercharge "1")
L 10/07/2014 - 18:30:46: "Gentlemanne of Leisure<6><BOT><Blue>" killed "IvanTheSpaceBiker<9><BOT><Red>" with "tf_projectile_pipe" (attacker_position "-1104 2861 -255") (victim_position "-207 2824 -240")
L 10/07/2014 - 18:30:46: "Ze Ubermensch<3><BOT><Blue>" triggered "kill assist" against "IvanTheSpaceBiker<9><BOT><Red>" (assister_position "-312 2781 -152") (attacker_position "-1104 2861 -255") (victim_position "-207 2824 -240")
L 10/07/2014 - 18:30:50: "RageQuit<2><BOT><Red>" triggered "captureblocked" (cp "0") (cpname "#Dustbowl_cap_1_A") (position "-123 2718 -241")
L 10/07/2014 - 18:30:50: "RageQuit<2><BOT><Red>" killed "Gentlemanne of Leisure<6><BOT><Blue>" with "tf_projectile_pipe" (attacker_position "-123 2718 -241") (victim_position "-201 2898 -241")
L 10/07/2014 - 18:30:50: "CRITRAWKETS<5><BOT><Red>" triggered "kill assist" against "Gentlemanne of Leisure<6><BOT><Blue>" (assister_position "157 1975 -273") (attacker_position "-123 2718 -241") (victim_position "-201 2898 -241")
L 10/07/2014 - 18:30:58: "CRITRAWKETS<5><BOT><Red>" killed "splunk> security warrior<13><[U:1:229722400]><Blue>" with "obj_sentrygun3" (attacker_position "171 1958 -270") (victim_position "-823 2243 -415")
L 10/07/2014 - 18:31:04: "Target Practice<7><BOT><Red>" killed "Cannon Fodder<10><BOT><Blue>" with "tf_projectile_rocket" (attacker_position "-105 2693 -247") (victim_position "-207 2832 -240")
L 10/07/2014 - 18:31:04: "CRITRAWKETS<5><BOT><Red>" triggered "kill assist" against "Cannon Fodder<10><BOT><Blue>" (assister_position "171 1958 -270") (attacker_position "-105 2693 -247") (victim_position "-207 2832 -240")
L 10/07/2014 - 18:31:06: "RageQuit<2><BOT><Red>" killed "nulltr0n<4><[U:1:197388838]><Blue>" with "tf_projectile_pipe_remote" (attacker_position "-344 2552 -120") (victim_position "-728 2848 -255")
L 10/07/2014 - 18:31:15: "That Guy Over There<11><[U:1:197468749]><Red>" triggered "captureblocked" (cp "0") (cpname "#Dustbowl_cap_1_A") (position "-109 2644 -247")
L 10/07/2014 - 18:31:15: "That Guy Over There<11><[U:1:197468749]><Red>" killed "Ze Ubermensch<3><BOT><Blue>" with "minigun" (attacker_position "-109 2644 -247") (victim_position "-332 2827 -244")
L 10/07/2014 - 18:31:15: "RageQuit<2><BOT><Red>" triggered "kill assist" against "Ze Ubermensch<3><BOT><Blue>" (assister_position "-178 2828 -65") (attacker_position "-109 2644 -247") (victim_position "-332 2827 -244")
L 10/07/2014 - 18:31:16: "Target Practice<7><BOT><Red>" triggered "medic_death" against "Crowbar<8><BOT><Blue>" (healing "269") (ubercharge "0")
L 10/07/2014 - 18:31:16: "Target Practice<7><BOT><Red>" killed "Crowbar<8><BOT><Blue>" with "tf_projectile_rocket" (attacker_position "-249 2680 -243") (victim_position "-857 2768 -255")
L 10/07/2014 - 18:31:16: "Target Practice<7><BOT><Red>" triggered "revenge" against "Crowbar<8><BOT><Blue>"
L 10/07/2014 - 18:31:20: "That Guy Over There<11><[U:1:197468749]><Red>" killed "Gentlemanne of Leisure<6><BOT><Blue>" with "minigun" (attacker_position "-401 2829 -247") (victim_position "-927 2844 -255")
L 10/07/2014 - 18:31:20: "RageQuit<2><BOT><Red>" triggered "kill assist" against "Gentlemanne of Leisure<6><BOT><Blue>" (assister_position "-216 2848 -240") (attacker_position "-401 2829 -247") (victim_position "-927 2844 -255")
L 10/07/2014 - 18:31:30: "That Guy Over There<11><[U:1:197468749]><Red>" triggered "killedobject" (object "OBJ_SENTRYGUN") (weapon "minigun") (objectowner "splunk> security warrior<13><[U:1:229722400]><Blue>") (attacker_position "-849 2656 -255")
L 10/07/2014 - 18:31:32: "That Guy Over There<11><[U:1:197468749]><Red>" killed "Cannon Fodder<10><BOT><Blue>" with "minigun" (attacker_position "-888 2674 -255") (victim_position "-1151 2808 -255")
L 10/07/2014 - 18:31:32: "Splunk Ninja<12><[U:1:197422767]><Red>" triggered "kill assist" against "Cannon Fodder<10><BOT><Blue>" (assister_position "-1948 2876 -255") (attacker_position "-888 2674 -255") (victim_position "-1151 2808 -255")
L 10/07/2014 - 18:31:41: "Splunk Ninja<12><[U:1:197422767]><Red>" killed "splunk> security warrior<13><[U:1:229722400]><Blue>" with "flamethrower" (attacker_position "-2176 2339 -447") (victim_position "-2391 2393 -439")
L 10/07/2014 - 18:31:42: "Ze Ubermensch<3><BOT><Blue>" killed "That Guy Over There<11><[U:1:197468749]><Red>" with "tf_projectile_pipe" (attacker_position "-1035 2867 -255") (victim_position "-1051 2819 -255")
L 10/07/2014 - 18:31:42: "Ze Ubermensch<3><BOT><Blue>" triggered "revenge" against "That Guy Over There<11><[U:1:197468749]><Red>"
L 10/07/2014 - 18:31:42: "That Guy Over There<11><[U:1:197468749]><Red>" killed "Ze Ubermensch<3><BOT><Blue>" with "world" (attacker_position "-1051 2819 -255") (victim_position "-1035 2867 -255")
L 10/07/2014 - 18:31:51: "RageQuit<2><BOT><Red>" killed "Gentlemanne of Leisure<6><BOT><Blue>" with "tf_projectile_pipe_remote" (attacker_position "-150 2890 -242") (victim_position "-719 2801 -255")
L 10/07/2014 - 18:31:56: "Cannon Fodder<10><BOT><Blue>" killed "Splunk Ninja<12><[U:1:197422767]><Red>" with "scattergun" (attacker_position "-972 2848 -212") (victim_position "-973 2690 -255")
L 10/07/2014 - 18:31:59: "RageQuit<2><BOT><Red>" killed "Cannon Fodder<10><BOT><Blue>" with "tf_projectile_pipe_remote" (attacker_position "-137 2879 -241") (victim_position "-584 2791 -247")
L 10/07/2014 - 18:31:59: "Splunk Ninja<12><[U:1:197422767]><Red>" triggered "kill assist" against "Cannon Fodder<10><BOT><Blue>" (assister_position "-973 2690 -241") (attacker_position "-137 2879 -241") (victim_position "-584 2791 -247")
L 10/07/2014 - 18:32:02: World triggered "Mini_Round_Win" (winner "Red") (round "round_1")
L 10/07/2014 - 18:32:02: World triggered "Mini_Round_Length" (seconds "330.08")
L 10/07/2014 - 18:32:02: World triggered "Round_Win" (winner "Red")
L 10/07/2014 - 18:32:02: Team "Red" current score "6" with "6" players
L 10/07/2014 - 18:32:02: Team "Blue" current score "0" with "6" players
L 10/07/2014 - 18:32:17: World triggered "Game_Over" reason "Reached Time Limit"
L 10/07/2014 - 18:32:17: Team "Red" final score "6" with "6" players
L 10/07/2014 - 18:32:17: Team "Blue" final score "0" with "6" players
L 10/07/2014 - 18:32:20: "IvanTheSpaceBiker<9><BOT><Red>" stuck (position "-1294.93 2403.92 -432.89") (duration "3.15") L 10/07/2014 - 18:32:20:    path_goal ( "-1150.00 2425.00 -415.97" )
L 10/07/2014 - 18:32:20: "IvanTheSpaceBiker<9><BOT><Red>" stuck (position "-1294.93 2403.92 -432.89") (duration "3.26") L 10/07/2014 - 18:32:20:    path_goal ( "-1150.00 2425.00 -415.97" )
L 10/07/2014 - 18:32:21: "CRITRAWKETS<5><BOT><Red>" stuck (position "778.29 2661.47 -254.51") (duration "3.36") L 10/07/2014 - 18:32:21:    path_goal ( "775.00 2612.50 -255.90" )
L 10/07/2014 - 18:32:21: "CRITRAWKETS<5><BOT><Red>" stuck (position "778.29 2661.47 -254.51") (duration "3.46") L 10/07/2014 - 18:32:21:    path_goal ( "775.00 2612.50 -255.90" )
L 10/07/2014 - 18:32:21: "RageQuit<2><BOT><Red>" stuck (position "-2530.99 2949.66 -455.75") (duration "3.57") L 10/07/2014 - 18:32:21:    path_goal ( "-137.50 2900.00 -247.97" )
L 10/07/2014 - 18:32:21: "IvanTheSpaceBiker<9><BOT><Red>" stuck (position "-1294.93 2403.92 -432.89") (duration "4.30") L 10/07/2014 - 18:32:21:    path_goal ( "-1150.00 2425.00 -415.97" )
L 10/07/2014 - 18:32:22: "CRITRAWKETS<5><BOT><Red>" stuck (position "778.29 2661.47 -254.51") (duration "4.52") L 10/07/2014 - 18:32:22:    path_goal ( "775.00 2612.50 -255.90" )
L 10/07/2014 - 18:32:22: "Target Practice<7><BOT><Red>" stuck (position "-208.51 2309.24 -315.78") (duration "4.20") L 10/07/2014 - 18:32:22:    path_goal ( "-175.00 2300.00 -315.15" )
L 10/07/2014 - 18:32:22: "IvanTheSpaceBiker<9><BOT><Red>" stuck (position "-1294.93 2403.92 -432.89") (duration "5.35") L 10/07/2014 - 18:32:22:    path_goal ( "-1150.00 2425.00 -415.97" )
L 10/07/2014 - 18:32:23: "CRITRAWKETS<5><BOT><Red>" stuck (position "778.29 2661.47 -254.51") (duration "5.57") L 10/07/2014 - 18:32:23:    path_goal ( "775.00 2612.50 -255.90" )
L 10/07/2014 - 18:32:23: "IvanTheSpaceBiker<9><BOT><Red>" stuck (position "-1294.93 2403.92 -432.89") (duration "6.40") L 10/07/2014 - 18:32:23:    path_goal ( "-1150.00 2425.00 -415.97" )
L 10/07/2014 - 18:32:24: "CRITRAWKETS<5><BOT><Red>" stuck (position "778.29 2661.47 -254.51") (duration "6.61") L 10/07/2014 - 18:32:24:    path_goal ( "775.00 2612.50 -255.90" )
L 10/07/2014 - 18:32:25: "IvanTheSpaceBiker<9><BOT><Red>" stuck (position "-1294.93 2403.92 -432.89") (duration "7.45") L 10/07/2014 - 18:32:25:    path_goal ( "-1150.00 2425.00 -415.97" )
L 10/07/2014 - 18:32:25: "CRITRAWKETS<5><BOT><Red>" stuck (position "778.29 2661.47 -254.51") (duration "7.66") L 10/07/2014 - 18:32:25:    path_goal ( "775.00 2612.50 -255.90" )
L 10/07/2014 - 18:32:26: "IvanTheSpaceBiker<9><BOT><Red>" stuck (position "-1294.93 2403.92 -432.89") (duration "8.51") L 10/07/2014 - 18:32:26:    path_goal ( "-1150.00 2425.00 -415.97" )
L 10/07/2014 - 18:32:26: "CRITRAWKETS<5><BOT><Red>" stuck (position "778.29 2661.47 -254.51") (duration "8.71") L 10/07/2014 - 18:32:26:    path_goal ( "775.00 2612.50 -255.90" )
L 10/07/2014 - 18:32:26: "RageQuit<2><BOT><Red>" stuck (position "-2530.99 2949.66 -455.75") (duration "3.57") L 10/07/2014 - 18:32:26:    path_goal ( "-75.00 2562.50 -251.97" )
L 10/07/2014 - 18:32:26: "Target Practice<7><BOT><Red>" stuck (position "-208.51 2309.24 -315.78") (duration "4.20") L 10/07/2014 - 18:32:26:    path_goal ( "-175.00 2300.00 -315.15" )
L 10/07/2014 - 18:32:27: "IvanTheSpaceBiker<9><BOT><Red>" stuck (position "-1294.93 2403.92 -432.89") (duration "9.55") L 10/07/2014 - 18:32:27:    path_goal ( "-1150.00 2425.00 -415.97" )
L 10/07/2014 - 18:32:27: "CRITRAWKETS<5><BOT><Red>" stuck (position "778.29 2661.47 -254.51") (duration "9.77") L 10/07/2014 - 18:32:27:    path_goal ( "775.00 2612.50 -255.90" )
L 10/07/2014 - 18:32:27: Loading map "ctf_2fort"
L 10/07/2014 - 18:32:27: server cvars start
L 10/07/2014 - 18:32:27: "tf_playergib" = "1"
L 10/07/2014 - 18:32:27: "tf_allow_player_use" = "0"
L 10/07/2014 - 18:32:27: "tf_mvm_death_penalty" = "0"
L 10/07/2014 - 18:32:27: "sv_maxusrcmdprocessticks" = "24"
L 10/07/2014 - 18:32:27: "mp_teamplay" = "0"
L 10/07/2014 - 18:32:27: "mp_falldamage" = "0"
L 10/07/2014 - 18:32:27: "mp_weaponstay" = "0"
L 10/07/2014 - 18:32:27: "mp_forcerespawn" = "1"
L 10/07/2014 - 18:32:27: "mp_footsteps" = "1"
L 10/07/2014 - 18:32:27: "mp_flashlight" = "0"
L 10/07/2014 - 18:32:27: "mp_autocrosshair" = "1"
L 10/07/2014 - 18:32:27: "decalfrequency" = "10"
L 10/07/2014 - 18:32:27: "mp_teamlist" = "hgrunt;scientist"
L 10/07/2014 - 18:32:27: "mp_allowNPCs" = "1"
L 10/07/2014 - 18:32:27: "sv_alltalk" = "0"
L 10/07/2014 - 18:32:27: "tf_weapon_criticals" = "1"
L 10/07/2014 - 18:32:27: "tf_damage_disablespread" = "0"
L 10/07/2014 - 18:32:27: "tf_player_name_change_time" = "60"
L 10/07/2014 - 18:32:27: "tf_force_holidays_off" = "0"
L 10/07/2014 - 18:32:27: "tf_birthday" = "0"
L 10/07/2014 - 18:32:27: "mp_tournament_stopwatch" = "1"
L 10/07/2014 - 18:32:27: "mp_windifference" = "0"
L 10/07/2014 - 18:32:27: "mp_windifference_min" = "0"
L 10/07/2014 - 18:32:27: "tf_medieval" = "0"
L 10/07/2014 - 18:32:27: "tf_medieval_autorp" = "1"
L 10/07/2014 - 18:32:27: "tf_arena_force_class" = "0"
L 10/07/2014 - 18:32:27: "tf_arena_change_limit" = "1"
L 10/07/2014 - 18:32:27: "tf_arena_override_cap_enable_time" = "-1"
L 10/07/2014 - 18:32:27: "tf_arena_first_blood" = "1"
L 10/07/2014 - 18:32:27: "tf_mvm_min_players_to_start" = "3"
L 10/07/2014 - 18:32:27: "tf_gamemode_arena" = "0"
L 10/07/2014 - 18:32:27: "tf_gamemode_cp" = "1"
L 10/07/2014 - 18:32:27: "tf_gamemode_ctf" = "0"
L 10/07/2014 - 18:32:27: "tf_gamemode_sd" = "0"
L 10/07/2014 - 18:32:27: "tf_gamemode_rd" = "0"
L 10/07/2014 - 18:32:27: "tf_beta_content" = "0"
L 10/07/2014 - 18:32:27: "tf_gamemode_payload" = "0"
L 10/07/2014 - 18:32:27: "tf_gamemode_mvm" = "0"
L 10/07/2014 - 18:32:27: "tf_bot_count" = "8"
L 10/07/2014 - 18:32:27: "tf_teamtalk" = "1"
L 10/07/2014 - 18:32:27: "tf_ctf_bonus_time" = "10"
L 10/07/2014 - 18:32:27: "tf_maxspeed" = "400"
L 10/07/2014 - 18:32:27: "tf_max_charge_speed" = "750"
L 10/07/2014 - 18:32:27: "tf_use_fixed_weaponspreads" = "0"
L 10/07/2014 - 18:32:27: "tf_overtime_nag" = "0"
L 10/07/2014 - 18:32:27: "mp_respawnwavetime" = "10.0"
L 10/07/2014 - 18:32:27: "mp_tournament" = "0"
L 10/07/2014 - 18:32:27: "mp_highlander" = "0"
L 10/07/2014 - 18:32:27: "tf_arena_preround_time" = "10"
L 10/07/2014 - 18:32:27: "tf_arena_round_time" = "0"
L 10/07/2014 - 18:32:27: "tf_arena_max_streak" = "3"
L 10/07/2014 - 18:32:27: "tf_arena_use_queue" = "1"
L 10/07/2014 - 18:32:27: "mp_maxrounds" = "0"
L 10/07/2014 - 18:32:27: "mp_winlimit" = "0"
L 10/07/2014 - 18:32:27: "mp_disable_respawn_times" = "0"
L 10/07/2014 - 18:32:27: "mp_stalemate_meleeonly" = "0"
L 10/07/2014 - 18:32:27: "mp_forceautoteam" = "0"
L 10/07/2014 - 18:32:27: "mp_autoteambalance" = "1"
L 10/07/2014 - 18:32:27: "mp_stalemate_enable" = "0"
L 10/07/2014 - 18:32:27: "mp_match_end_at_timelimit" = "0"
L 10/07/2014 - 18:32:27: "mp_holiday_nogifts" = "0"
L 10/07/2014 - 18:32:27: "mp_scrambleteams_auto" = "1"
L 10/07/2014 - 18:32:27: "mp_scrambleteams_auto_windifference" = "2"
L 10/07/2014 - 18:32:27: "mp_timelimit" = "15"
L 10/07/2014 - 18:32:27: "mp_fraglimit" = "0"
L 10/07/2014 - 18:32:27: "nextlevel" = ""
L 10/07/2014 - 18:32:27: "sv_gravity" = "800"
L 10/07/2014 - 18:32:27: "sv_stopspeed" = "100"
L 10/07/2014 - 18:32:27: "sv_noclipaccelerate" = "5"
L 10/07/2014 - 18:32:27: "sv_noclipspeed" = "5"
L 10/07/2014 - 18:32:27: "sv_specaccelerate" = "5"
L 10/07/2014 - 18:32:27: "sv_specspeed" = "3"
L 10/07/2014 - 18:32:27: "sv_specnoclip" = "1"
L 10/07/2014 - 18:32:27: "sv_maxspeed" = "320"
L 10/07/2014 - 18:32:27: "sv_accelerate" = "10"
L 10/07/2014 - 18:32:27: "sv_airaccelerate" = "10"
L 10/07/2014 - 18:32:27: "sv_wateraccelerate" = "10"
L 10/07/2014 - 18:32:27: "sv_waterfriction" = "1"
L 10/07/2014 - 18:32:27: "sv_footsteps" = "1"
L 10/07/2014 - 18:32:27: "sv_rollspeed" = "200"
L 10/07/2014 - 18:32:27: "sv_rollangle" = "0"
L 10/07/2014 - 18:32:27: "sv_friction" = "4"
L 10/07/2014 - 18:32:27: "sv_bounce" = "0"
L 10/07/2014 - 18:32:27: "sv_stepsize" = "18"
L 10/07/2014 - 18:32:27: "r_VehicleViewDampen" = "1"
L 10/07/2014 - 18:32:27: "r_JeepViewDampenFreq" = "7.0"
L 10/07/2014 - 18:32:27: "r_JeepViewDampenDamp" = "1.0"
L 10/07/2014 - 18:32:27: "r_JeepViewZHeight" = "10.0"
L 10/07/2014 - 18:32:27: "r_AirboatViewDampenFreq" = "7.0"
L 10/07/2014 - 18:32:27: "r_AirboatViewDampenDamp" = "1.0"
L 10/07/2014 - 18:32:27: "r_AirboatViewZHeight" = "0.0"
L 10/07/2014 - 18:32:27: "mp_friendlyfire" = "0"
L 10/07/2014 - 18:32:27: "mp_fadetoblack" = "0"
L 10/07/2014 - 18:32:27: "tf_mm_servermode" = "0"
L 10/07/2014 - 18:32:27: "tf_mm_strict" = "0"
L 10/07/2014 - 18:32:27: "tf_mm_trusted" = "0"
L 10/07/2014 - 18:32:27: "tf_server_identity_disable_quickplay" = "0"
L 10/07/2014 - 18:32:27: "sv_registration_successful" = "0"
L 10/07/2014 - 18:32:27: "sv_registration_message" = "No account specified"
L 10/07/2014 - 18:32:27: "sv_steamgroup" = ""
L 10/07/2014 - 18:32:27: "sv_cheats" = "1"
L 10/07/2014 - 18:32:27: "sv_pausable" = "0"
L 10/07/2014 - 18:32:27: "sv_contact" = "admin@yourdomain.com"
L 10/07/2014 - 18:32:27: "sv_voiceenable" = "1"
L 10/07/2014 - 18:32:27: "tv_enable" = "0"
L 10/07/2014 - 18:32:27: "deathmatch" = "1"
L 10/07/2014 - 18:32:27: "coop" = "0"
L 10/07/2014 - 18:32:27: "tv_password" = ""
L 10/07/2014 - 18:32:27: "tv_relaypassword" = ""
L 10/07/2014 - 18:32:27: "sv_password" = ""
L 10/07/2014 - 18:32:27: "sv_tags" = "bots,cp"
L 10/07/2014 - 18:32:27: server cvars end
L 10/07/2014 - 18:32:29: Started map "ctf_2fort" (CRC "7d246aafbbd18b8ccbfdb9937dbc7769")
L 10/07/2014 - 18:32:29: Executing dedicated server config file server.cfg
L 10/07/2014 - 18:32:35: server_cvar: "tf_gamemode_cp" "0"
L 10/07/2014 - 18:32:35: server_cvar: "sv_tags" "bots"
L 10/07/2014 - 18:32:35: server_cvar: "sv_tags" "bots"
L 10/07/2014 - 18:32:35: server_cvar: "tf_bot_count" "0"
L 10/07/2014 - 18:32:35: server_cvar: "sv_tags" ""
L 10/07/2014 - 18:32:35: server_cvar: "tf_gamemode_ctf" "1"
L 10/07/2014 - 18:32:35: server_cvar: "sv_tags" "ctf"
L 10/07/2014 - 18:32:35: server_cvar: "sv_tags" "ctf"
L 10/07/2014 - 18:32:35: Initializing Steam libraries for LAN server
L 10/07/2014 - 18:32:35: No account token specified; logging into anonymous game server account.  (Use sv_setsteamaccount to login to a persistent account.)
L 10/07/2014 - 18:32:35: "That Guy Over There<11><[U:1:197468749]><>" disconnected (reason "Disconnect by user.")
L 10/07/2014 - 18:32:35: "trigger_hurt<14><BOT><>" connected, address "none"
L 10/07/2014 - 18:32:35: "<14><BOT><>" entered the game
L 10/07/2014 - 18:32:35: "trigger_hurt<14><BOT><Unassigned>" joined team "Blue"
L 10/07/2014 - 18:32:35: "trigger_hurt<14><BOT><Blue>" changed role to "scout"
L 10/07/2014 - 18:32:35: "trigger_hurt<14><BOT><Blue>" changed name to "Nom Nom Nom"
L 10/07/2014 - 18:32:35: "Divide by Zero<15><BOT><>" connected, address "none"
L 10/07/2014 - 18:32:35: "<15><BOT><>" entered the game
L 10/07/2014 - 18:32:35: "Divide by Zero<15><BOT><Unassigned>" joined team "Red"
L 10/07/2014 - 18:32:35: "Divide by Zero<15><BOT><Red>" changed role to "scout"
L 10/07/2014 - 18:32:35: "Divide by Zero<15><BOT><Red>" changed name to "GENTLE MANNE of LEISURE"
L 10/07/2014 - 18:32:36: "MoreGun<16><BOT><>" connected, address "none"
L 10/07/2014 - 18:32:36: "<16><BOT><>" entered the game
L 10/07/2014 - 18:32:36: "MoreGun<16><BOT><Unassigned>" joined team "Blue"
L 10/07/2014 - 18:32:36: "MoreGun<16><BOT><Blue>" changed role to "demoman"
L 10/07/2014 - 18:32:36: "MoreGun<16><BOT><Blue>" changed name to "Tiny Baby Man"
L 10/07/2014 - 18:32:36: "Big Mean Muther Hubbard<17><BOT><>" connected, address "none"
L 10/07/2014 - 18:32:36: "<17><BOT><>" entered the game
L 10/07/2014 - 18:32:36: "Big Mean Muther Hubbard<17><BOT><Unassigned>" joined team "Red"
L 10/07/2014 - 18:32:36: "Big Mean Muther Hubbard<17><BOT><Red>" changed role to "scout"
L 10/07/2014 - 18:32:36: Assigned anonymous gameserver Steam ID [A:1:2756791301:4715].
L 10/07/2014 - 18:32:36: "Big Mean Muther Hubbard<17><BOT><Red>" changed name to "Force of Nature"
L 10/07/2014 - 18:32:36: CTFGCServerSystem - removing listener to old Steam ID [A:1:2704415751:4715]
L 10/07/2014 - 18:32:36: VAC secure mode disabled.
L 10/07/2014 - 18:32:36: "Crazed Gunman<18><BOT><>" connected, address "none"
L 10/07/2014 - 18:32:36: "<18><BOT><>" entered the game
L 10/07/2014 - 18:32:36: "Crazed Gunman<18><BOT><Unassigned>" joined team "Red"
L 10/07/2014 - 18:32:36: "Crazed Gunman<18><BOT><Red>" changed role to "scout"
L 10/07/2014 - 18:32:36: "Crazed Gunman<18><BOT><Red>" changed name to "Grim Bloody Fable"
