L 10/08/2014 - 14:02:03: Log file started (file "logs/L1008017.log") (game "/home/tf2/hlserver/tf2/tf") (version "2426090")
L 10/08/2014 - 14:02:03: server_cvar: "sv_cheats" "1"
L 10/08/2014 - 14:02:03: "Humans Are Weak<2><BOT><>" connected, address "none"
L 10/08/2014 - 14:02:03: "<2><BOT><>" entered the game
L 10/08/2014 - 14:02:03: "Humans Are Weak<2><BOT><Unassigned>" joined team "Red"
L 10/08/2014 - 14:02:03: "Humans Are Weak<2><BOT><Red>" changed role to "scout"
L 10/08/2014 - 14:02:03: "Humans Are Weak<2><BOT><Red>" changed name to "AimBot"
L 10/08/2014 - 14:02:03: Sending CMsgGameServerMatchmakingStatus (state=ServerMatchmakingState_NOT_PARTICIPATING)
L 10/08/2014 - 14:02:04: "C++<3><BOT><>" connected, address "none"
L 10/08/2014 - 14:02:04: "<3><BOT><>" entered the game
L 10/08/2014 - 14:02:04: "C++<3><BOT><Unassigned>" joined team "Blue"
L 10/08/2014 - 14:02:04: "C++<3><BOT><Blue>" changed role to "scout"
L 10/08/2014 - 14:02:04: "C++<3><BOT><Blue>" changed name to "GutsAndGlory!"
L 10/08/2014 - 14:02:04: Connection to Steam servers successful.
L 10/08/2014 - 14:02:04:    Public IP is 68.110.44.24.
L 10/08/2014 - 14:02:04: Assigned anonymous gameserver Steam ID [A:1:3855568901:4717].
L 10/08/2014 - 14:02:04: "Nobody<4><BOT><>" connected, address "none"
L 10/08/2014 - 14:02:04: "<4><BOT><>" entered the game
L 10/08/2014 - 14:02:04: "Nobody<4><BOT><Unassigned>" joined team "Blue"
L 10/08/2014 - 14:02:04: "Nobody<4><BOT><Blue>" changed role to "scout"
L 10/08/2014 - 14:02:04: "Nobody<4><BOT><Blue>" changed name to "Saxton Hale"
L 10/08/2014 - 14:02:04: VAC secure mode is activated.
L 10/08/2014 - 14:02:04: "RageQuit<5><BOT><>" connected, address "none"
L 10/08/2014 - 14:02:04: "<5><BOT><>" entered the game
L 10/08/2014 - 14:02:04: "RageQuit<5><BOT><Unassigned>" joined team "Red"
L 10/08/2014 - 14:02:04: "RageQuit<5><BOT><Red>" changed role to "engineer"
L 10/08/2014 - 14:02:04: tf_server_identity_account_id not set; not logging into registered account
L 10/08/2014 - 14:02:04: "RageQuit<5><BOT><Red>" changed name to "Screamin' Eagles"
L 10/08/2014 - 14:02:04: "Ze Ubermensch<6><BOT><>" connected, address "none"
L 10/08/2014 - 14:02:04: "<6><BOT><>" entered the game
L 10/08/2014 - 14:02:04: "Ze Ubermensch<6><BOT><Unassigned>" joined team "Blue"
L 10/08/2014 - 14:02:04: "Ze Ubermensch<6><BOT><Blue>" changed role to "pyro"
L 10/08/2014 - 14:02:04: "Ze Ubermensch<6><BOT><Blue>" changed name to "Maggot"
L 10/08/2014 - 14:02:05: "CRITRAWKETS<7><BOT><>" connected, address "none"
L 10/08/2014 - 14:02:05: "<7><BOT><>" entered the game
L 10/08/2014 - 14:02:05: "CRITRAWKETS<7><BOT><Unassigned>" joined team "Red"
L 10/08/2014 - 14:02:05: "CRITRAWKETS<7><BOT><Red>" changed role to "demoman"
L 10/08/2014 - 14:02:05: "CRITRAWKETS<7><BOT><Red>" changed name to "Herr Doktor"
L 10/08/2014 - 14:02:05: "Gentlemanne of Leisure<8><BOT><>" connected, address "none"
L 10/08/2014 - 14:02:05: "<8><BOT><>" entered the game
L 10/08/2014 - 14:02:05: "Gentlemanne of Leisure<8><BOT><Unassigned>" joined team "Blue"
L 10/08/2014 - 14:02:05: "Gentlemanne of Leisure<8><BOT><Blue>" changed role to "medic"
L 10/08/2014 - 14:02:05: "Gentlemanne of Leisure<8><BOT><Blue>" changed name to "Companion Cube"
L 10/08/2014 - 14:02:05: "Target Practice<9><BOT><>" connected, address "none"
L 10/08/2014 - 14:02:05: "<9><BOT><>" entered the game
L 10/08/2014 - 14:02:05: "Target Practice<9><BOT><Unassigned>" joined team "Red"
L 10/08/2014 - 14:02:05: "Target Practice<9><BOT><Red>" changed role to "medic"
L 10/08/2014 - 14:02:05: "Target Practice<9><BOT><Red>" changed name to "One-Man Cheeseburger Apocalypse"
L 10/08/2014 - 14:02:06: "Data Wizard<10><[U:1:197413154]><>" connected, address "192.168.1.116:27005"
L 10/08/2014 - 14:02:06: "splunk> I'm too ESXi<11><[U:1:197340902]><>" connected, address "192.168.1.101:27005"
L 10/08/2014 - 14:02:07: "Data Wizard<10><[U:1:197413154]><>" STEAM USERID validated
L 10/08/2014 - 14:02:07: "splunk> I'm too ESXi<11><[U:1:197340902]><>" STEAM USERID validated
L 10/08/2014 - 14:02:07: "splunk> security warrior<12><[U:1:229722400]><>" connected, address "192.168.1.113:27005"
L 10/08/2014 - 14:02:07: "splunk> security warrior<12><[U:1:229722400]><>" STEAM USERID validated
L 10/08/2014 - 14:02:07: "Splunk> | bombs FTW<13><[U:1:197298622]><>" connected, address "192.168.1.108:27005"
L 10/08/2014 - 14:02:08: "Splunk> | bombs FTW<13><[U:1:197298622]><>" STEAM USERID validated
L 10/08/2014 - 14:02:08: server_cvar: "tf_bot_count" "8"
L 10/08/2014 - 14:02:08: server_cvar: "sv_tags" "bots,cp"
L 10/08/2014 - 14:02:10: "Data Wizard<10><[U:1:197413154]><>" entered the game
L 10/08/2014 - 14:02:10: "splunk> I'm too ESXi<11><[U:1:197340902]><>" entered the game
L 10/08/2014 - 14:02:10: "Screamin' Eagles<5><BOT><Red>" triggered "player_builtobject" (object "OBJ_TELEPORTER") (position "2494 1004 -192")
L 10/08/2014 - 14:02:10: "splunk> security warrior<12><[U:1:229722400]><>" entered the game
L 10/08/2014 - 14:02:11: "Splunk> | bombs FTW<13><[U:1:197298622]><>" entered the game
L 10/08/2014 - 14:02:15: "splunk> I'm too ESXi<11><[U:1:197340902]><Unassigned>" joined team "Blue"
L 10/08/2014 - 14:02:15: "splunk> security warrior<12><[U:1:229722400]><Unassigned>" joined team "Red"
L 10/08/2014 - 14:02:18: "=(e)=™ Colonel Panic<14><[U:1:12110320]><>" connected, address "192.168.1.122:27005"
L 10/08/2014 - 14:02:18: "=(e)=™ Colonel Panic<14><[U:1:12110320]><>" STEAM USERID validated
L 10/08/2014 - 14:02:18: "Splunk> | bombs FTW<13><[U:1:197298622]><Unassigned>" joined team "Blue"
L 10/08/2014 - 14:02:18: "Saxton Hale<4><BOT><Blue>" stuck (position "-1654.26 1633.47 -255.88") (duration "2.52") L 10/08/2014 - 14:02:18:    path_goal ( "-216.00 2792.00 -247.97" )
L 10/08/2014 - 14:02:19: "GutsAndGlory!<3><BOT><Blue>" stuck (position "-1627.21 1633.47 -255.91") (duration "2.52") L 10/08/2014 - 14:02:19:    path_goal ( "-216.00 2792.00 -247.97" )
L 10/08/2014 - 14:02:21: "Saxton Hale<4><BOT><Blue>" stuck (position "-1635.90 1633.47 -255.89") (duration "2.52") L 10/08/2014 - 14:02:21:    path_goal ( "-216.00 2792.00 -247.97" )
L 10/08/2014 - 14:02:21: "splunk> security warrior<12><[U:1:229722400]><Red>" changed role to "demoman"
L 10/08/2014 - 14:02:22: "GutsAndGlory!<3><BOT><Blue>" stuck (position "-1627.21 1633.47 -255.89") (duration "2.52") L 10/08/2014 - 14:02:22:    path_goal ( "-216.00 2792.00 -247.97" )
L 10/08/2014 - 14:02:22: "Maggot<6><BOT><Blue>" stuck (position "-1627.64 1633.47 -255.89") (duration "3.36") L 10/08/2014 - 14:02:22:    path_goal ( "-216.00 2792.00 -247.97" )
L 10/08/2014 - 14:02:23: "=(e)=™ Colonel Panic<14><[U:1:12110320]><>" entered the game
L 10/08/2014 - 14:02:24: "Saxton Hale<4><BOT><Blue>" stuck (position "-1627.21 1633.47 -255.89") (duration "2.52") L 10/08/2014 - 14:02:24:    path_goal ( "-216.00 2792.00 -247.97" )
L 10/08/2014 - 14:02:24: "splunk> I'm too ESXi<11><[U:1:197340902]><Blue>" changed role to "engineer"
L 10/08/2014 - 14:02:24: "GutsAndGlory!<3><BOT><Blue>" stuck (position "-1627.19 1633.47 -255.89") (duration "2.52") L 10/08/2014 - 14:02:24:    path_goal ( "-216.00 2792.00 -247.97" )
L 10/08/2014 - 14:02:25: "Maggot<6><BOT><Blue>" stuck (position "-1627.21 1633.47 -255.90") (duration "3.36") L 10/08/2014 - 14:02:25:    path_goal ( "-216.00 2792.00 -247.97" )
L 10/08/2014 - 14:02:26: "Slysdexia<15><[U:1:12012915]><>" connected, address "192.168.1.126:27005"
L 10/08/2014 - 14:02:26: "Saxton Hale<4><BOT><Blue>" stuck (position "-1627.55 1633.47 -255.89") (duration "2.52") L 10/08/2014 - 14:02:26:    path_goal ( "-216.00 2792.00 -247.97" )
L 10/08/2014 - 14:02:26: "Slysdexia<15><[U:1:12012915]><>" STEAM USERID validated
L 10/08/2014 - 14:02:27: "GutsAndGlory!<3><BOT><Blue>" stuck (position "-1637.66 1633.47 -255.89") (duration "2.52") L 10/08/2014 - 14:02:27:    path_goal ( "-216.00 2792.00 -247.97" )
L 10/08/2014 - 14:02:28: "Maggot<6><BOT><Blue>" stuck (position "-1665.87 1633.47 -255.95") (duration "3.36") L 10/08/2014 - 14:02:28:    path_goal ( "-216.00 2792.00 -247.97" )
L 10/08/2014 - 14:02:29: "Saxton Hale<4><BOT><Blue>" stuck (position "-1631.51 1633.47 -255.90") (duration "2.52") L 10/08/2014 - 14:02:29:    path_goal ( "-216.00 2792.00 -247.97" )
L 10/08/2014 - 14:02:29: "GutsAndGlory!<3><BOT><Blue>" stuck (position "-1643.89 1633.47 -255.92") (duration "2.52") L 10/08/2014 - 14:02:29:    path_goal ( "-216.00 2792.00 -247.97" )
L 10/08/2014 - 14:02:30: "Splunk> | bombs FTW<13><[U:1:197298622]><Blue>" changed role to "scout"
L 10/08/2014 - 14:02:30: "Screamin' Eagles<5><BOT><Red>" triggered "player_builtobject" (object "OBJ_SENTRYGUN") (position "7 2231 -277")
L 10/08/2014 - 14:02:31: "Saxton Hale<4><BOT><Blue>" stuck (position "-1645.92 1633.47 -255.91") (duration "2.52") L 10/08/2014 - 14:02:31:    path_goal ( "-216.00 2792.00 -247.97" )
L 10/08/2014 - 14:02:31: "Slysdexia<15><[U:1:12012915]><>" entered the game
L 10/08/2014 - 14:02:32: "GutsAndGlory!<3><BOT><Blue>" stuck (position "-1662.83 1633.47 -255.96") (duration "2.52") L 10/08/2014 - 14:02:32:    path_goal ( "-216.00 2792.00 -247.97" )
L 10/08/2014 - 14:02:32: "Maggot<6><BOT><Blue>" stuck (position "-1628.99 1633.47 -255.90") (duration "3.36") L 10/08/2014 - 14:02:32:    path_goal ( "-216.00 2792.00 -247.97" )
L 10/08/2014 - 14:02:34: World triggered "Round_Start"
L 10/08/2014 - 14:02:34: World triggered "Round_Setup_Begin"
L 10/08/2014 - 14:02:34: World triggered "Mini_Round_Selected" (round "round_1")
L 10/08/2014 - 14:02:34: World triggered "Mini_Round_Start"
L 10/08/2014 - 14:02:44: "Slysdexia<15><[U:1:12012915]><Unassigned>" joined team "Red"
L 10/08/2014 - 14:02:46: "Data Wizard<10><[U:1:197413154]><Unassigned>" joined team "Blue"
L 10/08/2014 - 14:02:48: "Data Wizard<10><[U:1:197413154]><Blue>" changed role to "pyro"
L 10/08/2014 - 14:02:51: "Data Warrior<16><[U:1:197468749]><>" connected, address "192.168.1.109:27005"
L 10/08/2014 - 14:02:51: "=(e)=™ Colonel Panic<14><[U:1:12110320]><Unassigned>" joined team "Blue"
L 10/08/2014 - 14:02:51: "Data Warrior<16><[U:1:197468749]><>" STEAM USERID validated
L 10/08/2014 - 14:02:54: "Data Warrior<16><[U:1:197468749]><>" entered the game
L 10/08/2014 - 14:02:55: "AimBot<2><BOT><Red>" stuck (position "-88.60 2574.45 -247.97") (duration "2.52") L 10/08/2014 - 14:02:55:    path_goal ( "-125.00 2562.50 -251.97" )
L 10/08/2014 - 14:03:02: "=(e)=™ Colonel Panic<14><[U:1:12110320]><Blue>" changed role to "sniper"
L 10/08/2014 - 14:03:02: "Data Warrior<16><[U:1:197468749]><Unassigned>" joined team "Red"
L 10/08/2014 - 14:03:06: "Data Warrior<16><[U:1:197468749]><Red>" changed role to "sniper"
L 10/08/2014 - 14:03:09: "Screamin' Eagles<5><BOT><Red>" triggered "player_builtobject" (object "OBJ_SENTRYGUN") (position "-1249 2811 -249")
L 10/08/2014 - 14:03:16: "Slysdexia<15><[U:1:12012915]><Red>" changed role to "heavyweapons"
L 10/08/2014 - 14:03:26: "Splunk Wizard<17><[U:1:197422767]><>" connected, address "192.168.1.115:27005"
L 10/08/2014 - 14:03:27: "Splunk Wizard<17><[U:1:197422767]><>" STEAM USERID validated
L 10/08/2014 - 14:03:34: World triggered "Round_Setup_End"
L 10/08/2014 - 14:03:39: "Screamin' Eagles<5><BOT><Red>" killed "Splunk> | bombs FTW<13><[U:1:197298622]><Blue>" with "obj_sentrygun2" (attacker_position "-1313 2823 -246") (victim_position "-2233 2989 -270")
L 10/08/2014 - 14:03:41: "Splunk Wizard<17><[U:1:197422767]><>" entered the game
L 10/08/2014 - 14:03:42: "Companion Cube<8><BOT><Blue>" triggered "chargedeployed"
L 10/08/2014 - 14:03:48: "Data Wizard<10><[U:1:197413154]><Blue>" triggered "killedobject" (object "OBJ_SENTRYGUN") (weapon "flamethrower") (objectowner "Screamin' Eagles<5><BOT><Red>") (attacker_position "-1294 2897 -252")
L 10/08/2014 - 14:03:48: "Companion Cube<8><BOT><Blue>" triggered "killedobject" (object "OBJ_SENTRYGUN") (objectowner "Screamin' Eagles<5><BOT><Red>") (assist "1") (assister_position "-1413 2916 -255") (attacker_position "-1294 2897 -252")
L 10/08/2014 - 14:03:53: "Herr Doktor<7><BOT><Red>" killed "GutsAndGlory!<3><BOT><Blue>" with "tf_projectile_pipe" (attacker_position "288 2261 -255") (victim_position "-1182 2434 -417")
L 10/08/2014 - 14:03:53: "Slysdexia<15><[U:1:12012915]><Red>" triggered "kill assist" against "GutsAndGlory!<3><BOT><Blue>" (assister_position "-58 2309 -288") (attacker_position "288 2261 -255") (victim_position "-1182 2434 -417")
L 10/08/2014 - 14:03:53: "GutsAndGlory!<3><BOT><Blue>" changed role to "pyro"
L 10/08/2014 - 14:03:54: "Data Warrior<16><[U:1:197468749]><Red>" killed "Saxton Hale<4><BOT><Blue>" with "sniperrifle" (attacker_position "-519 2236 -413") (victim_position "-1141 2551 -415")
L 10/08/2014 - 14:03:54: "Herr Doktor<7><BOT><Red>" triggered "kill assist" against "Saxton Hale<4><BOT><Blue>" (assister_position "276 2203 -255") (attacker_position "-519 2236 -413") (victim_position "-1141 2551 -415")
L 10/08/2014 - 14:03:54: "Saxton Hale<4><BOT><Blue>" changed role to "heavyweapons"
L 10/08/2014 - 14:03:54: "One-Man Cheeseburger Apocalypse<9><BOT><Red>" triggered "chargedeployed"
L 10/08/2014 - 14:03:55: "Splunk Wizard<17><[U:1:197422767]><Unassigned>" joined team "Red"
L 10/08/2014 - 14:03:55: "Companion Cube<8><BOT><Blue>" killed "AimBot<2><BOT><Red>" with "syringegun_medic" (attacker_position "-191 2740 -240") (victim_position "-273 2732 -142")
L 10/08/2014 - 14:03:55: "Data Wizard<10><[U:1:197413154]><Blue>" triggered "kill assist" against "AimBot<2><BOT><Red>" (assister_position "-65 2626 -247") (attacker_position "-191 2740 -240") (victim_position "-273 2732 -142")
L 10/08/2014 - 14:03:55: "AimBot<2><BOT><Red>" changed role to "engineer"
L 10/08/2014 - 14:03:59: "Splunk Wizard<17><[U:1:197422767]><Red>" changed role to "pyro"
L 10/08/2014 - 14:04:00: "Slysdexia<15><[U:1:12012915]><Red>" triggered "medic_death" against "Companion Cube<8><BOT><Blue>" (healing "866") (ubercharge "0")
L 10/08/2014 - 14:04:00: "Slysdexia<15><[U:1:12012915]><Red>" killed "Companion Cube<8><BOT><Blue>" with "natascha" (attacker_position "151 2285 -258") (victim_position "36 2579 -255")
L 10/08/2014 - 14:04:00: "One-Man Cheeseburger Apocalypse<9><BOT><Red>" triggered "kill assist" against "Companion Cube<8><BOT><Blue>" (assister_position "208 2162 -256") (attacker_position "151 2285 -258") (victim_position "36 2579 -255")
L 10/08/2014 - 14:04:01: "Data Wizard<10><[U:1:197413154]><Blue>" killed "Screamin' Eagles<5><BOT><Red>" with "flamethrower" (attacker_position "26 2197 -274") (victim_position "47 2364 -277")
L 10/08/2014 - 14:04:01: "Maggot<6><BOT><Blue>" triggered "kill assist" against "Screamin' Eagles<5><BOT><Red>" (assister_position "-2046 2324 -444") (attacker_position "26 2197 -274") (victim_position "47 2364 -277")
L 10/08/2014 - 14:04:01: "Data Wizard<10><[U:1:197413154]><Blue>" killed "Herr Doktor<7><BOT><Red>" with "flamethrower" (attacker_position "7 2206 -277") (victim_position "-14 2406 -255")
L 10/08/2014 - 14:04:03: "splunk> security warrior<12><[U:1:229722400]><Red>" killed "Data Wizard<10><[U:1:197413154]><Blue>" with "tf_projectile_pipe" (attacker_position "138 1811 -268") (victim_position "-126 2583 -247")
L 10/08/2014 - 14:04:03: "Slysdexia<15><[U:1:12012915]><Red>" triggered "kill assist" against "Data Wizard<10><[U:1:197413154]><Blue>" (assister_position "84 2029 -285") (attacker_position "138 1811 -268") (victim_position "-126 2583 -247")
L 10/08/2014 - 14:04:14: "Maggot<6><BOT><Blue>" killed "Data Warrior<16><[U:1:197468749]><Red>" with "flamethrower" (attacker_position "-526 2200 -415") (victim_position "-366 2188 -415")
L 10/08/2014 - 14:04:18: "AimBot<2><BOT><Red>" triggered "player_builtobject" (object "OBJ_TELEPORTER") (position "2367 1023 -195")
L 10/08/2014 - 14:04:21: "Slysdexia<15><[U:1:12012915]><Red>" killed "splunk> I'm too ESXi<11><[U:1:197340902]><Blue>" with "natascha" (attacker_position "-647 2810 -255") (victim_position "-1098 2836 -255")
L 10/08/2014 - 14:04:21: "One-Man Cheeseburger Apocalypse<9><BOT><Red>" triggered "kill assist" against "splunk> I'm too ESXi<11><[U:1:197340902]><Blue>" (assister_position "-527 2902 -247") (attacker_position "-647 2810 -255") (victim_position "-1098 2836 -255")
L 10/08/2014 - 14:04:21: "=(e)=™ Colonel Panic<14><[U:1:12110320]><Blue>" triggered "medic_death" against "One-Man Cheeseburger Apocalypse<9><BOT><Red>" (healing "1227") (ubercharge "0")
L 10/08/2014 - 14:04:21: "=(e)=™ Colonel Panic<14><[U:1:12110320]><Blue>" killed "One-Man Cheeseburger Apocalypse<9><BOT><Red>" with "tf_projectile_arrow" (customkill "headshot") (attacker_position "-1711 1954 -243") (victim_position "-512 2880 -247")
L 10/08/2014 - 14:04:24: "Slysdexia<15><[U:1:12012915]><Red>" triggered "captureblocked" (cp "0") (cpname "#Dustbowl_cap_1_A") (position "-637 2808 -255")
L 10/08/2014 - 14:04:24: "Slysdexia<15><[U:1:12012915]><Red>" killed "Maggot<6><BOT><Blue>" with "natascha" (attacker_position "-637 2808 -255") (victim_position "-342 2840 -247")
L 10/08/2014 - 14:04:24: "Splunk Wizard<17><[U:1:197422767]><Red>" triggered "kill assist" against "Maggot<6><BOT><Blue>" (assister_position "-310 2901 -247") (attacker_position "-637 2808 -255") (victim_position "-342 2840 -247")
L 10/08/2014 - 14:04:24: "Maggot<6><BOT><Blue>" changed role to "scout"
L 10/08/2014 - 14:04:26: "Saxton Hale<4><BOT><Blue>" killed "splunk> security warrior<12><[U:1:229722400]><Red>" with "minigun" (attacker_position "-2120 2910 -255") (victim_position "-1333 2812 -246")
L 10/08/2014 - 14:04:26: "Maggot<6><BOT><Blue>" triggered "kill assist" against "splunk> security warrior<12><[U:1:229722400]><Red>" (assister_position "-325 2821 -154") (attacker_position "-2120 2910 -255") (victim_position "-1333 2812 -246")
L 10/08/2014 - 14:04:28: "splunk> I'm too ESXi<11><[U:1:197340902]><Blue>" disconnected (reason "Disconnect by user.")
L 10/08/2014 - 14:04:28: "Slysdexia<15><[U:1:12012915]><Red>" triggered "captureblocked" (cp "0") (cpname "#Dustbowl_cap_1_A") (position "-278 2767 -240")
L 10/08/2014 - 14:04:29: "GutsAndGlory!<3><BOT><Blue>" stuck (position "-2025.66 2471.97 -436.74") (duration "3.38") L 10/08/2014 - 14:04:29:    path_goal ( "-2025.00 2575.00 -258.64" )
L 10/08/2014 - 14:04:31: "=(e)=™ Colonel Panic<14><[U:1:12110320]><Blue>" triggered "jarate_attack" against "Splunk Wizard<17><[U:1:197422767]><Red>" with "tf_weapon_jar" (attacker_position "-1833 2089 -235") (victim_position "-1534 2437 -447")
L 10/08/2014 - 14:04:31: "GutsAndGlory!<3><BOT><Blue>" killed "Splunk Wizard<17><[U:1:197422767]><Red>" with "flamethrower" (attacker_position "-1595 2445 -447") (victim_position "-1547 2428 -447")
L 10/08/2014 - 14:04:31: "=(e)=™ Colonel Panic<14><[U:1:12110320]><Blue>" triggered "kill assist" against "Splunk Wizard<17><[U:1:197422767]><Red>" (assister_position "-1868 2055 -238") (attacker_position "-1595 2445 -447") (victim_position "-1547 2428 -447")
L 10/08/2014 - 14:04:35: "splunk> security warrior<12><[U:1:229722400]><Red>" changed role to "engineer"
L 10/08/2014 - 14:04:37: "Data Wizard<10><[U:1:197413154]><Blue>" killed "Slysdexia<15><[U:1:12012915]><Red>" with "flamethrower" (attacker_position "-104 2720 -247") (victim_position "-56 2706 -247")
L 10/08/2014 - 14:04:38: Team "Blue" triggered "pointcaptured" (cp "0") (cpname "#Dustbowl_cap_1_A") (numcappers "1") (player1 "Data Wizard<10><[U:1:197413154]><Blue>") (position1 "-174 2812 -240") 
L 10/08/2014 - 14:04:46: "Screamin' Eagles<5><BOT><Red>" triggered "player_builtobject" (object "OBJ_SENTRYGUN") (position "1698 1975 -191")
L 10/08/2014 - 14:04:48: "GutsAndGlory!<3><BOT><Blue>" killed "Herr Doktor<7><BOT><Red>" with "flamethrower" (attacker_position "40 2798 -254") (victim_position "93 2683 -255")
L 10/08/2014 - 14:04:51: "GutsAndGlory!<3><BOT><Blue>" killed "AimBot<2><BOT><Red>" with "flamethrower" (attacker_position "407 2221 -255") (victim_position "617 2159 -256")
L 10/08/2014 - 14:04:51: "AimBot<2><BOT><Red>" changed role to "spy"
L 10/08/2014 - 14:04:55: "Screamin' Eagles<5><BOT><Red>" triggered "medic_death" against "Companion Cube<8><BOT><Blue>" (healing "215") (ubercharge "0")
L 10/08/2014 - 14:04:55: "Screamin' Eagles<5><BOT><Red>" killed "Companion Cube<8><BOT><Blue>" with "obj_sentrygun" (attacker_position "1678 1427 -176") (victim_position "1959 2482 -195")
L 10/08/2014 - 14:04:58: "Slysdexia<15><[U:1:12012915]><Red>" committed suicide with "world" (attacker_position "2299 1531 -223")
L 10/08/2014 - 14:04:58: Team "Blue" triggered "pointcaptured" (cp "1") (cpname "#Dustbowl_cap_1_B") (numcappers "1") (player1 "Data Wizard<10><[U:1:197413154]><Blue>") (position1 "2286 2289 -136") 
L 10/08/2014 - 14:04:58: World triggered "Mini_Round_Win" (winner "Blue") (round "round_1")
L 10/08/2014 - 14:04:58: World triggered "Mini_Round_Length" (seconds "144.69")
L 10/08/2014 - 14:05:01: "GutsAndGlory!<3><BOT><Blue>" triggered "killedobject" (object "OBJ_SENTRYGUN") (weapon "flamethrower") (objectowner "Screamin' Eagles<5><BOT><Red>") (attacker_position "1628 2166 -192")
L 10/08/2014 - 14:05:04: "GutsAndGlory!<3><BOT><Blue>" killed "splunk> security warrior<12><[U:1:229722400]><Red>" with "flamethrower" (attacker_position "1814 1673 -191") (victim_position "1675 1522 -178")
L 10/08/2014 - 14:05:04: "Data Wizard<10><[U:1:197413154]><Blue>" triggered "kill assist" against "splunk> security warrior<12><[U:1:229722400]><Red>" (assister_position "1957 1130 -206") (attacker_position "1814 1673 -191") (victim_position "1675 1522 -178")
L 10/08/2014 - 14:05:09: "GutsAndGlory!<3><BOT><Blue>" killed "Screamin' Eagles<5><BOT><Red>" with "flamethrower" (attacker_position "2418 938 -176") (victim_position "2588 720 -191")
L 10/08/2014 - 14:05:09: "Screamin' Eagles<5><BOT><Red>" changed role to "scout"
L 10/08/2014 - 14:05:10: "GutsAndGlory!<3><BOT><Blue>" triggered "killedobject" (object "OBJ_TELEPORTER") (weapon "flamethrower") (objectowner "AimBot<2><BOT><Red>") (attacker_position "2287 882 -191")
L 10/08/2014 - 14:05:13: World triggered "Round_Setup_Begin"
L 10/08/2014 - 14:05:13: World triggered "Mini_Round_Selected" (round "round_2")
L 10/08/2014 - 14:05:13: World triggered "Mini_Round_Start"
L 10/08/2014 - 14:05:22: "splunk> security warrior<12><[U:1:229722400]><Red>" triggered "player_builtobject" (object "OBJ_DISPENSER") (position "-2049 -1660 -191")
L 10/08/2014 - 14:05:52: "AimBot<2><BOT><Red>" stuck (position "2239.49 185.92 -268.50") (duration "3.68") L 10/08/2014 - 14:05:52:    path_goal ( "2437.50 1025.00 -198.54" )
L 10/08/2014 - 14:05:52: "AimBot<2><BOT><Red>" stuck (position "2212.68 202.42 -243.20") (duration "3.78") L 10/08/2014 - 14:05:52:    path_goal ( "2437.50 1025.00 -198.54" )
L 10/08/2014 - 14:05:53: "Screamin' Eagles<5><BOT><Red>" stuck (position "1703.60 -1408.34 -121.30") (duration "2.52") L 10/08/2014 - 14:05:53:    path_goal ( "1687.50 -1400.00 -122.85" )
L 10/08/2014 - 14:05:57: "AimBot<2><BOT><Red>" stuck (position "2257.29 234.47 -304.07") (duration "3.88") L 10/08/2014 - 14:05:57:    path_goal ( "2437.50 1025.00 -198.54" )
L 10/08/2014 - 14:05:57: "AimBot<2><BOT><Red>" stuck (position "2254.70 234.47 -291.11") (duration "3.99") L 10/08/2014 - 14:05:57:    path_goal ( "2437.50 1025.00 -198.54" )
L 10/08/2014 - 14:06:02: "AimBot<2><BOT><Red>" stuck (position "2238.52 234.47 -304.23") (duration "3.57") L 10/08/2014 - 14:06:02:    path_goal ( "2437.50 1025.00 -198.54" )
L 10/08/2014 - 14:06:02: "AimBot<2><BOT><Red>" stuck (position "2236.42 234.47 -291.11") (duration "3.67") L 10/08/2014 - 14:06:02:    path_goal ( "2437.50 1025.00 -198.54" )
L 10/08/2014 - 14:06:06: "AimBot<2><BOT><Red>" stuck (position "2247.89 198.02 -279.22") (duration "3.68") L 10/08/2014 - 14:06:06:    path_goal ( "2437.50 1025.00 -198.54" )
L 10/08/2014 - 14:06:06: "AimBot<2><BOT><Red>" stuck (position "2225.86 216.80 -266.66") (duration "3.78") L 10/08/2014 - 14:06:06:    path_goal ( "2437.50 1025.00 -198.54" )
L 10/08/2014 - 14:06:11: "AimBot<2><BOT><Red>" stuck (position "2232.97 234.47 -304.28") (duration "3.57") L 10/08/2014 - 14:06:11:    path_goal ( "2437.50 1025.00 -198.54" )
L 10/08/2014 - 14:06:11: "AimBot<2><BOT><Red>" stuck (position "2225.37 234.47 -291.11") (duration "3.68") L 10/08/2014 - 14:06:11:    path_goal ( "2437.50 1025.00 -198.54" )
L 10/08/2014 - 14:06:13: World triggered "Round_Setup_End"
L 10/08/2014 - 14:06:14: "Data Wizard<10><[U:1:197413154]><Blue>" killed "AimBot<2><BOT><Red>" with "flamethrower" (attacker_position "2050 271 -321") (victim_position "2237 261 -317")
L 10/08/2014 - 14:06:14: "=(e)=™ Colonel Panic<14><[U:1:12110320]><Blue>" triggered "kill assist" against "AimBot<2><BOT><Red>" (assister_position "2327 358 -333") (attacker_position "2050 271 -321") (victim_position "2237 261 -317")
L 10/08/2014 - 14:06:14: "AimBot<2><BOT><Red>" changed role to "engineer"
L 10/08/2014 - 14:06:23: "Saxton Hale<4><BOT><Blue>" killed "Screamin' Eagles<5><BOT><Red>" with "minigun" (attacker_position "2081 180 -275") (victim_position "2150 -442 -206")
L 10/08/2014 - 14:06:23: "Data Wizard<10><[U:1:197413154]><Blue>" triggered "kill assist" against "Screamin' Eagles<5><BOT><Red>" (assister_position "2180 -967 -143") (attacker_position "2081 180 -275") (victim_position "2150 -442 -206")
L 10/08/2014 - 14:06:23: "Screamin' Eagles<5><BOT><Red>" changed role to "soldier"
L 10/08/2014 - 14:06:25: "Herr Doktor<7><BOT><Red>" killed "Data Wizard<10><[U:1:197413154]><Blue>" with "tf_projectile_pipe_remote" (attacker_position "1877 -940 -127") (victim_position "2391 -1190 -127")
L 10/08/2014 - 14:06:25: "Slysdexia<15><[U:1:12012915]><Red>" triggered "kill assist" against "Data Wizard<10><[U:1:197413154]><Blue>" (assister_position "1630 -1660 -142") (attacker_position "1877 -940 -127") (victim_position "2391 -1190 -127")
L 10/08/2014 - 14:06:25: "Maggot<6><BOT><Blue>" stuck (position "2209.93 -794.81 -158.21") (duration "2.52") L 10/08/2014 - 14:06:25:    path_goal ( "2247.40 -835.75 -111.97" )
L 10/08/2014 - 14:06:25: "Maggot<6><BOT><Blue>" stuck (position "2197.64 -800.69 -132.91") (duration "2.62") L 10/08/2014 - 14:06:25:    path_goal ( "NULL" )
L 10/08/2014 - 14:06:26: "Slysdexia<15><[U:1:12012915]><Red>" killed "Maggot<6><BOT><Blue>" with "natascha" (attacker_position "1657 -1618 -137") (victim_position "2215 -836 -146")
L 10/08/2014 - 14:06:26: "One-Man Cheeseburger Apocalypse<9><BOT><Red>" triggered "kill assist" against "Maggot<6><BOT><Blue>" (assister_position "1587 -1729 -142") (attacker_position "1657 -1618 -137") (victim_position "2215 -836 -146")
L 10/08/2014 - 14:06:26: "Maggot<6><BOT><Blue>" changed role to "pyro"
L 10/08/2014 - 14:06:27: "Saxton Hale<4><BOT><Blue>" killed "Splunk Wizard<17><[U:1:197422767]><Red>" with "minigun" (attacker_position "2214 -88 -202") (victim_position "1432 -167 -32")
L 10/08/2014 - 14:06:28: "Splunk hax0r<18><[U:1:197368576]><>" connected, address "192.168.1.105:27005"
L 10/08/2014 - 14:06:28: "Splunk hax0r<18><[U:1:197368576]><>" STEAM USERID validated
L 10/08/2014 - 14:06:31: "Splunk hax0r<18><[U:1:197368576]><>" entered the game
L 10/08/2014 - 14:06:32: "Companion Cube<8><BOT><Blue>" triggered "chargedeployed"
L 10/08/2014 - 14:06:32: "One-Man Cheeseburger Apocalypse<9><BOT><Red>" triggered "chargedeployed"
L 10/08/2014 - 14:06:32: "splunk> security warrior<12><[U:1:229722400]><Red>" triggered "player_builtobject" (object "OBJ_SENTRYGUN") (position "-2027 -1595 -191")
L 10/08/2014 - 14:06:37: "Slysdexia<15><[U:1:12012915]><Red>" killed "Saxton Hale<4><BOT><Blue>" with "natascha" (attacker_position "1942 -927 -127") (victim_position "2215 -351 -201")
L 10/08/2014 - 14:06:37: "One-Man Cheeseburger Apocalypse<9><BOT><Red>" triggered "kill assist" against "Saxton Hale<4><BOT><Blue>" (assister_position "1888 -1022 -122") (attacker_position "1942 -927 -127") (victim_position "2215 -351 -201")
L 10/08/2014 - 14:06:40: "AimBot<2><BOT><Red>" triggered "player_builtobject" (object "OBJ_TELEPORTER") (position "-2057 -1747 -188")
L 10/08/2014 - 14:06:41: "Splunk hax0r<18><[U:1:197368576]><Unassigned>" joined team "Blue"
L 10/08/2014 - 14:06:45: "GutsAndGlory!<3><BOT><Blue>" triggered "medic_death" against "One-Man Cheeseburger Apocalypse<9><BOT><Red>" (healing "917") (ubercharge "0")
L 10/08/2014 - 14:06:45: "GutsAndGlory!<3><BOT><Blue>" killed "One-Man Cheeseburger Apocalypse<9><BOT><Red>" with "flamethrower" (attacker_position "1737 -1117 -103") (victim_position "1754 -1069 -112")
L 10/08/2014 - 14:06:45: "Companion Cube<8><BOT><Blue>" triggered "kill assist" against "One-Man Cheeseburger Apocalypse<9><BOT><Red>" (assister_position "1802 -923 -127") (attacker_position "1737 -1117 -103") (victim_position "1754 -1069 -112")
L 10/08/2014 - 14:06:46: "Slysdexia<15><[U:1:12012915]><Red>" triggered "medic_death" against "Companion Cube<8><BOT><Blue>" (healing "263") (ubercharge "0")
L 10/08/2014 - 14:06:46: "Slysdexia<15><[U:1:12012915]><Red>" killed "Companion Cube<8><BOT><Blue>" with "natascha" (attacker_position "1642 -901 -122") (victim_position "1851 -1056 -120")
L 10/08/2014 - 14:06:48: "Splunk hax0r<18><[U:1:197368576]><Blue>" changed role to "soldier"
L 10/08/2014 - 14:06:50: "GutsAndGlory!<3><BOT><Blue>" killed "Slysdexia<15><[U:1:12012915]><Red>" with "flamethrower" (attacker_position "2070 -772 -167") (victim_position "2115 -714 -182")
L 10/08/2014 - 14:06:50: "Data Warrior<16><[U:1:197468749]><Red>" killed "GutsAndGlory!<3><BOT><Blue>" with "sniperrifle" (attacker_position "1537 -1722 -142") (victim_position "2060 -775 -167")
L 10/08/2014 - 14:06:50: "Slysdexia<15><[U:1:12012915]><Red>" triggered "kill assist" against "GutsAndGlory!<3><BOT><Blue>" (assister_position "2115 -714 -168") (attacker_position "1537 -1722 -142") (victim_position "2060 -775 -167")
L 10/08/2014 - 14:06:50: "GutsAndGlory!<3><BOT><Blue>" changed role to "demoman"
L 10/08/2014 - 14:06:58: "Herr Doktor<7><BOT><Red>" killed "=(e)=™ Colonel Panic<14><[U:1:12110320]><Blue>" with "tf_projectile_pipe" (attacker_position "2265 -1293 -130") (victim_position "2075 -1114 -142")
L 10/08/2014 - 14:07:00: "AimBot<2><BOT><Red>" triggered "player_builtobject" (object "OBJ_SENTRYGUN") (position "1934 -1733 -142")
L 10/08/2014 - 14:07:01: "Maggot<6><BOT><Blue>" stuck (position "2699.39 -1023.09 -10.58") (duration "3.38") L 10/08/2014 - 14:07:01:    path_goal ( "2675.00 -1050.00 -29.97" )
L 10/08/2014 - 14:07:02: "splunk> security warrior<12><[U:1:229722400]><Red>" triggered "player_carryobject" (object "OBJ_SENTRYGUN") (position "-2029 -1591 -191")
L 10/08/2014 - 14:07:02: "splunk> security warrior<12><[U:1:229722400]><Red>" triggered "player_dropobject" (object "OBJ_SENTRYGUN") (position "-2029 -1591 -191")
L 10/08/2014 - 14:07:02: "splunk> security warrior<12><[U:1:229722400]><Red>" triggered "player_builtobject" (object "OBJ_SENTRYGUN") (position "-2029 -1591 -191")
L 10/08/2014 - 14:07:07: "Data Wizard<10><[U:1:197413154]><Blue>" killed "Data Warrior<16><[U:1:197468749]><Red>" with "flamethrower" (attacker_position "2316 -835 0") (victim_position "2394 -916 0")
L 10/08/2014 - 14:07:12: "splunk> security warrior<12><[U:1:229722400]><Red>" triggered "player_carryobject" (object "OBJ_SENTRYGUN") (position "-2029 -1591 -191")
L 10/08/2014 - 14:07:13: "AimBot<2><BOT><Red>" killed "Data Wizard<10><[U:1:197413154]><Blue>" with "obj_sentrygun" (attacker_position "1951 -1550 -129") (victim_position "2538 -1477 171")
L 10/08/2014 - 14:07:13: "Screamin' Eagles<5><BOT><Red>" triggered "kill assist" against "Data Wizard<10><[U:1:197413154]><Blue>" (assister_position "2395 -1362 -56") (attacker_position "1951 -1550 -129") (victim_position "2538 -1477 171")
L 10/08/2014 - 14:07:15: "splunk> security warrior<12><[U:1:229722400]><Red>" triggered "object_detonated" (object "OBJ_SENTRYGUN") (position "-1996 -1720 -179")
L 10/08/2014 - 14:07:16: "Maggot<6><BOT><Blue>" stuck (position "2648.01 -1073.97 28.36") (duration "3.36") L 10/08/2014 - 14:07:16:    path_goal ( "2662.50 -1187.50 0.03" )
L 10/08/2014 - 14:07:17: "Saxton Hale<4><BOT><Blue>" killed "Screamin' Eagles<5><BOT><Red>" with "minigun" (attacker_position "2589 -1315 0") (victim_position "2200 -1595 5")
L 10/08/2014 - 14:07:17: "Screamin' Eagles<5><BOT><Red>" changed role to "demoman"
L 10/08/2014 - 14:07:22: "Herr Doktor<7><BOT><Red>" stuck (position "2427.80 -1699.81 -127.97") (duration "3.57") L 10/08/2014 - 14:07:22:    path_goal ( "2515.91 -1675.00 -40.20" )
L 10/08/2014 - 14:07:24: "Data Warrior<16><[U:1:197468749]><Red>" changed role to "soldier"
L 10/08/2014 - 14:07:29: "GutsAndGlory!<3><BOT><Blue>" killed "Splunk Wizard<17><[U:1:197422767]><Red>" with "tf_projectile_pipe" (attacker_position "2554 -1302 -127") (victim_position "2581 -1082 -127")
L 10/08/2014 - 14:07:29: "Splunk Wizard<17><[U:1:197422767]><Red>" killed "GutsAndGlory!<3><BOT><Blue>" with "flamethrower" (attacker_position "2581 -1082 -113") (victim_position "2552 -1325 -127")
L 10/08/2014 - 14:07:31: "splunk> security warrior<12><[U:1:229722400]><Red>" triggered "player_builtobject" (object "OBJ_SENTRYGUN") (position "-1911 -1600 -173")
L 10/08/2014 - 14:07:33: "Herr Doktor<7><BOT><Red>" stuck (position "2393.98 -1116.12 -127.97") (duration "3.57") L 10/08/2014 - 14:07:33:    path_goal ( "2525.00 -1100.00 0.03" )
L 10/08/2014 - 14:07:33: "Herr Doktor<7><BOT><Red>" stuck (position "2393.98 -1113.09 -127.97") (duration "3.68") L 10/08/2014 - 14:07:33:    path_goal ( "NULL" )
L 10/08/2014 - 14:07:37: "=(e)=™ Colonel Panic<14><[U:1:12110320]><Blue>" triggered "killedobject" (object "OBJ_SENTRYGUN") (weapon "huntsman") (objectowner "AimBot<2><BOT><Red>") (attacker_position "2016 -168 -203")
L 10/08/2014 - 14:07:41: "AimBot<2><BOT><Red>" stuck (position "2429.25 -1693.52 -127.97") (duration "3.36") L 10/08/2014 - 14:07:41:    path_goal ( "2515.91 -1675.00 -40.20" )
L 10/08/2014 - 14:07:41: "AimBot<2><BOT><Red>" stuck (position "2430.58 -1688.01 -102.66") (duration "3.46") L 10/08/2014 - 14:07:41:    path_goal ( "2515.91 -1675.00 -40.20" )
L 10/08/2014 - 14:07:42: "AimBot<2><BOT><Red>" stuck (position "2427.44 -1703.22 -127.97") (duration "0.42") L 10/08/2014 - 14:07:42:    path_goal ( "2125.00 -1800.00 -142.37" )
L 10/08/2014 - 14:07:46: Team "Blue" triggered "pointcaptured" (cp "2") (cpname "#Dustbowl_cap_2_A") (numcappers "1") (player1 "Splunk hax0r<18><[U:1:197368576]><Blue>") (position1 "2381 -1595 7") 
L 10/08/2014 - 14:07:49: "Herr Doktor<7><BOT><Red>" killed "Maggot<6><BOT><Blue>" with "tf_projectile_pipe" (attacker_position "2499 -1203 -127") (victim_position "2568 -1134 -127")
L 10/08/2014 - 14:07:49: "Maggot<6><BOT><Blue>" changed role to "demoman"
L 10/08/2014 - 14:07:54: "One-Man Cheeseburger Apocalypse<9><BOT><Red>" triggered "player_extinguished" against "Slysdexia<15><[U:1:12012915]><Red>" with "tf_weapon_medigun" (attacker_position "1175 -1317 -116") (victim_position "1073 -1675 -136")
L 10/08/2014 - 14:07:54: "Splunk hax0r<18><[U:1:197368576]><Blue>" killed "AimBot<2><BOT><Red>" with "tf_projectile_rocket" (attacker_position "1996 -1819 -139") (victim_position "1556 -1938 -127")
L 10/08/2014 - 14:07:57: "Data Wizard<10><[U:1:197413154]><Blue>" triggered "medic_death" against "One-Man Cheeseburger Apocalypse<9><BOT><Red>" (healing "660") (ubercharge "0")
L 10/08/2014 - 14:07:57: "Data Wizard<10><[U:1:197413154]><Blue>" killed "One-Man Cheeseburger Apocalypse<9><BOT><Red>" with "flamethrower" (attacker_position "1093 -1926 -127") (victim_position "1045 -1885 -129")
L 10/08/2014 - 14:07:58: "splunk> security warrior<12><[U:1:229722400]><Red>" triggered "player_carryobject" (object "OBJ_SENTRYGUN") (position "-1900 -1598 -170")
L 10/08/2014 - 14:08:02: "splunk> security warrior<12><[U:1:229722400]><Red>" triggered "player_dropobject" (object "OBJ_SENTRYGUN") (position "-1281 -1832 -157")
L 10/08/2014 - 14:08:02: "splunk> security warrior<12><[U:1:229722400]><Red>" triggered "player_builtobject" (object "OBJ_SENTRYGUN") (position "-1281 -1832 -157")
L 10/08/2014 - 14:08:03: "Saxton Hale<4><BOT><Blue>" killed "Data Warrior<16><[U:1:197468749]><Red>" with "minigun" (attacker_position "2287 -1302 -127") (victim_position "689 -1805 -127")
L 10/08/2014 - 14:08:03: "GutsAndGlory!<3><BOT><Blue>" killed "Slysdexia<15><[U:1:12012915]><Red>" with "tf_projectile_pipe" (attacker_position "1779 -1474 -127") (victim_position "1439 -1573 -130")
L 10/08/2014 - 14:08:05: "The Architect<19><[U:1:197287110]><>" connected, address "192.168.1.107:27005"
L 10/08/2014 - 14:08:05: "The Architect<19><[U:1:197287110]><>" STEAM USERID validated
L 10/08/2014 - 14:08:08: "The Architect<19><[U:1:197287110]><>" entered the game
L 10/08/2014 - 14:08:11: "splunk> security warrior<12><[U:1:229722400]><Red>" triggered "player_carryobject" (object "OBJ_SENTRYGUN") (position "-1319 -1840 -153")
L 10/08/2014 - 14:08:15: "The Architect<19><[U:1:197287110]><Unassigned>" joined team "Spectator"
L 10/08/2014 - 14:08:16: "Data Warrior<16><[U:1:197468749]><Red>" changed role to "scout"
L 10/08/2014 - 14:08:17: "GutsAndGlory!<3><BOT><Blue>" killed "Herr Doktor<7><BOT><Red>" with "tf_projectile_pipe" (attacker_position "2493 -1321 -127") (victim_position "2577 -922 -119")
L 10/08/2014 - 14:08:17: "Herr Doktor<7><BOT><Red>" changed role to "soldier"
L 10/08/2014 - 14:08:18: "splunk> security warrior<12><[U:1:229722400]><Red>" triggered "player_dropobject" (object "OBJ_SENTRYGUN") (position "-576 -2652 -115")
L 10/08/2014 - 14:08:18: "splunk> security warrior<12><[U:1:229722400]><Red>" triggered "player_builtobject" (object "OBJ_SENTRYGUN") (position "-576 -2652 -115")
L 10/08/2014 - 14:08:23: "GutsAndGlory!<3><BOT><Blue>" stuck (position "2214.90 -803.86 -155.17") (duration "3.57") L 10/08/2014 - 14:08:23:    path_goal ( "2247.40 -835.75 -111.97" )
L 10/08/2014 - 14:08:23: "GutsAndGlory!<3><BOT><Blue>" stuck (position "2215.13 -810.88 -129.87") (duration "3.68") L 10/08/2014 - 14:08:23:    path_goal ( "NULL" )
L 10/08/2014 - 14:08:24: "Screamin' Eagles<5><BOT><Red>" triggered "medic_death" against "Companion Cube<8><BOT><Blue>" (healing "628") (ubercharge "1")
L 10/08/2014 - 14:08:24: "Screamin' Eagles<5><BOT><Red>" killed "Companion Cube<8><BOT><Blue>" with "tf_projectile_pipe_remote" (attacker_position "-1369 -2740 -115") (victim_position "-1184 -1771 -159")
L 10/08/2014 - 14:08:24: "Splunk Wizard<17><[U:1:197422767]><Red>" triggered "kill assist" against "Companion Cube<8><BOT><Blue>" (assister_position "-372 -1782 -159") (attacker_position "-1369 -2740 -115") (victim_position "-1184 -1771 -159")
L 10/08/2014 - 14:08:28: "Splunk Wizard<17><[U:1:197422767]><Red>" triggered "player_extinguished" against "One-Man Cheeseburger Apocalypse<9><BOT><Red>" with "tf_weapon_flamethrower" (attacker_position "-898 -1823 -157") (victim_position "-871 -1771 -130")
L 10/08/2014 - 14:08:32: "Screamin' Eagles<5><BOT><Red>" killed "Data Wizard<10><[U:1:197413154]><Blue>" with "tf_projectile_pipe" (attacker_position "-1550 -1973 -38") (victim_position "-1693 -2074 -45")
L 10/08/2014 - 14:08:32: "splunk> security warrior<12><[U:1:229722400]><Red>" triggered "kill assist" against "Data Wizard<10><[U:1:197413154]><Blue>" (assister_position "-308 -2472 -113") (attacker_position "-1550 -1973 -38") (victim_position "-1693 -2074 -45")
L 10/08/2014 - 14:08:33: "Splunk hax0r<18><[U:1:197368576]><Blue>" triggered "killedobject" (object "OBJ_DISPENSER") (weapon "tf_projectile_rocket") (objectowner "splunk> security warrior<12><[U:1:229722400]><Red>") (attacker_position "-1442 -1642 -127")
L 10/08/2014 - 14:08:35: "Data Wizard<10><[U:1:197413154]><Blue>" killed "Screamin' Eagles<5><BOT><Red>" with "flamethrower" (attacker_position "-1693 -2074 -31") (victim_position "-1547 -1990 -38")
L 10/08/2014 - 14:08:35: "Screamin' Eagles<5><BOT><Red>" changed role to "sniper"
L 10/08/2014 - 14:08:36: "Maggot<6><BOT><Blue>" killed "AimBot<2><BOT><Red>" with "tf_projectile_pipe" (attacker_position "176 -1740 -135") (victim_position "-61 -1975 -151")
L 10/08/2014 - 14:08:39: "Slysdexia<15><[U:1:12012915]><Red>" killed "Splunk hax0r<18><[U:1:197368576]><Blue>" with "natascha" (attacker_position "-1415 -1676 -127") (victim_position "-1215 -2106 -123")
L 10/08/2014 - 14:08:39: "One-Man Cheeseburger Apocalypse<9><BOT><Red>" triggered "kill assist" against "Splunk hax0r<18><[U:1:197368576]><Blue>" (assister_position "-1354 -1862 -149") (attacker_position "-1415 -1676 -127") (victim_position "-1215 -2106 -123")
L 10/08/2014 - 14:08:40: "splunk> security warrior<12><[U:1:229722400]><Red>" killed "=(e)=™ Colonel Panic<14><[U:1:12110320]><Blue>" with "obj_sentrygun3" (attacker_position "-804 -2644 -127") (victim_position "11 -2488 -127")
L 10/08/2014 - 14:08:41: "Saxton Hale<4><BOT><Blue>" triggered "killedobject" (object "OBJ_SENTRYGUN") (weapon "minigun") (objectowner "splunk> security warrior<12><[U:1:229722400]><Red>") (attacker_position "111 -1766 -159")
L 10/08/2014 - 14:08:47: "Slysdexia<15><[U:1:12012915]><Red>" killed "Maggot<6><BOT><Blue>" with "natascha" (attacker_position "-1352 -1900 -148") (victim_position "-433 -1826 -159")
L 10/08/2014 - 14:08:47: "Maggot<6><BOT><Blue>" changed role to "engineer"
L 10/08/2014 - 14:08:47: "Data Warrior<16><[U:1:197468749]><Red>" killed "Saxton Hale<4><BOT><Blue>" with "scattergun" (attacker_position "-106 -1821 -159") (victim_position "-154 -1807 -159")
L 10/08/2014 - 14:08:47: "Slysdexia<15><[U:1:12012915]><Red>" triggered "kill assist" against "Saxton Hale<4><BOT><Blue>" (assister_position "-1353 -1900 -148") (attacker_position "-106 -1821 -159") (victim_position "-154 -1807 -159")
L 10/08/2014 - 14:08:47: "Saxton Hale<4><BOT><Blue>" changed role to "spy"
L 10/08/2014 - 14:08:52: "Splunk Wizard<17><[U:1:197422767]><Red>" killed "GutsAndGlory!<3><BOT><Blue>" with "flamethrower" (attacker_position "-712 -1517 0") (victim_position "-607 -1534 0")
L 10/08/2014 - 14:09:02: "Slysdexia<15><[U:1:12012915]><Red>" killed "Splunk> | bombs FTW<13><[U:1:197298622]><Blue>" with "natascha" (attacker_position "-50 -1902 -159") (victim_position "413 -2084 -121")
L 10/08/2014 - 14:09:02: "One-Man Cheeseburger Apocalypse<9><BOT><Red>" triggered "kill assist" against "Splunk> | bombs FTW<13><[U:1:197298622]><Blue>" (assister_position "-15 -1593 -127") (attacker_position "-50 -1902 -159") (victim_position "413 -2084 -121")
L 10/08/2014 - 14:09:06: "AimBot<2><BOT><Red>" triggered "player_builtobject" (object "OBJ_SENTRYGUN") (position "-894 -2409 -125")
L 10/08/2014 - 14:09:10: "Maggot<6><BOT><Blue>" triggered "player_builtobject" (object "OBJ_TELEPORTER") (position "2378 948 -188")
L 10/08/2014 - 14:09:11: "AimBot<2><BOT><Red>" triggered "player_builtobject" (object "OBJ_TELEPORTER") (position "-911 -2386 -126")
L 10/08/2014 - 14:09:14: "Data Wizard<10><[U:1:197413154]><Blue>" triggered "medic_death" against "One-Man Cheeseburger Apocalypse<9><BOT><Red>" (healing "824") (ubercharge "0")
L 10/08/2014 - 14:09:14: "Data Wizard<10><[U:1:197413154]><Blue>" killed "One-Man Cheeseburger Apocalypse<9><BOT><Red>" with "flamethrower" (attacker_position "876 -1838 -82") (victim_position "680 -1863 -127")
L 10/08/2014 - 14:09:14: "Companion Cube<8><BOT><Blue>" triggered "kill assist" against "One-Man Cheeseburger Apocalypse<9><BOT><Red>" (assister_position "909 -1870 -131") (attacker_position "876 -1838 -82") (victim_position "680 -1863 -127")
L 10/08/2014 - 14:09:19: "Companion Cube<8><BOT><Blue>" killed "Slysdexia<15><[U:1:12012915]><Red>" with "syringegun_medic" (attacker_position "776 -1670 -116") (victim_position "753 -1751 -127")
L 10/08/2014 - 14:09:19: "Data Wizard<10><[U:1:197413154]><Blue>" triggered "kill assist" against "Slysdexia<15><[U:1:12012915]><Red>" (assister_position "693 -1713 -127") (attacker_position "776 -1670 -116") (victim_position "753 -1751 -127")
L 10/08/2014 - 14:09:20: "splunk> security warrior<12><[U:1:229722400]><Red>" triggered "player_builtobject" (object "OBJ_SENTRYGUN") (position "-2044 -1660 -179")
L 10/08/2014 - 14:09:20: "Data Wizard<10><[U:1:197413154]><Blue>" killed "Data Warrior<16><[U:1:197468749]><Red>" with "flamethrower" (attacker_position "685 -1861 -127") (victim_position "687 -1551 -123")
L 10/08/2014 - 14:09:27: "AimBot<2><BOT><Red>" triggered "player_builtobject" (object "OBJ_DISPENSER") (position "-872 -2415 -124")
L 10/08/2014 - 14:09:28: "=(e)=™ Colonel Panic<14><[U:1:12110320]><Blue>" triggered "jarate_attack" against "Splunk Wizard<17><[U:1:197422767]><Red>" with "tf_weapon_jar" (attacker_position "535 -1361 -127") (victim_position "379 -1619 -127")
L 10/08/2014 - 14:09:28: "=(e)=™ Colonel Panic<14><[U:1:12110320]><Blue>" triggered "jarate_attack" against "Herr Doktor<7><BOT><Red>" with "tf_weapon_jar" (attacker_position "535 -1361 -127") (victim_position "390 -1596 -127")
L 10/08/2014 - 14:09:28: "Herr Doktor<7><BOT><Red>" killed "=(e)=™ Colonel Panic<14><[U:1:12110320]><Blue>" with "tf_projectile_rocket" (attacker_position "388 -1594 -127") (victim_position "535 -1361 -127")
L 10/08/2014 - 14:09:33: "Data Warrior<16><[U:1:197468749]><Red>" changed role to "pyro"
L 10/08/2014 - 14:09:34: "Splunk hax0r<18><[U:1:197368576]><Blue>" killed "Herr Doktor<7><BOT><Red>" with "tf_projectile_rocket" (attacker_position "830 -1817 -99") (victim_position "623 -1618 -126")
L 10/08/2014 - 14:09:34: "=(e)=™ Colonel Panic<14><[U:1:12110320]><Blue>" triggered "kill assist" against "Herr Doktor<7><BOT><Red>" (assister_position "535 -1361 -113") (attacker_position "830 -1817 -99") (victim_position "623 -1618 -126")
L 10/08/2014 - 14:09:34: "Herr Doktor<7><BOT><Red>" changed role to "demoman"
L 10/08/2014 - 14:09:36: "GutsAndGlory!<3><BOT><Blue>" killed "AimBot<2><BOT><Red>" with "tf_projectile_pipe" (attacker_position "801 -1699 -127") (victim_position "641 -1425 -127")
L 10/08/2014 - 14:09:36: "Maggot<6><BOT><Blue>" triggered "kill assist" against "AimBot<2><BOT><Red>" (assister_position "-1318 -1797 -153") (attacker_position "801 -1699 -127") (victim_position "641 -1425 -127")
L 10/08/2014 - 14:09:36: "Maggot<6><BOT><Blue>" triggered "player_builtobject" (object "OBJ_TELEPORTER") (position "-1330 -1801 -151")
L 10/08/2014 - 14:09:37: "Data Wizard<10><[U:1:197413154]><Blue>" killed "Screamin' Eagles<5><BOT><Red>" with "flamethrower" (attacker_position "-1347 -2605 -118") (victim_position "-1266 -2751 -121")
L 10/08/2014 - 14:09:37: "Screamin' Eagles<5><BOT><Red>" changed role to "demoman"
L 10/08/2014 - 14:09:39: "Maggot<6><BOT><Blue>" triggered "player_builtobject" (object "OBJ_SENTRYGUN") (position "-1215 -1432 -127")
L 10/08/2014 - 14:09:41: "=(e)=™ Colonel Panic<14><[U:1:12110320]><Blue>" changed role to "engineer"
L 10/08/2014 - 14:09:42: "Data Wizard<10><[U:1:197413154]><Blue>" triggered "killedobject" (object "OBJ_SENTRYGUN") (weapon "flamethrower") (objectowner "AimBot<2><BOT><Red>") (attacker_position "-901 -2366 -114")
L 10/08/2014 - 14:09:42: "Companion Cube<8><BOT><Blue>" triggered "killedobject" (object "OBJ_SENTRYGUN") (objectowner "AimBot<2><BOT><Red>") (assist "1") (assister_position "-1278 -2393 -128") (attacker_position "-901 -2366 -114")
L 10/08/2014 - 14:09:44: "Data Wizard<10><[U:1:197413154]><Blue>" killed "splunk> security warrior<12><[U:1:229722400]><Red>" with "flamethrower" (attacker_position "-869 -2773 -127") (victim_position "-861 -2858 -121")
L 10/08/2014 - 14:09:47: "splunk> security warrior<12><[U:1:229722400]><Red>" disconnected (reason "Disconnect by user.")
L 10/08/2014 - 14:09:47: "splunk> security warrior<12><[U:1:229722400]><Red>" triggered "object_detonated" (object "OBJ_SENTRYGUN") (position "-861 -2858 -107")
L 10/08/2014 - 14:09:48: "Splunk Wizard<17><[U:1:197422767]><Red>" killed "Maggot<6><BOT><Blue>" with "flamethrower" (attacker_position "-1285 -2415 -127") (victim_position "-1299 -2463 -127")
L 10/08/2014 - 14:09:49: "Maggot<6><BOT><Blue>" killed "Data Warrior<16><[U:1:197468749]><Red>" with "obj_sentrygun" (attacker_position "-1299 -2463 -35") (victim_position "-1141 -2504 -115")
L 10/08/2014 - 14:09:49: "Data Wizard<10><[U:1:197413154]><Blue>" triggered "kill assist" against "Data Warrior<16><[U:1:197468749]><Red>" (assister_position "-1211 -2559 -126") (attacker_position "-1299 -2463 -35") (victim_position "-1141 -2504 -115")
L 10/08/2014 - 14:09:50: "Companion Cube<8><BOT><Blue>" triggered "killedobject" (object "OBJ_DISPENSER") (weapon "syringegun_medic") (objectowner "AimBot<2><BOT><Red>") (attacker_position "-943 -2523 -126")
L 10/08/2014 - 14:09:51: "=(e)=™ Colonel Panic<14><[U:1:12110320]><Blue>" triggered "player_builtobject" (object "OBJ_TELEPORTER") (position "2442 933 -191")
L 10/08/2014 - 14:09:53: "Companion Cube<8><BOT><Blue>" triggered "player_extinguished" against "Data Wizard<10><[U:1:197413154]><Blue>" with "tf_weapon_medigun" (attacker_position "-839 -2575 -126") (victim_position "-1094 -2438 -128")
L 10/08/2014 - 14:09:53: "Companion Cube<8><BOT><Blue>" triggered "player_extinguished" against "Data Wizard<10><[U:1:197413154]><Blue>" with "tf_weapon_medigun" (attacker_position "-847 -2523 -126") (victim_position "-1221 -2414 -127")
L 10/08/2014 - 14:09:54: "Companion Cube<8><BOT><Blue>" triggered "player_extinguished" against "Data Wizard<10><[U:1:197413154]><Blue>" with "tf_weapon_medigun" (attacker_position "-847 -2523 -126") (victim_position "-1306 -2330 -127")
L 10/08/2014 - 14:09:54: "Data Wizard<10><[U:1:197413154]><Blue>" killed "Splunk Wizard<17><[U:1:197422767]><Red>" with "flamethrower" (attacker_position "-1346 -2232 -126") (victim_position "-1276 -2442 -127")
L 10/08/2014 - 14:09:54: "Maggot<6><BOT><Blue>" triggered "kill assist" against "Splunk Wizard<17><[U:1:197422767]><Red>" (assister_position "2270 1097 -223") (attacker_position "-1346 -2232 -126") (victim_position "-1276 -2442 -127")
L 10/08/2014 - 14:09:56: "Data Wizard<10><[U:1:197413154]><Blue>" triggered "player_extinguished" against "Companion Cube<8><BOT><Blue>" with "tf_weapon_flamethrower" (attacker_position "-1520 -2295 -127") (victim_position "-1393 -2310 -128")
L 10/08/2014 - 14:09:57: "Saxton Hale<4><BOT><Blue>" triggered "player_builtobject" (object "OBJ_ATTACHMENT_SAPPER") (position "-847 -2373 -114")
L 10/08/2014 - 14:09:57: "Saxton Hale<4><BOT><Blue>" triggered "player_builtobject" (object "OBJ_ATTACHMENT_SAPPER") (position "-847 -2373 -114")
L 10/08/2014 - 14:09:57: "Splunk> | bombs FTW<13><[U:1:197298622]><Blue>" disconnected (reason "Disconnect by user.")
L 10/08/2014 - 14:09:58: "Splunk> | bombs FTW<20><[U:1:197298622]><>" connected, address "192.168.1.108:27005"
L 10/08/2014 - 14:09:58: "Splunk> | bombs FTW<20><[U:1:197298622]><>" STEAM USERID validated
L 10/08/2014 - 14:09:59: "Saxton Hale<4><BOT><Blue>" triggered "killedobject" (object "OBJ_TELEPORTER") (weapon "obj_attachment_sapper") (objectowner "AimBot<2><BOT><Red>") (attacker_position "-1016 -2357 -62")
L 10/08/2014 - 14:10:01: "Maggot<6><BOT><Blue>" killed "AimBot<2><BOT><Red>" with "obj_sentrygun" (attacker_position "2023 -5 -197") (victim_position "-1554 -1689 -127")
L 10/08/2014 - 14:10:02: "Splunk> | bombs FTW<20><[U:1:197298622]><>" entered the game
L 10/08/2014 - 14:10:02: "Herr Doktor<7><BOT><Red>" triggered "killedobject" (object "OBJ_SENTRYGUN") (weapon "tf_projectile_pipe") (objectowner "Maggot<6><BOT><Blue>") (attacker_position "-1465 -1702 -127")
L 10/08/2014 - 14:10:03: Team "Blue" triggered "pointcaptured" (cp "3") (cpname "#Dustbowl_cap_2_B") (numcappers "3") (player1 "GutsAndGlory!<3><BOT><Blue>") (position1 "-1456 -1910 -38") (player2 "Companion Cube<8><BOT><Blue>") (position2 "-1596 -1952 -38") (player3 "Data Wizard<10><[U:1:197413154]><Blue>") (position3 "-1557 -2044 -38") 
L 10/08/2014 - 14:10:03: World triggered "Mini_Round_Win" (winner "Blue") (round "round_2")
L 10/08/2014 - 14:10:03: World triggered "Mini_Round_Length" (seconds "289.52")
L 10/08/2014 - 14:10:03: "Saxton Hale<4><BOT><Blue>" triggered "killedobject" (object "OBJ_TELEPORTER") (weapon "obj_attachment_sapper") (objectowner "AimBot<2><BOT><Red>") (attacker_position "-1002 -2340 -128")
L 10/08/2014 - 14:10:05: "Saxton Hale<4><BOT><Blue>" killed "Herr Doktor<7><BOT><Red>" with "revolver" (attacker_position "-1135 -2275 -120") (victim_position "-1176 -2208 -127")
L 10/08/2014 - 14:10:05: "Companion Cube<8><BOT><Blue>" triggered "kill assist" against "Herr Doktor<7><BOT><Red>" (assister_position "-1364 -2238 -127") (attacker_position "-1135 -2275 -120") (victim_position "-1176 -2208 -127")
L 10/08/2014 - 14:10:05: "Herr Doktor<7><BOT><Red>" changed role to "scout"
L 10/08/2014 - 14:10:08: "Saxton Hale<4><BOT><Blue>" killed "Screamin' Eagles<5><BOT><Red>" with "revolver" (attacker_position "-1135 -2275 -120") (victim_position "-1162 -2227 -125")
L 10/08/2014 - 14:10:08: "Companion Cube<8><BOT><Blue>" triggered "kill assist" against "Screamin' Eagles<5><BOT><Red>" (assister_position "-1375 -2329 -128") (attacker_position "-1135 -2275 -120") (victim_position "-1162 -2227 -125")
L 10/08/2014 - 14:10:08: "Screamin' Eagles<5><BOT><Red>" changed role to "spy"
L 10/08/2014 - 14:10:12: "Splunk hax0r<18><[U:1:197368576]><Blue>" triggered "medic_death" against "One-Man Cheeseburger Apocalypse<9><BOT><Red>" (healing "220") (ubercharge "0")
L 10/08/2014 - 14:10:12: "Splunk hax0r<18><[U:1:197368576]><Blue>" killed "One-Man Cheeseburger Apocalypse<9><BOT><Red>" with "tf_projectile_rocket" (attacker_position "-1777 -1632 -135") (victim_position "-2295 -1633 -141")
L 10/08/2014 - 14:10:12: "Companion Cube<8><BOT><Blue>" stuck (position "-1070.35 -2340.03 -127.97") (duration "3.15") L 10/08/2014 - 14:10:12:    path_goal ( "-1062.50 -2287.50 -59.72" )
L 10/08/2014 - 14:10:13: "Companion Cube<8><BOT><Blue>" stuck (position "-1072.87 -2340.43 -102.66") (duration "3.26") L 10/08/2014 - 14:10:13:    path_goal ( "-1062.50 -2325.00 -128.73" )
L 10/08/2014 - 14:10:13: "Splunk> | bombs FTW<20><[U:1:197298622]><Unassigned>" joined team "Blue"
L 10/08/2014 - 14:10:16: "Splunk> | bombs FTW<20><[U:1:197298622]><Blue>" changed role to "demoman"
L 10/08/2014 - 14:10:17: "Saxton Hale<4><BOT><Blue>" stuck (position "-1119.28 -2281.62 -120.50") (duration "3.36") L 10/08/2014 - 14:10:17:    path_goal ( "-1062.50 -2287.50 -59.72" )
L 10/08/2014 - 14:10:17: "Saxton Hale<4><BOT><Blue>" stuck (position "-1119.28 -2282.81 -95.20") (duration "3.46") L 10/08/2014 - 14:10:17:    path_goal ( "-1100.00 -2287.50 -124.60" )
L 10/08/2014 - 14:10:18: World triggered "Round_Setup_Begin"
L 10/08/2014 - 14:10:18: World triggered "Mini_Round_Selected" (round "round_3")
L 10/08/2014 - 14:10:18: World triggered "Mini_Round_Start"
L 10/08/2014 - 14:10:34: "Data Wizard<10><[U:1:197413154]><Blue>" joined team "Red"
L 10/08/2014 - 14:10:34: "Data Wizard<10><[U:1:197413154]><Red>" committed suicide with "world" (attacker_position "-2010 -1299 -191")
L 10/08/2014 - 14:10:34: "AimBot<2><BOT><Red>" triggered "player_builtobject" (object "OBJ_SENTRYGUN") (position "-2071 452 -63")
L 10/08/2014 - 14:10:35: "Data Wizard<10><[U:1:197413154]><Red>" changed role to "soldier"
L 10/08/2014 - 14:10:35: "=(e)=™ Colonel Panic<14><[U:1:12110320]><Blue>" triggered "player_builtobject" (object "OBJ_TELEPORTER") (position "-1956 -1658 -186")
L 10/08/2014 - 14:10:37: "Saxton Hale<4><BOT><Blue>" stuck (position "-1312.03 -487.56 -63.97") (duration "3.36") L 10/08/2014 - 14:10:37:    path_goal ( "150.00 -87.50 0.73" )
L 10/08/2014 - 14:10:37: "Saxton Hale<4><BOT><Blue>" stuck (position "-1312.03 -508.97 -38.66") (duration "3.46") L 10/08/2014 - 14:10:37:    path_goal ( "150.00 -87.50 0.73" )
L 10/08/2014 - 14:10:38: "Saxton Hale<4><BOT><Blue>" stuck (position "-1312.00 -532.09 -63.97") (duration "4.52") L 10/08/2014 - 14:10:38:    path_goal ( "837.50 -450.00 0.03" )
L 10/08/2014 - 14:10:38: "Maggot<6><BOT><Blue>" triggered "player_builtobject" (object "OBJ_TELEPORTER") (position "-1357 -1258 -191")
L 10/08/2014 - 14:10:39: "Saxton Hale<4><BOT><Blue>" stuck (position "-1312.00 -481.86 -63.97") (duration "5.57") L 10/08/2014 - 14:10:39:    path_goal ( "362.50 -100.00 -0.47" )
L 10/08/2014 - 14:10:41: "Screamin' Eagles<5><BOT><Red>" stuck (position "-1987.81 -999.98 -64.24") (duration "3.36") L 10/08/2014 - 14:10:41:    path_goal ( "-2025.00 -1087.50 -63.97" )
L 10/08/2014 - 14:10:41: "Screamin' Eagles<5><BOT><Red>" stuck (position "-1992.01 -999.98 -38.94") (duration "3.46") L 10/08/2014 - 14:10:41:    path_goal ( "-2025.00 -1087.50 -63.97" )
L 10/08/2014 - 14:10:42: "Screamin' Eagles<5><BOT><Red>" stuck (position "-1944.59 -988.51 -64.59") (duration "4.51") L 10/08/2014 - 14:10:42:    path_goal ( "-1800.00 -999.98 -63.36" )
L 10/08/2014 - 14:10:44: "Maggot<6><BOT><Blue>" stuck (position "-1376.47 -623.59 -63.97") (duration "3.88") L 10/08/2014 - 14:10:44:    path_goal ( "-1673.36 -548.45 -63.61" )
L 10/08/2014 - 14:10:44: "Maggot<6><BOT><Blue>" stuck (position "-1376.47 -620.03 -38.66") (duration "3.99") L 10/08/2014 - 14:10:44:    path_goal ( "-1673.36 -548.45 -63.61" )
L 10/08/2014 - 14:10:44: "Saxton Hale<4><BOT><Blue>" stuck (position "-1318.74 -480.49 -63.97") (duration "3.36") L 10/08/2014 - 14:10:44:    path_goal ( "-12.50 387.50 23.19" )
L 10/08/2014 - 14:10:44: "Saxton Hale<4><BOT><Blue>" stuck (position "-1312.03 -486.60 -38.66") (duration "3.46") L 10/08/2014 - 14:10:44:    path_goal ( "-12.50 387.50 23.19" )
L 10/08/2014 - 14:10:45: "Maggot<6><BOT><Blue>" stuck (position "-1376.47 -635.88 -63.97") (duration "0.42") L 10/08/2014 - 14:10:45:    path_goal ( "-1673.36 -548.45 -63.61" )
L 10/08/2014 - 14:10:46: "Screamin' Eagles<5><BOT><Red>" stuck (position "-1761.82 -1003.48 -62.30") (duration "3.36") L 10/08/2014 - 14:10:46:    path_goal ( "-1825.00 -1162.50 -191.97" )
L 10/08/2014 - 14:10:46: "Screamin' Eagles<5><BOT><Red>" stuck (position "-1764.97 -1003.48 -36.99") (duration "3.47") L 10/08/2014 - 14:10:46:    path_goal ( "-1825.00 -1162.50 -191.97" )
L 10/08/2014 - 14:10:46: "Maggot<6><BOT><Blue>" stuck (position "-1376.47 -646.69 -63.97") (duration "1.47") L 10/08/2014 - 14:10:46:    path_goal ( "-1673.36 -548.45 -63.61" )
L 10/08/2014 - 14:10:47: "=(e)=™ Colonel Panic<14><[U:1:12110320]><Blue>" triggered "player_builtobject" (object "OBJ_SENTRYGUN") (position "-1534 -1367 -63")
L 10/08/2014 - 14:10:47: "Screamin' Eagles<5><BOT><Red>" stuck (position "-1816.45 -961.29 -60.72") (duration "4.52") L 10/08/2014 - 14:10:47:    path_goal ( "-1800.00 -825.00 -62.54" )
L 10/08/2014 - 14:10:47: "=(e)=™ Colonel Panic<14><[U:1:12110320]><Blue>" triggered "object_detonated" (object "OBJ_SENTRYGUN") (position "-1534 -1343 -63")
L 10/08/2014 - 14:10:47: "=(e)=™ Colonel Panic<14><[U:1:12110320]><Blue>" triggered "killedobject" (object "OBJ_SENTRYGUN") (weapon "pda_engineer") (objectowner "=(e)=™ Colonel Panic<14><[U:1:12110320]><Blue>") (attacker_position "-1534 -1343 -63")
L 10/08/2014 - 14:10:47: "Maggot<6><BOT><Blue>" stuck (position "-1376.47 -673.27 -63.97") (duration "0.32") L 10/08/2014 - 14:10:47:    path_goal ( "-1673.36 -548.45 -63.61" )
L 10/08/2014 - 14:10:48: "Splunk hax0r<18><[U:1:197368576]><Blue>" committed suicide with "tf_projectile_rocket" (attacker_position "-1332 -566 -63")
L 10/08/2014 - 14:10:49: "Maggot<6><BOT><Blue>" stuck (position "-1376.47 -600.03 -63.97") (duration "1.37") L 10/08/2014 - 14:10:49:    path_goal ( "-1673.36 -548.45 -63.61" )
L 10/08/2014 - 14:10:49: "Saxton Hale<4><BOT><Blue>" stuck (position "-1316.74 -472.03 -63.97") (duration "3.36") L 10/08/2014 - 14:10:49:    path_goal ( "-137.50 387.50 8.69" )
L 10/08/2014 - 14:10:49: "Saxton Hale<4><BOT><Blue>" stuck (position "-1315.56 -475.85 -35.77") (duration "3.47") L 10/08/2014 - 14:10:49:    path_goal ( "-137.50 387.50 8.69" )
L 10/08/2014 - 14:10:50: "Maggot<6><BOT><Blue>" stuck (position "-1376.47 -634.35 -63.97") (duration "0.32") L 10/08/2014 - 14:10:50:    path_goal ( "-1673.36 -548.45 -63.61" )
L 10/08/2014 - 14:10:50: "AimBot<2><BOT><Red>" triggered "player_builtobject" (object "OBJ_DISPENSER") (position "-2047 476 -63")
L 10/08/2014 - 14:10:51: "Maggot<6><BOT><Blue>" stuck (position "-1376.47 -600.03 -63.97") (duration "1.36") L 10/08/2014 - 14:10:51:    path_goal ( "-1673.36 -548.45 -63.61" )
L 10/08/2014 - 14:10:52: "Maggot<6><BOT><Blue>" stuck (position "-1376.47 -612.70 -63.97") (duration "0.32") L 10/08/2014 - 14:10:52:    path_goal ( "-1673.36 -548.45 -63.61" )
L 10/08/2014 - 14:10:53: "=(e)=™ Colonel Panic<14><[U:1:12110320]><Blue>" triggered "player_builtobject" (object "OBJ_SENTRYGUN") (position "-1521 -1325 -63")
L 10/08/2014 - 14:10:53: "Screamin' Eagles<5><BOT><Red>" stuck (position "-1432.03 -752.49 -57.46") (duration "3.36") L 10/08/2014 - 14:10:53:    path_goal ( "-1337.50 -737.50 -65.60" )
L 10/08/2014 - 14:10:53: "Screamin' Eagles<5><BOT><Red>" stuck (position "-1432.03 -720.48 -29.26") (duration "3.46") L 10/08/2014 - 14:10:53:    path_goal ( "-1337.50 -737.50 -65.60" )
L 10/08/2014 - 14:10:53: "Maggot<6><BOT><Blue>" stuck (position "-1376.47 -627.91 -63.97") (duration "1.36") L 10/08/2014 - 14:10:53:    path_goal ( "-1673.36 -548.45 -63.61" )
L 10/08/2014 - 14:10:53: "Saxton Hale<4><BOT><Blue>" stuck (position "-1312.03 -491.83 -63.97") (duration "3.36") L 10/08/2014 - 14:10:53:    path_goal ( "537.50 87.50 0.03" )
L 10/08/2014 - 14:10:53: "Saxton Hale<4><BOT><Blue>" stuck (position "-1312.03 -484.18 -38.66") (duration "3.47") L 10/08/2014 - 14:10:53:    path_goal ( "537.50 87.50 0.03" )
L 10/08/2014 - 14:10:54: "Maggot<6><BOT><Blue>" stuck (position "-1376.47 -611.17 -63.97") (duration "0.32") L 10/08/2014 - 14:10:54:    path_goal ( "-1673.36 -548.45 -63.61" )
L 10/08/2014 - 14:10:55: "Maggot<6><BOT><Blue>" stuck (position "-1376.47 -632.09 -63.97") (duration "1.36") L 10/08/2014 - 14:10:55:    path_goal ( "-1673.36 -548.45 -63.61" )
L 10/08/2014 - 14:10:56: "Maggot<6><BOT><Blue>" stuck (position "-1376.47 -616.47 -63.97") (duration "0.32") L 10/08/2014 - 14:10:56:    path_goal ( "-1673.36 -548.45 -63.61" )
L 10/08/2014 - 14:10:56: "Splunk hax0r<18><[U:1:197368576]><Blue>" changed role to "heavyweapons"
L 10/08/2014 - 14:10:58: "Saxton Hale<4><BOT><Blue>" stuck (position "-1318.34 -472.03 -63.97") (duration "3.36") L 10/08/2014 - 14:10:58:    path_goal ( "137.50 400.00 13.63" )
L 10/08/2014 - 14:10:59: "Saxton Hale<4><BOT><Blue>" stuck (position "-1319.40 -480.66 -35.77") (duration "3.47") L 10/08/2014 - 14:10:59:    path_goal ( "137.50 400.00 13.63" )
L 10/08/2014 - 14:11:00: "Saxton Hale<4><BOT><Blue>" stuck (position "-1312.00 -472.03 -63.97") (duration "4.52") L 10/08/2014 - 14:11:00:    path_goal ( "675.00 -150.00 0.03" )
L 10/08/2014 - 14:11:01: "Saxton Hale<4><BOT><Blue>" stuck (position "-1322.75 -513.19 -63.97") (duration "5.57") L 10/08/2014 - 14:11:01:    path_goal ( "-1325.00 -600.00 -63.97" )
L 10/08/2014 - 14:11:01: "Maggot<6><BOT><Blue>" stuck (position "-1376.47 -616.24 -63.97") (duration "0.11") L 10/08/2014 - 14:11:01:    path_goal ( "-1673.36 -548.45 -63.61" )
L 10/08/2014 - 14:11:02: "Maggot<6><BOT><Blue>" stuck (position "-1376.47 -611.98 -63.97") (duration "0.32") L 10/08/2014 - 14:11:02:    path_goal ( "-1673.36 -548.45 -63.61" )
L 10/08/2014 - 14:11:03: "Maggot<6><BOT><Blue>" stuck (position "-1376.47 -614.72 -63.97") (duration "1.36") L 10/08/2014 - 14:11:03:    path_goal ( "-1673.36 -548.45 -63.61" )
L 10/08/2014 - 14:11:04: "Maggot<6><BOT><Blue>" stuck (position "-1376.47 -646.19 -63.97") (duration "0.32") L 10/08/2014 - 14:11:04:    path_goal ( "-1673.36 -548.45 -63.61" )
L 10/08/2014 - 14:11:06: "Maggot<6><BOT><Blue>" stuck (position "-1376.47 -614.11 -63.97") (duration "1.36") L 10/08/2014 - 14:11:06:    path_goal ( "-1673.36 -548.45 -63.61" )
L 10/08/2014 - 14:11:06: "Saxton Hale<4><BOT><Blue>" stuck (position "-1313.75 -475.52 -63.97") (duration "3.36") L 10/08/2014 - 14:11:06:    path_goal ( "-125.00 412.50 22.15" )
L 10/08/2014 - 14:11:06: "Saxton Hale<4><BOT><Blue>" stuck (position "-1312.03 -472.01 -35.77") (duration "3.47") L 10/08/2014 - 14:11:06:    path_goal ( "-125.00 412.50 22.15" )
L 10/08/2014 - 14:11:07: "Maggot<6><BOT><Blue>" stuck (position "-1376.47 -670.70 -63.97") (duration "0.32") L 10/08/2014 - 14:11:07:    path_goal ( "-1673.36 -548.45 -63.61" )
L 10/08/2014 - 14:11:08: "Maggot<6><BOT><Blue>" stuck (position "-1376.47 -670.27 -63.97") (duration "1.36") L 10/08/2014 - 14:11:08:    path_goal ( "-1673.36 -548.45 -63.61" )
L 10/08/2014 - 14:11:08: "Screamin' Eagles<5><BOT><Red>" stuck (position "-1772.70 -1003.48 -62.30") (duration "3.36") L 10/08/2014 - 14:11:08:    path_goal ( "-1825.00 -1162.50 -191.97" )
L 10/08/2014 - 14:11:08: "Screamin' Eagles<5><BOT><Red>" stuck (position "-1774.20 -1003.48 -34.10") (duration "3.47") L 10/08/2014 - 14:11:08:    path_goal ( "-1825.00 -1162.50 -191.97" )
L 10/08/2014 - 14:11:08: "=(e)=™ Colonel Panic<14><[U:1:12110320]><Blue>" triggered "player_builtobject" (object "OBJ_DISPENSER") (position "-1531 -1367 -63")
L 10/08/2014 - 14:11:09: "Maggot<6><BOT><Blue>" stuck (position "-1376.47 -671.41 -63.97") (duration "0.32") L 10/08/2014 - 14:11:09:    path_goal ( "-1673.36 -548.45 -63.61" )
L 10/08/2014 - 14:11:09: "Screamin' Eagles<5><BOT><Red>" stuck (position "-1816.57 -1003.48 -62.30") (duration "4.52") L 10/08/2014 - 14:11:09:    path_goal ( "-1825.00 -1162.50 -191.97" )
L 10/08/2014 - 14:11:10: "Maggot<6><BOT><Blue>" stuck (position "-1376.47 -671.29 -63.97") (duration "1.36") L 10/08/2014 - 14:11:10:    path_goal ( "-1673.36 -548.45 -63.61" )
L 10/08/2014 - 14:11:10: "Screamin' Eagles<5><BOT><Red>" stuck (position "-1893.21 -1001.44 -62.83") (duration "5.57") L 10/08/2014 - 14:11:10:    path_goal ( "-2075.00 -875.00 -63.79" )
L 10/08/2014 - 14:11:10: "Saxton Hale<4><BOT><Blue>" stuck (position "-1315.56 -472.74 -63.97") (duration "3.36") L 10/08/2014 - 14:11:10:    path_goal ( "-12.50 387.50 23.19" )
L 10/08/2014 - 14:11:10: "Saxton Hale<4><BOT><Blue>" stuck (position "-1314.42 -474.42 -38.66") (duration "3.47") L 10/08/2014 - 14:11:10:    path_goal ( "-12.50 387.50 23.19" )
L 10/08/2014 - 14:11:11: "Maggot<6><BOT><Blue>" stuck (position "-1376.47 -671.06 -63.97") (duration "0.32") L 10/08/2014 - 14:11:11:    path_goal ( "-1673.36 -548.45 -63.61" )
L 10/08/2014 - 14:11:12: "Maggot<6><BOT><Blue>" stuck (position "-1376.47 -671.12 -63.97") (duration "1.37") L 10/08/2014 - 14:11:12:    path_goal ( "-1673.36 -548.45 -63.61" )
L 10/08/2014 - 14:11:13: "Maggot<6><BOT><Blue>" stuck (position "-1376.47 -671.76 -63.97") (duration "0.32") L 10/08/2014 - 14:11:13:    path_goal ( "-1673.36 -548.45 -63.61" )
L 10/08/2014 - 14:11:14: "Maggot<6><BOT><Blue>" stuck (position "-1376.47 -671.56 -63.97") (duration "1.36") L 10/08/2014 - 14:11:14:    path_goal ( "-1673.36 -548.45 -63.61" )
L 10/08/2014 - 14:11:15: "Maggot<6><BOT><Blue>" stuck (position "-1376.47 -671.02 -63.97") (duration "0.32") L 10/08/2014 - 14:11:15:    path_goal ( "-1673.36 -548.45 -63.61" )
L 10/08/2014 - 14:11:15: "Screamin' Eagles<5><BOT><Red>" stuck (position "-1767.80 -939.35 -59.89") (duration "3.67") L 10/08/2014 - 14:11:15:    path_goal ( "-1725.00 -1125.00 -191.97" )
L 10/08/2014 - 14:11:15: "Screamin' Eagles<5><BOT><Red>" stuck (position "-1768.73 -965.25 -34.59") (duration "3.78") L 10/08/2014 - 14:11:15:    path_goal ( "-1725.00 -1125.00 -191.97" )
L 10/08/2014 - 14:11:16: "Maggot<6><BOT><Blue>" stuck (position "-1376.47 -671.09 -63.97") (duration "1.36") L 10/08/2014 - 14:11:16:    path_goal ( "-1673.36 -548.45 -63.61" )
L 10/08/2014 - 14:11:16: "Screamin' Eagles<5><BOT><Red>" stuck (position "-1776.63 -1003.48 -62.30") (duration "4.83") L 10/08/2014 - 14:11:16:    path_goal ( "-1725.00 -1125.00 -191.97" )
L 10/08/2014 - 14:11:17: "Maggot<6><BOT><Blue>" stuck (position "-1376.47 -671.16 -63.97") (duration "0.32") L 10/08/2014 - 14:11:17:    path_goal ( "-1673.36 -548.45 -63.61" )
L 10/08/2014 - 14:11:17: "Screamin' Eagles<5><BOT><Red>" stuck (position "-1773.08 -1003.48 -62.30") (duration "5.88") L 10/08/2014 - 14:11:17:    path_goal ( "-1725.00 -1125.00 -191.97" )
L 10/08/2014 - 14:11:18: World triggered "Round_Setup_End"
L 10/08/2014 - 14:11:18: "Maggot<6><BOT><Blue>" stuck (position "-1337.99 -686.25 -63.97") (duration "1.36") L 10/08/2014 - 14:11:18:    path_goal ( "-1337.50 -775.00 -67.24" )
L 10/08/2014 - 14:11:18: "Screamin' Eagles<5><BOT><Red>" stuck (position "-1761.94 -1011.66 -62.61") (duration "6.93") L 10/08/2014 - 14:11:18:    path_goal ( "-1650.00 -912.50 -61.87" )
L 10/08/2014 - 14:11:23: "Herr Doktor<7><BOT><Red>" killed "Saxton Hale<4><BOT><Blue>" with "scattergun" (attacker_position "-1590 -108 -63") (victim_position "-1600 -366 -57")
L 10/08/2014 - 14:11:23: "Data Wizard<10><[U:1:197413154]><Red>" triggered "kill assist" against "Saxton Hale<4><BOT><Blue>" (assister_position "-1553 -141 -63") (attacker_position "-1590 -108 -63") (victim_position "-1600 -366 -57")
L 10/08/2014 - 14:11:23: "Saxton Hale<4><BOT><Blue>" changed role to "scout"
L 10/08/2014 - 14:11:26: "Companion Cube<8><BOT><Blue>" triggered "chargedeployed"
L 10/08/2014 - 14:11:27: "Splunk hax0r<18><[U:1:197368576]><Blue>" killed "Slysdexia<15><[U:1:12012915]><Red>" with "minigun" (attacker_position "-1915 -922 -62") (victim_position "-1532 -343 -54")
L 10/08/2014 - 14:11:31: "Maggot<6><BOT><Blue>" triggered "player_builtobject" (object "OBJ_SENTRYGUN") (position "-1651 -559 -63")
L 10/08/2014 - 14:11:32: "Screamin' Eagles<5><BOT><Red>" killed "=(e)=™ Colonel Panic<14><[U:1:12110320]><Blue>" with "knife" (customkill "backstab") (attacker_position "-1489 -1352 -63") (victim_position "-1549 -1367 -63")
L 10/08/2014 - 14:11:32: "GutsAndGlory!<3><BOT><Blue>" killed "Data Wizard<10><[U:1:197413154]><Red>" with "world" (attacker_position "-1579 -390 -56") (victim_position "-1870 -87 -36")
L 10/08/2014 - 14:11:32: "Screamin' Eagles<5><BOT><Red>" triggered "player_builtobject" (object "OBJ_ATTACHMENT_SAPPER") (position "-1549 -1309 -63")
L 10/08/2014 - 14:11:36: "AimBot<2><BOT><Red>" killed "Splunk hax0r<18><[U:1:197368576]><Blue>" with "obj_sentrygun3" (attacker_position "-2107 72 -37") (victim_position "-1545 -329 -55")
L 10/08/2014 - 14:11:36: "Splunk Wizard<17><[U:1:197422767]><Red>" triggered "kill assist" against "Splunk hax0r<18><[U:1:197368576]><Blue>" (assister_position "-1489 -658 -64") (attacker_position "-2107 72 -37") (victim_position "-1545 -329 -55")
L 10/08/2014 - 14:11:36: "Splunk Wizard<17><[U:1:197422767]><Red>" triggered "medic_death" against "Companion Cube<8><BOT><Blue>" (healing "1544") (ubercharge "0")
L 10/08/2014 - 14:11:36: "Splunk Wizard<17><[U:1:197422767]><Red>" killed "Companion Cube<8><BOT><Blue>" with "flamethrower" (attacker_position "-1484 -675 -64") (victim_position "-1510 -723 -64")
L 10/08/2014 - 14:11:36: "AimBot<2><BOT><Red>" triggered "kill assist" against "Companion Cube<8><BOT><Blue>" (assister_position "-2107 78 -44") (attacker_position "-1484 -675 -64") (victim_position "-1510 -723 -64")
L 10/08/2014 - 14:11:37: "AimBot<2><BOT><Red>" killed "GutsAndGlory!<3><BOT><Blue>" with "obj_sentrygun3" (attacker_position "-2109 239 -63") (victim_position "-1441 -476 -55")
L 10/08/2014 - 14:11:38: "Maggot<6><BOT><Blue>" killed "Splunk Wizard<17><[U:1:197422767]><Red>" with "obj_sentrygun" (attacker_position "-1596 -408 -57") (victim_position "-1632 -628 -63")
L 10/08/2014 - 14:11:38: "Splunk> | bombs FTW<20><[U:1:197298622]><Blue>" triggered "kill assist" against "Splunk Wizard<17><[U:1:197422767]><Red>" (assister_position "-1312 -820 -78") (attacker_position "-1596 -408 -57") (victim_position "-1632 -628 -63")
L 10/08/2014 - 14:11:39: "AimBot<2><BOT><Red>" killed "Maggot<6><BOT><Blue>" with "obj_sentrygun3" (attacker_position "-2051 456 -63") (victim_position "-1523 -452 -55")
L 10/08/2014 - 14:11:39: "Herr Doktor<7><BOT><Red>" triggered "kill assist" against "Maggot<6><BOT><Blue>" (assister_position "-1947 420 -63") (attacker_position "-2051 456 -63") (victim_position "-1523 -452 -55")
L 10/08/2014 - 14:11:39: "Screamin' Eagles<5><BOT><Red>" triggered "killedobject" (object "OBJ_SENTRYGUN") (weapon "obj_attachment_sapper") (objectowner "=(e)=™ Colonel Panic<14><[U:1:12110320]><Blue>") (attacker_position "-1549 -1307 -63")
L 10/08/2014 - 14:11:40: "Screamin' Eagles<5><BOT><Red>" triggered "player_builtobject" (object "OBJ_ATTACHMENT_SAPPER") (position "-1549 -1307 -63")
L 10/08/2014 - 14:11:41: "=(e)=™ Colonel Panic<14><[U:1:12110320]><Blue>" changed role to "demoman"
L 10/08/2014 - 14:11:43: "Maggot<6><BOT><Blue>" killed "Herr Doktor<7><BOT><Red>" with "obj_sentrygun" (attacker_position "-1523 -452 12") (victim_position "-1801 -53 -63")
L 10/08/2014 - 14:11:43: "Herr Doktor<7><BOT><Red>" changed role to "engineer"
L 10/08/2014 - 14:11:46: "Screamin' Eagles<5><BOT><Red>" triggered "killedobject" (object "OBJ_DISPENSER") (weapon "obj_attachment_sapper") (objectowner "=(e)=™ Colonel Panic<14><[U:1:12110320]><Blue>") (attacker_position "-2279 -1582 -146")
L 10/08/2014 - 14:11:47: "Splunk> | bombs FTW<20><[U:1:197298622]><Blue>" committed suicide with "tf_projectile_pipe_remote" (attacker_position "-1312 -854 -95")
L 10/08/2014 - 14:11:50: "Splunk hax0r<18><[U:1:197368576]><Blue>" changed role to "soldier"
L 10/08/2014 - 14:11:56: "Screamin' Eagles<5><BOT><Red>" triggered "player_builtobject" (object "OBJ_ATTACHMENT_SAPPER") (position "-1779 -551 -62")
L 10/08/2014 - 14:12:00: "Screamin' Eagles<5><BOT><Red>" triggered "killedobject" (object "OBJ_SENTRYGUN") (weapon "obj_attachment_sapper") (objectowner "Maggot<6><BOT><Blue>") (attacker_position "-1715 -541 -63")
L 10/08/2014 - 14:12:01: "AimBot<2><BOT><Red>" killed "Saxton Hale<4><BOT><Blue>" with "obj_sentrygun3" (attacker_position "-2033 446 -63") (victim_position "-1826 -46 -58")
L 10/08/2014 - 14:12:05: "Maggot<6><BOT><Blue>" triggered "player_builtobject" (object "OBJ_TELEPORTER") (position "-1998 -1741 -189")
L 10/08/2014 - 14:12:09: "=(e)=™ Colonel Panic<14><[U:1:12110320]><Blue>" killed "Screamin' Eagles<5><BOT><Red>" with "tf_projectile_pipe" (attacker_position "-2388 -837 -63") (victim_position "-2192 149 -63")
L 10/08/2014 - 14:12:09: "Screamin' Eagles<5><BOT><Red>" changed role to "demoman"
L 10/08/2014 - 14:12:10: "AimBot<2><BOT><Red>" triggered "medic_death" against "Companion Cube<8><BOT><Blue>" (healing "371") (ubercharge "0")
L 10/08/2014 - 14:12:10: "AimBot<2><BOT><Red>" killed "Companion Cube<8><BOT><Blue>" with "obj_sentrygun3" (attacker_position "-2033 446 -63") (victim_position "-1555 -538 -62")
L 10/08/2014 - 14:12:10: "Data Wizard<10><[U:1:197413154]><Red>" triggered "kill assist" against "Companion Cube<8><BOT><Blue>" (assister_position "-1448 11 -51") (attacker_position "-2033 446 -63") (victim_position "-1555 -538 -62")
L 10/08/2014 - 14:12:13: "Herr Doktor<7><BOT><Red>" triggered "player_builtobject" (object "OBJ_SENTRYGUN") (position "-2373 338 -63")
L 10/08/2014 - 14:12:15: "AimBot<2><BOT><Red>" killed "Maggot<6><BOT><Blue>" with "obj_sentrygun3" (attacker_position "-2033 446 -63") (victim_position "-1470 -560 -63")
L 10/08/2014 - 14:12:17: "Data Wizard<10><[U:1:197413154]><Red>" committed suicide with "dumpster_device" (attacker_position "-1231 119 -15")
L 10/08/2014 - 14:12:22: "AimBot<2><BOT><Red>" killed "Splunk hax0r<18><[U:1:197368576]><Blue>" with "obj_sentrygun3" (attacker_position "-2033 446 -63") (victim_position "-1442 -521 -59")
L 10/08/2014 - 14:12:22: "=(e)=™ Colonel Panic<14><[U:1:12110320]><Blue>" killed "AimBot<2><BOT><Red>" with "tf_projectile_pipe_remote" (attacker_position "-1617 -754 -62") (victim_position "-2033 446 -63")
L 10/08/2014 - 14:12:22: "=(e)=™ Colonel Panic<14><[U:1:12110320]><Blue>" triggered "killedobject" (object "OBJ_SENTRYGUN") (weapon "tf_projectile_pipe_remote") (objectowner "AimBot<2><BOT><Red>") (attacker_position "-1617 -754 -62")
L 10/08/2014 - 14:12:23: "Splunk hax0r<18><[U:1:197368576]><Blue>" triggered "killedobject" (object "OBJ_DISPENSER") (weapon "tf_projectile_rocket") (objectowner "AimBot<2><BOT><Red>") (attacker_position "-1442 -521 -45")
L 10/08/2014 - 14:12:26: "GutsAndGlory!<3><BOT><Blue>" killed "Herr Doktor<7><BOT><Red>" with "tf_projectile_pipe" (attacker_position "-1706 -123 -63") (victim_position "-2360 490 -63")
L 10/08/2014 - 14:12:27: "Herr Doktor<7><BOT><Red>" killed "=(e)=™ Colonel Panic<14><[U:1:12110320]><Blue>" with "obj_sentrygun" (attacker_position "-2360 490 -29") (victim_position "-1511 -267 -57")
L 10/08/2014 - 14:12:28: "Splunk Wizard<17><[U:1:197422767]><Red>" killed "GutsAndGlory!<3><BOT><Blue>" with "flamethrower" (attacker_position "-1600 -69 -63") (victim_position "-1691 -216 -63")
L 10/08/2014 - 14:12:28: "Herr Doktor<7><BOT><Red>" triggered "kill assist" against "GutsAndGlory!<3><BOT><Blue>" (assister_position "-2360 490 -29") (attacker_position "-1600 -69 -63") (victim_position "-1691 -216 -63")
L 10/08/2014 - 14:12:34: "Splunk Wizard<17><[U:1:197422767]><Red>" triggered "killedobject" (object "OBJ_TELEPORTER") (weapon "flamethrower") (objectowner "Maggot<6><BOT><Blue>") (attacker_position "-1369 -1304 -191")
L 10/08/2014 - 14:12:37: "Companion Cube<8><BOT><Blue>" triggered "player_extinguished" against "Splunk> | bombs FTW<20><[U:1:197298622]><Blue>" with "tf_weapon_medigun" (attacker_position "-2180 -1343 -63") (victim_position "-1860 -1367 -63")
L 10/08/2014 - 14:12:42: "Screamin' Eagles<5><BOT><Red>" stuck (position "631.69 847.92 0.03") (duration "3.57") L 10/08/2014 - 14:12:42:    path_goal ( "775.00 900.00 64.03" )
L 10/08/2014 - 14:12:46: "Companion Cube<8><BOT><Blue>" triggered "player_extinguished" against "Splunk> | bombs FTW<20><[U:1:197298622]><Blue>" with "tf_weapon_medigun" (attacker_position "-2265 -1257 -63") (victim_position "-2129 -1320 -63")
L 10/08/2014 - 14:12:46: "Splunk Wizard<17><[U:1:197422767]><Red>" triggered "medic_death" against "Companion Cube<8><BOT><Blue>" (healing "230") (ubercharge "0")
L 10/08/2014 - 14:12:46: "Splunk Wizard<17><[U:1:197422767]><Red>" killed "Companion Cube<8><BOT><Blue>" with "flamethrower" (attacker_position "-2377 -1331 -63") (victim_position "-2226 -1268 -63")
L 10/08/2014 - 14:12:48: "Saxton Hale<4><BOT><Blue>" killed "Splunk Wizard<17><[U:1:197422767]><Red>" with "scattergun" (attacker_position "-1685 -1304 -63") (victim_position "-1958 -1299 -63")
L 10/08/2014 - 14:12:48: "Splunk> | bombs FTW<20><[U:1:197298622]><Blue>" triggered "kill assist" against "Splunk Wizard<17><[U:1:197422767]><Red>" (assister_position "-1752 -1367 -63") (attacker_position "-1685 -1304 -63") (victim_position "-1958 -1299 -63")
L 10/08/2014 - 14:12:50: "AimBot<2><BOT><Red>" triggered "player_builtobject" (object "OBJ_SENTRYGUN") (position "-1490 215 -63")
L 10/08/2014 - 14:12:52: "Maggot<6><BOT><Blue>" triggered "killedobject" (object "OBJ_SENTRYGUN") (weapon "shotgun_primary") (objectowner "AimBot<2><BOT><Red>") (attacker_position "-1719 -339 -63")
L 10/08/2014 - 14:12:52: "Screamin' Eagles<5><BOT><Red>" stuck (position "1277.77 1155.17 64.03") (duration "3.67") L 10/08/2014 - 14:12:52:    path_goal ( "1512.50 1362.50 0.02" )
L 10/08/2014 - 14:12:57: "Saxton Hale<4><BOT><Blue>" killed "AimBot<2><BOT><Red>" with "scattergun" (attacker_position "-1731 -151 -63") (victim_position "-2024 247 -63")
L 10/08/2014 - 14:12:58: "Herr Doktor<7><BOT><Red>" killed "Saxton Hale<4><BOT><Blue>" with "obj_sentrygun" (attacker_position "-967 423 -5") (victim_position "-1605 116 -63")
L 10/08/2014 - 14:12:58: "AimBot<2><BOT><Red>" triggered "kill assist" against "Saxton Hale<4><BOT><Blue>" (assister_position "-2024 247 24") (attacker_position "-967 423 -5") (victim_position "-1605 116 -63")
L 10/08/2014 - 14:12:58: "Splunk hax0r<18><[U:1:197368576]><Blue>" triggered "killedobject" (object "OBJ_SENTRYGUN") (weapon "tf_projectile_rocket") (objectowner "Herr Doktor<7><BOT><Red>") (attacker_position "-1773 -87 -63")
L 10/08/2014 - 14:13:02: "Maggot<6><BOT><Blue>" triggered "player_builtobject" (object "OBJ_SENTRYGUN") (position "-1732 -189 -63")
L 10/08/2014 - 14:13:06: "Slysdexia<15><[U:1:12012915]><Red>" killed "GutsAndGlory!<3><BOT><Blue>" with "brass_beast" (attacker_position "-707 -345 0") (victim_position "-864 -271 128")
L 10/08/2014 - 14:13:06: "Herr Doktor<7><BOT><Red>" triggered "kill assist" against "GutsAndGlory!<3><BOT><Blue>" (assister_position "-846 -377 0") (attacker_position "-707 -345 0") (victim_position "-864 -271 128")
L 10/08/2014 - 14:13:06: "GutsAndGlory!<3><BOT><Blue>" changed role to "sniper"
L 10/08/2014 - 14:13:12: Team "Blue" triggered "pointcaptured" (cp "4") (cpname "#Dustbowl_cap_3_A") (numcappers "1") (player1 "Splunk hax0r<18><[U:1:197368576]><Blue>") (position1 "-1908 624 7") 
L 10/08/2014 - 14:13:15: "=(e)=™ Colonel Panic<14><[U:1:12110320]><Blue>" killed "Screamin' Eagles<5><BOT><Red>" with "tf_projectile_pipe_remote" (attacker_position "-1353 88 -38") (victim_position "-1091 178 -7")
L 10/08/2014 - 14:13:15: "Splunk hax0r<18><[U:1:197368576]><Blue>" triggered "kill assist" against "Screamin' Eagles<5><BOT><Red>" (assister_position "-1720 379 -63") (attacker_position "-1353 88 -38") (victim_position "-1091 178 -7")
L 10/08/2014 - 14:13:17: "=(e)=™ Colonel Panic<14><[U:1:12110320]><Blue>" killed "Slysdexia<15><[U:1:12012915]><Red>" with "tf_projectile_pipe_remote" (attacker_position "-1499 29 -63") (victim_position "-952 416 -5")
L 10/08/2014 - 14:13:17: "Splunk hax0r<18><[U:1:197368576]><Blue>" triggered "kill assist" against "Slysdexia<15><[U:1:12012915]><Red>" (assister_position "-1544 345 -63") (attacker_position "-1499 29 -63") (victim_position "-952 416 -5")
L 10/08/2014 - 14:13:26: "Herr Doktor<7><BOT><Red>" triggered "player_builtobject" (object "OBJ_SENTRYGUN") (position "445 -47 0")
L 10/08/2014 - 14:13:35: "Splunk hax0r<18><[U:1:197368576]><Blue>" killed "Herr Doktor<7><BOT><Red>" with "tf_projectile_rocket" (attacker_position "555 -529 0") (victim_position "322 -93 61")
L 10/08/2014 - 14:13:35: "Slysdexia<15><[U:1:12012915]><Red>" changed role to "engineer"
L 10/08/2014 - 14:13:35: "Splunk hax0r<18><[U:1:197368576]><Blue>" killed "AimBot<2><BOT><Red>" with "tf_projectile_rocket" (attacker_position "522 -419 0") (victim_position "331 -53 0")
L 10/08/2014 - 14:13:35: "Companion Cube<8><BOT><Blue>" triggered "kill assist" against "AimBot<2><BOT><Red>" (assister_position "508 -695 0") (attacker_position "522 -419 0") (victim_position "331 -53 0")
L 10/08/2014 - 14:13:35: "AimBot<2><BOT><Red>" changed role to "spy"
L 10/08/2014 - 14:13:36: "Splunk hax0r<18><[U:1:197368576]><Blue>" triggered "killedobject" (object "OBJ_SENTRYGUN") (weapon "tf_projectile_rocket") (objectowner "Herr Doktor<7><BOT><Red>") (attacker_position "570 -461 0")
L 10/08/2014 - 14:13:36: "Companion Cube<8><BOT><Blue>" triggered "killedobject" (object "OBJ_SENTRYGUN") (objectowner "Herr Doktor<7><BOT><Red>") (assist "1") (assister_position "598 -569 0") (attacker_position "570 -461 0")
L 10/08/2014 - 14:13:44: "Slysdexia<15><[U:1:12012915]><Red>" committed suicide with "world" (attacker_position "1074 613 64")
L 10/08/2014 - 14:13:45: Team "Blue" triggered "pointcaptured" (cp "5") (cpname "#Dustbowl_cap_3_B") (numcappers "3") (player1 "Saxton Hale<4><BOT><Blue>") (position1 "680 624 0") (player2 "Companion Cube<8><BOT><Blue>") (position2 "517 740 7") (player3 "Splunk hax0r<18><[U:1:197368576]><Blue>") (position3 "526 795 7") 
L 10/08/2014 - 14:13:45: World triggered "Mini_Round_Win" (winner "Blue") (round "round_3")
L 10/08/2014 - 14:13:45: World triggered "Mini_Round_Length" (seconds "206.76")
L 10/08/2014 - 14:13:45: World triggered "Round_Win" (winner "Blue")
L 10/08/2014 - 14:13:45: Team "Red" current score "0" with "8" players
L 10/08/2014 - 14:13:45: Team "Blue" current score "6" with "7" players
L 10/08/2014 - 14:13:45: "Saxton Hale<4><BOT><Blue>" killed "Splunk Wizard<17><[U:1:197422767]><Red>" with "scattergun" (attacker_position "732 606 0") (victim_position "527 356 0")
L 10/08/2014 - 14:13:45: "=(e)=™ Colonel Panic<14><[U:1:12110320]><Blue>" triggered "kill assist" against "Splunk Wizard<17><[U:1:197422767]><Red>" (assister_position "514 -178 0") (attacker_position "732 606 0") (victim_position "527 356 0")
L 10/08/2014 - 14:13:50: "Saxton Hale<4><BOT><Blue>" stuck (position "994.78 935.81 64.03") (duration "2.62") L 10/08/2014 - 14:13:50:    path_goal ( "1000.00 900.00 64.03" )
L 10/08/2014 - 14:13:50: "Saxton Hale<4><BOT><Blue>" stuck (position "955.95 919.92 89.34") (duration "2.73") L 10/08/2014 - 14:13:50:    path_goal ( "1000.00 887.50 64.03" )
L 10/08/2014 - 14:13:50: "GutsAndGlory!<3><BOT><Blue>" stuck (position "408.00 -673.76 0.03") (duration "3.38") L 10/08/2014 - 14:13:50:    path_goal ( "350.00 -650.00 128.03" )
L 10/08/2014 - 14:13:50: "GutsAndGlory!<3><BOT><Blue>" stuck (position "409.15 -670.44 25.34") (duration "3.48") L 10/08/2014 - 14:13:50:    path_goal ( "625.00 -550.00 0.03" )
L 10/08/2014 - 14:13:50: "Slysdexia<15><[U:1:12012915]><Red>" disconnected (reason "Disconnect by user.")
L 10/08/2014 - 14:13:51: "GutsAndGlory!<3><BOT><Blue>" stuck (position "465.16 -610.93 0.03") (duration "4.53") L 10/08/2014 - 14:13:51:    path_goal ( "625.00 -550.00 0.03" )
L 10/08/2014 - 14:13:55: "Maggot<6><BOT><Blue>" stuck (position "-840.20 -358.20 128.03") (duration "3.36") L 10/08/2014 - 14:13:55:    path_goal ( "-850.00 -360.00 128.03" )
L 10/08/2014 - 14:13:55: "Maggot<6><BOT><Blue>" stuck (position "-852.92 -331.16 153.34") (duration "3.47") L 10/08/2014 - 14:13:55:    path_goal ( "-840.20 -415.00 128.03" )
L 10/08/2014 - 14:14:00: World triggered "Game_Over" reason "Reached Time Limit"
L 10/08/2014 - 14:14:00: Team "Red" final score "0" with "7" players
L 10/08/2014 - 14:14:00: Team "Blue" final score "6" with "7" players
L 10/08/2014 - 14:14:03: "Screamin' Eagles<5><BOT><Red>" stuck (position "896.69 1176.36 64.03") (duration "3.60") L 10/08/2014 - 14:14:03:    path_goal ( "1225.00 1000.00 64.03" )
L 10/08/2014 - 14:14:03: "=(e)=™ Colonel Panic<14><[U:1:12110320]><Blue>" disconnected (reason "Disconnect by user.")
L 10/08/2014 - 14:14:03: "GutsAndGlory!<3><BOT><Blue>" stuck (position "1122.44 362.07 0.03") (duration "3.39") L 10/08/2014 - 14:14:03:    path_goal ( "975.00 375.00 0.03" )
L 10/08/2014 - 14:14:03: "Screamin' Eagles<5><BOT><Red>" stuck (position "896.69 1176.36 64.03") (duration "3.71") L 10/08/2014 - 14:14:03:    path_goal ( "1225.00 1000.00 64.03" )
L 10/08/2014 - 14:14:03: "Companion Cube<8><BOT><Blue>" stuck (position "692.83 648.01 0.03") (duration "3.15") L 10/08/2014 - 14:14:03:    path_goal ( "300.00 425.00 0.03" )
L 10/08/2014 - 14:14:03: "GutsAndGlory!<3><BOT><Blue>" stuck (position "1122.44 362.07 0.03") (duration "3.49") L 10/08/2014 - 14:14:03:    path_goal ( "975.00 375.00 0.03" )
L 10/08/2014 - 14:14:03: "Maggot<6><BOT><Blue>" stuck (position "-515.43 -698.04 0.03") (duration "3.38") L 10/08/2014 - 14:14:03:    path_goal ( "-325.00 -698.04 0.03" )
L 10/08/2014 - 14:14:03: "Companion Cube<8><BOT><Blue>" stuck (position "692.83 648.01 0.03") (duration "3.26") L 10/08/2014 - 14:14:03:    path_goal ( "537.50 350.00 0.03" )
L 10/08/2014 - 14:14:03: "Maggot<6><BOT><Blue>" stuck (position "-515.43 -698.04 0.03") (duration "3.48") L 10/08/2014 - 14:14:03:    path_goal ( "-325.00 -698.04 0.03" )
L 10/08/2014 - 14:14:04: "One-Man Cheeseburger Apocalypse<9><BOT><Red>" stuck (position "1271.86 751.91 64.03") (duration "4.23") L 10/08/2014 - 14:14:04:    path_goal ( "1250.00 775.00 64.03" )
L 10/08/2014 - 14:14:04: "Screamin' Eagles<5><BOT><Red>" stuck (position "896.69 1176.36 64.03") (duration "4.76") L 10/08/2014 - 14:14:04:    path_goal ( "1225.00 1000.00 64.03" )
L 10/08/2014 - 14:14:04: "One-Man Cheeseburger Apocalypse<9><BOT><Red>" stuck (position "1271.86 751.91 64.03") (duration "4.34") L 10/08/2014 - 14:14:04:    path_goal ( "1250.00 775.00 64.03" )
L 10/08/2014 - 14:14:04: "GutsAndGlory!<3><BOT><Blue>" stuck (position "1122.44 362.07 0.03") (duration "4.54") L 10/08/2014 - 14:14:04:    path_goal ( "775.00 375.00 0.03" )
L 10/08/2014 - 14:14:04: "Companion Cube<8><BOT><Blue>" stuck (position "692.83 648.01 0.03") (duration "4.31") L 10/08/2014 - 14:14:04:    path_goal ( "537.50 350.00 0.03" )
L 10/08/2014 - 14:14:04: "Maggot<6><BOT><Blue>" stuck (position "-515.43 -698.04 0.03") (duration "4.53") L 10/08/2014 - 14:14:04:    path_goal ( "-325.00 -698.04 0.03" )
L 10/08/2014 - 14:14:05: "Screamin' Eagles<5><BOT><Red>" stuck (position "896.69 1176.36 64.03") (duration "5.80") L 10/08/2014 - 14:14:05:    path_goal ( "1225.00 1000.00 64.03" )
L 10/08/2014 - 14:14:05: "One-Man Cheeseburger Apocalypse<9><BOT><Red>" stuck (position "1271.86 751.91 64.03") (duration "5.39") L 10/08/2014 - 14:14:05:    path_goal ( "1250.00 775.00 64.03" )
L 10/08/2014 - 14:14:05: "GutsAndGlory!<3><BOT><Blue>" stuck (position "1122.44 362.07 0.03") (duration "5.60") L 10/08/2014 - 14:14:05:    path_goal ( "775.00 375.00 0.03" )
L 10/08/2014 - 14:14:05: "Companion Cube<8><BOT><Blue>" stuck (position "692.83 648.01 0.03") (duration "5.36") L 10/08/2014 - 14:14:05:    path_goal ( "537.50 350.00 0.03" )
L 10/08/2014 - 14:14:05: "Maggot<6><BOT><Blue>" stuck (position "-515.43 -698.04 0.03") (duration "5.58") L 10/08/2014 - 14:14:05:    path_goal ( "-515.43 -698.04 0.03" )
L 10/08/2014 - 14:14:06: "Screamin' Eagles<5><BOT><Red>" stuck (position "896.69 1176.36 64.03") (duration "6.85") L 10/08/2014 - 14:14:06:    path_goal ( "1225.00 1000.00 64.03" )
L 10/08/2014 - 14:14:06: "One-Man Cheeseburger Apocalypse<9><BOT><Red>" stuck (position "1271.86 751.91 64.03") (duration "6.43") L 10/08/2014 - 14:14:06:    path_goal ( "1250.00 775.00 64.03" )
L 10/08/2014 - 14:14:06: "GutsAndGlory!<3><BOT><Blue>" stuck (position "1122.44 362.07 0.03") (duration "6.65") L 10/08/2014 - 14:14:06:    path_goal ( "NULL" )
L 10/08/2014 - 14:14:06: "Companion Cube<8><BOT><Blue>" stuck (position "692.83 648.01 0.03") (duration "6.41") L 10/08/2014 - 14:14:06:    path_goal ( "300.00 425.00 0.03" )
L 10/08/2014 - 14:14:06: "Maggot<6><BOT><Blue>" stuck (position "-515.43 -698.04 0.03") (duration "6.63") L 10/08/2014 - 14:14:06:    path_goal ( "-75.00 -698.04 1.96" )
L 10/08/2014 - 14:14:07: "Screamin' Eagles<5><BOT><Red>" stuck (position "896.69 1176.36 64.03") (duration "7.91") L 10/08/2014 - 14:14:07:    path_goal ( "1225.00 1000.00 64.03" )
L 10/08/2014 - 14:14:07: "One-Man Cheeseburger Apocalypse<9><BOT><Red>" stuck (position "1271.86 751.91 64.03") (duration "7.48") L 10/08/2014 - 14:14:07:    path_goal ( "1250.00 775.00 64.03" )
L 10/08/2014 - 14:14:07: "GutsAndGlory!<3><BOT><Blue>" stuck (position "1122.44 362.07 0.03") (duration "7.70") L 10/08/2014 - 14:14:07:    path_goal ( "1050.00 260.00 0.03" )
L 10/08/2014 - 14:14:07: "Companion Cube<8><BOT><Blue>" stuck (position "692.83 648.01 0.03") (duration "7.46") L 10/08/2014 - 14:14:07:    path_goal ( "300.00 425.00 0.03" )
L 10/08/2014 - 14:14:07: "Maggot<6><BOT><Blue>" stuck (position "-515.43 -698.04 0.03") (duration "7.68") L 10/08/2014 - 14:14:07:    path_goal ( "-400.00 -762.50 0.03" )
L 10/08/2014 - 14:14:08: "Screamin' Eagles<5><BOT><Red>" stuck (position "896.69 1176.36 64.03") (duration "8.96") L 10/08/2014 - 14:14:08:    path_goal ( "1225.00 1000.00 64.03" )
L 10/08/2014 - 14:14:08: "One-Man Cheeseburger Apocalypse<9><BOT><Red>" stuck (position "1271.86 751.91 64.03") (duration "8.53") L 10/08/2014 - 14:14:08:    path_goal ( "1250.00 775.00 64.03" )
L 10/08/2014 - 14:14:08: "GutsAndGlory!<3><BOT><Blue>" stuck (position "1122.44 362.07 0.03") (duration "8.74") L 10/08/2014 - 14:14:08:    path_goal ( "1050.00 260.00 0.03" )
L 10/08/2014 - 14:14:08: "Companion Cube<8><BOT><Blue>" stuck (position "692.83 648.01 0.03") (duration "8.51") L 10/08/2014 - 14:14:08:    path_goal ( "537.50 475.00 0.03" )
L 10/08/2014 - 14:14:08: "Maggot<6><BOT><Blue>" stuck (position "-515.43 -698.04 0.03") (duration "8.73") L 10/08/2014 - 14:14:08:    path_goal ( "-75.00 -698.04 1.96" )
L 10/08/2014 - 14:14:09: "Screamin' Eagles<5><BOT><Red>" stuck (position "896.69 1176.36 64.03") (duration "10.01") L 10/08/2014 - 14:14:09:    path_goal ( "1225.00 1000.00 64.03" )
L 10/08/2014 - 14:14:09: "One-Man Cheeseburger Apocalypse<9><BOT><Red>" stuck (position "1271.86 751.91 64.03") (duration "9.59") L 10/08/2014 - 14:14:09:    path_goal ( "1250.00 775.00 64.03" )
L 10/08/2014 - 14:14:09: "GutsAndGlory!<3><BOT><Blue>" stuck (position "1122.44 362.07 0.03") (duration "9.79") L 10/08/2014 - 14:14:09:    path_goal ( "1050.00 260.00 0.03" )
L 10/08/2014 - 14:14:09: "Companion Cube<8><BOT><Blue>" stuck (position "692.83 648.01 0.03") (duration "9.56") L 10/08/2014 - 14:14:09:    path_goal ( "537.50 475.00 0.03" )
L 10/08/2014 - 14:14:09: "Maggot<6><BOT><Blue>" stuck (position "-515.43 -698.04 0.03") (duration "9.78") L 10/08/2014 - 14:14:09:    path_goal ( "-75.00 -698.04 1.96" )
L 10/08/2014 - 14:14:10: Loading map "ctf_2fort"
L 10/08/2014 - 14:14:10: server cvars start
L 10/08/2014 - 14:14:10: "tf_playergib" = "1"
L 10/08/2014 - 14:14:10: "tf_allow_player_use" = "0"
L 10/08/2014 - 14:14:10: "tf_mvm_death_penalty" = "0"
L 10/08/2014 - 14:14:10: "sv_maxusrcmdprocessticks" = "24"
L 10/08/2014 - 14:14:10: "mp_teamplay" = "0"
L 10/08/2014 - 14:14:10: "mp_falldamage" = "0"
L 10/08/2014 - 14:14:10: "mp_weaponstay" = "0"
L 10/08/2014 - 14:14:10: "mp_forcerespawn" = "1"
L 10/08/2014 - 14:14:10: "mp_footsteps" = "1"
L 10/08/2014 - 14:14:10: "mp_flashlight" = "0"
L 10/08/2014 - 14:14:10: "mp_autocrosshair" = "1"
L 10/08/2014 - 14:14:10: "decalfrequency" = "10"
L 10/08/2014 - 14:14:10: "mp_teamlist" = "hgrunt;scientist"
L 10/08/2014 - 14:14:10: "mp_allowNPCs" = "1"
L 10/08/2014 - 14:14:10: "sv_alltalk" = "0"
L 10/08/2014 - 14:14:10: "tf_weapon_criticals" = "1"
L 10/08/2014 - 14:14:10: "tf_damage_disablespread" = "0"
L 10/08/2014 - 14:14:10: "tf_player_name_change_time" = "60"
L 10/08/2014 - 14:14:10: "tf_force_holidays_off" = "0"
L 10/08/2014 - 14:14:10: "tf_birthday" = "0"
L 10/08/2014 - 14:14:10: "mp_tournament_stopwatch" = "1"
L 10/08/2014 - 14:14:10: "mp_windifference" = "0"
L 10/08/2014 - 14:14:10: "mp_windifference_min" = "0"
L 10/08/2014 - 14:14:10: "tf_medieval" = "0"
L 10/08/2014 - 14:14:10: "tf_medieval_autorp" = "1"
L 10/08/2014 - 14:14:10: "tf_arena_force_class" = "0"
L 10/08/2014 - 14:14:10: "tf_arena_change_limit" = "1"
L 10/08/2014 - 14:14:10: "tf_arena_override_cap_enable_time" = "-1"
L 10/08/2014 - 14:14:10: "tf_arena_first_blood" = "1"
L 10/08/2014 - 14:14:10: "tf_mvm_min_players_to_start" = "3"
L 10/08/2014 - 14:14:10: "tf_gamemode_arena" = "0"
L 10/08/2014 - 14:14:10: "tf_gamemode_cp" = "1"
L 10/08/2014 - 14:14:10: "tf_gamemode_ctf" = "0"
L 10/08/2014 - 14:14:10: "tf_gamemode_sd" = "0"
L 10/08/2014 - 14:14:10: "tf_gamemode_rd" = "0"
L 10/08/2014 - 14:14:10: "tf_beta_content" = "0"
L 10/08/2014 - 14:14:10: "tf_gamemode_payload" = "0"
L 10/08/2014 - 14:14:10: "tf_gamemode_mvm" = "0"
L 10/08/2014 - 14:14:10: "tf_bot_count" = "8"
L 10/08/2014 - 14:14:10: "tf_teamtalk" = "1"
L 10/08/2014 - 14:14:10: "tf_ctf_bonus_time" = "10"
L 10/08/2014 - 14:14:10: "tf_maxspeed" = "400"
L 10/08/2014 - 14:14:10: "tf_max_charge_speed" = "750"
L 10/08/2014 - 14:14:10: "tf_use_fixed_weaponspreads" = "0"
L 10/08/2014 - 14:14:10: "tf_overtime_nag" = "0"
L 10/08/2014 - 14:14:10: "mp_respawnwavetime" = "10.0"
L 10/08/2014 - 14:14:10: "mp_tournament" = "0"
L 10/08/2014 - 14:14:10: "mp_highlander" = "0"
L 10/08/2014 - 14:14:10: "tf_arena_preround_time" = "10"
L 10/08/2014 - 14:14:10: "tf_arena_round_time" = "0"
L 10/08/2014 - 14:14:10: "tf_arena_max_streak" = "3"
L 10/08/2014 - 14:14:10: "tf_arena_use_queue" = "1"
L 10/08/2014 - 14:14:10: "mp_maxrounds" = "0"
L 10/08/2014 - 14:14:10: "mp_winlimit" = "0"
L 10/08/2014 - 14:14:10: "mp_disable_respawn_times" = "0"
L 10/08/2014 - 14:14:10: "mp_stalemate_meleeonly" = "0"
L 10/08/2014 - 14:14:10: "mp_forceautoteam" = "0"
L 10/08/2014 - 14:14:10: "mp_autoteambalance" = "1"
L 10/08/2014 - 14:14:10: "mp_stalemate_enable" = "0"
L 10/08/2014 - 14:14:10: "mp_match_end_at_timelimit" = "0"
L 10/08/2014 - 14:14:10: "mp_holiday_nogifts" = "0"
L 10/08/2014 - 14:14:10: "mp_scrambleteams_auto" = "1"
L 10/08/2014 - 14:14:10: "mp_scrambleteams_auto_windifference" = "2"
L 10/08/2014 - 14:14:10: "mp_timelimit" = "15"
L 10/08/2014 - 14:14:10: "mp_fraglimit" = "0"
L 10/08/2014 - 14:14:10: "nextlevel" = ""
L 10/08/2014 - 14:14:10: "sv_gravity" = "800"
L 10/08/2014 - 14:14:10: "sv_stopspeed" = "100"
L 10/08/2014 - 14:14:10: "sv_noclipaccelerate" = "5"
L 10/08/2014 - 14:14:10: "sv_noclipspeed" = "5"
L 10/08/2014 - 14:14:10: "sv_specaccelerate" = "5"
L 10/08/2014 - 14:14:10: "sv_specspeed" = "3"
L 10/08/2014 - 14:14:10: "sv_specnoclip" = "1"
L 10/08/2014 - 14:14:10: "sv_maxspeed" = "320"
L 10/08/2014 - 14:14:10: "sv_accelerate" = "10"
L 10/08/2014 - 14:14:10: "sv_airaccelerate" = "10"
L 10/08/2014 - 14:14:10: "sv_wateraccelerate" = "10"
L 10/08/2014 - 14:14:10: "sv_waterfriction" = "1"
L 10/08/2014 - 14:14:10: "sv_footsteps" = "1"
L 10/08/2014 - 14:14:10: "sv_rollspeed" = "200"
L 10/08/2014 - 14:14:10: "sv_rollangle" = "0"
L 10/08/2014 - 14:14:10: "sv_friction" = "4"
L 10/08/2014 - 14:14:10: "sv_bounce" = "0"
L 10/08/2014 - 14:14:10: "sv_stepsize" = "18"
L 10/08/2014 - 14:14:10: "r_VehicleViewDampen" = "1"
L 10/08/2014 - 14:14:10: "r_JeepViewDampenFreq" = "7.0"
L 10/08/2014 - 14:14:10: "r_JeepViewDampenDamp" = "1.0"
L 10/08/2014 - 14:14:10: "r_JeepViewZHeight" = "10.0"
L 10/08/2014 - 14:14:10: "r_AirboatViewDampenFreq" = "7.0"
L 10/08/2014 - 14:14:10: "r_AirboatViewDampenDamp" = "1.0"
L 10/08/2014 - 14:14:10: "r_AirboatViewZHeight" = "0.0"
L 10/08/2014 - 14:14:10: "mp_friendlyfire" = "0"
L 10/08/2014 - 14:14:10: "mp_fadetoblack" = "0"
L 10/08/2014 - 14:14:10: "tf_mm_servermode" = "0"
L 10/08/2014 - 14:14:10: "tf_mm_strict" = "0"
L 10/08/2014 - 14:14:10: "tf_mm_trusted" = "0"
L 10/08/2014 - 14:14:10: "tf_server_identity_disable_quickplay" = "0"
L 10/08/2014 - 14:14:10: "sv_registration_successful" = "0"
L 10/08/2014 - 14:14:10: "sv_registration_message" = "No account specified"
L 10/08/2014 - 14:14:10: "sv_steamgroup" = ""
L 10/08/2014 - 14:14:10: "sv_cheats" = "1"
L 10/08/2014 - 14:14:10: "sv_pausable" = "0"
L 10/08/2014 - 14:14:10: "sv_contact" = "admin@yourdomain.com"
L 10/08/2014 - 14:14:10: "sv_voiceenable" = "1"
L 10/08/2014 - 14:14:10: "tv_enable" = "0"
L 10/08/2014 - 14:14:10: "deathmatch" = "1"
L 10/08/2014 - 14:14:10: "coop" = "0"
L 10/08/2014 - 14:14:10: "tv_password" = ""
L 10/08/2014 - 14:14:10: "tv_relaypassword" = ""
L 10/08/2014 - 14:14:10: "sv_password" = ""
L 10/08/2014 - 14:14:10: "sv_tags" = "bots,cp"
L 10/08/2014 - 14:14:10: server cvars end
L 10/08/2014 - 14:14:11: Started map "ctf_2fort" (CRC "7d246aafbbd18b8ccbfdb9937dbc7769")
L 10/08/2014 - 14:14:11: Executing dedicated server config file server.cfg
L 10/08/2014 - 14:14:17: server_cvar: "tf_gamemode_cp" "0"
L 10/08/2014 - 14:14:17: server_cvar: "sv_tags" "bots"
L 10/08/2014 - 14:14:17: server_cvar: "sv_tags" "bots"
L 10/08/2014 - 14:14:17: server_cvar: "tf_bot_count" "0"
L 10/08/2014 - 14:14:17: server_cvar: "sv_tags" ""
L 10/08/2014 - 14:14:17: server_cvar: "tf_gamemode_ctf" "1"
L 10/08/2014 - 14:14:17: server_cvar: "sv_tags" "ctf"
L 10/08/2014 - 14:14:17: server_cvar: "sv_tags" "ctf"
L 10/08/2014 - 14:14:18: Initializing Steam libraries for LAN server
L 10/08/2014 - 14:14:18: No account token specified; logging into anonymous game server account.  (Use sv_setsteamaccount to login to a persistent account.)
