L 10/08/2014 - 08:14:00: Log file started (file "logs/L1008001.log") (game "/home/tf2/hlserver/tf2/tf") (version "2426090")
L 10/08/2014 - 08:14:00: server_cvar: "sv_cheats" "1"
L 10/08/2014 - 08:14:00: "It's Filthy in There!<2><BOT><>" connected, address "none"
L 10/08/2014 - 08:14:00: "<2><BOT><>" entered the game
L 10/08/2014 - 08:14:00: "It's Filthy in There!<2><BOT><Unassigned>" joined team "Blue"
L 10/08/2014 - 08:14:00: "It's Filthy in There!<2><BOT><Blue>" changed role to "scout"
L 10/08/2014 - 08:14:00: "It's Filthy in There!<2><BOT><Blue>" changed name to "Mega Baboon"
L 10/08/2014 - 08:14:00: Sending CMsgGameServerMatchmakingStatus (state=ServerMatchmakingState_NOT_PARTICIPATING)
L 10/08/2014 - 08:14:01: "Kill Me<3><BOT><>" connected, address "none"
L 10/08/2014 - 08:14:01: "<3><BOT><>" entered the game
L 10/08/2014 - 08:14:01: "Kill Me<3><BOT><Unassigned>" joined team "Red"
L 10/08/2014 - 08:14:01: "Kill Me<3><BOT><Red>" changed role to "engineer"
L 10/08/2014 - 08:14:01: "Kill Me<3><BOT><Red>" changed name to "Chucklenuts"
L 10/08/2014 - 08:14:01: "CryBaby<4><BOT><>" connected, address "none"
L 10/08/2014 - 08:14:01: "<4><BOT><>" entered the game
L 10/08/2014 - 08:14:01: "CryBaby<4><BOT><Unassigned>" joined team "Blue"
L 10/08/2014 - 08:14:01: "CryBaby<4><BOT><Blue>" changed role to "soldier"
L 10/08/2014 - 08:14:01: "CryBaby<4><BOT><Blue>" changed name to "WITCH"
L 10/08/2014 - 08:14:01: Connection to Steam servers successful.
L 10/08/2014 - 08:14:01:    Public IP is 68.110.44.24.
L 10/08/2014 - 08:14:01: Assigned anonymous gameserver Steam ID [A:1:838249481:4717].
L 10/08/2014 - 08:14:01: "ThatGuy<5><BOT><>" connected, address "none"
L 10/08/2014 - 08:14:01: "<5><BOT><>" entered the game
L 10/08/2014 - 08:14:01: "ThatGuy<5><BOT><Unassigned>" joined team "Red"
L 10/08/2014 - 08:14:01: "ThatGuy<5><BOT><Red>" changed role to "demoman"
L 10/08/2014 - 08:14:01: VAC secure mode is activated.
L 10/08/2014 - 08:14:01: "ThatGuy<5><BOT><Red>" changed name to "Still Alive"
L 10/08/2014 - 08:14:01: tf_server_identity_account_id not set; not logging into registered account
L 10/08/2014 - 08:14:01: "Hat-Wearing MAN<6><BOT><>" connected, address "none"
L 10/08/2014 - 08:14:01: "<6><BOT><>" entered the game
L 10/08/2014 - 08:14:01: "Hat-Wearing MAN<6><BOT><Unassigned>" joined team "Blue"
L 10/08/2014 - 08:14:01: "Hat-Wearing MAN<6><BOT><Blue>" changed role to "demoman"
L 10/08/2014 - 08:14:01: "Hat-Wearing MAN<6><BOT><Blue>" changed name to "Me"
L 10/08/2014 - 08:14:02: "Numnutz<7><BOT><>" connected, address "none"
L 10/08/2014 - 08:14:02: "<7><BOT><>" entered the game
L 10/08/2014 - 08:14:02: "Numnutz<7><BOT><Unassigned>" joined team "Red"
L 10/08/2014 - 08:14:02: "Numnutz<7><BOT><Red>" changed role to "heavyweapons"
L 10/08/2014 - 08:14:02: "Numnutz<7><BOT><Red>" changed name to "H@XX0RZ"
L 10/08/2014 - 08:14:02: "The G-Man<8><BOT><>" connected, address "none"
L 10/08/2014 - 08:14:02: "<8><BOT><>" entered the game
L 10/08/2014 - 08:14:02: "The G-Man<8><BOT><Unassigned>" joined team "Blue"
L 10/08/2014 - 08:14:02: "The G-Man<8><BOT><Blue>" changed role to "medic"
L 10/08/2014 - 08:14:02: "The G-Man<8><BOT><Blue>" changed name to "Chell"
L 10/08/2014 - 08:14:02: "The Combine<9><BOT><>" connected, address "none"
L 10/08/2014 - 08:14:02: "<9><BOT><>" entered the game
L 10/08/2014 - 08:14:02: "The Combine<9><BOT><Unassigned>" joined team "Red"
L 10/08/2014 - 08:14:02: "The Combine<9><BOT><Red>" changed role to "medic"
L 10/08/2014 - 08:14:02: "The Combine<9><BOT><Red>" changed name to "Totally Not A Bot"
L 10/08/2014 - 08:14:05: server_cvar: "tf_bot_count" "8"
L 10/08/2014 - 08:14:05: server_cvar: "sv_tags" "bots,cp"
L 10/08/2014 - 08:14:16: "Mega Baboon<2><BOT><Blue>" stuck (position "-1627.21 1633.47 -255.89") (duration "2.52") L 10/08/2014 - 08:14:16:    path_goal ( "-216.00 2792.00 -247.97" )
L 10/08/2014 - 08:14:20: "Mega Baboon<2><BOT><Blue>" stuck (position "-1627.22 1633.47 -255.89") (duration "2.52") L 10/08/2014 - 08:14:20:    path_goal ( "-216.00 2792.00 -247.97" )
L 10/08/2014 - 08:14:21: "Me<6><BOT><Blue>" stuck (position "-1627.20 1633.47 -255.90") (duration "3.57") L 10/08/2014 - 08:14:21:    path_goal ( "-216.00 2792.00 -247.97" )
L 10/08/2014 - 08:14:22: "Mega Baboon<2><BOT><Blue>" stuck (position "-1627.21 1633.47 -255.89") (duration "2.52") L 10/08/2014 - 08:14:22:    path_goal ( "-216.00 2792.00 -247.97" )
L 10/08/2014 - 08:14:23: "WITCH<4><BOT><Blue>" stuck (position "-1650.11 1633.47 -255.89") (duration "4.20") L 10/08/2014 - 08:14:23:    path_goal ( "-216.00 2792.00 -247.97" )
L 10/08/2014 - 08:14:25: "Me<6><BOT><Blue>" stuck (position "-1627.22 1633.47 -255.89") (duration "3.57") L 10/08/2014 - 08:14:25:    path_goal ( "-216.00 2792.00 -247.97" )
L 10/08/2014 - 08:14:25: "Mega Baboon<2><BOT><Blue>" stuck (position "-1627.21 1633.47 -255.91") (duration "2.52") L 10/08/2014 - 08:14:25:    path_goal ( "-216.00 2792.00 -247.97" )
L 10/08/2014 - 08:14:27: "Mega Baboon<2><BOT><Blue>" stuck (position "-1639.15 1633.47 -255.89") (duration "2.52") L 10/08/2014 - 08:14:27:    path_goal ( "-216.00 2792.00 -247.97" )
L 10/08/2014 - 08:14:27: "WITCH<4><BOT><Blue>" stuck (position "-1637.87 1633.47 -255.89") (duration "4.20") L 10/08/2014 - 08:14:27:    path_goal ( "-216.00 2792.00 -247.97" )
L 10/08/2014 - 08:14:28: "Me<6><BOT><Blue>" stuck (position "-1648.54 1633.47 -255.89") (duration "3.57") L 10/08/2014 - 08:14:28:    path_goal ( "-216.00 2792.00 -247.97" )
L 10/08/2014 - 08:14:30: "Mega Baboon<2><BOT><Blue>" stuck (position "-1641.03 1633.47 -255.92") (duration "2.52") L 10/08/2014 - 08:14:30:    path_goal ( "-216.00 2792.00 -247.97" )
L 10/08/2014 - 08:14:30: "Chucklenuts<3><BOT><Red>" triggered "player_builtobject" (object "OBJ_SENTRYGUN") (position "-229 2588 -124")
L 10/08/2014 - 08:14:32: "WITCH<4><BOT><Blue>" stuck (position "-1643.92 1633.47 -255.89") (duration "4.20") L 10/08/2014 - 08:14:32:    path_goal ( "-216.00 2792.00 -247.97" )
L 10/08/2014 - 08:14:32: "Me<6><BOT><Blue>" stuck (position "-1636.38 1633.47 -255.89") (duration "3.57") L 10/08/2014 - 08:14:32:    path_goal ( "-216.00 2792.00 -247.97" )
L 10/08/2014 - 08:14:32: World triggered "Round_Start"
L 10/08/2014 - 08:14:32: World triggered "Round_Setup_Begin"
L 10/08/2014 - 08:14:32: World triggered "Mini_Round_Selected" (round "round_1")
L 10/08/2014 - 08:14:32: World triggered "Mini_Round_Start"
L 10/08/2014 - 08:14:52: "Chucklenuts<3><BOT><Red>" triggered "player_builtobject" (object "OBJ_SENTRYGUN") (position "186 2013 -264")
L 10/08/2014 - 08:15:32: World triggered "Round_Setup_End"
L 10/08/2014 - 08:15:46: "Chucklenuts<3><BOT><Red>" triggered "player_builtobject" (object "OBJ_DISPENSER") (position "183 1984 -267")
L 10/08/2014 - 08:15:47: "WITCH<4><BOT><Blue>" triggered "killedobject" (object "OBJ_DISPENSER") (weapon "tf_projectile_rocket") (objectowner "Chucklenuts<3><BOT><Red>") (attacker_position "-1781 2870 -255")
L 10/08/2014 - 08:15:47: "Chell<8><BOT><Blue>" triggered "killedobject" (object "OBJ_DISPENSER") (objectowner "Chucklenuts<3><BOT><Red>") (assist "1") (assister_position "-1659 2841 -255") (attacker_position "-1781 2870 -255")
L 10/08/2014 - 08:15:49: "Still Alive<5><BOT><Red>" committed suicide with "tf_projectile_pipe_remote" (attacker_position "-127 2575 -247")
L 10/08/2014 - 08:15:49: "Still Alive<5><BOT><Red>" changed role to "pyro"
L 10/08/2014 - 08:15:51: "Chucklenuts<3><BOT><Red>" killed "Me<6><BOT><Blue>" with "obj_sentrygun3" (attacker_position "118 2099 -278") (victim_position "-479 2620 -159")
L 10/08/2014 - 08:15:51: "Still Alive<5><BOT><Red>" triggered "kill assist" against "Me<6><BOT><Blue>" (assister_position "-127 2575 -159") (attacker_position "118 2099 -278") (victim_position "-479 2620 -159")
L 10/08/2014 - 08:16:07: "Mega Baboon<2><BOT><Blue>" stuck (position "-1913.24 1368.00 -269.74") (duration "3.25") L 10/08/2014 - 08:16:07:    path_goal ( "-1887.50 -2125.00 -159.97" )
L 10/08/2014 - 08:16:21: "Totally Not A Bot<9><BOT><Red>" triggered "chargedeployed"
L 10/08/2014 - 08:16:23: "Chell<8><BOT><Blue>" triggered "chargedeployed"
L 10/08/2014 - 08:16:24: "H@XX0RZ<7><BOT><Red>" killed "Mega Baboon<2><BOT><Blue>" with "minigun" (attacker_position "-108 2766 -241") (victim_position "-367 2823 -247")
L 10/08/2014 - 08:16:24: "Totally Not A Bot<9><BOT><Red>" triggered "kill assist" against "Mega Baboon<2><BOT><Blue>" (assister_position "-74 2670 -247") (attacker_position "-108 2766 -241") (victim_position "-367 2823 -247")
L 10/08/2014 - 08:16:29: "Me<6><BOT><Blue>" triggered "killedobject" (object "OBJ_SENTRYGUN") (weapon "tf_projectile_pipe_remote") (objectowner "Chucklenuts<3><BOT><Red>") (attacker_position "-720 2707 -255")
L 10/08/2014 - 08:16:29: "Chucklenuts<3><BOT><Red>" triggered "player_builtobject" (object "OBJ_DISPENSER") (position "207 1993 -250")
L 10/08/2014 - 08:16:30: "WITCH<4><BOT><Blue>" triggered "killedobject" (object "OBJ_DISPENSER") (weapon "tf_projectile_rocket") (objectowner "Chucklenuts<3><BOT><Red>") (attacker_position "-939 2458 -415")
L 10/08/2014 - 08:16:30: "Chell<8><BOT><Blue>" triggered "killedobject" (object "OBJ_DISPENSER") (objectowner "Chucklenuts<3><BOT><Red>") (assist "1") (assister_position "-1005 2335 -415") (attacker_position "-939 2458 -415")
L 10/08/2014 - 08:16:32: "Still Alive<5><BOT><Red>" killed "Me<6><BOT><Blue>" with "flamethrower" (attacker_position "-285 2866 -240") (victim_position "-527 2902 -47")
L 10/08/2014 - 08:16:32: "Totally Not A Bot<9><BOT><Red>" triggered "kill assist" against "Me<6><BOT><Blue>" (assister_position "-158 2627 -247") (attacker_position "-285 2866 -240") (victim_position "-527 2902 -47")
L 10/08/2014 - 08:16:32: "Me<6><BOT><Blue>" changed role to "scout"
L 10/08/2014 - 08:16:34: "WITCH<4><BOT><Blue>" killed "Chucklenuts<3><BOT><Red>" with "tf_projectile_rocket" (attacker_position "11 2292 -278") (victim_position "632 2130 -256")
L 10/08/2014 - 08:16:34: "Chell<8><BOT><Blue>" triggered "kill assist" against "Chucklenuts<3><BOT><Red>" (assister_position "-377 2285 -350") (attacker_position "11 2292 -278") (victim_position "632 2130 -256")
L 10/08/2014 - 08:16:42: "WITCH<4><BOT><Blue>" killed "Still Alive<5><BOT><Red>" with "tf_projectile_rocket" (attacker_position "179 2389 -263") (victim_position "167 2558 -119")
L 10/08/2014 - 08:16:42: "Chell<8><BOT><Blue>" triggered "kill assist" against "Still Alive<5><BOT><Red>" (assister_position "346 2456 -254") (attacker_position "179 2389 -263") (victim_position "167 2558 -119")
L 10/08/2014 - 08:16:45: "Chell<8><BOT><Blue>" triggered "player_extinguished" against "WITCH<4><BOT><Blue>" with "tf_weapon_medigun" (attacker_position "203 2397 -259") (victim_position "203 2327 -255")
L 10/08/2014 - 08:16:52: Team "Blue" triggered "pointcaptured" (cp "0") (cpname "#Dustbowl_cap_1_A") (numcappers "3") (player1 "Mega Baboon<2><BOT><Blue>") (position1 "-136 2798 -240") (player2 "WITCH<4><BOT><Blue>") (position2 "-193 2821 -240") (player3 "Chell<8><BOT><Blue>") (position3 "-239 2820 -240") 
L 10/08/2014 - 08:16:57: "H@XX0RZ<7><BOT><Red>" killed "Mega Baboon<2><BOT><Blue>" with "minigun" (attacker_position "468 2553 -250") (victim_position "-26 2479 -255")
L 10/08/2014 - 08:16:57: "Totally Not A Bot<9><BOT><Red>" triggered "kill assist" against "Mega Baboon<2><BOT><Blue>" (assister_position "400 2444 -243") (attacker_position "468 2553 -250") (victim_position "-26 2479 -255")
L 10/08/2014 - 08:17:02: "WITCH<4><BOT><Blue>" triggered "medic_death" against "Totally Not A Bot<9><BOT><Red>" (healing "1463") (ubercharge "0")
L 10/08/2014 - 08:17:02: "WITCH<4><BOT><Blue>" killed "Totally Not A Bot<9><BOT><Red>" with "tf_projectile_rocket" (attacker_position "-560 2274 -385") (victim_position "739 2595 -255")
L 10/08/2014 - 08:17:04: "Chucklenuts<3><BOT><Red>" triggered "player_builtobject" (object "OBJ_SENTRYGUN") (position "1123 2236 -256")
L 10/08/2014 - 08:17:07: "Me<6><BOT><Blue>" triggered "killedobject" (object "OBJ_SENTRYGUN") (weapon "scattergun") (objectowner "Chucklenuts<3><BOT><Red>") (attacker_position "844 2487 -252")
L 10/08/2014 - 08:17:26: "Still Alive<5><BOT><Red>" killed "Me<6><BOT><Blue>" with "flamethrower" (attacker_position "995 2471 -252") (victim_position "1043 2454 -254")
L 10/08/2014 - 08:17:26: "Me<6><BOT><Blue>" changed role to "soldier"
L 10/08/2014 - 08:17:27: "Chell<8><BOT><Blue>" triggered "player_extinguished" against "WITCH<4><BOT><Blue>" with "tf_weapon_medigun" (attacker_position "587 2617 -252") (victim_position "403 2456 -246")
L 10/08/2014 - 08:17:30: "Chucklenuts<3><BOT><Red>" triggered "player_builtobject" (object "OBJ_SENTRYGUN") (position "1613 2424 -206")
L 10/08/2014 - 08:17:31: "Chell<8><BOT><Blue>" triggered "chargedeployed"
L 10/08/2014 - 08:17:33: "WITCH<4><BOT><Blue>" killed "Still Alive<5><BOT><Red>" with "tf_projectile_rocket" (attacker_position "471 2479 -240") (victim_position "521 2522 -247")
L 10/08/2014 - 08:17:33: "Chell<8><BOT><Blue>" triggered "kill assist" against "Still Alive<5><BOT><Red>" (assister_position "424 2460 -243") (attacker_position "471 2479 -240") (victim_position "521 2522 -247")
L 10/08/2014 - 08:17:37: "WITCH<4><BOT><Blue>" triggered "killedobject" (object "OBJ_SENTRYGUN") (weapon "tf_projectile_rocket") (objectowner "Chucklenuts<3><BOT><Red>") (attacker_position "864 2446 -251")
L 10/08/2014 - 08:17:37: "Chell<8><BOT><Blue>" triggered "killedobject" (object "OBJ_SENTRYGUN") (objectowner "Chucklenuts<3><BOT><Red>") (assist "1") (assister_position "900 2498 -251") (attacker_position "864 2446 -251")
L 10/08/2014 - 08:17:46: "WITCH<4><BOT><Blue>" killed "Chucklenuts<3><BOT><Red>" with "tf_projectile_rocket" (attacker_position "1731 2199 -192") (victim_position "1274 2269 -260")
L 10/08/2014 - 08:17:46: "Chell<8><BOT><Blue>" triggered "kill assist" against "Chucklenuts<3><BOT><Red>" (assister_position "1873 2641 -191") (attacker_position "1731 2199 -192") (victim_position "1274 2269 -260")
L 10/08/2014 - 08:18:00: "Mega Baboon<2><BOT><Blue>" killed "Still Alive<5><BOT><Red>" with "scattergun" (attacker_position "1389 2307 -252") (victim_position "1538 2198 -201")
L 10/08/2014 - 08:18:00: "WITCH<4><BOT><Blue>" triggered "kill assist" against "Still Alive<5><BOT><Red>" (assister_position "1372 2473 -206") (attacker_position "1389 2307 -252") (victim_position "1538 2198 -201")
L 10/08/2014 - 08:18:00: "Still Alive<5><BOT><Red>" changed role to "engineer"
L 10/08/2014 - 08:18:09: Team "Blue" triggered "pointcaptured" (cp "1") (cpname "#Dustbowl_cap_1_B") (numcappers "2") (player1 "WITCH<4><BOT><Blue>") (position1 "2251 2455 -136") (player2 "Chell<8><BOT><Blue>") (position2 "2277 2202 -143") 
L 10/08/2014 - 08:18:09: World triggered "Mini_Round_Win" (winner "Blue") (round "round_1")
L 10/08/2014 - 08:18:09: World triggered "Mini_Round_Length" (seconds "216.64")
L 10/08/2014 - 08:18:12: "Me<6><BOT><Blue>" killed "H@XX0RZ<7><BOT><Red>" with "tf_projectile_rocket" (attacker_position "1034 2031 -254") (victim_position "1033 2123 -254")
L 10/08/2014 - 08:18:12: "WITCH<4><BOT><Blue>" triggered "kill assist" against "H@XX0RZ<7><BOT><Red>" (assister_position "2103 2771 -160") (attacker_position "1034 2031 -254") (victim_position "1033 2123 -254")
L 10/08/2014 - 08:18:12: "H@XX0RZ<7><BOT><Red>" changed role to "scout"
L 10/08/2014 - 08:18:24: World triggered "Round_Setup_Begin"
L 10/08/2014 - 08:18:24: World triggered "Mini_Round_Selected" (round "round_2")
L 10/08/2014 - 08:18:24: World triggered "Mini_Round_Start"
L 10/08/2014 - 08:18:30: "Chucklenuts<3><BOT><Red>" triggered "player_builtobject" (object "OBJ_TELEPORTER") (position "-2116 -1746 -188")
L 10/08/2014 - 08:18:31: "Still Alive<5><BOT><Red>" triggered "player_builtobject" (object "OBJ_TELEPORTER") (position "-2101 -1725 -191")
L 10/08/2014 - 08:18:49: "Still Alive<5><BOT><Red>" triggered "player_builtobject" (object "OBJ_SENTRYGUN") (position "2096 -1371 -142")
L 10/08/2014 - 08:18:52: "Chucklenuts<3><BOT><Red>" triggered "player_builtobject" (object "OBJ_SENTRYGUN") (position "2181 -1416 -142")
L 10/08/2014 - 08:19:01: "Still Alive<5><BOT><Red>" stuck (position "2392.84 -1118.56 -127.97") (duration "3.46") L 10/08/2014 - 08:19:01:    path_goal ( "2450.00 -1025.00 -127.97" )
L 10/08/2014 - 08:19:01: "Still Alive<5><BOT><Red>" stuck (position "2392.84 -1117.99 -102.66") (duration "3.57") L 10/08/2014 - 08:19:01:    path_goal ( "NULL" )
L 10/08/2014 - 08:19:22: "Chucklenuts<3><BOT><Red>" stuck (position "2380.39 -1112.01 -127.97") (duration "3.47") L 10/08/2014 - 08:19:22:    path_goal ( "2450.00 -1025.00 -127.97" )
L 10/08/2014 - 08:19:22: "Chucklenuts<3><BOT><Red>" stuck (position "2360.67 -1112.01 -102.66") (duration "3.57") L 10/08/2014 - 08:19:22:    path_goal ( "NULL" )
L 10/08/2014 - 08:19:23: "Chucklenuts<3><BOT><Red>" stuck (position "2301.77 -1173.45 -127.97") (duration "4.62") L 10/08/2014 - 08:19:23:    path_goal ( "2325.00 -1200.00 -133.23" )
L 10/08/2014 - 08:19:24: World triggered "Round_Setup_End"
L 10/08/2014 - 08:19:36: "Mega Baboon<2><BOT><Blue>" stuck (position "1432.03 846.91 -121.35") (duration "2.52") L 10/08/2014 - 08:19:36:    path_goal ( "-937.50 2612.50 -257.96" )
L 10/08/2014 - 08:19:42: "Mega Baboon<2><BOT><Blue>" stuck (position "1460.64 845.57 -127.25") (duration "2.52") L 10/08/2014 - 08:19:42:    path_goal ( "1062.50 2150.00 -63.97" )
L 10/08/2014 - 08:19:43: "Me<6><BOT><Blue>" stuck (position "1432.03 851.97 -121.35") (duration "4.20") L 10/08/2014 - 08:19:43:    path_goal ( "-1725.00 2900.00 -255.97" )
L 10/08/2014 - 08:19:50: "WITCH<4><BOT><Blue>" triggered "killedobject" (object "OBJ_SENTRYGUN") (weapon "tf_projectile_rocket") (objectowner "Still Alive<5><BOT><Red>") (attacker_position "2135 -58 -207")
L 10/08/2014 - 08:19:50: "Chell<8><BOT><Blue>" triggered "killedobject" (object "OBJ_SENTRYGUN") (objectowner "Still Alive<5><BOT><Red>") (assist "1") (assister_position "2201 -59 -204") (attacker_position "2135 -58 -207")
L 10/08/2014 - 08:19:51: "H@XX0RZ<7><BOT><Red>" stuck (position "2095.03 -2109.90 -127.10") (duration "2.52") L 10/08/2014 - 08:19:51:    path_goal ( "2125.00 -2087.50 -127.21" )
L 10/08/2014 - 08:19:51: "Me<6><BOT><Blue>" stuck (position "1432.03 851.97 -121.35") (duration "4.20") L 10/08/2014 - 08:19:51:    path_goal ( "-1725.00 2900.00 -255.97" )
L 10/08/2014 - 08:19:57: "Chucklenuts<3><BOT><Red>" triggered "player_builtobject" (object "OBJ_TELEPORTER") (position "2089 -1408 -142")
L 10/08/2014 - 08:20:00: "WITCH<4><BOT><Blue>" stuck (position "1432.03 849.98 -121.35") (duration "4.20") L 10/08/2014 - 08:20:00:    path_goal ( "-550.00 2175.00 -415.22" )
L 10/08/2014 - 08:20:06: "Still Alive<5><BOT><Red>" triggered "player_builtobject" (object "OBJ_SENTRYGUN") (position "1310 -1696 -142")
L 10/08/2014 - 08:20:08: "WITCH<4><BOT><Blue>" triggered "killedobject" (object "OBJ_TELEPORTER") (weapon "tf_projectile_rocket") (objectowner "Chucklenuts<3><BOT><Red>") (attacker_position "1581 -65 -191")
L 10/08/2014 - 08:20:08: "Chell<8><BOT><Blue>" triggered "killedobject" (object "OBJ_TELEPORTER") (objectowner "Chucklenuts<3><BOT><Red>") (assist "1") (assister_position "1694 -55 -191") (attacker_position "1581 -65 -191")
L 10/08/2014 - 08:20:10: "Chucklenuts<3><BOT><Red>" killed "Mega Baboon<2><BOT><Blue>" with "obj_sentrygun3" (attacker_position "2167 -1414 -142") (victim_position "1449 -678 -176")
L 10/08/2014 - 08:20:13: "Chucklenuts<3><BOT><Red>" triggered "player_builtobject" (object "OBJ_DISPENSER") (position "2195 -1428 -141")
L 10/08/2014 - 08:20:15: "Chucklenuts<3><BOT><Red>" killed "Me<6><BOT><Blue>" with "world" (attacker_position "2218 -1384 -137") (victim_position "2572 -1372 0")
L 10/08/2014 - 08:20:15: "Me<6><BOT><Blue>" changed role to "demoman"
L 10/08/2014 - 08:20:45: "Me<6><BOT><Blue>" triggered "killedobject" (object "OBJ_SENTRYGUN") (weapon "tf_projectile_pipe") (objectowner "Chucklenuts<3><BOT><Red>") (attacker_position "1840 -119 -191")
L 10/08/2014 - 08:20:48: "Chucklenuts<3><BOT><Red>" triggered "player_builtobject" (object "OBJ_TELEPORTER") (position "2289 -1047 -127")
L 10/08/2014 - 08:20:59: "Still Alive<5><BOT><Red>" triggered "player_builtobject" (object "OBJ_DISPENSER") (position "1299 -1713 -142")
L 10/08/2014 - 08:20:59: "Me<6><BOT><Blue>" stuck (position "2274.51 1559.97 -223.97") (duration "3.57") L 10/08/2014 - 08:20:59:    path_goal ( "2212.50 2575.00 -151.97" )
L 10/08/2014 - 08:21:02: "Mega Baboon<2><BOT><Blue>" triggered "killedobject" (object "OBJ_DISPENSER") (weapon "scattergun") (objectowner "Chucklenuts<3><BOT><Red>") (attacker_position "1745 -823 -140")
L 10/08/2014 - 08:21:06: "Still Alive<5><BOT><Red>" killed "Mega Baboon<2><BOT><Blue>" with "obj_sentrygun3" (attacker_position "1298 -1684 -142") (victim_position "2196 -1135 -141")
L 10/08/2014 - 08:21:06: "H@XX0RZ<7><BOT><Red>" triggered "kill assist" against "Mega Baboon<2><BOT><Blue>" (assister_position "1644 -1473 -126") (attacker_position "1298 -1684 -142") (victim_position "2196 -1135 -141")
L 10/08/2014 - 08:21:11: "Chucklenuts<3><BOT><Red>" triggered "player_builtobject" (object "OBJ_SENTRYGUN") (position "1932 -1773 -142")
L 10/08/2014 - 08:21:15: "Me<6><BOT><Blue>" triggered "killedobject" (object "OBJ_SENTRYGUN") (weapon "tf_projectile_pipe") (objectowner "Chucklenuts<3><BOT><Red>") (attacker_position "2135 -1033 -142")
L 10/08/2014 - 08:21:16: "Still Alive<5><BOT><Red>" killed "Me<6><BOT><Blue>" with "obj_sentrygun3" (attacker_position "1294 -1683 -142") (victim_position "2207 -1139 -139")
L 10/08/2014 - 08:21:16: "Still Alive<5><BOT><Red>" triggered "domination" against "Me<6><BOT><Blue>"
L 10/08/2014 - 08:21:21: "Chucklenuts<3><BOT><Red>" stuck (position "1245.95 -1707.11 -142.36") (duration "3.36") L 10/08/2014 - 08:21:21:    path_goal ( "1228.71 -1727.14 -141.00" )
L 10/08/2014 - 08:21:21: "Chucklenuts<3><BOT><Red>" stuck (position "1250.60 -1686.97 -117.05") (duration "3.46") L 10/08/2014 - 08:21:21:    path_goal ( "NULL" )
L 10/08/2014 - 08:21:26: "Chucklenuts<3><BOT><Red>" stuck (position "1259.60 -1729.01 -142.35") (duration "3.36") L 10/08/2014 - 08:21:26:    path_goal ( "1228.71 -1727.14 -141.00" )
L 10/08/2014 - 08:21:26: "Chucklenuts<3><BOT><Red>" stuck (position "1258.25 -1699.29 -117.04") (duration "3.46") L 10/08/2014 - 08:21:26:    path_goal ( "NULL" )
L 10/08/2014 - 08:21:27: "Chucklenuts<3><BOT><Red>" stuck (position "1289.27 -1493.78 -127.97") (duration "0.52") L 10/08/2014 - 08:21:27:    path_goal ( "1375.00 -1669.56 -139.66" )
L 10/08/2014 - 08:21:28: "Chucklenuts<3><BOT><Red>" stuck (position "1398.71 -1508.64 -127.97") (duration "0.32") L 10/08/2014 - 08:21:28:    path_goal ( "1625.00 -1503.41 -127.93" )
L 10/08/2014 - 08:21:30: "Still Alive<5><BOT><Red>" triggered "player_builtobject" (object "OBJ_TELEPORTER") (position "1699 -1681 -142")
L 10/08/2014 - 08:21:32: "Chucklenuts<3><BOT><Red>" triggered "player_builtobject" (object "OBJ_SENTRYGUN") (position "1897 -1009 -123")
L 10/08/2014 - 08:21:35: "H@XX0RZ<7><BOT><Red>" killed "Mega Baboon<2><BOT><Blue>" with "scattergun" (attacker_position "2696 -941 -77") (victim_position "2648 -978 -55")
L 10/08/2014 - 08:21:35: "Totally Not A Bot<9><BOT><Red>" triggered "kill assist" against "Mega Baboon<2><BOT><Blue>" (assister_position "2698 -1094 0") (attacker_position "2696 -941 -77") (victim_position "2648 -978 -55")
L 10/08/2014 - 08:21:35: "H@XX0RZ<7><BOT><Red>" triggered "domination" against "Mega Baboon<2><BOT><Blue>"
L 10/08/2014 - 08:21:53: "Me<6><BOT><Blue>" triggered "killedobject" (object "OBJ_SENTRYGUN") (weapon "tf_projectile_pipe_remote") (objectowner "Chucklenuts<3><BOT><Red>") (attacker_position "1944 163 -256")
L 10/08/2014 - 08:21:56: "Me<6><BOT><Blue>" killed "Chucklenuts<3><BOT><Red>" with "tf_projectile_pipe" (attacker_position "2144 22 -207") (victim_position "1922 -780 -150")
L 10/08/2014 - 08:22:06: "Totally Not A Bot<9><BOT><Red>" triggered "chargedeployed"
L 10/08/2014 - 08:22:15: "H@XX0RZ<7><BOT><Red>" killed "Me<6><BOT><Blue>" with "pistol_scout" (attacker_position "1945 443 -294") (victim_position "1760 834 -190")
L 10/08/2014 - 08:22:15: "Totally Not A Bot<9><BOT><Red>" triggered "kill assist" against "Me<6><BOT><Blue>" (assister_position "2132 395 -315") (attacker_position "1945 443 -294") (victim_position "1760 834 -190")
L 10/08/2014 - 08:22:15: "Me<6><BOT><Blue>" changed role to "scout"
L 10/08/2014 - 08:22:19: "H@XX0RZ<7><BOT><Red>" stuck (position "2184.03 933.97 -191.97") (duration "2.73") L 10/08/2014 - 08:22:19:    path_goal ( "NULL" )
L 10/08/2014 - 08:22:38: "Chucklenuts<3><BOT><Red>" triggered "player_builtobject" (object "OBJ_SENTRYGUN") (position "2075 -2114 -127")
L 10/08/2014 - 08:22:47: "WITCH<4><BOT><Blue>" triggered "killedobject" (object "OBJ_SENTRYGUN") (weapon "tf_projectile_rocket") (objectowner "Still Alive<5><BOT><Red>") (attacker_position "2538 -1125 0")
L 10/08/2014 - 08:22:47: "Chell<8><BOT><Blue>" triggered "killedobject" (object "OBJ_SENTRYGUN") (objectowner "Still Alive<5><BOT><Red>") (assist "1") (assister_position "2531 -1011 0") (attacker_position "2538 -1125 0")
L 10/08/2014 - 08:22:49: "Still Alive<5><BOT><Red>" triggered "player_builtobject" (object "OBJ_SENTRYGUN") (position "1109 -1444 -123")
L 10/08/2014 - 08:22:54: "WITCH<4><BOT><Blue>" triggered "killedobject" (object "OBJ_TELEPORTER") (weapon "tf_projectile_rocket") (objectowner "Still Alive<5><BOT><Red>") (attacker_position "2476 -1095 -127")
L 10/08/2014 - 08:22:54: "Chell<8><BOT><Blue>" triggered "killedobject" (object "OBJ_TELEPORTER") (objectowner "Still Alive<5><BOT><Red>") (assist "1") (assister_position "2535 -1165 -127") (attacker_position "2476 -1095 -127")
L 10/08/2014 - 08:23:01: "H@XX0RZ<7><BOT><Red>" killed "Me<6><BOT><Blue>" with "scattergun" (attacker_position "2000 -503 -200") (victim_position "2071 -635 -201")
L 10/08/2014 - 08:23:01: "Me<6><BOT><Blue>" changed role to "pyro"
L 10/08/2014 - 08:23:05: "Totally Not A Bot<9><BOT><Red>" killed "Mega Baboon<2><BOT><Blue>" with "syringegun_medic" (attacker_position "2002 -916 -137") (victim_position "1916 -864 -131")
L 10/08/2014 - 08:23:05: "H@XX0RZ<7><BOT><Red>" triggered "kill assist" against "Mega Baboon<2><BOT><Blue>" (assister_position "1887 -1281 -122") (attacker_position "2002 -916 -137") (victim_position "1916 -864 -131")
L 10/08/2014 - 08:23:05: "Totally Not A Bot<9><BOT><Red>" triggered "domination" against "Mega Baboon<2><BOT><Blue>"
L 10/08/2014 - 08:23:25: "H@XX0RZ<7><BOT><Red>" stuck (position "2429.03 -1693.15 -127.97") (duration "2.54") L 10/08/2014 - 08:23:25:    path_goal ( "2515.91 -1675.00 -40.20" )
L 10/08/2014 - 08:23:32: "Still Alive<5><BOT><Red>" triggered "player_builtobject" (object "OBJ_TELEPORTER") (position "1262 -1589 -132")
L 10/08/2014 - 08:23:45: "H@XX0RZ<7><BOT><Red>" stuck (position "2426.16 -1708.63 -127.97") (duration "2.52") L 10/08/2014 - 08:23:45:    path_goal ( "2515.91 -1675.00 -40.20" )
L 10/08/2014 - 08:23:49: "H@XX0RZ<7><BOT><Red>" stuck (position "2422.11 -1688.03 -127.97") (duration "2.52") L 10/08/2014 - 08:23:49:    path_goal ( "2515.91 -1675.00 -40.20" )
L 10/08/2014 - 08:23:51: "H@XX0RZ<7><BOT><Red>" stuck (position "2430.58 -1688.03 -127.97") (duration "2.52") L 10/08/2014 - 08:23:51:    path_goal ( "2515.91 -1675.00 -40.20" )
L 10/08/2014 - 08:23:54: "H@XX0RZ<7><BOT><Red>" stuck (position "2429.25 -1704.88 -127.97") (duration "2.52") L 10/08/2014 - 08:23:54:    path_goal ( "2434.09 -1675.00 -149.16" )
L 10/08/2014 - 08:23:55: "Chucklenuts<3><BOT><Red>" killed "Me<6><BOT><Blue>" with "obj_sentrygun3" (attacker_position "2106 -2054 -127") (victim_position "2525 -1564 0")
L 10/08/2014 - 08:23:55: "Me<6><BOT><Blue>" changed role to "demoman"
L 10/08/2014 - 08:23:57: "H@XX0RZ<7><BOT><Red>" stuck (position "2429.25 -1707.34 -127.97") (duration "2.52") L 10/08/2014 - 08:23:57:    path_goal ( "2515.91 -1675.00 -40.20" )
L 10/08/2014 - 08:24:00: "H@XX0RZ<7><BOT><Red>" stuck (position "2427.82 -1688.03 -127.97") (duration "2.55") L 10/08/2014 - 08:24:00:    path_goal ( "2434.09 -1675.00 -149.16" )
L 10/08/2014 - 08:24:02: "Mega Baboon<2><BOT><Blue>" stuck (position "2677.69 -1027.22 -10.58") (duration "2.55") L 10/08/2014 - 08:24:02:    path_goal ( "NULL" )
L 10/08/2014 - 08:24:04: "H@XX0RZ<7><BOT><Red>" stuck (position "2430.58 -1688.03 -127.97") (duration "2.52") L 10/08/2014 - 08:24:04:    path_goal ( "2515.91 -1675.00 -40.20" )
L 10/08/2014 - 08:24:04: "WITCH<4><BOT><Blue>" triggered "killedobject" (object "OBJ_SENTRYGUN") (weapon "tf_projectile_rocket") (objectowner "Chucklenuts<3><BOT><Red>") (attacker_position "2165 -503 -206")
L 10/08/2014 - 08:24:04: "Chell<8><BOT><Blue>" triggered "killedobject" (object "OBJ_SENTRYGUN") (objectowner "Chucklenuts<3><BOT><Red>") (assist "1") (assister_position "2230 -452 -199") (attacker_position "2165 -503 -206")
L 10/08/2014 - 08:24:07: "Mega Baboon<2><BOT><Blue>" stuck (position "2674.04 -1024.79 -29.38") (duration "2.52") L 10/08/2014 - 08:24:07:    path_goal ( "2662.50 -1050.00 -29.97" )
L 10/08/2014 - 08:24:09: "Totally Not A Bot<9><BOT><Red>" stuck (position "2411.78 -1694.88 -127.97") (duration "3.15") L 10/08/2014 - 08:24:09:    path_goal ( "2434.09 -1675.00 -149.16" )
L 10/08/2014 - 08:24:09: "Totally Not A Bot<9><BOT><Red>" stuck (position "2423.66 -1688.03 -99.77") (duration "3.26") L 10/08/2014 - 08:24:09:    path_goal ( "2515.91 -1675.00 -40.20" )
L 10/08/2014 - 08:24:14: "Mega Baboon<2><BOT><Blue>" stuck (position "2328.91 -778.28 0.03") (duration "2.52") L 10/08/2014 - 08:24:14:    path_goal ( "2337.50 -737.50 0.03" )
L 10/08/2014 - 08:24:14: "Mega Baboon<2><BOT><Blue>" stuck (position "2341.50 -778.57 25.34") (duration "2.62") L 10/08/2014 - 08:24:14:    path_goal ( "2337.50 -737.50 0.03" )
L 10/08/2014 - 08:24:15: "Chucklenuts<3><BOT><Red>" triggered "player_builtobject" (object "OBJ_SENTRYGUN") (position "2031 -1320 -140")
L 10/08/2014 - 08:24:18: "Mega Baboon<2><BOT><Blue>" stuck (position "2438.92 -780.81 0.03") (duration "0.10") L 10/08/2014 - 08:24:18:    path_goal ( "2438.92 -780.81 0.03" )
L 10/08/2014 - 08:24:19: "WITCH<4><BOT><Blue>" triggered "killedobject" (object "OBJ_SENTRYGUN") (weapon "tf_projectile_rocket") (objectowner "Chucklenuts<3><BOT><Red>") (attacker_position "1530 -817 -141")
L 10/08/2014 - 08:24:19: "Chell<8><BOT><Blue>" triggered "killedobject" (object "OBJ_SENTRYGUN") (objectowner "Chucklenuts<3><BOT><Red>") (assist "1") (assister_position "1544 -807 -143") (attacker_position "1530 -817 -141")
L 10/08/2014 - 08:24:31: "Totally Not A Bot<9><BOT><Red>" stuck (position "2352.58 -1458.41 7.18") (duration "3.15") L 10/08/2014 - 08:24:31:    path_goal ( "2325.00 -1562.50 0.03" )
L 10/08/2014 - 08:24:31: "Totally Not A Bot<9><BOT><Red>" stuck (position "2344.17 -1467.24 7.18") (duration "3.26") L 10/08/2014 - 08:24:31:    path_goal ( "2325.00 -1562.50 0.03" )
L 10/08/2014 - 08:24:34: "Totally Not A Bot<9><BOT><Red>" triggered "chargedeployed"
L 10/08/2014 - 08:24:37: "Chucklenuts<3><BOT><Red>" stuck (position "2418.03 -1870.38 -127.32") (duration "3.57") L 10/08/2014 - 08:24:37:    path_goal ( "NULL" )
L 10/08/2014 - 08:24:37: "Chucklenuts<3><BOT><Red>" stuck (position "2416.74 -1862.18 -102.02") (duration "3.67") L 10/08/2014 - 08:24:37:    path_goal ( "2400.00 -1875.00 -127.97" )
L 10/08/2014 - 08:24:38: "Chucklenuts<3><BOT><Red>" stuck (position "2402.34 -1861.98 -127.97") (duration "4.72") L 10/08/2014 - 08:24:38:    path_goal ( "2400.00 -1875.00 -127.97" )
L 10/08/2014 - 08:24:39: "Chucklenuts<3><BOT><Red>" stuck (position "2409.79 -1870.37 -127.65") (duration "0.52") L 10/08/2014 - 08:24:39:    path_goal ( "2400.00 -1875.00 -127.97" )
L 10/08/2014 - 08:24:40: "Chucklenuts<3><BOT><Red>" stuck (position "2419.86 -1864.16 -127.32") (duration "1.57") L 10/08/2014 - 08:24:40:    path_goal ( "2262.50 -1937.50 -128.92" )
L 10/08/2014 - 08:24:43: "Mega Baboon<2><BOT><Blue>" stuck (position "2711.97 -1010.69 -47.97") (duration "2.62") L 10/08/2014 - 08:24:43:    path_goal ( "2712.50 -915.00 -47.97" )
L 10/08/2014 - 08:24:43: "Mega Baboon<2><BOT><Blue>" stuck (position "2711.97 -976.66 -22.66") (duration "2.73") L 10/08/2014 - 08:24:43:    path_goal ( "2712.50 -915.00 -47.97" )
L 10/08/2014 - 08:24:46: "Chucklenuts<3><BOT><Red>" triggered "player_builtobject" (object "OBJ_SENTRYGUN") (position "2068 -1845 -135")
L 10/08/2014 - 08:24:49: "WITCH<4><BOT><Blue>" killed "H@XX0RZ<7><BOT><Red>" with "shotgun_soldier" (attacker_position "2144 -1105 -142") (victim_position "2463 -1233 -127")
L 10/08/2014 - 08:24:49: "Chell<8><BOT><Blue>" triggered "kill assist" against "H@XX0RZ<7><BOT><Red>" (assister_position "2213 -1163 -138") (attacker_position "2144 -1105 -142") (victim_position "2463 -1233 -127")
L 10/08/2014 - 08:24:49: "H@XX0RZ<7><BOT><Red>" changed role to "soldier"
L 10/08/2014 - 08:24:51: "WITCH<4><BOT><Blue>" triggered "medic_death" against "Totally Not A Bot<9><BOT><Red>" (healing "1360") (ubercharge "0")
L 10/08/2014 - 08:24:51: "WITCH<4><BOT><Blue>" killed "Totally Not A Bot<9><BOT><Red>" with "shotgun_soldier" (attacker_position "2157 -1089 -142") (victim_position "2080 -1304 -142")
L 10/08/2014 - 08:24:51: "Chell<8><BOT><Blue>" triggered "kill assist" against "Totally Not A Bot<9><BOT><Red>" (assister_position "2213 -1163 -138") (attacker_position "2157 -1089 -142") (victim_position "2080 -1304 -142")
L 10/08/2014 - 08:24:55: "WITCH<4><BOT><Blue>" triggered "killedobject" (object "OBJ_SENTRYGUN") (weapon "tf_projectile_rocket") (objectowner "Chucklenuts<3><BOT><Red>") (attacker_position "1936 -1346 -125")
L 10/08/2014 - 08:24:55: "Chell<8><BOT><Blue>" triggered "killedobject" (object "OBJ_SENTRYGUN") (objectowner "Chucklenuts<3><BOT><Red>") (assist "1") (assister_position "2024 -1251 -139") (attacker_position "1936 -1346 -125")
L 10/08/2014 - 08:24:59: "WITCH<4><BOT><Blue>" triggered "killedobject" (object "OBJ_TELEPORTER") (weapon "tf_projectile_rocket") (objectowner "Still Alive<5><BOT><Red>") (attacker_position "1956 -1313 -125")
L 10/08/2014 - 08:24:59: "Chell<8><BOT><Blue>" triggered "killedobject" (object "OBJ_TELEPORTER") (objectowner "Still Alive<5><BOT><Red>") (assist "1") (assister_position "1897 -1324 -124") (attacker_position "1956 -1313 -125")
L 10/08/2014 - 08:24:59: "Chucklenuts<3><BOT><Red>" triggered "player_builtobject" (object "OBJ_SENTRYGUN") (position "1376 -1684 -142")
L 10/08/2014 - 08:25:00: "WITCH<4><BOT><Blue>" killed "Chucklenuts<3><BOT><Red>" with "tf_projectile_rocket" (attacker_position "1904 -1236 -117") (victim_position "1410 -1691 -142")
L 10/08/2014 - 08:25:00: "Chell<8><BOT><Blue>" triggered "kill assist" against "Chucklenuts<3><BOT><Red>" (assister_position "1897 -1324 -124") (attacker_position "1904 -1236 -117") (victim_position "1410 -1691 -142")
L 10/08/2014 - 08:25:00: "WITCH<4><BOT><Blue>" triggered "killedobject" (object "OBJ_SENTRYGUN") (weapon "tf_projectile_rocket") (objectowner "Chucklenuts<3><BOT><Red>") (attacker_position "1904 -1236 -117")
L 10/08/2014 - 08:25:00: "Chell<8><BOT><Blue>" triggered "killedobject" (object "OBJ_SENTRYGUN") (objectowner "Chucklenuts<3><BOT><Red>") (assist "1") (assister_position "1897 -1324 -124") (attacker_position "1904 -1236 -117")
L 10/08/2014 - 08:25:02: "WITCH<4><BOT><Blue>" triggered "killedobject" (object "OBJ_DISPENSER") (weapon "tf_projectile_rocket") (objectowner "Still Alive<5><BOT><Red>") (attacker_position "1823 -1524 -127")
L 10/08/2014 - 08:25:02: "Chell<8><BOT><Blue>" triggered "killedobject" (object "OBJ_DISPENSER") (objectowner "Still Alive<5><BOT><Red>") (assist "1") (assister_position "1831 -1420 -127") (attacker_position "1823 -1524 -127")
L 10/08/2014 - 08:25:05: "Chell<8><BOT><Blue>" triggered "chargedeployed"
L 10/08/2014 - 08:25:05: "Mega Baboon<2><BOT><Blue>" stuck (position "1453.27 851.97 -125.73") (duration "2.84") L 10/08/2014 - 08:25:05:    path_goal ( "1062.50 2150.00 -63.97" )
L 10/08/2014 - 08:25:12: "WITCH<4><BOT><Blue>" triggered "killedobject" (object "OBJ_SENTRYGUN") (weapon "tf_projectile_rocket") (objectowner "Still Alive<5><BOT><Red>") (attacker_position "958 -2269 -126")
L 10/08/2014 - 08:25:12: "Chell<8><BOT><Blue>" triggered "killedobject" (object "OBJ_SENTRYGUN") (objectowner "Still Alive<5><BOT><Red>") (assist "1") (assister_position "964 -2235 -127") (attacker_position "958 -2269 -126")
L 10/08/2014 - 08:25:14: Team "Blue" triggered "pointcaptured" (cp "2") (cpname "#Dustbowl_cap_2_A") (numcappers "1") (player1 "Me<6><BOT><Blue>") (position1 "2263 -1589 7") 
L 10/08/2014 - 08:25:21: "Mega Baboon<2><BOT><Blue>" stuck (position "1432.03 851.97 -121.35") (duration "2.52") L 10/08/2014 - 08:25:21:    path_goal ( "-550.00 2175.00 -415.22" )
L 10/08/2014 - 08:25:26: "Totally Not A Bot<9><BOT><Red>" stuck (position "-2182.28 -2181.36 -159.97") (duration "3.15") L 10/08/2014 - 08:25:26:    path_goal ( "NULL" )
L 10/08/2014 - 08:25:26: "Totally Not A Bot<9><BOT><Red>" stuck (position "-2172.86 -2177.57 -134.66") (duration "3.25") L 10/08/2014 - 08:25:26:    path_goal ( "NULL" )
L 10/08/2014 - 08:25:27: "Totally Not A Bot<9><BOT><Red>" stuck (position "-2161.02 -2162.31 -159.97") (duration "4.30") L 10/08/2014 - 08:25:27:    path_goal ( "NULL" )
L 10/08/2014 - 08:25:28: "Totally Not A Bot<9><BOT><Red>" stuck (position "-2139.60 -2120.04 -159.97") (duration "5.35") L 10/08/2014 - 08:25:28:    path_goal ( "-2100.00 -2000.00 -159.97" )
L 10/08/2014 - 08:25:28: "Chucklenuts<3><BOT><Red>" triggered "player_builtobject" (object "OBJ_SENTRYGUN") (position "-950 -2480 -127")
L 10/08/2014 - 08:25:31: "Mega Baboon<2><BOT><Blue>" stuck (position "2210.96 1560.00 -223.97") (duration "2.52") L 10/08/2014 - 08:25:31:    path_goal ( "2150.00 1775.00 -197.87" )
L 10/08/2014 - 08:25:36: "Me<6><BOT><Blue>" killed "Still Alive<5><BOT><Red>" with "tf_projectile_pipe" (attacker_position "1869 -1406 -127") (victim_position "1512 -1960 -127")
L 10/08/2014 - 08:25:36: "WITCH<4><BOT><Blue>" triggered "kill assist" against "Still Alive<5><BOT><Red>" (assister_position "1602 -1539 -127") (attacker_position "1869 -1406 -127") (victim_position "1512 -1960 -127")
L 10/08/2014 - 08:25:36: "WITCH<4><BOT><Blue>" triggered "domination" against "Still Alive<5><BOT><Red>" (assist "1")
L 10/08/2014 - 08:25:36: "Me<6><BOT><Blue>" triggered "revenge" against "Still Alive<5><BOT><Red>"
L 10/08/2014 - 08:25:36: "Still Alive<5><BOT><Red>" changed role to "heavyweapons"
L 10/08/2014 - 08:25:46: "Chucklenuts<3><BOT><Red>" triggered "player_builtobject" (object "OBJ_DISPENSER") (position "-950 -2486 -127")
L 10/08/2014 - 08:25:58: "H@XX0RZ<7><BOT><Red>" killed "Mega Baboon<2><BOT><Blue>" with "tf_projectile_rocket" (attacker_position "1481 -2144 -127") (victim_position "1537 -1989 -127")
L 10/08/2014 - 08:25:58: "Totally Not A Bot<9><BOT><Red>" triggered "kill assist" against "Mega Baboon<2><BOT><Blue>" (assister_position "1295 -2101 -127") (attacker_position "1481 -2144 -127") (victim_position "1537 -1989 -127")
L 10/08/2014 - 08:26:03: "WITCH<4><BOT><Blue>" triggered "medic_death" against "Totally Not A Bot<9><BOT><Red>" (healing "319") (ubercharge "0")
L 10/08/2014 - 08:26:03: "WITCH<4><BOT><Blue>" killed "Totally Not A Bot<9><BOT><Red>" with "tf_projectile_rocket" (attacker_position "1508 -2084 -127") (victim_position "1558 -2112 -127")
L 10/08/2014 - 08:26:03: "Chell<8><BOT><Blue>" triggered "kill assist" against "Totally Not A Bot<9><BOT><Red>" (assister_position "1542 -1837 -133") (attacker_position "1508 -2084 -127") (victim_position "1558 -2112 -127")
L 10/08/2014 - 08:26:11: "Chell<8><BOT><Blue>" killed "H@XX0RZ<7><BOT><Red>" with "syringegun_medic" (attacker_position "1473 -2140 -127") (victim_position "1425 -2103 -127")
L 10/08/2014 - 08:26:11: "WITCH<4><BOT><Blue>" triggered "kill assist" against "H@XX0RZ<7><BOT><Red>" (assister_position "1216 -1960 1") (attacker_position "1473 -2140 -127") (victim_position "1425 -2103 -127")
L 10/08/2014 - 08:26:11: "H@XX0RZ<7><BOT><Red>" changed role to "demoman"
L 10/08/2014 - 08:26:20: "Still Alive<5><BOT><Red>" killed "Me<6><BOT><Blue>" with "minigun" (attacker_position "396 -2314 -113") (victim_position "707 -2231 -124")
L 10/08/2014 - 08:26:20: "Me<6><BOT><Blue>" changed role to "pyro"
L 10/08/2014 - 08:26:22: "WITCH<4><BOT><Blue>" killed "Still Alive<5><BOT><Red>" with "tf_projectile_rocket" (attacker_position "544 -2250 -127") (victim_position "395 -2324 -110")
L 10/08/2014 - 08:26:22: "Me<6><BOT><Blue>" triggered "kill assist" against "Still Alive<5><BOT><Red>" (assister_position "707 -2231 -36") (attacker_position "544 -2250 -127") (victim_position "395 -2324 -110")
L 10/08/2014 - 08:26:22: "Still Alive<5><BOT><Red>" changed role to "engineer"
L 10/08/2014 - 08:26:30: "Totally Not A Bot<9><BOT><Red>" stuck (position "-1860.26 -2314.26 -159.97") (duration "3.15") L 10/08/2014 - 08:26:30:    path_goal ( "NULL" )
L 10/08/2014 - 08:26:30: "Totally Not A Bot<9><BOT><Red>" stuck (position "-1837.31 -2327.97 -134.66") (duration "3.26") L 10/08/2014 - 08:26:30:    path_goal ( "NULL" )
L 10/08/2014 - 08:26:32: "Totally Not A Bot<9><BOT><Red>" stuck (position "-1833.28 -2276.35 -159.97") (duration "4.30") L 10/08/2014 - 08:26:32:    path_goal ( "NULL" )
L 10/08/2014 - 08:26:33: "Totally Not A Bot<9><BOT><Red>" stuck (position "-1869.96 -2304.70 -159.97") (duration "5.35") L 10/08/2014 - 08:26:33:    path_goal ( "NULL" )
L 10/08/2014 - 08:26:34: "Totally Not A Bot<9><BOT><Red>" stuck (position "-1857.73 -2322.45 -159.97") (duration "0.21") L 10/08/2014 - 08:26:34:    path_goal ( "-1860.37 -2250.00 -159.97" )
L 10/08/2014 - 08:26:46: "Still Alive<5><BOT><Red>" triggered "player_builtobject" (object "OBJ_TELEPORTER") (position "-1737 -1690 -127")
L 10/08/2014 - 08:26:48: "H@XX0RZ<7><BOT><Red>" killed "Mega Baboon<2><BOT><Blue>" with "tf_projectile_pipe" (attacker_position "-236 -1719 -149") (victim_position "-409 -1247 -117")
L 10/08/2014 - 08:26:48: "Totally Not A Bot<9><BOT><Red>" triggered "kill assist" against "Mega Baboon<2><BOT><Blue>" (assister_position "-491 -1818 -159") (attacker_position "-236 -1719 -149") (victim_position "-409 -1247 -117")
L 10/08/2014 - 08:26:52: "Still Alive<5><BOT><Red>" triggered "player_builtobject" (object "OBJ_SENTRYGUN") (position "-1337 -2282 -126")
L 10/08/2014 - 08:27:00: "Me<6><BOT><Blue>" triggered "medic_death" against "Totally Not A Bot<9><BOT><Red>" (healing "398") (ubercharge "0")
L 10/08/2014 - 08:27:00: "Me<6><BOT><Blue>" killed "Totally Not A Bot<9><BOT><Red>" with "flamethrower" (attacker_position "1096 -2133 -127") (victim_position "1193 -2216 -127")
L 10/08/2014 - 08:27:00: "WITCH<4><BOT><Blue>" triggered "kill assist" against "Totally Not A Bot<9><BOT><Red>" (assister_position "663 -1901 -126") (attacker_position "1096 -2133 -127") (victim_position "1193 -2216 -127")
L 10/08/2014 - 08:27:00: "WITCH<4><BOT><Blue>" triggered "domination" against "Totally Not A Bot<9><BOT><Red>" (assist "1")
L 10/08/2014 - 08:27:01: "Me<6><BOT><Blue>" killed "H@XX0RZ<7><BOT><Red>" with "flamethrower" (attacker_position "1141 -2192 -127") (victim_position "1189 -2197 -127")
L 10/08/2014 - 08:27:02: "H@XX0RZ<7><BOT><Red>" changed role to "soldier"
L 10/08/2014 - 08:27:09: "Chucklenuts<3><BOT><Red>" killed "Me<6><BOT><Blue>" with "obj_sentrygun3" (attacker_position "-746 -2498 -124") (victim_position "-170 -2480 -122")
L 10/08/2014 - 08:27:09: "Me<6><BOT><Blue>" changed role to "demoman"
L 10/08/2014 - 08:27:22: "Totally Not A Bot<9><BOT><Red>" stuck (position "-1878.95 -2099.11 -159.97") (duration "3.15") L 10/08/2014 - 08:27:22:    path_goal ( "NULL" )
L 10/08/2014 - 08:27:22: "Totally Not A Bot<9><BOT><Red>" stuck (position "-1871.88 -2116.72 -134.66") (duration "3.26") L 10/08/2014 - 08:27:22:    path_goal ( "NULL" )
L 10/08/2014 - 08:27:23: "Totally Not A Bot<9><BOT><Red>" stuck (position "-1904.30 -2124.86 -159.97") (duration "4.30") L 10/08/2014 - 08:27:23:    path_goal ( "NULL" )
L 10/08/2014 - 08:27:24: "Totally Not A Bot<9><BOT><Red>" stuck (position "-1887.83 -2125.95 -159.97") (duration "5.35") L 10/08/2014 - 08:27:24:    path_goal ( "NULL" )
L 10/08/2014 - 08:27:25: "Totally Not A Bot<9><BOT><Red>" stuck (position "-1887.78 -2116.83 -159.97") (duration "6.41") L 10/08/2014 - 08:27:25:    path_goal ( "-1987.50 -2000.00 -159.97" )
L 10/08/2014 - 08:27:31: "Chucklenuts<3><BOT><Red>" killed "Mega Baboon<2><BOT><Blue>" with "obj_sentrygun3" (attacker_position "-919 -2427 -125") (victim_position "68 -2518 -127")
L 10/08/2014 - 08:27:54: "Still Alive<5><BOT><Red>" triggered "player_builtobject" (object "OBJ_DISPENSER") (position "-1349 -2257 -126")
L 10/08/2014 - 08:28:04: "Chucklenuts<3><BOT><Red>" killed "Mega Baboon<2><BOT><Blue>" with "obj_sentrygun3" (attacker_position "-916 -2429 -125") (victim_position "41 -2525 -124")
L 10/08/2014 - 08:28:05: "Still Alive<5><BOT><Red>" triggered "player_builtobject" (object "OBJ_TELEPORTER") (position "-1371 -2235 -128")
L 10/08/2014 - 08:28:08: "Chucklenuts<3><BOT><Red>" killed "Me<6><BOT><Blue>" with "obj_sentrygun3" (attacker_position "-916 -2429 -125") (victim_position "-71 -2280 -117")
L 10/08/2014 - 08:28:11: "Chell<8><BOT><Blue>" triggered "chargedeployed"
L 10/08/2014 - 08:28:40: "Chucklenuts<3><BOT><Red>" killed "Mega Baboon<2><BOT><Blue>" with "obj_sentrygun3" (attacker_position "-916 -2429 -125") (victim_position "152 -2207 -111")
L 10/08/2014 - 08:28:40: "Chucklenuts<3><BOT><Red>" triggered "domination" against "Mega Baboon<2><BOT><Blue>"
L 10/08/2014 - 08:28:43: "Chucklenuts<3><BOT><Red>" killed "WITCH<4><BOT><Blue>" with "obj_sentrygun3" (attacker_position "-916 -2429 -125") (victim_position "16 -2553 -123")
L 10/08/2014 - 08:28:43: "WITCH<4><BOT><Blue>" changed role to "demoman"
L 10/08/2014 - 08:28:43: "Chucklenuts<3><BOT><Red>" triggered "medic_death" against "Chell<8><BOT><Blue>" (healing "2055") (ubercharge "0")
L 10/08/2014 - 08:28:43: "Chucklenuts<3><BOT><Red>" killed "Chell<8><BOT><Blue>" with "obj_sentrygun3" (attacker_position "-916 -2429 -125") (victim_position "94 -2201 -114")
L 10/08/2014 - 08:29:18: "Still Alive<5><BOT><Red>" killed "Mega Baboon<2><BOT><Blue>" with "obj_sentrygun3" (attacker_position "-1280 -2227 -111") (victim_position "-1129 -1837 -159")
L 10/08/2014 - 08:29:18: "Still Alive<5><BOT><Red>" killed "Me<6><BOT><Blue>" with "obj_sentrygun3" (attacker_position "-1272 -2223 -111") (victim_position "-1081 -1846 -159")
L 10/08/2014 - 08:29:29: "WITCH<4><BOT><Blue>" killed "Chucklenuts<3><BOT><Red>" with "tf_projectile_pipe_remote" (attacker_position "36 -2177 -112") (victim_position "-934 -2466 -126")
L 10/08/2014 - 08:29:29: "Chell<8><BOT><Blue>" triggered "kill assist" against "Chucklenuts<3><BOT><Red>" (assister_position "122 -1966 -156") (attacker_position "36 -2177 -112") (victim_position "-934 -2466 -126")
L 10/08/2014 - 08:29:29: "WITCH<4><BOT><Blue>" triggered "killedobject" (object "OBJ_DISPENSER") (weapon "tf_projectile_pipe_remote") (objectowner "Chucklenuts<3><BOT><Red>") (attacker_position "36 -2177 -112")
L 10/08/2014 - 08:29:29: "Chell<8><BOT><Blue>" triggered "killedobject" (object "OBJ_DISPENSER") (objectowner "Chucklenuts<3><BOT><Red>") (assist "1") (assister_position "122 -1966 -156") (attacker_position "36 -2177 -112")
L 10/08/2014 - 08:29:29: "WITCH<4><BOT><Blue>" triggered "killedobject" (object "OBJ_SENTRYGUN") (weapon "tf_projectile_pipe_remote") (objectowner "Chucklenuts<3><BOT><Red>") (attacker_position "36 -2177 -112")
L 10/08/2014 - 08:29:29: "Chell<8><BOT><Blue>" triggered "killedobject" (object "OBJ_SENTRYGUN") (objectowner "Chucklenuts<3><BOT><Red>") (assist "1") (assister_position "122 -1966 -156") (attacker_position "36 -2177 -112")
L 10/08/2014 - 08:29:46: "WITCH<4><BOT><Blue>" triggered "killedobject" (object "OBJ_SENTRYGUN") (weapon "tf_projectile_pipe_remote") (objectowner "Still Alive<5><BOT><Red>") (attacker_position "-328 -2294 -125")
L 10/08/2014 - 08:29:46: "Chell<8><BOT><Blue>" triggered "killedobject" (object "OBJ_SENTRYGUN") (objectowner "Still Alive<5><BOT><Red>") (assist "1") (assister_position "-215 -2194 -125") (attacker_position "-328 -2294 -125")
L 10/08/2014 - 08:29:46: "WITCH<4><BOT><Blue>" triggered "killedobject" (object "OBJ_TELEPORTER") (weapon "tf_projectile_pipe_remote") (objectowner "Still Alive<5><BOT><Red>") (attacker_position "-328 -2294 -125")
L 10/08/2014 - 08:29:46: "Chell<8><BOT><Blue>" triggered "killedobject" (object "OBJ_TELEPORTER") (objectowner "Still Alive<5><BOT><Red>") (assist "1") (assister_position "-215 -2194 -125") (attacker_position "-328 -2294 -125")
L 10/08/2014 - 08:29:49: "Totally Not A Bot<9><BOT><Red>" triggered "chargedeployed"
L 10/08/2014 - 08:29:56: "Chucklenuts<3><BOT><Red>" stuck (position "-2106.96 -1716.09 -191.97") (duration "3.36") L 10/08/2014 - 08:29:56:    path_goal ( "-2150.00 -1694.57 -190.12" )
L 10/08/2014 - 08:29:56: "Chucklenuts<3><BOT><Red>" stuck (position "-2106.96 -1704.62 -166.66") (duration "3.46") L 10/08/2014 - 08:29:56:    path_goal ( "-2150.00 -1700.00 -190.12" )
L 10/08/2014 - 08:29:57: "Chucklenuts<3><BOT><Red>" stuck (position "2290.15 -970.43 -115.94") (duration "0.11") L 10/08/2014 - 08:29:57:    path_goal ( "2450.00 -1000.00 -127.97" )
L 10/08/2014 - 08:29:58: "Chucklenuts<3><BOT><Red>" stuck (position "2352.17 -1002.05 -127.97") (duration "0.73") L 10/08/2014 - 08:29:58:    path_goal ( "2450.00 -1000.00 -127.97" )
L 10/08/2014 - 08:30:00: "Still Alive<5><BOT><Red>" triggered "player_builtobject" (object "OBJ_SENTRYGUN") (position "-1698 -1834 -45")
L 10/08/2014 - 08:30:07: "H@XX0RZ<7><BOT><Red>" killed "Mega Baboon<2><BOT><Blue>" with "shotgun_soldier" (attacker_position "-534 -2324 0") (victim_position "-517 -1810 0")
L 10/08/2014 - 08:30:07: "Totally Not A Bot<9><BOT><Red>" triggered "kill assist" against "Mega Baboon<2><BOT><Blue>" (assister_position "-600 -2290 0") (attacker_position "-534 -2324 0") (victim_position "-517 -1810 0")
L 10/08/2014 - 08:30:19: "Chucklenuts<3><BOT><Red>" triggered "player_builtobject" (object "OBJ_SENTRYGUN") (position "-1473 -2626 -123")
L 10/08/2014 - 08:30:23: "Still Alive<5><BOT><Red>" stuck (position "-1415.97 -2019.89 -132.22") (duration "3.36") L 10/08/2014 - 08:30:23:    path_goal ( "-1477.46 -2035.88 -46.18" )
L 10/08/2014 - 08:30:23: "Still Alive<5><BOT><Red>" stuck (position "-1405.80 -2024.12 -131.17") (duration "3.47") L 10/08/2014 - 08:30:23:    path_goal ( "-1477.46 -2035.88 -46.18" )
L 10/08/2014 - 08:30:24: "Still Alive<5><BOT><Red>" stuck (position "-1415.97 -2019.84 -132.22") (duration "4.52") L 10/08/2014 - 08:30:24:    path_goal ( "-1477.46 -2035.88 -132.41" )
L 10/08/2014 - 08:30:25: "H@XX0RZ<7><BOT><Red>" stuck (position "-1068.50 -2283.70 -59.72") (duration "4.62") L 10/08/2014 - 08:30:25:    path_goal ( "-1062.50 -2287.50 -59.72" )
L 10/08/2014 - 08:30:30: "Still Alive<5><BOT><Red>" stuck (position "-1415.97 -2019.84 -132.22") (duration "3.36") L 10/08/2014 - 08:30:30:    path_goal ( "-1477.46 -2035.88 -46.18" )
L 10/08/2014 - 08:30:30: "Still Alive<5><BOT><Red>" stuck (position "-1415.97 -2019.84 -132.22") (duration "3.47") L 10/08/2014 - 08:30:30:    path_goal ( "-1477.46 -2035.88 -46.18" )
L 10/08/2014 - 08:30:30: "Still Alive<5><BOT><Red>" killed "Me<6><BOT><Blue>" with "obj_sentrygun" (attacker_position "-1415 -2008 -135") (victim_position "-582 -1776 -154")
L 10/08/2014 - 08:30:35: "Still Alive<5><BOT><Red>" stuck (position "-1415.97 -2019.84 -132.22") (duration "3.36") L 10/08/2014 - 08:30:35:    path_goal ( "-1477.46 -2035.88 -46.18" )
L 10/08/2014 - 08:30:35: "Still Alive<5><BOT><Red>" stuck (position "-1415.97 -2011.63 -134.83") (duration "3.46") L 10/08/2014 - 08:30:35:    path_goal ( "-1477.46 -2035.88 -46.18" )
L 10/08/2014 - 08:30:39: "Still Alive<5><BOT><Red>" stuck (position "-1411.66 -2050.83 -129.70") (duration "3.36") L 10/08/2014 - 08:30:39:    path_goal ( "-1477.46 -2035.88 -46.18" )
L 10/08/2014 - 08:30:40: "Still Alive<5><BOT><Red>" stuck (position "-1411.97 -2042.98 -104.39") (duration "3.46") L 10/08/2014 - 08:30:40:    path_goal ( "-1477.46 -2035.88 -46.18" )
L 10/08/2014 - 08:30:44: "Still Alive<5><BOT><Red>" stuck (position "-1415.99 -2037.09 -129.69") (duration "3.36") L 10/08/2014 - 08:30:44:    path_goal ( "-1477.46 -2035.88 -46.18" )
L 10/08/2014 - 08:30:44: "Still Alive<5><BOT><Red>" stuck (position "-1415.99 -2040.25 -129.52") (duration "3.47") L 10/08/2014 - 08:30:44:    path_goal ( "-1477.46 -2035.88 -46.18" )
L 10/08/2014 - 08:30:49: "Still Alive<5><BOT><Red>" stuck (position "-1416.00 -2041.55 -129.49") (duration "3.39") L 10/08/2014 - 08:30:49:    path_goal ( "-1477.46 -2035.88 -46.18" )
L 10/08/2014 - 08:30:49: "Still Alive<5><BOT><Red>" stuck (position "-1416.00 -2040.29 -129.51") (duration "3.49") L 10/08/2014 - 08:30:49:    path_goal ( "-1477.46 -2035.88 -46.18" )
L 10/08/2014 - 08:30:50: "Chucklenuts<3><BOT><Red>" killed "Mega Baboon<2><BOT><Blue>" with "obj_sentrygun2" (attacker_position "-1426 -2286 -127") (victim_position "-936 -1772 0")
L 10/08/2014 - 08:30:50: "Still Alive<5><BOT><Red>" triggered "kill assist" against "Mega Baboon<2><BOT><Blue>" (assister_position "-1364 -2004 -140") (attacker_position "-1426 -2286 -127") (victim_position "-936 -1772 0")
L 10/08/2014 - 08:30:57: "Still Alive<5><BOT><Red>" stuck (position "-1412.55 -2013.91 -134.42") (duration "3.36") L 10/08/2014 - 08:30:57:    path_goal ( "-1477.46 -2035.88 -46.18" )
L 10/08/2014 - 08:30:57: "Still Alive<5><BOT><Red>" stuck (position "-1415.97 -1999.54 -135.33") (duration "3.47") L 10/08/2014 - 08:30:57:    path_goal ( "-1477.46 -2035.88 -46.18" )
L 10/08/2014 - 08:31:02: "Still Alive<5><BOT><Red>" stuck (position "-1411.84 -2020.56 -132.22") (duration "3.36") L 10/08/2014 - 08:31:02:    path_goal ( "-1477.46 -2035.88 -46.18" )
L 10/08/2014 - 08:31:03: "Still Alive<5><BOT><Red>" stuck (position "-1404.83 -2023.25 -106.92") (duration "3.46") L 10/08/2014 - 08:31:03:    path_goal ( "-1477.46 -2035.88 -46.18" )
L 10/08/2014 - 08:31:07: "Still Alive<5><BOT><Red>" stuck (position "-1411.32 -2048.83 -129.74") (duration "3.36") L 10/08/2014 - 08:31:07:    path_goal ( "-1477.46 -2035.88 -46.18" )
L 10/08/2014 - 08:31:07: "Still Alive<5><BOT><Red>" stuck (position "-1411.80 -2040.02 -104.43") (duration "3.46") L 10/08/2014 - 08:31:07:    path_goal ( "-1477.46 -2035.88 -46.18" )
L 10/08/2014 - 08:31:12: "Still Alive<5><BOT><Red>" stuck (position "-1415.97 -2019.92 -132.22") (duration "3.36") L 10/08/2014 - 08:31:12:    path_goal ( "-1477.46 -2035.88 -46.18" )
L 10/08/2014 - 08:31:12: "Still Alive<5><BOT><Red>" stuck (position "-1415.97 -2019.92 -132.22") (duration "3.46") L 10/08/2014 - 08:31:12:    path_goal ( "-1477.46 -2035.88 -46.18" )
L 10/08/2014 - 08:31:14: "H@XX0RZ<7><BOT><Red>" stuck (position "-1031.22 -2479.94 -127.29") (duration "4.20") L 10/08/2014 - 08:31:14:    path_goal ( "-1052.66 -2527.75 -77.97" )
L 10/08/2014 - 08:31:15: "Chucklenuts<3><BOT><Red>" triggered "player_builtobject" (object "OBJ_DISPENSER") (position "-1489 -2630 -125")
L 10/08/2014 - 08:31:16: "Still Alive<5><BOT><Red>" stuck (position "-1415.97 -2019.99 -132.19") (duration "3.36") L 10/08/2014 - 08:31:16:    path_goal ( "-1477.46 -2035.88 -46.18" )
L 10/08/2014 - 08:31:16: "Still Alive<5><BOT><Red>" stuck (position "-1415.97 -2012.01 -134.71") (duration "3.47") L 10/08/2014 - 08:31:16:    path_goal ( "-1477.46 -2035.88 -46.18" )
L 10/08/2014 - 08:31:21: "Still Alive<5><BOT><Red>" stuck (position "-1415.97 -2019.84 -132.22") (duration "3.36") L 10/08/2014 - 08:31:21:    path_goal ( "-1477.46 -2035.88 -46.18" )
L 10/08/2014 - 08:31:21: "Still Alive<5><BOT><Red>" stuck (position "-1415.97 -2019.84 -132.22") (duration "3.46") L 10/08/2014 - 08:31:21:    path_goal ( "-1477.46 -2035.88 -46.18" )
L 10/08/2014 - 08:31:25: "Still Alive<5><BOT><Red>" stuck (position "-1415.97 -2019.98 -132.19") (duration "3.36") L 10/08/2014 - 08:31:25:    path_goal ( "-1477.46 -2035.88 -46.18" )
L 10/08/2014 - 08:31:25: "Still Alive<5><BOT><Red>" stuck (position "-1415.97 -2019.98 -132.19") (duration "3.46") L 10/08/2014 - 08:31:25:    path_goal ( "-1477.46 -2035.88 -46.18" )
L 10/08/2014 - 08:31:28: "Mega Baboon<2><BOT><Blue>" stuck (position "-38.24 -2595.98 -127.10") (duration "2.52") L 10/08/2014 - 08:31:28:    path_goal ( "-37.65 -2563.03 -126.71" )
L 10/08/2014 - 08:31:28: "Mega Baboon<2><BOT><Blue>" stuck (position "-60.00 -2587.01 -101.79") (duration "2.62") L 10/08/2014 - 08:31:28:    path_goal ( "-37.65 -2563.03 -126.71" )
L 10/08/2014 - 08:31:29: "Mega Baboon<2><BOT><Blue>" stuck (position "-25.04 -2557.19 -127.40") (duration "3.68") L 10/08/2014 - 08:31:29:    path_goal ( "-37.65 -2563.03 -126.71" )
L 10/08/2014 - 08:31:30: "Still Alive<5><BOT><Red>" stuck (position "-1415.97 -2019.98 -132.19") (duration "3.36") L 10/08/2014 - 08:31:30:    path_goal ( "-1477.46 -2035.88 -46.18" )
L 10/08/2014 - 08:31:30: "Still Alive<5><BOT><Red>" stuck (position "-1415.97 -2019.98 -132.19") (duration "3.46") L 10/08/2014 - 08:31:30:    path_goal ( "-1477.46 -2035.88 -46.18" )
L 10/08/2014 - 08:31:34: "Still Alive<5><BOT><Red>" stuck (position "-1411.97 -2033.06 -130.21") (duration "3.36") L 10/08/2014 - 08:31:34:    path_goal ( "-1477.46 -2035.88 -46.18" )
L 10/08/2014 - 08:31:34: "Still Alive<5><BOT><Red>" stuck (position "-1411.97 -2016.77 -104.91") (duration "3.46") L 10/08/2014 - 08:31:34:    path_goal ( "-1477.46 -2035.88 -46.18" )
L 10/08/2014 - 08:31:38: "Still Alive<5><BOT><Red>" stuck (position "-1415.97 -2019.84 -132.22") (duration "3.36") L 10/08/2014 - 08:31:38:    path_goal ( "-1477.46 -2035.88 -46.18" )
L 10/08/2014 - 08:31:38: "Still Alive<5><BOT><Red>" stuck (position "-1415.97 -2012.15 -134.66") (duration "3.46") L 10/08/2014 - 08:31:38:    path_goal ( "-1477.46 -2035.88 -46.18" )
L 10/08/2014 - 08:31:39: "Chell<8><BOT><Blue>" triggered "chargedeployed"
L 10/08/2014 - 08:31:42: "Still Alive<5><BOT><Red>" stuck (position "-1412.00 -2049.47 -129.68") (duration "3.36") L 10/08/2014 - 08:31:42:    path_goal ( "-1477.46 -2035.88 -46.18" )
L 10/08/2014 - 08:31:42: "Still Alive<5><BOT><Red>" stuck (position "-1412.00 -2040.66 -104.38") (duration "3.46") L 10/08/2014 - 08:31:42:    path_goal ( "-1477.46 -2035.88 -46.18" )
L 10/08/2014 - 08:31:48: "Still Alive<5><BOT><Red>" stuck (position "-1415.97 -2019.84 -132.22") (duration "3.36") L 10/08/2014 - 08:31:48:    path_goal ( "-1477.46 -2035.88 -46.18" )
L 10/08/2014 - 08:31:48: "Still Alive<5><BOT><Red>" stuck (position "-1415.97 -2019.84 -132.22") (duration "3.46") L 10/08/2014 - 08:31:48:    path_goal ( "-1477.46 -2035.88 -46.18" )
L 10/08/2014 - 08:31:49: "Me<6><BOT><Blue>" triggered "killedobject" (object "OBJ_DISPENSER") (weapon "tf_projectile_pipe_remote") (objectowner "Chucklenuts<3><BOT><Red>") (attacker_position "-519 -2126 26")
L 10/08/2014 - 08:31:49: "Me<6><BOT><Blue>" triggered "killedobject" (object "OBJ_SENTRYGUN") (weapon "tf_projectile_pipe_remote") (objectowner "Chucklenuts<3><BOT><Red>") (attacker_position "-519 -2126 26")
L 10/08/2014 - 08:31:52: "Still Alive<5><BOT><Red>" triggered "medic_death" against "Chell<8><BOT><Blue>" (healing "580") (ubercharge "0")
L 10/08/2014 - 08:31:52: "Still Alive<5><BOT><Red>" killed "Chell<8><BOT><Blue>" with "obj_sentrygun" (attacker_position "-1298 -2707 -121") (victim_position "-1128 -1960 -159")
L 10/08/2014 - 08:31:52: "H@XX0RZ<7><BOT><Red>" triggered "kill assist" against "Chell<8><BOT><Blue>" (assister_position "-1637 -2248 -127") (attacker_position "-1298 -2707 -121") (victim_position "-1128 -1960 -159")
L 10/08/2014 - 08:31:53: "H@XX0RZ<7><BOT><Red>" killed "WITCH<4><BOT><Blue>" with "tf_projectile_rocket" (attacker_position "-1660 -2385 -127") (victim_position "-963 -2365 -128")
L 10/08/2014 - 08:31:53: "Still Alive<5><BOT><Red>" triggered "kill assist" against "WITCH<4><BOT><Blue>" (assister_position "-1140 -2757 -114") (attacker_position "-1660 -2385 -127") (victim_position "-963 -2365 -128")
L 10/08/2014 - 08:31:53: "Still Alive<5><BOT><Red>" triggered "revenge" against "WITCH<4><BOT><Blue>" (assist "1")
L 10/08/2014 - 08:31:53: "Mega Baboon<2><BOT><Blue>" triggered "killedobject" (object "OBJ_SENTRYGUN") (weapon "pistol_scout") (objectowner "Still Alive<5><BOT><Red>") (attacker_position "-441 -1955 -152")
L 10/08/2014 - 08:32:00: "Still Alive<5><BOT><Red>" triggered "player_builtobject" (object "OBJ_SENTRYGUN") (position "-1201 -2076 -125")
L 10/08/2014 - 08:32:07: "Chucklenuts<3><BOT><Red>" triggered "player_builtobject" (object "OBJ_SENTRYGUN") (position "-1373 -2655 -115")
L 10/08/2014 - 08:32:07: "H@XX0RZ<7><BOT><Red>" killed "Mega Baboon<2><BOT><Blue>" with "tf_projectile_rocket" (attacker_position "-1620 -2430 -127") (victim_position "-442 -2401 -124")
L 10/08/2014 - 08:32:07: "Totally Not A Bot<9><BOT><Red>" triggered "kill assist" against "Mega Baboon<2><BOT><Blue>" (assister_position "-1668 -2485 -127") (attacker_position "-1620 -2430 -127") (victim_position "-442 -2401 -124")
L 10/08/2014 - 08:32:14: "Me<6><BOT><Blue>" triggered "killedobject" (object "OBJ_DISPENSER") (weapon "tf_projectile_pipe") (objectowner "Still Alive<5><BOT><Red>") (attacker_position "-1130 -1735 -152")
L 10/08/2014 - 08:32:14: "Me<6><BOT><Blue>" triggered "killedobject" (object "OBJ_SENTRYGUN") (weapon "tf_projectile_pipe") (objectowner "Still Alive<5><BOT><Red>") (attacker_position "-1099 -1776 -159")
L 10/08/2014 - 08:32:14: "Chucklenuts<3><BOT><Red>" killed "Me<6><BOT><Blue>" with "obj_sentrygun" (attacker_position "-1365 -2650 -116") (victim_position "-1103 -1836 -159")
L 10/08/2014 - 08:32:14: "Still Alive<5><BOT><Red>" triggered "kill assist" against "Me<6><BOT><Blue>" (assister_position "-1124 -2305 -74") (attacker_position "-1365 -2650 -116") (victim_position "-1103 -1836 -159")
L 10/08/2014 - 08:32:14: "Chucklenuts<3><BOT><Red>" triggered "domination" against "Me<6><BOT><Blue>"
L 10/08/2014 - 08:32:22: "Still Alive<5><BOT><Red>" triggered "player_builtobject" (object "OBJ_SENTRYGUN") (position "-1429 -2438 -127")
L 10/08/2014 - 08:32:32: "Chucklenuts<3><BOT><Red>" triggered "player_builtobject" (object "OBJ_DISPENSER") (position "-1401 -2677 -115")
L 10/08/2014 - 08:32:47: "WITCH<4><BOT><Blue>" stuck (position "1463.35 -102.22 -191.97") (duration "3.57") L 10/08/2014 - 08:32:47:    path_goal ( "1450.00 -475.00 -191.97" )
L 10/08/2014 - 08:33:08: "Chucklenuts<3><BOT><Red>" killed "WITCH<4><BOT><Blue>" with "obj_sentrygun2" (attacker_position "-1363 -2672 -115") (victim_position "-1445 -1734 -128")
L 10/08/2014 - 08:33:08: "Still Alive<5><BOT><Red>" triggered "kill assist" against "WITCH<4><BOT><Blue>" (assister_position "-1370 -2436 -127") (attacker_position "-1363 -2672 -115") (victim_position "-1445 -1734 -128")
L 10/08/2014 - 08:33:11: "Chucklenuts<3><BOT><Red>" killed "Me<6><BOT><Blue>" with "obj_sentrygun2" (attacker_position "-1402 -2619 -117") (victim_position "-1256 -1737 -152")
L 10/08/2014 - 08:33:11: "Still Alive<5><BOT><Red>" triggered "kill assist" against "Me<6><BOT><Blue>" (assister_position "-1409 -1807 -137") (attacker_position "-1402 -2619 -117") (victim_position "-1256 -1737 -152")
L 10/08/2014 - 08:33:11: "Still Alive<5><BOT><Red>" triggered "domination" against "Me<6><BOT><Blue>" (assist "1")
L 10/08/2014 - 08:33:13: "Me<6><BOT><Blue>" triggered "killedobject" (object "OBJ_SENTRYGUN") (weapon "tf_projectile_pipe") (objectowner "Still Alive<5><BOT><Red>") (attacker_position "-1256 -1737 -118")
L 10/08/2014 - 08:33:22: "Mega Baboon<2><BOT><Blue>" triggered "killedobject" (object "OBJ_DISPENSER") (weapon "pistol_scout") (objectowner "Chucklenuts<3><BOT><Red>") (attacker_position "-1071 -2762 -119")
L 10/08/2014 - 08:33:22: "Chell<8><BOT><Blue>" triggered "killedobject" (object "OBJ_DISPENSER") (objectowner "Chucklenuts<3><BOT><Red>") (assist "1") (assister_position "-936 -2743 -127") (attacker_position "-1071 -2762 -119")
L 10/08/2014 - 08:33:24: "H@XX0RZ<7><BOT><Red>" killed "Mega Baboon<2><BOT><Blue>" with "tf_projectile_rocket" (attacker_position "-1534 -2623 -127") (victim_position "-1146 -2819 -106")
L 10/08/2014 - 08:33:24: "Totally Not A Bot<9><BOT><Red>" triggered "kill assist" against "Mega Baboon<2><BOT><Blue>" (assister_position "-1484 -2606 -126") (attacker_position "-1534 -2623 -127") (victim_position "-1146 -2819 -106")
L 10/08/2014 - 08:33:28: "Still Alive<5><BOT><Red>" triggered "player_builtobject" (object "OBJ_SENTRYGUN") (position "-1594 -2189 -67")
L 10/08/2014 - 08:33:33: "Chucklenuts<3><BOT><Red>" triggered "player_builtobject" (object "OBJ_DISPENSER") (position "-1388 -2671 -115")
L 10/08/2014 - 08:33:57: "Me<6><BOT><Blue>" triggered "killedobject" (object "OBJ_SENTRYGUN") (weapon "tf_projectile_pipe") (objectowner "Still Alive<5><BOT><Red>") (attacker_position "-1038 -1870 -159")
L 10/08/2014 - 08:33:57: "Chell<8><BOT><Blue>" triggered "killedobject" (object "OBJ_SENTRYGUN") (objectowner "Still Alive<5><BOT><Red>") (assist "1") (assister_position "-924 -1807 -159") (attacker_position "-1038 -1870 -159")
L 10/08/2014 - 08:33:58: "H@XX0RZ<7><BOT><Red>" killed "WITCH<4><BOT><Blue>" with "tf_projectile_rocket" (attacker_position "-1647 -1821 -45") (victim_position "-1071 -1863 -159")
L 10/08/2014 - 08:33:58: "Totally Not A Bot<9><BOT><Red>" triggered "kill assist" against "WITCH<4><BOT><Blue>" (assister_position "-1585 -1797 -71") (attacker_position "-1647 -1821 -45") (victim_position "-1071 -1863 -159")
L 10/08/2014 - 08:33:58: "Totally Not A Bot<9><BOT><Red>" triggered "revenge" against "WITCH<4><BOT><Blue>" (assist "1")
L 10/08/2014 - 08:33:58: "H@XX0RZ<7><BOT><Red>" killed "Me<6><BOT><Blue>" with "world" (attacker_position "-1647 -1798 -45") (victim_position "-1128 -1862 -104")
L 10/08/2014 - 08:33:58: "Totally Not A Bot<9><BOT><Red>" triggered "kill assist" against "Me<6><BOT><Blue>" (assister_position "-1585 -1797 -71") (attacker_position "-1647 -1798 -45") (victim_position "-1128 -1862 -104")
L 10/08/2014 - 08:34:03: "Still Alive<5><BOT><Red>" stuck (position "-1458.66 -2675.75 -119.69") (duration "3.36") L 10/08/2014 - 08:34:03:    path_goal ( "NULL" )
L 10/08/2014 - 08:34:03: "Still Alive<5><BOT><Red>" stuck (position "-1452.54 -2692.95 -94.39") (duration "3.47") L 10/08/2014 - 08:34:03:    path_goal ( "NULL" )
L 10/08/2014 - 08:34:04: "Still Alive<5><BOT><Red>" stuck (position "-1322.56 -2725.21 -118.98") (duration "0.63") L 10/08/2014 - 08:34:04:    path_goal ( "-1400.00 -2700.00 -116.62" )
L 10/08/2014 - 08:34:08: "Chucklenuts<3><BOT><Red>" killed "Mega Baboon<2><BOT><Blue>" with "obj_sentrygun3" (attacker_position "-1392 -2654 -115") (victim_position "-1457 -1824 -128")
L 10/08/2014 - 08:34:20: "Still Alive<5><BOT><Red>" triggered "player_builtobject" (object "OBJ_SENTRYGUN") (position "-524 -1954 -158")
L 10/08/2014 - 08:34:42: "WITCH<4><BOT><Blue>" killed "Still Alive<5><BOT><Red>" with "tf_projectile_pipe" (attacker_position "-107 -2487 -127") (victim_position "-487 -2369 -119")
L 10/08/2014 - 08:34:42: "Chell<8><BOT><Blue>" triggered "kill assist" against "Still Alive<5><BOT><Red>" (assister_position "-41 -2609 -127") (attacker_position "-107 -2487 -127") (victim_position "-487 -2369 -119")
L 10/08/2014 - 08:34:45: "Chucklenuts<3><BOT><Red>" killed "Me<6><BOT><Blue>" with "obj_sentrygun3" (attacker_position "-1417 -2718 -116") (victim_position "-1263 -2725 -125")
L 10/08/2014 - 08:34:45: "Me<6><BOT><Blue>" killed "Chucklenuts<3><BOT><Red>" with "world" (attacker_position "-1263 -2725 -125") (victim_position "-1417 -2718 -116")
L 10/08/2014 - 08:34:45: "Me<6><BOT><Blue>" triggered "revenge" against "Chucklenuts<3><BOT><Red>"
L 10/08/2014 - 08:34:47: "Chell<8><BOT><Blue>" triggered "chargedeployed"
L 10/08/2014 - 08:34:48: "WITCH<4><BOT><Blue>" triggered "killedobject" (object "OBJ_SENTRYGUN") (weapon "tf_projectile_pipe") (objectowner "Chucklenuts<3><BOT><Red>") (attacker_position "-1274 -2688 -124")
L 10/08/2014 - 08:34:48: "Chell<8><BOT><Blue>" triggered "killedobject" (object "OBJ_SENTRYGUN") (objectowner "Chucklenuts<3><BOT><Red>") (assist "1") (assister_position "-1244 -2748 -118") (attacker_position "-1274 -2688 -124")
L 10/08/2014 - 08:34:55: "Mega Baboon<2><BOT><Blue>" triggered "killedobject" (object "OBJ_DISPENSER") (weapon "scattergun") (objectowner "Chucklenuts<3><BOT><Red>") (attacker_position "-1250 -2289 -125")
L 10/08/2014 - 08:34:59: World triggered "Round_Overtime"
L 10/08/2014 - 08:34:59: Team "Blue" triggered "pointcaptured" (cp "3") (cpname "#Dustbowl_cap_2_B") (numcappers "2") (player1 "Mega Baboon<2><BOT><Blue>") (position1 "-1559 -1888 -38") (player2 "Chell<8><BOT><Blue>") (position2 "-1629 -2051 -38") 
L 10/08/2014 - 08:34:59: World triggered "Mini_Round_Win" (winner "Blue") (round "round_2")
L 10/08/2014 - 08:34:59: World triggered "Mini_Round_Length" (seconds "983.19")
L 10/08/2014 - 08:35:03: "Still Alive<5><BOT><Red>" stuck (position "-2052.50 -1964.77 -159.97") (duration "3.39") L 10/08/2014 - 08:35:03:    path_goal ( "-2052.50 -1775.00 -183.97" )
L 10/08/2014 - 08:35:03: "Still Alive<5><BOT><Red>" stuck (position "-2052.50 -1964.77 -159.97") (duration "3.49") L 10/08/2014 - 08:35:03:    path_goal ( "-2052.50 -1775.00 -183.97" )
L 10/08/2014 - 08:35:04: "Still Alive<5><BOT><Red>" stuck (position "-2052.50 -1964.77 -159.97") (duration "4.55") L 10/08/2014 - 08:35:04:    path_goal ( "-2052.50 -1775.00 -183.97" )
L 10/08/2014 - 08:35:05: "Mega Baboon<2><BOT><Blue>" triggered "killedobject" (object "OBJ_TELEPORTER") (weapon "scattergun") (objectowner "Still Alive<5><BOT><Red>") (attacker_position "-1443 -1479 -127")
L 10/08/2014 - 08:35:05: "Still Alive<5><BOT><Red>" stuck (position "-2052.50 -1964.77 -159.97") (duration "5.59") L 10/08/2014 - 08:35:05:    path_goal ( "-2052.50 -1775.00 -183.97" )
L 10/08/2014 - 08:35:06: "WITCH<4><BOT><Blue>" triggered "killedobject" (object "OBJ_TELEPORTER") (weapon "tf_projectile_pipe") (objectowner "Chucklenuts<3><BOT><Red>") (attacker_position "-1627 -1676 -127")
L 10/08/2014 - 08:35:06: "Still Alive<5><BOT><Red>" stuck (position "-2052.50 -1964.77 -159.97") (duration "6.65") L 10/08/2014 - 08:35:06:    path_goal ( "-2052.50 -1775.00 -183.97" )
L 10/08/2014 - 08:35:07: "Still Alive<5><BOT><Red>" stuck (position "-2052.50 -1964.77 -159.97") (duration "7.69") L 10/08/2014 - 08:35:07:    path_goal ( "-2052.50 -1775.00 -183.97" )
L 10/08/2014 - 08:35:08: "Chell<8><BOT><Blue>" triggered "killedobject" (object "OBJ_SENTRYGUN") (weapon "syringegun_medic") (objectowner "Still Alive<5><BOT><Red>") (attacker_position "-938 -1861 -159")
L 10/08/2014 - 08:35:08: "Still Alive<5><BOT><Red>" stuck (position "-2056.45 -1999.72 -159.97") (duration "8.76") L 10/08/2014 - 08:35:08:    path_goal ( "-2200.00 -2000.00 -159.97" )
L 10/08/2014 - 08:35:14: World triggered "Round_Setup_Begin"
L 10/08/2014 - 08:35:14: World triggered "Mini_Round_Selected" (round "round_3")
L 10/08/2014 - 08:35:14: World triggered "Mini_Round_Start"
L 10/08/2014 - 08:35:29: "Chucklenuts<3><BOT><Red>" triggered "player_builtobject" (object "OBJ_SENTRYGUN") (position "-1638 -12 -63")
L 10/08/2014 - 08:35:30: "Still Alive<5><BOT><Red>" triggered "player_builtobject" (object "OBJ_SENTRYGUN") (position "-1653 -359 -61")
L 10/08/2014 - 08:36:01: "Still Alive<5><BOT><Red>" triggered "player_builtobject" (object "OBJ_DISPENSER") (position "-1659 -385 -61")
L 10/08/2014 - 08:36:11: "Still Alive<5><BOT><Red>" stuck (position "-871.97 -288.45 0.03") (duration "3.57") L 10/08/2014 - 08:36:11:    path_goal ( "-875.00 -242.52 128.03" )
L 10/08/2014 - 08:36:11: "Still Alive<5><BOT><Red>" stuck (position "-869.79 -285.26 25.34") (duration "3.67") L 10/08/2014 - 08:36:11:    path_goal ( "NULL" )
L 10/08/2014 - 08:36:13: "Chucklenuts<3><BOT><Red>" triggered "player_builtobject" (object "OBJ_DISPENSER") (position "-1643 -12 -63")
L 10/08/2014 - 08:36:14: World triggered "Round_Setup_End"
L 10/08/2014 - 08:36:22: "Chucklenuts<3><BOT><Red>" killed "Mega Baboon<2><BOT><Blue>" with "obj_sentrygun3" (attacker_position "-1643 -12 -63") (victim_position "-1378 -674 -63")
L 10/08/2014 - 08:36:22: "Still Alive<5><BOT><Red>" triggered "kill assist" against "Mega Baboon<2><BOT><Blue>" (assister_position "-1250 105 -15") (attacker_position "-1643 -12 -63") (victim_position "-1378 -674 -63")
L 10/08/2014 - 08:36:22: "Still Alive<5><BOT><Red>" triggered "domination" against "Mega Baboon<2><BOT><Blue>" (assist "1")
L 10/08/2014 - 08:36:32: "Chell<8><BOT><Blue>" triggered "chargedeployed"
L 10/08/2014 - 08:36:33: "Still Alive<5><BOT><Red>" killed "Me<6><BOT><Blue>" with "obj_sentrygun2" (attacker_position "-1721 -394 -63") (victim_position "-1826 -1221 -63")
L 10/08/2014 - 08:36:53: "Chucklenuts<3><BOT><Red>" killed "Mega Baboon<2><BOT><Blue>" with "obj_sentrygun3" (attacker_position "-1675 -30 -63") (victim_position "-1334 -733 -63")
L 10/08/2014 - 08:37:01: "Still Alive<5><BOT><Red>" killed "Me<6><BOT><Blue>" with "obj_sentrygun3" (attacker_position "-1729 -82 -63") (victim_position "-1865 -1363 -63")
L 10/08/2014 - 08:37:25: "Chucklenuts<3><BOT><Red>" killed "Mega Baboon<2><BOT><Blue>" with "obj_sentrygun3" (attacker_position "-1675 -30 -63") (victim_position "-1316 -800 -68")
L 10/08/2014 - 08:37:29: "Still Alive<5><BOT><Red>" killed "Me<6><BOT><Blue>" with "obj_sentrygun3" (attacker_position "-1661 -365 -62") (victim_position "-2347 -1038 -63")
L 10/08/2014 - 08:37:58: "Chucklenuts<3><BOT><Red>" killed "Mega Baboon<2><BOT><Blue>" with "obj_sentrygun3" (attacker_position "-1680 -32 -63") (victim_position "-1332 -788 -63")
L 10/08/2014 - 08:38:07: "Still Alive<5><BOT><Red>" killed "Me<6><BOT><Blue>" with "obj_sentrygun3" (attacker_position "-1739 -398 -63") (victim_position "-1825 -1367 -63")
L 10/08/2014 - 08:38:27: "Still Alive<5><BOT><Red>" killed "Mega Baboon<2><BOT><Blue>" with "obj_sentrygun3" (attacker_position "-1739 -398 -63") (victim_position "-1328 -716 -63")
L 10/08/2014 - 08:38:27: "Chucklenuts<3><BOT><Red>" triggered "kill assist" against "Mega Baboon<2><BOT><Blue>" (assister_position "-1680 -32 -63") (attacker_position "-1739 -398 -63") (victim_position "-1328 -716 -63")
L 10/08/2014 - 08:38:40: "Still Alive<5><BOT><Red>" killed "Me<6><BOT><Blue>" with "obj_sentrygun3" (attacker_position "-1739 -398 -63") (victim_position "-1953 -1313 -63")
L 10/08/2014 - 08:38:58: "Still Alive<5><BOT><Red>" killed "Mega Baboon<2><BOT><Blue>" with "obj_sentrygun3" (attacker_position "-1739 -398 -63") (victim_position "-1420 -657 -63")
L 10/08/2014 - 08:39:06: "Still Alive<5><BOT><Red>" killed "Me<6><BOT><Blue>" with "obj_sentrygun3" (attacker_position "-1739 -398 -63") (victim_position "-1407 -678 -63")
L 10/08/2014 - 08:39:22: "Still Alive<5><BOT><Red>" killed "Mega Baboon<2><BOT><Blue>" with "obj_sentrygun3" (attacker_position "-1739 -398 -63") (victim_position "-1534 -670 -63")
L 10/08/2014 - 08:39:22: "Chucklenuts<3><BOT><Red>" triggered "kill assist" against "Mega Baboon<2><BOT><Blue>" (assister_position "-1680 -32 -63") (attacker_position "-1739 -398 -63") (victim_position "-1534 -670 -63")
L 10/08/2014 - 08:39:35: "Still Alive<5><BOT><Red>" killed "Me<6><BOT><Blue>" with "obj_sentrygun3" (attacker_position "-1739 -398 -63") (victim_position "-1428 -676 -63")
L 10/08/2014 - 08:39:35: "Chucklenuts<3><BOT><Red>" triggered "kill assist" against "Me<6><BOT><Blue>" (assister_position "-1680 -32 -63") (attacker_position "-1739 -398 -63") (victim_position "-1428 -676 -63")
L 10/08/2014 - 08:39:53: "Still Alive<5><BOT><Red>" killed "Mega Baboon<2><BOT><Blue>" with "obj_sentrygun3" (attacker_position "-1739 -398 -63") (victim_position "-1367 -609 -63")
L 10/08/2014 - 08:39:53: "Chucklenuts<3><BOT><Red>" triggered "kill assist" against "Mega Baboon<2><BOT><Blue>" (assister_position "-1684 -22 -63") (attacker_position "-1739 -398 -63") (victim_position "-1367 -609 -63")
L 10/08/2014 - 08:40:06: "Still Alive<5><BOT><Red>" killed "Me<6><BOT><Blue>" with "obj_sentrygun3" (attacker_position "-1739 -398 -63") (victim_position "-1752 -1167 -63")
L 10/08/2014 - 08:40:21: "Still Alive<5><BOT><Red>" killed "Mega Baboon<2><BOT><Blue>" with "obj_sentrygun3" (attacker_position "-1739 -398 -63") (victim_position "-1432 -662 -65")
L 10/08/2014 - 08:40:35: "Still Alive<5><BOT><Red>" killed "Me<6><BOT><Blue>" with "obj_sentrygun3" (attacker_position "-1739 -398 -63") (victim_position "-1421 -625 -63")
L 10/08/2014 - 08:40:35: "Chucklenuts<3><BOT><Red>" triggered "kill assist" against "Me<6><BOT><Blue>" (assister_position "-1684 -22 -63") (attacker_position "-1739 -398 -63") (victim_position "-1421 -625 -63")
L 10/08/2014 - 08:40:52: "Chucklenuts<3><BOT><Red>" killed "Mega Baboon<2><BOT><Blue>" with "obj_sentrygun3" (attacker_position "-1684 -22 -63") (victim_position "-1448 -609 -64")
L 10/08/2014 - 08:40:55: World triggered "Mini_Round_Win" (winner "Red") (round "round_3")
L 10/08/2014 - 08:40:55: World triggered "Mini_Round_Length" (seconds "329.04")
L 10/08/2014 - 08:40:55: World triggered "Round_Win" (winner "Red")
L 10/08/2014 - 08:40:55: Team "Red" current score "0" with "4" players
L 10/08/2014 - 08:40:55: Team "Blue" current score "4" with "4" players
L 10/08/2014 - 08:41:03: "Chucklenuts<3><BOT><Red>" stuck (position "-840.89 -358.44 128.03") (duration "3.36") L 10/08/2014 - 08:41:03:    path_goal ( "-850.00 -360.00 128.03" )
L 10/08/2014 - 08:41:03: "Chucklenuts<3><BOT><Red>" stuck (position "-854.56 -332.76 153.34") (duration "3.47") L 10/08/2014 - 08:41:03:    path_goal ( "-825.00 -285.00 128.03" )
L 10/08/2014 - 08:41:04: "Totally Not A Bot<9><BOT><Red>" stuck (position "-883.54 -367.55 128.03") (duration "3.15") L 10/08/2014 - 08:41:04:    path_goal ( "-850.00 -360.00 128.03" )
L 10/08/2014 - 08:41:04: "Totally Not A Bot<9><BOT><Red>" stuck (position "-900.73 -334.86 153.34") (duration "3.26") L 10/08/2014 - 08:41:04:    path_goal ( "-875.00 -485.00 128.03" )
L 10/08/2014 - 08:41:05: "Still Alive<5><BOT><Red>" stuck (position "-836.42 -353.34 128.03") (duration "3.36") L 10/08/2014 - 08:41:05:    path_goal ( "-850.00 -360.00 128.03" )
L 10/08/2014 - 08:41:06: "Still Alive<5><BOT><Red>" stuck (position "-819.75 -360.91 153.34") (duration "3.46") L 10/08/2014 - 08:41:06:    path_goal ( "-836.42 -415.00 128.03" )
L 10/08/2014 - 08:41:07: "H@XX0RZ<7><BOT><Red>" stuck (position "-850.43 -368.90 128.03") (duration "4.20") L 10/08/2014 - 08:41:07:    path_goal ( "-850.00 -360.00 128.03" )
L 10/08/2014 - 08:41:07: "H@XX0RZ<7><BOT><Red>" stuck (position "-833.62 -353.02 153.34") (duration "4.31") L 10/08/2014 - 08:41:07:    path_goal ( "-850.43 -415.00 128.03" )
L 10/08/2014 - 08:41:08: "H@XX0RZ<7><BOT><Red>" stuck (position "-793.06 -393.83 128.03") (duration "5.36") L 10/08/2014 - 08:41:08:    path_goal ( "-833.62 -415.00 128.03" )
L 10/08/2014 - 08:41:10: World triggered "Game_Over" reason "Reached Time Limit"
L 10/08/2014 - 08:41:10: Team "Red" final score "0" with "4" players
L 10/08/2014 - 08:41:10: Team "Blue" final score "4" with "4" players
L 10/08/2014 - 08:41:13: "Still Alive<5><BOT><Red>" stuck (position "-130.13 -695.14 0.03") (duration "3.36") L 10/08/2014 - 08:41:13:    path_goal ( "-325.00 -695.14 0.03" )
L 10/08/2014 - 08:41:13: "Still Alive<5><BOT><Red>" stuck (position "-130.13 -695.14 0.03") (duration "3.46") L 10/08/2014 - 08:41:13:    path_goal ( "-325.00 -695.14 0.03" )
L 10/08/2014 - 08:41:13: "Totally Not A Bot<9><BOT><Red>" stuck (position "-1631.79 192.55 -63.97") (duration "3.15") L 10/08/2014 - 08:41:13:    path_goal ( "-1375.00 150.00 -56.13" )
L 10/08/2014 - 08:41:13: "Totally Not A Bot<9><BOT><Red>" stuck (position "-1631.79 192.55 -63.97") (duration "3.26") L 10/08/2014 - 08:41:13:    path_goal ( "-1375.00 150.00 -56.13" )
L 10/08/2014 - 08:41:14: "H@XX0RZ<7><BOT><Red>" stuck (position "-813.28 -354.67 0.03") (duration "4.20") L 10/08/2014 - 08:41:14:    path_goal ( "-775.00 125.00 0.03" )
L 10/08/2014 - 08:41:14: "Chucklenuts<3><BOT><Red>" stuck (position "204.07 -749.54 0.03") (duration "3.36") L 10/08/2014 - 08:41:14:    path_goal ( "-25.00 -762.50 0.03" )
L 10/08/2014 - 08:41:14: "Chucklenuts<3><BOT><Red>" stuck (position "204.07 -749.54 0.03") (duration "3.47") L 10/08/2014 - 08:41:14:    path_goal ( "-25.00 -762.50 0.03" )
L 10/08/2014 - 08:41:14: "Still Alive<5><BOT><Red>" stuck (position "-130.13 -695.14 0.03") (duration "4.52") L 10/08/2014 - 08:41:14:    path_goal ( "-325.00 -695.14 0.03" )
L 10/08/2014 - 08:41:15: "Totally Not A Bot<9><BOT><Red>" stuck (position "-1631.79 192.55 -63.97") (duration "4.30") L 10/08/2014 - 08:41:15:    path_goal ( "-1375.00 150.00 -56.13" )
L 10/08/2014 - 08:41:15: "Chucklenuts<3><BOT><Red>" stuck (position "204.07 -749.54 0.03") (duration "4.52") L 10/08/2014 - 08:41:15:    path_goal ( "-25.00 -762.50 0.03" )
L 10/08/2014 - 08:41:15: "Still Alive<5><BOT><Red>" stuck (position "-130.13 -695.14 0.03") (duration "5.56") L 10/08/2014 - 08:41:15:    path_goal ( "-325.00 -695.14 0.03" )
L 10/08/2014 - 08:41:16: "Totally Not A Bot<9><BOT><Red>" stuck (position "-1631.79 192.55 -63.97") (duration "5.35") L 10/08/2014 - 08:41:16:    path_goal ( "-1375.00 150.00 -56.13" )
L 10/08/2014 - 08:41:16: "Chucklenuts<3><BOT><Red>" stuck (position "204.07 -749.54 0.03") (duration "5.57") L 10/08/2014 - 08:41:16:    path_goal ( "-25.00 -762.50 0.03" )
L 10/08/2014 - 08:41:16: "Still Alive<5><BOT><Red>" stuck (position "-130.13 -695.14 0.03") (duration "6.61") L 10/08/2014 - 08:41:16:    path_goal ( "-325.00 -695.14 0.03" )
L 10/08/2014 - 08:41:17: "Totally Not A Bot<9><BOT><Red>" stuck (position "-1631.79 192.55 -63.97") (duration "6.41") L 10/08/2014 - 08:41:17:    path_goal ( "-1375.00 150.00 -56.13" )
L 10/08/2014 - 08:41:17: "Chucklenuts<3><BOT><Red>" stuck (position "204.07 -749.54 0.03") (duration "6.61") L 10/08/2014 - 08:41:17:    path_goal ( "-25.00 -762.50 0.03" )
L 10/08/2014 - 08:41:17: "Still Alive<5><BOT><Red>" stuck (position "-130.13 -695.14 0.03") (duration "7.67") L 10/08/2014 - 08:41:17:    path_goal ( "-325.00 -695.14 0.03" )
L 10/08/2014 - 08:41:18: "Totally Not A Bot<9><BOT><Red>" stuck (position "-1631.79 192.55 -63.97") (duration "7.45") L 10/08/2014 - 08:41:18:    path_goal ( "-1375.00 150.00 -56.13" )
L 10/08/2014 - 08:41:18: "Chucklenuts<3><BOT><Red>" stuck (position "204.07 -749.54 0.03") (duration "7.67") L 10/08/2014 - 08:41:18:    path_goal ( "-25.00 -762.50 0.03" )
L 10/08/2014 - 08:41:19: "Still Alive<5><BOT><Red>" stuck (position "-130.13 -695.14 0.03") (duration "8.71") L 10/08/2014 - 08:41:19:    path_goal ( "-325.00 -695.14 0.03" )
L 10/08/2014 - 08:41:19: "Totally Not A Bot<9><BOT><Red>" stuck (position "-1631.79 192.55 -63.97") (duration "8.51") L 10/08/2014 - 08:41:19:    path_goal ( "-1375.00 150.00 -56.13" )
L 10/08/2014 - 08:41:19: "Chucklenuts<3><BOT><Red>" stuck (position "204.07 -749.54 0.03") (duration "8.72") L 10/08/2014 - 08:41:19:    path_goal ( "-25.00 -762.50 0.03" )
L 10/08/2014 - 08:41:19: "H@XX0RZ<7><BOT><Red>" stuck (position "-813.28 -354.67 0.03") (duration "4.20") L 10/08/2014 - 08:41:19:    path_goal ( "-725.00 125.00 0.03" )
L 10/08/2014 - 08:41:20: "Still Alive<5><BOT><Red>" stuck (position "-130.13 -695.14 0.03") (duration "9.77") L 10/08/2014 - 08:41:20:    path_goal ( "-325.00 -695.14 0.03" )
L 10/08/2014 - 08:41:20: "Totally Not A Bot<9><BOT><Red>" stuck (position "-1631.79 192.55 -63.97") (duration "9.55") L 10/08/2014 - 08:41:20:    path_goal ( "-1375.00 150.00 -56.13" )
L 10/08/2014 - 08:41:20: Loading map "ctf_2fort"
L 10/08/2014 - 08:41:20: server cvars start
L 10/08/2014 - 08:41:20: "tf_playergib" = "1"
L 10/08/2014 - 08:41:20: "tf_allow_player_use" = "0"
L 10/08/2014 - 08:41:20: "tf_mvm_death_penalty" = "0"
L 10/08/2014 - 08:41:20: "sv_maxusrcmdprocessticks" = "24"
L 10/08/2014 - 08:41:20: "mp_teamplay" = "0"
L 10/08/2014 - 08:41:20: "mp_falldamage" = "0"
L 10/08/2014 - 08:41:20: "mp_weaponstay" = "0"
L 10/08/2014 - 08:41:20: "mp_forcerespawn" = "1"
L 10/08/2014 - 08:41:20: "mp_footsteps" = "1"
L 10/08/2014 - 08:41:20: "mp_flashlight" = "0"
L 10/08/2014 - 08:41:20: "mp_autocrosshair" = "1"
L 10/08/2014 - 08:41:20: "decalfrequency" = "10"
L 10/08/2014 - 08:41:20: "mp_teamlist" = "hgrunt;scientist"
L 10/08/2014 - 08:41:20: "mp_allowNPCs" = "1"
L 10/08/2014 - 08:41:20: "sv_alltalk" = "0"
L 10/08/2014 - 08:41:20: "tf_weapon_criticals" = "1"
L 10/08/2014 - 08:41:20: "tf_damage_disablespread" = "0"
L 10/08/2014 - 08:41:20: "tf_player_name_change_time" = "60"
L 10/08/2014 - 08:41:20: "tf_force_holidays_off" = "0"
L 10/08/2014 - 08:41:20: "tf_birthday" = "0"
L 10/08/2014 - 08:41:20: "mp_tournament_stopwatch" = "1"
L 10/08/2014 - 08:41:20: "mp_windifference" = "0"
L 10/08/2014 - 08:41:20: "mp_windifference_min" = "0"
L 10/08/2014 - 08:41:20: "tf_medieval" = "0"
L 10/08/2014 - 08:41:20: "tf_medieval_autorp" = "1"
L 10/08/2014 - 08:41:20: "tf_arena_force_class" = "0"
L 10/08/2014 - 08:41:20: "tf_arena_change_limit" = "1"
L 10/08/2014 - 08:41:20: "tf_arena_override_cap_enable_time" = "-1"
L 10/08/2014 - 08:41:20: "tf_arena_first_blood" = "1"
L 10/08/2014 - 08:41:20: "tf_mvm_min_players_to_start" = "3"
L 10/08/2014 - 08:41:20: "tf_gamemode_arena" = "0"
L 10/08/2014 - 08:41:20: "tf_gamemode_cp" = "1"
L 10/08/2014 - 08:41:20: "tf_gamemode_ctf" = "0"
L 10/08/2014 - 08:41:20: "tf_gamemode_sd" = "0"
L 10/08/2014 - 08:41:20: "tf_gamemode_rd" = "0"
L 10/08/2014 - 08:41:20: "tf_beta_content" = "0"
L 10/08/2014 - 08:41:20: "tf_gamemode_payload" = "0"
L 10/08/2014 - 08:41:20: "tf_gamemode_mvm" = "0"
L 10/08/2014 - 08:41:20: "tf_bot_count" = "8"
L 10/08/2014 - 08:41:20: "tf_teamtalk" = "1"
L 10/08/2014 - 08:41:20: "tf_ctf_bonus_time" = "10"
L 10/08/2014 - 08:41:20: "tf_maxspeed" = "400"
L 10/08/2014 - 08:41:20: "tf_max_charge_speed" = "750"
L 10/08/2014 - 08:41:20: "tf_use_fixed_weaponspreads" = "0"
L 10/08/2014 - 08:41:20: "tf_overtime_nag" = "0"
L 10/08/2014 - 08:41:20: "mp_respawnwavetime" = "10.0"
L 10/08/2014 - 08:41:20: "mp_tournament" = "0"
L 10/08/2014 - 08:41:20: "mp_highlander" = "0"
L 10/08/2014 - 08:41:20: "tf_arena_preround_time" = "10"
L 10/08/2014 - 08:41:20: "tf_arena_round_time" = "0"
L 10/08/2014 - 08:41:20: "tf_arena_max_streak" = "3"
L 10/08/2014 - 08:41:20: "tf_arena_use_queue" = "1"
L 10/08/2014 - 08:41:20: "mp_maxrounds" = "0"
L 10/08/2014 - 08:41:20: "mp_winlimit" = "0"
L 10/08/2014 - 08:41:20: "mp_disable_respawn_times" = "0"
L 10/08/2014 - 08:41:20: "mp_stalemate_meleeonly" = "0"
L 10/08/2014 - 08:41:20: "mp_forceautoteam" = "0"
L 10/08/2014 - 08:41:20: "mp_autoteambalance" = "1"
L 10/08/2014 - 08:41:20: "mp_stalemate_enable" = "0"
L 10/08/2014 - 08:41:20: "mp_match_end_at_timelimit" = "0"
L 10/08/2014 - 08:41:20: "mp_holiday_nogifts" = "0"
L 10/08/2014 - 08:41:20: "mp_scrambleteams_auto" = "1"
L 10/08/2014 - 08:41:20: "mp_scrambleteams_auto_windifference" = "2"
L 10/08/2014 - 08:41:20: "mp_timelimit" = "15"
L 10/08/2014 - 08:41:20: "mp_fraglimit" = "0"
L 10/08/2014 - 08:41:20: "nextlevel" = ""
L 10/08/2014 - 08:41:20: "sv_gravity" = "800"
L 10/08/2014 - 08:41:20: "sv_stopspeed" = "100"
L 10/08/2014 - 08:41:20: "sv_noclipaccelerate" = "5"
L 10/08/2014 - 08:41:20: "sv_noclipspeed" = "5"
L 10/08/2014 - 08:41:20: "sv_specaccelerate" = "5"
L 10/08/2014 - 08:41:20: "sv_specspeed" = "3"
L 10/08/2014 - 08:41:20: "sv_specnoclip" = "1"
L 10/08/2014 - 08:41:20: "sv_maxspeed" = "320"
L 10/08/2014 - 08:41:20: "sv_accelerate" = "10"
L 10/08/2014 - 08:41:20: "sv_airaccelerate" = "10"
L 10/08/2014 - 08:41:20: "sv_wateraccelerate" = "10"
L 10/08/2014 - 08:41:20: "sv_waterfriction" = "1"
L 10/08/2014 - 08:41:20: "sv_footsteps" = "1"
L 10/08/2014 - 08:41:20: "sv_rollspeed" = "200"
L 10/08/2014 - 08:41:20: "sv_rollangle" = "0"
L 10/08/2014 - 08:41:20: "sv_friction" = "4"
L 10/08/2014 - 08:41:20: "sv_bounce" = "0"
L 10/08/2014 - 08:41:20: "sv_stepsize" = "18"
L 10/08/2014 - 08:41:20: "r_VehicleViewDampen" = "1"
L 10/08/2014 - 08:41:20: "r_JeepViewDampenFreq" = "7.0"
L 10/08/2014 - 08:41:20: "r_JeepViewDampenDamp" = "1.0"
L 10/08/2014 - 08:41:20: "r_JeepViewZHeight" = "10.0"
L 10/08/2014 - 08:41:20: "r_AirboatViewDampenFreq" = "7.0"
L 10/08/2014 - 08:41:20: "r_AirboatViewDampenDamp" = "1.0"
L 10/08/2014 - 08:41:20: "r_AirboatViewZHeight" = "0.0"
L 10/08/2014 - 08:41:20: "mp_friendlyfire" = "0"
L 10/08/2014 - 08:41:20: "mp_fadetoblack" = "0"
L 10/08/2014 - 08:41:20: "tf_mm_servermode" = "0"
L 10/08/2014 - 08:41:20: "tf_mm_strict" = "0"
L 10/08/2014 - 08:41:20: "tf_mm_trusted" = "0"
L 10/08/2014 - 08:41:20: "tf_server_identity_disable_quickplay" = "0"
L 10/08/2014 - 08:41:20: "sv_registration_successful" = "0"
L 10/08/2014 - 08:41:20: "sv_registration_message" = "No account specified"
L 10/08/2014 - 08:41:20: "sv_steamgroup" = ""
L 10/08/2014 - 08:41:20: "sv_cheats" = "1"
L 10/08/2014 - 08:41:20: "sv_pausable" = "0"
L 10/08/2014 - 08:41:20: "sv_contact" = "admin@yourdomain.com"
L 10/08/2014 - 08:41:20: "sv_voiceenable" = "1"
L 10/08/2014 - 08:41:20: "tv_enable" = "0"
L 10/08/2014 - 08:41:20: "deathmatch" = "1"
L 10/08/2014 - 08:41:20: "coop" = "0"
L 10/08/2014 - 08:41:20: "tv_password" = ""
L 10/08/2014 - 08:41:20: "tv_relaypassword" = ""
L 10/08/2014 - 08:41:20: "sv_password" = ""
L 10/08/2014 - 08:41:20: "sv_tags" = "bots,cp"
L 10/08/2014 - 08:41:20: server cvars end
L 10/08/2014 - 08:41:22: Started map "ctf_2fort" (CRC "7d246aafbbd18b8ccbfdb9937dbc7769")
L 10/08/2014 - 08:41:22: Executing dedicated server config file server.cfg
L 10/08/2014 - 08:41:27: server_cvar: "tf_gamemode_cp" "0"
L 10/08/2014 - 08:41:27: server_cvar: "sv_tags" "bots"
L 10/08/2014 - 08:41:27: server_cvar: "sv_tags" "bots"
L 10/08/2014 - 08:41:27: server_cvar: "tf_bot_count" "0"
L 10/08/2014 - 08:41:27: server_cvar: "sv_tags" ""
L 10/08/2014 - 08:41:27: server_cvar: "tf_gamemode_ctf" "1"
L 10/08/2014 - 08:41:27: server_cvar: "sv_tags" "ctf"
L 10/08/2014 - 08:41:27: server_cvar: "sv_tags" "ctf"
L 10/08/2014 - 08:41:27: Initializing Steam libraries for LAN server
L 10/08/2014 - 08:41:27: No account token specified; logging into anonymous game server account.  (Use sv_setsteamaccount to login to a persistent account.)
