L 10/08/2014 - 12:53:13: Log file started (file "logs/L1008014.log") (game "/home/tf2/hlserver/tf2/tf") (version "2426090")
L 10/08/2014 - 12:53:13: server_cvar: "sv_cheats" "1"
L 10/08/2014 - 12:53:13: "IvanTheSpaceBiker<2><BOT><>" connected, address "none"
L 10/08/2014 - 12:53:13: "<2><BOT><>" entered the game
L 10/08/2014 - 12:53:13: "IvanTheSpaceBiker<2><BOT><Unassigned>" joined team "Blue"
L 10/08/2014 - 12:53:13: "IvanTheSpaceBiker<2><BOT><Blue>" changed role to "scout"
L 10/08/2014 - 12:53:13: "IvanTheSpaceBiker<2><BOT><Blue>" changed name to "I LIVE!"
L 10/08/2014 - 12:53:13: Sending CMsgGameServerMatchmakingStatus (state=ServerMatchmakingState_NOT_PARTICIPATING)
L 10/08/2014 - 12:53:14: "Cannon Fodder<3><BOT><>" connected, address "none"
L 10/08/2014 - 12:53:14: "<3><BOT><>" entered the game
L 10/08/2014 - 12:53:14: "Cannon Fodder<3><BOT><Unassigned>" joined team "Red"
L 10/08/2014 - 12:53:14: "Cannon Fodder<3><BOT><Red>" changed role to "engineer"
L 10/08/2014 - 12:53:14: "Cannon Fodder<3><BOT><Red>" changed name to "trigger_hurt"
L 10/08/2014 - 12:53:14: Connection to Steam servers successful.
L 10/08/2014 - 12:53:14:    Public IP is 68.110.44.24.
L 10/08/2014 - 12:53:14: Assigned anonymous gameserver Steam ID [A:1:3439346691:4717].
L 10/08/2014 - 12:53:14: "Nom Nom Nom<4><BOT><>" connected, address "none"
L 10/08/2014 - 12:53:14: "<4><BOT><>" entered the game
L 10/08/2014 - 12:53:14: "Nom Nom Nom<4><BOT><Unassigned>" joined team "Blue"
L 10/08/2014 - 12:53:14: "Nom Nom Nom<4><BOT><Blue>" changed role to "soldier"
L 10/08/2014 - 12:53:14: "Nom Nom Nom<4><BOT><Blue>" changed name to "Divide by Zero"
L 10/08/2014 - 12:53:14: VAC secure mode is activated.
L 10/08/2014 - 12:53:14: tf_server_identity_account_id not set; not logging into registered account
L 10/08/2014 - 12:53:14: "GENTLE MANNE of LEISURE<5><BOT><>" connected, address "none"
L 10/08/2014 - 12:53:14: "<5><BOT><>" entered the game
L 10/08/2014 - 12:53:14: "GENTLE MANNE of LEISURE<5><BOT><Unassigned>" joined team "Red"
L 10/08/2014 - 12:53:14: "GENTLE MANNE of LEISURE<5><BOT><Red>" changed role to "demoman"
L 10/08/2014 - 12:53:14: "GENTLE MANNE of LEISURE<5><BOT><Red>" changed name to "MoreGun"
L 10/08/2014 - 12:53:14: "Tiny Baby Man<6><BOT><>" connected, address "none"
L 10/08/2014 - 12:53:14: "<6><BOT><>" entered the game
L 10/08/2014 - 12:53:14: "Tiny Baby Man<6><BOT><Unassigned>" joined team "Blue"
L 10/08/2014 - 12:53:14: "Tiny Baby Man<6><BOT><Blue>" changed role to "demoman"
L 10/08/2014 - 12:53:14: "Tiny Baby Man<6><BOT><Blue>" changed name to "Big Mean Muther Hubbard"
L 10/08/2014 - 12:53:15: "Force of Nature<7><BOT><>" connected, address "none"
L 10/08/2014 - 12:53:15: "<7><BOT><>" entered the game
L 10/08/2014 - 12:53:15: "Force of Nature<7><BOT><Unassigned>" joined team "Red"
L 10/08/2014 - 12:53:15: "Force of Nature<7><BOT><Red>" changed role to "demoman"
L 10/08/2014 - 12:53:15: "Force of Nature<7><BOT><Red>" changed name to "Crazed Gunman"
L 10/08/2014 - 12:53:15: "Grim Bloody Fable<8><BOT><>" connected, address "none"
L 10/08/2014 - 12:53:15: "<8><BOT><>" entered the game
L 10/08/2014 - 12:53:15: "Grim Bloody Fable<8><BOT><Unassigned>" joined team "Blue"
L 10/08/2014 - 12:53:15: "Grim Bloody Fable<8><BOT><Blue>" changed role to "medic"
L 10/08/2014 - 12:53:15: "Grim Bloody Fable<8><BOT><Blue>" changed name to "Poopy Joe"
L 10/08/2014 - 12:53:15: "A Professional With Standards<9><BOT><>" connected, address "none"
L 10/08/2014 - 12:53:15: "<9><BOT><>" entered the game
L 10/08/2014 - 12:53:15: "A Professional With Standards<9><BOT><Unassigned>" joined team "Red"
L 10/08/2014 - 12:53:15: "A Professional With Standards<9><BOT><Red>" changed role to "medic"
L 10/08/2014 - 12:53:15: "A Professional With Standards<9><BOT><Red>" changed name to "Freakin' Unbelievable"
L 10/08/2014 - 12:53:18: server_cvar: "tf_bot_count" "8"
L 10/08/2014 - 12:53:18: server_cvar: "sv_tags" "bots,cp"
L 10/08/2014 - 12:53:21: "Slysdexia<10><[U:1:12012915]><>" connected, address "192.168.1.126:27005"
L 10/08/2014 - 12:53:22: "Slysdexia<10><[U:1:12012915]><>" STEAM USERID validated
L 10/08/2014 - 12:53:27: "Slysdexia<10><[U:1:12012915]><>" entered the game
L 10/08/2014 - 12:53:28: "I LIVE!<2><BOT><Blue>" stuck (position "-1639.07 1633.47 -255.89") (duration "2.52") L 10/08/2014 - 12:53:28:    path_goal ( "-216.00 2792.00 -247.97" )
L 10/08/2014 - 12:53:31: "I LIVE!<2><BOT><Blue>" stuck (position "-1627.21 1633.47 -255.92") (duration "2.52") L 10/08/2014 - 12:53:31:    path_goal ( "-216.00 2792.00 -247.97" )
L 10/08/2014 - 12:53:32: "Big Mean Muther Hubbard<6><BOT><Blue>" stuck (position "-1637.11 1633.47 -255.91") (duration "3.57") L 10/08/2014 - 12:53:32:    path_goal ( "-216.00 2792.00 -247.97" )
L 10/08/2014 - 12:53:33: "The Architect<11><[U:1:197287110]><>" connected, address "192.168.1.107:27005"
L 10/08/2014 - 12:53:33: "The Architect<11><[U:1:197287110]><>" STEAM USERID validated
L 10/08/2014 - 12:53:33: "I LIVE!<2><BOT><Blue>" stuck (position "-1627.77 1633.47 -255.89") (duration "2.52") L 10/08/2014 - 12:53:33:    path_goal ( "-216.00 2792.00 -247.97" )
L 10/08/2014 - 12:53:34: "Data Wizard<12><[U:1:197413154]><>" connected, address "192.168.1.116:27005"
L 10/08/2014 - 12:53:34: "Data Wizard<12><[U:1:197413154]><>" STEAM USERID validated
L 10/08/2014 - 12:53:34: "Divide by Zero<4><BOT><Blue>" stuck (position "-1627.22 1633.47 -255.89") (duration "4.20") L 10/08/2014 - 12:53:34:    path_goal ( "-216.00 2792.00 -247.97" )
L 10/08/2014 - 12:53:36: "I LIVE!<2><BOT><Blue>" stuck (position "-1631.32 1633.47 -255.89") (duration "2.52") L 10/08/2014 - 12:53:36:    path_goal ( "-216.00 2792.00 -247.97" )
L 10/08/2014 - 12:53:36: "Big Mean Muther Hubbard<6><BOT><Blue>" stuck (position "-1627.21 1633.47 -255.89") (duration "3.57") L 10/08/2014 - 12:53:36:    path_goal ( "-216.00 2792.00 -247.97" )
L 10/08/2014 - 12:53:36: "The Architect<11><[U:1:197287110]><>" entered the game
L 10/08/2014 - 12:53:38: "Data Wizard<12><[U:1:197413154]><>" entered the game
L 10/08/2014 - 12:53:38: "I LIVE!<2><BOT><Blue>" stuck (position "-1628.11 1633.47 -255.89") (duration "2.52") L 10/08/2014 - 12:53:38:    path_goal ( "-216.00 2792.00 -247.97" )
L 10/08/2014 - 12:53:39: "Divide by Zero<4><BOT><Blue>" stuck (position "-1647.47 1633.47 -255.89") (duration "4.20") L 10/08/2014 - 12:53:39:    path_goal ( "-216.00 2792.00 -247.97" )
L 10/08/2014 - 12:53:39: "trigger_hurt<3><BOT><Red>" triggered "player_builtobject" (object "OBJ_SENTRYGUN") (position "-179 1715 -254")
L 10/08/2014 - 12:53:40: "Big Mean Muther Hubbard<6><BOT><Blue>" stuck (position "-1655.20 1633.47 -255.91") (duration "3.57") L 10/08/2014 - 12:53:40:    path_goal ( "-216.00 2792.00 -247.97" )
L 10/08/2014 - 12:53:41: "I LIVE!<2><BOT><Blue>" stuck (position "-1652.24 1633.47 -255.89") (duration "2.52") L 10/08/2014 - 12:53:41:    path_goal ( "-216.00 2792.00 -247.97" )
L 10/08/2014 - 12:53:42: "Data Wizard<12><[U:1:197413154]><Unassigned>" joined team "Blue"
L 10/08/2014 - 12:53:43: "Divide by Zero<4><BOT><Blue>" stuck (position "-1627.46 1633.47 -255.90") (duration "4.20") L 10/08/2014 - 12:53:43:    path_goal ( "-216.00 2792.00 -247.97" )
L 10/08/2014 - 12:53:43: "Big Mean Muther Hubbard<6><BOT><Blue>" stuck (position "-1661.89 1633.47 -255.95") (duration "3.57") L 10/08/2014 - 12:53:43:    path_goal ( "-216.00 2792.00 -247.97" )
L 10/08/2014 - 12:53:43: "rb6freak<13><[U:1:4958073]><>" connected, address "192.168.1.127:27005"
L 10/08/2014 - 12:53:43: "Data Wizard<12><[U:1:197413154]><Blue>" changed role to "pyro"
L 10/08/2014 - 12:53:43: "rb6freak<13><[U:1:4958073]><>" STEAM USERID validated
L 10/08/2014 - 12:53:44: World triggered "Round_Start"
L 10/08/2014 - 12:53:44: World triggered "Round_Setup_Begin"
L 10/08/2014 - 12:53:44: World triggered "Mini_Round_Selected" (round "round_1")
L 10/08/2014 - 12:53:44: World triggered "Mini_Round_Start"
L 10/08/2014 - 12:53:46: "The Architect<11><[U:1:197287110]><Unassigned>" joined team "Red"
L 10/08/2014 - 12:53:47: "rb6freak<13><[U:1:4958073]><>" entered the game
L 10/08/2014 - 12:53:50: "trigger_hurt<3><BOT><Red>" triggered "player_builtobject" (object "OBJ_TELEPORTER") (position "2495 988 -188")
L 10/08/2014 - 12:53:55: "The Architect<11><[U:1:197287110]><Red>" changed role to "pyro"
L 10/08/2014 - 12:53:58: "rb6freak<13><[U:1:4958073]><Unassigned>" joined team "Blue"
L 10/08/2014 - 12:54:00: "rb6freak<13><[U:1:4958073]><Blue>" changed role to "soldier"
L 10/08/2014 - 12:54:01: "Slysdexia<10><[U:1:12012915]><Unassigned>" joined team "Blue"
L 10/08/2014 - 12:54:04: "Slysdexia<10><[U:1:12012915]><Blue>" changed role to "heavyweapons"
L 10/08/2014 - 12:54:19: "trigger_hurt<3><BOT><Red>" triggered "player_builtobject" (object "OBJ_SENTRYGUN") (position "74 1912 -292")
L 10/08/2014 - 12:54:43: "Splunk is credit to team!<14><[U:1:197412154]><>" connected, address "192.168.1.110:27005"
L 10/08/2014 - 12:54:43: "Splunk is credit to team!<14><[U:1:197412154]><>" STEAM USERID validated
L 10/08/2014 - 12:54:44: World triggered "Round_Setup_End"
L 10/08/2014 - 12:54:45: "nulltr0n<15><[U:1:197388838]><>" connected, address "192.168.1.114:27005"
L 10/08/2014 - 12:54:45: "nulltr0n<15><[U:1:197388838]><>" STEAM USERID validated
L 10/08/2014 - 12:54:47: "Splunk is credit to team!<14><[U:1:197412154]><>" entered the game
L 10/08/2014 - 12:54:48: "nulltr0n<15><[U:1:197388838]><>" entered the game
L 10/08/2014 - 12:54:52: "Poopy Joe<8><BOT><Blue>" triggered "player_extinguished" against "Data Wizard<12><[U:1:197413154]><Blue>" with "tf_weapon_medigun" (attacker_position "-555 2830 -247") (victim_position "-421 2857 -247")
L 10/08/2014 - 12:54:52: "Crazed Gunman<7><BOT><Red>" triggered "medic_death" against "Poopy Joe<8><BOT><Blue>" (healing "1003") (ubercharge "1")
L 10/08/2014 - 12:54:52: "Crazed Gunman<7><BOT><Red>" killed "Poopy Joe<8><BOT><Blue>" with "tf_projectile_pipe_remote" (attacker_position "-469 2604 -150") (victim_position "-444 2850 -247")
L 10/08/2014 - 12:54:52: "The Architect<11><[U:1:197287110]><Red>" triggered "kill assist" against "Poopy Joe<8><BOT><Blue>" (assister_position "-255 2729 -240") (attacker_position "-469 2604 -150") (victim_position "-444 2850 -247")
L 10/08/2014 - 12:54:52: "Crazed Gunman<7><BOT><Red>" committed suicide with "tf_projectile_pipe_remote" (attacker_position "-469 2604 -150")
L 10/08/2014 - 12:54:52: "Crazed Gunman<7><BOT><Red>" changed role to "engineer"
L 10/08/2014 - 12:54:54: "Slysdexia<10><[U:1:12012915]><Blue>" triggered "killedobject" (object "OBJ_SENTRYGUN") (weapon "brass_beast") (objectowner "trigger_hurt<3><BOT><Red>") (attacker_position "-1484 2009 -248")
L 10/08/2014 - 12:54:54: "nulltr0n<15><[U:1:197388838]><Unassigned>" joined team "Red"
L 10/08/2014 - 12:54:54: "The Architect<11><[U:1:197287110]><Red>" triggered "captureblocked" (cp "0") (cpname "#Dustbowl_cap_1_A") (position "-112 2782 -240")
L 10/08/2014 - 12:54:54: "The Architect<11><[U:1:197287110]><Red>" killed "Data Wizard<12><[U:1:197413154]><Blue>" with "flamethrower" (attacker_position "-112 2782 -240") (victim_position "-213 2869 -240")
L 10/08/2014 - 12:54:54: "trigger_hurt<3><BOT><Red>" triggered "kill assist" against "Data Wizard<12><[U:1:197413154]><Blue>" (assister_position "635 1906 -255") (attacker_position "-112 2782 -240") (victim_position "-213 2869 -240")
L 10/08/2014 - 12:54:55: "I LIVE!<2><BOT><Blue>" killed "The Architect<11><[U:1:197287110]><Red>" with "pistol_scout" (attacker_position "-724 2800 -255") (victim_position "-272 2896 -242")
L 10/08/2014 - 12:54:55: "Data Wizard<12><[U:1:197413154]><Blue>" triggered "kill assist" against "The Architect<11><[U:1:197287110]><Red>" (assister_position "-213 2869 -226") (attacker_position "-724 2800 -255") (victim_position "-272 2896 -242")
L 10/08/2014 - 12:54:56: "nulltr0n<15><[U:1:197388838]><Red>" changed role to "heavyweapons"
L 10/08/2014 - 12:55:03: "Splunk is credit to team!<14><[U:1:197412154]><Unassigned>" joined team "Red"
L 10/08/2014 - 12:55:08: "trigger_hurt<3><BOT><Red>" killed "Divide by Zero<4><BOT><Blue>" with "shotgun_primary" (attacker_position "66 2619 -202") (victim_position "-38 2373 -247")
L 10/08/2014 - 12:55:08: "MoreGun<5><BOT><Red>" triggered "kill assist" against "Divide by Zero<4><BOT><Blue>" (assister_position "-78 2797 -247") (attacker_position "66 2619 -202") (victim_position "-38 2373 -247")
L 10/08/2014 - 12:55:08: "Divide by Zero<4><BOT><Blue>" changed role to "engineer"
L 10/08/2014 - 12:55:10: "rb6freak<13><[U:1:4958073]><Blue>" killed "trigger_hurt<3><BOT><Red>" with "tf_projectile_rocket" (attacker_position "118 1799 -268") (victim_position "102 2845 -251")
L 10/08/2014 - 12:55:10: "I LIVE!<2><BOT><Blue>" triggered "kill assist" against "trigger_hurt<3><BOT><Red>" (assister_position "273 2500 -255") (attacker_position "118 1799 -268") (victim_position "102 2845 -251")
L 10/08/2014 - 12:55:10: "trigger_hurt<3><BOT><Red>" changed role to "soldier"
L 10/08/2014 - 12:55:10: "Big Mean Muther Hubbard<6><BOT><Blue>" stuck (position "-2266.98 1375.44 -293.20") (duration "3.78") L 10/08/2014 - 12:55:10:    path_goal ( "-2200.00 350.00 -63.97" )
L 10/08/2014 - 12:55:14: "Big Mean Muther Hubbard<6><BOT><Blue>" stuck (position "-2259.10 1376.03 -293.10") (duration "3.78") L 10/08/2014 - 12:55:14:    path_goal ( "-2200.00 350.00 -63.97" )
L 10/08/2014 - 12:55:15: "Freakin' Unbelievable<9><BOT><Red>" triggered "chargedeployed"
L 10/08/2014 - 12:55:24: "Splunk is credit to team!<14><[U:1:197412154]><Red>" changed role to "heavyweapons"
L 10/08/2014 - 12:55:25: "rb6freak<13><[U:1:4958073]><Blue>" killed "Crazed Gunman<7><BOT><Red>" with "tf_projectile_rocket" (attacker_position "1047 2090 -63") (victim_position "876 2650 -255")
L 10/08/2014 - 12:55:26: "Big Mean Muther Hubbard<6><BOT><Blue>" triggered "medic_death" against "Freakin' Unbelievable<9><BOT><Red>" (healing "806") (ubercharge "0")
L 10/08/2014 - 12:55:26: "Big Mean Muther Hubbard<6><BOT><Blue>" killed "Freakin' Unbelievable<9><BOT><Red>" with "tf_projectile_pipe" (attacker_position "-954 2368 -415") (victim_position "-584 1944 -255")
L 10/08/2014 - 12:55:29: Team "Blue" triggered "pointcaptured" (cp "0") (cpname "#Dustbowl_cap_1_A") (numcappers "2") (player1 "Poopy Joe<8><BOT><Blue>") (position1 "-193 2881 -240") (player2 "Data Wizard<12><[U:1:197413154]><Blue>") (position2 "-212 2861 -240") 
L 10/08/2014 - 12:55:32: "rb6freak<13><[U:1:4958073]><Blue>" killed "The Architect<11><[U:1:197287110]><Red>" with "tf_projectile_rocket" (attacker_position "1198 2111 -59") (victim_position "1009 2049 -63")
L 10/08/2014 - 12:55:32: "The Architect<11><[U:1:197287110]><Red>" killed "rb6freak<13><[U:1:4958073]><Blue>" with "flamethrower" (attacker_position "1009 2049 -49") (victim_position "1237 2106 -25")
L 10/08/2014 - 12:55:36: "Divide by Zero<4><BOT><Blue>" triggered "player_builtobject" (object "OBJ_TELEPORTER") (position "-2156 2956 -255")
L 10/08/2014 - 12:55:38: "MoreGun<5><BOT><Red>" killed "Big Mean Muther Hubbard<6><BOT><Blue>" with "tf_projectile_pipe_remote" (attacker_position "246 2208 -255") (victim_position "-421 2269 -358")
L 10/08/2014 - 12:55:38: "Big Mean Muther Hubbard<6><BOT><Blue>" changed role to "pyro"
L 10/08/2014 - 12:55:46: "Data Wizard<12><[U:1:197413154]><Blue>" killed "trigger_hurt<3><BOT><Red>" with "world" (attacker_position "2365 2485 -143") (victim_position "2307 2509 -143")
L 10/08/2014 - 12:55:46: "trigger_hurt<3><BOT><Red>" changed role to "demoman"
L 10/08/2014 - 12:55:50: Team "Blue" triggered "pointcaptured" (cp "1") (cpname "#Dustbowl_cap_1_B") (numcappers "2") (player1 "Poopy Joe<8><BOT><Blue>") (position1 "2335 2205 -143") (player2 "Data Wizard<12><[U:1:197413154]><Blue>") (position2 "2160 2202 -143") 
L 10/08/2014 - 12:55:50: World triggered "Mini_Round_Win" (winner "Blue") (round "round_1")
L 10/08/2014 - 12:55:50: World triggered "Mini_Round_Length" (seconds "126.87")
L 10/08/2014 - 12:55:53: "Data Wizard<12><[U:1:197413154]><Blue>" killed "nulltr0n<15><[U:1:197388838]><Red>" with "flamethrower" (attacker_position "1821 2474 -202") (victim_position "1792 2426 -206")
L 10/08/2014 - 12:55:54: "Slysdexia<10><[U:1:12012915]><Blue>" killed "MoreGun<5><BOT><Red>" with "brass_beast" (attacker_position "673 2639 -252") (victim_position "923 2430 -251")
L 10/08/2014 - 12:55:54: "MoreGun<5><BOT><Red>" changed role to "scout"
L 10/08/2014 - 12:55:54: "Poopy Joe<8><BOT><Blue>" killed "Splunk is credit to team!<14><[U:1:197412154]><Red>" with "syringegun_medic" (attacker_position "2071 2145 -202") (victim_position "2230 2116 -191")
L 10/08/2014 - 12:55:54: "Data Wizard<12><[U:1:197413154]><Blue>" triggered "kill assist" against "Splunk is credit to team!<14><[U:1:197412154]><Red>" (assister_position "2138 2068 -194") (attacker_position "2071 2145 -202") (victim_position "2230 2116 -191")
L 10/08/2014 - 12:56:03: "Data Wizard<12><[U:1:197413154]><Blue>" triggered "medic_death" against "Freakin' Unbelievable<9><BOT><Red>" (healing "0") (ubercharge "0")
L 10/08/2014 - 12:56:03: "Data Wizard<12><[U:1:197413154]><Blue>" killed "Freakin' Unbelievable<9><BOT><Red>" with "flamethrower" (attacker_position "1606 742 -104") (victim_position "1432 739 -109")
L 10/08/2014 - 12:56:03: "I LIVE!<2><BOT><Blue>" triggered "kill assist" against "Freakin' Unbelievable<9><BOT><Red>" (assister_position "1854 595 -214") (attacker_position "1606 742 -104") (victim_position "1432 739 -109")
L 10/08/2014 - 12:56:03: "Data Wizard<12><[U:1:197413154]><Blue>" killed "The Architect<11><[U:1:197287110]><Red>" with "flamethrower" (attacker_position "1469 710 -118") (victim_position "1432 784 -121")
L 10/08/2014 - 12:56:05: World triggered "Round_Setup_Begin"
L 10/08/2014 - 12:56:05: World triggered "Mini_Round_Selected" (round "round_2")
L 10/08/2014 - 12:56:05: World triggered "Mini_Round_Start"
L 10/08/2014 - 12:56:15: "Divide by Zero<4><BOT><Blue>" stuck (position "2568.03 1000.03 -223.97") (duration "3.36") L 10/08/2014 - 12:56:15:    path_goal ( "2310.00 -1560.00 0.03" )
L 10/08/2014 - 12:56:15: "Divide by Zero<4><BOT><Blue>" stuck (position "2568.03 1000.03 -198.66") (duration "3.47") L 10/08/2014 - 12:56:15:    path_goal ( "2575.00 1025.00 -223.97" )
L 10/08/2014 - 12:56:16: "Divide by Zero<4><BOT><Blue>" stuck (position "2568.03 1060.60 -223.97") (duration "4.51") L 10/08/2014 - 12:56:16:    path_goal ( "2600.00 1250.00 -223.97" )
L 10/08/2014 - 12:56:18: "Divide by Zero<4><BOT><Blue>" triggered "player_builtobject" (object "OBJ_TELEPORTER") (position "2490 949 -188")
L 10/08/2014 - 12:56:25: "Divide by Zero<4><BOT><Blue>" stuck (position "1982.81 286.53 -323.52") (duration "3.57") L 10/08/2014 - 12:56:25:    path_goal ( "1838.83 -643.56 -25.05" )
L 10/08/2014 - 12:56:25: "Divide by Zero<4><BOT><Blue>" stuck (position "1982.59 286.53 -298.22") (duration "3.68") L 10/08/2014 - 12:56:25:    path_goal ( "1982.59 286.53 -298.22" )
L 10/08/2014 - 12:56:30: "Crazed Gunman<7><BOT><Red>" triggered "player_builtobject" (object "OBJ_SENTRYGUN") (position "1998 -2076 -127")
L 10/08/2014 - 12:56:33: "Divide by Zero<4><BOT><Blue>" stuck (position "1984.81 286.53 -323.59") (duration "3.57") L 10/08/2014 - 12:56:33:    path_goal ( "1977.13 -2132.71 -127.69" )
L 10/08/2014 - 12:56:33: "Divide by Zero<4><BOT><Blue>" stuck (position "1970.07 286.53 -298.29") (duration "3.68") L 10/08/2014 - 12:56:33:    path_goal ( "1977.13 -2132.71 -127.69" )
L 10/08/2014 - 12:56:40: "Chief Data Wrangler<16><[U:1:197363721]><>" connected, address "192.168.1.111:27005"
L 10/08/2014 - 12:56:40: "Chief Data Wrangler<16><[U:1:197363721]><>" STEAM USERID validated
L 10/08/2014 - 12:56:44: "Chief Data Wrangler<16><[U:1:197363721]><>" entered the game
L 10/08/2014 - 12:56:44: "Divide by Zero<4><BOT><Blue>" stuck (position "1996.44 286.53 -324.01") (duration "3.36") L 10/08/2014 - 12:56:44:    path_goal ( "1607.40 -1641.39 -134.31" )
L 10/08/2014 - 12:56:44: "Divide by Zero<4><BOT><Blue>" stuck (position "1970.90 286.53 -298.71") (duration "3.47") L 10/08/2014 - 12:56:44:    path_goal ( "1607.40 -1641.39 -134.31" )
L 10/08/2014 - 12:56:45: "Divide by Zero<4><BOT><Blue>" stuck (position "2022.28 309.10 -326.32") (duration "0.74") L 10/08/2014 - 12:56:45:    path_goal ( "2050.00 300.00 -326.08" )
L 10/08/2014 - 12:56:49: "Divide by Zero<4><BOT><Blue>" stuck (position "1964.41 286.53 -322.86") (duration "3.36") L 10/08/2014 - 12:56:49:    path_goal ( "2050.00 300.00 -326.08" )
L 10/08/2014 - 12:56:49: "Divide by Zero<4><BOT><Blue>" stuck (position "1957.41 293.52 -297.55") (duration "3.46") L 10/08/2014 - 12:56:49:    path_goal ( "2050.00 300.00 -326.08" )
L 10/08/2014 - 12:56:50: "Chief Data Wrangler<16><[U:1:197363721]><Unassigned>" joined team "Blue"
L 10/08/2014 - 12:56:53: "Divide by Zero<4><BOT><Blue>" stuck (position "2007.68 286.53 -324.42") (duration "3.36") L 10/08/2014 - 12:56:53:    path_goal ( "1607.40 -1641.39 -134.31" )
L 10/08/2014 - 12:56:53: "Divide by Zero<4><BOT><Blue>" stuck (position "1999.51 290.36 -299.11") (duration "3.46") L 10/08/2014 - 12:56:53:    path_goal ( "1607.40 -1641.39 -134.31" )
L 10/08/2014 - 12:56:54: "Chief Data Wrangler<16><[U:1:197363721]><Blue>" changed role to "soldier"
L 10/08/2014 - 12:57:05: "Divide by Zero<4><BOT><Blue>" stuck (position "2185.54 285.53 -327.89") (duration "3.88") L 10/08/2014 - 12:57:05:    path_goal ( "2466.81 -1485.65 0.03" )
L 10/08/2014 - 12:57:05: World triggered "Round_Setup_End"
L 10/08/2014 - 12:57:05: "Divide by Zero<4><BOT><Blue>" stuck (position "2181.59 285.53 -302.59") (duration "3.99") L 10/08/2014 - 12:57:05:    path_goal ( "2466.81 -1485.65 0.03" )
L 10/08/2014 - 12:57:13: "Data Wizard<12><[U:1:197413154]><Blue>" killed "MoreGun<5><BOT><Red>" with "flamethrower" (attacker_position "1546 -732 -162") (victim_position "1630 -859 -131")
L 10/08/2014 - 12:57:13: "Slysdexia<10><[U:1:12012915]><Blue>" triggered "kill assist" against "MoreGun<5><BOT><Red>" (assister_position "2168 23 -207") (attacker_position "1546 -732 -162") (victim_position "1630 -859 -131")
L 10/08/2014 - 12:57:13: "MoreGun<5><BOT><Red>" changed role to "demoman"
L 10/08/2014 - 12:57:13: "Data Wizard<12><[U:1:197413154]><Blue>" killed "trigger_hurt<3><BOT><Red>" with "flamethrower" (attacker_position "1713 -704 -169") (victim_position "1701 -871 -128")
L 10/08/2014 - 12:57:13: "trigger_hurt<3><BOT><Red>" changed role to "engineer"
L 10/08/2014 - 12:57:14: "Crazed Gunman<7><BOT><Red>" killed "Divide by Zero<4><BOT><Blue>" with "obj_sentrygun2" (attacker_position "1954 -2000 -127") (victim_position "2197 -1050 -140")
L 10/08/2014 - 12:57:14: "nulltr0n<15><[U:1:197388838]><Red>" triggered "kill assist" against "Divide by Zero<4><BOT><Blue>" (assister_position "1543 -1720 -142") (attacker_position "1954 -2000 -127") (victim_position "2197 -1050 -140")
L 10/08/2014 - 12:57:14: "Divide by Zero<4><BOT><Blue>" changed role to "demoman"
L 10/08/2014 - 12:57:18: "Crazed Gunman<7><BOT><Red>" killed "I LIVE!<2><BOT><Blue>" with "obj_sentrygun3" (attacker_position "2002 -2020 -127") (victim_position "2215 -1079 -137")
L 10/08/2014 - 12:57:18: "The Architect<11><[U:1:197287110]><Red>" killed "Chief Data Wrangler<16><[U:1:197363721]><Blue>" with "flamethrower" (attacker_position "2707 -1389 0") (victim_position "2711 -1312 0")
L 10/08/2014 - 12:57:21: "nulltr0n<15><[U:1:197388838]><Red>" killed "Big Mean Muther Hubbard<6><BOT><Blue>" with "minigun" (attacker_position "1770 -1352 -121") (victim_position "2201 -1083 -140")
L 10/08/2014 - 12:57:21: "Freakin' Unbelievable<9><BOT><Red>" triggered "kill assist" against "Big Mean Muther Hubbard<6><BOT><Blue>" (assister_position "1665 -1459 -125") (attacker_position "1770 -1352 -121") (victim_position "2201 -1083 -140")
L 10/08/2014 - 12:57:21: "Big Mean Muther Hubbard<6><BOT><Blue>" changed role to "demoman"
L 10/08/2014 - 12:57:23: "rb6freak<13><[U:1:4958073]><Blue>" killed "The Architect<11><[U:1:197287110]><Red>" with "tf_projectile_rocket" (attacker_position "2693 -453 -186") (victim_position "2711 -654 -136")
L 10/08/2014 - 12:57:23: "Poopy Joe<8><BOT><Blue>" triggered "kill assist" against "The Architect<11><[U:1:197287110]><Red>" (assister_position "2559 -449 -191") (attacker_position "2693 -453 -186") (victim_position "2711 -654 -136")
L 10/08/2014 - 12:57:27: "Crazed Gunman<7><BOT><Red>" triggered "player_builtobject" (object "OBJ_DISPENSER") (position "1997 -2099 -127")
L 10/08/2014 - 12:57:27: "Poopy Joe<8><BOT><Blue>" triggered "player_extinguished" against "rb6freak<13><[U:1:4958073]><Blue>" with "tf_weapon_medigun" (attacker_position "2599 -568 -191") (victim_position "2711 -643 -175")
L 10/08/2014 - 12:57:28: "Freakin' Unbelievable<9><BOT><Red>" triggered "chargedeployed"
L 10/08/2014 - 12:57:29: "nulltr0n<15><[U:1:197388838]><Red>" killed "Slysdexia<10><[U:1:12012915]><Blue>" with "minigun" (attacker_position "1910 -864 -131") (victim_position "2358 -417 -191")
L 10/08/2014 - 12:57:29: "Freakin' Unbelievable<9><BOT><Red>" triggered "kill assist" against "Slysdexia<10><[U:1:12012915]><Blue>" (assister_position "1844 -955 -126") (attacker_position "1910 -864 -131") (victim_position "2358 -417 -191")
L 10/08/2014 - 12:57:32: "trigger_hurt<3><BOT><Red>" triggered "player_builtobject" (object "OBJ_TELEPORTER") (position "-2047 -1743 -188")
L 10/08/2014 - 12:57:36: "rb6freak<13><[U:1:4958073]><Blue>" triggered "killedobject" (object "OBJ_DISPENSER") (weapon "tf_projectile_rocket") (objectowner "Crazed Gunman<7><BOT><Red>") (attacker_position "2675 -1413 0")
L 10/08/2014 - 12:57:36: "Poopy Joe<8><BOT><Blue>" triggered "killedobject" (object "OBJ_DISPENSER") (objectowner "Crazed Gunman<7><BOT><Red>") (assist "1") (assister_position "2616 -1339 0") (attacker_position "2675 -1413 0")
L 10/08/2014 - 12:57:37: "Poopy Joe<8><BOT><Blue>" triggered "chargedeployed"
L 10/08/2014 - 12:57:38: "Crazed Gunman<7><BOT><Red>" killed "Data Wizard<12><[U:1:197413154]><Blue>" with "obj_sentrygun3" (attacker_position "2057 -2000 -127") (victim_position "1986 -1550 -134")
L 10/08/2014 - 12:57:40: "rb6freak<13><[U:1:4958073]><Blue>" killed "Crazed Gunman<7><BOT><Red>" with "tf_projectile_rocket" (attacker_position "2657 -1523 0") (victim_position "2046 -1974 -127")
L 10/08/2014 - 12:57:40: "Poopy Joe<8><BOT><Blue>" triggered "kill assist" against "Crazed Gunman<7><BOT><Red>" (assister_position "2630 -1506 0") (attacker_position "2657 -1523 0") (victim_position "2046 -1974 -127")
L 10/08/2014 - 12:57:45: "rb6freak<13><[U:1:4958073]><Blue>" triggered "killedobject" (object "OBJ_SENTRYGUN") (weapon "tf_projectile_rocket") (objectowner "Crazed Gunman<7><BOT><Red>") (attacker_position "2657 -1449 0")
L 10/08/2014 - 12:57:45: "Poopy Joe<8><BOT><Blue>" triggered "killedobject" (object "OBJ_SENTRYGUN") (objectowner "Crazed Gunman<7><BOT><Red>") (assist "1") (assister_position "2679 -1435 0") (attacker_position "2657 -1449 0")
L 10/08/2014 - 12:57:47: "Chief Data Wrangler<16><[U:1:197363721]><Blue>" triggered "medic_death" against "Freakin' Unbelievable<9><BOT><Red>" (healing "917") (ubercharge "0")
L 10/08/2014 - 12:57:47: "Chief Data Wrangler<16><[U:1:197363721]><Blue>" killed "Freakin' Unbelievable<9><BOT><Red>" with "tf_projectile_rocket" (attacker_position "1930 -347 -191") (victim_position "1986 -701 -177")
L 10/08/2014 - 12:57:59: "I LIVE!<2><BOT><Blue>" killed "nulltr0n<15><[U:1:197388838]><Red>" with "scattergun" (attacker_position "2250 -442 -196") (victim_position "1909 -1005 -124")
L 10/08/2014 - 12:57:59: "MoreGun<5><BOT><Red>" triggered "medic_death" against "Poopy Joe<8><BOT><Blue>" (healing "1414") (ubercharge "0")
L 10/08/2014 - 12:57:59: "MoreGun<5><BOT><Red>" killed "Poopy Joe<8><BOT><Blue>" with "tf_projectile_pipe" (attacker_position "2169 -1745 -142") (victim_position "2086 -1716 -142")
L 10/08/2014 - 12:58:00: "Crazed Gunman<7><BOT><Red>" triggered "player_builtobject" (object "OBJ_TELEPORTER") (position "-2007 -1742 -188")
L 10/08/2014 - 12:58:00: "rb6freak<13><[U:1:4958073]><Blue>" killed "MoreGun<5><BOT><Red>" with "shotgun_soldier" (attacker_position "2014 -1807 -141") (victim_position "2430 -1689 -127")
L 10/08/2014 - 12:58:00: "MoreGun<5><BOT><Red>" changed role to "sniper"
L 10/08/2014 - 12:58:05: "I LIVE!<2><BOT><Blue>" stuck (position "2342.72 -1433.51 5.49") (duration "2.52") L 10/08/2014 - 12:58:05:    path_goal ( "2325.00 -1562.50 0.03" )
L 10/08/2014 - 12:58:06: "Big Mean Muther Hubbard<6><BOT><Blue>" stuck (position "2200.03 1559.97 -223.97") (duration "3.67") L 10/08/2014 - 12:58:06:    path_goal ( "2150.00 1775.00 -197.87" )
L 10/08/2014 - 12:58:08: Team "Blue" triggered "pointcaptured" (cp "2") (cpname "#Dustbowl_cap_2_A") (numcappers "1") (player1 "I LIVE!<2><BOT><Blue>") (position1 "2239 -1597 7") 
L 10/08/2014 - 12:58:11: "Freakin' Unbelievable<9><BOT><Red>" stuck (position "-1915.06 -2093.91 -159.97") (duration "3.15") L 10/08/2014 - 12:58:11:    path_goal ( "NULL" )
L 10/08/2014 - 12:58:11: "Crazed Gunman<7><BOT><Red>" triggered "player_builtobject" (object "OBJ_SENTRYGUN") (position "-683 -1942 -157")
L 10/08/2014 - 12:58:11: "Freakin' Unbelievable<9><BOT><Red>" stuck (position "-1916.01 -2109.71 -134.66") (duration "3.26") L 10/08/2014 - 12:58:11:    path_goal ( "NULL" )
L 10/08/2014 - 12:58:13: "The Architect<11><[U:1:197287110]><Red>" killed "rb6freak<13><[U:1:4958073]><Blue>" with "flamethrower" (attacker_position "2067 -1677 -143") (victim_position "1844 -1564 -109")
L 10/08/2014 - 12:58:14: "Divide by Zero<4><BOT><Blue>" killed "The Architect<11><[U:1:197287110]><Red>" with "tf_projectile_pipe" (attacker_position "1599 -1495 -127") (victim_position "1800 -1445 -99")
L 10/08/2014 - 12:58:14: "rb6freak<13><[U:1:4958073]><Blue>" triggered "kill assist" against "The Architect<11><[U:1:197287110]><Red>" (assister_position "1844 -1564 -95") (attacker_position "1599 -1495 -127") (victim_position "1800 -1445 -99")
L 10/08/2014 - 12:58:15: "Freakin' Unbelievable<9><BOT><Red>" stuck (position "-1888.67 -2126.68 -159.97") (duration "3.15") L 10/08/2014 - 12:58:15:    path_goal ( "NULL" )
L 10/08/2014 - 12:58:15: "Freakin' Unbelievable<9><BOT><Red>" stuck (position "-1858.99 -2135.97 -134.66") (duration "3.25") L 10/08/2014 - 12:58:15:    path_goal ( "NULL" )
L 10/08/2014 - 12:58:19: "Freakin' Unbelievable<9><BOT><Red>" stuck (position "-1915.20 -2141.18 -159.97") (duration "3.15") L 10/08/2014 - 12:58:19:    path_goal ( "NULL" )
L 10/08/2014 - 12:58:19: "Freakin' Unbelievable<9><BOT><Red>" stuck (position "-1915.85 -2121.29 -134.66") (duration "3.26") L 10/08/2014 - 12:58:19:    path_goal ( "NULL" )
L 10/08/2014 - 12:58:28: "Data Wizard<12><[U:1:197413154]><Blue>" killed "nulltr0n<15><[U:1:197388838]><Red>" with "flamethrower" (attacker_position "-1409 -2244 -127") (victim_position "-1312 -2208 -124")
L 10/08/2014 - 12:58:33: "Crazed Gunman<7><BOT><Red>" killed "Data Wizard<12><[U:1:197413154]><Blue>" with "obj_sentrygun" (attacker_position "-1122 -2355 -114") (victim_position "-1671 -1815 -45")
L 10/08/2014 - 12:58:33: "Splunk is credit to team!<14><[U:1:197412154]><Red>" triggered "kill assist" against "Data Wizard<12><[U:1:197413154]><Blue>" (assister_position "-1261 -2217 -124") (attacker_position "-1122 -2355 -114") (victim_position "-1671 -1815 -45")
L 10/08/2014 - 12:58:37: "Crazed Gunman<7><BOT><Red>" stuck (position "-1050.05 -2344.79 -128.58") (duration "3.46") L 10/08/2014 - 12:58:37:    path_goal ( "-1062.50 -2287.50 -59.72" )
L 10/08/2014 - 12:58:37: "Crazed Gunman<7><BOT><Red>" stuck (position "-1076.64 -2357.17 -103.28") (duration "3.57") L 10/08/2014 - 12:58:37:    path_goal ( "NULL" )
L 10/08/2014 - 12:58:38: "Crazed Gunman<7><BOT><Red>" killed "Big Mean Muther Hubbard<6><BOT><Blue>" with "obj_sentrygun" (attacker_position "-1112 -2363 -53") (victim_position "416 -2055 -122")
L 10/08/2014 - 12:58:39: "Chief Data Wrangler<16><[U:1:197363721]><Blue>" killed "Crazed Gunman<7><BOT><Red>" with "tf_projectile_rocket" (attacker_position "-849 -2465 -124") (victim_position "-1124 -2336 -127")
L 10/08/2014 - 12:58:43: "I LIVE!<2><BOT><Blue>" killed "The Architect<11><[U:1:197287110]><Red>" with "scattergun" (attacker_position "-1138 -2740 -117") (victim_position "-1201 -2815 -106")
L 10/08/2014 - 12:58:43: "Chief Data Wrangler<16><[U:1:197363721]><Blue>" triggered "kill assist" against "The Architect<11><[U:1:197287110]><Red>" (assister_position "-784 -2617 -127") (attacker_position "-1138 -2740 -117") (victim_position "-1201 -2815 -106")
L 10/08/2014 - 12:58:49: "rb6freak<13><[U:1:4958073]><Blue>" killed "trigger_hurt<3><BOT><Red>" with "tf_projectile_rocket" (attacker_position "2235 -1148 -134") (victim_position "2434 -1196 -127")
L 10/08/2014 - 12:58:49: "Poopy Joe<8><BOT><Blue>" triggered "kill assist" against "trigger_hurt<3><BOT><Red>" (assister_position "2042 -942 -143") (attacker_position "2235 -1148 -134") (victim_position "2434 -1196 -127")
L 10/08/2014 - 12:58:49: "trigger_hurt<3><BOT><Red>" changed role to "demoman"
L 10/08/2014 - 12:58:52: "Divide by Zero<4><BOT><Blue>" stuck (position "1540.48 852.00 -145.36") (duration "3.99") L 10/08/2014 - 12:58:52:    path_goal ( "1512.50 1362.50 0.02" )
L 10/08/2014 - 12:58:52: "MoreGun<5><BOT><Red>" killed "Chief Data Wrangler<16><[U:1:197363721]><Blue>" with "sniperrifle" (attacker_position "-1283 -1692 -130") (victim_position "-1306 -2416 -127")
L 10/08/2014 - 12:58:52: "Freakin' Unbelievable<9><BOT><Red>" triggered "kill assist" against "Chief Data Wrangler<16><[U:1:197363721]><Blue>" (assister_position "-1630 -1819 62") (attacker_position "-1283 -1692 -130") (victim_position "-1306 -2416 -127")
L 10/08/2014 - 12:58:58: "Crazed Gunman<7><BOT><Red>" killed "I LIVE!<2><BOT><Blue>" with "obj_sentrygun" (attacker_position "-1088 -2432 114") (victim_position "181 -1668 -132")
L 10/08/2014 - 12:59:07: "Slysdexia<10><[U:1:12012915]><Blue>" triggered "killedobject" (object "OBJ_SENTRYGUN") (weapon "brass_beast") (objectowner "Crazed Gunman<7><BOT><Red>") (attacker_position "-731 -1629 0")
L 10/08/2014 - 12:59:17: "Crazed Gunman<7><BOT><Red>" triggered "player_builtobject" (object "OBJ_SENTRYGUN") (position "-845 -2500 -126")
L 10/08/2014 - 12:59:19: "trigger_hurt<3><BOT><Red>" killed "Slysdexia<10><[U:1:12012915]><Blue>" with "tf_projectile_pipe" (attacker_position "-1112 -2331 -62") (victim_position "-978 -1496 0")
L 10/08/2014 - 12:59:19: "nulltr0n<15><[U:1:197388838]><Red>" triggered "kill assist" against "Slysdexia<10><[U:1:12012915]><Blue>" (assister_position "-1593 -2232 -127") (attacker_position "-1112 -2331 -62") (victim_position "-978 -1496 0")
L 10/08/2014 - 12:59:26: "Divide by Zero<4><BOT><Blue>" killed "trigger_hurt<3><BOT><Red>" with "tf_projectile_pipe" (attacker_position "-963 -1550 0") (victim_position "-996 -1598 0")
L 10/08/2014 - 12:59:26: "Big Mean Muther Hubbard<6><BOT><Blue>" triggered "kill assist" against "trigger_hurt<3><BOT><Red>" (assister_position "-1021 -1712 0") (attacker_position "-963 -1550 0") (victim_position "-996 -1598 0")
L 10/08/2014 - 12:59:26: "trigger_hurt<3><BOT><Red>" changed role to "soldier"
L 10/08/2014 - 12:59:30: "Divide by Zero<4><BOT><Blue>" triggered "medic_death" against "Freakin' Unbelievable<9><BOT><Red>" (healing "848") (ubercharge "0")
L 10/08/2014 - 12:59:30: "Divide by Zero<4><BOT><Blue>" killed "Freakin' Unbelievable<9><BOT><Red>" with "tf_projectile_pipe" (attacker_position "-1416 -1817 -135") (victim_position "-1648 -1859 -45")
L 10/08/2014 - 12:59:30: "Data Wizard<12><[U:1:197413154]><Blue>" triggered "kill assist" against "Freakin' Unbelievable<9><BOT><Red>" (assister_position "-1099 -1894 -159") (attacker_position "-1416 -1817 -135") (victim_position "-1648 -1859 -45")
L 10/08/2014 - 12:59:32: "nulltr0n<15><[U:1:197388838]><Red>" killed "Big Mean Muther Hubbard<6><BOT><Blue>" with "minigun" (attacker_position "-1585 -2374 -127") (victim_position "-1318 -1698 -133")
L 10/08/2014 - 12:59:32: "MoreGun<5><BOT><Red>" triggered "kill assist" against "Big Mean Muther Hubbard<6><BOT><Blue>" (assister_position "-1971 -1643 -190") (attacker_position "-1585 -2374 -127") (victim_position "-1318 -1698 -133")
L 10/08/2014 - 12:59:32: "Big Mean Muther Hubbard<6><BOT><Blue>" changed role to "soldier"
L 10/08/2014 - 12:59:34: "Crazed Gunman<7><BOT><Red>" killed "Divide by Zero<4><BOT><Blue>" with "obj_sentrygun" (attacker_position "-827 -2457 -124") (victim_position "-1698 -1916 -45")
L 10/08/2014 - 12:59:37: "Data Wizard<12><[U:1:197413154]><Blue>" killed "Splunk is credit to team!<14><[U:1:197412154]><Red>" with "flamethrower" (attacker_position "-1419 -1649 -127") (victim_position "-1340 -1631 -127")
L 10/08/2014 - 12:59:38: "MoreGun<5><BOT><Red>" stuck (position "-2051.95 -1576.03 -191.97") (duration "3.36") L 10/08/2014 - 12:59:38:    path_goal ( "-2050.00 -1450.00 -191.97" )
L 10/08/2014 - 12:59:38: "MoreGun<5><BOT><Red>" stuck (position "-2052.57 -1576.03 -166.66") (duration "3.46") L 10/08/2014 - 12:59:38:    path_goal ( "-2050.00 -1450.00 -191.97" )
L 10/08/2014 - 12:59:38: "MoreGun<5><BOT><Red>" killed "Data Wizard<12><[U:1:197413154]><Blue>" with "smg" (attacker_position "-2054 -1576 -123") (victim_position "-1459 -1566 -127")
L 10/08/2014 - 12:59:38: "nulltr0n<15><[U:1:197388838]><Red>" triggered "kill assist" against "Data Wizard<12><[U:1:197413154]><Blue>" (assister_position "-1424 -2293 -127") (attacker_position "-2054 -1576 -123") (victim_position "-1459 -1566 -127")
L 10/08/2014 - 12:59:39: "MoreGun<5><BOT><Red>" stuck (position "-2059.41 -1576.03 -191.97") (duration "0.10") L 10/08/2014 - 12:59:39:    path_goal ( "-1975.00 -1600.00 -191.52" )
L 10/08/2014 - 12:59:40: "MoreGun<5><BOT><Red>" stuck (position "-2016.79 -1600.67 -191.97") (duration "1.15") L 10/08/2014 - 12:59:40:    path_goal ( "-1975.00 -1600.00 -191.52" )
L 10/08/2014 - 12:59:48: "rb6freak<13><[U:1:4958073]><Blue>" triggered "killedobject" (object "OBJ_SENTRYGUN") (weapon "tf_projectile_rocket") (objectowner "Crazed Gunman<7><BOT><Red>") (attacker_position "-500 -2162 0")
L 10/08/2014 - 12:59:48: "Poopy Joe<8><BOT><Blue>" triggered "killedobject" (object "OBJ_SENTRYGUN") (objectowner "Crazed Gunman<7><BOT><Red>") (assist "1") (assister_position "-376 -2110 0") (attacker_position "-500 -2162 0")
L 10/08/2014 - 12:59:54: "rb6freak<13><[U:1:4958073]><Blue>" killed "The Architect<11><[U:1:197287110]><Red>" with "tf_projectile_rocket" (attacker_position "-359 -1842 0") (victim_position "-316 -1695 -133")
L 10/08/2014 - 12:59:54: "Poopy Joe<8><BOT><Blue>" triggered "kill assist" against "The Architect<11><[U:1:197287110]><Red>" (assister_position "-539 -2204 0") (attacker_position "-359 -1842 0") (victim_position "-316 -1695 -133")
L 10/08/2014 - 12:59:54: "trigger_hurt<3><BOT><Red>" killed "I LIVE!<2><BOT><Blue>" with "tf_projectile_rocket" (attacker_position "-1137 -1859 -159") (victim_position "-956 -1774 -134")
L 10/08/2014 - 12:59:54: "The Architect<11><[U:1:197287110]><Red>" triggered "kill assist" against "I LIVE!<2><BOT><Blue>" (assister_position "-316 -1695 -65") (attacker_position "-1137 -1859 -159") (victim_position "-956 -1774 -134")
L 10/08/2014 - 13:00:01: "trigger_hurt<3><BOT><Red>" triggered "captureblocked" (cp "3") (cpname "#Dustbowl_cap_2_B") (position "-1098 -1840 -159")
L 10/08/2014 - 13:00:01: "trigger_hurt<3><BOT><Red>" killed "Chief Data Wrangler<16><[U:1:197363721]><Blue>" with "tf_projectile_rocket" (attacker_position "-1098 -1840 -159") (victim_position "-1557 -1951 -38")
L 10/08/2014 - 13:00:01: "nulltr0n<15><[U:1:197388838]><Red>" triggered "kill assist" against "Chief Data Wrangler<16><[U:1:197363721]><Blue>" (assister_position "-1343 -1764 -149") (attacker_position "-1098 -1840 -159") (victim_position "-1557 -1951 -38")
L 10/08/2014 - 13:00:06: "Poopy Joe<8><BOT><Blue>" triggered "chargedeployed"
L 10/08/2014 - 13:00:10: "rb6freak<13><[U:1:4958073]><Blue>" killed "trigger_hurt<3><BOT><Red>" with "tf_projectile_rocket" (attacker_position "-500 -1889 -159") (victim_position "-854 -1781 -134")
L 10/08/2014 - 13:00:10: "Poopy Joe<8><BOT><Blue>" triggered "kill assist" against "trigger_hurt<3><BOT><Red>" (assister_position "-330 -1816 -159") (attacker_position "-500 -1889 -159") (victim_position "-854 -1781 -134")
L 10/08/2014 - 13:00:10: "trigger_hurt<3><BOT><Red>" changed role to "pyro"
L 10/08/2014 - 13:00:16: "nulltr0n<15><[U:1:197388838]><Red>" killed "Slysdexia<10><[U:1:12012915]><Blue>" with "minigun" (attacker_position "-1287 -2279 -124") (victim_position "-411 -2505 -109")
L 10/08/2014 - 13:00:16: "MoreGun<5><BOT><Red>" triggered "kill assist" against "Slysdexia<10><[U:1:12012915]><Blue>" (assister_position "-1066 -2471 -127") (attacker_position "-1287 -2279 -124") (victim_position "-411 -2505 -109")
L 10/08/2014 - 13:00:18: "rb6freak<13><[U:1:4958073]><Blue>" killed "MoreGun<5><BOT><Red>" with "tf_projectile_rocket" (attacker_position "-371 -2390 -125") (victim_position "-813 -2691 -126")
L 10/08/2014 - 13:00:18: "Poopy Joe<8><BOT><Blue>" triggered "kill assist" against "MoreGun<5><BOT><Red>" (assister_position "-328 -2240 -124") (attacker_position "-371 -2390 -125") (victim_position "-813 -2691 -126")
L 10/08/2014 - 13:00:29: "rb6freak<13><[U:1:4958073]><Blue>" killed "nulltr0n<15><[U:1:197388838]><Red>" with "tf_projectile_rocket" (attacker_position "-475 -2588 -122") (victim_position "-1592 -2206 -68")
L 10/08/2014 - 13:00:29: "Poopy Joe<8><BOT><Blue>" triggered "kill assist" against "nulltr0n<15><[U:1:197388838]><Red>" (assister_position "-476 -2282 -125") (attacker_position "-475 -2588 -122") (victim_position "-1592 -2206 -68")
L 10/08/2014 - 13:00:43: "Divide by Zero<4><BOT><Blue>" stuck (position "-2052.97 -1720.47 -179.94") (duration "3.57") L 10/08/2014 - 13:00:43:    path_goal ( "-2050.00 -1750.00 -183.97" )
L 10/08/2014 - 13:00:43: "Divide by Zero<4><BOT><Blue>" stuck (position "-2025.19 -1720.47 -149.71") (duration "3.67") L 10/08/2014 - 13:00:43:    path_goal ( "-2050.00 -1750.00 -183.97" )
L 10/08/2014 - 13:00:44: "Divide by Zero<4><BOT><Blue>" triggered "killedobject" (object "OBJ_TELEPORTER") (weapon "tf_projectile_pipe") (objectowner "Crazed Gunman<7><BOT><Red>") (attacker_position "-1995 -1719 -191")
L 10/08/2014 - 13:00:44: "MoreGun<5><BOT><Red>" killed "Divide by Zero<4><BOT><Blue>" with "world" (attacker_position "-2000 -1944 -162") (victim_position "-1995 -1719 -191")
L 10/08/2014 - 13:00:44: "Divide by Zero<4><BOT><Blue>" changed role to "engineer"
L 10/08/2014 - 13:00:49: "I LIVE!<2><BOT><Blue>" stuck (position "1432.03 851.97 -121.35") (duration "2.73") L 10/08/2014 - 13:00:49:    path_goal ( "1062.50 2150.00 -63.97" )
L 10/08/2014 - 13:00:49: "trigger_hurt<3><BOT><Red>" stuck (position "-1043.39 -2340.03 -128.02") (duration "3.36") L 10/08/2014 - 13:00:49:    path_goal ( "-1062.50 -2287.50 -59.72" )
L 10/08/2014 - 13:00:50: "Crazed Gunman<7><BOT><Red>" triggered "player_builtobject" (object "OBJ_SENTRYGUN") (position "-1228 -2765 -113")
L 10/08/2014 - 13:00:51: "Freakin' Unbelievable<9><BOT><Red>" triggered "player_extinguished" against "trigger_hurt<3><BOT><Red>" with "tf_weapon_medigun" (attacker_position "-1052 -2274 5") (victim_position "-1015 -2044 0")
L 10/08/2014 - 13:00:56: "Data Wizard<12><[U:1:197413154]><Blue>" triggered "medic_death" against "Freakin' Unbelievable<9><BOT><Red>" (healing "903") (ubercharge "1")
L 10/08/2014 - 13:00:56: "Data Wizard<12><[U:1:197413154]><Blue>" killed "Freakin' Unbelievable<9><BOT><Red>" with "flamethrower" (attacker_position "-1641 -2214 -45") (victim_position "-1374 -2125 -115")
L 10/08/2014 - 13:00:56: "Chief Data Wrangler<16><[U:1:197363721]><Blue>" triggered "kill assist" against "Freakin' Unbelievable<9><BOT><Red>" (assister_position "-1208 -2129 -124") (attacker_position "-1641 -2214 -45") (victim_position "-1374 -2125 -115")
L 10/08/2014 - 13:00:59: "Chief Data Wrangler<16><[U:1:197363721]><Blue>" killed "Splunk is credit to team!<14><[U:1:197412154]><Red>" with "tf_projectile_rocket" (attacker_position "-1340 -2586 -120") (victim_position "-1650 -2380 -127")
L 10/08/2014 - 13:00:59: "Data Wizard<12><[U:1:197413154]><Blue>" triggered "kill assist" against "Splunk is credit to team!<14><[U:1:197412154]><Red>" (assister_position "-1395 -2486 -127") (attacker_position "-1340 -2586 -120") (victim_position "-1650 -2380 -127")
L 10/08/2014 - 13:01:00: "nulltr0n<15><[U:1:197388838]><Red>" killed "Big Mean Muther Hubbard<6><BOT><Blue>" with "minigun" (attacker_position "-1408 -1832 -137") (victim_position "-1415 -1994 -135")
L 10/08/2014 - 13:01:00: "The Architect<11><[U:1:197287110]><Red>" triggered "kill assist" against "Big Mean Muther Hubbard<6><BOT><Blue>" (assister_position "-1415 -1828 -136") (attacker_position "-1408 -1832 -137") (victim_position "-1415 -1994 -135")
L 10/08/2014 - 13:01:00: "Big Mean Muther Hubbard<6><BOT><Blue>" changed role to "demoman"
L 10/08/2014 - 13:01:02: "Data Wizard<12><[U:1:197413154]><Blue>" triggered "player_extinguished" against "Chief Data Wrangler<16><[U:1:197363721]><Blue>" with "tf_weapon_flamethrower" (attacker_position "-1683 -2042 -45") (victim_position "-1647 -2095 -45")
L 10/08/2014 - 13:01:03: "The Architect<11><[U:1:197287110]><Red>" killed "Data Wizard<12><[U:1:197413154]><Blue>" with "flamethrower" (attacker_position "-1620 -2148 -53") (victim_position "-1698 -2038 -45")
L 10/08/2014 - 13:01:03: "trigger_hurt<3><BOT><Red>" triggered "kill assist" against "Data Wizard<12><[U:1:197413154]><Blue>" (assister_position "-1370 -1946 41") (attacker_position "-1620 -2148 -53") (victim_position "-1698 -2038 -45")
L 10/08/2014 - 13:01:04: "The Architect<11><[U:1:197287110]><Red>" triggered "captureblocked" (cp "3") (cpname "#Dustbowl_cap_2_B") (position "-1614 -2164 -56")
L 10/08/2014 - 13:01:04: "The Architect<11><[U:1:197287110]><Red>" killed "Chief Data Wrangler<16><[U:1:197363721]><Blue>" with "flamethrower" (attacker_position "-1614 -2164 -56") (victim_position "-1634 -2113 -46")
L 10/08/2014 - 13:01:04: "trigger_hurt<3><BOT><Red>" triggered "kill assist" against "Chief Data Wrangler<16><[U:1:197363721]><Blue>" (assister_position "-1411 -2030 -130") (attacker_position "-1614 -2164 -56") (victim_position "-1634 -2113 -46")
L 10/08/2014 - 13:01:08: "Data Wizard<12><[U:1:197413154]><Blue>" changed role to "demoman"
L 10/08/2014 - 13:01:09: "Divide by Zero<4><BOT><Blue>" triggered "player_builtobject" (object "OBJ_TELEPORTER") (position "2430 887 -191")
L 10/08/2014 - 13:01:11: "MoreGun<5><BOT><Red>" killed "I LIVE!<2><BOT><Blue>" with "sniperrifle" (attacker_position "-1545 -2491 -127") (victim_position "-263 -2457 -118")
L 10/08/2014 - 13:01:11: "nulltr0n<15><[U:1:197388838]><Red>" triggered "kill assist" against "I LIVE!<2><BOT><Blue>" (assister_position "-1431 -2306 -127") (attacker_position "-1545 -2491 -127") (victim_position "-263 -2457 -118")
L 10/08/2014 - 13:01:20: "MoreGun<5><BOT><Red>" triggered "medic_death" against "Poopy Joe<8><BOT><Blue>" (healing "1192") (ubercharge "1")
L 10/08/2014 - 13:01:20: "MoreGun<5><BOT><Red>" killed "Poopy Joe<8><BOT><Blue>" with "sniperrifle" (attacker_position "-1503 -2488 -127") (victim_position "-503 -2619 -126")
L 10/08/2014 - 13:01:20: "Crazed Gunman<7><BOT><Red>" triggered "kill assist" against "Poopy Joe<8><BOT><Blue>" (assister_position "-1126 -2747 -116") (attacker_position "-1503 -2488 -127") (victim_position "-503 -2619 -126")
L 10/08/2014 - 13:01:20: "rb6freak<13><[U:1:4958073]><Blue>" killed "Crazed Gunman<7><BOT><Red>" with "shotgun_soldier" (attacker_position "-384 -2529 -106") (victim_position "-1117 -2748 -116")
L 10/08/2014 - 13:01:26: "ducky's_army<17><[U:1:197305319]><>" connected, address "192.168.1.106:27005"
L 10/08/2014 - 13:01:26: "ducky's_army<17><[U:1:197305319]><>" STEAM USERID validated
L 10/08/2014 - 13:01:26: "Splunk is credit to team!<14><[U:1:197412154]><Red>" changed role to "spy"
L 10/08/2014 - 13:01:30: "Divide by Zero<4><BOT><Blue>" triggered "player_builtobject" (object "OBJ_TELEPORTER") (position "663 -1515 -127")
L 10/08/2014 - 13:01:30: "rb6freak<13><[U:1:4958073]><Blue>" say_team "best medic ever"
L 10/08/2014 - 13:01:37: "ducky's_army<17><[U:1:197305319]><>" entered the game
L 10/08/2014 - 13:01:41: "rb6freak<13><[U:1:4958073]><Blue>" triggered "killedobject" (object "OBJ_SENTRYGUN") (weapon "tf_projectile_rocket") (objectowner "Crazed Gunman<7><BOT><Red>") (attacker_position "49 -2435 -123")
L 10/08/2014 - 13:01:43: "Divide by Zero<4><BOT><Blue>" triggered "player_builtobject" (object "OBJ_TELEPORTER") (position "694 -1442 -127")
L 10/08/2014 - 13:01:43: "MoreGun<5><BOT><Red>" killed "rb6freak<13><[U:1:4958073]><Blue>" with "sniperrifle" (customkill "headshot") (attacker_position "-1461 -1827 -128") (victim_position "-227 -1944 -158")
L 10/08/2014 - 13:01:44: "Slysdexia<10><[U:1:12012915]><Blue>" killed "Splunk is credit to team!<14><[U:1:197412154]><Red>" with "brass_beast" (attacker_position "293 -1669 -127") (victim_position "-185 -1886 -159")
L 10/08/2014 - 13:01:44: "rb6freak<13><[U:1:4958073]><Blue>" triggered "kill assist" against "Splunk is credit to team!<14><[U:1:197412154]><Red>" (assister_position "-227 -1944 -144") (attacker_position "293 -1669 -127") (victim_position "-185 -1886 -159")
L 10/08/2014 - 13:01:45: "Crazed Gunman<7><BOT><Red>" triggered "player_builtobject" (object "OBJ_TELEPORTER") (position "-1996 -1681 -191")
L 10/08/2014 - 13:01:45: "ducky's_army<17><[U:1:197305319]><Unassigned>" joined team "Blue"
L 10/08/2014 - 13:01:47: "ducky's_army<17><[U:1:197305319]><Blue>" changed role to "medic"
L 10/08/2014 - 13:01:48: "MoreGun<5><BOT><Red>" killed "Big Mean Muther Hubbard<6><BOT><Blue>" with "sniperrifle" (attacker_position "-1461 -1827 -128") (victim_position "236 -1939 -127")
L 10/08/2014 - 13:01:48: "nulltr0n<15><[U:1:197388838]><Red>" triggered "kill assist" against "Big Mean Muther Hubbard<6><BOT><Blue>" (assister_position "-840 -1844 -157") (attacker_position "-1461 -1827 -128") (victim_position "236 -1939 -127")
L 10/08/2014 - 13:01:48: "nulltr0n<15><[U:1:197388838]><Red>" triggered "domination" against "Big Mean Muther Hubbard<6><BOT><Blue>" (assist "1")
L 10/08/2014 - 13:01:48: "Big Mean Muther Hubbard<6><BOT><Blue>" changed role to "soldier"
L 10/08/2014 - 13:01:58: "Crazed Gunman<7><BOT><Red>" triggered "player_builtobject" (object "OBJ_SENTRYGUN") (position "-950 -1748 0")
L 10/08/2014 - 13:02:13: "Divide by Zero<4><BOT><Blue>" triggered "player_builtobject" (object "OBJ_TELEPORTER") (position "693 -1709 -127")
L 10/08/2014 - 13:02:13: "I LIVE!<2><BOT><Blue>" killed "trigger_hurt<3><BOT><Red>" with "pistol_scout" (attacker_position "918 -2176 -127") (victim_position "937 -2547 -127")
L 10/08/2014 - 13:02:13: "trigger_hurt<3><BOT><Red>" changed role to "soldier"
L 10/08/2014 - 13:02:17: "The Architect<11><[U:1:197287110]><Red>" killed "Data Wizard<12><[U:1:197413154]><Blue>" with "flamethrower" (attacker_position "-865 -1681 0") (victim_position "-817 -1718 0")
L 10/08/2014 - 13:02:17: "Splunk is credit to team!<14><[U:1:197412154]><Red>" changed role to "sniper"
L 10/08/2014 - 13:02:22: "Slysdexia<10><[U:1:12012915]><Blue>" killed "MoreGun<5><BOT><Red>" with "brass_beast" (attacker_position "-466 -2419 -123") (victim_position "-838 -2725 -127")
L 10/08/2014 - 13:02:22: "Poopy Joe<8><BOT><Blue>" triggered "kill assist" against "MoreGun<5><BOT><Red>" (assister_position "-487 -2280 -124") (attacker_position "-466 -2419 -123") (victim_position "-838 -2725 -127")
L 10/08/2014 - 13:02:22: "MoreGun<5><BOT><Red>" changed role to "pyro"
L 10/08/2014 - 13:02:25: "Data Wizard<12><[U:1:197413154]><Blue>" changed role to "pyro"
L 10/08/2014 - 13:02:28: "Divide by Zero<4><BOT><Blue>" triggered "player_builtobject" (object "OBJ_TELEPORTER") (position "419 -1241 -127")
L 10/08/2014 - 13:02:37: "Slysdexia<10><[U:1:12012915]><Blue>" killed "Crazed Gunman<7><BOT><Red>" with "brass_beast" (attacker_position "-927 -2494 -126") (victim_position "-1070 -2280 -59")
L 10/08/2014 - 13:02:37: "Poopy Joe<8><BOT><Blue>" triggered "kill assist" against "Crazed Gunman<7><BOT><Red>" (assister_position "-619 -2392 -118") (attacker_position "-927 -2494 -126") (victim_position "-1070 -2280 -59")
L 10/08/2014 - 13:02:42: "Freakin' Unbelievable<9><BOT><Red>" triggered "chargedeployed"
L 10/08/2014 - 13:02:43: "nulltr0n<15><[U:1:197388838]><Red>" killed "I LIVE!<2><BOT><Blue>" with "minigun" (attacker_position "-1298 -1928 -156") (victim_position "-644 -1812 -126")
L 10/08/2014 - 13:02:43: "Freakin' Unbelievable<9><BOT><Red>" triggered "kill assist" against "I LIVE!<2><BOT><Blue>" (assister_position "-1216 -1895 -159") (attacker_position "-1298 -1928 -156") (victim_position "-644 -1812 -126")
L 10/08/2014 - 13:02:43: "trigger_hurt<3><BOT><Red>" stuck (position "-1967.41 -1695.66 -189.54") (duration "4.51") L 10/08/2014 - 13:02:43:    path_goal ( "-1575.00 -1700.00 -127.97" )
L 10/08/2014 - 13:02:45: "Divide by Zero<4><BOT><Blue>" triggered "player_builtobject" (object "OBJ_TELEPORTER") (position "642 -1444 -127")
L 10/08/2014 - 13:02:48: "Big Mean Muther Hubbard<6><BOT><Blue>" stuck (position "1432.03 -63.80 -191.97") (duration "4.30") L 10/08/2014 - 13:02:48:    path_goal ( "537.50 87.50 0.03" )
L 10/08/2014 - 13:02:50: "The Architect<11><[U:1:197287110]><Red>" killed "rb6freak<13><[U:1:4958073]><Blue>" with "world" (attacker_position "-433 -2029 0") (victim_position "-482 -2080 0")
L 10/08/2014 - 13:02:51: "MoreGun<5><BOT><Red>" stuck (position "-1967.41 -1692.21 -189.51") (duration "3.36") L 10/08/2014 - 13:02:51:    path_goal ( "-1575.00 -1700.00 -127.97" )
L 10/08/2014 - 13:02:52: "Slysdexia<10><[U:1:12012915]><Blue>" triggered "killedobject" (object "OBJ_SENTRYGUN") (weapon "brass_beast") (objectowner "Crazed Gunman<7><BOT><Red>") (attacker_position "-943 -1510 0")
L 10/08/2014 - 13:02:52: "Poopy Joe<8><BOT><Blue>" triggered "killedobject" (object "OBJ_SENTRYGUN") (objectowner "Crazed Gunman<7><BOT><Red>") (assist "1") (assister_position "-785 -1540 0") (attacker_position "-943 -1510 0")
L 10/08/2014 - 13:02:55: "The Architect<11><[U:1:197287110]><Red>" triggered "medic_death" against "Poopy Joe<8><BOT><Blue>" (healing "619") (ubercharge "0")
L 10/08/2014 - 13:02:55: "The Architect<11><[U:1:197287110]><Red>" killed "Poopy Joe<8><BOT><Blue>" with "flamethrower" (attacker_position "-728 -1542 0") (victim_position "-678 -1611 0")
L 10/08/2014 - 13:02:55: "Poopy Joe<8><BOT><Blue>" changed role to "demoman"
L 10/08/2014 - 13:02:58: "The Architect<11><[U:1:197287110]><Red>" killed "Slysdexia<10><[U:1:12012915]><Blue>" with "flamethrower" (attacker_position "-1006 -1566 0") (victim_position "-1017 -1638 0")
L 10/08/2014 - 13:02:58: "trigger_hurt<3><BOT><Red>" triggered "kill assist" against "Slysdexia<10><[U:1:12012915]><Blue>" (assister_position "-1371 -2593 -118") (attacker_position "-1006 -1566 0") (victim_position "-1017 -1638 0")
L 10/08/2014 - 13:03:00: "Crazed Gunman<7><BOT><Red>" triggered "player_builtobject" (object "OBJ_SENTRYGUN") (position "-1283 -1442 -127")
L 10/08/2014 - 13:03:01: "Divide by Zero<4><BOT><Blue>" triggered "player_builtobject" (object "OBJ_TELEPORTER") (position "-354 -1231 -116")
L 10/08/2014 - 13:03:04: "MoreGun<5><BOT><Red>" killed "Divide by Zero<4><BOT><Blue>" with "flamethrower" (attacker_position "-149 -1985 -147") (victim_position "28 -1912 -159")
L 10/08/2014 - 13:03:08: "trigger_hurt<3><BOT><Red>" triggered "killedobject" (object "OBJ_TELEPORTER") (weapon "tf_projectile_rocket") (objectowner "Divide by Zero<4><BOT><Blue>") (attacker_position "-27 -2166 -113")
L 10/08/2014 - 13:03:09: "Chief Data Wrangler<16><[U:1:197363721]><Blue>" killed "The Architect<11><[U:1:197287110]><Red>" with "tf_projectile_rocket" (attacker_position "-513 -1418 -6") (victim_position "-561 -1543 0")
L 10/08/2014 - 13:03:09: "Data Wizard<12><[U:1:197413154]><Blue>" triggered "kill assist" against "The Architect<11><[U:1:197287110]><Red>" (assister_position "-745 -1574 0") (attacker_position "-513 -1418 -6") (victim_position "-561 -1543 0")
L 10/08/2014 - 13:03:13: "MoreGun<5><BOT><Red>" killed "Chief Data Wrangler<16><[U:1:197363721]><Blue>" with "deflect_rocket" (attacker_position "-486 -1637 0") (victim_position "-408 -1496 24")
L 10/08/2014 - 13:03:13: "The Architect<11><[U:1:197287110]><Red>" triggered "kill assist" against "Chief Data Wrangler<16><[U:1:197363721]><Blue>" (assister_position "-561 -1543 14") (attacker_position "-486 -1637 0") (victim_position "-408 -1496 24")
L 10/08/2014 - 13:03:13: "Data Wizard<12><[U:1:197413154]><Blue>" killed "MoreGun<5><BOT><Red>" with "flamethrower" (attacker_position "-516 -1769 0") (victim_position "-483 -1654 0")
L 10/08/2014 - 13:03:13: "Chief Data Wrangler<16><[U:1:197363721]><Blue>" triggered "kill assist" against "MoreGun<5><BOT><Red>" (assister_position "-408 -1496 38") (attacker_position "-516 -1769 0") (victim_position "-483 -1654 0")
L 10/08/2014 - 13:03:13: "MoreGun<5><BOT><Red>" changed role to "demoman"
L 10/08/2014 - 13:03:17: "Big Mean Muther Hubbard<6><BOT><Blue>" killed "trigger_hurt<3><BOT><Red>" with "tf_projectile_rocket" (attacker_position "124 -2082 -106") (victim_position "-516 -2064 30")
L 10/08/2014 - 13:03:17: "trigger_hurt<3><BOT><Red>" changed role to "demoman"
L 10/08/2014 - 13:03:22: "Splunk hax0r<18><[U:1:197368576]><>" connected, address "192.168.1.105:27005"
L 10/08/2014 - 13:03:22: "Splunk hax0r<18><[U:1:197368576]><>" STEAM USERID validated
L 10/08/2014 - 13:03:25: "Data Wizard<12><[U:1:197413154]><Blue>" killed "Crazed Gunman<7><BOT><Red>" with "flamethrower" (attacker_position "-1096 -1706 0") (victim_position "-1229 -1524 -127")
L 10/08/2014 - 13:03:26: "I LIVE!<2><BOT><Blue>" killed "Splunk is credit to team!<14><[U:1:197412154]><Red>" with "scattergun" (attacker_position "-1110 -2434 -128") (victim_position "-1698 -1880 -45")
L 10/08/2014 - 13:03:29: "Chief Data Wrangler<16><[U:1:197363721]><Blue>" changed role to "sniper"
L 10/08/2014 - 13:03:32: "Data Wizard<12><[U:1:197413154]><Blue>" triggered "killedobject" (object "OBJ_SENTRYGUN") (weapon "flamethrower") (objectowner "Crazed Gunman<7><BOT><Red>") (attacker_position "-1203 -1626 -126")
L 10/08/2014 - 13:03:32: "Splunk hax0r<18><[U:1:197368576]><>" entered the game
L 10/08/2014 - 13:03:33: "I LIVE!<2><BOT><Blue>" triggered "medic_death" against "Freakin' Unbelievable<9><BOT><Red>" (healing "936") (ubercharge "0")
L 10/08/2014 - 13:03:33: "I LIVE!<2><BOT><Blue>" killed "Freakin' Unbelievable<9><BOT><Red>" with "scattergun" (attacker_position "-1379 -2572 -120") (victim_position "-1170 -1551 -123")
L 10/08/2014 - 13:03:33: "Data Wizard<12><[U:1:197413154]><Blue>" triggered "kill assist" against "Freakin' Unbelievable<9><BOT><Red>" (assister_position "-1242 -1437 -127") (attacker_position "-1379 -2572 -120") (victim_position "-1170 -1551 -123")
L 10/08/2014 - 13:03:33: "Data Wizard<12><[U:1:197413154]><Blue>" triggered "domination" against "Freakin' Unbelievable<9><BOT><Red>" (assist "1")
L 10/08/2014 - 13:03:37: "The Architect<11><[U:1:197287110]><Red>" killed "Data Wizard<12><[U:1:197413154]><Blue>" with "flamethrower" (attacker_position "-1372 -2024 -134") (victim_position "-1608 -1991 -38")
L 10/08/2014 - 13:03:38: "The Architect<11><[U:1:197287110]><Red>" killed "I LIVE!<2><BOT><Blue>" with "flamethrower" (attacker_position "-1475 -2136 -127") (victim_position "-1497 -2110 -45")
L 10/08/2014 - 13:03:44: "MoreGun<5><BOT><Red>" stuck (position "-1967.39 -1680.86 -189.51") (duration "3.57") L 10/08/2014 - 13:03:44:    path_goal ( "-1575.00 -1680.85 -127.97" )
L 10/08/2014 - 13:03:52: "nulltr0n<15><[U:1:197388838]><Red>" killed "Big Mean Muther Hubbard<6><BOT><Blue>" with "minigun" (attacker_position "-1415 -1830 -135") (victim_position "-369 -1829 -159")
L 10/08/2014 - 13:03:53: "Crazed Gunman<7><BOT><Red>" stuck (position "-1967.41 -1660.64 -189.51") (duration "3.36") L 10/08/2014 - 13:03:53:    path_goal ( "-1575.00 -1660.64 -127.97" )
L 10/08/2014 - 13:03:54: "Crazed Gunman<7><BOT><Red>" stuck (position "-1967.38 -1656.63 -164.21") (duration "3.47") L 10/08/2014 - 13:03:54:    path_goal ( "-1575.00 -1660.64 -127.97" )
L 10/08/2014 - 13:03:57: "Data Wizard<12><[U:1:197413154]><Blue>" disconnected (reason "Disconnect by user.")
L 10/08/2014 - 13:03:57: "rb6freak<13><[U:1:4958073]><Blue>" killed "The Architect<11><[U:1:197287110]><Red>" with "tf_projectile_rocket" (attacker_position "-810 -1651 0") (victim_position "-637 -1496 0")
L 10/08/2014 - 13:03:59: "Slysdexia<10><[U:1:12012915]><Blue>" killed "nulltr0n<15><[U:1:197388838]><Red>" with "brass_beast" (attacker_position "-219 -1995 -142") (victim_position "-1140 -1840 -159")
L 10/08/2014 - 13:03:59: "Poopy Joe<8><BOT><Blue>" triggered "kill assist" against "nulltr0n<15><[U:1:197388838]><Red>" (assister_position "-145 -2429 -126") (attacker_position "-219 -1995 -142") (victim_position "-1140 -1840 -159")
L 10/08/2014 - 13:04:00: "Crazed Gunman<7><BOT><Red>" triggered "player_builtobject" (object "OBJ_SENTRYGUN") (position "-1147 -2415 -128")
L 10/08/2014 - 13:04:01: "Divide by Zero<4><BOT><Blue>" triggered "player_builtobject" (object "OBJ_TELEPORTER") (position "-442 -2322 -124")
L 10/08/2014 - 13:04:01: "Poopy Joe<8><BOT><Blue>" triggered "killedobject" (object "OBJ_SENTRYGUN") (weapon "tf_projectile_pipe") (objectowner "Crazed Gunman<7><BOT><Red>") (attacker_position "79 -2320 -122")
L 10/08/2014 - 13:04:03: "Freakin' Unbelievable<9><BOT><Red>" stuck (position "-1967.38 -1689.50 -189.51") (duration "3.15") L 10/08/2014 - 13:04:03:    path_goal ( "-1575.00 -1700.00 -127.97" )
L 10/08/2014 - 13:04:03: "Freakin' Unbelievable<9><BOT><Red>" stuck (position "-1967.38 -1697.61 -164.21") (duration "3.26") L 10/08/2014 - 13:04:03:    path_goal ( "-1575.00 -1700.00 -127.97" )
L 10/08/2014 - 13:04:05: "trigger_hurt<3><BOT><Red>" killed "Divide by Zero<4><BOT><Blue>" with "tf_projectile_pipe_remote" (attacker_position "-1698 -2085 -45") (victim_position "-1027 -1914 -156")
L 10/08/2014 - 13:04:13: "Splunk hax0r<18><[U:1:197368576]><Unassigned>" joined team "Red"
L 10/08/2014 - 13:04:16: "MoreGun<5><BOT><Red>" killed "I LIVE!<2><BOT><Blue>" with "tf_projectile_pipe_remote" (attacker_position "-1695 -2087 -45") (victim_position "-1118 -1867 -159")
L 10/08/2014 - 13:04:17: "Chief Data Wrangler<16><[U:1:197363721]><Blue>" killed "MoreGun<5><BOT><Red>" with "sniperrifle" (attacker_position "-564 -2183 0") (victim_position "-1620 -2071 -39")
L 10/08/2014 - 13:04:17: "I LIVE!<2><BOT><Blue>" triggered "kill assist" against "MoreGun<5><BOT><Red>" (assister_position "-1118 -1867 -74") (attacker_position "-564 -2183 0") (victim_position "-1620 -2071 -39")
L 10/08/2014 - 13:04:17: "MoreGun<5><BOT><Red>" changed role to "engineer"
L 10/08/2014 - 13:04:21: "Chief Data Wrangler<16><[U:1:197363721]><Blue>" killed "trigger_hurt<3><BOT><Red>" with "sniperrifle" (customkill "headshot") (attacker_position "-648 -2200 0") (victim_position "-1567 -2003 -38")
L 10/08/2014 - 13:04:21: "rb6freak<13><[U:1:4958073]><Blue>" triggered "kill assist" against "trigger_hurt<3><BOT><Red>" (assister_position "-946 -1672 0") (attacker_position "-648 -2200 0") (victim_position "-1567 -2003 -38")
L 10/08/2014 - 13:04:21: "rb6freak<13><[U:1:4958073]><Blue>" triggered "domination" against "trigger_hurt<3><BOT><Red>" (assist "1")
L 10/08/2014 - 13:04:21: "Poopy Joe<8><BOT><Blue>" killed "Crazed Gunman<7><BOT><Red>" with "tf_projectile_pipe" (attacker_position "-681 -2393 -123") (victim_position "-1186 -2298 -128")
L 10/08/2014 - 13:04:21: "Slysdexia<10><[U:1:12012915]><Blue>" triggered "kill assist" against "Crazed Gunman<7><BOT><Red>" (assister_position "-555 -2560 -122") (attacker_position "-681 -2393 -123") (victim_position "-1186 -2298 -128")
L 10/08/2014 - 13:04:21: "trigger_hurt<3><BOT><Red>" changed role to "pyro"
L 10/08/2014 - 13:04:27: "Splunk is credit to team!<14><[U:1:197412154]><Red>" disconnected (reason "Disconnect by user.")
L 10/08/2014 - 13:04:27: "Splunk is credit to team!<19><[U:1:197412154]><>" connected, address "192.168.1.110:27005"
L 10/08/2014 - 13:04:27: "Splunk is credit to team!<19><[U:1:197412154]><>" STEAM USERID validated
L 10/08/2014 - 13:04:28: "The Architect<11><[U:1:197287110]><Red>" killed "Slysdexia<10><[U:1:12012915]><Blue>" with "flamethrower" (attacker_position "-1240 -2462 -127") (victim_position "-1107 -2393 -128")
L 10/08/2014 - 13:04:31: "Splunk is credit to team!<19><[U:1:197412154]><>" entered the game
L 10/08/2014 - 13:04:37: "rb6freak<13><[U:1:4958073]><Blue>" killed "The Architect<11><[U:1:197287110]><Red>" with "tf_projectile_rocket" (attacker_position "-991 -1783 33") (victim_position "-947 -1857 0")
L 10/08/2014 - 13:04:37: "Divide by Zero<4><BOT><Blue>" triggered "kill assist" against "The Architect<11><[U:1:197287110]><Red>" (assister_position "-331 -1995 -142") (attacker_position "-991 -1783 33") (victim_position "-947 -1857 0")
L 10/08/2014 - 13:04:38: "Splunk is credit to team!<19><[U:1:197412154]><Unassigned>" joined team "Blue"
L 10/08/2014 - 13:04:41: "MoreGun<5><BOT><Red>" stuck (position "-1968.48 -1703.97 -189.82") (duration "3.57") L 10/08/2014 - 13:04:41:    path_goal ( "-1575.00 -1700.00 -127.97" )
L 10/08/2014 - 13:04:41: "MoreGun<5><BOT><Red>" stuck (position "-1968.15 -1699.43 -164.51") (duration "3.68") L 10/08/2014 - 13:04:41:    path_goal ( "-1575.00 -1699.43 -127.97" )
L 10/08/2014 - 13:04:42: "MoreGun<5><BOT><Red>" triggered "player_builtobject" (object "OBJ_TELEPORTER") (position "-1935 -1664 -162")
L 10/08/2014 - 13:04:42: "MoreGun<5><BOT><Red>" stuck (position "-1910.16 -1658.38 -147.44") (duration "4.73") L 10/08/2014 - 13:04:42:    path_goal ( "-1575.00 -1658.69 -127.97" )
L 10/08/2014 - 13:04:42: Team "Blue" triggered "pointcaptured" (cp "3") (cpname "#Dustbowl_cap_2_B") (numcappers "2") (player1 "Poopy Joe<8><BOT><Blue>") (position1 "-1453 -1997 -38") (player2 "Chief Data Wrangler<16><[U:1:197363721]><Blue>") (position2 "-1591 -2005 -38") 
L 10/08/2014 - 13:04:42: World triggered "Mini_Round_Win" (winner "Blue") (round "round_2")
L 10/08/2014 - 13:04:42: World triggered "Mini_Round_Length" (seconds "515.48")
L 10/08/2014 - 13:04:46: "Splunk is credit to team!<19><[U:1:197412154]><Blue>" changed role to "heavyweapons"
L 10/08/2014 - 13:04:53: "MoreGun<5><BOT><Red>" stuck (position "-2065.71 -1872.68 -171.60") (duration "3.36") L 10/08/2014 - 13:04:53:    path_goal ( "-1975.00 -1700.00 -189.75" )
L 10/08/2014 - 13:04:53: "MoreGun<5><BOT><Red>" stuck (position "-2065.71 -1872.68 -171.60") (duration "3.46") L 10/08/2014 - 13:04:53:    path_goal ( "-1975.00 -1700.00 -189.75" )
L 10/08/2014 - 13:04:54: "MoreGun<5><BOT><Red>" stuck (position "-2094.32 -2315.97 -159.97") (duration "0.11") L 10/08/2014 - 13:04:54:    path_goal ( "-1975.00 -1700.00 -189.75" )
L 10/08/2014 - 13:04:55: "MoreGun<5><BOT><Red>" stuck (position "-2094.94 -2315.97 -159.97") (duration "1.16") L 10/08/2014 - 13:04:55:    path_goal ( "-2094.94 -2000.00 -159.97" )
L 10/08/2014 - 13:04:56: "I LIVE!<2><BOT><Blue>" stuck (position "-914.73 -957.44 -43.72") (duration "2.62") L 10/08/2014 - 13:04:56:    path_goal ( "-2200.00 350.00 -63.97" )
L 10/08/2014 - 13:04:56: "I LIVE!<2><BOT><Blue>" stuck (position "-906.85 -956.98 -18.42") (duration "2.73") L 10/08/2014 - 13:04:56:    path_goal ( "-900.00 -975.00 -47.97" )
L 10/08/2014 - 13:04:56: "MoreGun<5><BOT><Red>" stuck (position "-2094.94 -2315.97 -159.97") (duration "2.21") L 10/08/2014 - 13:04:56:    path_goal ( "-2094.94 -2000.00 -159.97" )
L 10/08/2014 - 13:04:57: "I LIVE!<2><BOT><Blue>" stuck (position "-810.73 -986.84 -46.93") (duration "3.78") L 10/08/2014 - 13:04:57:    path_goal ( "-775.00 -975.00 -46.57" )
L 10/08/2014 - 13:04:57: World triggered "Round_Setup_Begin"
L 10/08/2014 - 13:04:57: World triggered "Mini_Round_Selected" (round "round_3")
L 10/08/2014 - 13:04:57: World triggered "Mini_Round_Start"
L 10/08/2014 - 13:05:02: "The Architect<11><[U:1:197287110]><Red>" disconnected (reason "Disconnect by user.")
L 10/08/2014 - 13:05:05: "Splunk hax0r<18><[U:1:197368576]><Red>" changed role to "scout"
L 10/08/2014 - 13:05:12: "MoreGun<5><BOT><Red>" triggered "player_builtobject" (object "OBJ_SENTRYGUN") (position "-1453 391 -63")
L 10/08/2014 - 13:05:19: "ducky's_army<17><[U:1:197305319]><Blue>" disconnected (reason "Disconnect by user.")
L 10/08/2014 - 13:05:21: "Crazed Gunman<7><BOT><Red>" triggered "player_builtobject" (object "OBJ_SENTRYGUN") (position "-1591 423 -63")
L 10/08/2014 - 13:05:24: "Divide by Zero<4><BOT><Blue>" triggered "player_builtobject" (object "OBJ_TELEPORTER") (position "-1599 -1344 -191")
L 10/08/2014 - 13:05:41: "Chief Data Wrangler<16><[U:1:197363721]><Blue>" disconnected (reason "Disconnect by user.")
L 10/08/2014 - 13:05:41: "Chief Data Wrangler<20><[U:1:197363721]><>" connected, address "192.168.1.111:27005"
L 10/08/2014 - 13:05:41: "Chief Data Wrangler<20><[U:1:197363721]><>" STEAM USERID validated
L 10/08/2014 - 13:05:42: "Divide by Zero<4><BOT><Blue>" stuck (position "-1353.12 -472.03 -63.97") (duration "3.36") L 10/08/2014 - 13:05:42:    path_goal ( "-1710.17 331.70 -63.97" )
L 10/08/2014 - 13:05:42: "Divide by Zero<4><BOT><Blue>" stuck (position "-1342.32 -472.03 -38.66") (duration "3.46") L 10/08/2014 - 13:05:42:    path_goal ( "-1342.32 -472.03 -63.97" )
L 10/08/2014 - 13:05:43: "Divide by Zero<4><BOT><Blue>" stuck (position "-1359.36 -472.00 -63.97") (duration "0.73") L 10/08/2014 - 13:05:43:    path_goal ( "-1710.17 331.70 -63.97" )
L 10/08/2014 - 13:05:44: "Divide by Zero<4><BOT><Blue>" stuck (position "-1362.87 -472.03 -63.97") (duration "0.63") L 10/08/2014 - 13:05:44:    path_goal ( "-1710.17 331.70 -63.97" )
L 10/08/2014 - 13:05:44: "Chief Data Wrangler<20><[U:1:197363721]><>" entered the game
L 10/08/2014 - 13:05:45: "Divide by Zero<4><BOT><Blue>" stuck (position "-1367.97 -478.53 -63.97") (duration "0.63") L 10/08/2014 - 13:05:45:    path_goal ( "-1710.17 331.70 -63.97" )
L 10/08/2014 - 13:05:46: "Divide by Zero<4><BOT><Blue>" stuck (position "-1367.97 -472.08 -63.97") (duration "0.63") L 10/08/2014 - 13:05:46:    path_goal ( "-1710.17 331.70 -63.97" )
L 10/08/2014 - 13:05:47: "Divide by Zero<4><BOT><Blue>" stuck (position "-1367.97 -472.61 -63.97") (duration "0.63") L 10/08/2014 - 13:05:47:    path_goal ( "-1710.17 331.70 -63.97" )
L 10/08/2014 - 13:05:48: "Divide by Zero<4><BOT><Blue>" stuck (position "-1364.57 -472.03 -63.97") (duration "0.63") L 10/08/2014 - 13:05:48:    path_goal ( "-1710.17 331.70 -63.97" )
L 10/08/2014 - 13:05:49: "Divide by Zero<4><BOT><Blue>" stuck (position "-1367.97 -472.01 -63.97") (duration "0.63") L 10/08/2014 - 13:05:49:    path_goal ( "-1710.17 331.70 -63.97" )
L 10/08/2014 - 13:05:50: "Divide by Zero<4><BOT><Blue>" stuck (position "-1360.61 -472.03 -63.97") (duration "0.63") L 10/08/2014 - 13:05:50:    path_goal ( "-1710.17 331.70 -63.97" )
L 10/08/2014 - 13:05:51: "Chief Data Wrangler<20><[U:1:197363721]><Unassigned>" joined team "Red"
L 10/08/2014 - 13:05:51: "Divide by Zero<4><BOT><Blue>" stuck (position "-1361.42 -472.03 -63.97") (duration "0.63") L 10/08/2014 - 13:05:51:    path_goal ( "-1710.17 331.70 -63.97" )
L 10/08/2014 - 13:05:52: "Divide by Zero<4><BOT><Blue>" stuck (position "-1357.62 -472.03 -63.97") (duration "0.63") L 10/08/2014 - 13:05:52:    path_goal ( "-1710.17 331.70 -63.97" )
L 10/08/2014 - 13:05:53: "Divide by Zero<4><BOT><Blue>" stuck (position "-1364.87 -472.03 -63.97") (duration "0.63") L 10/08/2014 - 13:05:53:    path_goal ( "-1710.17 331.70 -63.97" )
L 10/08/2014 - 13:05:54: "Chief Data Wrangler<20><[U:1:197363721]><Red>" changed role to "sniper"
L 10/08/2014 - 13:05:55: "Divide by Zero<4><BOT><Blue>" stuck (position "-1360.06 -477.35 -63.97") (duration "0.63") L 10/08/2014 - 13:05:55:    path_goal ( "-1710.17 331.70 -63.97" )
L 10/08/2014 - 13:05:56: "Divide by Zero<4><BOT><Blue>" stuck (position "-1367.97 -472.03 -63.97") (duration "0.63") L 10/08/2014 - 13:05:56:    path_goal ( "-1710.17 331.70 -63.97" )
L 10/08/2014 - 13:05:57: "Divide by Zero<4><BOT><Blue>" stuck (position "-1360.63 -472.03 -63.97") (duration "0.63") L 10/08/2014 - 13:05:57:    path_goal ( "-1710.17 331.70 -63.97" )
L 10/08/2014 - 13:05:57: "Crazed Gunman<7><BOT><Red>" stuck (position "-870.30 -343.83 128.03") (duration "3.36") L 10/08/2014 - 13:05:57:    path_goal ( "-850.00 -360.00 128.03" )
L 10/08/2014 - 13:05:57: World triggered "Round_Setup_End"
L 10/08/2014 - 13:05:57: "Crazed Gunman<7><BOT><Red>" stuck (position "-880.95 -365.31 153.34") (duration "3.46") L 10/08/2014 - 13:05:57:    path_goal ( "NULL" )
L 10/08/2014 - 13:05:58: "Divide by Zero<4><BOT><Blue>" stuck (position "-1361.43 -472.03 -63.97") (duration "0.63") L 10/08/2014 - 13:05:58:    path_goal ( "-1710.17 331.70 -63.97" )
L 10/08/2014 - 13:05:59: "Slysdexia<10><[U:1:12012915]><Blue>" killed "trigger_hurt<3><BOT><Red>" with "brass_beast" (attacker_position "-1353 -630 -63") (victim_position "-1769 -646 -63")
L 10/08/2014 - 13:05:59: "trigger_hurt<3><BOT><Red>" changed role to "spy"
L 10/08/2014 - 13:05:59: "Divide by Zero<4><BOT><Blue>" stuck (position "-1352.65 -472.03 -63.97") (duration "0.66") L 10/08/2014 - 13:05:59:    path_goal ( "-1710.17 331.70 -63.97" )
L 10/08/2014 - 13:06:00: "Divide by Zero<4><BOT><Blue>" stuck (position "-1367.97 -479.49 -63.97") (duration "0.67") L 10/08/2014 - 13:06:00:    path_goal ( "-1710.17 331.70 -63.97" )
L 10/08/2014 - 13:06:01: "Divide by Zero<4><BOT><Blue>" stuck (position "-1333.46 -545.09 -63.97") (duration "0.32") L 10/08/2014 - 13:06:01:    path_goal ( "-1375.00 -625.00 -64.83" )
L 10/08/2014 - 13:06:02: "Crazed Gunman<7><BOT><Red>" killed "Divide by Zero<4><BOT><Blue>" with "obj_sentrygun" (attacker_position "-803 -363 128") (victim_position "-1565 -563 -63")
L 10/08/2014 - 13:06:02: "Divide by Zero<4><BOT><Blue>" changed role to "medic"
L 10/08/2014 - 13:06:04: "rb6freak<13><[U:1:4958073]><Blue>" triggered "killedobject" (object "OBJ_SENTRYGUN") (weapon "tf_projectile_rocket") (objectowner "Crazed Gunman<7><BOT><Red>") (attacker_position "-1914 -1327 -63")
L 10/08/2014 - 13:06:05: "rb6freak<13><[U:1:4958073]><Blue>" triggered "killedobject" (object "OBJ_SENTRYGUN") (weapon "tf_projectile_rocket") (objectowner "MoreGun<5><BOT><Red>") (attacker_position "-1977 -1360 -63")
L 10/08/2014 - 13:06:05: "Crazed Gunman<7><BOT><Red>" stuck (position "-781.93 -360.07 128.03") (duration "3.36") L 10/08/2014 - 13:06:05:    path_goal ( "-790.00 -375.00 128.03" )
L 10/08/2014 - 13:06:05: "Crazed Gunman<7><BOT><Red>" stuck (position "-790.24 -388.77 153.34") (duration "3.47") L 10/08/2014 - 13:06:05:    path_goal ( "NULL" )
L 10/08/2014 - 13:06:13: "Data Warrior<21><[U:1:197468749]><>" connected, address "192.168.1.109:27005"
L 10/08/2014 - 13:06:13: "Data Warrior<21><[U:1:197468749]><>" STEAM USERID validated
L 10/08/2014 - 13:06:15: "I LIVE!<2><BOT><Blue>" killed "Crazed Gunman<7><BOT><Red>" with "scattergun" (attacker_position "-1016 367 -8") (victim_position "-1374 101 -45")
L 10/08/2014 - 13:06:15: "Big Mean Muther Hubbard<6><BOT><Blue>" triggered "kill assist" against "Crazed Gunman<7><BOT><Red>" (assister_position "-1783 74 -63") (attacker_position "-1016 367 -8") (victim_position "-1374 101 -45")
L 10/08/2014 - 13:06:16: "Data Warrior<21><[U:1:197468749]><>" entered the game
L 10/08/2014 - 13:06:20: Team "Blue" triggered "pointcaptured" (cp "4") (cpname "#Dustbowl_cap_3_A") (numcappers "2") (player1 "Big Mean Muther Hubbard<6><BOT><Blue>") (position1 "-1784 607 7") (player2 "Poopy Joe<8><BOT><Blue>") (position2 "-1832 706 7") 
L 10/08/2014 - 13:06:21: "MoreGun<5><BOT><Red>" killed "I LIVE!<2><BOT><Blue>" with "shotgun_primary" (attacker_position "-741 -211 0") (victim_position "-664 156 0")
L 10/08/2014 - 13:06:21: "rb6freak<13><[U:1:4958073]><Blue>" killed "MoreGun<5><BOT><Red>" with "tf_projectile_rocket" (attacker_position "-852 38 128") (victim_position "-756 -281 0")
L 10/08/2014 - 13:06:21: "I LIVE!<2><BOT><Blue>" triggered "kill assist" against "MoreGun<5><BOT><Red>" (assister_position "-664 156 34") (attacker_position "-852 38 128") (victim_position "-756 -281 0")
L 10/08/2014 - 13:06:21: "MoreGun<5><BOT><Red>" changed role to "soldier"
L 10/08/2014 - 13:06:28: "Poopy Joe<8><BOT><Blue>" killed "Chief Data Wrangler<20><[U:1:197363721]><Red>" with "tf_projectile_pipe" (attacker_position "-839 -200 128") (victim_position "-782 23 0")
L 10/08/2014 - 13:06:28: "Big Mean Muther Hubbard<6><BOT><Blue>" triggered "kill assist" against "Chief Data Wrangler<20><[U:1:197363721]><Red>" (assister_position "-677 64 28") (attacker_position "-839 -200 128") (victim_position "-782 23 0")
L 10/08/2014 - 13:06:33: "Data Warrior<21><[U:1:197468749]><Unassigned>" joined team "Blue"
L 10/08/2014 - 13:06:39: "Crazed Gunman<7><BOT><Red>" triggered "player_builtobject" (object "OBJ_SENTRYGUN") (position "465 1072 64")
L 10/08/2014 - 13:06:39: "Poopy Joe<8><BOT><Blue>" killed "trigger_hurt<3><BOT><Red>" with "tf_projectile_pipe" (attacker_position "-619 -743 0") (victim_position "-518 -733 0")
L 10/08/2014 - 13:06:39: "trigger_hurt<3><BOT><Red>" changed role to "soldier"
L 10/08/2014 - 13:06:53: "Big Mean Muther Hubbard<6><BOT><Blue>" killed "Crazed Gunman<7><BOT><Red>" with "shotgun_soldier" (attacker_position "629 -395 0") (victim_position "418 -66 0")
L 10/08/2014 - 13:06:59: "Slysdexia<10><[U:1:12012915]><Blue>" triggered "killedobject" (object "OBJ_SENTRYGUN") (weapon "brass_beast") (objectowner "Crazed Gunman<7><BOT><Red>") (attacker_position "390 -611 128")
L 10/08/2014 - 13:06:59: "Divide by Zero<4><BOT><Blue>" triggered "killedobject" (object "OBJ_SENTRYGUN") (objectowner "Crazed Gunman<7><BOT><Red>") (assist "1") (assister_position "328 -610 128") (attacker_position "390 -611 128")
L 10/08/2014 - 13:07:00: "Freakin' Unbelievable<9><BOT><Red>" triggered "chargedeployed"
L 10/08/2014 - 13:07:04: "Data Warrior<21><[U:1:197468749]><Blue>" changed role to "soldier"
L 10/08/2014 - 13:07:05: "MoreGun<5><BOT><Red>" stuck (position "864.29 1186.10 64.03") (duration "5.57") L 10/08/2014 - 13:07:05:    path_goal ( "1062.50 2150.00 -63.97" )
L 10/08/2014 - 13:07:10: "Splunk hax0r<18><[U:1:197368576]><Red>" disconnected (reason "Disconnect by user.")
L 10/08/2014 - 13:07:11: Team "Blue" triggered "pointcaptured" (cp "5") (cpname "#Dustbowl_cap_3_B") (numcappers "5") (player1 "I LIVE!<2><BOT><Blue>") (position1 "523 718 7") (player2 "Divide by Zero<4><BOT><Blue>") (position2 "583 600 7") (player3 "Big Mean Muther Hubbard<6><BOT><Blue>") (position3 "475 645 7") (player4 "Poopy Joe<8><BOT><Blue>") (position4 "475 672 7") (player5 "Slysdexia<10><[U:1:12012915]><Blue>") (position5 "528 687 7") 
L 10/08/2014 - 13:07:12: World triggered "Mini_Round_Win" (winner "Blue") (round "round_3")
L 10/08/2014 - 13:07:12: World triggered "Mini_Round_Length" (seconds "134.05")
L 10/08/2014 - 13:07:12: World triggered "Round_Win" (winner "Blue")
L 10/08/2014 - 13:07:12: Team "Red" current score "0" with "6" players
L 10/08/2014 - 13:07:12: Team "Blue" current score "6" with "8" players
L 10/08/2014 - 13:07:17: "Big Mean Muther Hubbard<6><BOT><Blue>" killed "trigger_hurt<3><BOT><Red>" with "tf_projectile_rocket" (attacker_position "107 830 64") (victim_position "-89 685 64")
L 10/08/2014 - 13:07:17: "trigger_hurt<3><BOT><Red>" changed role to "scout"
L 10/08/2014 - 13:07:19: "Slysdexia<10><[U:1:12012915]><Blue>" killed "MoreGun<5><BOT><Red>" with "brass_beast" (attacker_position "1269 758 64") (victim_position "1175 734 64")
L 10/08/2014 - 13:07:19: "MoreGun<5><BOT><Red>" changed role to "scout"
L 10/08/2014 - 13:07:26: "Poopy Joe<8><BOT><Blue>" killed "nulltr0n<15><[U:1:197388838]><Red>" with "tf_projectile_pipe" (attacker_position "146 187 -248") (victim_position "-532 403 -255")
L 10/08/2014 - 13:07:26: "I LIVE!<2><BOT><Blue>" triggered "kill assist" against "nulltr0n<15><[U:1:197388838]><Red>" (assister_position "-215 106 -250") (attacker_position "146 187 -248") (victim_position "-532 403 -255")
L 10/08/2014 - 13:07:27: World triggered "Game_Over" reason "Reached Time Limit"
L 10/08/2014 - 13:07:27: Team "Red" final score "0" with "6" players
L 10/08/2014 - 13:07:27: Team "Blue" final score "6" with "8" players
L 10/08/2014 - 13:07:29: "I LIVE!<2><BOT><Blue>" stuck (position "-286.09 260.35 -255.18") (duration "2.62") L 10/08/2014 - 13:07:29:    path_goal ( "-450.00 350.00 -255.97" )
L 10/08/2014 - 13:07:29: "I LIVE!<2><BOT><Blue>" stuck (position "-286.09 260.35 -255.18") (duration "2.73") L 10/08/2014 - 13:07:29:    path_goal ( "-25.00 25.00 -255.42" )
L 10/08/2014 - 13:07:30: "Freakin' Unbelievable<9><BOT><Red>" stuck (position "-740.20 -388.26 -256.51") (duration "3.15") L 10/08/2014 - 13:07:30:    path_goal ( "-750.00 0.00 -258.04" )
L 10/08/2014 - 13:07:30: "Freakin' Unbelievable<9><BOT><Red>" stuck (position "-740.20 -388.26 -256.51") (duration "3.26") L 10/08/2014 - 13:07:30:    path_goal ( "-750.00 0.00 -258.04" )
L 10/08/2014 - 13:07:30: "Divide by Zero<4><BOT><Blue>" stuck (position "355.46 -19.80 -16.33") (duration "3.26") L 10/08/2014 - 13:07:30:    path_goal ( "425.00 -50.00 -3.84" )
L 10/08/2014 - 13:07:30: "Divide by Zero<4><BOT><Blue>" stuck (position "355.46 -19.80 -16.33") (duration "3.36") L 10/08/2014 - 13:07:30:    path_goal ( "650.00 -437.50 0.03" )
L 10/08/2014 - 13:07:30: "I LIVE!<2><BOT><Blue>" stuck (position "-286.09 260.35 -255.18") (duration "3.78") L 10/08/2014 - 13:07:30:    path_goal ( "-425.00 400.00 -255.97" )
L 10/08/2014 - 13:07:31: "Freakin' Unbelievable<9><BOT><Red>" stuck (position "-740.20 -388.26 -256.51") (duration "4.30") L 10/08/2014 - 13:07:31:    path_goal ( "-750.00 0.00 -258.04" )
L 10/08/2014 - 13:07:31: "Divide by Zero<4><BOT><Blue>" stuck (position "355.46 -19.80 -16.33") (duration "4.41") L 10/08/2014 - 13:07:31:    path_goal ( "425.00 -175.00 0.03" )
L 10/08/2014 - 13:07:31: "I LIVE!<2><BOT><Blue>" stuck (position "-286.09 260.35 -255.18") (duration "4.83") L 10/08/2014 - 13:07:31:    path_goal ( "-25.00 25.00 -255.42" )
L 10/08/2014 - 13:07:32: "Big Mean Muther Hubbard<6><BOT><Blue>" stuck (position "-240.18 289.52 -242.76") (duration "5.35") L 10/08/2014 - 13:07:32:    path_goal ( "-200.00 400.00 10.74" )
L 10/08/2014 - 13:07:32: "Big Mean Muther Hubbard<6><BOT><Blue>" stuck (position "-240.18 289.52 -242.76") (duration "5.46") L 10/08/2014 - 13:07:32:    path_goal ( "-625.00 375.00 -255.97" )
L 10/08/2014 - 13:07:32: "Freakin' Unbelievable<9><BOT><Red>" stuck (position "-740.20 -388.26 -256.51") (duration "5.36") L 10/08/2014 - 13:07:32:    path_goal ( "-750.00 0.00 -258.04" )
L 10/08/2014 - 13:07:32: "Divide by Zero<4><BOT><Blue>" stuck (position "355.46 -19.80 -16.33") (duration "5.46") L 10/08/2014 - 13:07:32:    path_goal ( "425.00 -175.00 0.03" )
L 10/08/2014 - 13:07:32: "I LIVE!<2><BOT><Blue>" stuck (position "-286.09 260.35 -255.18") (duration "5.88") L 10/08/2014 - 13:07:32:    path_goal ( "-625.00 375.00 -255.97" )
L 10/08/2014 - 13:07:33: "Big Mean Muther Hubbard<6><BOT><Blue>" stuck (position "-240.18 289.52 -242.76") (duration "6.51") L 10/08/2014 - 13:07:33:    path_goal ( "-25.00 25.00 -255.42" )
L 10/08/2014 - 13:07:33: "Poopy Joe<8><BOT><Blue>" stuck (position "65.79 187.49 -249.47") (duration "3.57") L 10/08/2014 - 13:07:33:    path_goal ( "25.00 -12.50 -255.09" )
L 10/08/2014 - 13:07:33: "Poopy Joe<8><BOT><Blue>" stuck (position "65.79 187.49 -249.47") (duration "3.68") L 10/08/2014 - 13:07:33:    path_goal ( "-350.00 250.00 -254.34" )
L 10/08/2014 - 13:07:33: "Freakin' Unbelievable<9><BOT><Red>" stuck (position "-740.20 -388.26 -256.51") (duration "6.41") L 10/08/2014 - 13:07:33:    path_goal ( "-750.00 0.00 -258.04" )
L 10/08/2014 - 13:07:33: "Divide by Zero<4><BOT><Blue>" stuck (position "355.46 -19.80 -16.33") (duration "6.51") L 10/08/2014 - 13:07:33:    path_goal ( "425.00 -25.00 -3.84" )
L 10/08/2014 - 13:07:34: "I LIVE!<2><BOT><Blue>" stuck (position "-286.09 260.35 -255.18") (duration "6.93") L 10/08/2014 - 13:07:34:    path_goal ( "-25.00 25.00 -255.42" )
L 10/08/2014 - 13:07:34: "Big Mean Muther Hubbard<6><BOT><Blue>" stuck (position "-240.18 289.52 -242.76") (duration "7.56") L 10/08/2014 - 13:07:34:    path_goal ( "-25.00 25.00 -255.42" )
L 10/08/2014 - 13:07:34: "Poopy Joe<8><BOT><Blue>" stuck (position "65.79 187.49 -249.47") (duration "4.73") L 10/08/2014 - 13:07:34:    path_goal ( "-350.00 250.00 -254.34" )
L 10/08/2014 - 13:07:34: "Freakin' Unbelievable<9><BOT><Red>" stuck (position "-740.20 -388.26 -256.51") (duration "7.46") L 10/08/2014 - 13:07:34:    path_goal ( "-750.00 0.00 -258.04" )
L 10/08/2014 - 13:07:35: "Divide by Zero<4><BOT><Blue>" stuck (position "355.46 -19.80 -16.33") (duration "7.56") L 10/08/2014 - 13:07:35:    path_goal ( "425.00 -175.00 0.03" )
L 10/08/2014 - 13:07:35: "I LIVE!<2><BOT><Blue>" stuck (position "-286.09 260.35 -255.18") (duration "7.98") L 10/08/2014 - 13:07:35:    path_goal ( "-25.00 25.00 -255.42" )
L 10/08/2014 - 13:07:35: "Big Mean Muther Hubbard<6><BOT><Blue>" stuck (position "-240.18 289.52 -242.76") (duration "8.61") L 10/08/2014 - 13:07:35:    path_goal ( "-625.00 375.00 -255.97" )
L 10/08/2014 - 13:07:35: "Poopy Joe<8><BOT><Blue>" stuck (position "65.79 187.49 -249.47") (duration "5.78") L 10/08/2014 - 13:07:35:    path_goal ( "25.00 -12.50 -255.09" )
L 10/08/2014 - 13:07:35: "Freakin' Unbelievable<9><BOT><Red>" stuck (position "-740.20 -388.26 -256.51") (duration "8.51") L 10/08/2014 - 13:07:35:    path_goal ( "-750.00 0.00 -258.04" )
L 10/08/2014 - 13:07:36: "Divide by Zero<4><BOT><Blue>" stuck (position "355.46 -19.80 -16.33") (duration "8.61") L 10/08/2014 - 13:07:36:    path_goal ( "150.00 -25.00 -169.00" )
L 10/08/2014 - 13:07:36: "I LIVE!<2><BOT><Blue>" stuck (position "-286.09 260.35 -255.18") (duration "9.03") L 10/08/2014 - 13:07:36:    path_goal ( "-25.00 25.00 -255.42" )
L 10/08/2014 - 13:07:36: "Big Mean Muther Hubbard<6><BOT><Blue>" stuck (position "-240.18 289.52 -242.76") (duration "9.66") L 10/08/2014 - 13:07:36:    path_goal ( "-25.00 25.00 -255.42" )
L 10/08/2014 - 13:07:36: "Poopy Joe<8><BOT><Blue>" stuck (position "65.79 187.49 -249.47") (duration "6.83") L 10/08/2014 - 13:07:36:    path_goal ( "-350.00 250.00 -254.34" )
L 10/08/2014 - 13:07:36: "Freakin' Unbelievable<9><BOT><Red>" stuck (position "-740.20 -388.26 -256.51") (duration "9.55") L 10/08/2014 - 13:07:36:    path_goal ( "-750.00 0.00 -258.04" )
L 10/08/2014 - 13:07:37: Loading map "ctf_2fort"
L 10/08/2014 - 13:07:37: server cvars start
L 10/08/2014 - 13:07:37: "tf_playergib" = "1"
L 10/08/2014 - 13:07:37: "tf_allow_player_use" = "0"
L 10/08/2014 - 13:07:37: "tf_mvm_death_penalty" = "0"
L 10/08/2014 - 13:07:37: "sv_maxusrcmdprocessticks" = "24"
L 10/08/2014 - 13:07:37: "mp_teamplay" = "0"
L 10/08/2014 - 13:07:37: "mp_falldamage" = "0"
L 10/08/2014 - 13:07:37: "mp_weaponstay" = "0"
L 10/08/2014 - 13:07:37: "mp_forcerespawn" = "1"
L 10/08/2014 - 13:07:37: "mp_footsteps" = "1"
L 10/08/2014 - 13:07:37: "mp_flashlight" = "0"
L 10/08/2014 - 13:07:37: "mp_autocrosshair" = "1"
L 10/08/2014 - 13:07:37: "decalfrequency" = "10"
L 10/08/2014 - 13:07:37: "mp_teamlist" = "hgrunt;scientist"
L 10/08/2014 - 13:07:37: "mp_allowNPCs" = "1"
L 10/08/2014 - 13:07:37: "sv_alltalk" = "0"
L 10/08/2014 - 13:07:37: "tf_weapon_criticals" = "1"
L 10/08/2014 - 13:07:37: "tf_damage_disablespread" = "0"
L 10/08/2014 - 13:07:37: "tf_player_name_change_time" = "60"
L 10/08/2014 - 13:07:37: "tf_force_holidays_off" = "0"
L 10/08/2014 - 13:07:37: "tf_birthday" = "0"
L 10/08/2014 - 13:07:37: "mp_tournament_stopwatch" = "1"
L 10/08/2014 - 13:07:37: "mp_windifference" = "0"
L 10/08/2014 - 13:07:37: "mp_windifference_min" = "0"
L 10/08/2014 - 13:07:37: "tf_medieval" = "0"
L 10/08/2014 - 13:07:37: "tf_medieval_autorp" = "1"
L 10/08/2014 - 13:07:37: "tf_arena_force_class" = "0"
L 10/08/2014 - 13:07:37: "tf_arena_change_limit" = "1"
L 10/08/2014 - 13:07:37: "tf_arena_override_cap_enable_time" = "-1"
L 10/08/2014 - 13:07:37: "tf_arena_first_blood" = "1"
L 10/08/2014 - 13:07:37: "tf_mvm_min_players_to_start" = "3"
L 10/08/2014 - 13:07:37: "tf_gamemode_arena" = "0"
L 10/08/2014 - 13:07:37: "tf_gamemode_cp" = "1"
L 10/08/2014 - 13:07:37: "tf_gamemode_ctf" = "0"
L 10/08/2014 - 13:07:37: "tf_gamemode_sd" = "0"
L 10/08/2014 - 13:07:37: "tf_gamemode_rd" = "0"
L 10/08/2014 - 13:07:37: "tf_beta_content" = "0"
L 10/08/2014 - 13:07:37: "tf_gamemode_payload" = "0"
L 10/08/2014 - 13:07:37: "tf_gamemode_mvm" = "0"
L 10/08/2014 - 13:07:37: "tf_bot_count" = "8"
L 10/08/2014 - 13:07:37: "tf_teamtalk" = "1"
L 10/08/2014 - 13:07:37: "tf_ctf_bonus_time" = "10"
L 10/08/2014 - 13:07:37: "tf_maxspeed" = "400"
L 10/08/2014 - 13:07:37: "tf_max_charge_speed" = "750"
L 10/08/2014 - 13:07:37: "tf_use_fixed_weaponspreads" = "0"
L 10/08/2014 - 13:07:37: "tf_overtime_nag" = "0"
L 10/08/2014 - 13:07:37: "mp_respawnwavetime" = "10.0"
L 10/08/2014 - 13:07:37: "mp_tournament" = "0"
L 10/08/2014 - 13:07:37: "mp_highlander" = "0"
L 10/08/2014 - 13:07:37: "tf_arena_preround_time" = "10"
L 10/08/2014 - 13:07:37: "tf_arena_round_time" = "0"
L 10/08/2014 - 13:07:37: "tf_arena_max_streak" = "3"
L 10/08/2014 - 13:07:37: "tf_arena_use_queue" = "1"
L 10/08/2014 - 13:07:37: "mp_maxrounds" = "0"
L 10/08/2014 - 13:07:37: "mp_winlimit" = "0"
L 10/08/2014 - 13:07:37: "mp_disable_respawn_times" = "0"
L 10/08/2014 - 13:07:37: "mp_stalemate_meleeonly" = "0"
L 10/08/2014 - 13:07:37: "mp_forceautoteam" = "0"
L 10/08/2014 - 13:07:37: "mp_autoteambalance" = "1"
L 10/08/2014 - 13:07:37: "mp_stalemate_enable" = "0"
L 10/08/2014 - 13:07:37: "mp_match_end_at_timelimit" = "0"
L 10/08/2014 - 13:07:37: "mp_holiday_nogifts" = "0"
L 10/08/2014 - 13:07:37: "mp_scrambleteams_auto" = "1"
L 10/08/2014 - 13:07:37: "mp_scrambleteams_auto_windifference" = "2"
L 10/08/2014 - 13:07:37: "mp_timelimit" = "15"
L 10/08/2014 - 13:07:37: "mp_fraglimit" = "0"
L 10/08/2014 - 13:07:37: "nextlevel" = ""
L 10/08/2014 - 13:07:37: "sv_gravity" = "800"
L 10/08/2014 - 13:07:37: "sv_stopspeed" = "100"
L 10/08/2014 - 13:07:37: "sv_noclipaccelerate" = "5"
L 10/08/2014 - 13:07:37: "sv_noclipspeed" = "5"
L 10/08/2014 - 13:07:37: "sv_specaccelerate" = "5"
L 10/08/2014 - 13:07:37: "sv_specspeed" = "3"
L 10/08/2014 - 13:07:37: "sv_specnoclip" = "1"
L 10/08/2014 - 13:07:37: "sv_maxspeed" = "320"
L 10/08/2014 - 13:07:37: "sv_accelerate" = "10"
L 10/08/2014 - 13:07:37: "sv_airaccelerate" = "10"
L 10/08/2014 - 13:07:37: "sv_wateraccelerate" = "10"
L 10/08/2014 - 13:07:37: "sv_waterfriction" = "1"
L 10/08/2014 - 13:07:37: "sv_footsteps" = "1"
L 10/08/2014 - 13:07:37: "sv_rollspeed" = "200"
L 10/08/2014 - 13:07:37: "sv_rollangle" = "0"
L 10/08/2014 - 13:07:37: "sv_friction" = "4"
L 10/08/2014 - 13:07:37: "sv_bounce" = "0"
L 10/08/2014 - 13:07:37: "sv_stepsize" = "18"
L 10/08/2014 - 13:07:37: "r_VehicleViewDampen" = "1"
L 10/08/2014 - 13:07:37: "r_JeepViewDampenFreq" = "7.0"
L 10/08/2014 - 13:07:37: "r_JeepViewDampenDamp" = "1.0"
L 10/08/2014 - 13:07:37: "r_JeepViewZHeight" = "10.0"
L 10/08/2014 - 13:07:37: "r_AirboatViewDampenFreq" = "7.0"
L 10/08/2014 - 13:07:37: "r_AirboatViewDampenDamp" = "1.0"
L 10/08/2014 - 13:07:37: "r_AirboatViewZHeight" = "0.0"
L 10/08/2014 - 13:07:37: "mp_friendlyfire" = "0"
L 10/08/2014 - 13:07:37: "mp_fadetoblack" = "0"
L 10/08/2014 - 13:07:37: "tf_mm_servermode" = "0"
L 10/08/2014 - 13:07:37: "tf_mm_strict" = "0"
L 10/08/2014 - 13:07:37: "tf_mm_trusted" = "0"
L 10/08/2014 - 13:07:37: "tf_server_identity_disable_quickplay" = "0"
L 10/08/2014 - 13:07:37: "sv_registration_successful" = "0"
L 10/08/2014 - 13:07:37: "sv_registration_message" = "No account specified"
L 10/08/2014 - 13:07:37: "sv_steamgroup" = ""
L 10/08/2014 - 13:07:37: "sv_cheats" = "1"
L 10/08/2014 - 13:07:37: "sv_pausable" = "0"
L 10/08/2014 - 13:07:37: "sv_contact" = "admin@yourdomain.com"
L 10/08/2014 - 13:07:37: "sv_voiceenable" = "1"
L 10/08/2014 - 13:07:37: "tv_enable" = "0"
L 10/08/2014 - 13:07:37: "deathmatch" = "1"
L 10/08/2014 - 13:07:37: "coop" = "0"
L 10/08/2014 - 13:07:37: "tv_password" = ""
L 10/08/2014 - 13:07:37: "tv_relaypassword" = ""
L 10/08/2014 - 13:07:37: "sv_password" = ""
L 10/08/2014 - 13:07:37: "sv_tags" = "bots,cp"
L 10/08/2014 - 13:07:37: server cvars end
L 10/08/2014 - 13:07:38: Started map "ctf_2fort" (CRC "7d246aafbbd18b8ccbfdb9937dbc7769")
L 10/08/2014 - 13:07:38: Executing dedicated server config file server.cfg
L 10/08/2014 - 13:07:45: server_cvar: "tf_gamemode_cp" "0"
L 10/08/2014 - 13:07:45: server_cvar: "sv_tags" "bots"
L 10/08/2014 - 13:07:45: server_cvar: "sv_tags" "bots"
L 10/08/2014 - 13:07:45: server_cvar: "tf_bot_count" "0"
L 10/08/2014 - 13:07:45: server_cvar: "sv_tags" ""
L 10/08/2014 - 13:07:45: server_cvar: "tf_gamemode_ctf" "1"
L 10/08/2014 - 13:07:45: server_cvar: "sv_tags" "ctf"
L 10/08/2014 - 13:07:45: server_cvar: "sv_tags" "ctf"
L 10/08/2014 - 13:07:45: Initializing Steam libraries for LAN server
L 10/08/2014 - 13:07:45: No account token specified; logging into anonymous game server account.  (Use sv_setsteamaccount to login to a persistent account.)
