L 10/08/2014 - 07:51:29: Log file started (file "logs/L1008000.log") (game "/home/tf2/hlserver/tf2/tf") (version "2426090")
L 10/08/2014 - 07:51:29: server_cvar: "sv_cheats" "1"
L 10/08/2014 - 07:51:30: "Gentlemanne of Leisure<2><BOT><>" connected, address "none"
L 10/08/2014 - 07:51:30: "<2><BOT><>" entered the game
L 10/08/2014 - 07:51:30: "Gentlemanne of Leisure<2><BOT><Unassigned>" joined team "Blue"
L 10/08/2014 - 07:51:30: "Gentlemanne of Leisure<2><BOT><Blue>" changed role to "scout"
L 10/08/2014 - 07:51:30: "Gentlemanne of Leisure<2><BOT><Blue>" changed name to "Companion Cube"
L 10/08/2014 - 07:51:30: Sending CMsgGameServerMatchmakingStatus (state=ServerMatchmakingState_NOT_PARTICIPATING)
L 10/08/2014 - 07:51:30: "Target Practice<3><BOT><>" connected, address "none"
L 10/08/2014 - 07:51:30: "<3><BOT><>" entered the game
L 10/08/2014 - 07:51:30: "Target Practice<3><BOT><Unassigned>" joined team "Red"
L 10/08/2014 - 07:51:30: "Target Practice<3><BOT><Red>" changed role to "engineer"
L 10/08/2014 - 07:51:30: "Target Practice<3><BOT><Red>" changed name to "One-Man Cheeseburger Apocalypse"
L 10/08/2014 - 07:51:30: "Crowbar<4><BOT><>" connected, address "none"
L 10/08/2014 - 07:51:30: "<4><BOT><>" entered the game
L 10/08/2014 - 07:51:30: "Crowbar<4><BOT><Unassigned>" joined team "Blue"
L 10/08/2014 - 07:51:30: "Crowbar<4><BOT><Blue>" changed role to "soldier"
L 10/08/2014 - 07:51:30: "Crowbar<4><BOT><Blue>" changed name to "Delicious Cake"
L 10/08/2014 - 07:51:30: Connection to Steam servers successful.
L 10/08/2014 - 07:51:30:    Public IP is 68.110.44.24.
L 10/08/2014 - 07:51:30: Assigned anonymous gameserver Steam ID [A:1:567003141:4717].
L 10/08/2014 - 07:51:30: VAC secure mode is activated.
L 10/08/2014 - 07:51:30: "IvanTheSpaceBiker<5><BOT><>" connected, address "none"
L 10/08/2014 - 07:51:30: "<5><BOT><>" entered the game
L 10/08/2014 - 07:51:30: "IvanTheSpaceBiker<5><BOT><Unassigned>" joined team "Red"
L 10/08/2014 - 07:51:30: "IvanTheSpaceBiker<5><BOT><Red>" changed role to "demoman"
L 10/08/2014 - 07:51:30: "IvanTheSpaceBiker<5><BOT><Red>" changed name to "I LIVE!"
L 10/08/2014 - 07:51:30: tf_server_identity_account_id not set; not logging into registered account
L 10/08/2014 - 07:51:31: "Cannon Fodder<6><BOT><>" connected, address "none"
L 10/08/2014 - 07:51:31: "<6><BOT><>" entered the game
L 10/08/2014 - 07:51:31: "Cannon Fodder<6><BOT><Unassigned>" joined team "Blue"
L 10/08/2014 - 07:51:31: "Cannon Fodder<6><BOT><Blue>" changed role to "heavyweapons"
L 10/08/2014 - 07:51:31: "Cannon Fodder<6><BOT><Blue>" changed name to "trigger_hurt"
L 10/08/2014 - 07:51:31: "Nom Nom Nom<7><BOT><>" connected, address "none"
L 10/08/2014 - 07:51:31: "<7><BOT><>" entered the game
L 10/08/2014 - 07:51:31: "Nom Nom Nom<7><BOT><Unassigned>" joined team "Red"
L 10/08/2014 - 07:51:31: "Nom Nom Nom<7><BOT><Red>" changed role to "heavyweapons"
L 10/08/2014 - 07:51:31: "Nom Nom Nom<7><BOT><Red>" changed name to "Divide by Zero"
L 10/08/2014 - 07:51:31: "GENTLE MANNE of LEISURE<8><BOT><>" connected, address "none"
L 10/08/2014 - 07:51:31: "<8><BOT><>" entered the game
L 10/08/2014 - 07:51:31: "GENTLE MANNE of LEISURE<8><BOT><Unassigned>" joined team "Blue"
L 10/08/2014 - 07:51:31: "GENTLE MANNE of LEISURE<8><BOT><Blue>" changed role to "medic"
L 10/08/2014 - 07:51:31: "GENTLE MANNE of LEISURE<8><BOT><Blue>" changed name to "MoreGun"
L 10/08/2014 - 07:51:31: "Tiny Baby Man<9><BOT><>" connected, address "none"
L 10/08/2014 - 07:51:31: "<9><BOT><>" entered the game
L 10/08/2014 - 07:51:31: "Tiny Baby Man<9><BOT><Unassigned>" joined team "Red"
L 10/08/2014 - 07:51:31: "Tiny Baby Man<9><BOT><Red>" changed role to "medic"
L 10/08/2014 - 07:51:31: "Tiny Baby Man<9><BOT><Red>" changed name to "Big Mean Muther Hubbard"
L 10/08/2014 - 07:51:35: server_cvar: "tf_bot_count" "8"
L 10/08/2014 - 07:51:35: server_cvar: "sv_tags" "bots,cp"
L 10/08/2014 - 07:51:50: "Companion Cube<2><BOT><Blue>" stuck (position "-1627.21 1633.47 -255.89") (duration "2.52") L 10/08/2014 - 07:51:50:    path_goal ( "-216.00 2792.00 -247.97" )
L 10/08/2014 - 07:51:52: "Companion Cube<2><BOT><Blue>" stuck (position "-1627.21 1633.47 -255.89") (duration "2.52") L 10/08/2014 - 07:51:52:    path_goal ( "-216.00 2792.00 -247.97" )
L 10/08/2014 - 07:51:55: "Companion Cube<2><BOT><Blue>" stuck (position "-1627.21 1633.47 -255.89") (duration "2.53") L 10/08/2014 - 07:51:55:    path_goal ( "-216.00 2792.00 -247.97" )
L 10/08/2014 - 07:51:55: "Delicious Cake<4><BOT><Blue>" stuck (position "-1661.97 1633.47 -255.94") (duration "4.22") L 10/08/2014 - 07:51:55:    path_goal ( "-216.00 2792.00 -247.97" )
L 10/08/2014 - 07:51:57: "trigger_hurt<6><BOT><Blue>" stuck (position "-1649.27 1633.47 -255.92") (duration "4.41") L 10/08/2014 - 07:51:57:    path_goal ( "-216.00 2792.00 -247.97" )
L 10/08/2014 - 07:51:57: "Companion Cube<2><BOT><Blue>" stuck (position "-1627.21 1633.47 -255.89") (duration "2.52") L 10/08/2014 - 07:51:57:    path_goal ( "-216.00 2792.00 -247.97" )
L 10/08/2014 - 07:51:59: "Delicious Cake<4><BOT><Blue>" stuck (position "-1636.38 1633.47 -255.89") (duration "4.20") L 10/08/2014 - 07:51:59:    path_goal ( "-216.00 2792.00 -247.97" )
L 10/08/2014 - 07:52:00: "Companion Cube<2><BOT><Blue>" stuck (position "-1649.22 1633.47 -255.89") (duration "2.55") L 10/08/2014 - 07:52:00:    path_goal ( "-216.00 2792.00 -247.97" )
L 10/08/2014 - 07:52:01: "trigger_hurt<6><BOT><Blue>" stuck (position "-1643.18 1633.47 -255.89") (duration "4.41") L 10/08/2014 - 07:52:01:    path_goal ( "-216.00 2792.00 -247.97" )
L 10/08/2014 - 07:52:02: "Companion Cube<2><BOT><Blue>" stuck (position "-1642.45 1633.47 -255.91") (duration "2.52") L 10/08/2014 - 07:52:02:    path_goal ( "-216.00 2792.00 -247.97" )
L 10/08/2014 - 07:52:02: "One-Man Cheeseburger Apocalypse<3><BOT><Red>" triggered "player_builtobject" (object "OBJ_SENTRYGUN") (position "-305 2649 -127")
L 10/08/2014 - 07:52:04: "Delicious Cake<4><BOT><Blue>" stuck (position "-1638.11 1633.47 -255.89") (duration "4.20") L 10/08/2014 - 07:52:04:    path_goal ( "-216.00 2792.00 -247.97" )
L 10/08/2014 - 07:52:04: World triggered "Round_Start"
L 10/08/2014 - 07:52:04: World triggered "Round_Setup_Begin"
L 10/08/2014 - 07:52:04: World triggered "Mini_Round_Selected" (round "round_1")
L 10/08/2014 - 07:52:04: World triggered "Mini_Round_Start"
L 10/08/2014 - 07:52:11: "One-Man Cheeseburger Apocalypse<3><BOT><Red>" triggered "player_builtobject" (object "OBJ_TELEPORTER") (position "2501 1014 -193")
L 10/08/2014 - 07:52:29: "One-Man Cheeseburger Apocalypse<3><BOT><Red>" triggered "player_builtobject" (object "OBJ_SENTRYGUN") (position "-41 2193 -287")
L 10/08/2014 - 07:53:04: "One-Man Cheeseburger Apocalypse<3><BOT><Red>" triggered "player_builtobject" (object "OBJ_DISPENSER") (position "-66 2191 -293")
L 10/08/2014 - 07:53:08: World triggered "Round_Setup_End"
L 10/08/2014 - 07:53:17: "One-Man Cheeseburger Apocalypse<3><BOT><Red>" triggered "player_builtobject" (object "OBJ_TELEPORTER") (position "-76 2180 -296")
L 10/08/2014 - 07:53:24: "Delicious Cake<4><BOT><Blue>" triggered "killedobject" (object "OBJ_TELEPORTER") (weapon "tf_projectile_rocket") (objectowner "One-Man Cheeseburger Apocalypse<3><BOT><Red>") (attacker_position "-1076 2753 -255")
L 10/08/2014 - 07:53:24: "MoreGun<8><BOT><Blue>" triggered "killedobject" (object "OBJ_TELEPORTER") (objectowner "One-Man Cheeseburger Apocalypse<3><BOT><Red>") (assist "1") (assister_position "-1244 2842 -175") (attacker_position "-1076 2753 -255")
L 10/08/2014 - 07:53:28: "I LIVE!<5><BOT><Red>" killed "Companion Cube<2><BOT><Blue>" with "tf_projectile_pipe" (attacker_position "-58 2090 -322") (victim_position "-1132 2621 -254")
L 10/08/2014 - 07:53:28: "MoreGun<8><BOT><Blue>" triggered "chargedeployed"
L 10/08/2014 - 07:53:31: "Delicious Cake<4><BOT><Blue>" triggered "killedobject" (object "OBJ_SENTRYGUN") (weapon "tf_projectile_rocket") (objectowner "One-Man Cheeseburger Apocalypse<3><BOT><Red>") (attacker_position "-1353 2455 -445")
L 10/08/2014 - 07:53:31: "MoreGun<8><BOT><Blue>" triggered "killedobject" (object "OBJ_SENTRYGUN") (objectowner "One-Man Cheeseburger Apocalypse<3><BOT><Red>") (assist "1") (assister_position "-1309 2505 -437") (attacker_position "-1353 2455 -445")
L 10/08/2014 - 07:53:37: "I LIVE!<5><BOT><Red>" triggered "medic_death" against "MoreGun<8><BOT><Blue>" (healing "709") (ubercharge "0")
L 10/08/2014 - 07:53:37: "I LIVE!<5><BOT><Red>" killed "MoreGun<8><BOT><Blue>" with "tf_projectile_pipe" (attacker_position "-63 2137 -309") (victim_position "-1016 2504 -415")
L 10/08/2014 - 07:53:37: "One-Man Cheeseburger Apocalypse<3><BOT><Red>" triggered "kill assist" against "MoreGun<8><BOT><Blue>" (assister_position "-79 2327 -286") (attacker_position "-63 2137 -309") (victim_position "-1016 2504 -415")
L 10/08/2014 - 07:53:41: "Delicious Cake<4><BOT><Blue>" triggered "killedobject" (object "OBJ_DISPENSER") (weapon "tf_projectile_rocket") (objectowner "One-Man Cheeseburger Apocalypse<3><BOT><Red>") (attacker_position "-1060 2327 -415")
L 10/08/2014 - 07:53:54: "I LIVE!<5><BOT><Red>" killed "Delicious Cake<4><BOT><Blue>" with "tf_projectile_pipe" (attacker_position "-63 2044 -336") (victim_position "-1343 2456 -443")
L 10/08/2014 - 07:53:54: "Delicious Cake<4><BOT><Blue>" changed role to "demoman"
L 10/08/2014 - 07:54:00: "One-Man Cheeseburger Apocalypse<3><BOT><Red>" triggered "player_builtobject" (object "OBJ_SENTRYGUN") (position "-110 1931 -360")
L 10/08/2014 - 07:54:04: "trigger_hurt<6><BOT><Blue>" triggered "killedobject" (object "OBJ_SENTRYGUN") (weapon "minigun") (objectowner "One-Man Cheeseburger Apocalypse<3><BOT><Red>") (attacker_position "-1654 2676 -254")
L 10/08/2014 - 07:54:09: "One-Man Cheeseburger Apocalypse<3><BOT><Red>" triggered "player_builtobject" (object "OBJ_SENTRYGUN") (position "-3 2349 -280")
L 10/08/2014 - 07:54:11: "Divide by Zero<7><BOT><Red>" killed "Companion Cube<2><BOT><Blue>" with "minigun" (attacker_position "148 2209 -258") (victim_position "-1772 2283 -436")
L 10/08/2014 - 07:54:11: "Big Mean Muther Hubbard<9><BOT><Red>" triggered "kill assist" against "Companion Cube<2><BOT><Blue>" (assister_position "153 2307 -258") (attacker_position "148 2209 -258") (victim_position "-1772 2283 -436")
L 10/08/2014 - 07:54:22: "Big Mean Muther Hubbard<9><BOT><Red>" triggered "chargedeployed"
L 10/08/2014 - 07:54:33: "Companion Cube<2><BOT><Blue>" killed "I LIVE!<5><BOT><Red>" with "scattergun" (attacker_position "-1544 2894 -255") (victim_position "-129 2731 -240")
L 10/08/2014 - 07:54:33: "Delicious Cake<4><BOT><Blue>" triggered "kill assist" against "I LIVE!<5><BOT><Red>" (assister_position "-1230 3072 -255") (attacker_position "-1544 2894 -255") (victim_position "-129 2731 -240")
L 10/08/2014 - 07:54:33: "I LIVE!<5><BOT><Red>" changed role to "engineer"
L 10/08/2014 - 07:54:34: "trigger_hurt<6><BOT><Blue>" triggered "killedobject" (object "OBJ_SENTRYGUN") (weapon "minigun") (objectowner "One-Man Cheeseburger Apocalypse<3><BOT><Red>") (attacker_position "-1299 2367 -433")
L 10/08/2014 - 07:54:34: "MoreGun<8><BOT><Blue>" triggered "killedobject" (object "OBJ_SENTRYGUN") (objectowner "One-Man Cheeseburger Apocalypse<3><BOT><Red>") (assist "1") (assister_position "-1498 2474 -447") (attacker_position "-1299 2367 -433")
L 10/08/2014 - 07:54:39: "One-Man Cheeseburger Apocalypse<3><BOT><Red>" triggered "player_builtobject" (object "OBJ_SENTRYGUN") (position "-50 1861 -315")
L 10/08/2014 - 07:54:40: "Delicious Cake<4><BOT><Blue>" triggered "killedobject" (object "OBJ_SENTRYGUN") (weapon "tf_projectile_pipe") (objectowner "One-Man Cheeseburger Apocalypse<3><BOT><Red>") (attacker_position "-1161 2570 -415")
L 10/08/2014 - 07:54:51: "Delicious Cake<4><BOT><Blue>" triggered "medic_death" against "Big Mean Muther Hubbard<9><BOT><Red>" (healing "2038") (ubercharge "0")
L 10/08/2014 - 07:54:51: "Delicious Cake<4><BOT><Blue>" killed "Big Mean Muther Hubbard<9><BOT><Red>" with "tf_projectile_pipe" (attacker_position "-903 2436 -415") (victim_position "203 2326 -255")
L 10/08/2014 - 07:54:56: "I LIVE!<5><BOT><Red>" triggered "player_builtobject" (object "OBJ_TELEPORTER") (position "2373 1031 -196")
L 10/08/2014 - 07:54:58: "Divide by Zero<7><BOT><Red>" killed "Companion Cube<2><BOT><Blue>" with "minigun" (attacker_position "183 2222 -256") (victim_position "-257 2096 -413")
L 10/08/2014 - 07:55:17: "I LIVE!<5><BOT><Red>" triggered "player_builtobject" (object "OBJ_SENTRYGUN") (position "48 1851 -290")
L 10/08/2014 - 07:55:18: "trigger_hurt<6><BOT><Blue>" triggered "killedobject" (object "OBJ_SENTRYGUN") (weapon "minigun") (objectowner "I LIVE!<5><BOT><Red>") (attacker_position "-1024 2479 -415")
L 10/08/2014 - 07:55:18: "MoreGun<8><BOT><Blue>" triggered "killedobject" (object "OBJ_SENTRYGUN") (objectowner "I LIVE!<5><BOT><Red>") (assist "1") (assister_position "-986 2434 -415") (attacker_position "-1024 2479 -415")
L 10/08/2014 - 07:55:19: "trigger_hurt<6><BOT><Blue>" killed "I LIVE!<5><BOT><Red>" with "minigun" (attacker_position "-1135 2447 -415") (victim_position "152 1944 -274")
L 10/08/2014 - 07:55:19: "MoreGun<8><BOT><Blue>" triggered "kill assist" against "I LIVE!<5><BOT><Red>" (assister_position "-1033 2442 -415") (attacker_position "-1135 2447 -415") (victim_position "152 1944 -274")
L 10/08/2014 - 07:55:19: "I LIVE!<5><BOT><Red>" changed role to "demoman"
L 10/08/2014 - 07:55:20: "trigger_hurt<6><BOT><Blue>" killed "One-Man Cheeseburger Apocalypse<3><BOT><Red>" with "minigun" (attacker_position "-1229 2423 -424") (victim_position "-392 2442 -139")
L 10/08/2014 - 07:55:20: "MoreGun<8><BOT><Blue>" triggered "kill assist" against "One-Man Cheeseburger Apocalypse<3><BOT><Red>" (assister_position "-1133 2433 -415") (attacker_position "-1229 2423 -424") (victim_position "-392 2442 -139")
L 10/08/2014 - 07:55:32: "Divide by Zero<7><BOT><Red>" killed "Companion Cube<2><BOT><Blue>" with "minigun" (attacker_position "-194 2748 -240") (victim_position "-585 2807 -247")
L 10/08/2014 - 07:55:32: "Big Mean Muther Hubbard<9><BOT><Red>" triggered "kill assist" against "Companion Cube<2><BOT><Blue>" (assister_position "-87 2529 -255") (attacker_position "-194 2748 -240") (victim_position "-585 2807 -247")
L 10/08/2014 - 07:55:51: "Divide by Zero<7><BOT><Red>" triggered "captureblocked" (cp "0") (cpname "#Dustbowl_cap_1_A") (position "-227 2841 -240")
L 10/08/2014 - 07:55:51: "Divide by Zero<7><BOT><Red>" killed "Delicious Cake<4><BOT><Blue>" with "minigun" (attacker_position "-227 2841 -240") (victim_position "-211 2773 -240")
L 10/08/2014 - 07:55:51: "Big Mean Muther Hubbard<9><BOT><Red>" triggered "kill assist" against "Delicious Cake<4><BOT><Blue>" (assister_position "-336 2693 -247") (attacker_position "-227 2841 -240") (victim_position "-211 2773 -240")
L 10/08/2014 - 07:55:51: "Delicious Cake<4><BOT><Blue>" changed role to "soldier"
L 10/08/2014 - 07:55:52: "Delicious Cake<4><BOT><Blue>" triggered "medic_death" against "Big Mean Muther Hubbard<9><BOT><Red>" (healing "528") (ubercharge "0")
L 10/08/2014 - 07:55:52: "Delicious Cake<4><BOT><Blue>" killed "Big Mean Muther Hubbard<9><BOT><Red>" with "tf_projectile_pipe" (attacker_position "-211 2773 -152") (victim_position "-392 2767 -247")
L 10/08/2014 - 07:56:04: "I LIVE!<5><BOT><Red>" killed "Companion Cube<2><BOT><Blue>" with "tf_projectile_pipe_remote" (attacker_position "-157 2701 -240") (victim_position "-422 2776 -247")
L 10/08/2014 - 07:56:04: "One-Man Cheeseburger Apocalypse<3><BOT><Red>" triggered "player_builtobject" (object "OBJ_SENTRYGUN") (position "-527 2601 -159")
L 10/08/2014 - 07:56:28: "MoreGun<8><BOT><Blue>" triggered "chargedeployed"
L 10/08/2014 - 07:56:29: "trigger_hurt<6><BOT><Blue>" killed "Divide by Zero<7><BOT><Red>" with "minigun" (attacker_position "-708 2822 -255") (victim_position "-397 2798 -247")
L 10/08/2014 - 07:56:29: "MoreGun<8><BOT><Blue>" triggered "kill assist" against "Divide by Zero<7><BOT><Red>" (assister_position "-756 2780 -255") (attacker_position "-708 2822 -255") (victim_position "-397 2798 -247")
L 10/08/2014 - 07:56:29: "Divide by Zero<7><BOT><Red>" changed role to "demoman"
L 10/08/2014 - 07:56:29: "One-Man Cheeseburger Apocalypse<3><BOT><Red>" triggered "captureblocked" (cp "0") (cpname "#Dustbowl_cap_1_A") (position "-279 2617 -121")
L 10/08/2014 - 07:56:29: "One-Man Cheeseburger Apocalypse<3><BOT><Red>" killed "Delicious Cake<4><BOT><Blue>" with "obj_sentrygun2" (attacker_position "-279 2617 -121") (victim_position "-157 2829 -240")
L 10/08/2014 - 07:56:29: "Big Mean Muther Hubbard<9><BOT><Red>" triggered "kill assist" against "Delicious Cake<4><BOT><Blue>" (assister_position "-128 2610 -247") (attacker_position "-279 2617 -121") (victim_position "-157 2829 -240")
L 10/08/2014 - 07:56:29: "Delicious Cake<4><BOT><Blue>" changed role to "demoman"
L 10/08/2014 - 07:56:31: "trigger_hurt<6><BOT><Blue>" killed "I LIVE!<5><BOT><Red>" with "minigun" (attacker_position "-639 2848 -255") (victim_position "-126 2684 -247")
L 10/08/2014 - 07:56:31: "MoreGun<8><BOT><Blue>" triggered "kill assist" against "I LIVE!<5><BOT><Red>" (assister_position "-743 2826 -255") (attacker_position "-639 2848 -255") (victim_position "-126 2684 -247")
L 10/08/2014 - 07:56:31: "I LIVE!<5><BOT><Red>" changed role to "engineer"
L 10/08/2014 - 07:56:34: "trigger_hurt<6><BOT><Blue>" triggered "killedobject" (object "OBJ_SENTRYGUN") (weapon "minigun") (objectowner "One-Man Cheeseburger Apocalypse<3><BOT><Red>") (attacker_position "-237 2831 -240")
L 10/08/2014 - 07:56:34: "MoreGun<8><BOT><Blue>" triggered "killedobject" (object "OBJ_SENTRYGUN") (objectowner "One-Man Cheeseburger Apocalypse<3><BOT><Red>") (assist "1") (assister_position "-301 2902 -247") (attacker_position "-237 2831 -240")
L 10/08/2014 - 07:56:41: Team "Blue" triggered "pointcaptured" (cp "0") (cpname "#Dustbowl_cap_1_A") (numcappers "3") (player1 "Companion Cube<2><BOT><Blue>") (position1 "-343 2858 -247") (player2 "trigger_hurt<6><BOT><Blue>") (position2 "-349 2693 -247") (player3 "MoreGun<8><BOT><Blue>") (position3 "-239 2790 -240") 
L 10/08/2014 - 07:56:51: "Companion Cube<2><BOT><Blue>" killed "One-Man Cheeseburger Apocalypse<3><BOT><Red>" with "pistol_scout" (attacker_position "1928 1813 -205") (victim_position "1640 1498 -172")
L 10/08/2014 - 07:56:51: "One-Man Cheeseburger Apocalypse<3><BOT><Red>" changed role to "pyro"
L 10/08/2014 - 07:57:10: "trigger_hurt<6><BOT><Blue>" killed "I LIVE!<5><BOT><Red>" with "minigun" (attacker_position "2113 1210 -191") (victim_position "1878 548 -242")
L 10/08/2014 - 07:57:10: "MoreGun<8><BOT><Blue>" triggered "kill assist" against "I LIVE!<5><BOT><Red>" (assister_position "2089 1528 -201") (attacker_position "2113 1210 -191") (victim_position "1878 548 -242")
L 10/08/2014 - 07:57:15: "Divide by Zero<7><BOT><Red>" triggered "medic_death" against "MoreGun<8><BOT><Blue>" (healing "1606") (ubercharge "0")
L 10/08/2014 - 07:57:15: "Divide by Zero<7><BOT><Red>" killed "MoreGun<8><BOT><Blue>" with "tf_projectile_pipe" (attacker_position "2226 876 -191") (victim_position "2129 1113 -188")
L 10/08/2014 - 07:57:17: "trigger_hurt<6><BOT><Blue>" killed "One-Man Cheeseburger Apocalypse<3><BOT><Red>" with "minigun" (attacker_position "2090 1230 -197") (victim_position "1944 1133 -206")
L 10/08/2014 - 07:57:17: "One-Man Cheeseburger Apocalypse<3><BOT><Red>" changed role to "engineer"
L 10/08/2014 - 07:57:24: "Divide by Zero<7><BOT><Red>" killed "trigger_hurt<6><BOT><Blue>" with "tf_projectile_pipe" (attacker_position "2094 1148 -196") (victim_position "1843 1665 -196")
L 10/08/2014 - 07:57:24: "Big Mean Muther Hubbard<9><BOT><Red>" triggered "kill assist" against "trigger_hurt<6><BOT><Blue>" (assister_position "2292 882 -191") (attacker_position "2094 1148 -196") (victim_position "1843 1665 -196")
L 10/08/2014 - 07:57:24: "trigger_hurt<6><BOT><Blue>" changed role to "demoman"
L 10/08/2014 - 07:57:26: Team "Blue" triggered "pointcaptured" (cp "1") (cpname "#Dustbowl_cap_1_B") (numcappers "1") (player1 "Delicious Cake<4><BOT><Blue>") (position1 "2309 2492 -143") 
L 10/08/2014 - 07:57:26: World triggered "Mini_Round_Win" (winner "Blue") (round "round_1")
L 10/08/2014 - 07:57:26: World triggered "Mini_Round_Length" (seconds "305.34")
L 10/08/2014 - 07:57:28: "Delicious Cake<4><BOT><Blue>" triggered "medic_death" against "Big Mean Muther Hubbard<9><BOT><Red>" (healing "609") (ubercharge "0")
L 10/08/2014 - 07:57:28: "Delicious Cake<4><BOT><Blue>" killed "Big Mean Muther Hubbard<9><BOT><Red>" with "tf_projectile_pipe" (attacker_position "1953 2426 -198") (victim_position "1792 1652 -191")
L 10/08/2014 - 07:57:28: "Big Mean Muther Hubbard<9><BOT><Red>" changed role to "scout"
L 10/08/2014 - 07:57:30: "Companion Cube<2><BOT><Blue>" killed "Divide by Zero<7><BOT><Red>" with "scattergun" (attacker_position "1811 1473 -191") (victim_position "2066 1057 -204")
L 10/08/2014 - 07:57:30: "Divide by Zero<7><BOT><Red>" changed role to "medic"
L 10/08/2014 - 07:57:41: World triggered "Round_Setup_Begin"
L 10/08/2014 - 07:57:41: World triggered "Mini_Round_Selected" (round "round_2")
L 10/08/2014 - 07:57:41: World triggered "Mini_Round_Start"
L 10/08/2014 - 07:57:48: "One-Man Cheeseburger Apocalypse<3><BOT><Red>" triggered "player_builtobject" (object "OBJ_TELEPORTER") (position "-2103 -1803 -180")
L 10/08/2014 - 07:57:49: "I LIVE!<5><BOT><Red>" triggered "player_builtobject" (object "OBJ_TELEPORTER") (position "-2041 -1689 -191")
L 10/08/2014 - 07:58:09: "I LIVE!<5><BOT><Red>" triggered "player_builtobject" (object "OBJ_SENTRYGUN") (position "1928 -1105 -120")
L 10/08/2014 - 07:58:09: "Big Mean Muther Hubbard<9><BOT><Red>" stuck (position "2430.58 -1688.00 -127.97") (duration "2.52") L 10/08/2014 - 07:58:09:    path_goal ( "2515.91 -1675.00 -40.20" )
L 10/08/2014 - 07:58:15: "One-Man Cheeseburger Apocalypse<3><BOT><Red>" stuck (position "2429.10 -1694.98 -127.97") (duration "3.36") L 10/08/2014 - 07:58:15:    path_goal ( "2515.91 -1675.00 -40.20" )
L 10/08/2014 - 07:58:15: "One-Man Cheeseburger Apocalypse<3><BOT><Red>" stuck (position "2429.53 -1696.46 -102.66") (duration "3.46") L 10/08/2014 - 07:58:15:    path_goal ( "2515.91 -1675.00 -40.20" )
L 10/08/2014 - 07:58:19: "One-Man Cheeseburger Apocalypse<3><BOT><Red>" stuck (position "2429.55 -1691.44 -127.97") (duration "3.36") L 10/08/2014 - 07:58:19:    path_goal ( "2515.91 -1675.00 -40.20" )
L 10/08/2014 - 07:58:19: "One-Man Cheeseburger Apocalypse<3><BOT><Red>" stuck (position "2428.71 -1698.01 -102.66") (duration "3.46") L 10/08/2014 - 07:58:19:    path_goal ( "2515.91 -1675.00 -40.20" )
L 10/08/2014 - 07:58:25: "One-Man Cheeseburger Apocalypse<3><BOT><Red>" stuck (position "2430.58 -1688.03 -127.97") (duration "3.36") L 10/08/2014 - 07:58:25:    path_goal ( "2515.91 -1675.00 -40.20" )
L 10/08/2014 - 07:58:25: "One-Man Cheeseburger Apocalypse<3><BOT><Red>" stuck (position "2429.55 -1691.84 -102.66") (duration "3.46") L 10/08/2014 - 07:58:25:    path_goal ( "2429.55 -1691.84 -102.66" )
L 10/08/2014 - 07:58:29: "One-Man Cheeseburger Apocalypse<3><BOT><Red>" triggered "player_builtobject" (object "OBJ_SENTRYGUN") (position "1677 -1665 -142")
L 10/08/2014 - 07:58:44: World triggered "Round_Setup_End"
L 10/08/2014 - 07:58:57: "MoreGun<8><BOT><Blue>" triggered "chargedeployed"
L 10/08/2014 - 07:59:01: "Divide by Zero<7><BOT><Red>" triggered "chargedeployed"
L 10/08/2014 - 07:59:02: "Big Mean Muther Hubbard<9><BOT><Red>" killed "trigger_hurt<6><BOT><Blue>" with "pistol_scout" (attacker_position "2136 931 -194") (victim_position "1890 857 -202")
L 10/08/2014 - 07:59:02: "Divide by Zero<7><BOT><Red>" triggered "kill assist" against "trigger_hurt<6><BOT><Blue>" (assister_position "2252 918 -191") (attacker_position "2136 931 -194") (victim_position "1890 857 -202")
L 10/08/2014 - 07:59:11: "I LIVE!<5><BOT><Red>" triggered "medic_death" against "MoreGun<8><BOT><Blue>" (healing "728") (ubercharge "0")
L 10/08/2014 - 07:59:11: "I LIVE!<5><BOT><Red>" killed "MoreGun<8><BOT><Blue>" with "obj_sentrygun3" (attacker_position "1628 -681 -175") (victim_position "2552 -357 -191")
L 10/08/2014 - 07:59:13: "I LIVE!<5><BOT><Red>" killed "Delicious Cake<4><BOT><Blue>" with "obj_sentrygun3" (attacker_position "1452 -597 -191") (victim_position "2517 -214 -191")
L 10/08/2014 - 07:59:13: "Big Mean Muther Hubbard<9><BOT><Red>" triggered "kill assist" against "Delicious Cake<4><BOT><Blue>" (assister_position "2301 -95 -191") (attacker_position "1452 -597 -191") (victim_position "2517 -214 -191")
L 10/08/2014 - 07:59:15: "One-Man Cheeseburger Apocalypse<3><BOT><Red>" triggered "player_builtobject" (object "OBJ_DISPENSER") (position "1680 -1681 -142")
L 10/08/2014 - 07:59:23: "Big Mean Muther Hubbard<9><BOT><Red>" stuck (position "2702.07 -127.13 -191.97") (duration "2.62") L 10/08/2014 - 07:59:23:    path_goal ( "2687.50 -162.50 -191.79" )
L 10/08/2014 - 07:59:23: "Big Mean Muther Hubbard<9><BOT><Red>" stuck (position "2687.59 -139.12 -166.66") (duration "2.73") L 10/08/2014 - 07:59:23:    path_goal ( "2687.50 -162.50 -191.79" )
L 10/08/2014 - 07:59:29: "One-Man Cheeseburger Apocalypse<3><BOT><Red>" triggered "player_builtobject" (object "OBJ_TELEPORTER") (position "1665 -1672 -142")
L 10/08/2014 - 07:59:30: "I LIVE!<5><BOT><Red>" triggered "player_builtobject" (object "OBJ_DISPENSER") (position "1933 -1119 -120")
L 10/08/2014 - 07:59:31: "Big Mean Muther Hubbard<9><BOT><Red>" stuck (position "2679.06 -136.45 -191.95") (duration "2.73") L 10/08/2014 - 07:59:31:    path_goal ( "2687.50 -162.50 -191.79" )
L 10/08/2014 - 07:59:31: "Big Mean Muther Hubbard<9><BOT><Red>" stuck (position "2641.06 -150.05 -166.65") (duration "2.83") L 10/08/2014 - 07:59:31:    path_goal ( "2687.50 -162.50 -191.79" )
L 10/08/2014 - 07:59:43: "trigger_hurt<6><BOT><Blue>" triggered "medic_death" against "Divide by Zero<7><BOT><Red>" (healing "828") (ubercharge "0")
L 10/08/2014 - 07:59:43: "trigger_hurt<6><BOT><Blue>" killed "Divide by Zero<7><BOT><Red>" with "tf_projectile_pipe" (attacker_position "2544 -169 -191") (victim_position "2620 -484 -190")
L 10/08/2014 - 07:59:44: "I LIVE!<5><BOT><Red>" triggered "player_builtobject" (object "OBJ_TELEPORTER") (position "1912 -1084 -120")
L 10/08/2014 - 07:59:46: "I LIVE!<5><BOT><Red>" killed "trigger_hurt<6><BOT><Blue>" with "obj_sentrygun3" (attacker_position "1886 -1092 -118") (victim_position "2571 -156 -191")
L 10/08/2014 - 07:59:46: "Big Mean Muther Hubbard<9><BOT><Red>" triggered "kill assist" against "trigger_hurt<6><BOT><Blue>" (assister_position "2228 6 -200") (attacker_position "1886 -1092 -118") (victim_position "2571 -156 -191")
L 10/08/2014 - 07:59:46: "trigger_hurt<6><BOT><Blue>" triggered "killedobject" (object "OBJ_TELEPORTER") (weapon "tf_projectile_pipe") (objectowner "I LIVE!<5><BOT><Red>") (attacker_position "2571 -156 -157")
L 10/08/2014 - 07:59:48: "Companion Cube<2><BOT><Blue>" stuck (position "2808.92 -53.57 -192.54") (duration "2.52") L 10/08/2014 - 07:59:48:    path_goal ( "2625.00 -175.00 -192.58" )
L 10/08/2014 - 07:59:48: "Companion Cube<2><BOT><Blue>" stuck (position "2769.55 -52.49 -167.23") (duration "2.62") L 10/08/2014 - 07:59:48:    path_goal ( "2625.00 -175.00 -192.58" )
L 10/08/2014 - 07:59:50: "I LIVE!<5><BOT><Red>" killed "Delicious Cake<4><BOT><Blue>" with "obj_sentrygun3" (attacker_position "1708 -1606 -129") (victim_position "2542 -189 -191")
L 10/08/2014 - 07:59:54: "I LIVE!<5><BOT><Red>" stuck (position "1649.41 -1720.94 -142.93") (duration "3.36") L 10/08/2014 - 07:59:54:    path_goal ( "1682.70 -1753.15 -140.41" )
L 10/08/2014 - 07:59:54: "I LIVE!<5><BOT><Red>" stuck (position "1661.76 -1730.27 -117.62") (duration "3.47") L 10/08/2014 - 07:59:54:    path_goal ( "NULL" )
L 10/08/2014 - 07:59:55: "I LIVE!<5><BOT><Red>" stuck (position "1667.70 -1679.61 -142.97") (duration "4.52") L 10/08/2014 - 07:59:55:    path_goal ( "1673.75 -1525.00 -127.95" )
L 10/08/2014 - 08:00:13: "Companion Cube<2><BOT><Blue>" killed "Big Mean Muther Hubbard<9><BOT><Red>" with "pistol_scout" (attacker_position "2570 307 -330") (victim_position "2401 317 -328")
L 10/08/2014 - 08:00:13: "MoreGun<8><BOT><Blue>" triggered "kill assist" against "Big Mean Muther Hubbard<9><BOT><Red>" (assister_position "2732 103 -247") (attacker_position "2570 307 -330") (victim_position "2401 317 -328")
L 10/08/2014 - 08:00:13: "Big Mean Muther Hubbard<9><BOT><Red>" changed role to "heavyweapons"
L 10/08/2014 - 08:00:20: "I LIVE!<5><BOT><Red>" killed "Delicious Cake<4><BOT><Blue>" with "obj_sentrygun3" (attacker_position "1685 -553 -191") (victim_position "2552 -175 -191")
L 10/08/2014 - 08:00:26: "trigger_hurt<6><BOT><Blue>" killed "I LIVE!<5><BOT><Red>" with "tf_projectile_pipe" (attacker_position "1951 227 -296") (victim_position "1907 -1068 -120")
L 10/08/2014 - 08:00:26: "MoreGun<8><BOT><Blue>" triggered "kill assist" against "I LIVE!<5><BOT><Red>" (assister_position "2052 194 -283") (attacker_position "1951 227 -296") (victim_position "1907 -1068 -120")
L 10/08/2014 - 08:00:30: "I LIVE!<5><BOT><Red>" killed "Companion Cube<2><BOT><Blue>" with "obj_sentrygun3" (attacker_position "1907 -1068 -32") (victim_position "2616 -262 -190")
L 10/08/2014 - 08:00:33: "trigger_hurt<6><BOT><Blue>" triggered "killedobject" (object "OBJ_SENTRYGUN") (weapon "tf_projectile_pipe_remote") (objectowner "I LIVE!<5><BOT><Red>") (attacker_position "1951 227 -296")
L 10/08/2014 - 08:00:33: "MoreGun<8><BOT><Blue>" triggered "killedobject" (object "OBJ_SENTRYGUN") (objectowner "I LIVE!<5><BOT><Red>") (assist "1") (assister_position "2129 217 -296") (attacker_position "1951 227 -296")
L 10/08/2014 - 08:00:45: "trigger_hurt<6><BOT><Blue>" stuck (position "1432.03 849.37 -121.35") (duration "3.59") L 10/08/2014 - 08:00:45:    path_goal ( "-550.00 2175.00 -415.22" )
L 10/08/2014 - 08:00:53: "One-Man Cheeseburger Apocalypse<3><BOT><Red>" killed "Delicious Cake<4><BOT><Blue>" with "obj_sentrygun3" (attacker_position "1651 -1651 -142") (victim_position "1920 -722 -165")
L 10/08/2014 - 08:00:54: "trigger_hurt<6><BOT><Blue>" triggered "killedobject" (object "OBJ_DISPENSER") (weapon "tf_projectile_pipe") (objectowner "I LIVE!<5><BOT><Red>") (attacker_position "2175 -455 -206")
L 10/08/2014 - 08:00:54: "MoreGun<8><BOT><Blue>" triggered "killedobject" (object "OBJ_DISPENSER") (objectowner "I LIVE!<5><BOT><Red>") (assist "1") (assister_position "2292 -410 -191") (attacker_position "2175 -455 -206")
L 10/08/2014 - 08:01:03: "Companion Cube<2><BOT><Blue>" stuck (position "1432.03 845.84 -121.35") (duration "2.52") L 10/08/2014 - 08:01:03:    path_goal ( "-1725.00 2900.00 -255.97" )
L 10/08/2014 - 08:01:03: "MoreGun<8><BOT><Blue>" triggered "chargedeployed"
L 10/08/2014 - 08:01:03: "I LIVE!<5><BOT><Red>" triggered "player_builtobject" (object "OBJ_SENTRYGUN") (position "1729 -1643 -129")
L 10/08/2014 - 08:01:08: "Companion Cube<2><BOT><Blue>" stuck (position "1541.65 852.00 -145.78") (duration "2.52") L 10/08/2014 - 08:01:08:    path_goal ( "1512.50 1362.50 0.02" )
L 10/08/2014 - 08:01:22: "trigger_hurt<6><BOT><Blue>" triggered "killedobject" (object "OBJ_TELEPORTER") (weapon "tf_projectile_pipe_remote") (objectowner "One-Man Cheeseburger Apocalypse<3><BOT><Red>") (attacker_position "2711 -1058 -47")
L 10/08/2014 - 08:01:22: "MoreGun<8><BOT><Blue>" triggered "killedobject" (object "OBJ_TELEPORTER") (objectowner "One-Man Cheeseburger Apocalypse<3><BOT><Red>") (assist "1") (assister_position "2663 -960 -103") (attacker_position "2711 -1058 -47")
L 10/08/2014 - 08:01:22: "trigger_hurt<6><BOT><Blue>" killed "One-Man Cheeseburger Apocalypse<3><BOT><Red>" with "tf_projectile_pipe_remote" (attacker_position "2711 -1058 -47") (victim_position "1656 -1665 -142")
L 10/08/2014 - 08:01:22: "MoreGun<8><BOT><Blue>" triggered "kill assist" against "One-Man Cheeseburger Apocalypse<3><BOT><Red>" (assister_position "2663 -960 -103") (attacker_position "2711 -1058 -47") (victim_position "1656 -1665 -142")
L 10/08/2014 - 08:01:27: "Companion Cube<2><BOT><Blue>" stuck (position "2680.90 -964.17 -70.06") (duration "2.52") L 10/08/2014 - 08:01:27:    path_goal ( "2680.90 -925.00 -108.82" )
L 10/08/2014 - 08:01:27: "Companion Cube<2><BOT><Blue>" stuck (position "2681.65 -926.26 -44.76") (duration "2.62") L 10/08/2014 - 08:01:27:    path_goal ( "2680.90 -925.00 -108.82" )
L 10/08/2014 - 08:01:28: "trigger_hurt<6><BOT><Blue>" triggered "killedobject" (object "OBJ_DISPENSER") (weapon "tf_projectile_pipe_remote") (objectowner "One-Man Cheeseburger Apocalypse<3><BOT><Red>") (attacker_position "2711 -1059 -47")
L 10/08/2014 - 08:01:28: "trigger_hurt<6><BOT><Blue>" triggered "killedobject" (object "OBJ_SENTRYGUN") (weapon "tf_projectile_pipe_remote") (objectowner "One-Man Cheeseburger Apocalypse<3><BOT><Red>") (attacker_position "2711 -1059 -47")
L 10/08/2014 - 08:01:28: "trigger_hurt<6><BOT><Blue>" killed "I LIVE!<5><BOT><Red>" with "tf_projectile_pipe_remote" (attacker_position "2711 -1059 -47") (victim_position "1624 -1591 -132")
L 10/08/2014 - 08:01:28: "Delicious Cake<4><BOT><Blue>" triggered "kill assist" against "I LIVE!<5><BOT><Red>" (assister_position "1754 -745 -159") (attacker_position "2711 -1059 -47") (victim_position "1624 -1591 -132")
L 10/08/2014 - 08:01:28: "I LIVE!<5><BOT><Red>" killed "Delicious Cake<4><BOT><Blue>" with "obj_sentrygun2" (attacker_position "1624 -1591 -44") (victim_position "1780 -719 -166")
L 10/08/2014 - 08:01:32: "I LIVE!<5><BOT><Red>" killed "trigger_hurt<6><BOT><Blue>" with "obj_sentrygun2" (attacker_position "1624 -1591 -44") (victim_position "2401 -1170 -1")
L 10/08/2014 - 08:01:33: "trigger_hurt<6><BOT><Blue>" triggered "killedobject" (object "OBJ_SENTRYGUN") (weapon "tf_projectile_pipe") (objectowner "I LIVE!<5><BOT><Red>") (attacker_position "2401 -1170 66")
L 10/08/2014 - 08:01:50: "Big Mean Muther Hubbard<9><BOT><Red>" stuck (position "2428.31 -1688.31 -127.97") (duration "4.41") L 10/08/2014 - 08:01:50:    path_goal ( "2515.91 -1675.00 -40.20" )
L 10/08/2014 - 08:01:50: "Companion Cube<2><BOT><Blue>" stuck (position "2711.97 -999.97 -69.01") (duration "2.52") L 10/08/2014 - 08:01:50:    path_goal ( "2712.50 -1050.00 -47.97" )
L 10/08/2014 - 08:01:56: "Divide by Zero<7><BOT><Red>" stuck (position "2429.01 -1714.65 -127.97") (duration "3.15") L 10/08/2014 - 08:01:56:    path_goal ( "2434.09 -1675.00 -149.16" )
L 10/08/2014 - 08:01:56: "Divide by Zero<7><BOT><Red>" stuck (position "2421.46 -1729.12 -102.66") (duration "3.26") L 10/08/2014 - 08:01:56:    path_goal ( "2434.09 -1675.00 -149.16" )
L 10/08/2014 - 08:01:59: "One-Man Cheeseburger Apocalypse<3><BOT><Red>" triggered "player_builtobject" (object "OBJ_SENTRYGUN") (position "2140 -2055 -126")
L 10/08/2014 - 08:02:00: "Big Mean Muther Hubbard<9><BOT><Red>" triggered "medic_death" against "MoreGun<8><BOT><Blue>" (healing "1125") (ubercharge "0")
L 10/08/2014 - 08:02:00: "Big Mean Muther Hubbard<9><BOT><Red>" killed "MoreGun<8><BOT><Blue>" with "minigun" (attacker_position "2308 -1551 7") (victim_position "2372 -1125 14")
L 10/08/2014 - 08:02:01: "Divide by Zero<7><BOT><Red>" stuck (position "2429.25 -1705.90 -127.97") (duration "3.15") L 10/08/2014 - 08:02:01:    path_goal ( "2434.09 -1675.00 -149.16" )
L 10/08/2014 - 08:02:01: "Divide by Zero<7><BOT><Red>" stuck (position "2429.25 -1700.85 -102.66") (duration "3.25") L 10/08/2014 - 08:02:01:    path_goal ( "2434.09 -1675.00 -149.16" )
L 10/08/2014 - 08:02:05: "Divide by Zero<7><BOT><Red>" stuck (position "2430.58 -1688.03 -127.97") (duration "3.15") L 10/08/2014 - 08:02:05:    path_goal ( "2515.91 -1675.00 -40.20" )
L 10/08/2014 - 08:02:05: "Divide by Zero<7><BOT><Red>" stuck (position "2430.58 -1688.00 -102.66") (duration "3.26") L 10/08/2014 - 08:02:05:    path_goal ( "2515.91 -1675.00 -40.20" )
L 10/08/2014 - 08:02:07: "I LIVE!<5><BOT><Red>" triggered "player_builtobject" (object "OBJ_SENTRYGUN") (position "1802 -502 6")
L 10/08/2014 - 08:02:11: "Divide by Zero<7><BOT><Red>" triggered "chargedeployed"
L 10/08/2014 - 08:02:14: "Big Mean Muther Hubbard<9><BOT><Red>" killed "Companion Cube<2><BOT><Blue>" with "minigun" (attacker_position "2372 -1543 7") (victim_position "2409 -1178 -127")
L 10/08/2014 - 08:02:14: "Divide by Zero<7><BOT><Red>" triggered "kill assist" against "Companion Cube<2><BOT><Blue>" (assister_position "2404 -1589 7") (attacker_position "2372 -1543 7") (victim_position "2409 -1178 -127")
L 10/08/2014 - 08:02:34: "I LIVE!<5><BOT><Red>" triggered "medic_death" against "MoreGun<8><BOT><Blue>" (healing "0") (ubercharge "0")
L 10/08/2014 - 08:02:34: "I LIVE!<5><BOT><Red>" killed "MoreGun<8><BOT><Blue>" with "obj_sentrygun" (attacker_position "1631 -828 -138") (victim_position "2151 -769 -168")
L 10/08/2014 - 08:02:41: "I LIVE!<5><BOT><Red>" killed "Delicious Cake<4><BOT><Blue>" with "obj_sentrygun2" (attacker_position "1858 -504 5") (victim_position "2407 -1356 -81")
L 10/08/2014 - 08:02:41: "One-Man Cheeseburger Apocalypse<3><BOT><Red>" triggered "kill assist" against "Delicious Cake<4><BOT><Blue>" (assister_position "1539 -1903 -127") (attacker_position "1858 -504 5") (victim_position "2407 -1356 -81")
L 10/08/2014 - 08:02:45: "I LIVE!<5><BOT><Red>" killed "Companion Cube<2><BOT><Blue>" with "obj_sentrygun2" (attacker_position "1986 -766 -161") (victim_position "2694 -87 -191")
L 10/08/2014 - 08:02:58: "One-Man Cheeseburger Apocalypse<3><BOT><Red>" triggered "player_builtobject" (object "OBJ_DISPENSER") (position "2130 -2069 -125")
L 10/08/2014 - 08:03:05: "I LIVE!<5><BOT><Red>" triggered "player_builtobject" (object "OBJ_DISPENSER") (position "1829 -520 2")
L 10/08/2014 - 08:03:11: "I LIVE!<5><BOT><Red>" triggered "player_builtobject" (object "OBJ_TELEPORTER") (position "1855 -511 4")
L 10/08/2014 - 08:03:18: "I LIVE!<5><BOT><Red>" killed "Companion Cube<2><BOT><Blue>" with "obj_sentrygun3" (attacker_position "1742 -704 -169") (victim_position "2599 -171 -192")
L 10/08/2014 - 08:03:18: "I LIVE!<5><BOT><Red>" triggered "domination" against "Companion Cube<2><BOT><Blue>"
L 10/08/2014 - 08:03:37: "I LIVE!<5><BOT><Red>" killed "trigger_hurt<6><BOT><Blue>" with "obj_sentrygun3" (attacker_position "1818 -528 1") (victim_position "2277 384 -323")
L 10/08/2014 - 08:03:42: "I LIVE!<5><BOT><Red>" killed "Companion Cube<2><BOT><Blue>" with "obj_sentrygun3" (attacker_position "1630 -550 -2") (victim_position "2635 -152 -191")
L 10/08/2014 - 08:03:53: "One-Man Cheeseburger Apocalypse<3><BOT><Red>" triggered "player_builtobject" (object "OBJ_TELEPORTER") (position "2094 -2053 -127")
L 10/08/2014 - 08:04:13: "MoreGun<8><BOT><Blue>" triggered "chargedeployed"
L 10/08/2014 - 08:04:17: "I LIVE!<5><BOT><Red>" killed "Companion Cube<2><BOT><Blue>" with "obj_sentrygun3" (attacker_position "1829 -505 5") (victim_position "2840 -75 -189")
L 10/08/2014 - 08:04:34: "I LIVE!<5><BOT><Red>" triggered "medic_death" against "MoreGun<8><BOT><Blue>" (healing "1102") (ubercharge "0")
L 10/08/2014 - 08:04:34: "I LIVE!<5><BOT><Red>" killed "MoreGun<8><BOT><Blue>" with "obj_sentrygun3" (attacker_position "1829 -505 5") (victim_position "2206 407 -310")
L 10/08/2014 - 08:04:37: "I LIVE!<5><BOT><Red>" killed "Delicious Cake<4><BOT><Blue>" with "obj_sentrygun3" (attacker_position "1829 -505 5") (victim_position "2219 347 -333")
L 10/08/2014 - 08:04:43: "I LIVE!<5><BOT><Red>" killed "Companion Cube<2><BOT><Blue>" with "obj_sentrygun3" (attacker_position "1829 -505 5") (victim_position "1953 369 -322")
L 10/08/2014 - 08:05:11: "I LIVE!<5><BOT><Red>" killed "trigger_hurt<6><BOT><Blue>" with "obj_sentrygun3" (attacker_position "1829 -505 5") (victim_position "2679 -72 -191")
L 10/08/2014 - 08:05:19: "I LIVE!<5><BOT><Red>" killed "Companion Cube<2><BOT><Blue>" with "obj_sentrygun3" (attacker_position "1829 -505 5") (victim_position "2635 -163 -191")
L 10/08/2014 - 08:05:30: "I LIVE!<5><BOT><Red>" killed "Delicious Cake<4><BOT><Blue>" with "obj_sentrygun3" (attacker_position "1829 -505 5") (victim_position "2243 375 -326")
L 10/08/2014 - 08:05:30: "I LIVE!<5><BOT><Red>" triggered "domination" against "Delicious Cake<4><BOT><Blue>"
L 10/08/2014 - 08:05:40: "I LIVE!<5><BOT><Red>" triggered "medic_death" against "MoreGun<8><BOT><Blue>" (healing "785") (ubercharge "0")
L 10/08/2014 - 08:05:40: "I LIVE!<5><BOT><Red>" killed "MoreGun<8><BOT><Blue>" with "obj_sentrygun3" (attacker_position "1829 -505 5") (victim_position "2693 -70 -191")
L 10/08/2014 - 08:05:48: "Companion Cube<2><BOT><Blue>" stuck (position "2348.02 460.17 -318.16") (duration "2.52") L 10/08/2014 - 08:05:48:    path_goal ( "NULL" )
L 10/08/2014 - 08:05:48: "Companion Cube<2><BOT><Blue>" stuck (position "2348.02 471.97 -292.85") (duration "2.62") L 10/08/2014 - 08:05:48:    path_goal ( "2325.60 461.51 -321.06" )
L 10/08/2014 - 08:05:49: "Companion Cube<2><BOT><Blue>" stuck (position "2348.03 471.97 -318.16") (duration "3.68") L 10/08/2014 - 08:05:49:    path_goal ( "NULL" )
L 10/08/2014 - 08:05:50: "Companion Cube<2><BOT><Blue>" stuck (position "2348.55 430.75 -318.26") (duration "4.73") L 10/08/2014 - 08:05:50:    path_goal ( "2325.60 461.51 -321.06" )
L 10/08/2014 - 08:05:51: "Companion Cube<2><BOT><Blue>" stuck (position "2355.31 450.99 -319.63") (duration "5.78") L 10/08/2014 - 08:05:51:    path_goal ( "2325.60 461.51 -321.06" )
L 10/08/2014 - 08:05:52: "Companion Cube<2><BOT><Blue>" stuck (position "2355.08 443.79 -319.58") (duration "6.83") L 10/08/2014 - 08:05:52:    path_goal ( "2325.60 461.51 -321.06" )
L 10/08/2014 - 08:05:53: "Companion Cube<2><BOT><Blue>" stuck (position "2348.03 432.42 -318.16") (duration "7.88") L 10/08/2014 - 08:05:53:    path_goal ( "2325.60 461.51 -321.06" )
L 10/08/2014 - 08:05:54: "Companion Cube<2><BOT><Blue>" stuck (position "2355.31 450.99 -319.63") (duration "8.93") L 10/08/2014 - 08:05:54:    path_goal ( "2325.60 461.51 -321.06" )
L 10/08/2014 - 08:05:55: "Companion Cube<2><BOT><Blue>" stuck (position "2354.88 444.04 -319.54") (duration "9.98") L 10/08/2014 - 08:05:55:    path_goal ( "2325.60 461.51 -321.06" )
L 10/08/2014 - 08:05:56: "Companion Cube<2><BOT><Blue>" stuck (position "2348.03 445.80 -318.16") (duration "11.03") L 10/08/2014 - 08:05:56:    path_goal ( "2325.60 461.51 -321.06" )
L 10/08/2014 - 08:05:57: "Companion Cube<2><BOT><Blue>" stuck (position "2348.03 471.97 -318.16") (duration "12.08") L 10/08/2014 - 08:05:57:    path_goal ( "2325.60 461.51 -321.06" )
L 10/08/2014 - 08:06:13: "I LIVE!<5><BOT><Red>" killed "Delicious Cake<4><BOT><Blue>" with "obj_sentrygun3" (attacker_position "1828 -506 5") (victim_position "2251 55 -202")
L 10/08/2014 - 08:06:15: "I LIVE!<5><BOT><Red>" triggered "medic_death" against "MoreGun<8><BOT><Blue>" (healing "237") (ubercharge "0")
L 10/08/2014 - 08:06:15: "I LIVE!<5><BOT><Red>" killed "MoreGun<8><BOT><Blue>" with "obj_sentrygun3" (attacker_position "1828 -506 5") (victim_position "2699 -568 -185")
L 10/08/2014 - 08:06:15: "I LIVE!<5><BOT><Red>" triggered "domination" against "MoreGun<8><BOT><Blue>"
L 10/08/2014 - 08:06:15: "I LIVE!<5><BOT><Red>" killed "Companion Cube<2><BOT><Blue>" with "obj_sentrygun3" (attacker_position "1828 -506 5") (victim_position "2809 -75 -191")
L 10/08/2014 - 08:06:19: "One-Man Cheeseburger Apocalypse<3><BOT><Red>" killed "trigger_hurt<6><BOT><Blue>" with "obj_sentrygun3" (attacker_position "2149 -2087 -110") (victim_position "2631 -1463 0")
L 10/08/2014 - 08:06:41: "Delicious Cake<4><BOT><Blue>" triggered "killedobject" (object "OBJ_TELEPORTER") (weapon "tf_projectile_pipe") (objectowner "I LIVE!<5><BOT><Red>") (attacker_position "2687 -508 -190")
L 10/08/2014 - 08:06:42: "I LIVE!<5><BOT><Red>" killed "Delicious Cake<4><BOT><Blue>" with "obj_sentrygun3" (attacker_position "1828 -506 5") (victim_position "2687 -647 -180")
L 10/08/2014 - 08:06:43: "I LIVE!<5><BOT><Red>" triggered "medic_death" against "MoreGun<8><BOT><Blue>" (healing "112") (ubercharge "0")
L 10/08/2014 - 08:06:43: "I LIVE!<5><BOT><Red>" killed "MoreGun<8><BOT><Blue>" with "obj_sentrygun3" (attacker_position "1828 -506 5") (victim_position "2507 -206 -191")
L 10/08/2014 - 08:06:46: "I LIVE!<5><BOT><Red>" killed "Companion Cube<2><BOT><Blue>" with "obj_sentrygun3" (attacker_position "1828 -506 5") (victim_position "2004 83 -223")
L 10/08/2014 - 08:06:47: "I LIVE!<5><BOT><Red>" killed "trigger_hurt<6><BOT><Blue>" with "obj_sentrygun3" (attacker_position "1828 -506 5") (victim_position "1957 113 -230")
L 10/08/2014 - 08:06:47: "I LIVE!<5><BOT><Red>" triggered "domination" against "trigger_hurt<6><BOT><Blue>"
L 10/08/2014 - 08:07:10: "Delicious Cake<4><BOT><Blue>" triggered "killedobject" (object "OBJ_SENTRYGUN") (weapon "tf_projectile_pipe") (objectowner "I LIVE!<5><BOT><Red>") (attacker_position "2699 -635 -178")
L 10/08/2014 - 08:07:19: "Delicious Cake<4><BOT><Blue>" killed "I LIVE!<5><BOT><Red>" with "tf_projectile_pipe" (attacker_position "2423 -1233 -127") (victim_position "2407 -1185 -127")
L 10/08/2014 - 08:07:19: "Delicious Cake<4><BOT><Blue>" triggered "revenge" against "I LIVE!<5><BOT><Red>"
L 10/08/2014 - 08:07:19: "I LIVE!<5><BOT><Red>" killed "Delicious Cake<4><BOT><Blue>" with "world" (attacker_position "2407 -1185 -127") (victim_position "2423 -1233 -127")
L 10/08/2014 - 08:07:19: "Delicious Cake<4><BOT><Blue>" changed role to "soldier"
L 10/08/2014 - 08:07:19: "I LIVE!<5><BOT><Red>" changed role to "demoman"
L 10/08/2014 - 08:07:19: "Companion Cube<2><BOT><Blue>" stuck (position "2711.87 -957.30 -103.97") (duration "2.54") L 10/08/2014 - 08:07:19:    path_goal ( "2697.38 -1000.28 -69.34" )
L 10/08/2014 - 08:07:22: "trigger_hurt<6><BOT><Blue>" stuck (position "2708.71 -1018.50 -0.61") (duration "3.59") L 10/08/2014 - 08:07:22:    path_goal ( "2675.00 -1050.00 -29.97" )
L 10/08/2014 - 08:07:31: "Big Mean Muther Hubbard<9><BOT><Red>" killed "trigger_hurt<6><BOT><Blue>" with "minigun" (attacker_position "2216 -2037 -126") (victim_position "2310 -1427 -11")
L 10/08/2014 - 08:07:31: "Divide by Zero<7><BOT><Red>" triggered "kill assist" against "trigger_hurt<6><BOT><Blue>" (assister_position "2199 -2070 -110") (attacker_position "2216 -2037 -126") (victim_position "2310 -1427 -11")
L 10/08/2014 - 08:07:31: "Big Mean Muther Hubbard<9><BOT><Red>" triggered "domination" against "trigger_hurt<6><BOT><Blue>"
L 10/08/2014 - 08:07:34: "Companion Cube<2><BOT><Blue>" stuck (position "2331.04 -1431.97 -118.29") (duration "2.52") L 10/08/2014 - 08:07:34:    path_goal ( "2370.16 -1428.65 -63.97" )
L 10/08/2014 - 08:07:39: Team "Blue" triggered "pointcaptured" (cp "2") (cpname "#Dustbowl_cap_2_A") (numcappers "1") (player1 "Companion Cube<2><BOT><Blue>") (position1 "2292 -1496 7") 
L 10/08/2014 - 08:07:39: "One-Man Cheeseburger Apocalypse<3><BOT><Red>" killed "Companion Cube<2><BOT><Blue>" with "obj_sentrygun3" (attacker_position "2180 -2044 -110") (victim_position "2412 -1492 4")
L 10/08/2014 - 08:07:40: "Big Mean Muther Hubbard<9><BOT><Red>" triggered "medic_death" against "MoreGun<8><BOT><Blue>" (healing "467") (ubercharge "0")
L 10/08/2014 - 08:07:40: "Big Mean Muther Hubbard<9><BOT><Red>" killed "MoreGun<8><BOT><Blue>" with "minigun" (attacker_position "2047 -1472 -142") (victim_position "2402 -1295 -127")
L 10/08/2014 - 08:07:40: "Divide by Zero<7><BOT><Red>" triggered "kill assist" against "MoreGun<8><BOT><Blue>" (assister_position "1989 -1515 -135") (attacker_position "2047 -1472 -142") (victim_position "2402 -1295 -127")
L 10/08/2014 - 08:08:00: "Delicious Cake<4><BOT><Blue>" stuck (position "2204.06 1559.99 -223.97") (duration "4.20") L 10/08/2014 - 08:08:00:    path_goal ( "2150.00 1775.00 -197.87" )
L 10/08/2014 - 08:08:15: "trigger_hurt<6><BOT><Blue>" triggered "killedobject" (object "OBJ_TELEPORTER") (weapon "tf_projectile_pipe_remote") (objectowner "One-Man Cheeseburger Apocalypse<3><BOT><Red>") (attacker_position "2653 -1100 0")
L 10/08/2014 - 08:08:15: "trigger_hurt<6><BOT><Blue>" killed "One-Man Cheeseburger Apocalypse<3><BOT><Red>" with "tf_projectile_pipe_remote" (attacker_position "2653 -1100 0") (victim_position "2161 -2073 -110")
L 10/08/2014 - 08:08:15: "trigger_hurt<6><BOT><Blue>" triggered "killedobject" (object "OBJ_DISPENSER") (weapon "tf_projectile_pipe_remote") (objectowner "One-Man Cheeseburger Apocalypse<3><BOT><Red>") (attacker_position "2653 -1100 0")
L 10/08/2014 - 08:08:15: "trigger_hurt<6><BOT><Blue>" triggered "killedobject" (object "OBJ_SENTRYGUN") (weapon "tf_projectile_pipe_remote") (objectowner "One-Man Cheeseburger Apocalypse<3><BOT><Red>") (attacker_position "2653 -1100 0")
L 10/08/2014 - 08:08:25: "Delicious Cake<4><BOT><Blue>" stuck (position "1531.40 851.99 -141.81") (duration "4.72") L 10/08/2014 - 08:08:25:    path_goal ( "1512.50 1362.50 0.02" )
L 10/08/2014 - 08:08:30: "trigger_hurt<6><BOT><Blue>" triggered "medic_death" against "Divide by Zero<7><BOT><Red>" (healing "3131") (ubercharge "1")
L 10/08/2014 - 08:08:30: "trigger_hurt<6><BOT><Blue>" killed "Divide by Zero<7><BOT><Red>" with "tf_projectile_pipe" (attacker_position "2036 -1646 -143") (victim_position "2357 -1943 -127")
L 10/08/2014 - 08:08:30: "Companion Cube<2><BOT><Blue>" triggered "kill assist" against "Divide by Zero<7><BOT><Red>" (assister_position "2514 -1050 -127") (attacker_position "2036 -1646 -143") (victim_position "2357 -1943 -127")
L 10/08/2014 - 08:08:34: "Delicious Cake<4><BOT><Blue>" stuck (position "1494.12 851.97 -133.50") (duration "5.25") L 10/08/2014 - 08:08:34:    path_goal ( "1512.50 1362.50 0.02" )
L 10/08/2014 - 08:08:37: "Big Mean Muther Hubbard<9><BOT><Red>" stuck (position "2420.76 -1870.41 -127.13") (duration "4.41") L 10/08/2014 - 08:08:37:    path_goal ( "NULL" )
L 10/08/2014 - 08:08:37: "Big Mean Muther Hubbard<9><BOT><Red>" stuck (position "2418.78 -1872.75 -101.82") (duration "4.52") L 10/08/2014 - 08:08:37:    path_goal ( "2400.00 -1875.00 -127.97" )
L 10/08/2014 - 08:08:38: "Big Mean Muther Hubbard<9><BOT><Red>" stuck (position "2374.21 -1867.34 -127.97") (duration "5.57") L 10/08/2014 - 08:08:38:    path_goal ( "2100.00 -2000.00 -127.97" )
L 10/08/2014 - 08:08:39: "Big Mean Muther Hubbard<9><BOT><Red>" stuck (position "2156.21 -1877.60 -130.86") (duration "0.10") L 10/08/2014 - 08:08:39:    path_goal ( "2125.00 -2000.00 -127.97" )
L 10/08/2014 - 08:08:40: "Big Mean Muther Hubbard<9><BOT><Red>" stuck (position "2152.73 -1901.63 -127.97") (duration "1.15") L 10/08/2014 - 08:08:40:    path_goal ( "2125.00 -2000.00 -127.97" )
L 10/08/2014 - 08:08:41: "Big Mean Muther Hubbard<9><BOT><Red>" stuck (position "2168.75 -1919.28 -127.97") (duration "2.21") L 10/08/2014 - 08:08:41:    path_goal ( "1975.00 -2150.00 -127.50" )
L 10/08/2014 - 08:08:44: "One-Man Cheeseburger Apocalypse<3><BOT><Red>" triggered "player_builtobject" (object "OBJ_SENTRYGUN") (position "-469 -1898 -159")
L 10/08/2014 - 08:08:49: "Delicious Cake<4><BOT><Blue>" stuck (position "1432.03 845.34 -121.35") (duration "4.20") L 10/08/2014 - 08:08:49:    path_goal ( "-550.00 2175.00 -415.22" )
L 10/08/2014 - 08:08:51: "MoreGun<8><BOT><Blue>" stuck (position "1460.23 769.59 -123.88") (duration "3.15") L 10/08/2014 - 08:08:51:    path_goal ( "1389.05 853.04 0.00" )
L 10/08/2014 - 08:08:51: "MoreGun<8><BOT><Blue>" stuck (position "1432.03 760.36 -98.06") (duration "3.26") L 10/08/2014 - 08:08:51:    path_goal ( "1389.05 853.04 0.00" )
L 10/08/2014 - 08:08:51: "Divide by Zero<7><BOT><Red>" stuck (position "-1909.54 -2120.26 -159.97") (duration "3.15") L 10/08/2014 - 08:08:51:    path_goal ( "NULL" )
L 10/08/2014 - 08:08:51: "Divide by Zero<7><BOT><Red>" stuck (position "-1908.73 -2138.96 -134.66") (duration "3.26") L 10/08/2014 - 08:08:51:    path_goal ( "NULL" )
L 10/08/2014 - 08:08:53: "MoreGun<8><BOT><Blue>" stuck (position "1470.37 751.75 -122.92") (duration "0.10") L 10/08/2014 - 08:08:53:    path_goal ( "1475.00 750.00 -130.41" )
L 10/08/2014 - 08:08:54: "MoreGun<8><BOT><Blue>" stuck (position "1541.81 753.78 -137.33") (duration "1.15") L 10/08/2014 - 08:08:54:    path_goal ( "1825.00 754.43 -198.07" )
L 10/08/2014 - 08:08:55: "Divide by Zero<7><BOT><Red>" stuck (position "-1885.53 -2130.06 -159.97") (duration "3.15") L 10/08/2014 - 08:08:55:    path_goal ( "NULL" )
L 10/08/2014 - 08:08:55: "Divide by Zero<7><BOT><Red>" stuck (position "-1904.37 -2135.67 -134.66") (duration "3.26") L 10/08/2014 - 08:08:55:    path_goal ( "NULL" )
L 10/08/2014 - 08:08:56: "Divide by Zero<7><BOT><Red>" stuck (position "-1913.96 -2141.33 -159.97") (duration "4.30") L 10/08/2014 - 08:08:56:    path_goal ( "NULL" )
L 10/08/2014 - 08:08:57: "Divide by Zero<7><BOT><Red>" stuck (position "-1880.47 -2121.50 -159.97") (duration "5.35") L 10/08/2014 - 08:08:57:    path_goal ( "NULL" )
L 10/08/2014 - 08:08:58: "Divide by Zero<7><BOT><Red>" stuck (position "-1894.50 -2120.28 -159.97") (duration "6.40") L 10/08/2014 - 08:08:58:    path_goal ( "-1987.50 -2000.00 -159.97" )
L 10/08/2014 - 08:09:00: "I LIVE!<5><BOT><Red>" killed "trigger_hurt<6><BOT><Blue>" with "tf_projectile_pipe_remote" (attacker_position "-1457 -2605 -123") (victim_position "-782 -2477 -125")
L 10/08/2014 - 08:09:00: "trigger_hurt<6><BOT><Blue>" changed role to "soldier"
L 10/08/2014 - 08:09:11: "Big Mean Muther Hubbard<9><BOT><Red>" stuck (position "-333.40 -2174.31 -126.66") (duration "4.41") L 10/08/2014 - 08:09:11:    path_goal ( "-350.00 -2275.00 -128.05" )
L 10/08/2014 - 08:09:11: "Big Mean Muther Hubbard<9><BOT><Red>" stuck (position "-330.33 -2174.32 -101.36") (duration "4.52") L 10/08/2014 - 08:09:11:    path_goal ( "NULL" )
L 10/08/2014 - 08:09:21: "Delicious Cake<4><BOT><Blue>" killed "One-Man Cheeseburger Apocalypse<3><BOT><Red>" with "tf_projectile_rocket" (attacker_position "33 -2558 -119") (victim_position "-341 -2251 -123")
L 10/08/2014 - 08:09:21: "MoreGun<8><BOT><Blue>" triggered "kill assist" against "One-Man Cheeseburger Apocalypse<3><BOT><Red>" (assister_position "2 -2705 -126") (attacker_position "33 -2558 -119") (victim_position "-341 -2251 -123")
L 10/08/2014 - 08:10:00: "trigger_hurt<6><BOT><Blue>" killed "I LIVE!<5><BOT><Red>" with "tf_projectile_rocket" (attacker_position "-973 -2383 -128") (victim_position "-1454 -2591 -123")
L 10/08/2014 - 08:10:00: "trigger_hurt<6><BOT><Blue>" triggered "revenge" against "I LIVE!<5><BOT><Red>"
L 10/08/2014 - 08:10:00: "I LIVE!<5><BOT><Red>" changed role to "engineer"
L 10/08/2014 - 08:10:00: "One-Man Cheeseburger Apocalypse<3><BOT><Red>" triggered "player_builtobject" (object "OBJ_DISPENSER") (position "-454 -1924 -156")
L 10/08/2014 - 08:10:01: "I LIVE!<5><BOT><Red>" killed "trigger_hurt<6><BOT><Blue>" with "tf_projectile_pipe" (attacker_position "-1454 -2591 -35") (victim_position "-766 -2350 -60")
L 10/08/2014 - 08:10:01: "Big Mean Muther Hubbard<9><BOT><Red>" triggered "kill assist" against "trigger_hurt<6><BOT><Blue>" (assister_position "-1398 -2741 -115") (attacker_position "-1454 -2591 -35") (victim_position "-766 -2350 -60")
L 10/08/2014 - 08:10:01: "trigger_hurt<6><BOT><Blue>" changed role to "pyro"
L 10/08/2014 - 08:10:15: "One-Man Cheeseburger Apocalypse<3><BOT><Red>" triggered "player_builtobject" (object "OBJ_TELEPORTER") (position "-459 -1941 -154")
L 10/08/2014 - 08:10:21: "I LIVE!<5><BOT><Red>" triggered "player_builtobject" (object "OBJ_TELEPORTER") (position "-1999 -1725 -191")
L 10/08/2014 - 08:10:25: "One-Man Cheeseburger Apocalypse<3><BOT><Red>" triggered "medic_death" against "MoreGun<8><BOT><Blue>" (healing "476") (ubercharge "1")
L 10/08/2014 - 08:10:25: "One-Man Cheeseburger Apocalypse<3><BOT><Red>" killed "MoreGun<8><BOT><Blue>" with "obj_sentrygun3" (attacker_position "-441 -1880 -147") (victim_position "-1288 -1800 -156")
L 10/08/2014 - 08:10:25: "Big Mean Muther Hubbard<9><BOT><Red>" triggered "kill assist" against "MoreGun<8><BOT><Blue>" (assister_position "-1461 -2425 -127") (attacker_position "-441 -1880 -147") (victim_position "-1288 -1800 -156")
L 10/08/2014 - 08:10:27: "Big Mean Muther Hubbard<9><BOT><Red>" killed "Companion Cube<2><BOT><Blue>" with "minigun" (attacker_position "-1486 -2236 -127") (victim_position "-1698 -1772 -45")
L 10/08/2014 - 08:10:27: "Divide by Zero<7><BOT><Red>" triggered "kill assist" against "Companion Cube<2><BOT><Blue>" (assister_position "-1466 -2335 -127") (attacker_position "-1486 -2236 -127") (victim_position "-1698 -1772 -45")
L 10/08/2014 - 08:10:28: "I LIVE!<5><BOT><Red>" killed "Delicious Cake<4><BOT><Blue>" with "shotgun_primary" (attacker_position "-2062 -1776 -184") (victim_position "-2007 -1673 -179")
L 10/08/2014 - 08:10:28: "One-Man Cheeseburger Apocalypse<3><BOT><Red>" triggered "kill assist" against "Delicious Cake<4><BOT><Blue>" (assister_position "-326 -2250 -124") (attacker_position "-2062 -1776 -184") (victim_position "-2007 -1673 -179")
L 10/08/2014 - 08:10:28: "Delicious Cake<4><BOT><Blue>" changed role to "demoman"
L 10/08/2014 - 08:10:36: "I LIVE!<5><BOT><Red>" stuck (position "-1976.00 -1844.40 -175.38") (duration "3.36") L 10/08/2014 - 08:10:36:    path_goal ( "-1100.00 -1850.00 -159.95" )
L 10/08/2014 - 08:10:37: "I LIVE!<5><BOT><Red>" stuck (position "-1976.00 -1813.32 -150.08") (duration "3.46") L 10/08/2014 - 08:10:37:    path_goal ( "NULL" )
L 10/08/2014 - 08:10:49: "Big Mean Muther Hubbard<9><BOT><Red>" killed "trigger_hurt<6><BOT><Blue>" with "minigun" (attacker_position "-1637 -1953 -38") (victim_position "-1655 -1817 -45")
L 10/08/2014 - 08:10:49: "Divide by Zero<7><BOT><Red>" triggered "kill assist" against "trigger_hurt<6><BOT><Blue>" (assister_position "-1598 -1999 -38") (attacker_position "-1637 -1953 -38") (victim_position "-1655 -1817 -45")
L 10/08/2014 - 08:10:49: "trigger_hurt<6><BOT><Blue>" changed role to "demoman"
L 10/08/2014 - 08:10:49: "I LIVE!<5><BOT><Red>" triggered "player_builtobject" (object "OBJ_SENTRYGUN") (position "-987 -2402 -127")
L 10/08/2014 - 08:10:52: "Divide by Zero<7><BOT><Red>" triggered "player_extinguished" against "Big Mean Muther Hubbard<9><BOT><Red>" with "tf_weapon_medigun" (attacker_position "-1480 -2013 -38") (victim_position "-1504 -1994 -38")
L 10/08/2014 - 08:10:57: "I LIVE!<5><BOT><Red>" triggered "player_builtobject" (object "OBJ_TELEPORTER") (position "-1003 -2460 -127")
L 10/08/2014 - 08:11:09: "I LIVE!<5><BOT><Red>" triggered "player_builtobject" (object "OBJ_DISPENSER") (position "-992 -2412 -127")
L 10/08/2014 - 08:11:16: "I LIVE!<5><BOT><Red>" killed "Companion Cube<2><BOT><Blue>" with "obj_sentrygun" (attacker_position "-1001 -2410 -127") (victim_position "-1541 -2001 -38")
L 10/08/2014 - 08:11:21: "Delicious Cake<4><BOT><Blue>" triggered "medic_death" against "Divide by Zero<7><BOT><Red>" (healing "666") (ubercharge "1")
L 10/08/2014 - 08:11:21: "Delicious Cake<4><BOT><Blue>" killed "Divide by Zero<7><BOT><Red>" with "tf_projectile_pipe" (attacker_position "-1363 -1743 -147") (victim_position "-1623 -1945 -38")
L 10/08/2014 - 08:11:22: "Big Mean Muther Hubbard<9><BOT><Red>" triggered "captureblocked" (cp "3") (cpname "#Dustbowl_cap_2_B") (position "-1570 -1934 -38")
L 10/08/2014 - 08:11:22: "Big Mean Muther Hubbard<9><BOT><Red>" killed "Delicious Cake<4><BOT><Blue>" with "minigun" (attacker_position "-1570 -1934 -38") (victim_position "-1643 -1847 -45")
L 10/08/2014 - 08:11:22: "I LIVE!<5><BOT><Red>" triggered "kill assist" against "Delicious Cake<4><BOT><Blue>" (assister_position "-1001 -2410 -127") (attacker_position "-1570 -1934 -38") (victim_position "-1643 -1847 -45")
L 10/08/2014 - 08:11:24: "One-Man Cheeseburger Apocalypse<3><BOT><Red>" triggered "medic_death" against "MoreGun<8><BOT><Blue>" (healing "180") (ubercharge "0")
L 10/08/2014 - 08:11:24: "One-Man Cheeseburger Apocalypse<3><BOT><Red>" killed "MoreGun<8><BOT><Blue>" with "obj_sentrygun3" (attacker_position "-419 -1869 -147") (victim_position "-1337 -1781 -150")
L 10/08/2014 - 08:11:24: "Big Mean Muther Hubbard<9><BOT><Red>" stuck (position "-1651.44 -1910.85 -42.69") (duration "4.41") L 10/08/2014 - 08:11:24:    path_goal ( "-1477.96 -1976.28 -46.18" )
L 10/08/2014 - 08:11:47: "Big Mean Muther Hubbard<9><BOT><Red>" triggered "captureblocked" (cp "3") (cpname "#Dustbowl_cap_2_B") (position "-1516 -2017 -38")
L 10/08/2014 - 08:11:47: "Big Mean Muther Hubbard<9><BOT><Red>" killed "trigger_hurt<6><BOT><Blue>" with "minigun" (attacker_position "-1516 -2017 -38") (victim_position "-1682 -1901 -45")
L 10/08/2014 - 08:11:47: "I LIVE!<5><BOT><Red>" triggered "kill assist" against "trigger_hurt<6><BOT><Blue>" (assister_position "-1002 -2412 -127") (attacker_position "-1516 -2017 -38") (victim_position "-1682 -1901 -45")
L 10/08/2014 - 08:12:01: "I LIVE!<5><BOT><Red>" killed "Companion Cube<2><BOT><Blue>" with "obj_sentrygun3" (attacker_position "-1081 -2364 -129") (victim_position "-1667 -2069 -45")
L 10/08/2014 - 08:12:01: "Big Mean Muther Hubbard<9><BOT><Red>" triggered "kill assist" against "Companion Cube<2><BOT><Blue>" (assister_position "-1022 -2126 0") (attacker_position "-1081 -2364 -129") (victim_position "-1667 -2069 -45")
L 10/08/2014 - 08:12:05: "Chief Data Wrangler<10><[U:1:197363721]><>" connected, address "192.168.1.111:27005"
L 10/08/2014 - 08:12:05: "Chief Data Wrangler<10><[U:1:197363721]><>" STEAM USERID validated
L 10/08/2014 - 08:12:09: "Chief Data Wrangler<10><[U:1:197363721]><>" entered the game
L 10/08/2014 - 08:12:12: "Big Mean Muther Hubbard<9><BOT><Red>" triggered "medic_death" against "MoreGun<8><BOT><Blue>" (healing "133") (ubercharge "0")
L 10/08/2014 - 08:12:12: "Big Mean Muther Hubbard<9><BOT><Red>" killed "MoreGun<8><BOT><Blue>" with "minigun" (attacker_position "-1574 -1916 -38") (victim_position "-1005 -1704 0")
L 10/08/2014 - 08:12:12: "Divide by Zero<7><BOT><Red>" triggered "kill assist" against "MoreGun<8><BOT><Blue>" (assister_position "-1698 -1999 -45") (attacker_position "-1574 -1916 -38") (victim_position "-1005 -1704 0")
L 10/08/2014 - 08:12:12: "Big Mean Muther Hubbard<9><BOT><Red>" triggered "domination" against "MoreGun<8><BOT><Blue>"
L 10/08/2014 - 08:12:17: "Big Mean Muther Hubbard<9><BOT><Red>" triggered "captureblocked" (cp "3") (cpname "#Dustbowl_cap_2_B") (position "-1527 -2072 -38")
L 10/08/2014 - 08:12:17: "Big Mean Muther Hubbard<9><BOT><Red>" killed "Delicious Cake<4><BOT><Blue>" with "minigun" (attacker_position "-1527 -2072 -38") (victim_position "-1609 -1967 -38")
L 10/08/2014 - 08:12:17: "Divide by Zero<7><BOT><Red>" triggered "kill assist" against "Delicious Cake<4><BOT><Blue>" (assister_position "-1661 -2156 -45") (attacker_position "-1527 -2072 -38") (victim_position "-1609 -1967 -38")
L 10/08/2014 - 08:12:24: "Chief Data Wrangler<10><[U:1:197363721]><Unassigned>" joined team "Blue"
L 10/08/2014 - 08:12:30: "Chief Data Wrangler<10><[U:1:197363721]><Blue>" changed role to "heavyweapons"
L 10/08/2014 - 08:12:37: "Big Mean Muther Hubbard<9><BOT><Red>" killed "trigger_hurt<6><BOT><Blue>" with "minigun" (attacker_position "-1542 -1925 -38") (victim_position "-1410 -1743 -137")
L 10/08/2014 - 08:12:37: "Divide by Zero<7><BOT><Red>" triggered "kill assist" against "trigger_hurt<6><BOT><Blue>" (assister_position "-1698 -1772 -45") (attacker_position "-1542 -1925 -38") (victim_position "-1410 -1743 -137")
L 10/08/2014 - 08:12:47: "I LIVE!<5><BOT><Red>" killed "Companion Cube<2><BOT><Blue>" with "obj_sentrygun3" (attacker_position "-1053 -2405 -128") (victim_position "-1546 -1961 -38")
L 10/08/2014 - 08:12:50: World triggered "Round_Overtime"
L 10/08/2014 - 08:12:51: World triggered "Mini_Round_Win" (winner "Red") (round "round_2")
L 10/08/2014 - 08:12:51: World triggered "Mini_Round_Length" (seconds "894.91")
L 10/08/2014 - 08:12:51: World triggered "Round_Win" (winner "Red")
L 10/08/2014 - 08:12:51: Team "Red" current score "0" with "4" players
L 10/08/2014 - 08:12:51: Team "Blue" current score "3" with "5" players
L 10/08/2014 - 08:12:55: "I LIVE!<5><BOT><Red>" stuck (position "-1119.28 -2280.03 -120.25") (duration "3.46") L 10/08/2014 - 08:12:55:    path_goal ( "-1062.50 -2287.50 -59.72" )
L 10/08/2014 - 08:12:55: "I LIVE!<5><BOT><Red>" stuck (position "-1122.39 -2280.56 -94.94") (duration "3.57") L 10/08/2014 - 08:12:55:    path_goal ( "-1125.00 -2275.00 -125.56" )
L 10/08/2014 - 08:12:56: "I LIVE!<5><BOT><Red>" stuck (position "-1075.62 -2287.49 -59.72") (duration "4.62") L 10/08/2014 - 08:12:56:    path_goal ( "-1050.00 -2275.00 -59.72" )
L 10/08/2014 - 08:13:00: "One-Man Cheeseburger Apocalypse<3><BOT><Red>" triggered "medic_death" against "MoreGun<8><BOT><Blue>" (healing "91") (ubercharge "0")
L 10/08/2014 - 08:13:00: "One-Man Cheeseburger Apocalypse<3><BOT><Red>" killed "MoreGun<8><BOT><Blue>" with "obj_sentrygun3" (attacker_position "819 -1677 -126") (victim_position "338 -1993 -127")
L 10/08/2014 - 08:13:06: World triggered "Game_Over" reason "Reached Time Limit"
L 10/08/2014 - 08:13:06: Team "Red" final score "0" with "4" players
L 10/08/2014 - 08:13:06: Team "Blue" final score "3" with "5" players
L 10/08/2014 - 08:13:09: "Delicious Cake<4><BOT><Blue>" stuck (position "942.91 -2058.70 -127.97") (duration "3.68") L 10/08/2014 - 08:13:09:    path_goal ( "1175.00 -2200.00 -127.97" )
L 10/08/2014 - 08:13:09: "Delicious Cake<4><BOT><Blue>" stuck (position "942.91 -2058.70 -127.97") (duration "3.78") L 10/08/2014 - 08:13:09:    path_goal ( "1175.00 -2200.00 -127.97" )
L 10/08/2014 - 08:13:09: "I LIVE!<5><BOT><Red>" stuck (position "131.39 -1684.43 -130.02") (duration "3.36") L 10/08/2014 - 08:13:09:    path_goal ( "50.00 -1925.00 -159.97" )
L 10/08/2014 - 08:13:09: "I LIVE!<5><BOT><Red>" stuck (position "131.39 -1684.43 -130.02") (duration "3.46") L 10/08/2014 - 08:13:09:    path_goal ( "50.00 -1925.00 -159.97" )
L 10/08/2014 - 08:13:10: "Delicious Cake<4><BOT><Blue>" stuck (position "942.91 -2058.70 -127.97") (duration "4.83") L 10/08/2014 - 08:13:10:    path_goal ( "1175.00 -2200.00 -127.97" )
L 10/08/2014 - 08:13:10: "Big Mean Muther Hubbard<9><BOT><Red>" stuck (position "0.20 -1592.06 -126.58") (duration "4.62") L 10/08/2014 - 08:13:10:    path_goal ( "225.00 -1725.00 -127.97" )
L 10/08/2014 - 08:13:10: "I LIVE!<5><BOT><Red>" stuck (position "131.39 -1684.43 -130.02") (duration "4.52") L 10/08/2014 - 08:13:10:    path_goal ( "50.00 -1925.00 -159.97" )
L 10/08/2014 - 08:13:10: "Big Mean Muther Hubbard<9><BOT><Red>" stuck (position "0.20 -1592.06 -126.58") (duration "4.72") L 10/08/2014 - 08:13:10:    path_goal ( "225.00 -1725.00 -127.97" )
L 10/08/2014 - 08:13:11: "Delicious Cake<4><BOT><Blue>" stuck (position "942.91 -2058.70 -127.97") (duration "5.88") L 10/08/2014 - 08:13:11:    path_goal ( "1175.00 -2200.00 -127.97" )
L 10/08/2014 - 08:13:11: "I LIVE!<5><BOT><Red>" stuck (position "131.39 -1684.43 -130.02") (duration "5.56") L 10/08/2014 - 08:13:11:    path_goal ( "50.00 -1925.00 -159.97" )
L 10/08/2014 - 08:13:11: "One-Man Cheeseburger Apocalypse<3><BOT><Red>" stuck (position "821.79 -1677.39 -126.63") (duration "3.36") L 10/08/2014 - 08:13:11:    path_goal ( "869.79 -1704.55 -135.61" )
L 10/08/2014 - 08:13:11: "Big Mean Muther Hubbard<9><BOT><Red>" stuck (position "0.20 -1592.06 -126.58") (duration "5.78") L 10/08/2014 - 08:13:11:    path_goal ( "225.00 -1725.00 -127.97" )
L 10/08/2014 - 08:13:11: "One-Man Cheeseburger Apocalypse<3><BOT><Red>" stuck (position "821.79 -1677.39 -126.63") (duration "3.46") L 10/08/2014 - 08:13:11:    path_goal ( "869.79 -1704.55 -135.61" )
L 10/08/2014 - 08:13:12: "Delicious Cake<4><BOT><Blue>" stuck (position "942.91 -2058.70 -127.97") (duration "6.93") L 10/08/2014 - 08:13:12:    path_goal ( "1175.00 -2200.00 -127.97" )
L 10/08/2014 - 08:13:12: "I LIVE!<5><BOT><Red>" stuck (position "131.39 -1684.43 -130.02") (duration "6.61") L 10/08/2014 - 08:13:12:    path_goal ( "50.00 -1925.00 -159.97" )
L 10/08/2014 - 08:13:12: "Big Mean Muther Hubbard<9><BOT><Red>" stuck (position "0.20 -1592.06 -126.58") (duration "6.82") L 10/08/2014 - 08:13:12:    path_goal ( "225.00 -1725.00 -127.97" )
L 10/08/2014 - 08:13:12: "One-Man Cheeseburger Apocalypse<3><BOT><Red>" stuck (position "821.79 -1677.39 -126.63") (duration "4.52") L 10/08/2014 - 08:13:12:    path_goal ( "869.79 -1704.55 -135.61" )
L 10/08/2014 - 08:13:13: "Delicious Cake<4><BOT><Blue>" stuck (position "942.91 -2058.70 -127.97") (duration "7.98") L 10/08/2014 - 08:13:13:    path_goal ( "1175.00 -2200.00 -127.97" )
L 10/08/2014 - 08:13:13: "I LIVE!<5><BOT><Red>" stuck (position "131.39 -1684.43 -130.02") (duration "7.67") L 10/08/2014 - 08:13:13:    path_goal ( "50.00 -1925.00 -159.97" )
L 10/08/2014 - 08:13:13: "Big Mean Muther Hubbard<9><BOT><Red>" stuck (position "0.20 -1592.06 -126.58") (duration "7.88") L 10/08/2014 - 08:13:13:    path_goal ( "225.00 -1725.00 -127.97" )
L 10/08/2014 - 08:13:13: "One-Man Cheeseburger Apocalypse<3><BOT><Red>" stuck (position "821.79 -1677.39 -126.63") (duration "5.57") L 10/08/2014 - 08:13:13:    path_goal ( "869.79 -1704.55 -135.61" )
L 10/08/2014 - 08:13:14: "Delicious Cake<4><BOT><Blue>" stuck (position "942.91 -2058.70 -127.97") (duration "9.03") L 10/08/2014 - 08:13:14:    path_goal ( "1175.00 -2200.00 -127.97" )
L 10/08/2014 - 08:13:14: "I LIVE!<5><BOT><Red>" stuck (position "131.39 -1684.43 -130.02") (duration "8.71") L 10/08/2014 - 08:13:14:    path_goal ( "50.00 -1925.00 -159.97" )
L 10/08/2014 - 08:13:14: "Big Mean Muther Hubbard<9><BOT><Red>" stuck (position "0.20 -1592.06 -126.58") (duration "8.93") L 10/08/2014 - 08:13:14:    path_goal ( "-150.00 -1975.00 -159.97" )
L 10/08/2014 - 08:13:14: "One-Man Cheeseburger Apocalypse<3><BOT><Red>" stuck (position "821.79 -1677.39 -126.63") (duration "6.61") L 10/08/2014 - 08:13:14:    path_goal ( "869.79 -1704.55 -135.61" )
L 10/08/2014 - 08:13:15: "Delicious Cake<4><BOT><Blue>" stuck (position "942.91 -2058.70 -127.97") (duration "10.08") L 10/08/2014 - 08:13:15:    path_goal ( "1175.00 -2200.00 -127.97" )
L 10/08/2014 - 08:13:17: "I LIVE!<5><BOT><Red>" stuck (position "131.39 -1684.43 -130.02") (duration "9.77") L 10/08/2014 - 08:13:17:    path_goal ( "50.00 -1725.00 -146.97" )
L 10/08/2014 - 08:13:17: "Big Mean Muther Hubbard<9><BOT><Red>" stuck (position "0.20 -1592.06 -126.58") (duration "9.97") L 10/08/2014 - 08:13:17:    path_goal ( "-150.00 -1975.00 -159.97" )
L 10/08/2014 - 08:13:17: "One-Man Cheeseburger Apocalypse<3><BOT><Red>" stuck (position "821.79 -1677.39 -126.63") (duration "7.67") L 10/08/2014 - 08:13:17:    path_goal ( "775.00 -1677.39 -127.84" )
L 10/08/2014 - 08:13:18: Loading map "ctf_2fort"
L 10/08/2014 - 08:13:18: server cvars start
L 10/08/2014 - 08:13:18: "tf_playergib" = "1"
L 10/08/2014 - 08:13:18: "tf_allow_player_use" = "0"
L 10/08/2014 - 08:13:18: "tf_mvm_death_penalty" = "0"
L 10/08/2014 - 08:13:18: "sv_maxusrcmdprocessticks" = "24"
L 10/08/2014 - 08:13:18: "mp_teamplay" = "0"
L 10/08/2014 - 08:13:18: "mp_falldamage" = "0"
L 10/08/2014 - 08:13:18: "mp_weaponstay" = "0"
L 10/08/2014 - 08:13:18: "mp_forcerespawn" = "1"
L 10/08/2014 - 08:13:18: "mp_footsteps" = "1"
L 10/08/2014 - 08:13:18: "mp_flashlight" = "0"
L 10/08/2014 - 08:13:18: "mp_autocrosshair" = "1"
L 10/08/2014 - 08:13:18: "decalfrequency" = "10"
L 10/08/2014 - 08:13:18: "mp_teamlist" = "hgrunt;scientist"
L 10/08/2014 - 08:13:18: "mp_allowNPCs" = "1"
L 10/08/2014 - 08:13:18: "sv_alltalk" = "0"
L 10/08/2014 - 08:13:18: "tf_weapon_criticals" = "1"
L 10/08/2014 - 08:13:18: "tf_damage_disablespread" = "0"
L 10/08/2014 - 08:13:18: "tf_player_name_change_time" = "60"
L 10/08/2014 - 08:13:18: "tf_force_holidays_off" = "0"
L 10/08/2014 - 08:13:18: "tf_birthday" = "0"
L 10/08/2014 - 08:13:18: "mp_tournament_stopwatch" = "1"
L 10/08/2014 - 08:13:18: "mp_windifference" = "0"
L 10/08/2014 - 08:13:18: "mp_windifference_min" = "0"
L 10/08/2014 - 08:13:18: "tf_medieval" = "0"
L 10/08/2014 - 08:13:18: "tf_medieval_autorp" = "1"
L 10/08/2014 - 08:13:18: "tf_arena_force_class" = "0"
L 10/08/2014 - 08:13:18: "tf_arena_change_limit" = "1"
L 10/08/2014 - 08:13:18: "tf_arena_override_cap_enable_time" = "-1"
L 10/08/2014 - 08:13:18: "tf_arena_first_blood" = "1"
L 10/08/2014 - 08:13:18: "tf_mvm_min_players_to_start" = "3"
L 10/08/2014 - 08:13:18: "tf_gamemode_arena" = "0"
L 10/08/2014 - 08:13:18: "tf_gamemode_cp" = "1"
L 10/08/2014 - 08:13:18: "tf_gamemode_ctf" = "0"
L 10/08/2014 - 08:13:18: "tf_gamemode_sd" = "0"
L 10/08/2014 - 08:13:18: "tf_gamemode_rd" = "0"
L 10/08/2014 - 08:13:18: "tf_beta_content" = "0"
L 10/08/2014 - 08:13:18: "tf_gamemode_payload" = "0"
L 10/08/2014 - 08:13:18: "tf_gamemode_mvm" = "0"
L 10/08/2014 - 08:13:18: "tf_bot_count" = "8"
L 10/08/2014 - 08:13:18: "tf_teamtalk" = "1"
L 10/08/2014 - 08:13:18: "tf_ctf_bonus_time" = "10"
L 10/08/2014 - 08:13:18: "tf_maxspeed" = "400"
L 10/08/2014 - 08:13:18: "tf_max_charge_speed" = "750"
L 10/08/2014 - 08:13:18: "tf_use_fixed_weaponspreads" = "0"
L 10/08/2014 - 08:13:18: "tf_overtime_nag" = "0"
L 10/08/2014 - 08:13:18: "mp_respawnwavetime" = "10.0"
L 10/08/2014 - 08:13:18: "mp_tournament" = "0"
L 10/08/2014 - 08:13:18: "mp_highlander" = "0"
L 10/08/2014 - 08:13:18: "tf_arena_preround_time" = "10"
L 10/08/2014 - 08:13:18: "tf_arena_round_time" = "0"
L 10/08/2014 - 08:13:18: "tf_arena_max_streak" = "3"
L 10/08/2014 - 08:13:18: "tf_arena_use_queue" = "1"
L 10/08/2014 - 08:13:18: "mp_maxrounds" = "0"
L 10/08/2014 - 08:13:18: "mp_winlimit" = "0"
L 10/08/2014 - 08:13:18: "mp_disable_respawn_times" = "0"
L 10/08/2014 - 08:13:18: "mp_stalemate_meleeonly" = "0"
L 10/08/2014 - 08:13:18: "mp_forceautoteam" = "0"
L 10/08/2014 - 08:13:18: "mp_autoteambalance" = "1"
L 10/08/2014 - 08:13:18: "mp_stalemate_enable" = "0"
L 10/08/2014 - 08:13:18: "mp_match_end_at_timelimit" = "0"
L 10/08/2014 - 08:13:18: "mp_holiday_nogifts" = "0"
L 10/08/2014 - 08:13:18: "mp_scrambleteams_auto" = "1"
L 10/08/2014 - 08:13:18: "mp_scrambleteams_auto_windifference" = "2"
L 10/08/2014 - 08:13:18: "mp_timelimit" = "15"
L 10/08/2014 - 08:13:18: "mp_fraglimit" = "0"
L 10/08/2014 - 08:13:18: "nextlevel" = ""
L 10/08/2014 - 08:13:18: "sv_gravity" = "800"
L 10/08/2014 - 08:13:18: "sv_stopspeed" = "100"
L 10/08/2014 - 08:13:18: "sv_noclipaccelerate" = "5"
L 10/08/2014 - 08:13:18: "sv_noclipspeed" = "5"
L 10/08/2014 - 08:13:18: "sv_specaccelerate" = "5"
L 10/08/2014 - 08:13:18: "sv_specspeed" = "3"
L 10/08/2014 - 08:13:18: "sv_specnoclip" = "1"
L 10/08/2014 - 08:13:18: "sv_maxspeed" = "320"
L 10/08/2014 - 08:13:18: "sv_accelerate" = "10"
L 10/08/2014 - 08:13:18: "sv_airaccelerate" = "10"
L 10/08/2014 - 08:13:18: "sv_wateraccelerate" = "10"
L 10/08/2014 - 08:13:18: "sv_waterfriction" = "1"
L 10/08/2014 - 08:13:18: "sv_footsteps" = "1"
L 10/08/2014 - 08:13:18: "sv_rollspeed" = "200"
L 10/08/2014 - 08:13:18: "sv_rollangle" = "0"
L 10/08/2014 - 08:13:18: "sv_friction" = "4"
L 10/08/2014 - 08:13:18: "sv_bounce" = "0"
L 10/08/2014 - 08:13:18: "sv_stepsize" = "18"
L 10/08/2014 - 08:13:18: "r_VehicleViewDampen" = "1"
L 10/08/2014 - 08:13:18: "r_JeepViewDampenFreq" = "7.0"
L 10/08/2014 - 08:13:18: "r_JeepViewDampenDamp" = "1.0"
L 10/08/2014 - 08:13:18: "r_JeepViewZHeight" = "10.0"
L 10/08/2014 - 08:13:18: "r_AirboatViewDampenFreq" = "7.0"
L 10/08/2014 - 08:13:18: "r_AirboatViewDampenDamp" = "1.0"
L 10/08/2014 - 08:13:18: "r_AirboatViewZHeight" = "0.0"
L 10/08/2014 - 08:13:18: "mp_friendlyfire" = "0"
L 10/08/2014 - 08:13:18: "mp_fadetoblack" = "0"
L 10/08/2014 - 08:13:18: "tf_mm_servermode" = "0"
L 10/08/2014 - 08:13:18: "tf_mm_strict" = "0"
L 10/08/2014 - 08:13:18: "tf_mm_trusted" = "0"
L 10/08/2014 - 08:13:18: "tf_server_identity_disable_quickplay" = "0"
L 10/08/2014 - 08:13:18: "sv_registration_successful" = "0"
L 10/08/2014 - 08:13:18: "sv_registration_message" = "No account specified"
L 10/08/2014 - 08:13:18: "sv_steamgroup" = ""
L 10/08/2014 - 08:13:18: "sv_cheats" = "1"
L 10/08/2014 - 08:13:18: "sv_pausable" = "0"
L 10/08/2014 - 08:13:18: "sv_contact" = "admin@yourdomain.com"
L 10/08/2014 - 08:13:18: "sv_voiceenable" = "1"
L 10/08/2014 - 08:13:18: "tv_enable" = "0"
L 10/08/2014 - 08:13:18: "deathmatch" = "1"
L 10/08/2014 - 08:13:18: "coop" = "0"
L 10/08/2014 - 08:13:18: "tv_password" = ""
L 10/08/2014 - 08:13:18: "tv_relaypassword" = ""
L 10/08/2014 - 08:13:18: "sv_password" = ""
L 10/08/2014 - 08:13:18: "sv_tags" = "bots,cp"
L 10/08/2014 - 08:13:18: server cvars end
L 10/08/2014 - 08:13:19: Started map "ctf_2fort" (CRC "7d246aafbbd18b8ccbfdb9937dbc7769")
L 10/08/2014 - 08:13:19: Executing dedicated server config file server.cfg
L 10/08/2014 - 08:13:25: server_cvar: "tf_gamemode_cp" "0"
L 10/08/2014 - 08:13:25: server_cvar: "sv_tags" "bots"
L 10/08/2014 - 08:13:25: server_cvar: "sv_tags" "bots"
L 10/08/2014 - 08:13:25: server_cvar: "tf_bot_count" "0"
L 10/08/2014 - 08:13:25: server_cvar: "sv_tags" ""
L 10/08/2014 - 08:13:25: server_cvar: "tf_gamemode_ctf" "1"
L 10/08/2014 - 08:13:25: server_cvar: "sv_tags" "ctf"
L 10/08/2014 - 08:13:25: server_cvar: "sv_tags" "ctf"
L 10/08/2014 - 08:13:25: Initializing Steam libraries for LAN server
L 10/08/2014 - 08:13:25: No account token specified; logging into anonymous game server account.  (Use sv_setsteamaccount to login to a persistent account.)
