L 10/08/2014 - 17:59:35: Log file started (file "logs/L1008025.log") (game "/home/tf2/hlserver/tf2/tf") (version "2426090")
L 10/08/2014 - 17:59:35: server_cvar: "sv_cheats" "1"
L 10/08/2014 - 17:59:35: "Poopy Joe<2><BOT><>" connected, address "none"
L 10/08/2014 - 17:59:35: "<2><BOT><>" entered the game
L 10/08/2014 - 17:59:35: "Poopy Joe<2><BOT><Unassigned>" joined team "Blue"
L 10/08/2014 - 17:59:35: "Poopy Joe<2><BOT><Blue>" changed role to "scout"
L 10/08/2014 - 17:59:35: "Poopy Joe<2><BOT><Blue>" changed name to "A Professional With Standards"
L 10/08/2014 - 17:59:35: Sending CMsgGameServerMatchmakingStatus (state=ServerMatchmakingState_NOT_PARTICIPATING)
L 10/08/2014 - 17:59:35: "Freakin' Unbelievable<3><BOT><>" connected, address "none"
L 10/08/2014 - 17:59:35: "<3><BOT><>" entered the game
L 10/08/2014 - 17:59:35: "Freakin' Unbelievable<3><BOT><Unassigned>" joined team "Red"
L 10/08/2014 - 17:59:35: "Freakin' Unbelievable<3><BOT><Red>" changed role to "engineer"
L 10/08/2014 - 17:59:35: "Freakin' Unbelievable<3><BOT><Red>" changed name to "SMELLY UNFORTUNATE"
L 10/08/2014 - 17:59:35: Connection to Steam servers successful.
L 10/08/2014 - 17:59:35:    Public IP is 68.110.44.24.
L 10/08/2014 - 17:59:35: Assigned anonymous gameserver Steam ID [A:1:1016672261:4718].
L 10/08/2014 - 17:59:35: "The Administrator<4><BOT><>" connected, address "none"
L 10/08/2014 - 17:59:35: "<4><BOT><>" entered the game
L 10/08/2014 - 17:59:35: "The Administrator<4><BOT><Unassigned>" joined team "Blue"
L 10/08/2014 - 17:59:35: "The Administrator<4><BOT><Blue>" changed role to "demoman"
L 10/08/2014 - 17:59:35: "The Administrator<4><BOT><Blue>" changed name to "Mentlegen"
L 10/08/2014 - 17:59:35: VAC secure mode is activated.
L 10/08/2014 - 17:59:36: tf_server_identity_account_id not set; not logging into registered account
L 10/08/2014 - 17:59:36: "Archimedes!<5><BOT><>" connected, address "none"
L 10/08/2014 - 17:59:36: "<5><BOT><>" entered the game
L 10/08/2014 - 17:59:36: "Archimedes!<5><BOT><Unassigned>" joined team "Red"
L 10/08/2014 - 17:59:36: "Archimedes!<5><BOT><Red>" changed role to "engineer"
L 10/08/2014 - 17:59:36: "Archimedes!<5><BOT><Red>" changed name to "Ribs Grow Back"
L 10/08/2014 - 17:59:36: "It's Filthy in There!<6><BOT><>" connected, address "none"
L 10/08/2014 - 17:59:36: "<6><BOT><>" entered the game
L 10/08/2014 - 17:59:36: "It's Filthy in There!<6><BOT><Unassigned>" joined team "Blue"
L 10/08/2014 - 17:59:36: "It's Filthy in There!<6><BOT><Blue>" changed role to "soldier"
L 10/08/2014 - 17:59:36: "It's Filthy in There!<6><BOT><Blue>" changed name to "Mega Baboon"
L 10/08/2014 - 17:59:36: "Kill Me<7><BOT><>" connected, address "none"
L 10/08/2014 - 17:59:36: "<7><BOT><>" entered the game
L 10/08/2014 - 17:59:36: "Kill Me<7><BOT><Unassigned>" joined team "Red"
L 10/08/2014 - 17:59:36: "Kill Me<7><BOT><Red>" changed role to "pyro"
L 10/08/2014 - 17:59:36: "Kill Me<7><BOT><Red>" changed name to "Chucklenuts"
L 10/08/2014 - 17:59:36: "CryBaby<8><BOT><>" connected, address "none"
L 10/08/2014 - 17:59:36: "<8><BOT><>" entered the game
L 10/08/2014 - 17:59:36: "CryBaby<8><BOT><Unassigned>" joined team "Blue"
L 10/08/2014 - 17:59:36: "CryBaby<8><BOT><Blue>" changed role to "medic"
L 10/08/2014 - 17:59:36: "CryBaby<8><BOT><Blue>" changed name to "WITCH"
L 10/08/2014 - 17:59:37: "ThatGuy<9><BOT><>" connected, address "none"
L 10/08/2014 - 17:59:37: "<9><BOT><>" entered the game
L 10/08/2014 - 17:59:37: "ThatGuy<9><BOT><Unassigned>" joined team "Red"
L 10/08/2014 - 17:59:37: "ThatGuy<9><BOT><Red>" changed role to "medic"
L 10/08/2014 - 17:59:37: "ThatGuy<9><BOT><Red>" changed name to "Still Alive"
L 10/08/2014 - 17:59:40: server_cvar: "tf_bot_count" "8"
L 10/08/2014 - 17:59:40: server_cvar: "sv_tags" "bots,payload"
L 10/08/2014 - 17:59:45: "A Professional With Standards<2><BOT><Blue>" stuck (position "-3209.52 1889.53 -127.97") (duration "2.52") L 10/08/2014 - 17:59:45:    path_goal ( "-3232.00 1714.00 -127.97" )
L 10/08/2014 - 17:59:48: "Mentlegen<4><BOT><Blue>" stuck (position "-3229.12 1889.53 -127.97") (duration "3.57") L 10/08/2014 - 17:59:48:    path_goal ( "-3232.00 1714.00 -127.97" )
L 10/08/2014 - 17:59:48: "A Professional With Standards<2><BOT><Blue>" stuck (position "-3214.76 1889.53 -127.97") (duration "2.52") L 10/08/2014 - 17:59:48:    path_goal ( "-3232.00 1714.00 -127.97" )
L 10/08/2014 - 17:59:49: "Mega Baboon<6><BOT><Blue>" stuck (position "-3213.64 1889.53 -127.97") (duration "4.20") L 10/08/2014 - 17:59:49:    path_goal ( "-3232.00 1714.00 -127.97" )
L 10/08/2014 - 17:59:50: "A Professional With Standards<2><BOT><Blue>" stuck (position "-3238.91 1889.53 -127.97") (duration "2.52") L 10/08/2014 - 17:59:50:    path_goal ( "-3232.00 1714.00 -127.97" )
L 10/08/2014 - 17:59:52: "Mentlegen<4><BOT><Blue>" stuck (position "-3234.82 1889.53 -127.97") (duration "3.57") L 10/08/2014 - 17:59:52:    path_goal ( "-3232.00 1714.00 -127.97" )
L 10/08/2014 - 17:59:53: "A Professional With Standards<2><BOT><Blue>" stuck (position "-3219.07 1889.53 -127.97") (duration "2.52") L 10/08/2014 - 17:59:53:    path_goal ( "-3232.00 1714.00 -127.97" )
L 10/08/2014 - 17:59:53: "Mega Baboon<6><BOT><Blue>" stuck (position "-3233.06 1889.53 -127.97") (duration "4.20") L 10/08/2014 - 17:59:53:    path_goal ( "-3232.00 1714.00 -127.97" )
L 10/08/2014 - 17:59:55: "Mentlegen<4><BOT><Blue>" stuck (position "-3234.65 1889.53 -127.97") (duration "3.57") L 10/08/2014 - 17:59:55:    path_goal ( "-3232.00 1714.00 -127.97" )
L 10/08/2014 - 17:59:56: "A Professional With Standards<2><BOT><Blue>" stuck (position "-3221.89 1889.53 -127.97") (duration "2.52") L 10/08/2014 - 17:59:56:    path_goal ( "-3232.00 1714.00 -127.97" )
L 10/08/2014 - 17:59:57: "Mega Baboon<6><BOT><Blue>" stuck (position "-3240.05 1889.53 -127.97") (duration "4.20") L 10/08/2014 - 17:59:57:    path_goal ( "-3260.52 1706.79 -127.97" )
L 10/08/2014 - 17:59:58: "A Professional With Standards<2><BOT><Blue>" stuck (position "-3224.95 1889.53 -127.97") (duration "2.52") L 10/08/2014 - 17:59:58:    path_goal ( "-3261.95 1705.99 -127.97" )
L 10/08/2014 - 17:59:59: "Mentlegen<4><BOT><Blue>" stuck (position "-3238.45 1889.53 -127.97") (duration "3.57") L 10/08/2014 - 17:59:59:    path_goal ( "-3262.15 1705.88 -127.97" )
L 10/08/2014 - 18:00:01: "A Professional With Standards<2><BOT><Blue>" stuck (position "-3266.23 1889.53 -127.97") (duration "2.55") L 10/08/2014 - 18:00:01:    path_goal ( "-3261.95 1705.99 -127.97" )
L 10/08/2014 - 18:00:02: "Mega Baboon<6><BOT><Blue>" stuck (position "-3268.65 1889.53 -127.97") (duration "4.23") L 10/08/2014 - 18:00:02:    path_goal ( "-3262.15 1705.88 -127.97" )
L 10/08/2014 - 18:00:02: "Mentlegen<4><BOT><Blue>" stuck (position "-3268.45 1889.53 -127.97") (duration "3.60") L 10/08/2014 - 18:00:02:    path_goal ( "-3300.00 2125.00 -127.97" )
L 10/08/2014 - 18:00:02: "Mentlegen<4><BOT><Blue>" stuck (position "-3266.27 1891.80 -102.66") (duration "3.70") L 10/08/2014 - 18:00:02:    path_goal ( "-3300.00 2125.00 -127.97" )
L 10/08/2014 - 18:00:03: "Mentlegen<4><BOT><Blue>" stuck (position "-3269.46 1962.65 -127.97") (duration "4.75") L 10/08/2014 - 18:00:03:    path_goal ( "-3300.00 2125.00 -127.97" )
L 10/08/2014 - 18:00:04: "SMELLY UNFORTUNATE<3><BOT><Red>" triggered "player_builtobject" (object "OBJ_SENTRYGUN") (position "-3300 1179 -127")
L 10/08/2014 - 18:00:05: World triggered "Round_Start"
L 10/08/2014 - 18:00:05: World triggered "Round_Setup_Begin"
L 10/08/2014 - 18:00:05: World triggered "Mini_Round_Selected" (round "round_a")
L 10/08/2014 - 18:00:05: World triggered "Mini_Round_Start"
L 10/08/2014 - 18:00:31: "SMELLY UNFORTUNATE<3><BOT><Red>" triggered "player_builtobject" (object "OBJ_SENTRYGUN") (position "-3179 741 -126")
L 10/08/2014 - 18:00:36: "Ribs Grow Back<5><BOT><Red>" triggered "player_builtobject" (object "OBJ_SENTRYGUN") (position "-2344 1551 68")
L 10/08/2014 - 18:01:00: "Ribs Grow Back<5><BOT><Red>" triggered "player_builtobject" (object "OBJ_DISPENSER") (position "-2350 1556 68")
L 10/08/2014 - 18:01:10: "SMELLY UNFORTUNATE<3><BOT><Red>" stuck (position "-3152.43 -28.03 144.03") (duration "3.36") L 10/08/2014 - 18:01:10:    path_goal ( "-3170.28 35.00 144.03" )
L 10/08/2014 - 18:01:10: "SMELLY UNFORTUNATE<3><BOT><Red>" stuck (position "-3154.35 -28.03 169.34") (duration "3.46") L 10/08/2014 - 18:01:10:    path_goal ( "-3170.28 35.00 144.03" )
L 10/08/2014 - 18:01:11: "SMELLY UNFORTUNATE<3><BOT><Red>" stuck (position "-3165.32 31.05 154.23") (duration "4.51") L 10/08/2014 - 18:01:11:    path_goal ( "-3170.28 35.00 144.03" )
L 10/08/2014 - 18:01:15: World triggered "Round_Setup_End"
L 10/08/2014 - 18:01:17: "SMELLY UNFORTUNATE<3><BOT><Red>" triggered "player_builtobject" (object "OBJ_DISPENSER") (position "-3183 763 -126")
L 10/08/2014 - 18:01:22: "Mentlegen<4><BOT><Blue>" triggered "medic_death" against "Still Alive<9><BOT><Red>" (healing "450") (ubercharge "1")
L 10/08/2014 - 18:01:22: "Mentlegen<4><BOT><Blue>" killed "Still Alive<9><BOT><Red>" with "tf_projectile_pipe" (attacker_position "-3384 1802 -127") (victim_position "-2879 1429 -84")
L 10/08/2014 - 18:01:22: "Mega Baboon<6><BOT><Blue>" triggered "kill assist" against "Still Alive<9><BOT><Red>" (assister_position "-3160 2028 -127") (attacker_position "-3384 1802 -127") (victim_position "-2879 1429 -84")
L 10/08/2014 - 18:01:29: "Ribs Grow Back<5><BOT><Red>" killed "A Professional With Standards<2><BOT><Blue>" with "obj_sentrygun2" (attacker_position "-2368 340 62") (victim_position "-3008 1503 -109")
L 10/08/2014 - 18:01:31: "WITCH<8><BOT><Blue>" triggered "chargedeployed"
L 10/08/2014 - 18:01:36: "SMELLY UNFORTUNATE<3><BOT><Red>" killed "Mentlegen<4><BOT><Blue>" with "obj_sentrygun3" (attacker_position "-3079 594 -127") (victim_position "-3430 1800 -127")
L 10/08/2014 - 18:01:36: "Ribs Grow Back<5><BOT><Red>" triggered "kill assist" against "Mentlegen<4><BOT><Blue>" (assister_position "-2687 1231 -24") (attacker_position "-3079 594 -127") (victim_position "-3430 1800 -127")
L 10/08/2014 - 18:01:52: "Ribs Grow Back<5><BOT><Red>" killed "A Professional With Standards<2><BOT><Blue>" with "obj_sentrygun2" (attacker_position "-2388 1598 68") (victim_position "-2957 1676 -127")
L 10/08/2014 - 18:02:14: "Mentlegen<4><BOT><Blue>" triggered "killedobject" (object "OBJ_SENTRYGUN") (weapon "tf_projectile_pipe_remote") (objectowner "Ribs Grow Back<5><BOT><Red>") (attacker_position "-2633 1900 -127")
L 10/08/2014 - 18:02:16: "Mentlegen<4><BOT><Blue>" killed "Chucklenuts<7><BOT><Red>" with "tf_projectile_pipe" (attacker_position "-3215 1712 -127") (victim_position "-3493 1058 0")
L 10/08/2014 - 18:02:16: "A Professional With Standards<2><BOT><Blue>" triggered "kill assist" against "Chucklenuts<7><BOT><Red>" (assister_position "-3316 1630 -127") (attacker_position "-3215 1712 -127") (victim_position "-3493 1058 0")
L 10/08/2014 - 18:02:17: "SMELLY UNFORTUNATE<3><BOT><Red>" killed "A Professional With Standards<2><BOT><Blue>" with "obj_sentrygun3" (attacker_position "-3182 749 -126") (victim_position "-3463 1787 -127")
L 10/08/2014 - 18:02:17: "Chucklenuts<7><BOT><Red>" triggered "kill assist" against "A Professional With Standards<2><BOT><Blue>" (assister_position "-3493 1058 88") (attacker_position "-3182 749 -126") (victim_position "-3463 1787 -127")
L 10/08/2014 - 18:02:18: "SMELLY UNFORTUNATE<3><BOT><Red>" killed "Mentlegen<4><BOT><Blue>" with "obj_sentrygun3" (attacker_position "-3182 749 -126") (victim_position "-3197 1777 -127")
L 10/08/2014 - 18:02:20: "Ribs Grow Back<5><BOT><Red>" triggered "player_builtobject" (object "OBJ_SENTRYGUN") (position "-2486 1276 -33")
L 10/08/2014 - 18:02:47: "Ribs Grow Back<5><BOT><Red>" killed "A Professional With Standards<2><BOT><Blue>" with "obj_sentrygun" (attacker_position "-2487 753 -127") (victim_position "-2592 1866 -127")
L 10/08/2014 - 18:02:53: "Mentlegen<4><BOT><Blue>" triggered "killedobject" (object "OBJ_SENTRYGUN") (weapon "tf_projectile_pipe") (objectowner "Ribs Grow Back<5><BOT><Red>") (attacker_position "-3281 2043 -127")
L 10/08/2014 - 18:03:00: "Still Alive<9><BOT><Red>" stuck (position "-3039.32 -1284.20 -129.94") (duration "3.38") L 10/08/2014 - 18:03:00:    path_goal ( "-3025.00 -1301.97 -134.51" )
L 10/08/2014 - 18:03:01: "Still Alive<9><BOT><Red>" stuck (position "-3043.02 -1267.85 -104.63") (duration "3.48") L 10/08/2014 - 18:03:01:    path_goal ( "-3025.00 -1301.97 -134.51" )
L 10/08/2014 - 18:03:02: "Still Alive<9><BOT><Red>" stuck (position "-3043.41 -1299.29 -129.68") (duration "4.53") L 10/08/2014 - 18:03:02:    path_goal ( "-2984.56 -1301.97 -117.10" )
L 10/08/2014 - 18:03:12: "Ribs Grow Back<5><BOT><Red>" triggered "player_builtobject" (object "OBJ_SENTRYGUN") (position "-2269 -435 5")
L 10/08/2014 - 18:03:12: "Mentlegen<4><BOT><Blue>" triggered "killedobject" (object "OBJ_DISPENSER") (weapon "tf_projectile_pipe_remote") (objectowner "SMELLY UNFORTUNATE<3><BOT><Red>") (attacker_position "-3116 1703 -127")
L 10/08/2014 - 18:03:13: "SMELLY UNFORTUNATE<3><BOT><Red>" killed "Mentlegen<4><BOT><Blue>" with "obj_sentrygun3" (attacker_position "-3317 459 68") (victim_position "-3140 1780 -126")
L 10/08/2014 - 18:03:18: "A Professional With Standards<2><BOT><Blue>" stuck (position "-2337.05 1446.02 -89.94") (duration "2.62") L 10/08/2014 - 18:03:18:    path_goal ( "-2337.50 1400.00 -82.47" )
L 10/08/2014 - 18:03:18: "A Professional With Standards<2><BOT><Blue>" stuck (position "-2341.01 1444.16 -65.14") (duration "2.73") L 10/08/2014 - 18:03:18:    path_goal ( "-2337.50 1400.00 -82.47" )
L 10/08/2014 - 18:03:19: "A Professional With Standards<2><BOT><Blue>" stuck (position "-2337.13 1444.03 -89.28") (duration "3.78") L 10/08/2014 - 18:03:19:    path_goal ( "-2337.50 1400.00 -82.47" )
L 10/08/2014 - 18:03:20: "A Professional With Standards<2><BOT><Blue>" stuck (position "-2341.32 1444.03 -89.28") (duration "4.83") L 10/08/2014 - 18:03:20:    path_goal ( "-2337.50 1400.00 -82.47" )
L 10/08/2014 - 18:03:21: "A Professional With Standards<2><BOT><Blue>" stuck (position "-2348.42 1444.03 -89.28") (duration "5.88") L 10/08/2014 - 18:03:21:    path_goal ( "-2337.50 1400.00 -82.47" )
L 10/08/2014 - 18:03:22: "A Professional With Standards<2><BOT><Blue>" stuck (position "-2337.35 1444.03 -89.28") (duration "6.93") L 10/08/2014 - 18:03:22:    path_goal ( "-2337.50 1400.00 -82.47" )
L 10/08/2014 - 18:03:23: "A Professional With Standards<2><BOT><Blue>" stuck (position "-2337.10 1444.03 -89.28") (duration "7.98") L 10/08/2014 - 18:03:23:    path_goal ( "-2337.50 1400.00 -82.47" )
L 10/08/2014 - 18:03:24: "A Professional With Standards<2><BOT><Blue>" stuck (position "-2337.10 1444.03 -89.28") (duration "9.03") L 10/08/2014 - 18:03:24:    path_goal ( "-2337.50 1400.00 -82.47" )
L 10/08/2014 - 18:03:25: "A Professional With Standards<2><BOT><Blue>" stuck (position "-2341.75 1444.03 -89.28") (duration "10.08") L 10/08/2014 - 18:03:25:    path_goal ( "-2337.50 1400.00 -82.47" )
L 10/08/2014 - 18:03:26: "Chucklenuts<7><BOT><Red>" stuck (position "-3611.18 1372.21 -62.28") (duration "3.36") L 10/08/2014 - 18:03:26:    path_goal ( "-3600.49 1328.32 -57.41" )
L 10/08/2014 - 18:03:26: "A Professional With Standards<2><BOT><Blue>" stuck (position "-2343.96 1444.03 -89.28") (duration "11.13") L 10/08/2014 - 18:03:26:    path_goal ( "-2337.50 1400.00 -82.47" )
L 10/08/2014 - 18:03:27: "A Professional With Standards<2><BOT><Blue>" stuck (position "-2337.12 1444.03 -89.28") (duration "12.18") L 10/08/2014 - 18:03:27:    path_goal ( "-2337.50 1400.00 -82.47" )
L 10/08/2014 - 18:03:28: "A Professional With Standards<2><BOT><Blue>" stuck (position "-2337.33 1444.03 -89.28") (duration "13.23") L 10/08/2014 - 18:03:28:    path_goal ( "-2337.50 1400.00 -82.47" )
L 10/08/2014 - 18:03:29: "A Professional With Standards<2><BOT><Blue>" stuck (position "-2337.11 1444.02 -89.27") (duration "14.28") L 10/08/2014 - 18:03:29:    path_goal ( "-2337.50 1400.00 -82.47" )
L 10/08/2014 - 18:03:30: "A Professional With Standards<2><BOT><Blue>" stuck (position "-2340.59 1444.03 -89.28") (duration "15.33") L 10/08/2014 - 18:03:30:    path_goal ( "-2337.50 1400.00 -82.47" )
L 10/08/2014 - 18:03:31: "A Professional With Standards<2><BOT><Blue>" stuck (position "-2337.63 1444.03 -89.28") (duration "16.38") L 10/08/2014 - 18:03:31:    path_goal ( "-2337.50 1400.00 -82.47" )
L 10/08/2014 - 18:03:33: "A Professional With Standards<2><BOT><Blue>" stuck (position "-2337.13 1444.03 -89.28") (duration "17.43") L 10/08/2014 - 18:03:33:    path_goal ( "-2337.50 1400.00 -82.47" )
L 10/08/2014 - 18:03:34: "A Professional With Standards<2><BOT><Blue>" stuck (position "-2337.10 1444.00 -89.27") (duration "18.48") L 10/08/2014 - 18:03:34:    path_goal ( "-2337.50 1400.00 -82.47" )
L 10/08/2014 - 18:03:34: "SMELLY UNFORTUNATE<3><BOT><Red>" triggered "player_builtobject" (object "OBJ_DISPENSER") (position "-3190 723 -127")
L 10/08/2014 - 18:03:35: "A Professional With Standards<2><BOT><Blue>" stuck (position "-2337.10 1444.00 -89.27") (duration "19.53") L 10/08/2014 - 18:03:35:    path_goal ( "-2337.50 1400.00 -82.47" )
L 10/08/2014 - 18:03:36: "A Professional With Standards<2><BOT><Blue>" stuck (position "-2337.11 1444.00 -89.27") (duration "20.58") L 10/08/2014 - 18:03:36:    path_goal ( "-2337.50 1400.00 -82.47" )
L 10/08/2014 - 18:03:37: "A Professional With Standards<2><BOT><Blue>" stuck (position "-2340.89 1444.03 -89.28") (duration "21.63") L 10/08/2014 - 18:03:37:    path_goal ( "-2337.50 1400.00 -82.47" )
L 10/08/2014 - 18:03:38: "A Professional With Standards<2><BOT><Blue>" stuck (position "-2337.26 1444.03 -89.28") (duration "22.68") L 10/08/2014 - 18:03:38:    path_goal ( "-2337.50 1400.00 -82.47" )
L 10/08/2014 - 18:03:39: "A Professional With Standards<2><BOT><Blue>" stuck (position "-2342.11 1444.03 -89.28") (duration "23.73") L 10/08/2014 - 18:03:39:    path_goal ( "-2337.50 1400.00 -82.47" )
L 10/08/2014 - 18:03:39: "Mentlegen<4><BOT><Blue>" killed "SMELLY UNFORTUNATE<3><BOT><Red>" with "tf_projectile_pipe_remote" (attacker_position "-2678 1649 -122") (victim_position "-3183 770 -126")
L 10/08/2014 - 18:03:39: "Mentlegen<4><BOT><Blue>" triggered "killedobject" (object "OBJ_DISPENSER") (weapon "tf_projectile_pipe_remote") (objectowner "SMELLY UNFORTUNATE<3><BOT><Red>") (attacker_position "-2678 1649 -122")
L 10/08/2014 - 18:03:39: "Mentlegen<4><BOT><Blue>" triggered "killedobject" (object "OBJ_SENTRYGUN") (weapon "tf_projectile_pipe_remote") (objectowner "SMELLY UNFORTUNATE<3><BOT><Red>") (attacker_position "-2678 1649 -122")
L 10/08/2014 - 18:03:39: "SMELLY UNFORTUNATE<3><BOT><Red>" changed role to "demoman"
L 10/08/2014 - 18:03:40: "A Professional With Standards<2><BOT><Blue>" triggered "medic_death" against "Still Alive<9><BOT><Red>" (healing "399") (ubercharge "0")
L 10/08/2014 - 18:03:40: "A Professional With Standards<2><BOT><Blue>" killed "Still Alive<9><BOT><Red>" with "scattergun" (attacker_position "-2337 1444 -89") (victim_position "-3115 1414 -127")
L 10/08/2014 - 18:03:40: "A Professional With Standards<2><BOT><Blue>" stuck (position "-2337.10 1444.02 -89.27") (duration "24.78") L 10/08/2014 - 18:03:40:    path_goal ( "-2337.50 1400.00 -82.47" )
L 10/08/2014 - 18:03:41: "A Professional With Standards<2><BOT><Blue>" stuck (position "-2337.10 1444.00 -89.27") (duration "25.83") L 10/08/2014 - 18:03:41:    path_goal ( "-2337.50 1400.00 -82.47" )
L 10/08/2014 - 18:03:42: "A Professional With Standards<2><BOT><Blue>" stuck (position "-2339.24 1444.03 -89.28") (duration "26.88") L 10/08/2014 - 18:03:42:    path_goal ( "-2337.50 1400.00 -82.47" )
L 10/08/2014 - 18:03:43: "A Professional With Standards<2><BOT><Blue>" stuck (position "-2340.89 1444.03 -89.28") (duration "27.93") L 10/08/2014 - 18:03:43:    path_goal ( "-2337.50 1400.00 -82.47" )
L 10/08/2014 - 18:03:44: "A Professional With Standards<2><BOT><Blue>" stuck (position "-2345.75 1444.03 -89.28") (duration "28.98") L 10/08/2014 - 18:03:44:    path_goal ( "-2337.50 1400.00 -82.47" )
L 10/08/2014 - 18:03:45: "Chucklenuts<7><BOT><Red>" killed "Mentlegen<4><BOT><Blue>" with "flamethrower" (attacker_position "-2862 720 -127") (victim_position "-2813 851 -123")
L 10/08/2014 - 18:03:45: "Mentlegen<4><BOT><Blue>" changed role to "soldier"
L 10/08/2014 - 18:03:45: "A Professional With Standards<2><BOT><Blue>" stuck (position "-2339.82 1456.63 -93.47") (duration "0.10") L 10/08/2014 - 18:03:45:    path_goal ( "-2425.00 1456.63 -99.18" )
L 10/08/2014 - 18:03:46: "A Professional With Standards<2><BOT><Blue>" stuck (position "-2379.53 1484.96 -100.09") (duration "1.15") L 10/08/2014 - 18:03:46:    path_goal ( "-2400.00 1550.00 -122.17" )
L 10/08/2014 - 18:04:03: "Ribs Grow Back<5><BOT><Red>" triggered "player_builtobject" (object "OBJ_DISPENSER") (position "-2254 -444 6")
L 10/08/2014 - 18:04:22: "WITCH<8><BOT><Blue>" triggered "chargedeployed"
L 10/08/2014 - 18:04:24: "SMELLY UNFORTUNATE<3><BOT><Red>" triggered "captureblocked" (cp "0") (cpname "#Goldrush_cap_1_A") (position "-3214 59 0")
L 10/08/2014 - 18:04:24: "SMELLY UNFORTUNATE<3><BOT><Red>" killed "Mentlegen<4><BOT><Blue>" with "world" (attacker_position "-3214 59 0") (victim_position "-2848 790 -127")
L 10/08/2014 - 18:04:24: "Still Alive<9><BOT><Red>" triggered "kill assist" against "Mentlegen<4><BOT><Blue>" (assister_position "-2947 -288 0") (attacker_position "-3214 59 0") (victim_position "-2848 790 -127")
L 10/08/2014 - 18:04:24: "Mentlegen<4><BOT><Blue>" changed role to "demoman"
L 10/08/2014 - 18:04:41: "Ribs Grow Back<5><BOT><Red>" triggered "medic_death" against "WITCH<8><BOT><Blue>" (healing "1308") (ubercharge "0")
L 10/08/2014 - 18:04:41: "Ribs Grow Back<5><BOT><Red>" killed "WITCH<8><BOT><Blue>" with "obj_sentrygun3" (attacker_position "-2301 -445 4") (victim_position "-2980 367 -35")
L 10/08/2014 - 18:04:48: "A Professional With Standards<2><BOT><Blue>" killed "SMELLY UNFORTUNATE<3><BOT><Red>" with "world" (attacker_position "-2636 1502 -100") (victim_position "-2669 1422 -80")
L 10/08/2014 - 18:04:48: "SMELLY UNFORTUNATE<3><BOT><Red>" changed role to "heavyweapons"
L 10/08/2014 - 18:05:07: "Ribs Grow Back<5><BOT><Red>" killed "Mentlegen<4><BOT><Blue>" with "obj_sentrygun3" (attacker_position "-2285 -437 4") (victim_position "-2956 358 -31")
L 10/08/2014 - 18:05:23: "A Professional With Standards<2><BOT><Blue>" stuck (position "-2952.97 -265.14 0.03") (duration "2.55") L 10/08/2014 - 18:05:23:    path_goal ( "-2952.97 -275.00 0.03" )
L 10/08/2014 - 18:05:23: "A Professional With Standards<2><BOT><Blue>" stuck (position "-2937.30 -261.27 25.34") (duration "2.65") L 10/08/2014 - 18:05:23:    path_goal ( "-2900.00 -275.00 0.03" )
