L 10/07/2014 - 14:29:44: Log file started (file "logs/L1007007.log") (game "/home/tf2/hlserver/tf2/tf") (version "2426090")
L 10/07/2014 - 14:29:44: server_cvar: "sv_cheats" "1"
L 10/07/2014 - 14:29:44: "MoreGun<2><BOT><>" connected, address "none"
L 10/07/2014 - 14:29:44: "<2><BOT><>" entered the game
L 10/07/2014 - 14:29:44: "MoreGun<2><BOT><Unassigned>" joined team "Blue"
L 10/07/2014 - 14:29:44: "MoreGun<2><BOT><Blue>" changed role to "scout"
L 10/07/2014 - 14:29:44: "MoreGun<2><BOT><Blue>" changed name to "Tiny Baby Man"
L 10/07/2014 - 14:29:44: Sending CMsgGameServerMatchmakingStatus (state=ServerMatchmakingState_NOT_PARTICIPATING)
L 10/07/2014 - 14:29:44: "Developers^4<3><[U:1:197323815]><>" connected, address "192.168.1.102:27005"
L 10/07/2014 - 14:29:45: "Developers^4<3><[U:1:197323815]><>" disconnected (reason "Disconnect by user.")
L 10/07/2014 - 14:29:45: "Developers^4<4><[U:1:197323815]><>" connected, address "192.168.1.102:27005"
L 10/07/2014 - 14:29:45: "Big Mean Muther Hubbard<5><BOT><>" connected, address "none"
L 10/07/2014 - 14:29:45: "<5><BOT><>" entered the game
L 10/07/2014 - 14:29:45: "Big Mean Muther Hubbard<5><BOT><Unassigned>" joined team "Red"
L 10/07/2014 - 14:29:45: "Big Mean Muther Hubbard<5><BOT><Red>" changed role to "engineer"
L 10/07/2014 - 14:29:45: "Big Mean Muther Hubbard<5><BOT><Red>" changed name to "Force of Nature"
L 10/07/2014 - 14:29:45: "Developers^4<4><[U:1:197323815]><>" disconnected (reason "Disconnect by user.")
L 10/07/2014 - 14:29:45: Connection to Steam servers successful.
L 10/07/2014 - 14:29:45:    Public IP is 68.110.44.24.
L 10/07/2014 - 14:29:45: Assigned anonymous gameserver Steam ID [A:1:837918721:4715].
L 10/07/2014 - 14:29:45: "Developers^4<6><[U:1:197323815]><>" connected, address "192.168.1.102:27005"
L 10/07/2014 - 14:29:45: "Crazed Gunman<7><BOT><>" connected, address "none"
L 10/07/2014 - 14:29:45: "<7><BOT><>" entered the game
L 10/07/2014 - 14:29:45: "Crazed Gunman<7><BOT><Unassigned>" joined team "Blue"
L 10/07/2014 - 14:29:45: "Crazed Gunman<7><BOT><Blue>" changed role to "scout"
L 10/07/2014 - 14:29:45: "Crazed Gunman<7><BOT><Blue>" changed name to "Grim Bloody Fable"
L 10/07/2014 - 14:29:45: VAC secure mode is activated.
L 10/07/2014 - 14:29:45: "Developers^4<6><[U:1:197323815]><>" disconnected (reason "Disconnect by user.")
L 10/07/2014 - 14:29:45: "Poopy Joe<8><BOT><>" connected, address "none"
L 10/07/2014 - 14:29:45: "<8><BOT><>" entered the game
L 10/07/2014 - 14:29:45: "Poopy Joe<8><BOT><Unassigned>" joined team "Red"
L 10/07/2014 - 14:29:45: "Poopy Joe<8><BOT><Red>" changed role to "engineer"
L 10/07/2014 - 14:29:45: "Developers^4<9><[U:1:197323815]><>" connected, address "192.168.1.102:27005"
L 10/07/2014 - 14:29:45: "Poopy Joe<8><BOT><Red>" changed name to "A Professional With Standards"
L 10/07/2014 - 14:29:45: tf_server_identity_account_id not set; not logging into registered account
L 10/07/2014 - 14:29:45: "Freakin' Unbelievable<10><BOT><>" connected, address "none"
L 10/07/2014 - 14:29:45: "<10><BOT><>" entered the game
L 10/07/2014 - 14:29:45: "Freakin' Unbelievable<10><BOT><Unassigned>" joined team "Blue"
L 10/07/2014 - 14:29:45: "Freakin' Unbelievable<10><BOT><Blue>" changed role to "pyro"
L 10/07/2014 - 14:29:45: "Freakin' Unbelievable<10><BOT><Blue>" changed name to "SMELLY UNFORTUNATE"
L 10/07/2014 - 14:29:45: "Developers^4<9><[U:1:197323815]><>" STEAM USERID validated
L 10/07/2014 - 14:29:46: "The Administrator<11><BOT><>" connected, address "none"
L 10/07/2014 - 14:29:46: "<11><BOT><>" entered the game
L 10/07/2014 - 14:29:46: "The Administrator<11><BOT><Unassigned>" joined team "Red"
L 10/07/2014 - 14:29:46: "The Administrator<11><BOT><Red>" changed role to "soldier"
L 10/07/2014 - 14:29:46: "The Administrator<11><BOT><Red>" changed name to "Mentlegen"
L 10/07/2014 - 14:29:46: "ducky's_army<12><[U:1:197305319]><>" connected, address "192.168.1.106:27005"
L 10/07/2014 - 14:29:46: "Archimedes!<13><BOT><>" connected, address "none"
L 10/07/2014 - 14:29:46: "<13><BOT><>" entered the game
L 10/07/2014 - 14:29:46: "Archimedes!<13><BOT><Unassigned>" joined team "Blue"
L 10/07/2014 - 14:29:46: "Archimedes!<13><BOT><Blue>" changed role to "medic"
L 10/07/2014 - 14:29:46: "Archimedes!<13><BOT><Blue>" changed name to "Ribs Grow Back"
L 10/07/2014 - 14:29:46: "ducky's_army<12><[U:1:197305319]><>" STEAM USERID validated
L 10/07/2014 - 14:29:46: "It's Filthy in There!<14><BOT><>" connected, address "none"
L 10/07/2014 - 14:29:46: "<14><BOT><>" entered the game
L 10/07/2014 - 14:29:46: "It's Filthy in There!<14><BOT><Unassigned>" joined team "Red"
L 10/07/2014 - 14:29:46: "It's Filthy in There!<14><BOT><Red>" changed role to "medic"
L 10/07/2014 - 14:29:46: "It's Filthy in There!<14><BOT><Red>" changed name to "Mega Baboon"
L 10/07/2014 - 14:29:47: "Buttercup<15><[U:1:197287110]><>" connected, address "192.168.1.107:27005"
L 10/07/2014 - 14:29:47: "Buttercup<15><[U:1:197287110]><>" STEAM USERID validated
L 10/07/2014 - 14:29:48: "splunk hax0r<16><[U:1:197368576]><>" connected, address "192.168.1.105:27005"
L 10/07/2014 - 14:29:48: "splunk hax0r<16><[U:1:197368576]><>" STEAM USERID validated
L 10/07/2014 - 14:29:48: "Developers^4<9><[U:1:197323815]><>" disconnected (reason "Disconnect by user.")
L 10/07/2014 - 14:29:48: "Developers^4<17><[U:1:197323815]><>" connected, address "192.168.1.102:27005"
L 10/07/2014 - 14:29:48: "Developers^4<17><[U:1:197323815]><>" disconnected (reason "Disconnect by user.")
L 10/07/2014 - 14:29:48: "Developers^4<18><[U:1:197323815]><>" connected, address "192.168.1.102:27005"
L 10/07/2014 - 14:29:49: "Developers^4<18><[U:1:197323815]><>" STEAM USERID validated
L 10/07/2014 - 14:29:49: "ducky's_army<12><[U:1:197305319]><>" entered the game
L 10/07/2014 - 14:29:49: server_cvar: "tf_bot_count" "8"
L 10/07/2014 - 14:29:49: server_cvar: "sv_tags" "bots,cp"
L 10/07/2014 - 14:29:50: "Developers^4<18><[U:1:197323815]><>" disconnected (reason "Disconnect by user.")
L 10/07/2014 - 14:29:50: "Developers^4<19><[U:1:197323815]><>" connected, address "192.168.1.102:27005"
L 10/07/2014 - 14:29:50: "Developers^4<19><[U:1:197323815]><>" disconnected (reason "Disconnect by user.")
L 10/07/2014 - 14:29:50: "Developers^4<20><[U:1:197323815]><>" connected, address "192.168.1.102:27005"
L 10/07/2014 - 14:29:50: "Developers^4<20><[U:1:197323815]><>" STEAM USERID validated
L 10/07/2014 - 14:29:50: "Developers^4<20><[U:1:197323815]><>" disconnected (reason "Disconnect by user.")
L 10/07/2014 - 14:29:50: "Developers^4<21><[U:1:197323815]><>" connected, address "192.168.1.102:27005"
L 10/07/2014 - 14:29:50: "Developers^4<21><[U:1:197323815]><>" disconnected (reason "Disconnect by user.")
L 10/07/2014 - 14:29:50: "Developers^4<22><[U:1:197323815]><>" connected, address "192.168.1.102:27005"
L 10/07/2014 - 14:29:50: "Developers^4<22><[U:1:197323815]><>" disconnected (reason "Disconnect by user.")
L 10/07/2014 - 14:29:50: "Developers^4<23><[U:1:197323815]><>" connected, address "192.168.1.102:27005"
L 10/07/2014 - 14:29:51: "Developers^4<23><[U:1:197323815]><>" disconnected (reason "Disconnect by user.")
L 10/07/2014 - 14:29:51: "Developers^4<24><[U:1:197323815]><>" connected, address "192.168.1.102:27005"
L 10/07/2014 - 14:29:51: "Buttercup<15><[U:1:197287110]><>" entered the game
L 10/07/2014 - 14:29:51: "Developers^4<24><[U:1:197323815]><>" disconnected (reason "Disconnect by user.")
L 10/07/2014 - 14:29:51: "Developers^4<25><[U:1:197323815]><>" connected, address "192.168.1.102:27005"
L 10/07/2014 - 14:29:51: "Developers^4<25><[U:1:197323815]><>" disconnected (reason "Disconnect by user.")
L 10/07/2014 - 14:29:51: "Developers^4<26><[U:1:197323815]><>" connected, address "192.168.1.102:27005"
L 10/07/2014 - 14:29:51: "Developers^4<26><[U:1:197323815]><>" disconnected (reason "Disconnect by user.")
L 10/07/2014 - 14:29:51: "splunk hax0r<16><[U:1:197368576]><>" entered the game
L 10/07/2014 - 14:29:56: "Buttercup<15><[U:1:197287110]><Unassigned>" joined team "Blue"
L 10/07/2014 - 14:29:58: "ducky's_army<12><[U:1:197305319]><Unassigned>" joined team "Red"
L 10/07/2014 - 14:29:59: "Buttercup<15><[U:1:197287110]><Blue>" changed role to "sniper"
L 10/07/2014 - 14:29:59: "splunk> All Batbelt, No tights<27><[U:1:197367651]><>" connected, address "192.168.1.104:27005"
L 10/07/2014 - 14:29:59: "Grim Bloody Fable<7><BOT><Blue>" stuck (position "-1627.21 1633.47 -255.92") (duration "2.52") L 10/07/2014 - 14:29:59:    path_goal ( "-216.00 2792.00 -247.97" )
L 10/07/2014 - 14:30:00: "splunk> All Batbelt, No tights<27><[U:1:197367651]><>" STEAM USERID validated
L 10/07/2014 - 14:30:00: "Tiny Baby Man<2><BOT><Blue>" stuck (position "-1627.21 1633.47 -255.89") (duration "2.52") L 10/07/2014 - 14:30:00:    path_goal ( "-216.00 2792.00 -247.97" )
L 10/07/2014 - 14:30:00: "Developers^4<28><[U:1:197323815]><>" connected, address "192.168.1.102:27005"
L 10/07/2014 - 14:30:00: "Developers^4<28><[U:1:197323815]><>" STEAM USERID validated
L 10/07/2014 - 14:30:00: "ducky's_army<12><[U:1:197305319]><Red>" changed role to "pyro"
L 10/07/2014 - 14:30:00: "splunk hax0r<16><[U:1:197368576]><Unassigned>" joined team "Blue"
L 10/07/2014 - 14:30:02: "Grim Bloody Fable<7><BOT><Blue>" stuck (position "-1627.22 1633.47 -255.89") (duration "2.53") L 10/07/2014 - 14:30:02:    path_goal ( "-216.00 2792.00 -247.97" )
L 10/07/2014 - 14:30:02: "Tiny Baby Man<2><BOT><Blue>" stuck (position "-1627.23 1633.47 -255.89") (duration "2.55") L 10/07/2014 - 14:30:02:    path_goal ( "-216.00 2792.00 -247.97" )
L 10/07/2014 - 14:30:03: "SMELLY UNFORTUNATE<10><BOT><Blue>" stuck (position "-1627.21 1633.47 -255.89") (duration "3.39") L 10/07/2014 - 14:30:03:    path_goal ( "-216.00 2792.00 -247.97" )
L 10/07/2014 - 14:30:03: "splunk> All Batbelt, No tights<27><[U:1:197367651]><>" entered the game
L 10/07/2014 - 14:30:03: "Developers^4<28><[U:1:197323815]><>" entered the game
L 10/07/2014 - 14:30:04: "Grim Bloody Fable<7><BOT><Blue>" stuck (position "-1627.21 1633.47 -255.91") (duration "2.52") L 10/07/2014 - 14:30:04:    path_goal ( "-216.00 2792.00 -247.97" )
L 10/07/2014 - 14:30:05: "Tiny Baby Man<2><BOT><Blue>" stuck (position "-1629.44 1633.47 -255.89") (duration "2.52") L 10/07/2014 - 14:30:05:    path_goal ( "-216.00 2792.00 -247.97" )
L 10/07/2014 - 14:30:05: "splunk hax0r<16><[U:1:197368576]><Blue>" changed role to "heavyweapons"
L 10/07/2014 - 14:30:06: "A Professional With Standards<8><BOT><Red>" triggered "player_builtobject" (object "OBJ_SENTRYGUN") (position "150 1809 -266")
L 10/07/2014 - 14:30:06: "SMELLY UNFORTUNATE<10><BOT><Blue>" stuck (position "-1627.21 1633.47 -255.89") (duration "3.36") L 10/07/2014 - 14:30:06:    path_goal ( "-216.00 2792.00 -247.97" )
L 10/07/2014 - 14:30:06: "WhatTheSplunk?<29><[U:1:197468749]><>" connected, address "192.168.1.109:27005"
L 10/07/2014 - 14:30:06: "WhatTheSplunk?<29><[U:1:197468749]><>" STEAM USERID validated
L 10/07/2014 - 14:30:07: "Grim Bloody Fable<7><BOT><Blue>" stuck (position "-1639.12 1633.47 -255.90") (duration "2.52") L 10/07/2014 - 14:30:07:    path_goal ( "-216.00 2792.00 -247.97" )
L 10/07/2014 - 14:30:07: "Tiny Baby Man<2><BOT><Blue>" stuck (position "-1627.21 1633.47 -255.89") (duration "2.52") L 10/07/2014 - 14:30:07:    path_goal ( "-216.00 2792.00 -247.97" )
L 10/07/2014 - 14:30:09: "Developers^4<28><[U:1:197323815]><Unassigned>" joined team "Blue"
L 10/07/2014 - 14:30:09: "SMELLY UNFORTUNATE<10><BOT><Blue>" stuck (position "-1631.09 1633.47 -255.89") (duration "3.36") L 10/07/2014 - 14:30:09:    path_goal ( "-216.00 2792.00 -247.97" )
L 10/07/2014 - 14:30:09: "Grim Bloody Fable<7><BOT><Blue>" stuck (position "-1632.78 1633.47 -255.91") (duration "2.52") L 10/07/2014 - 14:30:09:    path_goal ( "-216.00 2792.00 -247.97" )
L 10/07/2014 - 14:30:10: "splunk> All Batbelt, No tights<27><[U:1:197367651]><Unassigned>" joined team "Red"
L 10/07/2014 - 14:30:10: "Tiny Baby Man<2><BOT><Blue>" stuck (position "-1628.96 1633.47 -255.89") (duration "2.52") L 10/07/2014 - 14:30:10:    path_goal ( "-216.00 2792.00 -247.97" )
L 10/07/2014 - 14:30:10: "WhatTheSplunk?<29><[U:1:197468749]><>" entered the game
L 10/07/2014 - 14:30:11: "Developers^4<28><[U:1:197323815]><Blue>" changed role to "pyro"
L 10/07/2014 - 14:30:11: "Force of Nature<5><BOT><Red>" triggered "player_builtobject" (object "OBJ_SENTRYGUN") (position "-199 1755 -258")
L 10/07/2014 - 14:30:12: "splunk> All Batbelt, No tights<27><[U:1:197367651]><Red>" changed role to "soldier"
L 10/07/2014 - 14:30:12: "Grim Bloody Fable<7><BOT><Blue>" stuck (position "-1643.71 1633.47 -255.92") (duration "2.52") L 10/07/2014 - 14:30:12:    path_goal ( "-216.00 2792.00 -247.97" )
L 10/07/2014 - 14:30:12: "Tiny Baby Man<2><BOT><Blue>" stuck (position "-1630.05 1633.47 -255.90") (duration "2.52") L 10/07/2014 - 14:30:12:    path_goal ( "-216.00 2792.00 -247.97" )
L 10/07/2014 - 14:30:13: "SMELLY UNFORTUNATE<10><BOT><Blue>" stuck (position "-1644.39 1633.47 -255.92") (duration "3.36") L 10/07/2014 - 14:30:13:    path_goal ( "-216.00 2792.00 -247.97" )
L 10/07/2014 - 14:30:15: "Grim Bloody Fable<7><BOT><Blue>" stuck (position "-1659.77 1633.47 -255.96") (duration "2.52") L 10/07/2014 - 14:30:15:    path_goal ( "-216.00 2792.00 -247.97" )
L 10/07/2014 - 14:30:15: World triggered "Round_Start"
L 10/07/2014 - 14:30:15: World triggered "Round_Setup_Begin"
L 10/07/2014 - 14:30:15: World triggered "Mini_Round_Selected" (round "round_1")
L 10/07/2014 - 14:30:15: World triggered "Mini_Round_Start"
L 10/07/2014 - 14:30:21: "Force of Nature<5><BOT><Red>" triggered "player_builtobject" (object "OBJ_TELEPORTER") (position "2500 984 -188")
L 10/07/2014 - 14:30:37: "WhatTheSplunk?<29><[U:1:197468749]><Unassigned>" joined team "Red"
L 10/07/2014 - 14:30:41: "Developers^4<28><[U:1:197323815]><Blue>" changed role to "soldier"
L 10/07/2014 - 14:30:43: "Force of Nature<5><BOT><Red>" triggered "player_builtobject" (object "OBJ_SENTRYGUN") (position "6 1970 -309")
L 10/07/2014 - 14:30:43: "splunk> Nezorf<30><[U:1:197388939]><>" connected, address "192.168.1.112:27005"
L 10/07/2014 - 14:30:43: "splunk> Nezorf<30><[U:1:197388939]><>" STEAM USERID validated
L 10/07/2014 - 14:30:47: "splunk> Nezorf<30><[U:1:197388939]><>" entered the game
L 10/07/2014 - 14:30:48: "A Professional With Standards<8><BOT><Red>" triggered "player_builtobject" (object "OBJ_SENTRYGUN") (position "-527 2744 -208")
L 10/07/2014 - 14:30:52: "WhatTheSplunk?<29><[U:1:197468749]><Red>" changed role to "demoman"
L 10/07/2014 - 14:30:53: "splunk> Nezorf<30><[U:1:197388939]><Unassigned>" joined team "Blue"
L 10/07/2014 - 14:30:55: "splunk> Nezorf<30><[U:1:197388939]><Blue>" changed role to "soldier"
L 10/07/2014 - 14:31:11: "A Professional With Standards<8><BOT><Red>" triggered "player_builtobject" (object "OBJ_DISPENSER") (position "-520 2746 -209")
L 10/07/2014 - 14:31:15: World triggered "Round_Setup_End"
L 10/07/2014 - 14:31:19: "Mega Baboon<14><BOT><Red>" triggered "chargedeployed"
L 10/07/2014 - 14:31:26: "splunk> All Batbelt, No tights<27><[U:1:197367651]><Red>" killed "splunk hax0r<16><[U:1:197368576]><Blue>" with "tf_projectile_rocket" (attacker_position "-1637 1909 -248") (victim_position "-1694 1389 -248")
L 10/07/2014 - 14:31:28: "Ribs Grow Back<13><BOT><Blue>" triggered "player_extinguished" against "SMELLY UNFORTUNATE<10><BOT><Blue>" with "tf_weapon_medigun" (attacker_position "-2052 2887 -255") (victim_position "-2039 2886 -255")
L 10/07/2014 - 14:31:29: "Ribs Grow Back<13><BOT><Blue>" triggered "player_extinguished" against "SMELLY UNFORTUNATE<10><BOT><Blue>" with "tf_weapon_medigun" (attacker_position "-1894 2994 -255") (victim_position "-1912 3067 -255")
L 10/07/2014 - 14:31:29: "Ribs Grow Back<13><BOT><Blue>" triggered "chargedeployed"
L 10/07/2014 - 14:31:30: "SMELLY UNFORTUNATE<10><BOT><Blue>" triggered "player_extinguished" against "Grim Bloody Fable<7><BOT><Blue>" with "tf_weapon_flamethrower" (attacker_position "-1872 3077 -255") (victim_position "-1893 3084 -255")
L 10/07/2014 - 14:31:30: "Developers^4<28><[U:1:197323815]><Blue>" killed "ducky's_army<12><[U:1:197305319]><Red>" with "tf_projectile_rocket" (attacker_position "-2168 2978 -255") (victim_position "-1721 2905 -184")
L 10/07/2014 - 14:31:30: "SMELLY UNFORTUNATE<10><BOT><Blue>" triggered "kill assist" against "ducky's_army<12><[U:1:197305319]><Red>" (assister_position "-1934 3071 -255") (attacker_position "-2168 2978 -255") (victim_position "-1721 2905 -184")
L 10/07/2014 - 14:31:31: "Grim Bloody Fable<7><BOT><Blue>" triggered "medic_death" against "Mega Baboon<14><BOT><Red>" (healing "839") (ubercharge "0")
L 10/07/2014 - 14:31:31: "Grim Bloody Fable<7><BOT><Blue>" killed "Mega Baboon<14><BOT><Red>" with "pistol_scout" (attacker_position "-2034 2993 -255") (victim_position "-1551 2784 -184")
L 10/07/2014 - 14:31:31: "SMELLY UNFORTUNATE<10><BOT><Blue>" triggered "kill assist" against "Mega Baboon<14><BOT><Red>" (assister_position "-1902 2893 -255") (attacker_position "-2034 2993 -255") (victim_position "-1551 2784 -184")
L 10/07/2014 - 14:31:35: "splunk hax0r<16><[U:1:197368576]><Blue>" changed role to "scout"
L 10/07/2014 - 14:31:37: "SMELLY UNFORTUNATE<10><BOT><Blue>" killed "A Professional With Standards<8><BOT><Red>" with "flamethrower" (attacker_position "-655 2839 -255") (victim_position "-576 2847 -247")
L 10/07/2014 - 14:31:37: "Ribs Grow Back<13><BOT><Blue>" triggered "kill assist" against "A Professional With Standards<8><BOT><Red>" (assister_position "-686 2769 -255") (attacker_position "-655 2839 -255") (victim_position "-576 2847 -247")
L 10/07/2014 - 14:31:38: "Developers^4<28><[U:1:197323815]><Blue>" triggered "killedobject" (object "OBJ_SENTRYGUN") (weapon "tf_projectile_rocket") (objectowner "A Professional With Standards<8><BOT><Red>") (attacker_position "-1516 2863 -253")
L 10/07/2014 - 14:31:40: "Chief Data Wrangler<31><[U:1:197363721]><>" connected, address "192.168.1.111:27005"
L 10/07/2014 - 14:31:41: "Chief Data Wrangler<31><[U:1:197363721]><>" STEAM USERID validated
L 10/07/2014 - 14:31:41: "SMELLY UNFORTUNATE<10><BOT><Blue>" triggered "killedobject" (object "OBJ_DISPENSER") (weapon "flamethrower") (objectowner "A Professional With Standards<8><BOT><Red>") (attacker_position "-527 2781 -232")
L 10/07/2014 - 14:31:43: "splunk> All Batbelt, No tights<27><[U:1:197367651]><Red>" triggered "medic_death" against "Ribs Grow Back<13><BOT><Blue>" (healing "727") (ubercharge "0")
L 10/07/2014 - 14:31:43: "splunk> All Batbelt, No tights<27><[U:1:197367651]><Red>" killed "Ribs Grow Back<13><BOT><Blue>" with "tf_projectile_rocket" (attacker_position "-41 2698 -247") (victim_position "-475 2834 -247")
L 10/07/2014 - 14:31:43: "WhatTheSplunk?<29><[U:1:197468749]><Red>" triggered "kill assist" against "Ribs Grow Back<13><BOT><Blue>" (assister_position "-5 2531 -255") (attacker_position "-41 2698 -247") (victim_position "-475 2834 -247")
L 10/07/2014 - 14:31:43: "Developers^4<28><[U:1:197323815]><Blue>" triggered "killedobject" (object "OBJ_SENTRYGUN") (weapon "tf_projectile_rocket") (objectowner "Force of Nature<5><BOT><Red>") (attacker_position "-1069 2635 -250")
L 10/07/2014 - 14:31:44: "Grim Bloody Fable<7><BOT><Blue>" stuck (position "-1234.85 3067.42 -255.97") (duration "2.52") L 10/07/2014 - 14:31:44:    path_goal ( "-1550.00 3048.52 -255.97" )
L 10/07/2014 - 14:31:44: "Grim Bloody Fable<7><BOT><Blue>" stuck (position "-1271.51 3085.19 -230.66") (duration "2.62") L 10/07/2014 - 14:31:44:    path_goal ( "-1550.00 3048.52 -255.97" )
L 10/07/2014 - 14:31:46: "Force of Nature<5><BOT><Red>" triggered "player_builtobject" (object "OBJ_SENTRYGUN") (position "-169 1713 -254")
L 10/07/2014 - 14:31:47: "Developers^4<28><[U:1:197323815]><Blue>" triggered "killedobject" (object "OBJ_SENTRYGUN") (weapon "tf_projectile_rocket") (objectowner "Force of Nature<5><BOT><Red>") (attacker_position "-1069 2635 -250")
L 10/07/2014 - 14:31:48: "Tiny Baby Man<2><BOT><Blue>" killed "splunk> All Batbelt, No tights<27><[U:1:197367651]><Red>" with "pistol_scout" (attacker_position "-75 2817 -247") (victim_position "-94 2593 -247")
L 10/07/2014 - 14:31:51: "Developers^4<28><[U:1:197323815]><Blue>" killed "Force of Nature<5><BOT><Red>" with "tf_projectile_rocket" (attacker_position "-811 2441 -255") (victim_position "-610 2258 -411")
L 10/07/2014 - 14:31:51: "Force of Nature<5><BOT><Red>" changed role to "soldier"
L 10/07/2014 - 14:31:52: "SMELLY UNFORTUNATE<10><BOT><Blue>" stuck (position "-588.96 2514.82 -255.97") (duration "3.46") L 10/07/2014 - 14:31:52:    path_goal ( "-562.50 2537.50 -255.97" )
L 10/07/2014 - 14:31:52: "SMELLY UNFORTUNATE<10><BOT><Blue>" stuck (position "-619.45 2522.75 -230.66") (duration "3.57") L 10/07/2014 - 14:31:52:    path_goal ( "-562.50 2537.50 -255.97" )
L 10/07/2014 - 14:31:59: "Chief Data Wrangler<31><[U:1:197363721]><>" entered the game
L 10/07/2014 - 14:32:00: "Tiny Baby Man<2><BOT><Blue>" killed "Mentlegen<11><BOT><Red>" with "pistol_scout" (attacker_position "-294 2198 -415") (victim_position "347 2252 -255")
L 10/07/2014 - 14:32:00: "Mentlegen<11><BOT><Red>" changed role to "engineer"
L 10/07/2014 - 14:32:06: "Chief Data Wrangler<31><[U:1:197363721]><Unassigned>" joined team "Red"
L 10/07/2014 - 14:32:10: Team "Blue" triggered "pointcaptured" (cp "0") (cpname "#Dustbowl_cap_1_A") (numcappers "2") (player1 "Tiny Baby Man<2><BOT><Blue>") (position1 "-302 2825 -240") (player2 "Grim Bloody Fable<7><BOT><Blue>") (position2 "-250 2796 -240") 
L 10/07/2014 - 14:32:12: "ducky's_army<12><[U:1:197305319]><Red>" killed "Developers^4<28><[U:1:197323815]><Blue>" with "flamethrower" (attacker_position "479 2570 -247") (victim_position "366 2514 -254")
L 10/07/2014 - 14:32:15: "A Professional With Standards<8><BOT><Red>" killed "splunk hax0r<16><[U:1:197368576]><Blue>" with "shotgun_primary" (attacker_position "1911 1090 -206") (victim_position "2126 1509 -195")
L 10/07/2014 - 14:32:15: "ducky's_army<12><[U:1:197305319]><Red>" triggered "kill assist" against "splunk hax0r<16><[U:1:197368576]><Blue>" (assister_position "-295 2796 -240") (attacker_position "1911 1090 -206") (victim_position "2126 1509 -195")
L 10/07/2014 - 14:32:15: "splunk> Nezorf<30><[U:1:197388939]><Blue>" disconnected (reason "Disconnect by user.")
L 10/07/2014 - 14:32:15: "splunk> Nezorf<32><[U:1:197388939]><>" connected, address "192.168.1.112:27005"
L 10/07/2014 - 14:32:16: "splunk> Nezorf<32><[U:1:197388939]><>" STEAM USERID validated
L 10/07/2014 - 14:32:18: "Chief Data Wrangler<31><[U:1:197363721]><Red>" changed role to "scout"
L 10/07/2014 - 14:32:18: "Tiny Baby Man<2><BOT><Blue>" killed "WhatTheSplunk?<29><[U:1:197468749]><Red>" with "scattergun" (attacker_position "994 1994 -255") (victim_position "1079 2277 -252")
L 10/07/2014 - 14:32:19: "splunk> Nezorf<32><[U:1:197388939]><>" entered the game
L 10/07/2014 - 14:32:23: "A Professional With Standards<8><BOT><Red>" triggered "player_builtobject" (object "OBJ_SENTRYGUN") (position "1294 2429 -258")
L 10/07/2014 - 14:32:25: "splunk> Nezorf<32><[U:1:197388939]><Unassigned>" joined team "Blue"
L 10/07/2014 - 14:32:26: "splunk> Nezorf<32><[U:1:197388939]><Blue>" changed role to "soldier"
L 10/07/2014 - 14:32:30: "A Professional With Standards<8><BOT><Red>" killed "Grim Bloody Fable<7><BOT><Blue>" with "obj_sentrygun" (attacker_position "1304 2388 -253") (victim_position "950 2238 -254")
L 10/07/2014 - 14:32:30: "Grim Bloody Fable<7><BOT><Blue>" changed role to "demoman"
L 10/07/2014 - 14:32:32: "splunk hax0r<16><[U:1:197368576]><Blue>" changed role to "spy"
L 10/07/2014 - 14:32:33: "Mentlegen<11><BOT><Red>" triggered "player_builtobject" (object "OBJ_SENTRYGUN") (position "2103 2758 -160")
L 10/07/2014 - 14:32:34: "SMELLY UNFORTUNATE<10><BOT><Blue>" killed "A Professional With Standards<8><BOT><Red>" with "flamethrower" (attacker_position "1145 2264 -257") (victim_position "1247 2341 -257")
L 10/07/2014 - 14:32:34: "Ribs Grow Back<13><BOT><Blue>" triggered "kill assist" against "A Professional With Standards<8><BOT><Red>" (assister_position "1067 2054 -254") (attacker_position "1145 2264 -257") (victim_position "1247 2341 -257")
L 10/07/2014 - 14:32:35: "SMELLY UNFORTUNATE<10><BOT><Blue>" triggered "killedobject" (object "OBJ_SENTRYGUN") (weapon "flamethrower") (objectowner "A Professional With Standards<8><BOT><Red>") (attacker_position "1218 2314 -259")
L 10/07/2014 - 14:32:35: "Ribs Grow Back<13><BOT><Blue>" triggered "killedobject" (object "OBJ_SENTRYGUN") (objectowner "A Professional With Standards<8><BOT><Red>") (assist "1") (assister_position "1131 2077 -255") (attacker_position "1218 2314 -259")
L 10/07/2014 - 14:32:37: "ducky's_army<12><[U:1:197305319]><Red>" killed "SMELLY UNFORTUNATE<10><BOT><Blue>" with "flamethrower" (attacker_position "1274 2347 -255") (victim_position "1297 2395 -253")
L 10/07/2014 - 14:32:37: "Mega Baboon<14><BOT><Red>" triggered "kill assist" against "SMELLY UNFORTUNATE<10><BOT><Blue>" (assister_position "1375 2235 -247") (attacker_position "1274 2347 -255") (victim_position "1297 2395 -253")
L 10/07/2014 - 14:32:37: "SMELLY UNFORTUNATE<10><BOT><Blue>" changed role to "soldier"
L 10/07/2014 - 14:32:43: "ducky's_army<12><[U:1:197305319]><Red>" triggered "medic_death" against "Ribs Grow Back<13><BOT><Blue>" (healing "154") (ubercharge "0")
L 10/07/2014 - 14:32:43: "ducky's_army<12><[U:1:197305319]><Red>" killed "Ribs Grow Back<13><BOT><Blue>" with "flamethrower" (attacker_position "785 1702 -204") (victim_position "737 1736 -226")
L 10/07/2014 - 14:32:49: "splunk> Nezorf<32><[U:1:197388939]><Blue>" killed "ducky's_army<12><[U:1:197305319]><Red>" with "tf_projectile_rocket" (attacker_position "81 2360 -274") (victim_position "322 2228 -229")
L 10/07/2014 - 14:32:49: "Developers^4<28><[U:1:197323815]><Blue>" triggered "kill assist" against "ducky's_army<12><[U:1:197305319]><Red>" (assister_position "-86 2215 -296") (attacker_position "81 2360 -274") (victim_position "322 2228 -229")
L 10/07/2014 - 14:32:52: "ducky's_army<12><[U:1:197305319]><Red>" killed "Buttercup<15><[U:1:197287110]><Blue>" with "flamethrower" (attacker_position "322 2228 -215") (victim_position "-793 2230 -415")
L 10/07/2014 - 14:33:03: "A Professional With Standards<8><BOT><Red>" triggered "player_builtobject" (object "OBJ_SENTRYGUN") (position "1592 2358 -205")
L 10/07/2014 - 14:33:15: "Force of Nature<5><BOT><Red>" killed "Grim Bloody Fable<7><BOT><Blue>" with "tf_projectile_rocket" (attacker_position "1739 2735 -154") (victim_position "1463 2703 -60")
L 10/07/2014 - 14:33:15: "Mega Baboon<14><BOT><Red>" triggered "kill assist" against "Grim Bloody Fable<7><BOT><Blue>" (assister_position "1636 2735 -85") (attacker_position "1739 2735 -154") (victim_position "1463 2703 -60")
L 10/07/2014 - 14:33:16: "Chief Data Wrangler<31><[U:1:197363721]><Red>" killed "Developers^4<28><[U:1:197323815]><Blue>" with "scattergun" (attacker_position "1123 1782 -63") (victim_position "1012 1633 -63")
L 10/07/2014 - 14:33:16: "splunk> All Batbelt, No tights<27><[U:1:197367651]><Red>" triggered "kill assist" against "Developers^4<28><[U:1:197323815]><Blue>" (assister_position "1601 2527 -192") (attacker_position "1123 1782 -63") (victim_position "1012 1633 -63")
L 10/07/2014 - 14:33:26: "splunk> Nezorf<32><[U:1:197388939]><Blue>" killed "Chief Data Wrangler<31><[U:1:197363721]><Red>" with "tf_projectile_rocket" (attacker_position "606 2634 -251") (victim_position "823 2599 -254")
L 10/07/2014 - 14:33:29: "Mega Baboon<14><BOT><Red>" triggered "chargedeployed"
L 10/07/2014 - 14:33:29: "Force of Nature<5><BOT><Red>" killed "SMELLY UNFORTUNATE<10><BOT><Blue>" with "tf_projectile_rocket" (attacker_position "1791 2713 -191") (victim_position "1601 2760 -63")
L 10/07/2014 - 14:33:29: "Mega Baboon<14><BOT><Red>" triggered "kill assist" against "SMELLY UNFORTUNATE<10><BOT><Blue>" (assister_position "1692 2672 -122") (attacker_position "1791 2713 -191") (victim_position "1601 2760 -63")
L 10/07/2014 - 14:33:29: "SMELLY UNFORTUNATE<10><BOT><Blue>" changed role to "demoman"
L 10/07/2014 - 14:33:32: "A Professional With Standards<8><BOT><Red>" triggered "medic_death" against "Ribs Grow Back<13><BOT><Blue>" (healing "214") (ubercharge "0")
L 10/07/2014 - 14:33:32: "A Professional With Standards<8><BOT><Red>" killed "Ribs Grow Back<13><BOT><Blue>" with "obj_sentrygun" (attacker_position "1168 2473 -263") (victim_position "1591 2451 -205")
L 10/07/2014 - 14:33:32: "Mentlegen<11><BOT><Red>" triggered "kill assist" against "Ribs Grow Back<13><BOT><Blue>" (assister_position "1794 2698 -191") (attacker_position "1168 2473 -263") (victim_position "1591 2451 -205")
L 10/07/2014 - 14:33:38: "splunk> Nezorf<32><[U:1:197388939]><Blue>" killed "splunk> All Batbelt, No tights<27><[U:1:197367651]><Red>" with "tf_projectile_rocket" (attacker_position "606 1955 -255") (victim_position "751 1814 -255")
L 10/07/2014 - 14:33:39: "Force of Nature<5><BOT><Red>" killed "Tiny Baby Man<2><BOT><Blue>" with "tf_projectile_rocket" (attacker_position "1898 1456 -204") (victim_position "1902 548 -242")
L 10/07/2014 - 14:33:39: "Mega Baboon<14><BOT><Red>" triggered "kill assist" against "Tiny Baby Man<2><BOT><Blue>" (assister_position "1793 1549 -190") (attacker_position "1898 1456 -204") (victim_position "1902 548 -242")
L 10/07/2014 - 14:33:46: "A Professional With Standards<8><BOT><Red>" killed "splunk> Nezorf<32><[U:1:197388939]><Blue>" with "obj_sentrygun2" (attacker_position "1901 1597 -205") (victim_position "886 2209 -255")
L 10/07/2014 - 14:33:47: "splunk> Nezorf<32><[U:1:197388939]><Blue>" triggered "medic_death" against "Mega Baboon<14><BOT><Red>" (healing "1519") (ubercharge "0")
L 10/07/2014 - 14:33:47: "splunk> Nezorf<32><[U:1:197388939]><Blue>" killed "Mega Baboon<14><BOT><Red>" with "tf_projectile_rocket" (attacker_position "886 2209 -241") (victim_position "1707 2523 -194")
L 10/07/2014 - 14:33:47: "Mentlegen<11><BOT><Red>" triggered "player_builtobject" (object "OBJ_DISPENSER") (position "2100 2748 -161")
L 10/07/2014 - 14:33:50: "A Professional With Standards<8><BOT><Red>" triggered "captureblocked" (cp "1") (cpname "#Dustbowl_cap_1_B") (position "1880 594 -216")
L 10/07/2014 - 14:33:50: "A Professional With Standards<8><BOT><Red>" killed "splunk hax0r<16><[U:1:197368576]><Blue>" with "obj_sentrygun2" (attacker_position "1880 594 -216") (victim_position "2199 2410 -136")
L 10/07/2014 - 14:33:50: "ducky's_army<12><[U:1:197305319]><Red>" triggered "kill assist" against "splunk hax0r<16><[U:1:197368576]><Blue>" (assister_position "1807 2089 -196") (attacker_position "1880 594 -216") (victim_position "2199 2410 -136")
L 10/07/2014 - 14:34:04: "splunk hax0r<16><[U:1:197368576]><Blue>" changed role to "sniper"
L 10/07/2014 - 14:34:06: "Chief Data Wrangler<31><[U:1:197363721]><Red>" killed "Buttercup<15><[U:1:197287110]><Blue>" with "scattergun" (attacker_position "1040 1773 -63") (victim_position "953 1939 -63")
L 10/07/2014 - 14:34:11: "A Professional With Standards<8><BOT><Red>" killed "Grim Bloody Fable<7><BOT><Blue>" with "obj_sentrygun2" (attacker_position "1463 2325 -234") (victim_position "1164 2471 -263")
L 10/07/2014 - 14:34:11: "Mentlegen<11><BOT><Red>" triggered "kill assist" against "Grim Bloody Fable<7><BOT><Blue>" (assister_position "2100 2737 -161") (attacker_position "1463 2325 -234") (victim_position "1164 2471 -263")
L 10/07/2014 - 14:34:12: "Ribs Grow Back<13><BOT><Blue>" killed "ducky's_army<12><[U:1:197305319]><Red>" with "syringegun_medic" (attacker_position "-782 2536 -255") (victim_position "-876 2472 -257")
L 10/07/2014 - 14:34:15: "Ribs Grow Back<13><BOT><Blue>" triggered "player_extinguished" against "SMELLY UNFORTUNATE<10><BOT><Blue>" with "tf_weapon_medigun" (attacker_position "-643 2320 -402") (victim_position "-370 2291 -349")
L 10/07/2014 - 14:34:15: "A Professional With Standards<8><BOT><Red>" killed "Developers^4<28><[U:1:197323815]><Blue>" with "obj_sentrygun2" (attacker_position "1286 2326 -254") (victim_position "793 2687 -58")
L 10/07/2014 - 14:34:19: "ducky's_army<12><[U:1:197305319]><Red>" triggered "medic_death" against "Ribs Grow Back<13><BOT><Blue>" (healing "177") (ubercharge "0")
L 10/07/2014 - 14:34:19: "ducky's_army<12><[U:1:197305319]><Red>" killed "Ribs Grow Back<13><BOT><Blue>" with "flamethrower" (attacker_position "1544 2184 114") (victim_position "-157 2673 -247")
L 10/07/2014 - 14:34:20: "Buttercup<15><[U:1:197287110]><Blue>" changed role to "soldier"
L 10/07/2014 - 14:34:23: "Force of Nature<5><BOT><Red>" stuck (position "2155.28 2690.69 -159.97") (duration "4.20") L 10/07/2014 - 14:34:23:    path_goal ( "2161.26 2710.24 -160.78" )
L 10/07/2014 - 14:34:23: "Force of Nature<5><BOT><Red>" stuck (position "2163.13 2687.10 -134.66") (duration "4.30") L 10/07/2014 - 14:34:23:    path_goal ( "NULL" )
L 10/07/2014 - 14:34:26: "A Professional With Standards<8><BOT><Red>" killed "Tiny Baby Man<2><BOT><Blue>" with "obj_sentrygun3" (attacker_position "1537 2380 -216") (victim_position "1492 2235 -218")
L 10/07/2014 - 14:34:26: "Mega Baboon<14><BOT><Red>" triggered "kill assist" against "Tiny Baby Man<2><BOT><Blue>" (assister_position "1453 2187 -222") (attacker_position "1537 2380 -216") (victim_position "1492 2235 -218")
L 10/07/2014 - 14:34:32: "Mentlegen<11><BOT><Red>" killed "SMELLY UNFORTUNATE<10><BOT><Blue>" with "obj_sentrygun3" (attacker_position "2107 2706 -159") (victim_position "1465 2706 -60")
L 10/07/2014 - 14:34:36: "A Professional With Standards<8><BOT><Red>" triggered "player_builtobject" (object "OBJ_DISPENSER") (position "1586 2352 -205")
L 10/07/2014 - 14:34:52: "Developers^4<28><[U:1:197323815]><Blue>" killed "splunk> All Batbelt, No tights<27><[U:1:197367651]><Red>" with "tf_projectile_rocket" (attacker_position "-527 2750 -212") (victim_position "-99 2902 -155")
L 10/07/2014 - 14:34:52: "Ribs Grow Back<13><BOT><Blue>" triggered "kill assist" against "splunk> All Batbelt, No tights<27><[U:1:197367651]><Red>" (assister_position "-590 2817 -255") (attacker_position "-527 2750 -212") (victim_position "-99 2902 -155")
L 10/07/2014 - 14:34:57: "Tiny Baby Man<2><BOT><Blue>" killed "ducky's_army<12><[U:1:197305319]><Red>" with "scattergun" (attacker_position "201 2270 -255") (victim_position "208 2429 -259")
L 10/07/2014 - 14:34:57: "splunk> Nezorf<32><[U:1:197388939]><Blue>" triggered "kill assist" against "ducky's_army<12><[U:1:197305319]><Red>" (assister_position "95 2271 -264") (attacker_position "201 2270 -255") (victim_position "208 2429 -259")
L 10/07/2014 - 14:35:01: "ducky's_army<12><[U:1:197305319]><Red>" killed "splunk> Nezorf<32><[U:1:197388939]><Blue>" with "flamethrower" (attacker_position "208 2429 -245") (victim_position "98 1907 -286")
L 10/07/2014 - 14:35:03: "splunk> All Batbelt, No tights<27><[U:1:197367651]><Red>" changed role to "scout"
L 10/07/2014 - 14:35:03: "splunk hax0r<16><[U:1:197368576]><Blue>" killed "Chief Data Wrangler<31><[U:1:197363721]><Red>" with "sniperrifle" (customkill "headshot") (attacker_position "-1236 2306 -408") (victim_position "284 2261 -255")
L 10/07/2014 - 14:35:06: "nulltr0n<33><[U:1:197388838]><>" connected, address "192.168.1.114:27005"
L 10/07/2014 - 14:35:06: "nulltr0n<33><[U:1:197388838]><>" STEAM USERID validated
L 10/07/2014 - 14:35:06: "Grim Bloody Fable<7><BOT><Blue>" triggered "killedobject" (object "OBJ_SENTRYGUN") (weapon "tf_projectile_pipe_remote") (objectowner "A Professional With Standards<8><BOT><Red>") (attacker_position "1432 2797 -60")
L 10/07/2014 - 14:35:06: "Grim Bloody Fable<7><BOT><Blue>" triggered "killedobject" (object "OBJ_DISPENSER") (weapon "tf_projectile_pipe_remote") (objectowner "A Professional With Standards<8><BOT><Red>") (attacker_position "1432 2797 -60")
L 10/07/2014 - 14:35:09: "nulltr0n<33><[U:1:197388838]><>" entered the game
L 10/07/2014 - 14:35:10: "splunk> Nezorf<32><[U:1:197388939]><Blue>" changed role to "heavyweapons"
L 10/07/2014 - 14:35:10: "Mentlegen<11><BOT><Red>" triggered "medic_death" against "Ribs Grow Back<13><BOT><Blue>" (healing "246") (ubercharge "0")
L 10/07/2014 - 14:35:10: "Mentlegen<11><BOT><Red>" killed "Ribs Grow Back<13><BOT><Blue>" with "obj_sentrygun3" (attacker_position "2105 2706 -159") (victim_position "1359 2728 -63")
L 10/07/2014 - 14:35:12: "Grim Bloody Fable<7><BOT><Blue>" triggered "medic_death" against "Mega Baboon<14><BOT><Red>" (healing "489") (ubercharge "0")
L 10/07/2014 - 14:35:12: "Grim Bloody Fable<7><BOT><Blue>" killed "Mega Baboon<14><BOT><Red>" with "tf_projectile_pipe" (attacker_position "1063 2383 -254") (victim_position "1361 2346 -157")
L 10/07/2014 - 14:35:12: "A Professional With Standards<8><BOT><Red>" stuck (position "2151.22 2640.83 -159.97") (duration "3.38") L 10/07/2014 - 14:35:12:    path_goal ( "2050.00 2676.95 -190.99" )
L 10/07/2014 - 14:35:13: "Mentlegen<11><BOT><Red>" killed "Developers^4<28><[U:1:197323815]><Blue>" with "obj_sentrygun3" (attacker_position "2103 2706 -159") (victim_position "1300 2661 -63")
L 10/07/2014 - 14:35:16: "nulltr0n<33><[U:1:197388838]><Unassigned>" joined team "Blue"
L 10/07/2014 - 14:35:19: "A Professional With Standards<8><BOT><Red>" triggered "player_builtobject" (object "OBJ_SENTRYGUN") (position "1932 2735 -191")
L 10/07/2014 - 14:35:20: "nulltr0n<33><[U:1:197388838]><Blue>" changed role to "spy"
L 10/07/2014 - 14:35:23: "SMELLY UNFORTUNATE<10><BOT><Blue>" killed "WhatTheSplunk?<29><[U:1:197468749]><Red>" with "tf_projectile_pipe" (attacker_position "1186 2238 -163") (victim_position "1887 1896 -203")
L 10/07/2014 - 14:35:23: "Buttercup<15><[U:1:197287110]><Blue>" triggered "kill assist" against "WhatTheSplunk?<29><[U:1:197468749]><Red>" (assister_position "1269 2399 -256") (attacker_position "1186 2238 -163") (victim_position "1887 1896 -203")
L 10/07/2014 - 14:35:29: "ducky's_army<12><[U:1:197305319]><Red>" killed "SMELLY UNFORTUNATE<10><BOT><Blue>" with "flamethrower" (attacker_position "1670 2370 -205") (victim_position "1415 2400 -242")
L 10/07/2014 - 14:35:29: "A Professional With Standards<8><BOT><Red>" triggered "kill assist" against "SMELLY UNFORTUNATE<10><BOT><Blue>" (assister_position "1883 2734 -191") (attacker_position "1670 2370 -205") (victim_position "1415 2400 -242")
L 10/07/2014 - 14:35:31: "A Professional With Standards<8><BOT><Red>" killed "Buttercup<15><[U:1:197287110]><Blue>" with "obj_sentrygun" (attacker_position "2088 2686 -166") (victim_position "1541 2265 -210")
L 10/07/2014 - 14:35:31: "ducky's_army<12><[U:1:197305319]><Red>" triggered "kill assist" against "Buttercup<15><[U:1:197287110]><Blue>" (assister_position "1626 2068 -196") (attacker_position "2088 2686 -166") (victim_position "1541 2265 -210")
L 10/07/2014 - 14:35:36: "Grim Bloody Fable<7><BOT><Blue>" killed "splunk> All Batbelt, No tights<27><[U:1:197367651]><Red>" with "tf_projectile_pipe" (attacker_position "1035 2312 -253") (victim_position "1581 2272 -202")
L 10/07/2014 - 14:35:48: "ducky's_army<12><[U:1:197305319]><Red>" killed "Tiny Baby Man<2><BOT><Blue>" with "flamethrower" (attacker_position "2497 2111 -186") (victim_position "2701 2089 -190")
L 10/07/2014 - 14:35:56: "Buttercup<15><[U:1:197287110]><Blue>" changed role to "engineer"
L 10/07/2014 - 14:36:03: "WhatTheSplunk?<29><[U:1:197468749]><Red>" killed "nulltr0n<33><[U:1:197388838]><Blue>" with "tf_projectile_pipe" (attacker_position "1540 2127 -202") (victim_position "1040 2373 -253")
L 10/07/2014 - 14:36:03: "Force of Nature<5><BOT><Red>" killed "splunk> Nezorf<32><[U:1:197388939]><Blue>" with "tf_projectile_rocket" (attacker_position "2082 2134 -201") (victim_position "866 2445 -251")
L 10/07/2014 - 14:36:03: "Mega Baboon<14><BOT><Red>" triggered "kill assist" against "splunk> Nezorf<32><[U:1:197388939]><Blue>" (assister_position "1926 1872 -206") (attacker_position "2082 2134 -201") (victim_position "866 2445 -251")
L 10/07/2014 - 14:36:10: "Buttercup<15><[U:1:197287110]><Blue>" killed "Chief Data Wrangler<31><[U:1:197363721]><Red>" with "shotgun_primary" (attacker_position "-718 2804 -255") (victim_position "-419 2902 -247")
L 10/07/2014 - 14:36:14: "Ribs Grow Back<13><BOT><Blue>" triggered "player_extinguished" against "Developers^4<28><[U:1:197323815]><Blue>" with "tf_weapon_medigun" (attacker_position "932 2792 -55") (victim_position "825 2537 -54")
L 10/07/2014 - 14:36:14: "Don't stats me bro!<34><[U:1:197330785]><>" connected, address "192.168.1.103:27005"
L 10/07/2014 - 14:36:14: "Don't stats me bro!<34><[U:1:197330785]><>" STEAM USERID validated
L 10/07/2014 - 14:36:16: "splunk> Nezorf<32><[U:1:197388939]><Blue>" changed role to "engineer"
L 10/07/2014 - 14:36:18: "Don't stats me bro!<34><[U:1:197330785]><>" entered the game
L 10/07/2014 - 14:36:22: "Tiny Baby Man<2><BOT><Blue>" killed "ducky's_army<12><[U:1:197305319]><Red>" with "scattergun" (attacker_position "1031 2382 -253") (victim_position "890 2472 -250")
L 10/07/2014 - 14:36:24: "Developers^4<28><[U:1:197323815]><Blue>" killed "WhatTheSplunk?<29><[U:1:197468749]><Red>" with "tf_projectile_rocket" (attacker_position "808 2504 -56") (victim_position "1144 2366 -258")
L 10/07/2014 - 14:36:24: "Ribs Grow Back<13><BOT><Blue>" triggered "kill assist" against "WhatTheSplunk?<29><[U:1:197468749]><Red>" (assister_position "904 2788 -55") (attacker_position "808 2504 -56") (victim_position "1144 2366 -258")
L 10/07/2014 - 14:36:24: "Force of Nature<5><BOT><Red>" killed "Tiny Baby Man<2><BOT><Blue>" with "tf_projectile_rocket" (attacker_position "2080 2079 -203") (victim_position "1470 2445 -231")
L 10/07/2014 - 14:36:24: "Mega Baboon<14><BOT><Red>" triggered "kill assist" against "Tiny Baby Man<2><BOT><Blue>" (assister_position "2487 2082 -188") (attacker_position "2080 2079 -203") (victim_position "1470 2445 -231")
L 10/07/2014 - 14:36:26: "Don't stats me bro!<34><[U:1:197330785]><Unassigned>" joined team "Red"
L 10/07/2014 - 14:36:29: "Don't stats me bro!<34><[U:1:197330785]><Red>" changed role to "pyro"
L 10/07/2014 - 14:36:33: "splunk> All Batbelt, No tights<27><[U:1:197367651]><Red>" killed "Developers^4<28><[U:1:197323815]><Blue>" with "scattergun" (attacker_position "930 2658 -63") (victim_position "801 2509 -53")
L 10/07/2014 - 14:36:34: "Ribs Grow Back<13><BOT><Blue>" killed "splunk> All Batbelt, No tights<27><[U:1:197367651]><Red>" with "syringegun_medic" (attacker_position "908 2754 -55") (victim_position "930 2658 -63")
L 10/07/2014 - 14:36:41: "WhatTheSplunk?<29><[U:1:197468749]><Red>" changed role to "soldier"
L 10/07/2014 - 14:36:44: "splunk> Nezorf<32><[U:1:197388939]><Blue>" triggered "player_builtobject" (object "OBJ_SENTRYGUN") (position "-148 2698 -240")
L 10/07/2014 - 14:36:51: "Mega Baboon<14><BOT><Red>" triggered "chargedeployed"
L 10/07/2014 - 14:36:53: "Force of Nature<5><BOT><Red>" killed "SMELLY UNFORTUNATE<10><BOT><Blue>" with "tf_projectile_rocket" (attacker_position "1955 2688 -191") (victim_position "1484 2321 -229")
L 10/07/2014 - 14:36:53: "Mega Baboon<14><BOT><Red>" triggered "kill assist" against "SMELLY UNFORTUNATE<10><BOT><Blue>" (assister_position "1903 2689 -191") (attacker_position "1955 2688 -191") (victim_position "1484 2321 -229")
L 10/07/2014 - 14:36:57: "Chief Data Wrangler<31><[U:1:197363721]><Red>" killed "splunk hax0r<16><[U:1:197368576]><Blue>" with "bat" (attacker_position "1048 1798 -63") (victim_position "1072 1761 -63")
L 10/07/2014 - 14:37:01: "Ribs Grow Back<13><BOT><Blue>" killed "Chief Data Wrangler<31><[U:1:197363721]><Red>" with "syringegun_medic" (attacker_position "1127 1819 -63") (victim_position "1180 1888 -63")
L 10/07/2014 - 14:37:05: "Don't stats me bro!<34><[U:1:197330785]><Red>" killed "Tiny Baby Man<2><BOT><Blue>" with "flamethrower" (attacker_position "1838 2203 -195") (victim_position "1968 2328 -198")
L 10/07/2014 - 14:37:05: "WhatTheSplunk?<29><[U:1:197468749]><Red>" triggered "kill assist" against "Tiny Baby Man<2><BOT><Blue>" (assister_position "1863 1898 -163") (attacker_position "1838 2203 -195") (victim_position "1968 2328 -198")
L 10/07/2014 - 14:37:05: "Force of Nature<5><BOT><Red>" killed "Grim Bloody Fable<7><BOT><Blue>" with "tf_projectile_rocket" (attacker_position "1331 2583 -64") (victim_position "1434 2287 -241")
L 10/07/2014 - 14:37:05: "Mega Baboon<14><BOT><Red>" triggered "kill assist" against "Grim Bloody Fable<7><BOT><Blue>" (assister_position "1566 2754 -63") (attacker_position "1331 2583 -64") (victim_position "1434 2287 -241")
L 10/07/2014 - 14:37:05: "A Professional With Standards<8><BOT><Red>" triggered "player_builtobject" (object "OBJ_DISPENSER") (position "1940 2721 -191")
L 10/07/2014 - 14:37:05: "Buttercup<15><[U:1:197287110]><Blue>" triggered "player_builtobject" (object "OBJ_SENTRYGUN") (position "-82 2639 -247")
L 10/07/2014 - 14:37:10: "splunk> Nezorf<32><[U:1:197388939]><Blue>" triggered "player_carryobject" (object "OBJ_SENTRYGUN") (position "-158 2676 -246")
L 10/07/2014 - 14:37:11: "WhatTheSplunk?<29><[U:1:197468749]><Red>" triggered "medic_death" against "Ribs Grow Back<13><BOT><Blue>" (healing "560") (ubercharge "0")
L 10/07/2014 - 14:37:11: "WhatTheSplunk?<29><[U:1:197468749]><Red>" killed "Ribs Grow Back<13><BOT><Blue>" with "tf_projectile_rocket" (attacker_position "1679 2137 -193") (victim_position "680 2617 -255")
L 10/07/2014 - 14:37:15: "splunk> Nezorf<32><[U:1:197388939]><Blue>" triggered "player_dropobject" (object "OBJ_SENTRYGUN") (position "423 2521 -217")
L 10/07/2014 - 14:37:15: "splunk> Nezorf<32><[U:1:197388939]><Blue>" triggered "player_builtobject" (object "OBJ_SENTRYGUN") (position "423 2521 -217")
L 10/07/2014 - 14:37:16: "Buttercup<15><[U:1:197287110]><Blue>" triggered "player_carryobject" (object "OBJ_SENTRYGUN") (position "-64 2639 -247")
L 10/07/2014 - 14:37:17: "Buttercup<15><[U:1:197287110]><Blue>" triggered "player_dropobject" (object "OBJ_SENTRYGUN") (position "-64 2639 -247")
L 10/07/2014 - 14:37:17: "Buttercup<15><[U:1:197287110]><Blue>" triggered "player_builtobject" (object "OBJ_SENTRYGUN") (position "-64 2639 -247")
L 10/07/2014 - 14:37:17: "ducky's_army<12><[U:1:197305319]><Red>" triggered "killedobject" (object "OBJ_SENTRYGUN") (weapon "flamethrower") (objectowner "splunk> Nezorf<32><[U:1:197388939]><Blue>") (attacker_position "534 2511 -244")
L 10/07/2014 - 14:37:18: "ducky's_army<12><[U:1:197305319]><Red>" killed "splunk> Nezorf<32><[U:1:197388939]><Blue>" with "flamethrower" (attacker_position "434 2482 -249") (victim_position "384 2523 -253")
L 10/07/2014 - 14:37:18: "Force of Nature<5><BOT><Red>" triggered "kill assist" against "splunk> Nezorf<32><[U:1:197388939]><Blue>" (assister_position "588 2608 -253") (attacker_position "434 2482 -249") (victim_position "384 2523 -253")
L 10/07/2014 - 14:37:21: "Mentlegen<11><BOT><Red>" killed "nulltr0n<33><[U:1:197388838]><Blue>" with "obj_sentrygun3" (attacker_position "2111 2731 -159") (victim_position "1834 2746 -191")
L 10/07/2014 - 14:37:21: "ducky's_army<12><[U:1:197305319]><Red>" killed "Buttercup<15><[U:1:197287110]><Blue>" with "flamethrower" (attacker_position "-132 2531 -255") (victim_position "-64 2639 -247")
L 10/07/2014 - 14:37:21: "ducky's_army<12><[U:1:197305319]><Red>" triggered "killedobject" (object "OBJ_SENTRYGUN") (weapon "flamethrower") (objectowner "Buttercup<15><[U:1:197287110]><Blue>") (attacker_position "-125 2531 -255")
L 10/07/2014 - 14:37:22: "splunk> I'm too ESXi<35><[U:1:197340902]><>" connected, address "192.168.1.101:27005"
L 10/07/2014 - 14:37:22: "splunk> I'm too ESXi<35><[U:1:197340902]><>" STEAM USERID validated
L 10/07/2014 - 14:37:25: "splunk> I'm too ESXi<35><[U:1:197340902]><>" entered the game
L 10/07/2014 - 14:37:36: "Force of Nature<5><BOT><Red>" killed "Developers^4<28><[U:1:197323815]><Blue>" with "tf_projectile_rocket" (attacker_position "2226 1629 -191") (victim_position "874 2644 -63")
L 10/07/2014 - 14:37:36: "Mega Baboon<14><BOT><Red>" triggered "kill assist" against "Developers^4<28><[U:1:197323815]><Blue>" (assister_position "1912 1601 -206") (attacker_position "2226 1629 -191") (victim_position "874 2644 -63")
L 10/07/2014 - 14:37:38: "splunk> I'm too ESXi<35><[U:1:197340902]><Unassigned>" joined team "Blue"
L 10/07/2014 - 14:37:40: "Grim Bloody Fable<7><BOT><Blue>" killed "WhatTheSplunk?<29><[U:1:197468749]><Red>" with "tf_projectile_pipe" (attacker_position "-44 2293 -287") (victim_position "-64 2565 -247")
L 10/07/2014 - 14:37:40: "SMELLY UNFORTUNATE<10><BOT><Blue>" triggered "kill assist" against "WhatTheSplunk?<29><[U:1:197468749]><Red>" (assister_position "-392 2246 -353") (attacker_position "-44 2293 -287") (victim_position "-64 2565 -247")
L 10/07/2014 - 14:37:41: "splunk> I'm too ESXi<35><[U:1:197340902]><Blue>" changed role to "pyro"
L 10/07/2014 - 14:37:41: "splunk> Nezorf<32><[U:1:197388939]><Blue>" triggered "player_builtobject" (object "OBJ_SENTRYGUN") (position "-2178 2980 -255")
L 10/07/2014 - 14:37:42: "A Professional With Standards<8><BOT><Red>" killed "Tiny Baby Man<2><BOT><Blue>" with "obj_sentrygun3" (attacker_position "1932 2695 -191") (victim_position "1887 2373 -204")
L 10/07/2014 - 14:37:45: "SMELLY UNFORTUNATE<10><BOT><Blue>" killed "Don't stats me bro!<34><[U:1:197330785]><Red>" with "tf_projectile_pipe" (attacker_position "-892 2411 -415") (victim_position "-945 2334 -415")
L 10/07/2014 - 14:37:47: "SMELLY UNFORTUNATE<10><BOT><Blue>" killed "splunk> All Batbelt, No tights<27><[U:1:197367651]><Red>" with "tf_projectile_pipe" (attacker_position "-559 2074 -415") (victim_position "-730 2252 -409")
L 10/07/2014 - 14:37:58: "Buttercup<15><[U:1:197287110]><Blue>" triggered "player_builtobject" (object "OBJ_SENTRYGUN") (position "-2243 2987 -277")
L 10/07/2014 - 14:38:03: "SMELLY UNFORTUNATE<10><BOT><Blue>" committed suicide with "tf_projectile_pipe" (attacker_position "1265 2305 -255")
L 10/07/2014 - 14:38:05: "splunk> All Batbelt, No tights<27><[U:1:197367651]><Red>" changed role to "engineer"
L 10/07/2014 - 14:38:06: "ducky's_army<12><[U:1:197305319]><Red>" killed "Grim Bloody Fable<7><BOT><Blue>" with "flamethrower" (attacker_position "2073 2671 -172") (victim_position "378 2480 -255")
L 10/07/2014 - 14:38:07: "splunk> I'm too ESXi<35><[U:1:197340902]><Blue>" killed "Chief Data Wrangler<31><[U:1:197363721]><Red>" with "flamethrower" (attacker_position "-139 2207 -307") (victim_position "-99 2268 -298")
L 10/07/2014 - 14:38:12: "Buttercup<15><[U:1:197287110]><Blue>" triggered "player_carryobject" (object "OBJ_SENTRYGUN") (position "-2224 2928 -264")
L 10/07/2014 - 14:38:12: "Buttercup<15><[U:1:197287110]><Blue>" triggered "object_detonated" (object "OBJ_SENTRYGUN") (position "-2224 2928 -264")
L 10/07/2014 - 14:38:23: "splunk> I'm too ESXi<35><[U:1:197340902]><Blue>" killed "splunk> All Batbelt, No tights<27><[U:1:197367651]><Red>" with "flamethrower" (attacker_position "1018 2300 -253") (victim_position "929 2418 -251")
L 10/07/2014 - 14:38:25: "splunk> Nezorf<32><[U:1:197388939]><Blue>" triggered "player_carryobject" (object "OBJ_SENTRYGUN") (position "-2187 2970 -255")
L 10/07/2014 - 14:38:25: "splunk> Nezorf<32><[U:1:197388939]><Blue>" triggered "object_detonated" (object "OBJ_SENTRYGUN") (position "-2187 2970 -255")
L 10/07/2014 - 14:38:28: "A Professional With Standards<8><BOT><Red>" killed "Tiny Baby Man<2><BOT><Blue>" with "obj_sentrygun3" (attacker_position "1932 2695 -191") (victim_position "1816 2279 -201")
L 10/07/2014 - 14:38:28: "Don't stats me bro!<34><[U:1:197330785]><Red>" triggered "kill assist" against "Tiny Baby Man<2><BOT><Blue>" (assister_position "1876 2233 -200") (attacker_position "1932 2695 -191") (victim_position "1816 2279 -201")
L 10/07/2014 - 14:38:31: "ducky's_army<12><[U:1:197305319]><Red>" triggered "medic_death" against "Ribs Grow Back<13><BOT><Blue>" (healing "332") (ubercharge "0")
L 10/07/2014 - 14:38:31: "ducky's_army<12><[U:1:197305319]><Red>" killed "Ribs Grow Back<13><BOT><Blue>" with "flamethrower" (attacker_position "1262 2244 -258") (victim_position "1252 2302 -256")
L 10/07/2014 - 14:38:31: "Force of Nature<5><BOT><Red>" killed "splunk> I'm too ESXi<35><[U:1:197340902]><Blue>" with "tf_projectile_rocket" (attacker_position "2132 1989 -195") (victim_position "1857 2054 -198")
L 10/07/2014 - 14:38:31: "A Professional With Standards<8><BOT><Red>" triggered "kill assist" against "splunk> I'm too ESXi<35><[U:1:197340902]><Blue>" (assister_position "1932 2695 -191") (attacker_position "2132 1989 -195") (victim_position "1857 2054 -198")
L 10/07/2014 - 14:38:32: "splunk> Nezorf<32><[U:1:197388939]><Blue>" triggered "player_builtobject" (object "OBJ_SENTRYGUN") (position "-2149 3006 -255")
L 10/07/2014 - 14:38:35: "ducky's_army<12><[U:1:197305319]><Red>" killed "splunk hax0r<16><[U:1:197368576]><Blue>" with "flamethrower" (attacker_position "752 2657 -251") (victim_position "703 2663 -245")
L 10/07/2014 - 14:38:38: "Mega Baboon<14><BOT><Red>" triggered "player_extinguished" against "Force of Nature<5><BOT><Red>" with "tf_weapon_medigun" (attacker_position "1887 2583 -191") (victim_position "1895 2662 -191")
L 10/07/2014 - 14:38:38: "Mentlegen<11><BOT><Red>" killed "nulltr0n<33><[U:1:197388838]><Blue>" with "obj_sentrygun3" (attacker_position "2111 2731 -159") (victim_position "2125 2641 -159")
L 10/07/2014 - 14:38:48: "A Professional With Standards<8><BOT><Red>" killed "Developers^4<28><[U:1:197323815]><Blue>" with "obj_sentrygun3" (attacker_position "1929 2706 -191") (victim_position "1434 2005 -220")
L 10/07/2014 - 14:38:48: "Force of Nature<5><BOT><Red>" triggered "kill assist" against "Developers^4<28><[U:1:197323815]><Blue>" (assister_position "2234 1677 -191") (attacker_position "1929 2706 -191") (victim_position "1434 2005 -220")
L 10/07/2014 - 14:38:50: "Force of Nature<5><BOT><Red>" killed "Grim Bloody Fable<7><BOT><Blue>" with "tf_projectile_rocket" (attacker_position "2092 2087 -201") (victim_position "1628 2531 -121")
L 10/07/2014 - 14:38:50: "Mega Baboon<14><BOT><Red>" triggered "kill assist" against "Grim Bloody Fable<7><BOT><Blue>" (assister_position "2177 1983 -191") (attacker_position "2092 2087 -201") (victim_position "1628 2531 -121")
L 10/07/2014 - 14:38:51: "A Professional With Standards<8><BOT><Red>" killed "SMELLY UNFORTUNATE<10><BOT><Blue>" with "obj_sentrygun3" (attacker_position "1929 2706 -191") (victim_position "1847 2362 -206")
L 10/07/2014 - 14:38:51: "Don't stats me bro!<34><[U:1:197330785]><Red>" triggered "kill assist" against "SMELLY UNFORTUNATE<10><BOT><Blue>" (assister_position "815 1569 -159") (attacker_position "1929 2706 -191") (victim_position "1847 2362 -206")
L 10/07/2014 - 14:38:51: "SMELLY UNFORTUNATE<10><BOT><Blue>" triggered "medic_death" against "Mega Baboon<14><BOT><Red>" (healing "1934") (ubercharge "1")
L 10/07/2014 - 14:38:51: "SMELLY UNFORTUNATE<10><BOT><Blue>" killed "Mega Baboon<14><BOT><Red>" with "tf_projectile_pipe" (attacker_position "1847 2362 -118") (victim_position "2084 2134 -201")
L 10/07/2014 - 14:38:51: "Developers^4<28><[U:1:197323815]><Blue>" triggered "kill assist" against "Mega Baboon<14><BOT><Red>" (assister_position "1434 2005 -152") (attacker_position "1847 2362 -118") (victim_position "2084 2134 -201")
L 10/07/2014 - 14:39:00: "Force of Nature<5><BOT><Red>" stuck (position "1871.93 2658.90 -191.97") (duration "4.52") L 10/07/2014 - 14:39:00:    path_goal ( "1875.00 2625.00 -191.97" )
L 10/07/2014 - 14:39:01: "A Professional With Standards<8><BOT><Red>" killed "Tiny Baby Man<2><BOT><Blue>" with "obj_sentrygun3" (attacker_position "1932 2712 -191") (victim_position "1826 2232 -196")
L 10/07/2014 - 14:39:01: "WhatTheSplunk?<29><[U:1:197468749]><Red>" triggered "kill assist" against "Tiny Baby Man<2><BOT><Blue>" (assister_position "1767 1988 -191") (attacker_position "1932 2712 -191") (victim_position "1826 2232 -196")
L 10/07/2014 - 14:39:01: "A Professional With Standards<8><BOT><Red>" triggered "domination" against "Tiny Baby Man<2><BOT><Blue>"
L 10/07/2014 - 14:39:07: "splunk> Nezorf<32><[U:1:197388939]><Blue>" triggered "player_carryobject" (object "OBJ_SENTRYGUN") (position "-2123 2969 -255")
L 10/07/2014 - 14:39:10: "Buttercup<15><[U:1:197287110]><Blue>" killed "ducky's_army<12><[U:1:197305319]><Red>" with "pistol" (attacker_position "-961 2258 -415") (victim_position "-627 2170 -415")
L 10/07/2014 - 14:39:11: "ducky's_army<12><[U:1:197305319]><Red>" killed "Buttercup<15><[U:1:197287110]><Blue>" with "flamethrower" (attacker_position "-669 2187 -401") (victim_position "-1290 2339 -425")
L 10/07/2014 - 14:39:13: "Ribs Grow Back<13><BOT><Blue>" triggered "player_extinguished" against "splunk> I'm too ESXi<35><[U:1:197340902]><Blue>" with "tf_weapon_medigun" (attacker_position "-691 2571 -255") (victim_position "-473 2135 -415")
L 10/07/2014 - 14:39:17: "Ribs Grow Back<13><BOT><Blue>" triggered "player_extinguished" against "splunk> I'm too ESXi<35><[U:1:197340902]><Blue>" with "tf_weapon_medigun" (attacker_position "-929 2235 -415") (victim_position "-723 2232 -411")
L 10/07/2014 - 14:39:17: "Ribs Grow Back<13><BOT><Blue>" triggered "player_extinguished" against "splunk> I'm too ESXi<35><[U:1:197340902]><Blue>" with "tf_weapon_medigun" (attacker_position "-929 2235 -415") (victim_position "-809 2231 -415")
L 10/07/2014 - 14:39:18: "splunk> I'm too ESXi<35><[U:1:197340902]><Blue>" killed "Don't stats me bro!<34><[U:1:197330785]><Red>" with "flamethrower" (attacker_position "-857 2265 -415") (victim_position "-705 2230 -412")
L 10/07/2014 - 14:39:18: "Ribs Grow Back<13><BOT><Blue>" triggered "kill assist" against "Don't stats me bro!<34><[U:1:197330785]><Red>" (assister_position "-931 2234 -412") (attacker_position "-857 2265 -415") (victim_position "-705 2230 -412")
L 10/07/2014 - 14:39:18: "Ribs Grow Back<13><BOT><Blue>" triggered "player_extinguished" against "splunk> I'm too ESXi<35><[U:1:197340902]><Blue>" with "tf_weapon_medigun" (attacker_position "-931 2234 -412") (victim_position "-812 2261 -415")
L 10/07/2014 - 14:39:24: "splunk> Nezorf<32><[U:1:197388939]><Blue>" triggered "player_dropobject" (object "OBJ_SENTRYGUN") (position "-379 2400 -139")
L 10/07/2014 - 14:39:24: "splunk> Nezorf<32><[U:1:197388939]><Blue>" triggered "player_builtobject" (object "OBJ_SENTRYGUN") (position "-379 2400 -139")
L 10/07/2014 - 14:39:30: "Developers^4<28><[U:1:197323815]><Blue>" killed "splunk> All Batbelt, No tights<27><[U:1:197367651]><Red>" with "tf_projectile_rocket" (attacker_position "96 2247 -263") (victim_position "142 2455 -255")
L 10/07/2014 - 14:39:36: "A Professional With Standards<8><BOT><Red>" killed "splunk> I'm too ESXi<35><[U:1:197340902]><Blue>" with "obj_sentrygun3" (attacker_position "1932 2712 -191") (victim_position "1679 2042 -193")
L 10/07/2014 - 14:39:36: "Force of Nature<5><BOT><Red>" triggered "kill assist" against "splunk> I'm too ESXi<35><[U:1:197340902]><Blue>" (assister_position "2084 2168 -200") (attacker_position "1932 2712 -191") (victim_position "1679 2042 -193")
L 10/07/2014 - 14:39:41: "Ribs Grow Back<13><BOT><Blue>" killed "Chief Data Wrangler<31><[U:1:197363721]><Red>" with "syringegun_medic" (attacker_position "751 2593 -255") (victim_position "799 2577 -254")
L 10/07/2014 - 14:39:41: "Buttercup<15><[U:1:197287110]><Blue>" triggered "player_builtobject" (object "OBJ_SENTRYGUN") (position "-711 2438 -255")
L 10/07/2014 - 14:39:42: "splunk> I'm too ESXi<35><[U:1:197340902]><Blue>" changed role to "spy"
L 10/07/2014 - 14:39:44: "ducky's_army<12><[U:1:197305319]><Red>" killed "SMELLY UNFORTUNATE<10><BOT><Blue>" with "flamethrower" (attacker_position "1530 2442 -217") (victim_position "1592 2433 -206")
L 10/07/2014 - 14:39:44: "Force of Nature<5><BOT><Red>" triggered "kill assist" against "SMELLY UNFORTUNATE<10><BOT><Blue>" (assister_position "2085 2191 -199") (attacker_position "1530 2442 -217") (victim_position "1592 2433 -206")
L 10/07/2014 - 14:39:44: "A Professional With Standards<8><BOT><Red>" killed "Grim Bloody Fable<7><BOT><Blue>" with "obj_sentrygun3" (attacker_position "1932 2712 -191") (victim_position "1839 2383 -206")
L 10/07/2014 - 14:39:44: "ducky's_army<12><[U:1:197305319]><Red>" triggered "kill assist" against "Grim Bloody Fable<7><BOT><Blue>" (assister_position "1639 2475 -201") (attacker_position "1932 2712 -191") (victim_position "1839 2383 -206")
L 10/07/2014 - 14:39:46: "Developers^4<28><[U:1:197323815]><Blue>" killed "ducky's_army<12><[U:1:197305319]><Red>" with "tf_projectile_rocket" (attacker_position "1403 2291 -249") (victim_position "2164 2358 -140")
L 10/07/2014 - 14:39:46: "Ribs Grow Back<13><BOT><Blue>" triggered "kill assist" against "ducky's_army<12><[U:1:197305319]><Red>" (assister_position "1123 2275 -255") (attacker_position "1403 2291 -249") (victim_position "2164 2358 -140")
L 10/07/2014 - 14:39:50: "A Professional With Standards<8><BOT><Red>" killed "Developers^4<28><[U:1:197323815]><Blue>" with "obj_sentrygun3" (attacker_position "1932 2712 -191") (victim_position "1738 1861 -191")
L 10/07/2014 - 14:39:50: "Mentlegen<11><BOT><Red>" killed "Tiny Baby Man<2><BOT><Blue>" with "obj_sentrygun3" (attacker_position "2092 2723 -164") (victim_position "2381 2297 -139")
L 10/07/2014 - 14:39:50: "A Professional With Standards<8><BOT><Red>" triggered "kill assist" against "Tiny Baby Man<2><BOT><Blue>" (assister_position "1932 2712 -191") (attacker_position "2092 2723 -164") (victim_position "2381 2297 -139")
L 10/07/2014 - 14:39:51: "A Professional With Standards<8><BOT><Red>" triggered "medic_death" against "Ribs Grow Back<13><BOT><Blue>" (healing "568") (ubercharge "0")
L 10/07/2014 - 14:39:51: "A Professional With Standards<8><BOT><Red>" killed "Ribs Grow Back<13><BOT><Blue>" with "obj_sentrygun3" (attacker_position "1932 2712 -191") (victim_position "1713 2270 -198")
L 10/07/2014 - 14:40:18: "splunk> Nezorf<32><[U:1:197388939]><Blue>" killed "Chief Data Wrangler<31><[U:1:197363721]><Red>" with "obj_sentrygun3" (attacker_position "120 2255 -260") (victim_position "303 2184 -255")
L 10/07/2014 - 14:40:19: "Buttercup<15><[U:1:197287110]><Blue>" triggered "player_carryobject" (object "OBJ_SENTRYGUN") (position "-687 2506 -255")
L 10/07/2014 - 14:40:21: "Buttercup<15><[U:1:197287110]><Blue>" triggered "player_dropobject" (object "OBJ_SENTRYGUN") (position "-581 2462 -255")
L 10/07/2014 - 14:40:21: "Buttercup<15><[U:1:197287110]><Blue>" triggered "player_builtobject" (object "OBJ_SENTRYGUN") (position "-581 2462 -255")
L 10/07/2014 - 14:40:27: "nulltr0n<33><[U:1:197388838]><Blue>" killed "WhatTheSplunk?<29><[U:1:197468749]><Red>" with "knife" (customkill "backstab") (attacker_position "2297 2239 -143") (victim_position "2282 2301 -136")
L 10/07/2014 - 14:40:28: "Mentlegen<11><BOT><Red>" triggered "captureblocked" (cp "1") (cpname "#Dustbowl_cap_1_B") (position "2093 2721 -164")
L 10/07/2014 - 14:40:28: "Mentlegen<11><BOT><Red>" killed "nulltr0n<33><[U:1:197388838]><Blue>" with "obj_sentrygun3" (attacker_position "2093 2721 -164") (victim_position "2341 2430 -136")
L 10/07/2014 - 14:40:28: "Force of Nature<5><BOT><Red>" triggered "kill assist" against "nulltr0n<33><[U:1:197388838]><Blue>" (assister_position "2208 2306 -136") (attacker_position "2093 2721 -164") (victim_position "2341 2430 -136")
L 10/07/2014 - 14:40:30: "Force of Nature<5><BOT><Red>" killed "Tiny Baby Man<2><BOT><Blue>" with "tf_projectile_rocket" (attacker_position "2259 2557 -143") (victim_position "1895 2324 -204")
L 10/07/2014 - 14:40:30: "Mega Baboon<14><BOT><Red>" triggered "kill assist" against "Tiny Baby Man<2><BOT><Blue>" (assister_position "2153 2508 -143") (attacker_position "2259 2557 -143") (victim_position "1895 2324 -204")
L 10/07/2014 - 14:40:30: "Mega Baboon<14><BOT><Red>" triggered "domination" against "Tiny Baby Man<2><BOT><Blue>" (assist "1")
L 10/07/2014 - 14:40:31: World triggered "Mini_Round_Win" (winner "Red") (round "round_1")
L 10/07/2014 - 14:40:31: World triggered "Mini_Round_Length" (seconds "600.03")
L 10/07/2014 - 14:40:31: World triggered "Round_Win" (winner "Red")
L 10/07/2014 - 14:40:31: Team "Red" current score "0" with "9" players
L 10/07/2014 - 14:40:31: Team "Blue" current score "1" with "10" players
L 10/07/2014 - 14:40:33: "Don't stats me bro!<34><[U:1:197330785]><Red>" killed "Developers^4<28><[U:1:197323815]><Blue>" with "flamethrower" (attacker_position "874 1687 -63") (victim_position "744 1624 -183")
L 10/07/2014 - 14:40:35: "A Professional With Standards<8><BOT><Red>" killed "SMELLY UNFORTUNATE<10><BOT><Blue>" with "shotgun_primary" (attacker_position "1410 2411 -243") (victim_position "1003 2448 -252")
L 10/07/2014 - 14:40:35: "Mentlegen<11><BOT><Red>" triggered "kill assist" against "SMELLY UNFORTUNATE<10><BOT><Blue>" (assister_position "1570 2484 -201") (attacker_position "1410 2411 -243") (victim_position "1003 2448 -252")
L 10/07/2014 - 14:40:36: "Force of Nature<5><BOT><Red>" killed "splunk> Nezorf<32><[U:1:197388939]><Blue>" with "tf_projectile_rocket" (attacker_position "1760 2152 -192") (victim_position "919 2432 -251")
L 10/07/2014 - 14:40:40: "Mega Baboon<14><BOT><Red>" triggered "medic_death" against "Ribs Grow Back<13><BOT><Blue>" (healing "381") (ubercharge "0")
L 10/07/2014 - 14:40:40: "Mega Baboon<14><BOT><Red>" killed "Ribs Grow Back<13><BOT><Blue>" with "syringegun_medic" (attacker_position "659 2583 -254") (victim_position "560 2585 -253")
L 10/07/2014 - 14:40:46: World triggered "Game_Over" reason "Reached Time Limit"
L 10/07/2014 - 14:40:46: Team "Red" final score "0" with "9" players
L 10/07/2014 - 14:40:46: Team "Blue" final score "1" with "10" players
L 10/07/2014 - 14:40:49: "Mentlegen<11><BOT><Red>" stuck (position "738.02 2663.97 -247.85") (duration "3.36") L 10/07/2014 - 14:40:49:    path_goal ( "450.00 2537.50 -253.68" )
L 10/07/2014 - 14:40:50: "Mentlegen<11><BOT><Red>" stuck (position "738.02 2663.97 -247.85") (duration "3.46") L 10/07/2014 - 14:40:50:    path_goal ( "450.00 2537.50 -253.68" )
L 10/07/2014 - 14:40:51: "Mentlegen<11><BOT><Red>" stuck (position "738.02 2663.97 -247.85") (duration "4.51") L 10/07/2014 - 14:40:51:    path_goal ( "450.00 2537.50 -253.68" )
L 10/07/2014 - 14:40:52: "Mentlegen<11><BOT><Red>" stuck (position "738.02 2663.97 -247.85") (duration "5.57") L 10/07/2014 - 14:40:52:    path_goal ( "450.00 2537.50 -253.68" )
L 10/07/2014 - 14:40:53: "Mentlegen<11><BOT><Red>" stuck (position "738.02 2663.97 -247.85") (duration "6.61") L 10/07/2014 - 14:40:53:    path_goal ( "450.00 2537.50 -253.68" )
L 10/07/2014 - 14:40:53: "Grim Bloody Fable<7><BOT><Blue>" stuck (position "601.86 2184.33 -256.01") (duration "4.10") L 10/07/2014 - 14:40:53:    path_goal ( "800.00 1900.00 -255.82" )
L 10/07/2014 - 14:40:54: "Mentlegen<11><BOT><Red>" stuck (position "738.02 2663.97 -247.85") (duration "7.66") L 10/07/2014 - 14:40:54:    path_goal ( "450.00 2537.50 -253.68" )
L 10/07/2014 - 14:40:55: "Mentlegen<11><BOT><Red>" stuck (position "738.02 2663.97 -247.85") (duration "8.71") L 10/07/2014 - 14:40:55:    path_goal ( "450.00 2537.50 -253.68" )
L 10/07/2014 - 14:40:56: "Mentlegen<11><BOT><Red>" stuck (position "738.02 2663.97 -247.85") (duration "9.76") L 10/07/2014 - 14:40:56:    path_goal ( "450.00 2537.50 -253.68" )
L 10/07/2014 - 14:40:56: Loading map "cp_granary"
L 10/07/2014 - 14:40:56: server cvars start
L 10/07/2014 - 14:40:56: "tf_playergib" = "1"
L 10/07/2014 - 14:40:56: "tf_allow_player_use" = "0"
L 10/07/2014 - 14:40:56: "tf_mvm_death_penalty" = "0"
L 10/07/2014 - 14:40:56: "sv_maxusrcmdprocessticks" = "24"
L 10/07/2014 - 14:40:56: "mp_teamplay" = "0"
L 10/07/2014 - 14:40:56: "mp_falldamage" = "0"
L 10/07/2014 - 14:40:56: "mp_weaponstay" = "0"
L 10/07/2014 - 14:40:56: "mp_forcerespawn" = "1"
L 10/07/2014 - 14:40:56: "mp_footsteps" = "1"
L 10/07/2014 - 14:40:56: "mp_flashlight" = "0"
L 10/07/2014 - 14:40:56: "mp_autocrosshair" = "1"
L 10/07/2014 - 14:40:56: "decalfrequency" = "10"
L 10/07/2014 - 14:40:56: "mp_teamlist" = "hgrunt;scientist"
L 10/07/2014 - 14:40:56: "mp_allowNPCs" = "1"
L 10/07/2014 - 14:40:56: "sv_alltalk" = "0"
L 10/07/2014 - 14:40:56: "tf_weapon_criticals" = "1"
L 10/07/2014 - 14:40:56: "tf_damage_disablespread" = "0"
L 10/07/2014 - 14:40:56: "tf_player_name_change_time" = "60"
L 10/07/2014 - 14:40:56: "tf_force_holidays_off" = "0"
L 10/07/2014 - 14:40:56: "tf_birthday" = "0"
L 10/07/2014 - 14:40:56: "mp_tournament_stopwatch" = "1"
L 10/07/2014 - 14:40:56: "mp_windifference" = "0"
L 10/07/2014 - 14:40:56: "mp_windifference_min" = "0"
L 10/07/2014 - 14:40:56: "tf_medieval" = "0"
L 10/07/2014 - 14:40:56: "tf_medieval_autorp" = "1"
L 10/07/2014 - 14:40:56: "tf_arena_force_class" = "0"
L 10/07/2014 - 14:40:56: "tf_arena_change_limit" = "1"
L 10/07/2014 - 14:40:56: "tf_arena_override_cap_enable_time" = "-1"
L 10/07/2014 - 14:40:56: "tf_arena_first_blood" = "1"
L 10/07/2014 - 14:40:56: "tf_mvm_min_players_to_start" = "3"
L 10/07/2014 - 14:40:56: "tf_gamemode_arena" = "0"
L 10/07/2014 - 14:40:56: "tf_gamemode_cp" = "1"
L 10/07/2014 - 14:40:56: "tf_gamemode_ctf" = "0"
L 10/07/2014 - 14:40:56: "tf_gamemode_sd" = "0"
L 10/07/2014 - 14:40:56: "tf_gamemode_rd" = "0"
L 10/07/2014 - 14:40:56: "tf_beta_content" = "0"
L 10/07/2014 - 14:40:56: "tf_gamemode_payload" = "0"
L 10/07/2014 - 14:40:56: "tf_gamemode_mvm" = "0"
L 10/07/2014 - 14:40:56: "tf_bot_count" = "8"
L 10/07/2014 - 14:40:56: "tf_teamtalk" = "1"
L 10/07/2014 - 14:40:56: "tf_ctf_bonus_time" = "10"
L 10/07/2014 - 14:40:56: "tf_maxspeed" = "400"
L 10/07/2014 - 14:40:56: "tf_max_charge_speed" = "750"
L 10/07/2014 - 14:40:56: "tf_use_fixed_weaponspreads" = "0"
L 10/07/2014 - 14:40:56: "tf_overtime_nag" = "0"
L 10/07/2014 - 14:40:56: "mp_respawnwavetime" = "10.0"
L 10/07/2014 - 14:40:56: "mp_tournament" = "0"
L 10/07/2014 - 14:40:56: "mp_highlander" = "0"
L 10/07/2014 - 14:40:56: "tf_arena_preround_time" = "10"
L 10/07/2014 - 14:40:56: "tf_arena_round_time" = "0"
L 10/07/2014 - 14:40:56: "tf_arena_max_streak" = "3"
L 10/07/2014 - 14:40:56: "tf_arena_use_queue" = "1"
L 10/07/2014 - 14:40:56: "mp_maxrounds" = "0"
L 10/07/2014 - 14:40:56: "mp_winlimit" = "0"
L 10/07/2014 - 14:40:56: "mp_disable_respawn_times" = "0"
L 10/07/2014 - 14:40:56: "mp_stalemate_meleeonly" = "0"
L 10/07/2014 - 14:40:56: "mp_forceautoteam" = "0"
L 10/07/2014 - 14:40:56: "mp_autoteambalance" = "1"
L 10/07/2014 - 14:40:56: "mp_stalemate_enable" = "0"
L 10/07/2014 - 14:40:56: "mp_match_end_at_timelimit" = "0"
L 10/07/2014 - 14:40:56: "mp_holiday_nogifts" = "0"
L 10/07/2014 - 14:40:56: "mp_scrambleteams_auto" = "1"
L 10/07/2014 - 14:40:56: "mp_scrambleteams_auto_windifference" = "2"
L 10/07/2014 - 14:40:56: "mp_timelimit" = "15"
L 10/07/2014 - 14:40:56: "mp_fraglimit" = "0"
L 10/07/2014 - 14:40:56: "nextlevel" = ""
L 10/07/2014 - 14:40:56: "sv_gravity" = "800"
L 10/07/2014 - 14:40:56: "sv_stopspeed" = "100"
L 10/07/2014 - 14:40:56: "sv_noclipaccelerate" = "5"
L 10/07/2014 - 14:40:56: "sv_noclipspeed" = "5"
L 10/07/2014 - 14:40:56: "sv_specaccelerate" = "5"
L 10/07/2014 - 14:40:56: "sv_specspeed" = "3"
L 10/07/2014 - 14:40:56: "sv_specnoclip" = "1"
L 10/07/2014 - 14:40:56: "sv_maxspeed" = "320"
L 10/07/2014 - 14:40:56: "sv_accelerate" = "10"
L 10/07/2014 - 14:40:56: "sv_airaccelerate" = "10"
L 10/07/2014 - 14:40:56: "sv_wateraccelerate" = "10"
L 10/07/2014 - 14:40:56: "sv_waterfriction" = "1"
L 10/07/2014 - 14:40:56: "sv_footsteps" = "1"
L 10/07/2014 - 14:40:56: "sv_rollspeed" = "200"
L 10/07/2014 - 14:40:56: "sv_rollangle" = "0"
L 10/07/2014 - 14:40:56: "sv_friction" = "4"
L 10/07/2014 - 14:40:56: "sv_bounce" = "0"
L 10/07/2014 - 14:40:56: "sv_stepsize" = "18"
L 10/07/2014 - 14:40:56: "r_VehicleViewDampen" = "1"
L 10/07/2014 - 14:40:56: "r_JeepViewDampenFreq" = "7.0"
L 10/07/2014 - 14:40:56: "r_JeepViewDampenDamp" = "1.0"
L 10/07/2014 - 14:40:56: "r_JeepViewZHeight" = "10.0"
L 10/07/2014 - 14:40:56: "r_AirboatViewDampenFreq" = "7.0"
L 10/07/2014 - 14:40:56: "r_AirboatViewDampenDamp" = "1.0"
L 10/07/2014 - 14:40:56: "r_AirboatViewZHeight" = "0.0"
L 10/07/2014 - 14:40:56: "mp_friendlyfire" = "0"
L 10/07/2014 - 14:40:56: "mp_fadetoblack" = "0"
L 10/07/2014 - 14:40:56: "tf_mm_servermode" = "0"
L 10/07/2014 - 14:40:56: "tf_mm_strict" = "0"
L 10/07/2014 - 14:40:56: "tf_mm_trusted" = "0"
L 10/07/2014 - 14:40:56: "tf_server_identity_disable_quickplay" = "0"
L 10/07/2014 - 14:40:56: "sv_registration_successful" = "0"
L 10/07/2014 - 14:40:56: "sv_registration_message" = "No account specified"
L 10/07/2014 - 14:40:56: "sv_steamgroup" = ""
L 10/07/2014 - 14:40:56: "sv_cheats" = "1"
L 10/07/2014 - 14:40:56: "sv_pausable" = "0"
L 10/07/2014 - 14:40:56: "sv_contact" = "admin@yourdomain.com"
L 10/07/2014 - 14:40:56: "sv_voiceenable" = "1"
L 10/07/2014 - 14:40:56: "tv_enable" = "0"
L 10/07/2014 - 14:40:56: "deathmatch" = "1"
L 10/07/2014 - 14:40:56: "coop" = "0"
L 10/07/2014 - 14:40:56: "tv_password" = ""
L 10/07/2014 - 14:40:56: "tv_relaypassword" = ""
L 10/07/2014 - 14:40:56: "sv_password" = ""
L 10/07/2014 - 14:40:56: "sv_tags" = "bots,cp"
L 10/07/2014 - 14:40:56: server cvars end
L 10/07/2014 - 14:40:57: Started map "cp_granary" (CRC "a19b90d57079ab0afcf35a385b396120")
L 10/07/2014 - 14:40:57: Executing dedicated server config file server.cfg
L 10/07/2014 - 14:41:04: server_cvar: "tf_gamemode_cp" "0"
L 10/07/2014 - 14:41:04: server_cvar: "sv_tags" "bots"
L 10/07/2014 - 14:41:04: server_cvar: "sv_tags" "bots"
L 10/07/2014 - 14:41:04: server_cvar: "tf_bot_count" "0"
L 10/07/2014 - 14:41:04: server_cvar: "sv_tags" ""
L 10/07/2014 - 14:41:04: server_cvar: "tf_gamemode_cp" "1"
L 10/07/2014 - 14:41:04: server_cvar: "sv_tags" "cp"
L 10/07/2014 - 14:41:04: server_cvar: "sv_tags" "cp"
L 10/07/2014 - 14:41:04: Initializing Steam libraries for LAN server
L 10/07/2014 - 14:41:04: No account token specified; logging into anonymous game server account.  (Use sv_setsteamaccount to login to a persistent account.)
