L 10/08/2014 - 15:24:46: Log file started (file "logs/L1008021.log") (game "/home/tf2/hlserver/tf2/tf") (version "2426090")
L 10/08/2014 - 15:24:46: server_cvar: "sv_cheats" "1"
L 10/08/2014 - 15:24:46: "Soulless<2><BOT><>" connected, address "none"
L 10/08/2014 - 15:24:46: "<2><BOT><>" entered the game
L 10/08/2014 - 15:24:46: "Soulless<2><BOT><Unassigned>" joined team "Blue"
L 10/08/2014 - 15:24:46: "Soulless<2><BOT><Blue>" changed role to "scout"
L 10/08/2014 - 15:24:46: "Soulless<2><BOT><Blue>" changed name to "CEDA"
L 10/08/2014 - 15:24:46: Sending CMsgGameServerMatchmakingStatus (state=ServerMatchmakingState_NOT_PARTICIPATING)
L 10/08/2014 - 15:24:46: "BeepBeepBoop<3><BOT><>" connected, address "none"
L 10/08/2014 - 15:24:46: "<3><BOT><>" entered the game
L 10/08/2014 - 15:24:46: "BeepBeepBoop<3><BOT><Unassigned>" joined team "Red"
L 10/08/2014 - 15:24:46: "BeepBeepBoop<3><BOT><Red>" changed role to "engineer"
L 10/08/2014 - 15:24:46: "BeepBeepBoop<3><BOT><Red>" changed name to "NotMe"
L 10/08/2014 - 15:24:46: Connection to Steam servers successful.
L 10/08/2014 - 15:24:46:    Public IP is 68.110.44.24.
L 10/08/2014 - 15:24:46: Assigned anonymous gameserver Steam ID [A:1:1700871:4718].
L 10/08/2014 - 15:24:46: VAC secure mode is activated.
L 10/08/2014 - 15:24:46: "CreditToTeam<4><BOT><>" connected, address "none"
L 10/08/2014 - 15:24:46: "<4><BOT><>" entered the game
L 10/08/2014 - 15:24:46: "CreditToTeam<4><BOT><Unassigned>" joined team "Blue"
L 10/08/2014 - 15:24:46: "CreditToTeam<4><BOT><Blue>" changed role to "scout"
L 10/08/2014 - 15:24:46: "CreditToTeam<4><BOT><Blue>" changed name to "BoomerBile"
L 10/08/2014 - 15:24:47: tf_server_identity_account_id not set; not logging into registered account
L 10/08/2014 - 15:24:47: "Someone Else<5><BOT><>" connected, address "none"
L 10/08/2014 - 15:24:47: "<5><BOT><>" entered the game
L 10/08/2014 - 15:24:47: "Someone Else<5><BOT><Unassigned>" joined team "Red"
L 10/08/2014 - 15:24:47: "Someone Else<5><BOT><Red>" changed role to "demoman"
L 10/08/2014 - 15:24:47: "Someone Else<5><BOT><Red>" changed name to "Mann Co."
L 10/08/2014 - 15:24:47: "Dog<6><BOT><>" connected, address "none"
L 10/08/2014 - 15:24:47: "<6><BOT><>" entered the game
L 10/08/2014 - 15:24:47: "Dog<6><BOT><Unassigned>" joined team "Blue"
L 10/08/2014 - 15:24:47: "Dog<6><BOT><Blue>" changed role to "heavyweapons"
L 10/08/2014 - 15:24:47: "Dog<6><BOT><Blue>" changed name to "Kaboom!"
L 10/08/2014 - 15:24:47: "splunk> security warrior<7><[U:1:229722400]><>" connected, address "192.168.1.113:27005"
L 10/08/2014 - 15:24:47: "AmNot<8><BOT><>" connected, address "none"
L 10/08/2014 - 15:24:47: "<8><BOT><>" entered the game
L 10/08/2014 - 15:24:47: "AmNot<8><BOT><Unassigned>" joined team "Red"
L 10/08/2014 - 15:24:47: "AmNot<8><BOT><Red>" changed role to "demoman"
L 10/08/2014 - 15:24:47: "AmNot<8><BOT><Red>" changed name to "0xDEADBEEF"
L 10/08/2014 - 15:24:47: "HI THERE<9><BOT><>" connected, address "none"
L 10/08/2014 - 15:24:47: "<9><BOT><>" entered the game
L 10/08/2014 - 15:24:47: "HI THERE<9><BOT><Unassigned>" joined team "Blue"
L 10/08/2014 - 15:24:47: "HI THERE<9><BOT><Blue>" changed role to "medic"
L 10/08/2014 - 15:24:47: "HI THERE<9><BOT><Blue>" changed name to "SomeDude"
L 10/08/2014 - 15:24:48: "splunk> security warrior<7><[U:1:229722400]><>" STEAM USERID validated
L 10/08/2014 - 15:24:48: "GLaDOS<10><BOT><>" connected, address "none"
L 10/08/2014 - 15:24:48: "<10><BOT><>" entered the game
L 10/08/2014 - 15:24:48: "GLaDOS<10><BOT><Unassigned>" joined team "Red"
L 10/08/2014 - 15:24:48: "GLaDOS<10><BOT><Red>" changed role to "medic"
L 10/08/2014 - 15:24:48: "GLaDOS<10><BOT><Red>" changed name to "Hostage"
L 10/08/2014 - 15:24:49: "Data Wizard<11><[U:1:197413154]><>" connected, address "192.168.1.116:27005"
L 10/08/2014 - 15:24:50: "Data Wizard<11><[U:1:197413154]><>" STEAM USERID validated
L 10/08/2014 - 15:24:50: "Data Warrior<12><[U:1:197468749]><>" connected, address "192.168.1.109:27005"
L 10/08/2014 - 15:24:51: "Data Warrior<12><[U:1:197468749]><>" STEAM USERID validated
L 10/08/2014 - 15:24:51: server_cvar: "tf_bot_count" "8"
L 10/08/2014 - 15:24:51: server_cvar: "sv_tags" "bots,payload"
L 10/08/2014 - 15:24:51: "splunk> security warrior<7><[U:1:229722400]><>" entered the game
L 10/08/2014 - 15:24:53: "splunk> 1<13><[U:1:197330785]><>" connected, address "192.168.1.103:27005"
L 10/08/2014 - 15:24:53: "splunk> 1<13><[U:1:197330785]><>" STEAM USERID validated
L 10/08/2014 - 15:24:53: "Data Wizard<11><[U:1:197413154]><>" entered the game
L 10/08/2014 - 15:24:54: "Data Warrior<12><[U:1:197468749]><>" entered the game
L 10/08/2014 - 15:24:56: "BoomerBile<4><BOT><Blue>" stuck (position "-3220.76 1889.53 -127.97") (duration "2.52") L 10/08/2014 - 15:24:56:    path_goal ( "-3232.00 1714.00 -127.97" )
L 10/08/2014 - 15:24:56: "CEDA<2><BOT><Blue>" stuck (position "-3237.14 1889.53 -127.97") (duration "2.52") L 10/08/2014 - 15:24:56:    path_goal ( "-3232.00 1714.00 -127.97" )
L 10/08/2014 - 15:24:57: "splunk> 1<13><[U:1:197330785]><>" entered the game
L 10/08/2014 - 15:24:57: "Data Wizard<11><[U:1:197413154]><Unassigned>" joined team "Blue"
L 10/08/2014 - 15:24:59: "BoomerBile<4><BOT><Blue>" stuck (position "-3238.08 1889.53 -127.97") (duration "2.52") L 10/08/2014 - 15:24:59:    path_goal ( "-3232.00 1714.00 -127.97" )
L 10/08/2014 - 15:24:59: "CEDA<2><BOT><Blue>" stuck (position "-3268.65 1889.53 -127.97") (duration "2.52") L 10/08/2014 - 15:24:59:    path_goal ( "-3232.00 1714.00 -127.97" )
L 10/08/2014 - 15:24:59: "Data Warrior<12><[U:1:197468749]><Unassigned>" joined team "Red"
L 10/08/2014 - 15:25:00: "Data Warrior<12><[U:1:197468749]><Red>" changed role to "engineer"
L 10/08/2014 - 15:25:00: "Kaboom!<6><BOT><Blue>" stuck (position "-3231.02 1889.53 -127.97") (duration "4.41") L 10/08/2014 - 15:25:00:    path_goal ( "-3232.00 1714.00 -127.97" )
L 10/08/2014 - 15:25:01: "Chief Data Wrangler<14><[U:1:197363721]><>" connected, address "192.168.1.111:27005"
L 10/08/2014 - 15:25:01: "BoomerBile<4><BOT><Blue>" stuck (position "-3214.40 1889.53 -127.97") (duration "2.52") L 10/08/2014 - 15:25:01:    path_goal ( "-3232.00 1714.00 -127.97" )
L 10/08/2014 - 15:25:01: "Chief Data Wrangler<14><[U:1:197363721]><>" STEAM USERID validated
L 10/08/2014 - 15:25:01: "CEDA<2><BOT><Blue>" stuck (position "-3241.63 1889.53 -127.97") (duration "2.52") L 10/08/2014 - 15:25:01:    path_goal ( "-3232.00 1714.00 -127.97" )
L 10/08/2014 - 15:25:02: "splunk> security warrior<7><[U:1:229722400]><Unassigned>" joined team "Blue"
L 10/08/2014 - 15:25:04: "BoomerBile<4><BOT><Blue>" stuck (position "-3240.24 1889.53 -127.97") (duration "2.52") L 10/08/2014 - 15:25:04:    path_goal ( "-3232.00 1714.00 -127.97" )
L 10/08/2014 - 15:25:04: "CEDA<2><BOT><Blue>" stuck (position "-3217.03 1889.53 -127.97") (duration "2.52") L 10/08/2014 - 15:25:04:    path_goal ( "-3232.00 1714.00 -127.97" )
L 10/08/2014 - 15:25:04: "splunk> 1<13><[U:1:197330785]><Unassigned>" joined team "Red"
L 10/08/2014 - 15:25:05: "Kaboom!<6><BOT><Blue>" stuck (position "-3258.15 1889.53 -127.97") (duration "4.41") L 10/08/2014 - 15:25:05:    path_goal ( "-3232.00 1714.00 -127.97" )
L 10/08/2014 - 15:25:05: "Chief Data Wrangler<14><[U:1:197363721]><>" entered the game
L 10/08/2014 - 15:25:06: "BoomerBile<4><BOT><Blue>" stuck (position "-3222.85 1889.53 -127.97") (duration "2.52") L 10/08/2014 - 15:25:06:    path_goal ( "-3232.00 1714.00 -127.97" )
L 10/08/2014 - 15:25:06: "CEDA<2><BOT><Blue>" stuck (position "-3261.32 1889.53 -127.97") (duration "2.52") L 10/08/2014 - 15:25:06:    path_goal ( "-3232.00 1714.00 -127.97" )
L 10/08/2014 - 15:25:06: "Data Warrior<12><[U:1:197468749]><Red>" triggered "player_builtobject" (object "OBJ_TELEPORTER") (position "-4524 -2453 0")
L 10/08/2014 - 15:25:07: "NotMe<3><BOT><Red>" stuck (position "-3031.41 -1264.88 -130.90") (duration "3.57") L 10/08/2014 - 15:25:07:    path_goal ( "-2984.56 -1301.97 -117.10" )
L 10/08/2014 - 15:25:07: "NotMe<3><BOT><Red>" stuck (position "-3032.09 -1260.17 -105.59") (duration "3.68") L 10/08/2014 - 15:25:07:    path_goal ( "-2984.56 -1301.97 -117.10" )
L 10/08/2014 - 15:25:08: "NotMe<3><BOT><Red>" stuck (position "-3038.79 -1279.91 -129.96") (duration "0.42") L 10/08/2014 - 15:25:08:    path_goal ( "-3025.00 -1301.97 -134.51" )
L 10/08/2014 - 15:25:09: "Data Wizard<11><[U:1:197413154]><Blue>" changed role to "demoman"
L 10/08/2014 - 15:25:09: "BoomerBile<4><BOT><Blue>" stuck (position "-3226.41 1889.53 -127.97") (duration "2.52") L 10/08/2014 - 15:25:09:    path_goal ( "-3232.00 1714.00 -127.97" )
L 10/08/2014 - 15:25:09: "NotMe<3><BOT><Red>" stuck (position "-3039.32 -1286.26 -129.93") (duration "1.47") L 10/08/2014 - 15:25:09:    path_goal ( "-2984.56 -1301.97 -117.10" )
L 10/08/2014 - 15:25:09: "CEDA<2><BOT><Blue>" stuck (position "-3245.25 1889.53 -127.97") (duration "2.52") L 10/08/2014 - 15:25:09:    path_goal ( "-3232.00 1714.00 -127.97" )
L 10/08/2014 - 15:25:09: "Kaboom!<6><BOT><Blue>" stuck (position "-3220.94 1889.53 -127.97") (duration "4.41") L 10/08/2014 - 15:25:09:    path_goal ( "-3232.00 1714.00 -127.97" )
L 10/08/2014 - 15:25:10: "NotMe<3><BOT><Red>" stuck (position "-3047.96 -1140.09 -140.65") (duration "0.10") L 10/08/2014 - 15:25:10:    path_goal ( "-2968.12 -1253.01 -82.91" )
L 10/08/2014 - 15:25:11: "splunk> 1<13><[U:1:197330785]><Red>" changed role to "heavyweapons"
L 10/08/2014 - 15:25:11: "BoomerBile<4><BOT><Blue>" stuck (position "-3229.18 1889.53 -127.97") (duration "2.52") L 10/08/2014 - 15:25:11:    path_goal ( "-3264.42 1704.49 -127.97" )
L 10/08/2014 - 15:25:11: "CEDA<2><BOT><Blue>" stuck (position "-3256.91 1889.53 -127.97") (duration "2.52") L 10/08/2014 - 15:25:11:    path_goal ( "-3263.47 1705.09 -127.97" )
L 10/08/2014 - 15:25:14: "Kaboom!<6><BOT><Blue>" stuck (position "-3263.74 1889.53 -127.97") (duration "4.41") L 10/08/2014 - 15:25:14:    path_goal ( "-3245.97 1712.35 -127.97" )
L 10/08/2014 - 15:25:14: "BoomerBile<4><BOT><Blue>" stuck (position "-3233.14 1889.53 -127.97") (duration "2.52") L 10/08/2014 - 15:25:14:    path_goal ( "-3264.42 1704.49 -127.97" )
L 10/08/2014 - 15:25:14: "CEDA<2><BOT><Blue>" stuck (position "-3223.26 1889.53 -127.97") (duration "2.52") L 10/08/2014 - 15:25:14:    path_goal ( "-3244.15 1712.76 -127.97" )
L 10/08/2014 - 15:25:14: "CEDA<2><BOT><Blue>" stuck (position "-3197.96 1889.53 -102.66") (duration "2.62") L 10/08/2014 - 15:25:14:    path_goal ( "-3300.00 2125.00 -127.97" )
L 10/08/2014 - 15:25:14: "The Architect<15><[U:1:197287110]><>" connected, address "192.168.1.107:27005"
L 10/08/2014 - 15:25:14: "NotMe<3><BOT><Red>" stuck (position "-2979.80 -1283.06 -79.97") (duration "3.47") L 10/08/2014 - 15:25:14:    path_goal ( "-2968.12 -1253.01 -82.91" )
L 10/08/2014 - 15:25:14: "NotMe<3><BOT><Red>" stuck (position "-2972.66 -1278.89 -54.67") (duration "3.57") L 10/08/2014 - 15:25:14:    path_goal ( "-2968.12 -1253.01 -82.91" )
L 10/08/2014 - 15:25:15: "The Architect<15><[U:1:197287110]><>" STEAM USERID validated
L 10/08/2014 - 15:25:15: "CEDA<2><BOT><Blue>" stuck (position "-3253.44 1945.29 -127.97") (duration "3.67") L 10/08/2014 - 15:25:15:    path_goal ( "-3300.00 2125.00 -127.97" )
L 10/08/2014 - 15:25:16: World triggered "Round_Start"
L 10/08/2014 - 15:25:16: World triggered "Round_Setup_Begin"
L 10/08/2014 - 15:25:16: World triggered "Mini_Round_Selected" (round "round_a")
L 10/08/2014 - 15:25:16: World triggered "Mini_Round_Start"
L 10/08/2014 - 15:25:18: "The Architect<15><[U:1:197287110]><>" entered the game
L 10/08/2014 - 15:25:22: "The Architect<15><[U:1:197287110]><Unassigned>" joined team "Blue"
L 10/08/2014 - 15:25:23: "splunk> security warrior<7><[U:1:229722400]><Blue>" changed role to "spy"
L 10/08/2014 - 15:25:23: "Data Warrior<12><[U:1:197468749]><Red>" triggered "player_builtobject" (object "OBJ_TELEPORTER") (position "-4538 -2443 0")
L 10/08/2014 - 15:25:29: "The Architect<15><[U:1:197287110]><Blue>" changed role to "demoman"
L 10/08/2014 - 15:25:35: "The Architect<15><[U:1:197287110]><Blue>" joined team "Red"
L 10/08/2014 - 15:25:35: "The Architect<15><[U:1:197287110]><Red>" committed suicide with "world" (attacker_position "-2768 2416 -127")
L 10/08/2014 - 15:25:37: "Data Warrior<12><[U:1:197468749]><Red>" triggered "player_builtobject" (object "OBJ_DISPENSER") (position "-3860 -1699 144")
L 10/08/2014 - 15:25:39: "Chief Data Wrangler<14><[U:1:197363721]><Unassigned>" joined team "Blue"
L 10/08/2014 - 15:25:41: "The Architect<15><[U:1:197287110]><Red>" joined team "Blue"
L 10/08/2014 - 15:25:41: "Chief Data Wrangler<14><[U:1:197363721]><Blue>" changed role to "engineer"
L 10/08/2014 - 15:25:42: "NotMe<3><BOT><Red>" stuck (position "-3048.65 -1284.61 -130.17") (duration "3.36") L 10/08/2014 - 15:25:42:    path_goal ( "-2984.56 -1301.97 -117.10" )
L 10/08/2014 - 15:25:42: "NotMe<3><BOT><Red>" stuck (position "-3041.35 -1253.75 -104.86") (duration "3.47") L 10/08/2014 - 15:25:42:    path_goal ( "-2984.56 -1301.97 -117.10" )
L 10/08/2014 - 15:25:43: "NotMe<3><BOT><Red>" stuck (position "-2996.86 -1266.10 -70.31") (duration "0.84") L 10/08/2014 - 15:25:43:    path_goal ( "-2968.12 -1253.01 -82.91" )
L 10/08/2014 - 15:25:52: "NotMe<3><BOT><Red>" triggered "player_builtobject" (object "OBJ_SENTRYGUN") (position "-2777 -474 1")
L 10/08/2014 - 15:25:57: "splunk> CannonFodder<16><[U:1:197388939]><>" connected, address "192.168.1.112:27005"
L 10/08/2014 - 15:25:57: "splunk> CannonFodder<16><[U:1:197388939]><>" STEAM USERID validated
L 10/08/2014 - 15:26:10: "splunk> CannonFodder<16><[U:1:197388939]><>" entered the game
L 10/08/2014 - 15:26:18: "Mann Co.<5><BOT><Red>" stuck (position "-3183.47 1635.12 -127.97") (duration "3.57") L 10/08/2014 - 15:26:18:    path_goal ( "-3200.00 1635.12 -127.97" )
L 10/08/2014 - 15:26:23: "Data Warrior<12><[U:1:197468749]><Red>" committed suicide with "world" (attacker_position "-3832 -1708 179")
L 10/08/2014 - 15:26:24: "splunk> CannonFodder<16><[U:1:197388939]><Unassigned>" joined team "Blue"
L 10/08/2014 - 15:26:26: World triggered "Round_Setup_End"
L 10/08/2014 - 15:26:27: "SomeDude<9><BOT><Blue>" triggered "chargedeployed"
L 10/08/2014 - 15:26:29: "Data Warrior<12><[U:1:197468749]><Red>" disconnected (reason "Disconnect by user.")
L 10/08/2014 - 15:26:29: "Data Warrior<12><[U:1:197468749]><Red>" triggered "object_detonated" (object "OBJ_DISPENSER") (position "-3832 -1708 193")
L 10/08/2014 - 15:26:29: "Data Warrior<12><[U:1:197468749]><Red>" triggered "object_detonated" (object "OBJ_TELEPORTER") (position "-3832 -1708 193")
L 10/08/2014 - 15:26:31: "splunk> CannonFodder<16><[U:1:197388939]><Blue>" changed role to "sniper"
L 10/08/2014 - 15:26:33: "Data Warrior<17><[U:1:197468749]><>" connected, address "192.168.1.109:27005"
L 10/08/2014 - 15:26:33: "Data Warrior<17><[U:1:197468749]><>" STEAM USERID validated
L 10/08/2014 - 15:26:34: "Chief Data Wrangler<14><[U:1:197363721]><Blue>" triggered "player_builtobject" (object "OBJ_SENTRYGUN") (position "-2414 1895 -127")
L 10/08/2014 - 15:26:37: "Data Warrior<17><[U:1:197468749]><>" entered the game
L 10/08/2014 - 15:26:38: "Data Wizard<11><[U:1:197413154]><Blue>" triggered "medic_death" against "Hostage<10><BOT><Red>" (healing "858") (ubercharge "1")
L 10/08/2014 - 15:26:38: "Data Wizard<11><[U:1:197413154]><Blue>" killed "Hostage<10><BOT><Red>" with "tf_projectile_pipe_remote" (attacker_position "-2510 1358 -60") (victim_position "-2602 1097 -10")
L 10/08/2014 - 15:26:39: "splunk> 1<13><[U:1:197330785]><Red>" killed "splunk> security warrior<7><[U:1:229722400]><Blue>" with "minigun" (attacker_position "-2515 961 -4") (victim_position "-2700 147 -49")
L 10/08/2014 - 15:26:39: "0xDEADBEEF<8><BOT><Red>" stuck (position "-3533.01 1972.47 -127.97") (duration "3.57") L 10/08/2014 - 15:26:39:    path_goal ( "-3487.50 2012.50 -127.97" )
L 10/08/2014 - 15:26:39: "0xDEADBEEF<8><BOT><Red>" stuck (position "-3525.37 1972.47 -102.66") (duration "3.67") L 10/08/2014 - 15:26:39:    path_goal ( "-3487.50 2012.50 -127.97" )
L 10/08/2014 - 15:26:39: "Mann Co.<5><BOT><Red>" killed "CEDA<2><BOT><Blue>" with "tf_projectile_pipe" (attacker_position "-2765 747 -127") (victim_position "-3121 1065 -125")
L 10/08/2014 - 15:26:39: "0xDEADBEEF<8><BOT><Red>" triggered "kill assist" against "CEDA<2><BOT><Blue>" (assister_position "-3514 1970 -81") (attacker_position "-2765 747 -127") (victim_position "-3121 1065 -125")
L 10/08/2014 - 15:26:39: "CEDA<2><BOT><Blue>" changed role to "pyro"
L 10/08/2014 - 15:26:40: "0xDEADBEEF<8><BOT><Red>" stuck (position "-3521.25 1972.47 -127.97") (duration "4.72") L 10/08/2014 - 15:26:40:    path_goal ( "-3487.50 2012.50 -127.97" )
L 10/08/2014 - 15:26:41: "0xDEADBEEF<8><BOT><Red>" stuck (position "-3525.53 1972.47 -127.97") (duration "5.77") L 10/08/2014 - 15:26:41:    path_goal ( "-3487.50 2012.50 -127.97" )
L 10/08/2014 - 15:26:41: "BoomerBile<4><BOT><Blue>" killed "0xDEADBEEF<8><BOT><Red>" with "scattergun" (attacker_position "-3234 1321 -127") (victim_position "-3500 1971 -77")
L 10/08/2014 - 15:26:41: "Kaboom!<6><BOT><Blue>" triggered "kill assist" against "0xDEADBEEF<8><BOT><Red>" (assister_position "-3173 1167 -127") (attacker_position "-3234 1321 -127") (victim_position "-3500 1971 -77")
L 10/08/2014 - 15:26:41: "0xDEADBEEF<8><BOT><Red>" changed role to "pyro"
L 10/08/2014 - 15:26:42: "Data Warrior<17><[U:1:197468749]><Unassigned>" joined team "Red"
L 10/08/2014 - 15:26:42: "0xDEADBEEF<8><BOT><Red>" killed "BoomerBile<4><BOT><Blue>" with "tf_projectile_pipe" (attacker_position "-3500 1971 -9") (victim_position "-3221 1211 -127")
L 10/08/2014 - 15:26:44: "Data Warrior<17><[U:1:197468749]><Red>" changed role to "demoman"
L 10/08/2014 - 15:26:45: "Mann Co.<5><BOT><Red>" triggered "captureblocked" (cp "0") (cpname "#Goldrush_cap_1_A") (position "-3018 792 -125")
L 10/08/2014 - 15:26:47: "NotMe<3><BOT><Red>" triggered "player_builtobject" (object "OBJ_DISPENSER") (position "-2761 -496 1")
L 10/08/2014 - 15:26:47: "Kaboom!<6><BOT><Blue>" killed "Mann Co.<5><BOT><Red>" with "minigun" (attacker_position "-3168 869 -126") (victim_position "-3455 844 -120")
L 10/08/2014 - 15:26:51: "splunk> 1<13><[U:1:197330785]><Red>" triggered "captureblocked" (cp "0") (cpname "#Goldrush_cap_1_A") (position "-2802 737 -127")
L 10/08/2014 - 15:26:54: "splunk> 1<13><[U:1:197330785]><Red>" triggered "captureblocked" (cp "0") (cpname "#Goldrush_cap_1_A") (position "-2776 732 -127")
L 10/08/2014 - 15:26:54: "splunk> 1<13><[U:1:197330785]><Red>" killed "Kaboom!<6><BOT><Blue>" with "minigun" (attacker_position "-2776 732 -127") (victim_position "-3004 756 -125")
L 10/08/2014 - 15:26:55: "SomeDude<9><BOT><Blue>" killed "splunk> 1<13><[U:1:197330785]><Red>" with "syringegun_medic" (attacker_position "-3131 1120 -126") (victim_position "-2776 732 -127")
L 10/08/2014 - 15:26:55: "The Architect<15><[U:1:197287110]><Blue>" triggered "kill assist" against "splunk> 1<13><[U:1:197330785]><Red>" (assister_position "-3514 1257 -27") (attacker_position "-3131 1120 -126") (victim_position "-2776 732 -127")
L 10/08/2014 - 15:27:09: "Data Warrior<17><[U:1:197468749]><Red>" triggered "captureblocked" (cp "0") (cpname "#Goldrush_cap_1_A") (position "-2359 523 68")
L 10/08/2014 - 15:27:09: "Data Warrior<17><[U:1:197468749]><Red>" killed "CEDA<2><BOT><Blue>" with "tf_projectile_pipe_remote" (attacker_position "-2359 523 68") (victim_position "-2738 669 -127")
L 10/08/2014 - 15:27:09: "CEDA<2><BOT><Blue>" changed role to "scout"
L 10/08/2014 - 15:27:12: "Data Wizard<11><[U:1:197413154]><Blue>" killed "Data Warrior<17><[U:1:197468749]><Red>" with "tf_projectile_pipe_remote" (attacker_position "-2411 789 -125") (victim_position "-2479 -36 0")
L 10/08/2014 - 15:27:24: "Chief Data Wrangler<14><[U:1:197363721]><Blue>" triggered "player_carryobject" (object "OBJ_SENTRYGUN") (position "-2430 1898 -127")
L 10/08/2014 - 15:27:24: "Chief Data Wrangler<14><[U:1:197363721]><Blue>" triggered "object_detonated" (object "OBJ_SENTRYGUN") (position "-2430 1898 -127")
L 10/08/2014 - 15:27:26: "NotMe<3><BOT><Red>" killed "Data Wizard<11><[U:1:197413154]><Blue>" with "obj_sentrygun3" (attacker_position "-2715 -418 0") (victim_position "-2435 802 -123")
L 10/08/2014 - 15:27:33: "Kaboom!<6><BOT><Blue>" triggered "killedobject" (object "OBJ_DISPENSER") (weapon "minigun") (objectowner "NotMe<3><BOT><Red>") (attacker_position "-2819 874 -121")
L 10/08/2014 - 15:27:35: "BoomerBile<4><BOT><Blue>" stuck (position "-3513.97 943.91 0.03") (duration "2.52") L 10/08/2014 - 15:27:35:    path_goal ( "-3521.77 953.38 0.03" )
L 10/08/2014 - 15:27:35: "BoomerBile<4><BOT><Blue>" stuck (position "-3518.33 953.58 27.62") (duration "2.62") L 10/08/2014 - 15:27:35:    path_goal ( "-3521.77 953.38 0.03" )
L 10/08/2014 - 15:27:36: "BoomerBile<4><BOT><Blue>" stuck (position "-3512.79 937.01 0.03") (duration "3.68") L 10/08/2014 - 15:27:36:    path_goal ( "-3521.77 953.38 0.03" )
L 10/08/2014 - 15:27:37: "NotMe<3><BOT><Red>" killed "CEDA<2><BOT><Blue>" with "obj_sentrygun3" (attacker_position "-2731 -456 0") (victim_position "-3045 -268 0")
L 10/08/2014 - 15:27:37: "CEDA<2><BOT><Blue>" changed role to "demoman"
L 10/08/2014 - 15:27:39: "Kaboom!<6><BOT><Blue>" killed "Mann Co.<5><BOT><Red>" with "minigun" (attacker_position "-3280 501 -127") (victim_position "-3070 709 -126")
L 10/08/2014 - 15:27:39: "The Architect<15><[U:1:197287110]><Blue>" triggered "kill assist" against "Mann Co.<5><BOT><Red>" (assister_position "-3247 940 -120") (attacker_position "-3280 501 -127") (victim_position "-3070 709 -126")
L 10/08/2014 - 15:27:39: "Mann Co.<5><BOT><Red>" changed role to "sniper"
L 10/08/2014 - 15:27:41: "BoomerBile<4><BOT><Blue>" stuck (position "-3506.17 953.07 0.03") (duration "0.10") L 10/08/2014 - 15:27:41:    path_goal ( "-3506.17 950.00 0.03" )
L 10/08/2014 - 15:27:42: "BoomerBile<4><BOT><Blue>" stuck (position "-3478.02 914.34 0.71") (duration "1.15") L 10/08/2014 - 15:27:42:    path_goal ( "-3375.00 912.50 43.03" )
L 10/08/2014 - 15:27:42: "Chief Data Wrangler<14><[U:1:197363721]><Blue>" triggered "player_builtobject" (object "OBJ_SENTRYGUN") (position "-2519 1182 -14")
L 10/08/2014 - 15:27:42: "Kaboom!<6><BOT><Blue>" triggered "medic_death" against "Hostage<10><BOT><Red>" (healing "387") (ubercharge "0")
L 10/08/2014 - 15:27:42: "Kaboom!<6><BOT><Blue>" killed "Hostage<10><BOT><Red>" with "minigun" (attacker_position "-3371 381 -127") (victim_position "-2759 736 -127")
L 10/08/2014 - 15:27:44: "Data Wizard<11><[U:1:197413154]><Blue>" disconnected (reason "Disconnect by user.")
L 10/08/2014 - 15:27:44: "Data Wizard<18><[U:1:197413154]><>" connected, address "192.168.1.116:27005"
L 10/08/2014 - 15:27:44: "Data Wizard<18><[U:1:197413154]><>" STEAM USERID validated
L 10/08/2014 - 15:27:45: "Console<0><Console><Console>" say "red team needs players"
L 10/08/2014 - 15:27:45: rcon from "192.168.1.109:61330": command "say red team needs players"
L 10/08/2014 - 15:27:46: "Kaboom!<6><BOT><Blue>" killed "0xDEADBEEF<8><BOT><Red>" with "minigun" (attacker_position "-3108 404 -127") (victim_position "-3282 1195 -127")
L 10/08/2014 - 15:27:46: "SomeDude<9><BOT><Blue>" triggered "kill assist" against "0xDEADBEEF<8><BOT><Red>" (assister_position "-3298 463 -114") (attacker_position "-3108 404 -127") (victim_position "-3282 1195 -127")
L 10/08/2014 - 15:27:46: "0xDEADBEEF<8><BOT><Red>" changed role to "engineer"
L 10/08/2014 - 15:27:47: "splunk> 1<13><[U:1:197330785]><Red>" killed "splunk> CannonFodder<16><[U:1:197388939]><Blue>" with "minigun" (attacker_position "-2496 55 0") (victim_position "-2939 1339 -54")
L 10/08/2014 - 15:27:48: "Data Wizard<18><[U:1:197413154]><>" entered the game
L 10/08/2014 - 15:27:50: "Chief Data Wrangler<14><[U:1:197363721]><Blue>" killed "splunk> 1<13><[U:1:197330785]><Red>" with "obj_sentrygun" (attacker_position "-2505 1172 -12") (victim_position "-2457 146 0")
L 10/08/2014 - 15:27:52: "NotMe<3><BOT><Red>" killed "BoomerBile<4><BOT><Blue>" with "obj_sentrygun3" (attacker_position "-2734 -457 0") (victim_position "-2843 928 -114")
L 10/08/2014 - 15:27:52: "splunk> 1<13><[U:1:197330785]><Red>" triggered "kill assist" against "BoomerBile<4><BOT><Blue>" (assister_position "-2457 146 14") (attacker_position "-2734 -457 0") (victim_position "-2843 928 -114")
L 10/08/2014 - 15:27:54: "Data Wizard<18><[U:1:197413154]><Unassigned>" joined team "Red"
L 10/08/2014 - 15:27:56: "Data Wizard<18><[U:1:197413154]><Red>" changed role to "soldier"
L 10/08/2014 - 15:27:59: "SomeDude<9><BOT><Blue>" triggered "chargedeployed"
L 10/08/2014 - 15:28:02: "The Architect<15><[U:1:197287110]><Blue>" triggered "killedobject" (object "OBJ_SENTRYGUN") (weapon "tf_projectile_pipe") (objectowner "NotMe<3><BOT><Red>") (attacker_position "-2914 721 -127")
L 10/08/2014 - 15:28:05: "Kaboom!<6><BOT><Blue>" killed "NotMe<3><BOT><Red>" with "minigun" (attacker_position "-2662 299 -79") (victim_position "-2947 -271 0")
L 10/08/2014 - 15:28:05: "SomeDude<9><BOT><Blue>" triggered "kill assist" against "NotMe<3><BOT><Red>" (assister_position "-2658 382 -96") (attacker_position "-2662 299 -79") (victim_position "-2947 -271 0")
L 10/08/2014 - 15:28:05: "NotMe<3><BOT><Red>" changed role to "demoman"
L 10/08/2014 - 15:28:10: "Data Warrior<17><[U:1:197468749]><Red>" triggered "medic_death" against "SomeDude<9><BOT><Blue>" (healing "2280") (ubercharge "0")
L 10/08/2014 - 15:28:10: "Data Warrior<17><[U:1:197468749]><Red>" killed "SomeDude<9><BOT><Blue>" with "tf_projectile_pipe_remote" (attacker_position "-2373 -618 10") (victim_position "-2732 125 -45")
L 10/08/2014 - 15:28:18: "Kaboom!<6><BOT><Blue>" killed "Data Wizard<18><[U:1:197413154]><Red>" with "minigun" (attacker_position "-2568 -288 2") (victim_position "-2582 -599 43")
L 10/08/2014 - 15:28:20: "Hostage<10><BOT><Red>" triggered "captureblocked" (cp "0") (cpname "#Goldrush_cap_1_A") (position "-2422 -572 0")
L 10/08/2014 - 15:28:20: "0xDEADBEEF<8><BOT><Red>" killed "CEDA<2><BOT><Blue>" with "world" (attacker_position "-2449 -1148 1") (victim_position "-2473 -384 2")
L 10/08/2014 - 15:28:20: "Data Warrior<17><[U:1:197468749]><Red>" triggered "kill assist" against "CEDA<2><BOT><Blue>" (assister_position "-2552 -1239 5") (attacker_position "-2449 -1148 1") (victim_position "-2473 -384 2")
L 10/08/2014 - 15:28:20: "CEDA<2><BOT><Blue>" changed role to "soldier"
L 10/08/2014 - 15:28:21: "Kaboom!<6><BOT><Blue>" triggered "medic_death" against "Hostage<10><BOT><Red>" (healing "0") (ubercharge "0")
L 10/08/2014 - 15:28:21: "Kaboom!<6><BOT><Blue>" killed "Hostage<10><BOT><Red>" with "minigun" (attacker_position "-2347 -388 5") (victim_position "-2422 -869 2")
L 10/08/2014 - 15:28:21: "CEDA<2><BOT><Blue>" triggered "kill assist" against "Hostage<10><BOT><Red>" (assister_position "-2473 -384 90") (attacker_position "-2347 -388 5") (victim_position "-2422 -869 2")
L 10/08/2014 - 15:28:24: Team "Blue" triggered "pointcaptured" (cp "0") (cpname "#Goldrush_cap_1_A") (numcappers "1") (player1 "Kaboom!<6><BOT><Blue>") (position1 "-2366 -505 10") 
L 10/08/2014 - 15:28:24: "Kaboom!<6><BOT><Blue>" killed "Mann Co.<5><BOT><Red>" with "minigun" (attacker_position "-2416 -516 0") (victim_position "-2357 -1074 0")
L 10/08/2014 - 15:28:24: "Mann Co.<5><BOT><Red>" changed role to "spy"
L 10/08/2014 - 15:28:29: "Data Wizard<18><[U:1:197413154]><Red>" changed role to "demoman"
L 10/08/2014 - 15:28:31: "0xDEADBEEF<8><BOT><Red>" triggered "captureblocked" (cp "1") (cpname "#Goldrush_cap_1_B") (position "-2384 -939 0")
L 10/08/2014 - 15:28:34: "Chief Data Wrangler<14><[U:1:197363721]><Blue>" triggered "player_builtobject" (object "OBJ_DISPENSER") (position "-2482 1294 -39")
L 10/08/2014 - 15:28:38: "splunk> 1<13><[U:1:197330785]><Red>" killed "Kaboom!<6><BOT><Blue>" with "minigun" (attacker_position "-2280 -1208 14") (victim_position "-2431 -568 0")
L 10/08/2014 - 15:28:38: "Kaboom!<6><BOT><Blue>" changed role to "soldier"
L 10/08/2014 - 15:28:41: "The Architect<15><[U:1:197287110]><Blue>" killed "Data Warrior<17><[U:1:197468749]><Red>" with "tf_projectile_pipe_remote" (attacker_position "-3359 -1222 160") (victim_position "-2755 -1495 6")
L 10/08/2014 - 15:28:42: "NotMe<3><BOT><Red>" stuck (position "-3046.47 -1283.76 -130.12") (duration "3.99") L 10/08/2014 - 15:28:42:    path_goal ( "-3025.00 -1301.97 -134.51" )
L 10/08/2014 - 15:28:42: "NotMe<3><BOT><Red>" stuck (position "-3044.70 -1267.97 -104.82") (duration "4.10") L 10/08/2014 - 15:28:42:    path_goal ( "-3025.00 -1301.97 -134.51" )
L 10/08/2014 - 15:28:42: "SomeDude<9><BOT><Blue>" stuck (position "-2696.01 2413.39 -127.97") (duration "3.16") L 10/08/2014 - 15:28:42:    path_goal ( "NULL" )
L 10/08/2014 - 15:28:45: "SomeDude<9><BOT><Blue>" stuck (position "-2732.24 2398.91 -127.97") (duration "3.15") L 10/08/2014 - 15:28:45:    path_goal ( "NULL" )
L 10/08/2014 - 15:28:45: "SomeDude<9><BOT><Blue>" stuck (position "-2750.32 2386.05 -102.66") (duration "3.25") L 10/08/2014 - 15:28:45:    path_goal ( "NULL" )
L 10/08/2014 - 15:28:46: "BoomerBile<4><BOT><Blue>" stuck (position "-3206.85 -52.03 144.03") (duration "2.62") L 10/08/2014 - 15:28:46:    path_goal ( "-3225.00 35.00 144.03" )
L 10/08/2014 - 15:28:46: "BoomerBile<4><BOT><Blue>" stuck (position "-3247.69 -60.49 169.34") (duration "2.73") L 10/08/2014 - 15:28:46:    path_goal ( "NULL" )
L 10/08/2014 - 15:28:48: "The Architect<15><[U:1:197287110]><Blue>" killed "splunk> 1<13><[U:1:197330785]><Red>" with "tf_projectile_pipe_remote" (attacker_position "-3396 -1049 160") (victim_position "-2623 -1516 0")
L 10/08/2014 - 15:28:51: "Chief Data Wrangler<14><[U:1:197363721]><Blue>" killed "0xDEADBEEF<8><BOT><Red>" with "obj_sentrygun2" (attacker_position "-2557 1147 -13") (victim_position "-2586 256 -71")
L 10/08/2014 - 15:28:51: "BoomerBile<4><BOT><Blue>" stuck (position "-3222.10 -28.03 144.03") (duration "2.62") L 10/08/2014 - 15:28:51:    path_goal ( "-3225.00 35.00 144.03" )
L 10/08/2014 - 15:28:51: "BoomerBile<4><BOT><Blue>" stuck (position "-3203.43 -28.03 169.34") (duration "2.73") L 10/08/2014 - 15:28:51:    path_goal ( "NULL" )
L 10/08/2014 - 15:28:57: "NotMe<3><BOT><Red>" triggered "captureblocked" (cp "1") (cpname "#Goldrush_cap_1_B") (position "-2417 -869 2")
L 10/08/2014 - 15:29:01: "Mann Co.<5><BOT><Red>" triggered "captureblocked" (cp "1") (cpname "#Goldrush_cap_1_B") (position "-2419 -1041 4")
L 10/08/2014 - 15:29:02: "CEDA<2><BOT><Blue>" killed "Mann Co.<5><BOT><Red>" with "tf_projectile_rocket" (attacker_position "-2307 -460 2") (victim_position "-2418 -1035 4")
L 10/08/2014 - 15:29:02: "SomeDude<9><BOT><Blue>" triggered "kill assist" against "Mann Co.<5><BOT><Red>" (assister_position "-2630 -81 -4") (attacker_position "-2307 -460 2") (victim_position "-2418 -1035 4")
L 10/08/2014 - 15:29:02: "Mann Co.<5><BOT><Red>" changed role to "soldier"
L 10/08/2014 - 15:29:06: "CEDA<2><BOT><Blue>" killed "NotMe<3><BOT><Red>" with "tf_projectile_rocket" (attacker_position "-2423 -1221 8") (victim_position "-2474 -1202 7")
L 10/08/2014 - 15:29:19: "The Architect<15><[U:1:197287110]><Blue>" killed "Data Wizard<18><[U:1:197413154]><Red>" with "tf_projectile_pipe_remote" (attacker_position "-3352 -1279 160") (victim_position "-2824 -1477 0")
L 10/08/2014 - 15:29:19: "CEDA<2><BOT><Blue>" triggered "kill assist" against "Data Wizard<18><[U:1:197413154]><Red>" (assister_position "-2899 -1843 0") (attacker_position "-3352 -1279 160") (victim_position "-2824 -1477 0")
L 10/08/2014 - 15:29:19: "Data Warrior<17><[U:1:197468749]><Red>" triggered "medic_death" against "SomeDude<9><BOT><Blue>" (healing "550") (ubercharge "0")
L 10/08/2014 - 15:29:19: "Data Warrior<17><[U:1:197468749]><Red>" killed "SomeDude<9><BOT><Blue>" with "tf_projectile_pipe_remote" (attacker_position "-3720 -1765 2") (victim_position "-2908 -1699 0")
L 10/08/2014 - 15:29:19: "Data Warrior<17><[U:1:197468749]><Red>" killed "Kaboom!<6><BOT><Blue>" with "tf_projectile_pipe_remote" (attacker_position "-3720 -1773 2") (victim_position "-2931 -1758 40")
L 10/08/2014 - 15:29:19: "0xDEADBEEF<8><BOT><Red>" triggered "kill assist" against "Kaboom!<6><BOT><Blue>" (assister_position "-3320 -2599 1") (attacker_position "-3720 -1773 2") (victim_position "-2931 -1758 40")
L 10/08/2014 - 15:29:19: "Kaboom!<6><BOT><Blue>" changed role to "demoman"
L 10/08/2014 - 15:29:22: "The Architect<15><[U:1:197287110]><Blue>" triggered "medic_death" against "Hostage<10><BOT><Red>" (healing "85") (ubercharge "0")
L 10/08/2014 - 15:29:22: "The Architect<15><[U:1:197287110]><Blue>" killed "Hostage<10><BOT><Red>" with "tf_projectile_pipe_remote" (attacker_position "-3321 -1193 160") (victim_position "-2791 -1691 1")
L 10/08/2014 - 15:29:22: "CEDA<2><BOT><Blue>" triggered "kill assist" against "Hostage<10><BOT><Red>" (assister_position "-2982 -1979 0") (attacker_position "-3321 -1193 160") (victim_position "-2791 -1691 1")
L 10/08/2014 - 15:29:22: "Data Warrior<17><[U:1:197468749]><Red>" killed "BoomerBile<4><BOT><Blue>" with "tf_projectile_pipe_remote" (attacker_position "-3549 -2492 0") (victim_position "-2986 -2110 0")
L 10/08/2014 - 15:29:22: "0xDEADBEEF<8><BOT><Red>" triggered "kill assist" against "BoomerBile<4><BOT><Blue>" (assister_position "-3469 -3021 0") (attacker_position "-3549 -2492 0") (victim_position "-2986 -2110 0")
L 10/08/2014 - 15:29:22: "Data Warrior<17><[U:1:197468749]><Red>" killed "CEDA<2><BOT><Blue>" with "tf_projectile_pipe_remote" (attacker_position "-3549 -2492 0") (victim_position "-2979 -2008 0")
L 10/08/2014 - 15:29:22: "CEDA<2><BOT><Blue>" changed role to "pyro"
L 10/08/2014 - 15:29:27: "0xDEADBEEF<8><BOT><Red>" stuck (position "-3456.57 -3022.05 0.03") (duration "3.36") L 10/08/2014 - 15:29:27:    path_goal ( "NULL" )
L 10/08/2014 - 15:29:28: "0xDEADBEEF<8><BOT><Red>" stuck (position "-3460.09 -3050.37 25.34") (duration "3.46") L 10/08/2014 - 15:29:28:    path_goal ( "NULL" )
L 10/08/2014 - 15:29:29: "0xDEADBEEF<8><BOT><Red>" stuck (position "-3454.40 -3008.14 0.03") (duration "0.11") L 10/08/2014 - 15:29:29:    path_goal ( "-3437.50 -3037.50 0.03" )
L 10/08/2014 - 15:29:30: "0xDEADBEEF<8><BOT><Red>" stuck (position "-3448.94 -3028.41 0.03") (duration "0.10") L 10/08/2014 - 15:29:30:    path_goal ( "-3450.00 -2950.00 0.03" )
L 10/08/2014 - 15:29:35: "0xDEADBEEF<8><BOT><Red>" killed "splunk> security warrior<7><[U:1:229722400]><Blue>" with "shotgun_primary" (attacker_position "-4248 -2892 0") (victim_position "-4296 -2879 3")
L 10/08/2014 - 15:29:38: "Chief Data Wrangler<14><[U:1:197363721]><Blue>" triggered "player_builtobject" (object "OBJ_TELEPORTER") (position "-3048 1767 -127")
L 10/08/2014 - 15:29:44: "NotMe<3><BOT><Red>" stuck (position "-3029.82 -1260.31 -131.29") (duration "3.99") L 10/08/2014 - 15:29:44:    path_goal ( "-2984.56 -1301.97 -117.10" )
L 10/08/2014 - 15:29:45: "NotMe<3><BOT><Red>" stuck (position "-3031.28 -1263.54 -105.99") (duration "4.10") L 10/08/2014 - 15:29:45:    path_goal ( "-2984.56 -1301.97 -117.10" )
L 10/08/2014 - 15:29:46: "NotMe<3><BOT><Red>" stuck (position "-3018.75 -1330.16 -105.20") (duration "5.14") L 10/08/2014 - 15:29:46:    path_goal ( "-2984.56 -1301.97 -117.10" )
L 10/08/2014 - 15:29:55: "0xDEADBEEF<8><BOT><Red>" triggered "player_builtobject" (object "OBJ_SENTRYGUN") (position "-3000 -1726 2")
L 10/08/2014 - 15:29:56: "BoomerBile<4><BOT><Blue>" killed "NotMe<3><BOT><Red>" with "scattergun" (attacker_position "-2594 -34 -12") (victim_position "-2399 -720 3")
L 10/08/2014 - 15:30:01: "Kaboom!<6><BOT><Blue>" killed "splunk> 1<13><[U:1:197330785]><Red>" with "tf_projectile_pipe" (attacker_position "-2397 -1073 3") (victim_position "-2338 -1143 3")
L 10/08/2014 - 15:30:01: "BoomerBile<4><BOT><Blue>" triggered "kill assist" against "splunk> 1<13><[U:1:197330785]><Red>" (assister_position "-2891 -1524 0") (attacker_position "-2397 -1073 3") (victim_position "-2338 -1143 3")
L 10/08/2014 - 15:30:04: "splunk> 1<13><[U:1:197330785]><Red>" changed role to "engineer"
L 10/08/2014 - 15:30:07: "0xDEADBEEF<8><BOT><Red>" killed "CEDA<2><BOT><Blue>" with "obj_sentrygun" (attacker_position "-3734 -1780 1") (victim_position "-2524 -1207 5")
L 10/08/2014 - 15:30:07: "CEDA<2><BOT><Blue>" changed role to "demoman"
L 10/08/2014 - 15:30:09: "0xDEADBEEF<8><BOT><Red>" killed "The Architect<15><[U:1:197287110]><Blue>" with "obj_sentrygun" (attacker_position "-4388 -1847 -2") (victim_position "-3381 -1120 160")
L 10/08/2014 - 15:30:12: "Chief Data Wrangler<14><[U:1:197363721]><Blue>" triggered "player_builtobject" (object "OBJ_TELEPORTER") (position "-2543 -1254 160")
L 10/08/2014 - 15:30:25: "Mann Co.<5><BOT><Red>" killed "BoomerBile<4><BOT><Blue>" with "tf_projectile_rocket" (attacker_position "-3139 -2334 0") (victim_position "-3657 -2696 0")
L 10/08/2014 - 15:30:28: "splunk> 1<13><[U:1:197330785]><Red>" triggered "player_builtobject" (object "OBJ_TELEPORTER") (position "-4595 -2328 0")
L 10/08/2014 - 15:30:32: "Data Warrior<17><[U:1:197468749]><Red>" killed "splunk> CannonFodder<16><[U:1:197388939]><Blue>" with "tf_projectile_pipe_remote" (attacker_position "-3717 -2846 0") (victim_position "-3228 -2914 128")
L 10/08/2014 - 15:30:32: "0xDEADBEEF<8><BOT><Red>" triggered "kill assist" against "splunk> CannonFodder<16><[U:1:197388939]><Blue>" (assister_position "-2925 -1686 0") (attacker_position "-3717 -2846 0") (victim_position "-3228 -2914 128")
L 10/08/2014 - 15:30:37: "0xDEADBEEF<8><BOT><Red>" stuck (position "-2913.36 -1812.86 0.03") (duration "3.78") L 10/08/2014 - 15:30:37:    path_goal ( "-3250.00 -1775.00 -3.97" )
L 10/08/2014 - 15:30:37: "0xDEADBEEF<8><BOT><Red>" stuck (position "-2940.18 -1829.38 25.34") (duration "3.89") L 10/08/2014 - 15:30:37:    path_goal ( "NULL" )
L 10/08/2014 - 15:30:40: "Mann Co.<5><BOT><Red>" triggered "medic_death" against "SomeDude<9><BOT><Blue>" (healing "723") (ubercharge "0")
L 10/08/2014 - 15:30:40: "Mann Co.<5><BOT><Red>" killed "SomeDude<9><BOT><Blue>" with "shotgun_soldier" (attacker_position "-3169 -2297 0") (victim_position "-2769 -2397 176")
L 10/08/2014 - 15:30:40: "Hostage<10><BOT><Red>" triggered "kill assist" against "SomeDude<9><BOT><Blue>" (assister_position "-3298 -2505 0") (attacker_position "-3169 -2297 0") (victim_position "-2769 -2397 176")
L 10/08/2014 - 15:30:42: "Mann Co.<5><BOT><Red>" killed "Kaboom!<6><BOT><Blue>" with "shotgun_soldier" (attacker_position "-3150 -2307 0") (victim_position "-2989 -2148 0")
L 10/08/2014 - 15:30:42: "Hostage<10><BOT><Red>" triggered "kill assist" against "Kaboom!<6><BOT><Blue>" (assister_position "-3249 -2389 0") (attacker_position "-3150 -2307 0") (victim_position "-2989 -2148 0")
L 10/08/2014 - 15:30:45: "0xDEADBEEF<8><BOT><Red>" triggered "object_detonated" (object "OBJ_SENTRYGUN") (position "-2669 -2460 10")
L 10/08/2014 - 15:30:49: "CEDA<2><BOT><Blue>" killed "NotMe<3><BOT><Red>" with "tf_projectile_pipe" (attacker_position "-2978 -1292 -84") (victim_position "-2975 -1244 -58")
L 10/08/2014 - 15:30:50: "CEDA<2><BOT><Blue>" committed suicide with "tf_projectile_pipe" (attacker_position "-2966 -1225 -47")
L 10/08/2014 - 15:30:50: "CEDA<2><BOT><Blue>" changed role to "pyro"
L 10/08/2014 - 15:30:59: "0xDEADBEEF<8><BOT><Red>" triggered "player_builtobject" (object "OBJ_SENTRYGUN") (position "-2692 -1178 0")
L 10/08/2014 - 15:31:01: "BoomerBile<4><BOT><Blue>" triggered "killedobject" (object "OBJ_SENTRYGUN") (weapon "scattergun") (objectowner "0xDEADBEEF<8><BOT><Red>") (attacker_position "-2561 -1121 1")
L 10/08/2014 - 15:31:07: "Mann Co.<5><BOT><Red>" killed "BoomerBile<4><BOT><Blue>" with "tf_projectile_rocket" (attacker_position "-3453 -1841 -3") (victim_position "-2745 -1485 5")
L 10/08/2014 - 15:31:07: "Hostage<10><BOT><Red>" triggered "kill assist" against "BoomerBile<4><BOT><Blue>" (assister_position "-3685 -1765 2") (attacker_position "-3453 -1841 -3") (victim_position "-2745 -1485 5")
L 10/08/2014 - 15:31:09: "splunk> security warrior<7><[U:1:229722400]><Blue>" killed "Data Wizard<18><[U:1:197413154]><Red>" with "knife" (customkill "backstab") (attacker_position "-3770 -1752 0") (victim_position "-3719 -1712 7")
L 10/08/2014 - 15:31:19: "Data Warrior<17><[U:1:197468749]><Red>" killed "The Architect<15><[U:1:197287110]><Blue>" with "tf_projectile_pipe" (attacker_position "-2760 -2342 176") (victim_position "-2755 -1888 240")
L 10/08/2014 - 15:31:20: "Data Wizard<18><[U:1:197413154]><Red>" changed role to "heavyweapons"
L 10/08/2014 - 15:31:24: "splunk> security warrior<7><[U:1:229722400]><Blue>" killed "0xDEADBEEF<8><BOT><Red>" with "knife" (customkill "backstab") (attacker_position "-3583 -2865 0") (victim_position "-3585 -2797 0")
L 10/08/2014 - 15:31:24: "0xDEADBEEF<8><BOT><Red>" changed role to "demoman"
L 10/08/2014 - 15:31:25: "Hostage<10><BOT><Red>" triggered "captureblocked" (cp "1") (cpname "#Goldrush_cap_1_B") (position "-2876 -1704 0")
L 10/08/2014 - 15:31:26: "Hostage<10><BOT><Red>" triggered "chargedeployed"
L 10/08/2014 - 15:31:27: "Mann Co.<5><BOT><Red>" triggered "captureblocked" (cp "1") (cpname "#Goldrush_cap_1_B") (position "-3084 -2147 0")
L 10/08/2014 - 15:31:27: "Mann Co.<5><BOT><Red>" killed "CEDA<2><BOT><Blue>" with "tf_projectile_rocket" (attacker_position "-3084 -2147 0") (victim_position "-2964 -1675 3")
L 10/08/2014 - 15:31:27: "Hostage<10><BOT><Red>" triggered "kill assist" against "CEDA<2><BOT><Blue>" (assister_position "-3016 -2064 2") (attacker_position "-3084 -2147 0") (victim_position "-2964 -1675 3")
L 10/08/2014 - 15:31:27: "CEDA<2><BOT><Blue>" changed role to "heavyweapons"
L 10/08/2014 - 15:31:33: "splunk> 1<13><[U:1:197330785]><Red>" triggered "player_builtobject" (object "OBJ_TELEPORTER") (position "-3836 -1752 3")
L 10/08/2014 - 15:31:38: "NotMe<3><BOT><Red>" killed "BoomerBile<4><BOT><Blue>" with "tf_projectile_pipe" (attacker_position "-3172 -1635 -126") (victim_position "-3115 -1931 -118")
L 10/08/2014 - 15:31:38: "Mann Co.<5><BOT><Red>" triggered "kill assist" against "BoomerBile<4><BOT><Blue>" (assister_position "-3236 -2024 -120") (attacker_position "-3172 -1635 -126") (victim_position "-3115 -1931 -118")
L 10/08/2014 - 15:31:43: "splunk> security warrior<7><[U:1:229722400]><Blue>" triggered "player_builtobject" (object "OBJ_ATTACHMENT_SAPPER") (position "-4591 -2460 0")
L 10/08/2014 - 15:31:43: "splunk> security warrior<7><[U:1:229722400]><Blue>" triggered "player_builtobject" (object "OBJ_ATTACHMENT_SAPPER") (position "-4591 -2460 0")
L 10/08/2014 - 15:31:43: "Kaboom!<6><BOT><Blue>" triggered "killedobject" (object "OBJ_TELEPORTER") (weapon "tf_projectile_pipe") (objectowner "splunk> 1<13><[U:1:197330785]><Red>") (attacker_position "-2841 -1556 0")
L 10/08/2014 - 15:31:43: "splunk> security warrior<7><[U:1:229722400]><Blue>" triggered "killedobject" (object "OBJ_TELEPORTER") (objectowner "splunk> 1<13><[U:1:197330785]><Red>") (assist "1") (assister_position "-4660 -2567 0") (attacker_position "-2841 -1556 0")
L 10/08/2014 - 15:31:48: "Data Wizard<18><[U:1:197413154]><Red>" triggered "medic_death" against "SomeDude<9><BOT><Blue>" (healing "305") (ubercharge "0")
L 10/08/2014 - 15:31:48: "Data Wizard<18><[U:1:197413154]><Red>" killed "SomeDude<9><BOT><Blue>" with "minigun" (attacker_position "-4103 -1754 9") (victim_position "-2875 -1678 0")
L 10/08/2014 - 15:31:48: "0xDEADBEEF<8><BOT><Red>" triggered "kill assist" against "SomeDude<9><BOT><Blue>" (assister_position "-3995 -1884 -1") (attacker_position "-4103 -1754 9") (victim_position "-2875 -1678 0")
L 10/08/2014 - 15:31:48: "Data Warrior<17><[U:1:197468749]><Red>" killed "The Architect<15><[U:1:197287110]><Blue>" with "tf_projectile_pipe_remote" (attacker_position "-2802 -2471 6") (victim_position "-2676 -2026 0")
L 10/08/2014 - 15:31:49: "NotMe<3><BOT><Red>" triggered "captureblocked" (cp "1") (cpname "#Goldrush_cap_1_B") (position "-3024 -1912 1")
L 10/08/2014 - 15:31:50: "Kaboom!<6><BOT><Blue>" killed "NotMe<3><BOT><Red>" with "tf_projectile_pipe" (attacker_position "-3014 -2093 2") (victim_position "-2966 -2065 0")
L 10/08/2014 - 15:31:51: "splunk> security warrior<7><[U:1:229722400]><Blue>" triggered "killedobject" (object "OBJ_TELEPORTER") (weapon "obj_attachment_sapper") (objectowner "splunk> 1<13><[U:1:197330785]><Red>") (attacker_position "-3474 -2976 0")
L 10/08/2014 - 15:31:54: "Hostage<10><BOT><Red>" killed "splunk> security warrior<7><[U:1:229722400]><Blue>" with "syringegun_medic" (attacker_position "-3485 -2975 0") (victim_position "-3484 -3023 0")
L 10/08/2014 - 15:31:54: "Mann Co.<5><BOT><Red>" triggered "kill assist" against "splunk> security warrior<7><[U:1:229722400]><Blue>" (assister_position "-3457 -3071 0") (attacker_position "-3485 -2975 0") (victim_position "-3484 -3023 0")
L 10/08/2014 - 15:31:57: "CEDA<2><BOT><Blue>" killed "Data Wizard<18><[U:1:197413154]><Red>" with "minigun" (attacker_position "-2856 -1661 0") (victim_position "-4024 -1850 0")
L 10/08/2014 - 15:31:58: "Data Warrior<17><[U:1:197468749]><Red>" killed "Kaboom!<6><BOT><Blue>" with "tf_projectile_pipe" (attacker_position "-2781 -2192 2") (victim_position "-2485 -1817 0")
L 10/08/2014 - 15:31:58: "Data Wizard<18><[U:1:197413154]><Red>" triggered "kill assist" against "Kaboom!<6><BOT><Blue>" (assister_position "-4024 -1850 14") (attacker_position "-2781 -2192 2") (victim_position "-2485 -1817 0")
L 10/08/2014 - 15:31:58: "Kaboom!<6><BOT><Blue>" changed role to "pyro"
L 10/08/2014 - 15:31:59: "splunk> 1<13><[U:1:197330785]><Red>" triggered "player_builtobject" (object "OBJ_SENTRYGUN") (position "-4257 -1826 0")
L 10/08/2014 - 15:32:03: "Data Warrior<17><[U:1:197468749]><Red>" killed "splunk> CannonFodder<16><[U:1:197388939]><Blue>" with "tf_projectile_pipe" (attacker_position "-2794 -2242 3") (victim_position "-2556 -1686 0")
L 10/08/2014 - 15:32:05: "splunk> 1<13><[U:1:197330785]><Red>" killed "CEDA<2><BOT><Blue>" with "pistol" (attacker_position "-3485 -1888 -3") (victim_position "-2902 -1751 0")
L 10/08/2014 - 15:32:05: "Mann Co.<5><BOT><Red>" triggered "kill assist" against "CEDA<2><BOT><Blue>" (assister_position "-3072 -2258 2") (attacker_position "-3485 -1888 -3") (victim_position "-2902 -1751 0")
L 10/08/2014 - 15:32:05: "CEDA<2><BOT><Blue>" changed role to "demoman"
L 10/08/2014 - 15:32:10: "Data Wizard<18><[U:1:197413154]><Red>" changed role to "sniper"
L 10/08/2014 - 15:32:21: "Data Warrior<17><[U:1:197468749]><Red>" killed "BoomerBile<4><BOT><Blue>" with "tf_projectile_pipe" (attacker_position "-2811 -2230 4") (victim_position "-2547 -1995 2")
L 10/08/2014 - 15:32:32: "Chief Data Wrangler<14><[U:1:197363721]><Blue>" triggered "player_carryobject" (object "OBJ_SENTRYGUN") (position "-2509 1067 -3")
L 10/08/2014 - 15:32:32: "Mann Co.<5><BOT><Red>" killed "The Architect<15><[U:1:197287110]><Blue>" with "tf_projectile_rocket" (attacker_position "-3263 -1860 -127") (victim_position "-3273 -1540 -130")
L 10/08/2014 - 15:32:32: "NotMe<3><BOT><Red>" triggered "kill assist" against "The Architect<15><[U:1:197287110]><Blue>" (assister_position "-2962 -1869 1") (attacker_position "-3263 -1860 -127") (victim_position "-3273 -1540 -130")
L 10/08/2014 - 15:32:33: "The Architect<15><[U:1:197287110]><Blue>" triggered "medic_death" against "Hostage<10><BOT><Red>" (healing "1701") (ubercharge "0")
L 10/08/2014 - 15:32:33: "The Architect<15><[U:1:197287110]><Blue>" killed "Hostage<10><BOT><Red>" with "tf_projectile_pipe" (attacker_position "-3273 -1540 -116") (victim_position "-3328 -1901 -127")
L 10/08/2014 - 15:32:34: "Chief Data Wrangler<14><[U:1:197363721]><Blue>" triggered "player_dropobject" (object "OBJ_SENTRYGUN") (position "-2436 1080 0")
L 10/08/2014 - 15:32:34: "Chief Data Wrangler<14><[U:1:197363721]><Blue>" triggered "player_builtobject" (object "OBJ_SENTRYGUN") (position "-2436 1080 0")
L 10/08/2014 - 15:32:35: "Mann Co.<5><BOT><Red>" triggered "medic_death" against "SomeDude<9><BOT><Blue>" (healing "356") (ubercharge "0")
L 10/08/2014 - 15:32:35: "Mann Co.<5><BOT><Red>" killed "SomeDude<9><BOT><Blue>" with "tf_projectile_rocket" (attacker_position "-3043 -1330 -116") (victim_position "-2950 -1146 41")
L 10/08/2014 - 15:32:36: "NotMe<3><BOT><Red>" triggered "captureblocked" (cp "1") (cpname "#Goldrush_cap_1_B") (position "-3120 -2290 1")
L 10/08/2014 - 15:32:40: "Chief Data Wrangler<14><[U:1:197363721]><Blue>" triggered "player_carryobject" (object "OBJ_DISPENSER") (position "-2524 1200 -18")
L 10/08/2014 - 15:32:48: "Chief Data Wrangler<14><[U:1:197363721]><Blue>" triggered "player_dropobject" (object "OBJ_DISPENSER") (position "-2480 1290 -38")
L 10/08/2014 - 15:32:48: "Chief Data Wrangler<14><[U:1:197363721]><Blue>" triggered "player_builtobject" (object "OBJ_DISPENSER") (position "-2480 1290 -38")
L 10/08/2014 - 15:32:51: "0xDEADBEEF<8><BOT><Red>" killed "splunk> security warrior<7><[U:1:229722400]><Blue>" with "tf_projectile_pipe" (attacker_position "-3464 -3024 0") (victim_position "-3461 -2976 0")
L 10/08/2014 - 15:32:51: "0xDEADBEEF<8><BOT><Red>" committed suicide with "tf_projectile_pipe" (attacker_position "-3464 -3024 0")
L 10/08/2014 - 15:32:53: "NotMe<3><BOT><Red>" triggered "captureblocked" (cp "1") (cpname "#Goldrush_cap_1_B") (position "-3028 -2266 1")
L 10/08/2014 - 15:32:53: "BoomerBile<4><BOT><Blue>" killed "Mann Co.<5><BOT><Red>" with "scattergun" (attacker_position "-2812 -1685 0") (victim_position "-2779 -1438 0")
L 10/08/2014 - 15:32:53: "Mann Co.<5><BOT><Red>" changed role to "engineer"
L 10/08/2014 - 15:32:53: "Mann Co.<5><BOT><Red>" killed "BoomerBile<4><BOT><Blue>" with "tf_projectile_rocket" (attacker_position "-2779 -1438 68") (victim_position "-2830 -1662 0")
L 10/08/2014 - 15:32:53: "Data Warrior<17><[U:1:197468749]><Red>" triggered "kill assist" against "BoomerBile<4><BOT><Blue>" (assister_position "-2664 -2144 8") (attacker_position "-2779 -1438 68") (victim_position "-2830 -1662 0")
L 10/08/2014 - 15:32:53: "splunk> 1<13><[U:1:197330785]><Red>" triggered "captureblocked" (cp "1") (cpname "#Goldrush_cap_1_B") (position "-3954 -1989 0")
L 10/08/2014 - 15:32:53: "splunk> 1<13><[U:1:197330785]><Red>" killed "Kaboom!<6><BOT><Blue>" with "obj_sentrygun2" (attacker_position "-3954 -1989 0") (victim_position "-3194 -2231 -45")
L 10/08/2014 - 15:32:53: "Kaboom!<6><BOT><Blue>" changed role to "demoman"
L 10/08/2014 - 15:33:02: "Kaboom!<6><BOT><Blue>" killed "NotMe<3><BOT><Red>" with "flamethrower" (attacker_position "-2643 -1538 0") (victim_position "-2962 -1940 0")
L 10/08/2014 - 15:33:03: "Chief Data Wrangler<14><[U:1:197363721]><Blue>" triggered "player_carryobject" (object "OBJ_SENTRYGUN") (position "-2523 1103 -7")
L 10/08/2014 - 15:33:08: "splunk> 1<13><[U:1:197330785]><Red>" triggered "player_builtobject" (object "OBJ_DISPENSER") (position "-4333 -1823 1")
L 10/08/2014 - 15:33:08: "CEDA<2><BOT><Blue>" triggered "medic_death" against "Hostage<10><BOT><Red>" (healing "38") (ubercharge "0")
L 10/08/2014 - 15:33:08: "CEDA<2><BOT><Blue>" killed "Hostage<10><BOT><Red>" with "tf_projectile_pipe" (attacker_position "-2517 -1997 3") (victim_position "-2577 -1866 1")
L 10/08/2014 - 15:33:22: "Mann Co.<5><BOT><Red>" triggered "captureblocked" (cp "1") (cpname "#Goldrush_cap_1_B") (position "-3502 -1914 -3")
L 10/08/2014 - 15:33:22: "Mann Co.<5><BOT><Red>" killed "CEDA<2><BOT><Blue>" with "shotgun_primary" (attacker_position "-3502 -1914 -3") (victim_position "-3024 -2228 1")
L 10/08/2014 - 15:33:22: "0xDEADBEEF<8><BOT><Red>" triggered "kill assist" against "CEDA<2><BOT><Blue>" (assister_position "-3479 -1870 -3") (attacker_position "-3502 -1914 -3") (victim_position "-3024 -2228 1")
L 10/08/2014 - 15:33:22: "0xDEADBEEF<8><BOT><Red>" triggered "domination" against "CEDA<2><BOT><Blue>" (assist "1")
L 10/08/2014 - 15:33:22: "CEDA<2><BOT><Blue>" changed role to "scout"
L 10/08/2014 - 15:33:26: "Chief Data Wrangler<14><[U:1:197363721]><Blue>" triggered "player_dropobject" (object "OBJ_SENTRYGUN") (position "-2489 -1096 5")
L 10/08/2014 - 15:33:26: "Chief Data Wrangler<14><[U:1:197363721]><Blue>" triggered "player_builtobject" (object "OBJ_SENTRYGUN") (position "-2489 -1096 5")
L 10/08/2014 - 15:33:35: "0xDEADBEEF<8><BOT><Red>" triggered "killedobject" (object "OBJ_SENTRYGUN") (weapon "tf_projectile_pipe_remote") (objectowner "Chief Data Wrangler<14><[U:1:197363721]><Blue>") (attacker_position "-3244 -1607 -131")
L 10/08/2014 - 15:33:39: "Kaboom!<6><BOT><Blue>" killed "0xDEADBEEF<8><BOT><Red>" with "tf_projectile_pipe" (attacker_position "-3262 -1546 -130") (victim_position "-3298 -2068 -113")
L 10/08/2014 - 15:33:39: "BoomerBile<4><BOT><Blue>" triggered "kill assist" against "0xDEADBEEF<8><BOT><Red>" (assister_position "-3241 -2226 -50") (attacker_position "-3262 -1546 -130") (victim_position "-3298 -2068 -113")
L 10/08/2014 - 15:33:39: "Data Wizard<18><[U:1:197413154]><Red>" killed "Chief Data Wrangler<14><[U:1:197363721]><Blue>" with "sniperrifle" (customkill "headshot") (attacker_position "-4287 -2029 10") (victim_position "-2413 -1201 4")
L 10/08/2014 - 15:33:43: "BoomerBile<4><BOT><Blue>" stuck (position "-3707.39 -2675.41 0.03") (duration "2.52") L 10/08/2014 - 15:33:43:    path_goal ( "-3750.00 -2875.00 0.03" )
L 10/08/2014 - 15:33:44: "Data Wizard<18><[U:1:197413154]><Red>" killed "The Architect<15><[U:1:197287110]><Blue>" with "sniperrifle" (customkill "headshot") (attacker_position "-4398 -2056 2") (victim_position "-2615 -1214 0")
L 10/08/2014 - 15:33:44: "Kaboom!<6><BOT><Blue>" triggered "killedobject" (object "OBJ_DISPENSER") (weapon "tf_projectile_pipe_remote") (objectowner "splunk> 1<13><[U:1:197330785]><Red>") (attacker_position "-3347 -1685 -128")
L 10/08/2014 - 15:33:44: "Kaboom!<6><BOT><Blue>" triggered "killedobject" (object "OBJ_SENTRYGUN") (weapon "tf_projectile_pipe_remote") (objectowner "splunk> 1<13><[U:1:197330785]><Red>") (attacker_position "-3347 -1685 -128")
L 10/08/2014 - 15:33:47: "NotMe<3><BOT><Red>" killed "splunk> security warrior<7><[U:1:229722400]><Blue>" with "tf_projectile_pipe" (attacker_position "-3688 -2469 8") (victim_position "-3776 -2352 49")
L 10/08/2014 - 15:33:47: "Hostage<10><BOT><Red>" triggered "kill assist" against "splunk> security warrior<7><[U:1:229722400]><Blue>" (assister_position "-3755 -2302 2") (attacker_position "-3688 -2469 8") (victim_position "-3776 -2352 49")
L 10/08/2014 - 15:33:47: "Kaboom!<6><BOT><Blue>" killed "NotMe<3><BOT><Red>" with "world" (attacker_position "-3256 -2225 -53") (victim_position "-3688 -2469 8")
L 10/08/2014 - 15:33:47: "Kaboom!<6><BOT><Blue>" triggered "domination" against "NotMe<3><BOT><Red>"
L 10/08/2014 - 15:33:47: "Data Warrior<17><[U:1:197468749]><Red>" triggered "captureblocked" (cp "1") (cpname "#Goldrush_cap_1_B") (position "-3272 -2283 -26")
L 10/08/2014 - 15:33:50: "BoomerBile<4><BOT><Blue>" stuck (position "-4557.02 -2801.00 0.03") (duration "2.73") L 10/08/2014 - 15:33:50:    path_goal ( "-4537.50 -2787.50 0.03" )
L 10/08/2014 - 15:33:50: "BoomerBile<4><BOT><Blue>" stuck (position "-4557.05 -2838.94 25.34") (duration "2.83") L 10/08/2014 - 15:33:50:    path_goal ( "-4537.50 -2787.50 0.03" )
L 10/08/2014 - 15:33:50: "Data Wizard<18><[U:1:197413154]><Red>" triggered "medic_death" against "SomeDude<9><BOT><Blue>" (healing "399") (ubercharge "0")
L 10/08/2014 - 15:33:50: "Data Wizard<18><[U:1:197413154]><Red>" killed "SomeDude<9><BOT><Blue>" with "sniperrifle" (customkill "headshot") (attacker_position "-4508 -1769 0") (victim_position "-2961 -1755 0")
L 10/08/2014 - 15:33:51: "Hostage<10><BOT><Red>" triggered "captureblocked" (cp "1") (cpname "#Goldrush_cap_1_B") (position "-3279 -2498 1")
L 10/08/2014 - 15:33:51: "Data Warrior<17><[U:1:197468749]><Red>" killed "Kaboom!<6><BOT><Blue>" with "bottle" (attacker_position "-3305 -2381 0") (victim_position "-3333 -2408 0")
L 10/08/2014 - 15:33:51: "Hostage<10><BOT><Red>" triggered "kill assist" against "Kaboom!<6><BOT><Blue>" (assister_position "-3120 -2467 3") (attacker_position "-3305 -2381 0") (victim_position "-3333 -2408 0")
L 10/08/2014 - 15:33:51: "Kaboom!<6><BOT><Blue>" changed role to "soldier"
L 10/08/2014 - 15:33:58: "Data Warrior<17><[U:1:197468749]><Red>" killed "CEDA<2><BOT><Blue>" with "bottle" (attacker_position "-3365 -2339 -1") (victim_position "-3329 -2380 0")
L 10/08/2014 - 15:33:58: "Data Warrior<17><[U:1:197468749]><Red>" triggered "domination" against "CEDA<2><BOT><Blue>"
L 10/08/2014 - 15:33:58: "CEDA<2><BOT><Blue>" changed role to "heavyweapons"
L 10/08/2014 - 15:34:04: "Mann Co.<5><BOT><Red>" triggered "player_builtobject" (object "OBJ_SENTRYGUN") (position "-2646 -1355 0")
L 10/08/2014 - 15:34:08: "BoomerBile<4><BOT><Blue>" killed "Data Wizard<18><[U:1:197413154]><Red>" with "scattergun" (attacker_position "-4170 -1883 -1") (victim_position "-4061 -1895 0")
L 10/08/2014 - 15:34:10: "Hostage<10><BOT><Red>" killed "BoomerBile<4><BOT><Blue>" with "syringegun_medic" (attacker_position "-2663 -1568 1") (victim_position "-3414 -2122 -86")
L 10/08/2014 - 15:34:12: "Data Warrior<17><[U:1:197468749]><Red>" killed "Chief Data Wrangler<14><[U:1:197363721]><Blue>" with "tf_projectile_pipe_remote" (attacker_position "-2722 -2375 0") (victim_position "-2709 -2101 0")
L 10/08/2014 - 15:34:12: "Mann Co.<5><BOT><Red>" triggered "kill assist" against "Chief Data Wrangler<14><[U:1:197363721]><Blue>" (assister_position "-2629 -1404 0") (attacker_position "-2722 -2375 0") (victim_position "-2709 -2101 0")
L 10/08/2014 - 15:34:16: "splunk> 1<13><[U:1:197330785]><Red>" triggered "player_builtobject" (object "OBJ_SENTRYGUN") (position "-3679 -1839 0")
L 10/08/2014 - 15:34:19: "Mann Co.<5><BOT><Red>" triggered "player_builtobject" (object "OBJ_DISPENSER") (position "-2630 -1324 0")
L 10/08/2014 - 15:34:22: "Data Warrior<17><[U:1:197468749]><Red>" triggered "killedobject" (object "OBJ_TELEPORTER") (weapon "tf_projectile_pipe_remote") (objectowner "Chief Data Wrangler<14><[U:1:197363721]><Blue>") (attacker_position "-2496 -1915 1")
L 10/08/2014 - 15:34:22: "Hostage<10><BOT><Red>" triggered "killedobject" (object "OBJ_TELEPORTER") (objectowner "Chief Data Wrangler<14><[U:1:197363721]><Blue>") (assist "1") (assister_position "-2520 -1928 3") (attacker_position "-2496 -1915 1")
L 10/08/2014 - 15:34:22: "Data Warrior<17><[U:1:197468749]><Red>" killed "The Architect<15><[U:1:197287110]><Blue>" with "tf_projectile_pipe_remote" (attacker_position "-2496 -1915 1") (victim_position "-2517 -1323 172")
L 10/08/2014 - 15:34:22: "Hostage<10><BOT><Red>" triggered "kill assist" against "The Architect<15><[U:1:197287110]><Blue>" (assister_position "-2520 -1928 3") (attacker_position "-2496 -1915 1") (victim_position "-2517 -1323 172")
L 10/08/2014 - 15:34:27: "CEDA<2><BOT><Blue>" triggered "killedobject" (object "OBJ_SENTRYGUN") (weapon "minigun") (objectowner "Mann Co.<5><BOT><Red>") (attacker_position "-2683 -1609 3")
L 10/08/2014 - 15:34:27: "CEDA<2><BOT><Blue>" triggered "killedobject" (object "OBJ_DISPENSER") (weapon "minigun") (objectowner "Mann Co.<5><BOT><Red>") (attacker_position "-2683 -1563 5")
L 10/08/2014 - 15:34:29: "NotMe<3><BOT><Red>" stuck (position "-3195.10 -1982.03 -122.73") (duration "3.57") L 10/08/2014 - 15:34:29:    path_goal ( "-3203.94 -2001.10 -124.12" )
L 10/08/2014 - 15:34:30: "Mann Co.<5><BOT><Red>" stuck (position "-3039.07 -1286.85 -129.94") (duration "3.47") L 10/08/2014 - 15:34:30:    path_goal ( "-2984.56 -1301.97 -117.10" )
L 10/08/2014 - 15:34:30: "Mann Co.<5><BOT><Red>" stuck (position "-3029.42 -1259.18 -104.63") (duration "3.57") L 10/08/2014 - 15:34:30:    path_goal ( "-2984.56 -1301.97 -117.10" )
L 10/08/2014 - 15:34:30: "Data Warrior<17><[U:1:197468749]><Red>" killed "CEDA<2><BOT><Blue>" with "tf_projectile_pipe_remote" (attacker_position "-2737 -2295 0") (victim_position "-2661 -1755 0")
L 10/08/2014 - 15:34:30: "Hostage<10><BOT><Red>" triggered "kill assist" against "CEDA<2><BOT><Blue>" (assister_position "-2741 -2282 0") (attacker_position "-2737 -2295 0") (victim_position "-2661 -1755 0")
L 10/08/2014 - 15:34:30: "Data Warrior<17><[U:1:197468749]><Red>" killed "splunk> security warrior<7><[U:1:229722400]><Blue>" with "tf_projectile_pipe_remote" (attacker_position "-2737 -2295 0") (victim_position "-2567 -2057 2")
L 10/08/2014 - 15:34:30: "Hostage<10><BOT><Red>" triggered "kill assist" against "splunk> security warrior<7><[U:1:229722400]><Blue>" (assister_position "-2741 -2282 0") (attacker_position "-2737 -2295 0") (victim_position "-2567 -2057 2")
L 10/08/2014 - 15:34:30: "CEDA<2><BOT><Blue>" changed role to "pyro"
L 10/08/2014 - 15:34:35: "Mann Co.<5><BOT><Red>" stuck (position "-3040.24 -1288.52 -129.94") (duration "3.36") L 10/08/2014 - 15:34:35:    path_goal ( "-2984.56 -1301.97 -117.10" )
L 10/08/2014 - 15:34:35: "Mann Co.<5><BOT><Red>" stuck (position "-3037.12 -1260.11 -104.63") (duration "3.46") L 10/08/2014 - 15:34:35:    path_goal ( "-2984.56 -1301.97 -117.10" )
L 10/08/2014 - 15:34:36: "Mann Co.<5><BOT><Red>" stuck (position "-3023.45 -1157.38 -112.97") (duration "0.53") L 10/08/2014 - 15:34:36:    path_goal ( "-3062.50 -1225.00 -140.63" )
L 10/08/2014 - 15:34:37: "Mann Co.<5><BOT><Red>" stuck (position "-3081.53 -1220.81 -139.14") (duration "0.32") L 10/08/2014 - 15:34:37:    path_goal ( "-3025.00 -1301.97 -134.51" )
L 10/08/2014 - 15:34:38: "0xDEADBEEF<8><BOT><Red>" killed "splunk> CannonFodder<16><[U:1:197388939]><Blue>" with "tf_projectile_pipe" (attacker_position "-3264 -1921 -127") (victim_position "-3027 -1151 160")
L 10/08/2014 - 15:34:45: "Hostage<10><BOT><Red>" triggered "chargedeployed"
L 10/08/2014 - 15:34:51: "splunk> security warrior<7><[U:1:229722400]><Blue>" changed role to "sniper"
L 10/08/2014 - 15:34:52: "BoomerBile<4><BOT><Blue>" stuck (position "-2936.03 -317.13 0.03") (duration "2.52") L 10/08/2014 - 15:34:52:    path_goal ( "-2900.00 -275.00 0.03" )
L 10/08/2014 - 15:34:52: "BoomerBile<4><BOT><Blue>" stuck (position "-2941.94 -303.89 25.34") (duration "2.62") L 10/08/2014 - 15:34:52:    path_goal ( "-2900.00 -275.00 0.03" )
L 10/08/2014 - 15:34:53: "BoomerBile<4><BOT><Blue>" stuck (position "-2935.84 -198.73 0.03") (duration "0.10") L 10/08/2014 - 15:34:53:    path_goal ( "-3012.50 -275.00 0.03" )
L 10/08/2014 - 15:34:54: "BoomerBile<4><BOT><Blue>" stuck (position "-2944.77 -259.18 0.03") (duration "1.15") L 10/08/2014 - 15:34:54:    path_goal ( "-2900.00 -275.00 0.03" )
L 10/08/2014 - 15:34:56: "The Architect<15><[U:1:197287110]><Blue>" triggered "medic_death" against "Hostage<10><BOT><Red>" (healing "965") (ubercharge "0")
L 10/08/2014 - 15:34:56: "The Architect<15><[U:1:197287110]><Blue>" killed "Hostage<10><BOT><Red>" with "tf_projectile_pipe_remote" (attacker_position "-2769 1027 4") (victim_position "-2745 324 -84")
L 10/08/2014 - 15:34:56: "Kaboom!<6><BOT><Blue>" triggered "kill assist" against "Hostage<10><BOT><Red>" (assister_position "-3270 77 0") (attacker_position "-2769 1027 4") (victim_position "-2745 324 -84")
L 10/08/2014 - 15:34:57: "BoomerBile<4><BOT><Blue>" stuck (position "-2934.36 -318.72 0.03") (duration "2.73") L 10/08/2014 - 15:34:57:    path_goal ( "-2900.00 -275.00 0.03" )
L 10/08/2014 - 15:34:57: "BoomerBile<4><BOT><Blue>" stuck (position "-2935.37 -341.52 25.34") (duration "2.84") L 10/08/2014 - 15:34:57:    path_goal ( "-2900.00 -275.00 0.03" )
L 10/08/2014 - 15:34:58: "BoomerBile<4><BOT><Blue>" stuck (position "-2937.30 -288.00 0.03") (duration "3.89") L 10/08/2014 - 15:34:58:    path_goal ( "-2900.00 -275.00 0.03" )
L 10/08/2014 - 15:34:59: "BoomerBile<4><BOT><Blue>" stuck (position "-2899.97 -279.97 42.28") (duration "4.93") L 10/08/2014 - 15:34:59:    path_goal ( "-2900.00 -360.00 42.28" )
L 10/08/2014 - 15:35:05: "Data Warrior<17><[U:1:197468749]><Red>" triggered "medic_death" against "SomeDude<9><BOT><Blue>" (healing "373") (ubercharge "0")
L 10/08/2014 - 15:35:05: "Data Warrior<17><[U:1:197468749]><Red>" killed "SomeDude<9><BOT><Blue>" with "tf_projectile_pipe_remote" (attacker_position "-2366 -1088 1") (victim_position "-2478 -441 0")
L 10/08/2014 - 15:35:07: "Kaboom!<6><BOT><Blue>" killed "Data Warrior<17><[U:1:197468749]><Red>" with "tf_projectile_rocket" (attacker_position "-2355 -1090 0") (victim_position "-2547 -1239 6")
L 10/08/2014 - 15:35:07: "splunk> CannonFodder<16><[U:1:197388939]><Blue>" triggered "kill assist" against "Data Warrior<17><[U:1:197468749]><Red>" (assister_position "-2506 1005 -2") (attacker_position "-2355 -1090 0") (victim_position "-2547 -1239 6")
L 10/08/2014 - 15:35:09: "BoomerBile<4><BOT><Blue>" stuck (position "-3190.34 -28.03 144.03") (duration "2.62") L 10/08/2014 - 15:35:09:    path_goal ( "-3225.00 35.00 144.03" )
L 10/08/2014 - 15:35:09: "BoomerBile<4><BOT><Blue>" stuck (position "-3188.97 -28.02 169.34") (duration "2.73") L 10/08/2014 - 15:35:09:    path_goal ( "NULL" )
L 10/08/2014 - 15:35:12: "BoomerBile<4><BOT><Blue>" stuck (position "-3180.02 -28.03 144.03") (duration "3.05") L 10/08/2014 - 15:35:12:    path_goal ( "-3225.00 35.00 144.03" )
L 10/08/2014 - 15:35:12: "BoomerBile<4><BOT><Blue>" stuck (position "-3186.51 -28.03 169.34") (duration "3.15") L 10/08/2014 - 15:35:12:    path_goal ( "NULL" )
L 10/08/2014 - 15:35:13: "Mann Co.<5><BOT><Red>" stuck (position "-3022.27 -2098.36 2.03") (duration "3.46") L 10/08/2014 - 15:35:13:    path_goal ( "-3025.00 -2050.00 1.93" )
L 10/08/2014 - 15:35:13: "Mann Co.<5><BOT><Red>" stuck (position "-3004.42 -2090.00 27.34") (duration "3.57") L 10/08/2014 - 15:35:13:    path_goal ( "-3025.00 -2050.00 1.93" )
L 10/08/2014 - 15:35:13: "0xDEADBEEF<8><BOT><Red>" killed "CEDA<2><BOT><Blue>" with "tf_projectile_pipe" (attacker_position "-3763 -2479 8") (victim_position "-2701 -1443 0")
L 10/08/2014 - 15:35:13: "splunk> 1<13><[U:1:197330785]><Red>" triggered "kill assist" against "CEDA<2><BOT><Blue>" (assister_position "-4315 -2264 -31") (attacker_position "-3763 -2479 8") (victim_position "-2701 -1443 0")
L 10/08/2014 - 15:35:13: "CEDA<2><BOT><Blue>" changed role to "demoman"
L 10/08/2014 - 15:35:15: "BoomerBile<4><BOT><Blue>" stuck (position "-3207.02 -28.03 144.03") (duration "3.04") L 10/08/2014 - 15:35:15:    path_goal ( "-3225.00 35.00 144.03" )
L 10/08/2014 - 15:35:15: "BoomerBile<4><BOT><Blue>" stuck (position "-3198.83 -28.03 169.34") (duration "3.15") L 10/08/2014 - 15:35:15:    path_goal ( "NULL" )
L 10/08/2014 - 15:35:18: "0xDEADBEEF<8><BOT><Red>" stuck (position "-3621.76 -2561.63 0.03") (duration "3.57") L 10/08/2014 - 15:35:18:    path_goal ( "-3658.03 -2568.83 2.54" )
L 10/08/2014 - 15:35:19: "Hostage<10><BOT><Red>" stuck (position "-4092.39 -2321.98 -31.97") (duration "3.15") L 10/08/2014 - 15:35:19:    path_goal ( "NULL" )
L 10/08/2014 - 15:35:19: "Hostage<10><BOT><Red>" stuck (position "-4076.34 -2330.02 -6.66") (duration "3.26") L 10/08/2014 - 15:35:19:    path_goal ( "NULL" )
L 10/08/2014 - 15:35:20: "BoomerBile<4><BOT><Blue>" stuck (position "-3248.07 -28.03 144.03") (duration "2.52") L 10/08/2014 - 15:35:20:    path_goal ( "-3261.48 35.00 144.03" )
L 10/08/2014 - 15:35:20: "Hostage<10><BOT><Red>" stuck (position "-4087.10 -2342.76 -31.97") (duration "4.30") L 10/08/2014 - 15:35:20:    path_goal ( "NULL" )
L 10/08/2014 - 15:35:21: "Hostage<10><BOT><Red>" stuck (position "-4095.62 -2327.84 -31.97") (duration "5.35") L 10/08/2014 - 15:35:21:    path_goal ( "NULL" )
L 10/08/2014 - 15:35:22: "Hostage<10><BOT><Red>" stuck (position "-4102.44 -2322.49 -31.97") (duration "6.40") L 10/08/2014 - 15:35:22:    path_goal ( "NULL" )
L 10/08/2014 - 15:35:23: "Hostage<10><BOT><Red>" stuck (position "-4101.97 -2326.78 -31.97") (duration "7.45") L 10/08/2014 - 15:35:23:    path_goal ( "NULL" )
L 10/08/2014 - 15:35:24: "Hostage<10><BOT><Red>" stuck (position "-4100.17 -2332.92 -31.97") (duration "8.51") L 10/08/2014 - 15:35:24:    path_goal ( "NULL" )
L 10/08/2014 - 15:35:25: "Kaboom!<6><BOT><Blue>" stuck (position "-3048.00 -82.53 9.00") (duration "4.30") L 10/08/2014 - 15:35:25:    path_goal ( "-3075.00 -100.00 9.00" )
L 10/08/2014 - 15:35:25: "Kaboom!<6><BOT><Blue>" stuck (position "-3048.00 -68.84 34.30") (duration "4.41") L 10/08/2014 - 15:35:25:    path_goal ( "NULL" )
L 10/08/2014 - 15:35:25: "Hostage<10><BOT><Red>" stuck (position "-4127.98 -2318.82 -31.97") (duration "9.55") L 10/08/2014 - 15:35:25:    path_goal ( "-4250.00 -2375.00 -31.97" )
L 10/08/2014 - 15:35:32: "NotMe<3><BOT><Red>" stuck (position "-3124.83 -2164.26 0.12") (duration "3.57") L 10/08/2014 - 15:35:32:    path_goal ( "-3122.47 -2151.20 0.03" )
L 10/08/2014 - 15:35:35: "Chief Data Wrangler<14><[U:1:197363721]><Blue>" triggered "player_builtobject" (object "OBJ_TELEPORTER") (position "-2778 -1088 160")
L 10/08/2014 - 15:35:40: "Kaboom!<6><BOT><Blue>" triggered "killedobject" (object "OBJ_SENTRYGUN") (weapon "tf_projectile_rocket") (objectowner "splunk> 1<13><[U:1:197330785]><Red>") (attacker_position "-2570 -1528 0")
L 10/08/2014 - 15:35:42: "Mann Co.<5><BOT><Red>" killed "BoomerBile<4><BOT><Blue>" with "shotgun_primary" (attacker_position "-2810 -2720 176") (victim_position "-2861 -2714 176")
L 10/08/2014 - 15:35:48: "Kaboom!<6><BOT><Blue>" killed "splunk> 1<13><[U:1:197330785]><Red>" with "tf_projectile_rocket" (attacker_position "-2575 -1198 0") (victim_position "-2855 -1394 0")
L 10/08/2014 - 15:35:49: "Mann Co.<5><BOT><Red>" triggered "player_builtobject" (object "OBJ_SENTRYGUN") (position "-3305 -1531 -130")
L 10/08/2014 - 15:35:51: "Data Warrior<17><[U:1:197468749]><Red>" killed "The Architect<15><[U:1:197287110]><Blue>" with "tf_projectile_pipe_remote" (attacker_position "-3010 -1527 2") (victim_position "-3012 -1050 215")
L 10/08/2014 - 15:35:51: "Data Warrior<17><[U:1:197468749]><Red>" triggered "domination" against "The Architect<15><[U:1:197287110]><Blue>"
L 10/08/2014 - 15:35:58: "splunk> 1<13><[U:1:197330785]><Red>" changed role to "soldier"
L 10/08/2014 - 15:36:05: "0xDEADBEEF<8><BOT><Red>" killed "Kaboom!<6><BOT><Blue>" with "tf_projectile_pipe" (attacker_position "-3055 -1390 -125") (victim_position "-3059 -1239 -136")
L 10/08/2014 - 15:36:05: "Mann Co.<5><BOT><Red>" triggered "kill assist" against "Kaboom!<6><BOT><Blue>" (assister_position "-3047 -1308 -128") (attacker_position "-3055 -1390 -125") (victim_position "-3059 -1239 -136")
L 10/08/2014 - 15:36:05: "Kaboom!<6><BOT><Blue>" changed role to "demoman"
L 10/08/2014 - 15:36:05: "NotMe<3><BOT><Red>" stuck (position "-3316.09 -1944.03 -127.97") (duration "3.57") L 10/08/2014 - 15:36:05:    path_goal ( "-3450.00 -1625.00 -127.87" )
L 10/08/2014 - 15:36:06: "Mann Co.<5><BOT><Red>" triggered "medic_death" against "SomeDude<9><BOT><Blue>" (healing "362") (ubercharge "0")
L 10/08/2014 - 15:36:06: "Mann Co.<5><BOT><Red>" killed "SomeDude<9><BOT><Blue>" with "obj_sentrygun" (attacker_position "-3056 -1306 -128") (victim_position "-3217 -1290 -27")
L 10/08/2014 - 15:36:06: "0xDEADBEEF<8><BOT><Red>" triggered "kill assist" against "SomeDude<9><BOT><Blue>" (assister_position "-3030 -1371 -126") (attacker_position "-3056 -1306 -128") (victim_position "-3217 -1290 -27")
L 10/08/2014 - 15:36:06: "Mann Co.<5><BOT><Red>" stuck (position "-3029.53 -1259.48 -112.97") (duration "3.46") L 10/08/2014 - 15:36:06:    path_goal ( "-2984.56 -1301.97 -117.10" )
L 10/08/2014 - 15:36:12: "Data Warrior<17><[U:1:197468749]><Red>" killed "CEDA<2><BOT><Blue>" with "tf_projectile_pipe_remote" (attacker_position "-3455 -2984 0") (victim_position "-3095 -2578 202")
L 10/08/2014 - 15:36:14: "Data Warrior<17><[U:1:197468749]><Red>" killed "splunk> CannonFodder<16><[U:1:197388939]><Blue>" with "tf_projectile_pipe" (attacker_position "-3743 -2540 16") (victim_position "-3063 -2861 128")
L 10/08/2014 - 15:36:24: "The Architect<15><[U:1:197287110]><Blue>" committed suicide with "tf_projectile_pipe_remote" (attacker_position "-3070 1743 -127")
L 10/08/2014 - 15:36:25: "splunk> CannonFodder<16><[U:1:197388939]><Blue>" disconnected (reason "Disconnect by user.")
L 10/08/2014 - 15:36:25: "splunk> CannonFodder<19><[U:1:197388939]><>" connected, address "192.168.1.112:27005"
L 10/08/2014 - 15:36:25: "splunk> CannonFodder<19><[U:1:197388939]><>" STEAM USERID validated
L 10/08/2014 - 15:36:26: World triggered "Mini_Round_Win" (winner "Red") (round "round_a")
L 10/08/2014 - 15:36:26: World triggered "Mini_Round_Length" (seconds "670.05")
L 10/08/2014 - 15:36:26: World triggered "Round_Win" (winner "Red")
L 10/08/2014 - 15:36:26: Team "Red" current score "0" with "7" players
L 10/08/2014 - 15:36:26: Team "Blue" current score "1" with "7" players
L 10/08/2014 - 15:36:28: "Mann Co.<5><BOT><Red>" killed "BoomerBile<4><BOT><Blue>" with "shotgun_primary" (attacker_position "-3682 -1736 5") (victim_position "-3345 -2871 128")
L 10/08/2014 - 15:36:29: "splunk> CannonFodder<19><[U:1:197388939]><>" entered the game
L 10/08/2014 - 15:36:38: "splunk> 1<13><[U:1:197330785]><Red>" killed "Kaboom!<6><BOT><Blue>" with "tf_projectile_rocket" (attacker_position "-2609 214 -62") (victim_position "-3199 1137 -127")
L 10/08/2014 - 15:36:38: "splunk> CannonFodder<19><[U:1:197388939]><Unassigned>" joined team "Blue"
L 10/08/2014 - 15:36:41: rcon from "192.168.1.109:61330": command "changemap cp_dustbowl.bsp"
L 10/08/2014 - 15:36:41: "Mann Co.<5><BOT><Red>" killed "splunk> security warrior<7><[U:1:229722400]><Blue>" with "obj_sentrygun" (attacker_position "-2345 491 68") (victim_position "-3077 -1255 -2")
L 10/08/2014 - 15:36:41: "NotMe<3><BOT><Red>" triggered "killedobject" (object "OBJ_DISPENSER") (weapon "tf_projectile_pipe") (objectowner "Chief Data Wrangler<14><[U:1:197363721]><Blue>") (attacker_position "-2355 645 68")
L 10/08/2014 - 15:36:41: World triggered "Game_Over" reason "Reached Time Limit"
L 10/08/2014 - 15:36:41: Team "Red" final score "0" with "7" players
L 10/08/2014 - 15:36:41: Team "Blue" final score "1" with "8" players
L 10/08/2014 - 15:36:42: "0xDEADBEEF<8><BOT><Red>" stuck (position "-5062.47 -1839.38 -143.97") (duration "4.10") L 10/08/2014 - 15:36:42:    path_goal ( "-4975.00 -1850.00 -118.84" )
L 10/08/2014 - 15:36:43: rcon from "192.168.1.109:61330": command "changemap cp_dustbowl"
L 10/08/2014 - 15:36:44: "NotMe<3><BOT><Red>" stuck (position "-2404.64 641.30 68.03") (duration "3.57") L 10/08/2014 - 15:36:44:    path_goal ( "-2375.00 400.00 68.03" )
L 10/08/2014 - 15:36:45: "Mann Co.<5><BOT><Red>" stuck (position "-2416.78 509.20 68.03") (duration "3.36") L 10/08/2014 - 15:36:45:    path_goal ( "-2362.50 400.00 68.03" )
L 10/08/2014 - 15:36:45: "Mann Co.<5><BOT><Red>" stuck (position "-2416.78 509.20 68.03") (duration "3.46") L 10/08/2014 - 15:36:45:    path_goal ( "-2362.50 400.00 68.03" )
L 10/08/2014 - 15:36:45: "Hostage<10><BOT><Red>" stuck (position "-2533.81 962.40 -6.90") (duration "3.68") L 10/08/2014 - 15:36:45:    path_goal ( "-2450.00 1075.00 -4.03" )
L 10/08/2014 - 15:36:45: "Hostage<10><BOT><Red>" stuck (position "-2533.81 962.40 -6.90") (duration "3.78") L 10/08/2014 - 15:36:45:    path_goal ( "-2450.00 1075.00 -4.03" )
L 10/08/2014 - 15:36:45: "0xDEADBEEF<8><BOT><Red>" stuck (position "-5062.47 -1839.38 -143.97") (duration "3.57") L 10/08/2014 - 15:36:45:    path_goal ( "-4925.00 -1825.00 -92.60" )
L 10/08/2014 - 15:36:46: "Mann Co.<5><BOT><Red>" stuck (position "-2416.78 509.20 68.03") (duration "4.51") L 10/08/2014 - 15:36:46:    path_goal ( "-2362.50 400.00 68.03" )
L 10/08/2014 - 15:36:46: "Hostage<10><BOT><Red>" stuck (position "-2533.81 962.40 -6.90") (duration "4.83") L 10/08/2014 - 15:36:46:    path_goal ( "-2450.00 1075.00 -4.03" )
L 10/08/2014 - 15:36:47: "Mann Co.<5><BOT><Red>" stuck (position "-2416.78 509.20 68.03") (duration "5.57") L 10/08/2014 - 15:36:47:    path_goal ( "-2362.50 400.00 68.03" )
L 10/08/2014 - 15:36:47: "Hostage<10><BOT><Red>" stuck (position "-2533.81 962.40 -6.90") (duration "5.88") L 10/08/2014 - 15:36:47:    path_goal ( "-2450.00 1075.00 -4.03" )
L 10/08/2014 - 15:36:48: "Mann Co.<5><BOT><Red>" stuck (position "-2416.78 509.20 68.03") (duration "6.61") L 10/08/2014 - 15:36:48:    path_goal ( "-2362.50 400.00 68.03" )
L 10/08/2014 - 15:36:48: rcon from "192.168.1.109:61330": command "map cp_dustbowl"
L 10/08/2014 - 15:36:48: "splunk> CannonFodder<19><[U:1:197388939]><>" disconnected (reason "Server shutting down")
L 10/08/2014 - 15:36:48: "The Architect<15><[U:1:197287110]><>" disconnected (reason "Server shutting down")
L 10/08/2014 - 15:36:48: "Chief Data Wrangler<14><[U:1:197363721]><>" disconnected (reason "Server shutting down")
L 10/08/2014 - 15:36:48: "splunk> 1<13><[U:1:197330785]><>" disconnected (reason "Server shutting down")
L 10/08/2014 - 15:36:48: "Data Warrior<17><[U:1:197468749]><>" disconnected (reason "Server shutting down")
L 10/08/2014 - 15:36:48: "Data Wizard<18><[U:1:197413154]><>" disconnected (reason "Server shutting down")
L 10/08/2014 - 15:36:48: "Hostage<10><BOT><>" disconnected (reason "Server shutting down")
L 10/08/2014 - 15:36:48: "SomeDude<9><BOT><>" disconnected (reason "Server shutting down")
L 10/08/2014 - 15:36:48: "0xDEADBEEF<8><BOT><>" disconnected (reason "Server shutting down")
L 10/08/2014 - 15:36:48: "splunk> security warrior<7><[U:1:229722400]><>" disconnected (reason "Server shutting down")
L 10/08/2014 - 15:36:48: "Kaboom!<6><BOT><>" disconnected (reason "Server shutting down")
L 10/08/2014 - 15:36:48: "Mann Co.<5><BOT><>" disconnected (reason "Server shutting down")
L 10/08/2014 - 15:36:48: "BoomerBile<4><BOT><>" disconnected (reason "Server shutting down")
L 10/08/2014 - 15:36:48: "NotMe<3><BOT><>" disconnected (reason "Server shutting down")
L 10/08/2014 - 15:36:48: "CEDA<2><BOT><>" disconnected (reason "Server shutting down")
L 10/08/2014 - 15:36:48: server_message: "quit"
L 10/08/2014 - 15:36:48: Log file closed.
