L 10/07/2014 - 12:29:18: Log file started (file "logs/L1007002.log") (game "/home/tf2/hlserver/tf2/tf") (version "2426090")
L 10/07/2014 - 12:29:18: server_cvar: "sv_cheats" "1"
L 10/07/2014 - 12:29:18: "Maggot<2><BOT><>" connected, address "none"
L 10/07/2014 - 12:29:18: "<2><BOT><>" entered the game
L 10/07/2014 - 12:29:18: "Maggot<2><BOT><Unassigned>" joined team "Red"
L 10/07/2014 - 12:29:18: "Maggot<2><BOT><Red>" changed role to "scout"
L 10/07/2014 - 12:29:18: "Maggot<2><BOT><Red>" changed name to "CRITRAWKETS"
L 10/07/2014 - 12:29:18: Sending CMsgGameServerMatchmakingStatus (state=ServerMatchmakingState_NOT_PARTICIPATING)
L 10/07/2014 - 12:29:18: "Herr Doktor<3><BOT><>" connected, address "none"
L 10/07/2014 - 12:29:18: "<3><BOT><>" entered the game
L 10/07/2014 - 12:29:18: "Herr Doktor<3><BOT><Unassigned>" joined team "Blue"
L 10/07/2014 - 12:29:18: "Herr Doktor<3><BOT><Blue>" changed role to "scout"
L 10/07/2014 - 12:29:18: "Herr Doktor<3><BOT><Blue>" changed name to "Gentlemanne of Leisure"
L 10/07/2014 - 12:29:18: "Companion Cube<4><BOT><>" connected, address "none"
L 10/07/2014 - 12:29:18: "<4><BOT><>" entered the game
L 10/07/2014 - 12:29:18: "Companion Cube<4><BOT><Unassigned>" joined team "Blue"
L 10/07/2014 - 12:29:18: "Companion Cube<4><BOT><Blue>" changed role to "scout"
L 10/07/2014 - 12:29:18: "Companion Cube<4><BOT><Blue>" changed name to "Target Practice"
L 10/07/2014 - 12:29:18: Connection to Steam servers successful.
L 10/07/2014 - 12:29:18:    Public IP is 68.110.44.24.
L 10/07/2014 - 12:29:18: Assigned anonymous gameserver Steam ID [A:1:84815881:4715].
L 10/07/2014 - 12:29:19: VAC secure mode is activated.
L 10/07/2014 - 12:29:19: "One-Man Cheeseburger Apocalypse<5><BOT><>" connected, address "none"
L 10/07/2014 - 12:29:19: "<5><BOT><>" entered the game
L 10/07/2014 - 12:29:19: "One-Man Cheeseburger Apocalypse<5><BOT><Unassigned>" joined team "Red"
L 10/07/2014 - 12:29:19: "One-Man Cheeseburger Apocalypse<5><BOT><Red>" changed role to "engineer"
L 10/07/2014 - 12:29:19: "One-Man Cheeseburger Apocalypse<5><BOT><Red>" changed name to "Crowbar"
L 10/07/2014 - 12:29:19: tf_server_identity_account_id not set; not logging into registered account
L 10/07/2014 - 12:29:19: "Delicious Cake<6><BOT><>" connected, address "none"
L 10/07/2014 - 12:29:19: "<6><BOT><>" entered the game
L 10/07/2014 - 12:29:19: "Delicious Cake<6><BOT><Unassigned>" joined team "Blue"
L 10/07/2014 - 12:29:19: "Delicious Cake<6><BOT><Blue>" changed role to "soldier"
L 10/07/2014 - 12:29:19: "Delicious Cake<6><BOT><Blue>" changed name to "IvanTheSpaceBiker"
L 10/07/2014 - 12:29:19: "I LIVE!<7><BOT><>" connected, address "none"
L 10/07/2014 - 12:29:19: "<7><BOT><>" entered the game
L 10/07/2014 - 12:29:19: "I LIVE!<7><BOT><Unassigned>" joined team "Red"
L 10/07/2014 - 12:29:19: "I LIVE!<7><BOT><Red>" changed role to "pyro"
L 10/07/2014 - 12:29:19: "I LIVE!<7><BOT><Red>" changed name to "Cannon Fodder"
L 10/07/2014 - 12:29:19: "trigger_hurt<8><BOT><>" connected, address "none"
L 10/07/2014 - 12:29:19: "<8><BOT><>" entered the game
L 10/07/2014 - 12:29:19: "trigger_hurt<8><BOT><Unassigned>" joined team "Blue"
L 10/07/2014 - 12:29:19: "trigger_hurt<8><BOT><Blue>" changed role to "medic"
L 10/07/2014 - 12:29:19: "trigger_hurt<8><BOT><Blue>" changed name to "Nom Nom Nom"
L 10/07/2014 - 12:29:20: "Divide by Zero<9><BOT><>" connected, address "none"
L 10/07/2014 - 12:29:20: "<9><BOT><>" entered the game
L 10/07/2014 - 12:29:20: "Divide by Zero<9><BOT><Unassigned>" joined team "Red"
L 10/07/2014 - 12:29:20: "Divide by Zero<9><BOT><Red>" changed role to "medic"
L 10/07/2014 - 12:29:20: "Divide by Zero<9><BOT><Red>" changed name to "GENTLE MANNE of LEISURE"
L 10/07/2014 - 12:29:23: server_cvar: "tf_bot_count" "8"
L 10/07/2014 - 12:29:23: server_cvar: "sv_tags" "bots,cp"
L 10/07/2014 - 12:29:23: "Chief Data Wrangler<10><[U:1:197363721]><>" connected, address "192.168.1.111:27005"
L 10/07/2014 - 12:29:24: "Chief Data Wrangler<10><[U:1:197363721]><>" STEAM USERID validated
L 10/07/2014 - 12:29:25: "Crowbar<5><BOT><Red>" triggered "player_builtobject" (object "OBJ_TELEPORTER") (position "2491 973 -188")
L 10/07/2014 - 12:29:27: "Chief Data Wrangler<10><[U:1:197363721]><>" entered the game
L 10/07/2014 - 12:29:33: "Target Practice<4><BOT><Blue>" stuck (position "-1627.22 1633.47 -255.89") (duration "2.52") L 10/07/2014 - 12:29:33:    path_goal ( "-216.00 2792.00 -247.97" )
L 10/07/2014 - 12:29:33: "Gentlemanne of Leisure<3><BOT><Blue>" stuck (position "-1627.21 1633.47 -255.89") (duration "2.52") L 10/07/2014 - 12:29:33:    path_goal ( "-216.00 2792.00 -247.97" )
L 10/07/2014 - 12:29:35: "Target Practice<4><BOT><Blue>" stuck (position "-1627.21 1633.47 -255.89") (duration "2.52") L 10/07/2014 - 12:29:35:    path_goal ( "-216.00 2792.00 -247.97" )
L 10/07/2014 - 12:29:36: "Gentlemanne of Leisure<3><BOT><Blue>" stuck (position "-1629.78 1633.47 -255.89") (duration "2.52") L 10/07/2014 - 12:29:36:    path_goal ( "-216.00 2792.00 -247.97" )
L 10/07/2014 - 12:29:38: "Target Practice<4><BOT><Blue>" stuck (position "-1627.21 1633.47 -255.89") (duration "2.52") L 10/07/2014 - 12:29:38:    path_goal ( "-216.00 2792.00 -247.97" )
L 10/07/2014 - 12:29:38: "Gentlemanne of Leisure<3><BOT><Blue>" stuck (position "-1627.21 1633.47 -255.89") (duration "2.52") L 10/07/2014 - 12:29:38:    path_goal ( "-216.00 2792.00 -247.97" )
L 10/07/2014 - 12:29:39: "IvanTheSpaceBiker<6><BOT><Blue>" stuck (position "-1627.21 1633.47 -255.89") (duration "4.20") L 10/07/2014 - 12:29:39:    path_goal ( "-216.00 2792.00 -247.97" )
L 10/07/2014 - 12:29:40: "Target Practice<4><BOT><Blue>" stuck (position "-1627.19 1633.47 -255.91") (duration "2.52") L 10/07/2014 - 12:29:40:    path_goal ( "-216.00 2792.00 -247.97" )
L 10/07/2014 - 12:29:40: "CRITRAWKETS<2><BOT><Red>" stuck (position "71.66 2639.41 -63.97") (duration "2.52") L 10/07/2014 - 12:29:40:    path_goal ( "112.50 2625.00 -63.97" )
L 10/07/2014 - 12:29:41: "Gentlemanne of Leisure<3><BOT><Blue>" stuck (position "-1627.22 1633.47 -255.89") (duration "2.52") L 10/07/2014 - 12:29:41:    path_goal ( "-216.00 2792.00 -247.97" )
L 10/07/2014 - 12:29:43: "Target Practice<4><BOT><Blue>" stuck (position "-1649.45 1633.47 -255.89") (duration "2.52") L 10/07/2014 - 12:29:43:    path_goal ( "-216.00 2792.00 -247.97" )
L 10/07/2014 - 12:29:43: "Gentlemanne of Leisure<3><BOT><Blue>" stuck (position "-1627.21 1633.47 -255.89") (duration "2.52") L 10/07/2014 - 12:29:43:    path_goal ( "-216.00 2792.00 -247.97" )
L 10/07/2014 - 12:29:43: "IvanTheSpaceBiker<6><BOT><Blue>" stuck (position "-1627.20 1633.47 -255.89") (duration "4.20") L 10/07/2014 - 12:29:43:    path_goal ( "-216.00 2792.00 -247.97" )
L 10/07/2014 - 12:29:45: "Target Practice<4><BOT><Blue>" stuck (position "-1627.21 1633.47 -255.89") (duration "2.52") L 10/07/2014 - 12:29:45:    path_goal ( "-216.00 2792.00 -247.97" )
L 10/07/2014 - 12:29:46: "Gentlemanne of Leisure<3><BOT><Blue>" stuck (position "-1641.60 1633.47 -255.89") (duration "2.52") L 10/07/2014 - 12:29:46:    path_goal ( "-216.00 2792.00 -247.97" )
L 10/07/2014 - 12:29:47: "Crowbar<5><BOT><Red>" triggered "player_builtobject" (object "OBJ_SENTRYGUN") (position "-151 1895 -382")
L 10/07/2014 - 12:29:48: "IvanTheSpaceBiker<6><BOT><Blue>" stuck (position "-1630.66 1633.47 -255.89") (duration "4.20") L 10/07/2014 - 12:29:48:    path_goal ( "-216.00 2792.00 -247.97" )
L 10/07/2014 - 12:29:48: "Target Practice<4><BOT><Blue>" stuck (position "-1627.22 1633.47 -255.89") (duration "2.52") L 10/07/2014 - 12:29:48:    path_goal ( "-216.00 2792.00 -247.97" )
L 10/07/2014 - 12:29:48: World triggered "Round_Start"
L 10/07/2014 - 12:29:48: World triggered "Round_Setup_Begin"
L 10/07/2014 - 12:29:48: World triggered "Mini_Round_Selected" (round "round_1")
L 10/07/2014 - 12:29:48: World triggered "Mini_Round_Start"
L 10/07/2014 - 12:29:55: "Crowbar<5><BOT><Red>" triggered "player_builtobject" (object "OBJ_TELEPORTER") (position "2492 975 -188")
L 10/07/2014 - 12:30:13: "Crowbar<5><BOT><Red>" triggered "player_builtobject" (object "OBJ_SENTRYGUN") (position "-44 2596 -247")
L 10/07/2014 - 12:30:41: "Splunk> Take the sh out of IT<11><[U:1:197388838]><>" connected, address "192.168.1.114:27005"
L 10/07/2014 - 12:30:41: "Splunk> Take the sh out of IT<11><[U:1:197388838]><>" STEAM USERID validated
L 10/07/2014 - 12:30:44: "Splunk is credit to team!<12><[U:1:197412154]><>" connected, address "192.168.1.110:27005"
L 10/07/2014 - 12:30:44: "Splunk is credit to team!<12><[U:1:197412154]><>" STEAM USERID validated
L 10/07/2014 - 12:30:44: "Splunk> Take the sh out of IT<11><[U:1:197388838]><>" entered the game
L 10/07/2014 - 12:30:47: "Crowbar<5><BOT><Red>" triggered "player_builtobject" (object "OBJ_DISPENSER") (position "-44 2609 -247")
L 10/07/2014 - 12:30:50: World triggered "Round_Setup_End"
L 10/07/2014 - 12:30:57: "Splunk> Take the sh out of IT<11><[U:1:197388838]><Unassigned>" joined team "Blue"
L 10/07/2014 - 12:30:58: "Splunk is credit to team!<12><[U:1:197412154]><>" entered the game
L 10/07/2014 - 12:30:58: "Splunk> Take the sh out of IT<11><[U:1:197388838]><Blue>" changed role to "demoman"
L 10/07/2014 - 12:30:58: "Crowbar<5><BOT><Red>" triggered "player_builtobject" (object "OBJ_TELEPORTER") (position "-44 2633 -247")
L 10/07/2014 - 12:31:06: "Crowbar<5><BOT><Red>" killed "Gentlemanne of Leisure<3><BOT><Blue>" with "obj_sentrygun3" (attacker_position "-85 2652 -235") (victim_position "-346 2102 -415")
L 10/07/2014 - 12:31:06: "CRITRAWKETS<2><BOT><Red>" triggered "kill assist" against "Gentlemanne of Leisure<3><BOT><Blue>" (assister_position "247 2268 -255") (attacker_position "-85 2652 -235") (victim_position "-346 2102 -415")
L 10/07/2014 - 12:31:06: "Gentlemanne of Leisure<3><BOT><Blue>" changed role to "demoman"
L 10/07/2014 - 12:31:07: "IvanTheSpaceBiker<6><BOT><Blue>" triggered "killedobject" (object "OBJ_TELEPORTER") (weapon "tf_projectile_rocket") (objectowner "Crowbar<5><BOT><Red>") (attacker_position "-538 2851 -247")
L 10/07/2014 - 12:31:07: "Nom Nom Nom<8><BOT><Blue>" triggered "killedobject" (object "OBJ_TELEPORTER") (objectowner "Crowbar<5><BOT><Red>") (assist "1") (assister_position "-597 2774 -255") (attacker_position "-538 2851 -247")
L 10/07/2014 - 12:31:10: "Nom Nom Nom<8><BOT><Blue>" triggered "chargedeployed"
L 10/07/2014 - 12:31:21: "Crowbar<5><BOT><Red>" killed "Target Practice<4><BOT><Blue>" with "obj_sentrygun3" (attacker_position "-91 2596 -247") (victim_position "-151 2198 -312")
L 10/07/2014 - 12:31:28: "CRITRAWKETS<2><BOT><Red>" stuck (position "208.68 2264.55 -255.97") (duration "2.52") L 10/07/2014 - 12:31:28:    path_goal ( "225.00 2237.50 -256.22" )
L 10/07/2014 - 12:31:39: "Crowbar<5><BOT><Red>" triggered "player_builtobject" (object "OBJ_TELEPORTER") (position "-44 2596 -247")
L 10/07/2014 - 12:31:52: "Target Practice<4><BOT><Blue>" stuck (position "-1542.57 2036.15 -242.05") (duration "2.52") L 10/07/2014 - 12:31:52:    path_goal ( "-1516.28 1995.46 -248.32" )
L 10/07/2014 - 12:31:52: "Target Practice<4><BOT><Blue>" stuck (position "-1563.95 2050.58 -216.75") (duration "2.62") L 10/07/2014 - 12:31:52:    path_goal ( "-1516.28 1995.46 -248.32" )
L 10/07/2014 - 12:31:53: "Cannon Fodder<7><BOT><Red>" triggered "medic_death" against "Nom Nom Nom<8><BOT><Blue>" (healing "475") (ubercharge "0")
L 10/07/2014 - 12:31:53: "Cannon Fodder<7><BOT><Red>" killed "Nom Nom Nom<8><BOT><Blue>" with "flamethrower" (attacker_position "-949 1996 -255") (victim_position "-840 1930 -255")
L 10/07/2014 - 12:31:53: "GENTLE MANNE of LEISURE<9><BOT><Red>" triggered "kill assist" against "Nom Nom Nom<8><BOT><Blue>" (assister_position "-1058 1890 -254") (attacker_position "-949 1996 -255") (victim_position "-840 1930 -255")
L 10/07/2014 - 12:32:04: "CRITRAWKETS<2><BOT><Red>" killed "Gentlemanne of Leisure<3><BOT><Blue>" with "scattergun" (attacker_position "235 2271 -255") (victim_position "-396 2409 -139")
L 10/07/2014 - 12:32:06: "confc.5.redflux<13><[U:1:197305319]><>" connected, address "192.168.1.106:27005"
L 10/07/2014 - 12:32:06: "confc.5.redflux<13><[U:1:197305319]><>" STEAM USERID validated
L 10/07/2014 - 12:32:08: "Cannon Fodder<7><BOT><Red>" stuck (position "-1661.66 1679.53 -255.97") (duration "3.36") L 10/07/2014 - 12:32:08:    path_goal ( "-1689.78 1499.32 -255.24" )
L 10/07/2014 - 12:32:09: "GENTLE MANNE of LEISURE<9><BOT><Red>" triggered "chargedeployed"
L 10/07/2014 - 12:32:09: "Target Practice<4><BOT><Blue>" stuck (position "-1441.14 2562.88 -256.39") (duration "2.52") L 10/07/2014 - 12:32:09:    path_goal ( "-1500.00 2625.00 -231.25" )
L 10/07/2014 - 12:32:09: "Target Practice<4><BOT><Blue>" stuck (position "-1440.70 2563.35 -231.09") (duration "2.62") L 10/07/2014 - 12:32:09:    path_goal ( "-1500.00 2625.00 -231.25" )
L 10/07/2014 - 12:32:10: "Target Practice<4><BOT><Blue>" stuck (position "-1467.68 2680.64 -225.89") (duration "3.68") L 10/07/2014 - 12:32:10:    path_goal ( "-1450.00 2775.00 -247.27" )
L 10/07/2014 - 12:32:16: "Crowbar<5><BOT><Red>" killed "Splunk> Take the sh out of IT<11><[U:1:197388838]><Blue>" with "obj_sentrygun3" (attacker_position "-65 2597 -247") (victim_position "-329 1886 -415")
L 10/07/2014 - 12:32:16: "Cannon Fodder<7><BOT><Red>" triggered "kill assist" against "Splunk> Take the sh out of IT<11><[U:1:197388838]><Blue>" (assister_position "-379 2098 -415") (attacker_position "-65 2597 -247") (victim_position "-329 1886 -415")
L 10/07/2014 - 12:32:17: "confc.5.redflux<13><[U:1:197305319]><>" entered the game
L 10/07/2014 - 12:32:42: "Gentlemanne of Leisure<3><BOT><Blue>" triggered "killedobject" (object "OBJ_TELEPORTER") (weapon "tf_projectile_pipe") (objectowner "Crowbar<5><BOT><Red>") (attacker_position "-486 2708 -184")
L 10/07/2014 - 12:32:44: "IvanTheSpaceBiker<6><BOT><Blue>" triggered "killedobject" (object "OBJ_SENTRYGUN") (weapon "tf_projectile_rocket") (objectowner "Crowbar<5><BOT><Red>") (attacker_position "-1105 1884 -250")
L 10/07/2014 - 12:32:44: "Nom Nom Nom<8><BOT><Blue>" triggered "killedobject" (object "OBJ_SENTRYGUN") (objectowner "Crowbar<5><BOT><Red>") (assist "1") (assister_position "-1033 1797 -255") (attacker_position "-1105 1884 -250")
L 10/07/2014 - 12:32:45: "Schattenfaust<14><[U:1:229722400]><>" connected, address "192.168.1.113:27005"
L 10/07/2014 - 12:32:45: "Schattenfaust<14><[U:1:229722400]><>" STEAM USERID validated
L 10/07/2014 - 12:32:48: "Crowbar<5><BOT><Red>" triggered "player_builtobject" (object "OBJ_SENTRYGUN") (position "91 2212 -264")
L 10/07/2014 - 12:32:49: "Gentlemanne of Leisure<3><BOT><Blue>" killed "Crowbar<5><BOT><Red>" with "tf_projectile_pipe" (attacker_position "-922 2558 -255") (victim_position "2 2464 -255")
L 10/07/2014 - 12:32:49: "IvanTheSpaceBiker<6><BOT><Blue>" triggered "killedobject" (object "OBJ_SENTRYGUN") (weapon "tf_projectile_rocket") (objectowner "Crowbar<5><BOT><Red>") (attacker_position "-662 2309 -406")
L 10/07/2014 - 12:32:49: "Nom Nom Nom<8><BOT><Blue>" triggered "killedobject" (object "OBJ_SENTRYGUN") (objectowner "Crowbar<5><BOT><Red>") (assist "1") (assister_position "-1029 2361 -415") (attacker_position "-662 2309 -406")
L 10/07/2014 - 12:32:51: "Chief Data Wrangler<10><[U:1:197363721]><Unassigned>" disconnected (reason "#TF_Idle_kicked")
L 10/07/2014 - 12:32:52: "CRITRAWKETS<2><BOT><Red>" stuck (position "183.24 2224.81 -256.41") (duration "2.52") L 10/07/2014 - 12:32:52:    path_goal ( "225.00 2237.50 -256.22" )
L 10/07/2014 - 12:32:58: "Nom Nom Nom<8><BOT><Blue>" triggered "killedobject" (object "OBJ_DISPENSER") (weapon "syringegun_medic") (objectowner "Crowbar<5><BOT><Red>") (attacker_position "-158 2630 -247")
L 10/07/2014 - 12:32:59: "Schattenfaust<14><[U:1:229722400]><>" entered the game
L 10/07/2014 - 12:33:01: "Cannon Fodder<7><BOT><Red>" triggered "captureblocked" (cp "0") (cpname "#Dustbowl_cap_1_A") (position "-97 2643 -247")
L 10/07/2014 - 12:33:01: "GENTLE MANNE of LEISURE<9><BOT><Red>" killed "Target Practice<4><BOT><Blue>" with "syringegun_medic" (attacker_position "-161 2298 -302") (victim_position "-222 2152 -414")
L 10/07/2014 - 12:33:01: "Cannon Fodder<7><BOT><Red>" triggered "kill assist" against "Target Practice<4><BOT><Blue>" (assister_position "-141 2744 -240") (attacker_position "-161 2298 -302") (victim_position "-222 2152 -414")
L 10/07/2014 - 12:33:02: "splkj.5.redflux<15><[U:1:197340902]><>" connected, address "192.168.1.101:27005"
L 10/07/2014 - 12:33:02: "splkj.5.redflux<15><[U:1:197340902]><>" STEAM USERID validated
L 10/07/2014 - 12:33:03: "splkl.5.redflux<16><[U:1:197388939]><>" connected, address "192.168.1.112:27005"
L 10/07/2014 - 12:33:03: "splkl.5.redflux<16><[U:1:197388939]><>" STEAM USERID validated
L 10/07/2014 - 12:33:05: "Gentlemanne of Leisure<3><BOT><Blue>" triggered "medic_death" against "GENTLE MANNE of LEISURE<9><BOT><Red>" (healing "1402") (ubercharge "0")
L 10/07/2014 - 12:33:05: "Gentlemanne of Leisure<3><BOT><Blue>" killed "GENTLE MANNE of LEISURE<9><BOT><Red>" with "tf_projectile_pipe" (attacker_position "-559 2831 -233") (victim_position "-134 2656 -247")
L 10/07/2014 - 12:33:05: "Nom Nom Nom<8><BOT><Blue>" triggered "kill assist" against "GENTLE MANNE of LEISURE<9><BOT><Red>" (assister_position "-920 2631 -255") (attacker_position "-559 2831 -233") (victim_position "-134 2656 -247")
L 10/07/2014 - 12:33:06: "Cannon Fodder<7><BOT><Red>" triggered "captureblocked" (cp "0") (cpname "#Dustbowl_cap_1_A") (position "-273 2811 -240")
L 10/07/2014 - 12:33:06: "Cannon Fodder<7><BOT><Red>" killed "Gentlemanne of Leisure<3><BOT><Blue>" with "flamethrower" (attacker_position "-273 2811 -240") (victim_position "-351 2731 -247")
L 10/07/2014 - 12:33:06: "Gentlemanne of Leisure<3><BOT><Blue>" changed role to "spy"
L 10/07/2014 - 12:33:06: "splkj.5.redflux<15><[U:1:197340902]><>" entered the game
L 10/07/2014 - 12:33:07: "splkl.5.redflux<16><[U:1:197388939]><>" entered the game
L 10/07/2014 - 12:33:10: "Schattenfaust<14><[U:1:229722400]><Unassigned>" joined team "Red"
L 10/07/2014 - 12:33:14: "Schattenfaust<14><[U:1:229722400]><Red>" changed role to "spy"
L 10/07/2014 - 12:33:21: "splkl.5.redflux<16><[U:1:197388939]><Unassigned>" joined team "Blue"
L 10/07/2014 - 12:33:22: "splkj.5.redflux<15><[U:1:197340902]><Unassigned>" joined team "Red"
L 10/07/2014 - 12:33:23: "IvanTheSpaceBiker<6><BOT><Blue>" killed "CRITRAWKETS<2><BOT><Red>" with "tf_projectile_rocket" (attacker_position "-46 2376 -266") (victim_position "-89 2844 -247")
L 10/07/2014 - 12:33:23: "Nom Nom Nom<8><BOT><Blue>" triggered "kill assist" against "CRITRAWKETS<2><BOT><Red>" (assister_position "8 2045 -309") (attacker_position "-46 2376 -266") (victim_position "-89 2844 -247")
L 10/07/2014 - 12:33:23: "CRITRAWKETS<2><BOT><Red>" changed role to "soldier"
L 10/07/2014 - 12:33:25: "IvanTheSpaceBiker<6><BOT><Blue>" killed "Cannon Fodder<7><BOT><Red>" with "tf_projectile_rocket" (attacker_position "-158 2609 -247") (victim_position "-89 2802 -247")
L 10/07/2014 - 12:33:25: "Nom Nom Nom<8><BOT><Blue>" triggered "kill assist" against "Cannon Fodder<7><BOT><Red>" (assister_position "-123 2553 -247") (attacker_position "-158 2609 -247") (victim_position "-89 2802 -247")
L 10/07/2014 - 12:33:25: "Cannon Fodder<7><BOT><Red>" changed role to "soldier"
L 10/07/2014 - 12:33:25: "Crowbar<5><BOT><Red>" triggered "captureblocked" (cp "0") (cpname "#Dustbowl_cap_1_A") (position "-82 2642 -247")
L 10/07/2014 - 12:33:28: "Nom Nom Nom<8><BOT><Blue>" triggered "player_extinguished" against "IvanTheSpaceBiker<6><BOT><Blue>" with "tf_weapon_medigun" (attacker_position "-191 2739 -240") (victim_position "-315 2805 -240")
L 10/07/2014 - 12:33:28: Team "Blue" triggered "pointcaptured" (cp "0") (cpname "#Dustbowl_cap_1_A") (numcappers "2") (player1 "IvanTheSpaceBiker<6><BOT><Blue>") (position1 "-316 2680 -247") (player2 "Nom Nom Nom<8><BOT><Blue>") (position2 "-277 2783 -240") 
L 10/07/2014 - 12:33:33: "splkl.5.redflux<16><[U:1:197388939]><Blue>" changed role to "sniper"
L 10/07/2014 - 12:33:33: "Target Practice<4><BOT><Blue>" killed "Crowbar<5><BOT><Red>" with "pistol_scout" (attacker_position "-1213 2296 -399") (victim_position "-956 2468 -415")
L 10/07/2014 - 12:33:37: "splkj.5.redflux<15><[U:1:197340902]><Red>" changed role to "sniper"
L 10/07/2014 - 12:33:47: "Target Practice<4><BOT><Blue>" stuck (position "-2304.03 1368.02 -293.66") (duration "2.64") L 10/07/2014 - 12:33:47:    path_goal ( "-2200.00 350.00 -63.97" )
L 10/07/2014 - 12:33:51: "CRITRAWKETS<2><BOT><Red>" stuck (position "1432.03 682.32 -106.64") (duration "4.21") L 10/07/2014 - 12:33:51:    path_goal ( "537.50 87.50 0.03" )
L 10/07/2014 - 12:33:57: "Cannon Fodder<7><BOT><Red>" stuck (position "1981.59 548.03 -241.23") (duration "4.20") L 10/07/2014 - 12:33:57:    path_goal ( "2125.00 -1050.00 -158.24" )
L 10/07/2014 - 12:34:02: "CRITRAWKETS<2><BOT><Red>" killed "Target Practice<4><BOT><Blue>" with "tf_projectile_rocket" (attacker_position "1688 1985 -191") (victim_position "1170 2313 -258")
L 10/07/2014 - 12:34:02: "GENTLE MANNE of LEISURE<9><BOT><Red>" triggered "kill assist" against "Target Practice<4><BOT><Blue>" (assister_position "1754 1737 -191") (attacker_position "1688 1985 -191") (victim_position "1170 2313 -258")
L 10/07/2014 - 12:34:04: "Crowbar<5><BOT><Red>" triggered "player_builtobject" (object "OBJ_SENTRYGUN") (position "1307 2368 -252")
L 10/07/2014 - 12:34:10: "Nom Nom Nom<8><BOT><Blue>" triggered "chargedeployed"
L 10/07/2014 - 12:34:23: "CRITRAWKETS<2><BOT><Red>" triggered "medic_death" against "Nom Nom Nom<8><BOT><Blue>" (healing "797") (ubercharge "0")
L 10/07/2014 - 12:34:23: "CRITRAWKETS<2><BOT><Red>" killed "Nom Nom Nom<8><BOT><Blue>" with "tf_projectile_rocket" (attacker_position "799 2600 -255") (victim_position "540 2569 -254")
L 10/07/2014 - 12:34:23: "GENTLE MANNE of LEISURE<9><BOT><Red>" triggered "kill assist" against "Nom Nom Nom<8><BOT><Blue>" (assister_position "1000 2380 -253") (attacker_position "799 2600 -255") (victim_position "540 2569 -254")
L 10/07/2014 - 12:34:25: "Splunk Ninja<17><[U:1:197422767]><>" connected, address "192.168.1.115:27005"
L 10/07/2014 - 12:34:25: "Splunk Ninja<17><[U:1:197422767]><>" STEAM USERID validated
L 10/07/2014 - 12:34:27: "Schattenfaust<14><[U:1:229722400]><Red>" killed "splkl.5.redflux<16><[U:1:197388939]><Blue>" with "knife" (customkill "backstab") (attacker_position "-165 2426 -255") (victim_position "-113 2473 -255")
L 10/07/2014 - 12:34:27: "Cannon Fodder<7><BOT><Red>" triggered "kill assist" against "splkl.5.redflux<16><[U:1:197388939]><Blue>" (assister_position "870 2452 -251") (attacker_position "-165 2426 -255") (victim_position "-113 2473 -255")
L 10/07/2014 - 12:34:29: "Splunk Ninja<17><[U:1:197422767]><>" entered the game
L 10/07/2014 - 12:34:30: "Cannon Fodder<7><BOT><Red>" killed "Gentlemanne of Leisure<3><BOT><Blue>" with "tf_projectile_rocket" (attacker_position "851 2407 -252") (victim_position "831 2513 -252")
L 10/07/2014 - 12:34:30: "GENTLE MANNE of LEISURE<9><BOT><Red>" triggered "kill assist" against "Gentlemanne of Leisure<3><BOT><Blue>" (assister_position "866 2351 -255") (attacker_position "851 2407 -252") (victim_position "831 2513 -252")
L 10/07/2014 - 12:34:30: "Gentlemanne of Leisure<3><BOT><Blue>" changed role to "demoman"
L 10/07/2014 - 12:34:31: "IvanTheSpaceBiker<6><BOT><Blue>" killed "Schattenfaust<14><[U:1:229722400]><Red>" with "tf_projectile_rocket" (attacker_position "-221 2142 -374") (victim_position "-31 2531 -255")
L 10/07/2014 - 12:34:33: "IvanTheSpaceBiker<6><BOT><Blue>" killed "CRITRAWKETS<2><BOT><Red>" with "tf_projectile_rocket" (attacker_position "-584 2250 -411") (victim_position "166 2491 -255")
L 10/07/2014 - 12:34:33: "CRITRAWKETS<2><BOT><Red>" changed role to "demoman"
L 10/07/2014 - 12:34:43: "Splunk Ninja<17><[U:1:197422767]><Unassigned>" joined team "Blue"
L 10/07/2014 - 12:34:45: "Splunk Ninja<17><[U:1:197422767]><Blue>" changed role to "demoman"
L 10/07/2014 - 12:34:48: "Crowbar<5><BOT><Red>" killed "Target Practice<4><BOT><Blue>" with "obj_sentrygun2" (attacker_position "1229 2395 -259") (victim_position "2079 2160 -201")
L 10/07/2014 - 12:34:55: "Schattenfaust<14><[U:1:229722400]><Red>" changed role to "pyro"
L 10/07/2014 - 12:35:06: "Crowbar<5><BOT><Red>" triggered "player_builtobject" (object "OBJ_DISPENSER") (position "1321 2375 -251")
L 10/07/2014 - 12:35:12: "IvanTheSpaceBiker<6><BOT><Blue>" killed "splkj.5.redflux<15><[U:1:197340902]><Red>" with "tf_projectile_rocket" (attacker_position "-101 1946 -355") (victim_position "352 2511 -254")
L 10/07/2014 - 12:35:12: "Nom Nom Nom<8><BOT><Blue>" triggered "kill assist" against "splkj.5.redflux<15><[U:1:197340902]><Red>" (assister_position "-63 2127 -311") (attacker_position "-101 1946 -355") (victim_position "352 2511 -254")
L 10/07/2014 - 12:35:12: "GENTLE MANNE of LEISURE<9><BOT><Red>" triggered "chargedeployed"
L 10/07/2014 - 12:35:13: "Crowbar<5><BOT><Red>" triggered "player_builtobject" (object "OBJ_TELEPORTER") (position "1308 2353 -252")
L 10/07/2014 - 12:35:29: "Schattenfaust<14><[U:1:229722400]><Red>" killed "splkl.5.redflux<16><[U:1:197388939]><Blue>" with "flamethrower" (attacker_position "-1917 2356 -447") (victim_position "-2071 2349 -447")
L 10/07/2014 - 12:35:32: rcon from "192.168.1.107:63517": command "sv_timeout"
L 10/07/2014 - 12:35:45: "splkj.5.redflux<15><[U:1:197340902]><Red>" killed "Target Practice<4><BOT><Blue>" with "sniperrifle" (attacker_position "2024 1622 -206") (victim_position "2571 1936 -192")
L 10/07/2014 - 12:35:53: "Crowbar<5><BOT><Red>" killed "IvanTheSpaceBiker<6><BOT><Blue>" with "obj_sentrygun3" (attacker_position "1338 2259 -242") (victim_position "915 2203 -255")
L 10/07/2014 - 12:35:53: "IvanTheSpaceBiker<6><BOT><Blue>" changed role to "spy"
L 10/07/2014 - 12:35:53: rcon from "192.168.1.107:63517": command "mp_idledealmethod"
L 10/07/2014 - 12:35:56: "Crowbar<5><BOT><Red>" triggered "medic_death" against "Nom Nom Nom<8><BOT><Blue>" (healing "721") (ubercharge "0")
L 10/07/2014 - 12:35:56: "Crowbar<5><BOT><Red>" killed "Nom Nom Nom<8><BOT><Blue>" with "obj_sentrygun3" (attacker_position "1339 2361 -250") (victim_position "986 2470 -252")
L 10/07/2014 - 12:35:56: "Cannon Fodder<7><BOT><Red>" triggered "kill assist" against "Nom Nom Nom<8><BOT><Blue>" (assister_position "1903 2717 -191") (attacker_position "1339 2361 -250") (victim_position "986 2470 -252")
L 10/07/2014 - 12:35:57: "Crowbar<5><BOT><Red>" killed "Gentlemanne of Leisure<3><BOT><Blue>" with "obj_sentrygun3" (attacker_position "1310 2421 -256") (victim_position "1286 2697 -61")
L 10/07/2014 - 12:35:57: "Cannon Fodder<7><BOT><Red>" triggered "kill assist" against "Gentlemanne of Leisure<3><BOT><Blue>" (assister_position "1902 2718 -191") (attacker_position "1310 2421 -256") (victim_position "1286 2697 -61")
L 10/07/2014 - 12:36:25: "Crowbar<5><BOT><Red>" killed "splkl.5.redflux<16><[U:1:197388939]><Blue>" with "obj_sentrygun3" (attacker_position "1313 2411 -255") (victim_position "884 2460 -251")
L 10/07/2014 - 12:36:25: "Schattenfaust<14><[U:1:229722400]><Red>" triggered "kill assist" against "splkl.5.redflux<16><[U:1:197388939]><Blue>" (assister_position "715 2610 -255") (attacker_position "1313 2411 -255") (victim_position "884 2460 -251")
L 10/07/2014 - 12:36:30: "CRITRAWKETS<2><BOT><Red>" killed "Target Practice<4><BOT><Blue>" with "tf_projectile_pipe_remote" (attacker_position "1861 2642 -191") (victim_position "1902 1999 -205")
L 10/07/2014 - 12:36:33: "confc.5.redflux<13><[U:1:197305319]><Unassigned>" disconnected (reason "#TF_Idle_kicked")
L 10/07/2014 - 12:36:33: "Splunk is credit to team!<12><[U:1:197412154]><Unassigned>" disconnected (reason "#TF_Idle_kicked")
L 10/07/2014 - 12:36:36: "Splunk> Take the sh out of IT<11><[U:1:197388838]><Blue>" joined team "Spectator"
L 10/07/2014 - 12:36:38: "IvanTheSpaceBiker<6><BOT><Blue>" triggered "player_builtobject" (object "OBJ_ATTACHMENT_SAPPER") (position "1187 2424 -262")
L 10/07/2014 - 12:36:39: "IvanTheSpaceBiker<6><BOT><Blue>" triggered "player_builtobject" (object "OBJ_ATTACHMENT_SAPPER") (position "1199 2391 -261")
L 10/07/2014 - 12:36:39: "IvanTheSpaceBiker<6><BOT><Blue>" triggered "player_builtobject" (object "OBJ_ATTACHMENT_SAPPER") (position "1199 2391 -261")
L 10/07/2014 - 12:36:39: "Schattenfaust<14><[U:1:229722400]><Red>" killed "IvanTheSpaceBiker<6><BOT><Blue>" with "flamethrower" (attacker_position "1132 2407 -258") (victim_position "1199 2388 -261")
L 10/07/2014 - 12:36:39: "IvanTheSpaceBiker<6><BOT><Blue>" changed role to "demoman"
L 10/07/2014 - 12:36:40: "IvanTheSpaceBiker<6><BOT><Blue>" triggered "killedobject" (object "OBJ_TELEPORTER") (weapon "obj_attachment_sapper") (objectowner "Crowbar<5><BOT><Red>") (attacker_position "1199 2388 -166")
L 10/07/2014 - 12:36:40: "Crowbar<5><BOT><Red>" triggered "killedobject" (object "OBJ_ATTACHMENT_SAPPER") (weapon "wrench") (objectowner "IvanTheSpaceBiker<6><BOT><Blue>") (attacker_position "1313 2411 -255")
L 10/07/2014 - 12:36:44: rcon from "192.168.1.107:63517": command "mp_idlemaxtime"
L 10/07/2014 - 12:36:45: "IvanTheSpaceBiker<6><BOT><Blue>" triggered "killedobject" (object "OBJ_TELEPORTER") (weapon "obj_attachment_sapper") (objectowner "Crowbar<5><BOT><Red>") (attacker_position "1199 2388 -166")
L 10/07/2014 - 12:36:51: rcon from "192.168.1.107:63517": command "mp_idlemaxtime 480"
L 10/07/2014 - 12:37:04: "splkj.5.redflux<15><[U:1:197340902]><Red>" killed "Target Practice<4><BOT><Blue>" with "sniperrifle" (customkill "headshot") (attacker_position "553 2191 -255") (victim_position "-594 2322 -392")
L 10/07/2014 - 12:37:18: "splkl.5.redflux<16><[U:1:197388939]><Blue>" killed "splkj.5.redflux<15><[U:1:197340902]><Red>" with "sniperrifle" (customkill "headshot") (attacker_position "-1996 2715 -65") (victim_position "578 2185 -256")
L 10/07/2014 - 12:37:25: Team "Blue" triggered "pointcaptured" (cp "1") (cpname "#Dustbowl_cap_1_B") (numcappers "1") (player1 "Splunk Ninja<17><[U:1:197422767]><Blue>") (position1 "2259 2336 -136") 
L 10/07/2014 - 12:37:25: World triggered "Mini_Round_Win" (winner "Blue") (round "round_1")
L 10/07/2014 - 12:37:25: World triggered "Mini_Round_Length" (seconds "446.43")
L 10/07/2014 - 12:37:27: "IvanTheSpaceBiker<6><BOT><Blue>" killed "Schattenfaust<14><[U:1:229722400]><Red>" with "tf_projectile_pipe" (attacker_position "-178 2101 -394") (victim_position "-68 2285 -290")
L 10/07/2014 - 12:37:28: "Gentlemanne of Leisure<3><BOT><Blue>" killed "Crowbar<5><BOT><Red>" with "tf_projectile_pipe_remote" (attacker_position "1437 2743 -59") (victim_position "1317 2411 -255")
L 10/07/2014 - 12:37:28: "Nom Nom Nom<8><BOT><Blue>" triggered "kill assist" against "Crowbar<5><BOT><Red>" (assister_position "1243 2444 -261") (attacker_position "1437 2743 -59") (victim_position "1317 2411 -255")
L 10/07/2014 - 12:37:28: "Splunk Ninja<17><[U:1:197422767]><Blue>" triggered "killedobject" (object "OBJ_SENTRYGUN") (weapon "tf_projectile_pipe_remote") (objectowner "Crowbar<5><BOT><Red>") (attacker_position "1908 2364 -202")
L 10/07/2014 - 12:37:28: "Splunk Ninja<17><[U:1:197422767]><Blue>" triggered "killedobject" (object "OBJ_DISPENSER") (weapon "tf_projectile_pipe_remote") (objectowner "Crowbar<5><BOT><Red>") (attacker_position "1908 2364 -202")
L 10/07/2014 - 12:37:37: "Nom Nom Nom<8><BOT><Blue>" killed "Cannon Fodder<7><BOT><Red>" with "syringegun_medic" (attacker_position "2519 1694 -191") (victim_position "2723 1955 -178")
L 10/07/2014 - 12:37:37: "Cannon Fodder<7><BOT><Red>" changed role to "scout"
L 10/07/2014 - 12:37:39: "Nom Nom Nom<8><BOT><Blue>" triggered "medic_death" against "GENTLE MANNE of LEISURE<9><BOT><Red>" (healing "2129") (ubercharge "1")
L 10/07/2014 - 12:37:39: "Nom Nom Nom<8><BOT><Blue>" killed "GENTLE MANNE of LEISURE<9><BOT><Red>" with "syringegun_medic" (attacker_position "2476 1930 -192") (victim_position "2712 2019 -181")
L 10/07/2014 - 12:37:39: "Gentlemanne of Leisure<3><BOT><Blue>" triggered "kill assist" against "GENTLE MANNE of LEISURE<9><BOT><Red>" (assister_position "2343 2041 -190") (attacker_position "2476 1930 -192") (victim_position "2712 2019 -181")
L 10/07/2014 - 12:37:40: World triggered "Round_Setup_Begin"
L 10/07/2014 - 12:37:40: World triggered "Mini_Round_Selected" (round "round_2")
L 10/07/2014 - 12:37:40: World triggered "Mini_Round_Start"
L 10/07/2014 - 12:37:50: "Crowbar<5><BOT><Red>" triggered "player_builtobject" (object "OBJ_TELEPORTER") (position "-1742 -1625 -127")
L 10/07/2014 - 12:38:04: "Crowbar<5><BOT><Red>" triggered "player_builtobject" (object "OBJ_SENTRYGUN") (position "1201 -1447 -126")
L 10/07/2014 - 12:38:20: "Cannon Fodder<7><BOT><Red>" stuck (position "2522.35 -949.55 0.03") (duration "2.52") L 10/07/2014 - 12:38:20:    path_goal ( "2537.50 -975.00 0.03" )
L 10/07/2014 - 12:38:44: World triggered "Round_Setup_End"
L 10/07/2014 - 12:38:48: "Cannon Fodder<7><BOT><Red>" stuck (position "2330.77 -1431.97 -118.29") (duration "2.52") L 10/07/2014 - 12:38:48:    path_goal ( "2359.18 -1438.37 -63.97" )
L 10/07/2014 - 12:38:54: "CRITRAWKETS<2><BOT><Red>" killed "Target Practice<4><BOT><Blue>" with "tf_projectile_pipe_remote" (attacker_position "1725 -1405 -121") (victim_position "2016 -857 -143")
L 10/07/2014 - 12:38:54: "Crowbar<5><BOT><Red>" triggered "kill assist" against "Target Practice<4><BOT><Blue>" (assister_position "1273 -1965 -127") (attacker_position "1725 -1405 -121") (victim_position "2016 -857 -143")
L 10/07/2014 - 12:38:55: "Gentlemanne of Leisure<3><BOT><Blue>" killed "Cannon Fodder<7><BOT><Red>" with "tf_projectile_pipe" (attacker_position "2298 -377 -191") (victim_position "1927 -791 -148")
L 10/07/2014 - 12:38:55: "Splunk Ninja<17><[U:1:197422767]><Blue>" triggered "kill assist" against "Cannon Fodder<7><BOT><Red>" (assister_position "1461 -853 -132") (attacker_position "2298 -377 -191") (victim_position "1927 -791 -148")
L 10/07/2014 - 12:38:55: "Cannon Fodder<7><BOT><Red>" changed role to "engineer"
L 10/07/2014 - 12:38:59: "Crowbar<5><BOT><Red>" triggered "player_builtobject" (object "OBJ_TELEPORTER") (position "1240 -1492 -127")
L 10/07/2014 - 12:39:04: Team "Blue" triggered "pointcaptured" (cp "2") (cpname "#Dustbowl_cap_2_A") (numcappers "1") (player1 "Splunk Ninja<17><[U:1:197422767]><Blue>") (position1 "2343 -1540 7") 
L 10/07/2014 - 12:39:04: "Crowbar<5><BOT><Red>" killed "Gentlemanne of Leisure<3><BOT><Blue>" with "obj_sentrygun3" (attacker_position "391 -1522 -127") (victim_position "1720 -1592 -133")
L 10/07/2014 - 12:39:17: "Cannon Fodder<7><BOT><Red>" triggered "player_builtobject" (object "OBJ_TELEPORTER") (position "-2100 -1729 -190")
L 10/07/2014 - 12:39:19: "splkj.5.redflux<15><[U:1:197340902]><Red>" killed "Splunk Ninja<17><[U:1:197422767]><Blue>" with "world" (attacker_position "918 -1894 -128") (victim_position "2283 -1530 43")
L 10/07/2014 - 12:39:24: "Crowbar<5><BOT><Red>" triggered "player_builtobject" (object "OBJ_DISPENSER") (position "1211 -1447 -126")
L 10/07/2014 - 12:39:35: "Crowbar<5><BOT><Red>" killed "Target Practice<4><BOT><Blue>" with "obj_sentrygun3" (attacker_position "1212 -1446 -126") (victim_position "1726 -1700 -142")
L 10/07/2014 - 12:39:35: "Nom Nom Nom<8><BOT><Blue>" triggered "chargedeployed"
L 10/07/2014 - 12:39:43: "Cannon Fodder<7><BOT><Red>" triggered "player_builtobject" (object "OBJ_SENTRYGUN") (position "-1178 -2270 -127")
L 10/07/2014 - 12:39:52: "splkj.5.redflux<15><[U:1:197340902]><Red>" triggered "medic_death" against "Nom Nom Nom<8><BOT><Blue>" (healing "955") (ubercharge "0")
L 10/07/2014 - 12:39:52: "splkj.5.redflux<15><[U:1:197340902]><Red>" killed "Nom Nom Nom<8><BOT><Blue>" with "club" (attacker_position "2369 -1830 -127") (victim_position "2375 -1884 -127")
L 10/07/2014 - 12:39:54: "Crowbar<5><BOT><Red>" killed "splkl.5.redflux<16><[U:1:197388939]><Blue>" with "obj_sentrygun3" (attacker_position "1164 -1423 -122") (victim_position "1764 -1654 -142")
L 10/07/2014 - 12:39:54: "Gentlemanne of Leisure<3><BOT><Blue>" triggered "killedobject" (object "OBJ_TELEPORTER") (weapon "tf_projectile_pipe_remote") (objectowner "Crowbar<5><BOT><Red>") (attacker_position "2167 -1435 -142")
L 10/07/2014 - 12:39:54: "IvanTheSpaceBiker<6><BOT><Blue>" killed "splkj.5.redflux<15><[U:1:197340902]><Red>" with "tf_projectile_pipe" (attacker_position "2147 -2074 -124") (victim_position "2090 -2030 -127")
L 10/07/2014 - 12:39:56: "Splunk Ninja<17><[U:1:197422767]><Blue>" killed "Crowbar<5><BOT><Red>" with "tf_projectile_pipe_remote" (attacker_position "1786 -1484 -127") (victim_position "1234 -1429 -126")
L 10/07/2014 - 12:39:56: "Gentlemanne of Leisure<3><BOT><Blue>" triggered "kill assist" against "Crowbar<5><BOT><Red>" (assister_position "2167 -1435 -142") (attacker_position "1786 -1484 -127") (victim_position "1234 -1429 -126")
L 10/07/2014 - 12:39:58: "Gentlemanne of Leisure<3><BOT><Blue>" triggered "killedobject" (object "OBJ_SENTRYGUN") (weapon "tf_projectile_pipe_remote") (objectowner "Crowbar<5><BOT><Red>") (attacker_position "2167 -1435 -142")
L 10/07/2014 - 12:39:58: "Gentlemanne of Leisure<3><BOT><Blue>" triggered "killedobject" (object "OBJ_DISPENSER") (weapon "tf_projectile_pipe_remote") (objectowner "Crowbar<5><BOT><Red>") (attacker_position "2167 -1435 -142")
L 10/07/2014 - 12:40:04: "splkj.5.redflux<15><[U:1:197340902]><Red>" changed role to "demoman"
L 10/07/2014 - 12:40:10: "splkl.5.redflux<16><[U:1:197388939]><Blue>" changed role to "pyro"
L 10/07/2014 - 12:40:16: "Cannon Fodder<7><BOT><Red>" killed "Target Practice<4><BOT><Blue>" with "obj_sentrygun2" (attacker_position "-1042 -2340 -128") (victim_position "-1127 -1764 -159")
L 10/07/2014 - 12:40:18: "Cannon Fodder<7><BOT><Red>" killed "IvanTheSpaceBiker<6><BOT><Blue>" with "obj_sentrygun2" (attacker_position "-996 -2756 -125") (victim_position "-1176 -1450 -127")
L 10/07/2014 - 12:40:23: "Splunk Ninja<17><[U:1:197422767]><Blue>" killed "Cannon Fodder<7><BOT><Red>" with "tf_projectile_pipe_remote" (attacker_position "-708 -1942 -157") (victim_position "-1218 -1887 -159")
L 10/07/2014 - 12:40:23: "IvanTheSpaceBiker<6><BOT><Blue>" triggered "kill assist" against "Cannon Fodder<7><BOT><Red>" (assister_position "-1176 -1450 -39") (attacker_position "-708 -1942 -157") (victim_position "-1218 -1887 -159")
L 10/07/2014 - 12:40:41: "Gentlemanne of Leisure<3><BOT><Blue>" triggered "killedobject" (object "OBJ_SENTRYGUN") (weapon "tf_projectile_pipe_remote") (objectowner "Cannon Fodder<7><BOT><Red>") (attacker_position "-232 -2086 -127")
L 10/07/2014 - 12:40:41: "Splunk Ninja<17><[U:1:197422767]><Blue>" killed "Crowbar<5><BOT><Red>" with "tf_projectile_pipe_remote" (attacker_position "-42 -1422 -127") (victim_position "-874 -1867 -157")
L 10/07/2014 - 12:40:41: "Crowbar<5><BOT><Red>" changed role to "heavyweapons"
L 10/07/2014 - 12:40:47: "Cannon Fodder<7><BOT><Red>" triggered "player_builtobject" (object "OBJ_SENTRYGUN") (position "-1198 -1465 -127")
L 10/07/2014 - 12:40:53: "Don't stats me bro!<18><[U:1:197330785]><>" connected, address "192.168.1.103:27005"
L 10/07/2014 - 12:40:54: "Don't stats me bro!<18><[U:1:197330785]><>" STEAM USERID validated
L 10/07/2014 - 12:40:59: "Target Practice<4><BOT><Blue>" killed "CRITRAWKETS<2><BOT><Red>" with "scattergun" (attacker_position "-962 -2280 -117") (victim_position "-983 -2475 -127")
L 10/07/2014 - 12:40:59: "CRITRAWKETS<2><BOT><Red>" changed role to "pyro"
L 10/07/2014 - 12:41:09: "Don't stats me bro!<18><[U:1:197330785]><>" entered the game
L 10/07/2014 - 12:41:15: "Cannon Fodder<7><BOT><Red>" killed "Gentlemanne of Leisure<3><BOT><Blue>" with "obj_sentrygun3" (attacker_position "-1190 -1652 -18") (victim_position "-1199 -2066 -125")
L 10/07/2014 - 12:41:19: "IvanTheSpaceBiker<6><BOT><Blue>" stuck (position "1432.03 -62.02 -191.97") (duration "3.69") L 10/07/2014 - 12:41:19:    path_goal ( "537.50 87.50 0.03" )
L 10/07/2014 - 12:41:19: "splkl.5.redflux<16><[U:1:197388939]><Blue>" killed "splkj.5.redflux<15><[U:1:197340902]><Red>" with "flamethrower" (attacker_position "-1308 -1977 -148") (victim_position "-1415 -2019 -132")
L 10/07/2014 - 12:41:19: "Data Wizard<19><[U:1:197413154]><>" connected, address "192.168.1.116:27005"
L 10/07/2014 - 12:41:19: "Cannon Fodder<7><BOT><Red>" killed "splkl.5.redflux<16><[U:1:197388939]><Blue>" with "obj_sentrygun3" (attacker_position "-1031 -2340 -128") (victim_position "-1343 -1980 -145")
L 10/07/2014 - 12:41:20: "Data Wizard<19><[U:1:197413154]><>" STEAM USERID validated
L 10/07/2014 - 12:41:20: "Crowbar<5><BOT><Red>" stuck (position "-1085.10 -2340.03 -58.22") (duration "4.36") L 10/07/2014 - 12:41:20:    path_goal ( "-1062.50 -2287.50 -59.72" )
L 10/07/2014 - 12:41:22: "Cannon Fodder<7><BOT><Red>" stuck (position "-1059.47 -2340.03 -127.98") (duration "3.42") L 10/07/2014 - 12:41:22:    path_goal ( "-1062.50 -2287.50 -59.72" )
L 10/07/2014 - 12:41:23: "Cannon Fodder<7><BOT><Red>" stuck (position "-1038.48 -2340.03 -99.78") (duration "3.54") L 10/07/2014 - 12:41:23:    path_goal ( "NULL" )
L 10/07/2014 - 12:41:23: "Data Wizard<19><[U:1:197413154]><>" entered the game
L 10/07/2014 - 12:41:24: "Cannon Fodder<7><BOT><Red>" stuck (position "-954.76 -2369.63 -128.19") (duration "0.84") L 10/07/2014 - 12:41:24:    path_goal ( "-875.00 -2375.00 -127.76" )
L 10/07/2014 - 12:41:27: "CRITRAWKETS<2><BOT><Red>" killed "Target Practice<4><BOT><Blue>" with "flamethrower" (attacker_position "-985 -1906 -158") (victim_position "-998 -1858 -159")
L 10/07/2014 - 12:41:36: "Data Wizard<19><[U:1:197413154]><Unassigned>" joined team "Red"
L 10/07/2014 - 12:41:39: "Data Wizard<19><[U:1:197413154]><Red>" changed role to "pyro"
L 10/07/2014 - 12:41:40: "CRITRAWKETS<2><BOT><Red>" killed "Splunk Ninja<17><[U:1:197422767]><Blue>" with "flamethrower" (attacker_position "-1870 -1612 -161") (victim_position "726 -1830 -113")
L 10/07/2014 - 12:41:53: "Cannon Fodder<7><BOT><Red>" triggered "player_builtobject" (object "OBJ_TELEPORTER") (position "-1195 -1465 -127")
L 10/07/2014 - 12:41:59: "Gentlemanne of Leisure<3><BOT><Blue>" killed "Data Wizard<19><[U:1:197413154]><Red>" with "tf_projectile_pipe" (attacker_position "-32 -2450 -124") (victim_position "-503 -2265 82")
L 10/07/2014 - 12:41:59: "Target Practice<4><BOT><Blue>" triggered "kill assist" against "Data Wizard<19><[U:1:197413154]><Red>" (assister_position "-47 -1997 -141") (attacker_position "-32 -2450 -124") (victim_position "-503 -2265 82")
L 10/07/2014 - 12:42:02: "Nom Nom Nom<8><BOT><Blue>" triggered "player_extinguished" against "IvanTheSpaceBiker<6><BOT><Blue>" with "tf_weapon_medigun" (attacker_position "-367 -2051 0") (victim_position "-242 -1973 -153")
L 10/07/2014 - 12:42:07: "Nom Nom Nom<8><BOT><Blue>" triggered "player_extinguished" against "splkl.5.redflux<16><[U:1:197388939]><Blue>" with "tf_weapon_medigun" (attacker_position "148 -1689 -133") (victim_position "248 -1647 -127")
L 10/07/2014 - 12:42:07: "CRITRAWKETS<2><BOT><Red>" triggered "medic_death" against "Nom Nom Nom<8><BOT><Blue>" (healing "256") (ubercharge "0")
L 10/07/2014 - 12:42:07: "CRITRAWKETS<2><BOT><Red>" killed "Nom Nom Nom<8><BOT><Blue>" with "flamethrower" (attacker_position "52 -1786 -157") (victim_position "161 -1669 -130")
L 10/07/2014 - 12:42:08: "splkl.5.redflux<16><[U:1:197388939]><Blue>" killed "CRITRAWKETS<2><BOT><Red>" with "flamethrower" (attacker_position "183 -1702 -135") (victim_position "120 -1737 -152")
L 10/07/2014 - 12:42:08: "CRITRAWKETS<2><BOT><Red>" changed role to "spy"
L 10/07/2014 - 12:42:09: "Crowbar<5><BOT><Red>" killed "Target Practice<4><BOT><Blue>" with "minigun" (attacker_position "-1513 -2135 -51") (victim_position "-1694 -2482 -127")
L 10/07/2014 - 12:42:09: "Cannon Fodder<7><BOT><Red>" triggered "kill assist" against "Target Practice<4><BOT><Blue>" (assister_position "-1195 -1461 -127") (attacker_position "-1513 -2135 -51") (victim_position "-1694 -2482 -127")
L 10/07/2014 - 12:42:09: "Crowbar<5><BOT><Red>" triggered "domination" against "Target Practice<4><BOT><Blue>"
L 10/07/2014 - 12:42:10: "splkj.5.redflux<15><[U:1:197340902]><Red>" killed "Gentlemanne of Leisure<3><BOT><Blue>" with "tf_projectile_pipe_remote" (attacker_position "631 -2723 -126") (victim_position "966 -2361 -106")
L 10/07/2014 - 12:42:13: "Schattenfaust<14><[U:1:229722400]><Red>" committed suicide with "world" (attacker_position "-2176 -2122 -159")
L 10/07/2014 - 12:42:13: "Schattenfaust<14><[U:1:229722400]><Red>" joined team "Spectator"
L 10/07/2014 - 12:42:27: "Cannon Fodder<7><BOT><Red>" killed "splkl.5.redflux<16><[U:1:197388939]><Blue>" with "obj_sentrygun3" (attacker_position "-1195 -1461 -127") (victim_position "-1204 -1996 -141")
L 10/07/2014 - 12:42:30: "splkj.5.redflux<15><[U:1:197340902]><Red>" killed "IvanTheSpaceBiker<6><BOT><Blue>" with "tf_projectile_pipe_remote" (attacker_position "225 -2694 -124") (victim_position "769 -2739 -127")
L 10/07/2014 - 12:42:30: "IvanTheSpaceBiker<6><BOT><Blue>" changed role to "engineer"
L 10/07/2014 - 12:42:51: "Target Practice<4><BOT><Blue>" killed "CRITRAWKETS<2><BOT><Red>" with "scattergun" (attacker_position "610 -2152 -120") (victim_position "674 -2128 -127")
L 10/07/2014 - 12:42:51: "CRITRAWKETS<2><BOT><Red>" changed role to "soldier"
L 10/07/2014 - 12:42:52: "IvanTheSpaceBiker<6><BOT><Blue>" triggered "player_builtobject" (object "OBJ_TELEPORTER") (position "2373 979 -188")
L 10/07/2014 - 12:42:57: "Cannon Fodder<7><BOT><Red>" triggered "player_builtobject" (object "OBJ_DISPENSER") (position "-1195 -1461 -127")
L 10/07/2014 - 12:43:01: "Splunk Ninja<17><[U:1:197422767]><Blue>" killed "Data Wizard<19><[U:1:197413154]><Red>" with "tf_projectile_pipe_remote" (attacker_position "-743 -1868 -157") (victim_position "-1410 -1829 -137")
L 10/07/2014 - 12:43:05: "Crowbar<5><BOT><Red>" killed "Target Practice<4><BOT><Blue>" with "minigun" (attacker_position "-852 -2594 -126") (victim_position "-610 -2447 -125")
L 10/07/2014 - 12:43:05: "GENTLE MANNE of LEISURE<9><BOT><Red>" triggered "kill assist" against "Target Practice<4><BOT><Blue>" (assister_position "-844 -2475 -124") (attacker_position "-852 -2594 -126") (victim_position "-610 -2447 -125")
L 10/07/2014 - 12:43:07: "Gentlemanne of Leisure<3><BOT><Blue>" triggered "medic_death" against "GENTLE MANNE of LEISURE<9><BOT><Red>" (healing "805") (ubercharge "1")
L 10/07/2014 - 12:43:07: "Gentlemanne of Leisure<3><BOT><Blue>" killed "GENTLE MANNE of LEISURE<9><BOT><Red>" with "tf_projectile_pipe" (attacker_position "-1128 -2735 -118") (victim_position "-834 -2688 -127")
L 10/07/2014 - 12:43:07: "Nom Nom Nom<8><BOT><Blue>" triggered "kill assist" against "GENTLE MANNE of LEISURE<9><BOT><Red>" (assister_position "-1196 -2789 -108") (attacker_position "-1128 -2735 -118") (victim_position "-834 -2688 -127")
L 10/07/2014 - 12:43:08: "Crowbar<5><BOT><Red>" triggered "medic_death" against "Nom Nom Nom<8><BOT><Blue>" (healing "210") (ubercharge "0")
L 10/07/2014 - 12:43:08: "Crowbar<5><BOT><Red>" killed "Nom Nom Nom<8><BOT><Blue>" with "minigun" (attacker_position "-909 -2759 -127") (victim_position "-1294 -2845 -113")
L 10/07/2014 - 12:43:09: "Crowbar<5><BOT><Red>" killed "Gentlemanne of Leisure<3><BOT><Blue>" with "minigun" (attacker_position "-916 -2741 -127") (victim_position "-973 -2745 -126")
L 10/07/2014 - 12:43:12: "splkl.5.redflux<16><[U:1:197388939]><Blue>" killed "splkj.5.redflux<15><[U:1:197340902]><Red>" with "flamethrower" (attacker_position "1031 -2538 -119") (victim_position "591 -2733 -127")
L 10/07/2014 - 12:43:13: "Cannon Fodder<7><BOT><Red>" killed "Splunk Ninja<17><[U:1:197422767]><Blue>" with "obj_sentrygun3" (attacker_position "-1215 -1477 -127") (victim_position "-1121 -1879 -159")
L 10/07/2014 - 12:43:35: "Schattenfaust<14><[U:1:229722400]><Spectator>" changed name to "hobbes3"
L 10/07/2014 - 12:43:38: "Data Wizard<19><[U:1:197413154]><Red>" killed "IvanTheSpaceBiker<6><BOT><Blue>" with "flamethrower" (attacker_position "-949 -1802 -159") (victim_position "-997 -1854 -159")
L 10/07/2014 - 12:43:38: "IvanTheSpaceBiker<6><BOT><Blue>" changed role to "soldier"
L 10/07/2014 - 12:43:39: "WhatTheSplunk?<20><[U:1:197468749]><>" connected, address "192.168.1.109:27005"
L 10/07/2014 - 12:43:39: "WhatTheSplunk?<20><[U:1:197468749]><>" STEAM USERID validated
L 10/07/2014 - 12:43:42: "CRITRAWKETS<2><BOT><Red>" killed "splkl.5.redflux<16><[U:1:197388939]><Blue>" with "tf_projectile_rocket" (attacker_position "-1153 -2295 -124") (victim_position "-791 -2748 -123")
L 10/07/2014 - 12:43:42: "Crowbar<5><BOT><Red>" triggered "kill assist" against "splkl.5.redflux<16><[U:1:197388939]><Blue>" (assister_position "-853 -2186 0") (attacker_position "-1153 -2295 -124") (victim_position "-791 -2748 -123")
L 10/07/2014 - 12:43:43: "WhatTheSplunk?<20><[U:1:197468749]><>" entered the game
L 10/07/2014 - 12:43:46: "Chief Data Wrangler<21><[U:1:197363721]><>" connected, address "192.168.1.111:27005"
L 10/07/2014 - 12:43:46: "Chief Data Wrangler<21><[U:1:197363721]><>" STEAM USERID validated
L 10/07/2014 - 12:43:49: "Chief Data Wrangler<21><[U:1:197363721]><>" entered the game
L 10/07/2014 - 12:43:53: "confc.5.redflux<22><[U:1:197305319]><>" connected, address "192.168.1.106:27005"
L 10/07/2014 - 12:43:54: "confc.5.redflux<22><[U:1:197305319]><>" STEAM USERID validated
L 10/07/2014 - 12:43:57: "confc.5.redflux<22><[U:1:197305319]><>" entered the game
L 10/07/2014 - 12:44:04: "Splunk Ninja<17><[U:1:197422767]><Blue>" killed "Data Wizard<19><[U:1:197413154]><Red>" with "tf_projectile_pipe_remote" (attacker_position "1440 -1642 -140") (victim_position "1068 -1436 -124")
L 10/07/2014 - 12:44:04: "Target Practice<4><BOT><Blue>" triggered "kill assist" against "Data Wizard<19><[U:1:197413154]><Red>" (assister_position "929 -1966 -127") (attacker_position "1440 -1642 -140") (victim_position "1068 -1436 -124")
L 10/07/2014 - 12:44:07: "confy.5.redflux<23><[U:1:197367651]><>" connected, address "192.168.1.104:27005"
L 10/07/2014 - 12:44:07: "confy.5.redflux<23><[U:1:197367651]><>" STEAM USERID validated
L 10/07/2014 - 12:44:10: "Gentlemanne of Leisure<3><BOT><Blue>" triggered "killedobject" (object "OBJ_TELEPORTER") (weapon "tf_projectile_pipe_remote") (objectowner "Cannon Fodder<7><BOT><Red>") (attacker_position "-971 -1767 0")
L 10/07/2014 - 12:44:10: "Nom Nom Nom<8><BOT><Blue>" triggered "killedobject" (object "OBJ_TELEPORTER") (objectowner "Cannon Fodder<7><BOT><Red>") (assist "1") (assister_position "-940 -1529 0") (attacker_position "-971 -1767 0")
L 10/07/2014 - 12:44:10: "Gentlemanne of Leisure<3><BOT><Blue>" triggered "killedobject" (object "OBJ_SENTRYGUN") (weapon "tf_projectile_pipe_remote") (objectowner "Cannon Fodder<7><BOT><Red>") (attacker_position "-971 -1767 0")
L 10/07/2014 - 12:44:10: "Nom Nom Nom<8><BOT><Blue>" triggered "killedobject" (object "OBJ_SENTRYGUN") (objectowner "Cannon Fodder<7><BOT><Red>") (assist "1") (assister_position "-940 -1529 0") (attacker_position "-971 -1767 0")
L 10/07/2014 - 12:44:10: "Gentlemanne of Leisure<3><BOT><Blue>" killed "Cannon Fodder<7><BOT><Red>" with "tf_projectile_pipe_remote" (attacker_position "-971 -1767 0") (victim_position "-1215 -1477 -127")
L 10/07/2014 - 12:44:10: "Nom Nom Nom<8><BOT><Blue>" triggered "kill assist" against "Cannon Fodder<7><BOT><Red>" (assister_position "-940 -1529 0") (attacker_position "-971 -1767 0") (victim_position "-1215 -1477 -127")
L 10/07/2014 - 12:44:10: "Gentlemanne of Leisure<3><BOT><Blue>" triggered "killedobject" (object "OBJ_DISPENSER") (weapon "tf_projectile_pipe_remote") (objectowner "Cannon Fodder<7><BOT><Red>") (attacker_position "-971 -1767 0")
L 10/07/2014 - 12:44:10: "Nom Nom Nom<8><BOT><Blue>" triggered "killedobject" (object "OBJ_DISPENSER") (objectowner "Cannon Fodder<7><BOT><Red>") (assist "1") (assister_position "-940 -1529 0") (attacker_position "-971 -1767 0")
L 10/07/2014 - 12:44:10: "confy.5.redflux<23><[U:1:197367651]><>" entered the game
L 10/07/2014 - 12:44:13: "Splunk Ninja<17><[U:1:197422767]><Blue>" killed "CRITRAWKETS<2><BOT><Red>" with "tf_projectile_pipe_remote" (attacker_position "1833 -1257 -117") (victim_position "1083 -1825 -139")
L 10/07/2014 - 12:44:13: "CRITRAWKETS<2><BOT><Red>" changed role to "pyro"
L 10/07/2014 - 12:44:14: "Crowbar<5><BOT><Red>" stuck (position "-989.58 -2284.98 -58.26") (duration "4.34") L 10/07/2014 - 12:44:14:    path_goal ( "-975.00 -2287.50 -76.02" )
L 10/07/2014 - 12:44:23: "splkj.5.redflux<15><[U:1:197340902]><Red>" killed "Target Practice<4><BOT><Blue>" with "tf_projectile_pipe_remote" (attacker_position "465 -1100 -127") (victim_position "658 -1545 -127")
L 10/07/2014 - 12:44:23: "GENTLE MANNE of LEISURE<9><BOT><Red>" triggered "kill assist" against "Target Practice<4><BOT><Blue>" (assister_position "429 -1472 -127") (attacker_position "465 -1100 -127") (victim_position "658 -1545 -127")
L 10/07/2014 - 12:44:23: "GENTLE MANNE of LEISURE<9><BOT><Red>" triggered "domination" against "Target Practice<4><BOT><Blue>" (assist "1")
L 10/07/2014 - 12:44:24: "Crowbar<5><BOT><Red>" triggered "medic_death" against "Nom Nom Nom<8><BOT><Blue>" (healing "142") (ubercharge "0")
L 10/07/2014 - 12:44:24: "Crowbar<5><BOT><Red>" killed "Nom Nom Nom<8><BOT><Blue>" with "minigun" (attacker_position "-974 -1990 0") (victim_position "-1434 -1712 -131")
L 10/07/2014 - 12:44:28: "hobbes3<14><[U:1:229722400]><Spectator>" joined team "Red"
L 10/07/2014 - 12:44:30: "hobbes3<14><[U:1:229722400]><Red>" changed role to "soldier"
L 10/07/2014 - 12:44:40: "Cannon Fodder<7><BOT><Red>" triggered "player_builtobject" (object "OBJ_SENTRYGUN") (position "-1698 -2138 -45")
L 10/07/2014 - 12:44:41: "splkl.5.redflux<16><[U:1:197388939]><Blue>" killed "CRITRAWKETS<2><BOT><Red>" with "flamethrower" (attacker_position "-1464 -2513 -127") (victim_position "-1443 -2348 -127")
L 10/07/2014 - 12:44:42: "Crowbar<5><BOT><Red>" killed "splkl.5.redflux<16><[U:1:197388939]><Blue>" with "shotgun_hwg" (attacker_position "-1516 -1961 -38") (victim_position "-1575 -2294 -127")
L 10/07/2014 - 12:44:42: "CRITRAWKETS<2><BOT><Red>" triggered "kill assist" against "splkl.5.redflux<16><[U:1:197388939]><Blue>" (assister_position "-1443 -2348 -39") (attacker_position "-1516 -1961 -38") (victim_position "-1575 -2294 -127")
L 10/07/2014 - 12:44:42: "Crowbar<5><BOT><Red>" triggered "domination" against "splkl.5.redflux<16><[U:1:197388939]><Blue>"
L 10/07/2014 - 12:44:58: "GENTLE MANNE of LEISURE<9><BOT><Red>" triggered "chargedeployed"
L 10/07/2014 - 12:44:59: "splkj.5.redflux<15><[U:1:197340902]><Red>" killed "Target Practice<4><BOT><Blue>" with "tf_projectile_pipe" (attacker_position "308 -965 -120") (victim_position "521 -1433 -127")
L 10/07/2014 - 12:44:59: "GENTLE MANNE of LEISURE<9><BOT><Red>" triggered "kill assist" against "Target Practice<4><BOT><Blue>" (assister_position "457 -998 -127") (attacker_position "308 -965 -120") (victim_position "521 -1433 -127")
L 10/07/2014 - 12:44:59: "splkj.5.redflux<15><[U:1:197340902]><Red>" triggered "domination" against "Target Practice<4><BOT><Blue>"
L 10/07/2014 - 12:44:59: "splkj.5.redflux<15><[U:1:197340902]><Red>" killed "Gentlemanne of Leisure<3><BOT><Blue>" with "tf_projectile_pipe" (attacker_position "308 -965 -120") (victim_position "544 -1479 -127")
L 10/07/2014 - 12:44:59: "GENTLE MANNE of LEISURE<9><BOT><Red>" triggered "kill assist" against "Gentlemanne of Leisure<3><BOT><Blue>" (assister_position "457 -998 -127") (attacker_position "308 -965 -120") (victim_position "544 -1479 -127")
L 10/07/2014 - 12:44:59: "Gentlemanne of Leisure<3><BOT><Blue>" changed role to "heavyweapons"
L 10/07/2014 - 12:45:07: "splkl.5.redflux<16><[U:1:197388939]><Blue>" changed role to "scout"
L 10/07/2014 - 12:45:11: "(1)Data Wizard<24><[U:1:197368576]><>" connected, address "192.168.1.105:27005"
L 10/07/2014 - 12:45:11: "(1)Data Wizard<24><[U:1:197368576]><>" STEAM USERID validated
L 10/07/2014 - 12:45:19: "IvanTheSpaceBiker<6><BOT><Blue>" killed "hobbes3<14><[U:1:229722400]><Red>" with "tf_projectile_rocket" (attacker_position "473 -2222 -123") (victim_position "389 -2323 -110")
L 10/07/2014 - 12:45:19: "Nom Nom Nom<8><BOT><Blue>" triggered "kill assist" against "hobbes3<14><[U:1:229722400]><Red>" (assister_position "622 -2128 -122") (attacker_position "473 -2222 -123") (victim_position "389 -2323 -110")
L 10/07/2014 - 12:45:22: "(1)Data Wizard<24><[U:1:197368576]><>" entered the game
L 10/07/2014 - 12:45:31: "splkj.5.redflux<15><[U:1:197340902]><Red>" triggered "medic_death" against "Nom Nom Nom<8><BOT><Blue>" (healing "521") (ubercharge "0")
L 10/07/2014 - 12:45:31: "splkj.5.redflux<15><[U:1:197340902]><Red>" killed "Nom Nom Nom<8><BOT><Blue>" with "tf_projectile_pipe_remote" (attacker_position "302 -958 -119") (victim_position "493 -1379 -127")
L 10/07/2014 - 12:45:31: "GENTLE MANNE of LEISURE<9><BOT><Red>" triggered "kill assist" against "Nom Nom Nom<8><BOT><Blue>" (assister_position "545 -1033 -126") (attacker_position "302 -958 -119") (victim_position "493 -1379 -127")
L 10/07/2014 - 12:45:45: "Target Practice<4><BOT><Blue>" killed "CRITRAWKETS<2><BOT><Red>" with "pistol_scout" (attacker_position "18 -1623 -126") (victim_position "-263 -1976 -151")
L 10/07/2014 - 12:45:45: "CRITRAWKETS<2><BOT><Red>" changed role to "engineer"
L 10/07/2014 - 12:45:49: "Gentlemanne of Leisure<3><BOT><Blue>" killed "splkj.5.redflux<15><[U:1:197340902]><Red>" with "minigun" (attacker_position "145 -1042 -117") (victim_position "-257 -994 -127")
L 10/07/2014 - 12:45:49: "IvanTheSpaceBiker<6><BOT><Blue>" triggered "kill assist" against "splkj.5.redflux<15><[U:1:197340902]><Red>" (assister_position "444 -1055 -127") (attacker_position "145 -1042 -117") (victim_position "-257 -994 -127")
L 10/07/2014 - 12:45:49: "Gentlemanne of Leisure<3><BOT><Blue>" triggered "medic_death" against "GENTLE MANNE of LEISURE<9><BOT><Red>" (healing "1131") (ubercharge "0")
L 10/07/2014 - 12:45:49: "Gentlemanne of Leisure<3><BOT><Blue>" killed "GENTLE MANNE of LEISURE<9><BOT><Red>" with "minigun" (attacker_position "137 -1043 -116") (victim_position "-431 -1004 -107")
L 10/07/2014 - 12:45:51: "Crowbar<5><BOT><Red>" killed "splkl.5.redflux<16><[U:1:197388939]><Blue>" with "minigun" (attacker_position "-1645 -2102 -45") (victim_position "-624 -2630 -120")
L 10/07/2014 - 12:45:51: "Cannon Fodder<7><BOT><Red>" triggered "kill assist" against "splkl.5.redflux<16><[U:1:197388939]><Blue>" (assister_position "-1698 -2136 -45") (attacker_position "-1645 -2102 -45") (victim_position "-624 -2630 -120")
L 10/07/2014 - 12:45:51: "Cannon Fodder<7><BOT><Red>" triggered "domination" against "splkl.5.redflux<16><[U:1:197388939]><Blue>" (assist "1")
L 10/07/2014 - 12:45:52: "Cannon Fodder<7><BOT><Red>" killed "Splunk Ninja<17><[U:1:197422767]><Blue>" with "obj_sentrygun3" (attacker_position "-1698 -2136 -45") (victim_position "-678 -2392 -122")
L 10/07/2014 - 12:45:59: "Cannon Fodder<7><BOT><Red>" triggered "player_builtobject" (object "OBJ_DISPENSER") (position "-1698 -2114 -45")
L 10/07/2014 - 12:46:06: "Cannon Fodder<7><BOT><Red>" killed "Gentlemanne of Leisure<3><BOT><Blue>" with "obj_sentrygun3" (attacker_position "-1559 -1794 -85") (victim_position "-795 -1816 -157")
L 10/07/2014 - 12:46:06: "Crowbar<5><BOT><Red>" triggered "kill assist" against "Gentlemanne of Leisure<3><BOT><Blue>" (assister_position "-1698 -2130 -45") (attacker_position "-1559 -1794 -85") (victim_position "-795 -1816 -157")
L 10/07/2014 - 12:46:06: "Gentlemanne of Leisure<3><BOT><Blue>" changed role to "demoman"
L 10/07/2014 - 12:46:07: "CRITRAWKETS<2><BOT><Red>" triggered "player_builtobject" (object "OBJ_TELEPORTER") (position "-1741 -1685 -127")
L 10/07/2014 - 12:46:10: "Crowbar<5><BOT><Red>" killed "Target Practice<4><BOT><Blue>" with "minigun" (attacker_position "-1663 -2159 -45") (victim_position "-380 -2480 -110")
L 10/07/2014 - 12:46:10: "Target Practice<4><BOT><Blue>" changed role to "demoman"
L 10/07/2014 - 12:46:12: "confy.5.redflux<23><[U:1:197367651]><Unassigned>" changed name to "splunk> log your frags"
L 10/07/2014 - 12:46:12: "Crowbar<5><BOT><Red>" killed "IvanTheSpaceBiker<6><BOT><Blue>" with "minigun" (attacker_position "-1662 -2148 -45") (victim_position "-286 -2521 -99")
L 10/07/2014 - 12:46:12: "hobbes3<14><[U:1:229722400]><Red>" triggered "kill assist" against "IvanTheSpaceBiker<6><BOT><Blue>" (assister_position "-1377 -2571 -88") (attacker_position "-1662 -2148 -45") (victim_position "-286 -2521 -99")
L 10/07/2014 - 12:46:12: "IvanTheSpaceBiker<6><BOT><Blue>" changed role to "spy"
L 10/07/2014 - 12:46:17: "CRITRAWKETS<2><BOT><Red>" stuck (position "-1083.19 -2340.03 -127.96") (duration "3.36") L 10/07/2014 - 12:46:17:    path_goal ( "-1062.50 -2287.50 -59.72" )
L 10/07/2014 - 12:46:17: "CRITRAWKETS<2><BOT><Red>" stuck (position "-1100.59 -2345.22 -102.65") (duration "3.46") L 10/07/2014 - 12:46:17:    path_goal ( "NULL" )
L 10/07/2014 - 12:46:25: "CRITRAWKETS<2><BOT><Red>" triggered "player_builtobject" (object "OBJ_SENTRYGUN") (position "-1103 -1923 -159")
L 10/07/2014 - 12:46:40: "splkj.5.redflux<15><[U:1:197340902]><Red>" killed "Splunk Ninja<17><[U:1:197422767]><Blue>" with "tf_projectile_pipe_remote" (attacker_position "41 -1864 -159") (victim_position "-302 -2395 -126")
L 10/07/2014 - 12:46:40: "splkj.5.redflux<15><[U:1:197340902]><Red>" triggered "medic_death" against "Nom Nom Nom<8><BOT><Blue>" (healing "157") (ubercharge "0")
L 10/07/2014 - 12:46:40: "splkj.5.redflux<15><[U:1:197340902]><Red>" killed "Nom Nom Nom<8><BOT><Blue>" with "tf_projectile_pipe_remote" (attacker_position "41 -1864 -159") (victim_position "-349 -2313 -126")
L 10/07/2014 - 12:46:45: "hobbes3<14><[U:1:229722400]><Red>" killed "Gentlemanne of Leisure<3><BOT><Blue>" with "tf_projectile_rocket" (attacker_position "989 -2125 -127") (victim_position "1052 -2147 -127")
L 10/07/2014 - 12:46:56: "CRITRAWKETS<2><BOT><Red>" stuck (position "-1119.28 -2280.03 -120.26") (duration "3.57") L 10/07/2014 - 12:46:56:    path_goal ( "-1062.50 -2287.50 -59.72" )
L 10/07/2014 - 12:46:56: "CRITRAWKETS<2><BOT><Red>" killed "splkl.5.redflux<16><[U:1:197388939]><Blue>" with "obj_sentrygun2" (attacker_position "-1121 -2280 -104") (victim_position "-366 -1761 -159")
L 10/07/2014 - 12:46:56: "CRITRAWKETS<2><BOT><Red>" stuck (position "-1122.91 -2280.02 -94.95") (duration "3.67") L 10/07/2014 - 12:46:56:    path_goal ( "NULL" )
L 10/07/2014 - 12:46:57: "CRITRAWKETS<2><BOT><Red>" stuck (position "-1181.94 -2266.59 -127.81") (duration "4.72") L 10/07/2014 - 12:46:57:    path_goal ( "-1500.00 -2175.00 -126.24" )
L 10/07/2014 - 12:47:02: "IvanTheSpaceBiker<6><BOT><Blue>" triggered "player_builtobject" (object "OBJ_ATTACHMENT_SAPPER") (position "-1036 -1849 -159")
L 10/07/2014 - 12:47:05: "splunk> log your frags<23><[U:1:197367651]><Unassigned>" changed name to "splunk> All Batbelt, No tights"
L 10/07/2014 - 12:47:07: "CRITRAWKETS<2><BOT><Red>" triggered "killedobject" (object "OBJ_ATTACHMENT_SAPPER") (weapon "wrench") (objectowner "IvanTheSpaceBiker<6><BOT><Blue>") (attacker_position "-1041 -1947 -152")
L 10/07/2014 - 12:47:11: "splkl.5.redflux<16><[U:1:197388939]><Blue>" changed role to "sniper"
L 10/07/2014 - 12:47:12: "splunk> All Batbelt, No tights<23><[U:1:197367651]><Unassigned>" joined team "Spectator"
L 10/07/2014 - 12:47:19: "hobbes3<14><[U:1:229722400]><Red>" triggered "medic_death" against "Nom Nom Nom<8><BOT><Blue>" (healing "99") (ubercharge "0")
L 10/07/2014 - 12:47:19: "hobbes3<14><[U:1:229722400]><Red>" killed "Nom Nom Nom<8><BOT><Blue>" with "tf_projectile_rocket" (attacker_position "1944 -128 -192") (victim_position "1708 -57 -191")
L 10/07/2014 - 12:47:19: "Data Wizard<19><[U:1:197413154]><Red>" triggered "kill assist" against "Nom Nom Nom<8><BOT><Blue>" (assister_position "1571 -219 -191") (attacker_position "1944 -128 -192") (victim_position "1708 -57 -191")
L 10/07/2014 - 12:47:19: "Nom Nom Nom<8><BOT><Blue>" changed role to "scout"
L 10/07/2014 - 12:47:19: "(1)Data Wizard<24><[U:1:197368576]><Unassigned>" joined team "Spectator"
L 10/07/2014 - 12:47:20: "Gentlemanne of Leisure<3><BOT><Blue>" killed "hobbes3<14><[U:1:229722400]><Red>" with "tf_projectile_pipe" (attacker_position "2336 -535 -191") (victim_position "2075 -218 -161")
L 10/07/2014 - 12:47:20: "Splunk Ninja<17><[U:1:197422767]><Blue>" killed "Data Wizard<19><[U:1:197413154]><Red>" with "tf_projectile_pipe_remote" (attacker_position "2155 -50 -207") (victim_position "1671 -52 -191")
L 10/07/2014 - 12:47:21: "Cannon Fodder<7><BOT><Red>" killed "IvanTheSpaceBiker<6><BOT><Blue>" with "obj_sentrygun3" (attacker_position "-1650 -2109 -45") (victim_position "-1166 -1507 -127")
L 10/07/2014 - 12:47:21: "IvanTheSpaceBiker<6><BOT><Blue>" changed role to "medic"
L 10/07/2014 - 12:47:22: "Target Practice<4><BOT><Blue>" triggered "killedobject" (object "OBJ_SENTRYGUN") (weapon "tf_projectile_pipe_remote") (objectowner "CRITRAWKETS<2><BOT><Red>") (attacker_position "-650 -1556 0")
L 10/07/2014 - 12:47:30: "CRITRAWKETS<2><BOT><Red>" triggered "player_builtobject" (object "OBJ_SENTRYGUN") (position "-1145 -2150 -124")
L 10/07/2014 - 12:47:32: "confc.5.redflux<22><[U:1:197305319]><Unassigned>" joined team "Spectator"
L 10/07/2014 - 12:47:34: "Splunk Ninja<17><[U:1:197422767]><Blue>" killed "splkj.5.redflux<15><[U:1:197340902]><Red>" with "tf_projectile_pipe_remote" (attacker_position "2676 -781 -150") (victim_position "2585 -1265 0")
L 10/07/2014 - 12:47:40: "Chief Data Wrangler<21><[U:1:197363721]><Unassigned>" joined team "Spectator"
L 10/07/2014 - 12:47:43: "Cannon Fodder<7><BOT><Red>" killed "Target Practice<4><BOT><Blue>" with "obj_sentrygun3" (attacker_position "-1650 -2109 -45") (victim_position "-787 -2652 -126")
L 10/07/2014 - 12:47:43: "Crowbar<5><BOT><Red>" triggered "kill assist" against "Target Practice<4><BOT><Blue>" (assister_position "-1462 -2620 -122") (attacker_position "-1650 -2109 -45") (victim_position "-787 -2652 -126")
L 10/07/2014 - 12:47:43: "Cannon Fodder<7><BOT><Red>" triggered "domination" against "Target Practice<4><BOT><Blue>"
L 10/07/2014 - 12:47:46: "Cannon Fodder<7><BOT><Red>" killed "Gentlemanne of Leisure<3><BOT><Blue>" with "obj_sentrygun3" (attacker_position "-1650 -2109 -45") (victim_position "-685 -2673 -123")
L 10/07/2014 - 12:47:46: "WhatTheSplunk?<20><[U:1:197468749]><Unassigned>" joined team "Spectator"
L 10/07/2014 - 12:48:05: "hobbes3<14><[U:1:229722400]><Red>" killed "Splunk Ninja<17><[U:1:197422767]><Blue>" with "tf_projectile_rocket" (attacker_position "-50 -2451 -124") (victim_position "23 -2675 -123")
L 10/07/2014 - 12:48:12: "Buttercup<25><[U:1:197287110]><>" connected, address "192.168.1.107:27005"
L 10/07/2014 - 12:48:13: "Buttercup<25><[U:1:197287110]><>" STEAM USERID validated
L 10/07/2014 - 12:48:13: "Developers^4<26><[U:1:197323815]><>" connected, address "192.168.1.102:27005"
L 10/07/2014 - 12:48:14: "Developers^4<26><[U:1:197323815]><>" STEAM USERID validated
L 10/07/2014 - 12:48:16: "Buttercup<25><[U:1:197287110]><>" entered the game
L 10/07/2014 - 12:48:17: "Developers^4<26><[U:1:197323815]><>" entered the game
L 10/07/2014 - 12:48:18: "splkl.5.redflux<16><[U:1:197388939]><Blue>" triggered "medic_death" against "GENTLE MANNE of LEISURE<9><BOT><Red>" (healing "609") (ubercharge "1")
L 10/07/2014 - 12:48:18: "splkl.5.redflux<16><[U:1:197388939]><Blue>" killed "GENTLE MANNE of LEISURE<9><BOT><Red>" with "sniperrifle" (customkill "headshot") (attacker_position "-996 -1496 0") (victim_position "-1509 -2643 -127")
L 10/07/2014 - 12:48:24: "Cannon Fodder<7><BOT><Red>" killed "splkl.5.redflux<16><[U:1:197388939]><Blue>" with "obj_sentrygun3" (attacker_position "-1649 -2110 -45") (victim_position "-863 -1506 0")
L 10/07/2014 - 12:48:24: "CRITRAWKETS<2><BOT><Red>" triggered "kill assist" against "splkl.5.redflux<16><[U:1:197388939]><Blue>" (assister_position "-1407 -1843 -137") (attacker_position "-1649 -2110 -45") (victim_position "-863 -1506 0")
L 10/07/2014 - 12:48:27: "Crowbar<5><BOT><Red>" killed "Target Practice<4><BOT><Blue>" with "minigun" (attacker_position "-721 -2285 -30") (victim_position "-488 -2674 -116")
L 10/07/2014 - 12:48:27: "Data Wizard<19><[U:1:197413154]><Red>" triggered "kill assist" against "Target Practice<4><BOT><Blue>" (assister_position "-306 -2386 -127") (attacker_position "-721 -2285 -30") (victim_position "-488 -2674 -116")
L 10/07/2014 - 12:48:27: "Cannon Fodder<7><BOT><Red>" killed "Nom Nom Nom<8><BOT><Blue>" with "obj_sentrygun3" (attacker_position "-1649 -2110 -45") (victim_position "-1039 -1733 0")
L 10/07/2014 - 12:48:29: "Cannon Fodder<7><BOT><Red>" triggered "medic_death" against "IvanTheSpaceBiker<6><BOT><Blue>" (healing "280") (ubercharge "0")
L 10/07/2014 - 12:48:29: "Cannon Fodder<7><BOT><Red>" killed "IvanTheSpaceBiker<6><BOT><Blue>" with "obj_sentrygun3" (attacker_position "-1649 -2110 -45") (victim_position "-717 -2475 -126")
L 10/07/2014 - 12:48:29: "Data Wizard<19><[U:1:197413154]><Red>" triggered "kill assist" against "IvanTheSpaceBiker<6><BOT><Blue>" (assister_position "-299 -2431 -122") (attacker_position "-1649 -2110 -45") (victim_position "-717 -2475 -126")
L 10/07/2014 - 12:48:30: "CRITRAWKETS<2><BOT><Red>" triggered "player_builtobject" (object "OBJ_DISPENSER") (position "-1144 -2159 -123")
L 10/07/2014 - 12:48:31: "Buttercup<25><[U:1:197287110]><Unassigned>" joined team "Spectator"
L 10/07/2014 - 12:48:34: "Developers^4<26><[U:1:197323815]><Unassigned>" joined team "Blue"
L 10/07/2014 - 12:48:37: "Cannon Fodder<7><BOT><Red>" killed "Gentlemanne of Leisure<3><BOT><Blue>" with "obj_sentrygun3" (attacker_position "-1645 -2118 -45") (victim_position "-903 -1808 -157")
L 10/07/2014 - 12:48:37: "Data Wizard<19><[U:1:197413154]><Red>" triggered "kill assist" against "Gentlemanne of Leisure<3><BOT><Blue>" (assister_position "-801 -1899 -157") (attacker_position "-1645 -2118 -45") (victim_position "-903 -1808 -157")
L 10/07/2014 - 12:48:41: "CRITRAWKETS<2><BOT><Red>" stuck (position "-1416.00 -2052.32 -129.49") (duration "3.36") L 10/07/2014 - 12:48:41:    path_goal ( "-1656.82 -2056.03 -46.01" )
L 10/07/2014 - 12:48:42: "CRITRAWKETS<2><BOT><Red>" stuck (position "-1416.00 -2051.88 -129.49") (duration "3.46") L 10/07/2014 - 12:48:42:    path_goal ( "NULL" )
L 10/07/2014 - 12:48:43: "Developers^4<26><[U:1:197323815]><Blue>" changed role to "pyro"
L 10/07/2014 - 12:48:50: "Data Wizard<19><[U:1:197413154]><Red>" killed "Splunk Ninja<17><[U:1:197422767]><Blue>" with "flamethrower" (attacker_position "-133 -2424 -126") (victim_position "-55 -2380 -120")
L 10/07/2014 - 12:48:52: "CRITRAWKETS<2><BOT><Red>" triggered "player_builtobject" (object "OBJ_TELEPORTER") (position "-1128 -2198 -119")
L 10/07/2014 - 12:49:01: "Nom Nom Nom<8><BOT><Blue>" killed "Data Wizard<19><[U:1:197413154]><Red>" with "scattergun" (attacker_position "797 -1691 -127") (victim_position "749 -1729 -127")
L 10/07/2014 - 12:49:05: "Nom Nom Nom<8><BOT><Blue>" killed "splkj.5.redflux<15><[U:1:197340902]><Red>" with "pistol_scout" (attacker_position "-126 -2068 -127") (victim_position "319 -1964 -127")
L 10/07/2014 - 12:49:05: "Developers^4<26><[U:1:197323815]><Blue>" triggered "kill assist" against "splkj.5.redflux<15><[U:1:197340902]><Red>" (assister_position "671 -1797 -127") (attacker_position "-126 -2068 -127") (victim_position "319 -1964 -127")
L 10/07/2014 - 12:49:10: "Cannon Fodder<7><BOT><Red>" killed "Nom Nom Nom<8><BOT><Blue>" with "obj_sentrygun3" (attacker_position "-1642 -2126 -45") (victim_position "-1314 -2527 -125")
L 10/07/2014 - 12:49:10: "Crowbar<5><BOT><Red>" triggered "kill assist" against "Nom Nom Nom<8><BOT><Blue>" (assister_position "-1166 -2273 -115") (attacker_position "-1642 -2126 -45") (victim_position "-1314 -2527 -125")
L 10/07/2014 - 12:49:12: "hobbes3<14><[U:1:229722400]><Red>" killed "Target Practice<4><BOT><Blue>" with "world" (attacker_position "-624 -1084 -60") (victim_position "-468 -1020 -100")
L 10/07/2014 - 12:49:24: "hobbes3<14><[U:1:229722400]><Red>" killed "Gentlemanne of Leisure<3><BOT><Blue>" with "tf_projectile_rocket" (attacker_position "-935 -1308 -25") (victim_position "-755 -1032 -47")
L 10/07/2014 - 12:49:36: "Don't stats me bro!<18><[U:1:197330785]><Unassigned>" joined team "Spectator"
L 10/07/2014 - 12:49:48: "IvanTheSpaceBiker<6><BOT><Blue>" triggered "chargedeployed"
L 10/07/2014 - 12:49:50: "CRITRAWKETS<2><BOT><Red>" killed "Developers^4<26><[U:1:197323815]><Blue>" with "obj_sentrygun3" (attacker_position "-1168 -2166 -127") (victim_position "-1145 -2550 -127")
L 10/07/2014 - 12:49:50: "Cannon Fodder<7><BOT><Red>" triggered "kill assist" against "Developers^4<26><[U:1:197323815]><Blue>" (assister_position "-1643 -2125 -45") (attacker_position "-1168 -2166 -127") (victim_position "-1145 -2550 -127")
L 10/07/2014 - 12:49:51: "Nom Nom Nom<8><BOT><Blue>" killed "hobbes3<14><[U:1:229722400]><Red>" with "scattergun" (attacker_position "-511 -1853 -152") (victim_position "-1077 -1923 -156")
L 10/07/2014 - 12:49:52: "GENTLE MANNE of LEISURE<9><BOT><Red>" triggered "player_extinguished" against "Crowbar<5><BOT><Red>" with "tf_weapon_medigun" (attacker_position "-1278 -2169 -123") (victim_position "-1304 -1922 -156")
L 10/07/2014 - 12:49:52: "CRITRAWKETS<2><BOT><Red>" triggered "player_extinguished" against "CRITRAWKETS<2><BOT><Red>" with "dispenser" (attacker_position "-1198 -2207 -125") (victim_position "-1168 -2166 -127")
L 10/07/2014 - 12:49:53: "Crowbar<5><BOT><Red>" killed "Nom Nom Nom<8><BOT><Blue>" with "minigun" (attacker_position "-1336 -1829 -151") (victim_position "-1300 -1780 -155")
L 10/07/2014 - 12:49:53: "GENTLE MANNE of LEISURE<9><BOT><Red>" triggered "kill assist" against "Nom Nom Nom<8><BOT><Blue>" (assister_position "-1302 -2025 -125") (attacker_position "-1336 -1829 -151") (victim_position "-1300 -1780 -155")
L 10/07/2014 - 12:49:53: "Crowbar<5><BOT><Red>" triggered "domination" against "Nom Nom Nom<8><BOT><Blue>"
L 10/07/2014 - 12:49:55: "Developers^4<26><[U:1:197323815]><Blue>" changed role to "sniper"
L 10/07/2014 - 12:50:01: "CRITRAWKETS<2><BOT><Red>" killed "Splunk Ninja<17><[U:1:197422767]><Blue>" with "obj_sentrygun3" (attacker_position "-1161 -2134 -126") (victim_position "-1527 -1432 -127")
L 10/07/2014 - 12:50:01: "Cannon Fodder<7><BOT><Red>" triggered "kill assist" against "Splunk Ninja<17><[U:1:197422767]><Blue>" (assister_position "-1601 -2065 36") (attacker_position "-1161 -2134 -126") (victim_position "-1527 -1432 -127")
L 10/07/2014 - 12:50:01: "Cannon Fodder<7><BOT><Red>" triggered "medic_death" against "IvanTheSpaceBiker<6><BOT><Blue>" (healing "873") (ubercharge "0")
L 10/07/2014 - 12:50:01: "Cannon Fodder<7><BOT><Red>" killed "IvanTheSpaceBiker<6><BOT><Blue>" with "obj_sentrygun3" (attacker_position "-1657 -2047 -44") (victim_position "-807 -2374 -87")
L 10/07/2014 - 12:50:04: "Cannon Fodder<7><BOT><Red>" killed "splkl.5.redflux<16><[U:1:197388939]><Blue>" with "obj_sentrygun3" (attacker_position "-1641 -2107 -45") (victim_position "-886 -1542 0")
L 10/07/2014 - 12:50:04: "Cannon Fodder<7><BOT><Red>" killed "Target Practice<4><BOT><Blue>" with "obj_sentrygun3" (attacker_position "-1641 -2107 -45") (victim_position "-1055 -1680 0")
L 10/07/2014 - 12:50:11: "CRITRAWKETS<2><BOT><Red>" killed "Gentlemanne of Leisure<3><BOT><Blue>" with "world" (attacker_position "-1173 -2138 -127") (victim_position "-1241 -1804 -159")
L 10/07/2014 - 12:50:11: "Crowbar<5><BOT><Red>" triggered "kill assist" against "Gentlemanne of Leisure<3><BOT><Blue>" (assister_position "-1682 -2102 -45") (attacker_position "-1173 -2138 -127") (victim_position "-1241 -1804 -159")
L 10/07/2014 - 12:50:23: World triggered "Mini_Round_Win" (winner "Red") (round "round_2")
L 10/07/2014 - 12:50:23: World triggered "Mini_Round_Length" (seconds "753.03")
L 10/07/2014 - 12:50:23: World triggered "Round_Win" (winner "Red")
L 10/07/2014 - 12:50:23: Team "Red" current score "0" with "7" players
L 10/07/2014 - 12:50:23: Team "Blue" current score "3" with "7" players
L 10/07/2014 - 12:50:29: "CRITRAWKETS<2><BOT><Red>" stuck (position "-1086.94 -2340.03 -127.94") (duration "3.36") L 10/07/2014 - 12:50:29:    path_goal ( "-1062.50 -2287.50 -59.72" )
L 10/07/2014 - 12:50:29: "CRITRAWKETS<2><BOT><Red>" stuck (position "-1099.93 -2337.71 -102.64") (duration "3.46") L 10/07/2014 - 12:50:29:    path_goal ( "-1050.00 -2340.03 -128.71" )
L 10/07/2014 - 12:50:30: "Splunk> Take the sh out of IT<11><[U:1:197388838]><Spectator>" joined team "Blue"
L 10/07/2014 - 12:50:37: "Splunk> Take the sh out of IT<11><[U:1:197388838]><Blue>" changed role to "pyro"
L 10/07/2014 - 12:50:37: "Splunk> | bombs FTW<27><[U:1:197298622]><>" connected, address "192.168.1.108:27005"
L 10/07/2014 - 12:50:37: "Splunk> | bombs FTW<27><[U:1:197298622]><>" STEAM USERID validated
L 10/07/2014 - 12:50:38: World triggered "Game_Over" reason "Reached Time Limit"
L 10/07/2014 - 12:50:38: Team "Red" final score "0" with "7" players
L 10/07/2014 - 12:50:38: Team "Blue" final score "3" with "8" players
L 10/07/2014 - 12:50:41: "Nom Nom Nom<8><BOT><Blue>" stuck (position "-191.51 -2391.59 -127.73") (duration "2.52") L 10/07/2014 - 12:50:41:    path_goal ( "-100.00 -2500.00 -127.82" )
L 10/07/2014 - 12:50:42: "Nom Nom Nom<8><BOT><Blue>" stuck (position "-191.51 -2391.59 -127.73") (duration "2.62") L 10/07/2014 - 12:50:42:    path_goal ( "-100.00 -2500.00 -127.82" )
L 10/07/2014 - 12:50:42: "GENTLE MANNE of LEISURE<9><BOT><Red>" stuck (position "440.74 -1349.10 -127.97") (duration "3.26") L 10/07/2014 - 12:50:42:    path_goal ( "425.00 -1375.00 -127.97" )
L 10/07/2014 - 12:50:42: "CRITRAWKETS<2><BOT><Red>" stuck (position "91.58 -1959.27 -159.97") (duration "3.47") L 10/07/2014 - 12:50:42:    path_goal ( "75.00 -2125.00 -126.26" )
L 10/07/2014 - 12:50:42: "GENTLE MANNE of LEISURE<9><BOT><Red>" stuck (position "440.74 -1349.10 -127.97") (duration "3.36") L 10/07/2014 - 12:50:42:    path_goal ( "425.00 -1375.00 -127.97" )
L 10/07/2014 - 12:50:42: "CRITRAWKETS<2><BOT><Red>" stuck (position "91.58 -1959.27 -159.97") (duration "3.57") L 10/07/2014 - 12:50:42:    path_goal ( "75.00 -2125.00 -126.26" )
L 10/07/2014 - 12:50:42: "Cannon Fodder<7><BOT><Red>" stuck (position "626.16 -2209.04 -123.45") (duration "3.36") L 10/07/2014 - 12:50:42:    path_goal ( "425.00 -2225.00 -124.08" )
L 10/07/2014 - 12:50:42: "Cannon Fodder<7><BOT><Red>" stuck (position "626.16 -2209.04 -123.45") (duration "3.46") L 10/07/2014 - 12:50:42:    path_goal ( "425.00 -2225.00 -124.08" )
L 10/07/2014 - 12:50:42: "Crowbar<5><BOT><Red>" stuck (position "481.84 -2706.60 -126.48") (duration "4.41") L 10/07/2014 - 12:50:42:    path_goal ( "425.00 -2750.00 -127.97" )
L 10/07/2014 - 12:50:42: "Crowbar<5><BOT><Red>" stuck (position "481.84 -2706.60 -126.48") (duration "4.52") L 10/07/2014 - 12:50:42:    path_goal ( "425.00 -2750.00 -127.97" )
L 10/07/2014 - 12:50:43: "Nom Nom Nom<8><BOT><Blue>" stuck (position "-191.51 -2391.59 -127.73") (duration "3.68") L 10/07/2014 - 12:50:43:    path_goal ( "-100.00 -2500.00 -127.82" )
L 10/07/2014 - 12:50:43: "GENTLE MANNE of LEISURE<9><BOT><Red>" stuck (position "440.74 -1349.10 -127.97") (duration "4.41") L 10/07/2014 - 12:50:43:    path_goal ( "425.00 -1375.00 -127.97" )
L 10/07/2014 - 12:50:43: "CRITRAWKETS<2><BOT><Red>" stuck (position "91.58 -1959.27 -159.97") (duration "4.62") L 10/07/2014 - 12:50:43:    path_goal ( "75.00 -2125.00 -126.26" )
L 10/07/2014 - 12:50:43: "Cannon Fodder<7><BOT><Red>" stuck (position "626.16 -2209.04 -123.45") (duration "4.52") L 10/07/2014 - 12:50:43:    path_goal ( "425.00 -2225.00 -124.08" )
L 10/07/2014 - 12:50:43: "Crowbar<5><BOT><Red>" stuck (position "481.84 -2706.60 -126.48") (duration "5.57") L 10/07/2014 - 12:50:43:    path_goal ( "481.84 -2706.60 -126.48" )
L 10/07/2014 - 12:50:44: "Nom Nom Nom<8><BOT><Blue>" stuck (position "-191.51 -2391.59 -127.73") (duration "4.72") L 10/07/2014 - 12:50:44:    path_goal ( "-100.00 -2500.00 -127.82" )
L 10/07/2014 - 12:50:44: "GENTLE MANNE of LEISURE<9><BOT><Red>" stuck (position "440.74 -1349.10 -127.97") (duration "5.46") L 10/07/2014 - 12:50:44:    path_goal ( "425.00 -1375.00 -127.97" )
L 10/07/2014 - 12:50:44: "CRITRAWKETS<2><BOT><Red>" stuck (position "91.58 -1959.27 -159.97") (duration "5.67") L 10/07/2014 - 12:50:44:    path_goal ( "75.00 -2125.00 -126.26" )
L 10/07/2014 - 12:50:44: "Cannon Fodder<7><BOT><Red>" stuck (position "626.16 -2209.04 -123.45") (duration "5.57") L 10/07/2014 - 12:50:44:    path_goal ( "425.00 -2225.00 -124.08" )
L 10/07/2014 - 12:50:44: "Crowbar<5><BOT><Red>" stuck (position "481.84 -2706.60 -126.48") (duration "6.61") L 10/07/2014 - 12:50:44:    path_goal ( "425.00 -2750.00 -127.97" )
L 10/07/2014 - 12:50:45: "Nom Nom Nom<8><BOT><Blue>" stuck (position "-191.51 -2391.59 -127.73") (duration "5.78") L 10/07/2014 - 12:50:45:    path_goal ( "-100.00 -2500.00 -127.82" )
L 10/07/2014 - 12:50:45: "GENTLE MANNE of LEISURE<9><BOT><Red>" stuck (position "440.74 -1349.10 -127.97") (duration "6.51") L 10/07/2014 - 12:50:45:    path_goal ( "425.00 -1375.00 -127.97" )
L 10/07/2014 - 12:50:45: "CRITRAWKETS<2><BOT><Red>" stuck (position "91.58 -1959.27 -159.97") (duration "6.72") L 10/07/2014 - 12:50:45:    path_goal ( "75.00 -2125.00 -126.26" )
L 10/07/2014 - 12:50:45: "Cannon Fodder<7><BOT><Red>" stuck (position "626.16 -2209.04 -123.45") (duration "6.61") L 10/07/2014 - 12:50:45:    path_goal ( "425.00 -2225.00 -124.08" )
L 10/07/2014 - 12:50:45: "Crowbar<5><BOT><Red>" stuck (position "481.84 -2706.60 -126.48") (duration "7.67") L 10/07/2014 - 12:50:45:    path_goal ( "NULL" )
L 10/07/2014 - 12:50:46: "Nom Nom Nom<8><BOT><Blue>" stuck (position "-191.51 -2391.59 -127.73") (duration "6.82") L 10/07/2014 - 12:50:46:    path_goal ( "-100.00 -2500.00 -127.82" )
L 10/07/2014 - 12:50:46: "GENTLE MANNE of LEISURE<9><BOT><Red>" stuck (position "440.74 -1349.10 -127.97") (duration "7.56") L 10/07/2014 - 12:50:46:    path_goal ( "600.00 -1400.00 -127.97" )
L 10/07/2014 - 12:50:46: "CRITRAWKETS<2><BOT><Red>" stuck (position "91.58 -1959.27 -159.97") (duration "7.77") L 10/07/2014 - 12:50:46:    path_goal ( "75.00 -2125.00 -126.26" )
L 10/07/2014 - 12:50:46: "Cannon Fodder<7><BOT><Red>" stuck (position "626.16 -2209.04 -123.45") (duration "7.67") L 10/07/2014 - 12:50:46:    path_goal ( "600.00 -2225.00 -127.97" )
L 10/07/2014 - 12:50:47: "Crowbar<5><BOT><Red>" stuck (position "481.84 -2706.60 -126.48") (duration "8.71") L 10/07/2014 - 12:50:47:    path_goal ( "425.00 -2750.00 -127.97" )
L 10/07/2014 - 12:50:47: "Nom Nom Nom<8><BOT><Blue>" stuck (position "-191.51 -2391.59 -127.73") (duration "7.88") L 10/07/2014 - 12:50:47:    path_goal ( "-100.00 -2500.00 -127.82" )
L 10/07/2014 - 12:50:47: "GENTLE MANNE of LEISURE<9><BOT><Red>" stuck (position "440.74 -1349.10 -127.97") (duration "8.61") L 10/07/2014 - 12:50:47:    path_goal ( "600.00 -1400.00 -127.97" )
L 10/07/2014 - 12:50:47: "CRITRAWKETS<2><BOT><Red>" stuck (position "91.58 -1959.27 -159.97") (duration "8.82") L 10/07/2014 - 12:50:47:    path_goal ( "75.00 -2125.00 -126.26" )
L 10/07/2014 - 12:50:47: "Cannon Fodder<7><BOT><Red>" stuck (position "626.16 -2209.04 -123.45") (duration "8.71") L 10/07/2014 - 12:50:47:    path_goal ( "600.00 -2225.00 -127.97" )
L 10/07/2014 - 12:50:48: "Nom Nom Nom<8><BOT><Blue>" stuck (position "-191.51 -2391.59 -127.73") (duration "8.93") L 10/07/2014 - 12:50:48:    path_goal ( "-100.00 -2500.00 -127.82" )
L 10/07/2014 - 12:50:48: "GENTLE MANNE of LEISURE<9><BOT><Red>" stuck (position "440.74 -1349.10 -127.97") (duration "9.66") L 10/07/2014 - 12:50:48:    path_goal ( "600.00 -1400.00 -127.97" )
L 10/07/2014 - 12:50:48: "CRITRAWKETS<2><BOT><Red>" stuck (position "91.58 -1959.27 -159.97") (duration "9.87") L 10/07/2014 - 12:50:48:    path_goal ( "75.00 -2125.00 -126.26" )
L 10/07/2014 - 12:50:48: "Cannon Fodder<7><BOT><Red>" stuck (position "626.16 -2209.04 -123.45") (duration "9.77") L 10/07/2014 - 12:50:48:    path_goal ( "625.00 -2209.04 -127.85" )
L 10/07/2014 - 12:50:49: Loading map "cp_granary"
L 10/07/2014 - 12:50:49: server cvars start
L 10/07/2014 - 12:50:49: "tf_playergib" = "1"
L 10/07/2014 - 12:50:49: "tf_allow_player_use" = "0"
L 10/07/2014 - 12:50:49: "tf_mvm_death_penalty" = "0"
L 10/07/2014 - 12:50:49: "sv_maxusrcmdprocessticks" = "24"
L 10/07/2014 - 12:50:49: "mp_teamplay" = "0"
L 10/07/2014 - 12:50:49: "mp_falldamage" = "0"
L 10/07/2014 - 12:50:49: "mp_weaponstay" = "0"
L 10/07/2014 - 12:50:49: "mp_forcerespawn" = "1"
L 10/07/2014 - 12:50:49: "mp_footsteps" = "1"
L 10/07/2014 - 12:50:49: "mp_flashlight" = "0"
L 10/07/2014 - 12:50:49: "mp_autocrosshair" = "1"
L 10/07/2014 - 12:50:49: "decalfrequency" = "10"
L 10/07/2014 - 12:50:49: "mp_teamlist" = "hgrunt;scientist"
L 10/07/2014 - 12:50:49: "mp_allowNPCs" = "1"
L 10/07/2014 - 12:50:49: "sv_alltalk" = "0"
L 10/07/2014 - 12:50:49: "tf_weapon_criticals" = "1"
L 10/07/2014 - 12:50:49: "tf_damage_disablespread" = "0"
L 10/07/2014 - 12:50:49: "tf_player_name_change_time" = "60"
L 10/07/2014 - 12:50:49: "tf_force_holidays_off" = "0"
L 10/07/2014 - 12:50:49: "tf_birthday" = "0"
L 10/07/2014 - 12:50:49: "mp_tournament_stopwatch" = "1"
L 10/07/2014 - 12:50:49: "mp_windifference" = "0"
L 10/07/2014 - 12:50:49: "mp_windifference_min" = "0"
L 10/07/2014 - 12:50:49: "tf_medieval" = "0"
L 10/07/2014 - 12:50:49: "tf_medieval_autorp" = "1"
L 10/07/2014 - 12:50:49: "tf_arena_force_class" = "0"
L 10/07/2014 - 12:50:49: "tf_arena_change_limit" = "1"
L 10/07/2014 - 12:50:49: "tf_arena_override_cap_enable_time" = "-1"
L 10/07/2014 - 12:50:49: "tf_arena_first_blood" = "1"
L 10/07/2014 - 12:50:49: "tf_mvm_min_players_to_start" = "3"
L 10/07/2014 - 12:50:49: "tf_gamemode_arena" = "0"
L 10/07/2014 - 12:50:49: "tf_gamemode_cp" = "1"
L 10/07/2014 - 12:50:49: "tf_gamemode_ctf" = "0"
L 10/07/2014 - 12:50:49: "tf_gamemode_sd" = "0"
L 10/07/2014 - 12:50:49: "tf_gamemode_rd" = "0"
L 10/07/2014 - 12:50:49: "tf_beta_content" = "0"
L 10/07/2014 - 12:50:49: "tf_gamemode_payload" = "0"
L 10/07/2014 - 12:50:49: "tf_gamemode_mvm" = "0"
L 10/07/2014 - 12:50:49: "tf_bot_count" = "8"
L 10/07/2014 - 12:50:49: "tf_teamtalk" = "1"
L 10/07/2014 - 12:50:49: "tf_ctf_bonus_time" = "10"
L 10/07/2014 - 12:50:49: "tf_maxspeed" = "400"
L 10/07/2014 - 12:50:49: "tf_max_charge_speed" = "750"
L 10/07/2014 - 12:50:49: "tf_use_fixed_weaponspreads" = "0"
L 10/07/2014 - 12:50:49: "tf_overtime_nag" = "0"
L 10/07/2014 - 12:50:49: "mp_respawnwavetime" = "10.0"
L 10/07/2014 - 12:50:49: "mp_tournament" = "0"
L 10/07/2014 - 12:50:49: "mp_highlander" = "0"
L 10/07/2014 - 12:50:49: "tf_arena_preround_time" = "10"
L 10/07/2014 - 12:50:49: "tf_arena_round_time" = "0"
L 10/07/2014 - 12:50:49: "tf_arena_max_streak" = "3"
L 10/07/2014 - 12:50:49: "tf_arena_use_queue" = "1"
L 10/07/2014 - 12:50:49: "mp_maxrounds" = "0"
L 10/07/2014 - 12:50:49: "mp_winlimit" = "0"
L 10/07/2014 - 12:50:49: "mp_disable_respawn_times" = "0"
L 10/07/2014 - 12:50:49: "mp_stalemate_meleeonly" = "0"
L 10/07/2014 - 12:50:49: "mp_forceautoteam" = "0"
L 10/07/2014 - 12:50:49: "mp_autoteambalance" = "1"
L 10/07/2014 - 12:50:49: "mp_stalemate_enable" = "0"
L 10/07/2014 - 12:50:49: "mp_match_end_at_timelimit" = "0"
L 10/07/2014 - 12:50:49: "mp_holiday_nogifts" = "0"
L 10/07/2014 - 12:50:49: "mp_scrambleteams_auto" = "1"
L 10/07/2014 - 12:50:49: "mp_scrambleteams_auto_windifference" = "2"
L 10/07/2014 - 12:50:49: "mp_timelimit" = "15"
L 10/07/2014 - 12:50:49: "mp_fraglimit" = "0"
L 10/07/2014 - 12:50:49: "nextlevel" = ""
L 10/07/2014 - 12:50:49: "sv_gravity" = "800"
L 10/07/2014 - 12:50:49: "sv_stopspeed" = "100"
L 10/07/2014 - 12:50:49: "sv_noclipaccelerate" = "5"
L 10/07/2014 - 12:50:49: "sv_noclipspeed" = "5"
L 10/07/2014 - 12:50:49: "sv_specaccelerate" = "5"
L 10/07/2014 - 12:50:49: "sv_specspeed" = "3"
L 10/07/2014 - 12:50:49: "sv_specnoclip" = "1"
L 10/07/2014 - 12:50:49: "sv_maxspeed" = "320"
L 10/07/2014 - 12:50:49: "sv_accelerate" = "10"
L 10/07/2014 - 12:50:49: "sv_airaccelerate" = "10"
L 10/07/2014 - 12:50:49: "sv_wateraccelerate" = "10"
L 10/07/2014 - 12:50:49: "sv_waterfriction" = "1"
L 10/07/2014 - 12:50:49: "sv_footsteps" = "1"
L 10/07/2014 - 12:50:49: "sv_rollspeed" = "200"
L 10/07/2014 - 12:50:49: "sv_rollangle" = "0"
L 10/07/2014 - 12:50:49: "sv_friction" = "4"
L 10/07/2014 - 12:50:49: "sv_bounce" = "0"
L 10/07/2014 - 12:50:49: "sv_stepsize" = "18"
L 10/07/2014 - 12:50:49: "r_VehicleViewDampen" = "1"
L 10/07/2014 - 12:50:49: "r_JeepViewDampenFreq" = "7.0"
L 10/07/2014 - 12:50:49: "r_JeepViewDampenDamp" = "1.0"
L 10/07/2014 - 12:50:49: "r_JeepViewZHeight" = "10.0"
L 10/07/2014 - 12:50:49: "r_AirboatViewDampenFreq" = "7.0"
L 10/07/2014 - 12:50:49: "r_AirboatViewDampenDamp" = "1.0"
L 10/07/2014 - 12:50:49: "r_AirboatViewZHeight" = "0.0"
L 10/07/2014 - 12:50:49: "mp_friendlyfire" = "0"
L 10/07/2014 - 12:50:49: "mp_fadetoblack" = "0"
L 10/07/2014 - 12:50:49: "tf_mm_servermode" = "0"
L 10/07/2014 - 12:50:49: "tf_mm_strict" = "0"
L 10/07/2014 - 12:50:49: "tf_mm_trusted" = "0"
L 10/07/2014 - 12:50:49: "tf_server_identity_disable_quickplay" = "0"
L 10/07/2014 - 12:50:49: "sv_registration_successful" = "0"
L 10/07/2014 - 12:50:49: "sv_registration_message" = "No account specified"
L 10/07/2014 - 12:50:49: "sv_steamgroup" = ""
L 10/07/2014 - 12:50:49: "sv_cheats" = "1"
L 10/07/2014 - 12:50:49: "sv_pausable" = "0"
L 10/07/2014 - 12:50:49: "sv_contact" = "admin@yourdomain.com"
L 10/07/2014 - 12:50:49: "sv_voiceenable" = "1"
L 10/07/2014 - 12:50:49: "tv_enable" = "0"
L 10/07/2014 - 12:50:49: "deathmatch" = "1"
L 10/07/2014 - 12:50:49: "coop" = "0"
L 10/07/2014 - 12:50:49: "tv_password" = ""
L 10/07/2014 - 12:50:49: "tv_relaypassword" = ""
L 10/07/2014 - 12:50:49: "sv_password" = ""
L 10/07/2014 - 12:50:49: "sv_tags" = "bots,cp"
L 10/07/2014 - 12:50:49: server cvars end
L 10/07/2014 - 12:50:50: Started map "cp_granary" (CRC "a19b90d57079ab0afcf35a385b396120")
L 10/07/2014 - 12:50:50: Executing dedicated server config file server.cfg
L 10/07/2014 - 12:50:57: server_cvar: "tf_gamemode_cp" "0"
L 10/07/2014 - 12:50:57: server_cvar: "sv_tags" "bots"
L 10/07/2014 - 12:50:57: server_cvar: "sv_tags" "bots"
L 10/07/2014 - 12:50:57: server_cvar: "tf_bot_count" "0"
L 10/07/2014 - 12:50:57: server_cvar: "sv_tags" ""
L 10/07/2014 - 12:50:57: server_cvar: "tf_gamemode_cp" "1"
L 10/07/2014 - 12:50:57: server_cvar: "sv_tags" "cp"
L 10/07/2014 - 12:50:57: server_cvar: "sv_tags" "cp"
L 10/07/2014 - 12:50:57: Initializing Steam libraries for LAN server
L 10/07/2014 - 12:50:57: No account token specified; logging into anonymous game server account.  (Use sv_setsteamaccount to login to a persistent account.)
