L 10/07/2014 - 11:45:08: Log file started (file "logs/L1007000.log") (game "/home/tf2/hlserver/tf2/tf") (version "2426090")
L 10/07/2014 - 11:45:08: server_cvar: "sv_cheats" "1"
L 10/07/2014 - 11:45:08: "Pow!<2><BOT><>" connected, address "none"
L 10/07/2014 - 11:45:08: "<2><BOT><>" entered the game
L 10/07/2014 - 11:45:08: "Pow!<2><BOT><Unassigned>" joined team "Red"
L 10/07/2014 - 11:45:08: "Pow!<2><BOT><Red>" changed role to "scout"
L 10/07/2014 - 11:45:08: "Pow!<2><BOT><Red>" changed name to "Zepheniah Mann"
L 10/07/2014 - 11:45:08: Sending CMsgGameServerMatchmakingStatus (state=ServerMatchmakingState_NOT_PARTICIPATING)
L 10/07/2014 - 11:45:09: "THEM<3><BOT><>" connected, address "none"
L 10/07/2014 - 11:45:09: "<3><BOT><>" entered the game
L 10/07/2014 - 11:45:09: "THEM<3><BOT><Unassigned>" joined team "Blue"
L 10/07/2014 - 11:45:09: "THEM<3><BOT><Blue>" changed role to "scout"
L 10/07/2014 - 11:45:09: "THEM<3><BOT><Blue>" changed name to "LOS LOS LOS"
L 10/07/2014 - 11:45:09: "10001011101<4><BOT><>" connected, address "none"
L 10/07/2014 - 11:45:09: "<4><BOT><>" entered the game
L 10/07/2014 - 11:45:09: "10001011101<4><BOT><Unassigned>" joined team "Blue"
L 10/07/2014 - 11:45:09: "10001011101<4><BOT><Blue>" changed role to "scout"
L 10/07/2014 - 11:45:09: "10001011101<4><BOT><Blue>" changed name to "DeadHead"
L 10/07/2014 - 11:45:09: Connection to Steam servers successful.
L 10/07/2014 - 11:45:09:    Public IP is 68.110.44.24.
L 10/07/2014 - 11:45:09: Assigned anonymous gameserver Steam ID [A:1:4007808001:4714].
L 10/07/2014 - 11:45:09: VAC secure mode is activated.
L 10/07/2014 - 11:45:09: "ZAWMBEEZ<5><BOT><>" connected, address "none"
L 10/07/2014 - 11:45:09: "<5><BOT><>" entered the game
L 10/07/2014 - 11:45:09: "ZAWMBEEZ<5><BOT><Unassigned>" joined team "Red"
L 10/07/2014 - 11:45:09: "ZAWMBEEZ<5><BOT><Red>" changed role to "engineer"
L 10/07/2014 - 11:45:09: "ZAWMBEEZ<5><BOT><Red>" changed name to "MindlessElectrons"
L 10/07/2014 - 11:45:09: tf_server_identity_account_id not set; not logging into registered account
L 10/07/2014 - 11:45:09: "TAAAAANK!<6><BOT><>" connected, address "none"
L 10/07/2014 - 11:45:09: "<6><BOT><>" entered the game
L 10/07/2014 - 11:45:09: "TAAAAANK!<6><BOT><Unassigned>" joined team "Blue"
L 10/07/2014 - 11:45:09: "TAAAAANK!<6><BOT><Blue>" changed role to "demoman"
L 10/07/2014 - 11:45:09: "TAAAAANK!<6><BOT><Blue>" changed name to "The Freeman"
L 10/07/2014 - 11:45:10: "Black Mesa<7><BOT><>" connected, address "none"
L 10/07/2014 - 11:45:10: "<7><BOT><>" entered the game
L 10/07/2014 - 11:45:10: "Black Mesa<7><BOT><Unassigned>" joined team "Red"
L 10/07/2014 - 11:45:10: "Black Mesa<7><BOT><Red>" changed role to "pyro"
L 10/07/2014 - 11:45:10: "Black Mesa<7><BOT><Red>" changed name to "Soulless"
L 10/07/2014 - 11:45:10: "CEDA<8><BOT><>" connected, address "none"
L 10/07/2014 - 11:45:10: "<8><BOT><>" entered the game
L 10/07/2014 - 11:45:10: "CEDA<8><BOT><Unassigned>" joined team "Blue"
L 10/07/2014 - 11:45:10: "CEDA<8><BOT><Blue>" changed role to "medic"
L 10/07/2014 - 11:45:10: "CEDA<8><BOT><Blue>" changed name to "BeepBeepBoop"
L 10/07/2014 - 11:45:10: "NotMe<9><BOT><>" connected, address "none"
L 10/07/2014 - 11:45:10: "<9><BOT><>" entered the game
L 10/07/2014 - 11:45:10: "NotMe<9><BOT><Unassigned>" joined team "Red"
L 10/07/2014 - 11:45:10: "NotMe<9><BOT><Red>" changed role to "medic"
L 10/07/2014 - 11:45:10: "NotMe<9><BOT><Red>" changed name to "CreditToTeam"
L 10/07/2014 - 11:45:13: server_cvar: "tf_bot_count" "8"
L 10/07/2014 - 11:45:13: server_cvar: "sv_tags" "bots,cp"
L 10/07/2014 - 11:45:23: "DeadHead<4><BOT><Blue>" stuck (position "-1627.21 1633.47 -255.89") (duration "2.52") L 10/07/2014 - 11:45:23:    path_goal ( "-216.00 2792.00 -247.97" )
L 10/07/2014 - 11:45:24: "LOS LOS LOS<3><BOT><Blue>" stuck (position "-1627.21 1633.47 -255.88") (duration "2.52") L 10/07/2014 - 11:45:24:    path_goal ( "-216.00 2792.00 -247.97" )
L 10/07/2014 - 11:45:26: "DeadHead<4><BOT><Blue>" stuck (position "-1628.05 1633.47 -255.89") (duration "2.52") L 10/07/2014 - 11:45:26:    path_goal ( "-216.00 2792.00 -247.97" )
L 10/07/2014 - 11:45:26: "LOS LOS LOS<3><BOT><Blue>" stuck (position "-1627.21 1633.47 -255.89") (duration "2.52") L 10/07/2014 - 11:45:26:    path_goal ( "-216.00 2792.00 -247.97" )
L 10/07/2014 - 11:45:29: "The Freeman<6><BOT><Blue>" stuck (position "-1633.17 1633.47 -255.89") (duration "3.58") L 10/07/2014 - 11:45:29:    path_goal ( "-216.00 2792.00 -247.97" )
L 10/07/2014 - 11:45:30: "DeadHead<4><BOT><Blue>" stuck (position "-1628.51 1633.47 -255.89") (duration "2.53") L 10/07/2014 - 11:45:30:    path_goal ( "-216.00 2792.00 -247.97" )
L 10/07/2014 - 11:45:30: "LOS LOS LOS<3><BOT><Blue>" stuck (position "-1627.21 1633.47 -255.92") (duration "2.52") L 10/07/2014 - 11:45:30:    path_goal ( "-216.00 2792.00 -247.97" )
L 10/07/2014 - 11:45:32: "MindlessElectrons<5><BOT><Red>" triggered "player_builtobject" (object "OBJ_SENTRYGUN") (position "-535 2848 -247")
L 10/07/2014 - 11:45:33: "DeadHead<4><BOT><Blue>" stuck (position "-1627.21 1633.47 -255.89") (duration "2.53") L 10/07/2014 - 11:45:33:    path_goal ( "-216.00 2792.00 -247.97" )
L 10/07/2014 - 11:45:33: "The Freeman<6><BOT><Blue>" stuck (position "-1627.22 1633.47 -255.89") (duration "3.59") L 10/07/2014 - 11:45:33:    path_goal ( "-216.00 2792.00 -247.97" )
L 10/07/2014 - 11:45:33: "LOS LOS LOS<3><BOT><Blue>" stuck (position "-1627.22 1633.47 -255.89") (duration "2.52") L 10/07/2014 - 11:45:33:    path_goal ( "-216.00 2792.00 -247.97" )
L 10/07/2014 - 11:45:35: "DeadHead<4><BOT><Blue>" stuck (position "-1645.33 1633.47 -255.89") (duration "2.52") L 10/07/2014 - 11:45:35:    path_goal ( "-216.00 2792.00 -247.97" )
L 10/07/2014 - 11:45:35: "LOS LOS LOS<3><BOT><Blue>" stuck (position "-1646.43 1633.47 -255.91") (duration "2.52") L 10/07/2014 - 11:45:35:    path_goal ( "-216.00 2792.00 -247.97" )
L 10/07/2014 - 11:45:36: "The Freeman<6><BOT><Blue>" stuck (position "-1644.29 1633.47 -255.89") (duration "3.57") L 10/07/2014 - 11:45:36:    path_goal ( "-216.00 2792.00 -247.97" )
L 10/07/2014 - 11:45:38: "DeadHead<4><BOT><Blue>" stuck (position "-1634.82 1633.47 -255.91") (duration "2.52") L 10/07/2014 - 11:45:38:    path_goal ( "-216.00 2792.00 -247.97" )
L 10/07/2014 - 11:45:38: "LOS LOS LOS<3><BOT><Blue>" stuck (position "-1637.72 1633.47 -255.89") (duration "2.52") L 10/07/2014 - 11:45:38:    path_goal ( "-216.00 2792.00 -247.97" )
L 10/07/2014 - 11:45:40: "The Freeman<6><BOT><Blue>" stuck (position "-1647.22 1633.47 -255.89") (duration "3.57") L 10/07/2014 - 11:45:40:    path_goal ( "-216.00 2792.00 -247.97" )
L 10/07/2014 - 11:45:40: World triggered "Round_Start"
L 10/07/2014 - 11:45:40: World triggered "Round_Setup_Begin"
L 10/07/2014 - 11:45:40: World triggered "Mini_Round_Selected" (round "round_1")
L 10/07/2014 - 11:45:40: World triggered "Mini_Round_Start"
L 10/07/2014 - 11:45:47: "MindlessElectrons<5><BOT><Red>" triggered "player_builtobject" (object "OBJ_TELEPORTER") (position "2503 975 -188")
L 10/07/2014 - 11:46:08: "MindlessElectrons<5><BOT><Red>" triggered "player_builtobject" (object "OBJ_SENTRYGUN") (position "10 1943 -308")
L 10/07/2014 - 11:46:41: World triggered "Round_Setup_End"
L 10/07/2014 - 11:47:04: "LOS LOS LOS<3><BOT><Blue>" stuck (position "-1930.06 1368.03 -271.24") (duration "2.85") L 10/07/2014 - 11:47:04:    path_goal ( "-1887.50 -2125.00 -159.97" )
L 10/07/2014 - 11:47:05: "BeepBeepBoop<8><BOT><Blue>" triggered "chargedeployed"
L 10/07/2014 - 11:47:11: "CreditToTeam<9><BOT><Red>" triggered "chargedeployed"
L 10/07/2014 - 11:47:45: "Soulless<7><BOT><Red>" killed "DeadHead<4><BOT><Blue>" with "flamethrower" (attacker_position "-1648 2320 -446") (victim_position "-2506 2713 -463")
L 10/07/2014 - 11:47:45: "CreditToTeam<9><BOT><Red>" triggered "kill assist" against "DeadHead<4><BOT><Blue>" (assister_position "-1698 2234 -429") (attacker_position "-1648 2320 -446") (victim_position "-2506 2713 -463")
L 10/07/2014 - 11:47:45: "DeadHead<4><BOT><Blue>" changed role to "demoman"
L 10/07/2014 - 11:47:46: "Zepheniah Mann<2><BOT><Red>" stuck (position "-1.45 2077.24 -310.77") (duration "2.55") L 10/07/2014 - 11:47:46:    path_goal ( "-12.50 2112.50 -316.34" )
L 10/07/2014 - 11:47:48: "Zepheniah Mann<2><BOT><Red>" killed "LOS LOS LOS<3><BOT><Blue>" with "pistol_scout" (attacker_position "-17 2235 -282") (victim_position "-1619 2079 -235")
L 10/07/2014 - 11:47:48: "Soulless<7><BOT><Red>" triggered "kill assist" against "LOS LOS LOS<3><BOT><Blue>" (assister_position "-707 2323 -406") (attacker_position "-17 2235 -282") (victim_position "-1619 2079 -235")
L 10/07/2014 - 11:48:01: "Soulless<7><BOT><Red>" triggered "medic_death" against "BeepBeepBoop<8><BOT><Blue>" (healing "526") (ubercharge "0")
L 10/07/2014 - 11:48:01: "Soulless<7><BOT><Red>" killed "BeepBeepBoop<8><BOT><Blue>" with "flamethrower" (attacker_position "-1701 2257 -431") (victim_position "-1753 2246 -429")
L 10/07/2014 - 11:48:04: "The Freeman<6><BOT><Blue>" killed "Soulless<7><BOT><Red>" with "tf_projectile_pipe" (attacker_position "-2116 2389 -447") (victim_position "-1853 2276 -437")
L 10/07/2014 - 11:48:04: "Soulless<7><BOT><Red>" changed role to "demoman"
L 10/07/2014 - 11:48:11: "MindlessElectrons<5><BOT><Red>" triggered "player_builtobject" (object "OBJ_DISPENSER") (position "12 1927 -307")
L 10/07/2014 - 11:48:15: "DeadHead<4><BOT><Blue>" triggered "killedobject" (object "OBJ_DISPENSER") (weapon "tf_projectile_pipe") (objectowner "MindlessElectrons<5><BOT><Red>") (attacker_position "-1054 2519 -415")
L 10/07/2014 - 11:48:21: "LOS LOS LOS<3><BOT><Blue>" triggered "killedobject" (object "OBJ_SENTRYGUN") (weapon "pistol_scout") (objectowner "MindlessElectrons<5><BOT><Red>") (attacker_position "-1625 2092 -235")
L 10/07/2014 - 11:48:22: "The Freeman<6><BOT><Blue>" killed "MindlessElectrons<5><BOT><Red>" with "tf_projectile_pipe" (attacker_position "-1125 2504 -415") (victim_position "-27 2008 -319")
L 10/07/2014 - 11:48:30: "DeadHead<4><BOT><Blue>" triggered "medic_death" against "CreditToTeam<9><BOT><Red>" (healing "738") (ubercharge "0")
L 10/07/2014 - 11:48:30: "DeadHead<4><BOT><Blue>" killed "CreditToTeam<9><BOT><Red>" with "tf_projectile_pipe" (attacker_position "22 2211 -274") (victim_position "24 2852 -247")
L 10/07/2014 - 11:48:30: "The Freeman<6><BOT><Blue>" triggered "kill assist" against "CreditToTeam<9><BOT><Red>" (assister_position "629 2176 -256") (attacker_position "22 2211 -274") (victim_position "24 2852 -247")
L 10/07/2014 - 11:48:31: "The Freeman<6><BOT><Blue>" killed "Zepheniah Mann<2><BOT><Red>" with "tf_projectile_pipe" (attacker_position "654 2141 -255") (victim_position "40 2870 -253")
L 10/07/2014 - 11:48:31: "DeadHead<4><BOT><Blue>" triggered "kill assist" against "Zepheniah Mann<2><BOT><Red>" (assister_position "24 2252 -274") (attacker_position "654 2141 -255") (victim_position "40 2870 -253")
L 10/07/2014 - 11:48:31: "Zepheniah Mann<2><BOT><Red>" changed role to "soldier"
L 10/07/2014 - 11:48:37: Team "Blue" triggered "pointcaptured" (cp "0") (cpname "#Dustbowl_cap_1_A") (numcappers "3") (player1 "LOS LOS LOS<3><BOT><Blue>") (position1 "-283 2835 -240") (player2 "DeadHead<4><BOT><Blue>") (position2 "-203 2830 -240") (player3 "The Freeman<6><BOT><Blue>") (position3 "-141 2715 -240") 
L 10/07/2014 - 11:48:40: "LOS LOS LOS<3><BOT><Blue>" killed "Soulless<7><BOT><Red>" with "world" (attacker_position "66 2532 -255") (victim_position "122 2583 -255")
L 10/07/2014 - 11:48:40: "Soulless<7><BOT><Red>" changed role to "soldier"
L 10/07/2014 - 11:48:48: "MindlessElectrons<5><BOT><Red>" triggered "player_builtobject" (object "OBJ_SENTRYGUN") (position "1856 2367 -206")
L 10/07/2014 - 11:48:50: "DeadHead<4><BOT><Blue>" stuck (position "-1202.67 2711.21 -255.26") (duration "3.78") L 10/07/2014 - 11:48:50:    path_goal ( "-1262.50 2687.50 -190.49" )
L 10/07/2014 - 11:49:01: "CreditToTeam<9><BOT><Red>" stuck (position "1455.81 680.54 -113.96") (duration "3.18") L 10/07/2014 - 11:49:01:    path_goal ( "1363.00 653.17 -115.69" )
L 10/07/2014 - 11:49:01: "CreditToTeam<9><BOT><Red>" stuck (position "1449.66 682.67 -87.53") (duration "3.29") L 10/07/2014 - 11:49:01:    path_goal ( "1359.09 665.08 -115.69" )
L 10/07/2014 - 11:49:02: "Zepheniah Mann<2><BOT><Red>" stuck (position "1432.47 687.31 -106.77") (duration "4.24") L 10/07/2014 - 11:49:02:    path_goal ( "-550.00 -725.00 0.03" )
L 10/07/2014 - 11:49:03: "The Freeman<6><BOT><Blue>" stuck (position "-2283.41 1372.15 -293.38") (duration "3.71") L 10/07/2014 - 11:49:03:    path_goal ( "NULL" )
L 10/07/2014 - 11:49:03: "MindlessElectrons<5><BOT><Red>" killed "LOS LOS LOS<3><BOT><Blue>" with "obj_sentrygun" (attacker_position "1787 2394 -205") (victim_position "1041 2528 -253")
L 10/07/2014 - 11:49:23: "Soulless<7><BOT><Red>" triggered "medic_death" against "BeepBeepBoop<8><BOT><Blue>" (healing "452") (ubercharge "0")
L 10/07/2014 - 11:49:23: "Soulless<7><BOT><Red>" killed "BeepBeepBoop<8><BOT><Blue>" with "tf_projectile_rocket" (attacker_position "206 2470 -255") (victim_position "222 2123 -256")
L 10/07/2014 - 11:49:35: "LOS LOS LOS<3><BOT><Blue>" killed "Soulless<7><BOT><Red>" with "scattergun" (attacker_position "108 2650 -63") (victim_position "166 2381 -265")
L 10/07/2014 - 11:49:35: "DeadHead<4><BOT><Blue>" triggered "kill assist" against "Soulless<7><BOT><Red>" (assister_position "623 1946 -255") (attacker_position "108 2650 -63") (victim_position "166 2381 -265")
L 10/07/2014 - 11:49:35: "Soulless<7><BOT><Red>" changed role to "engineer"
L 10/07/2014 - 11:49:38: "Zepheniah Mann<2><BOT><Red>" killed "The Freeman<6><BOT><Blue>" with "shotgun_soldier" (attacker_position "-125 2531 -255") (victim_position "191 2344 -87")
L 10/07/2014 - 11:49:38: "CreditToTeam<9><BOT><Red>" triggered "kill assist" against "The Freeman<6><BOT><Blue>" (assister_position "-25 2336 -282") (attacker_position "-125 2531 -255") (victim_position "191 2344 -87")
L 10/07/2014 - 11:49:38: "The Freeman<6><BOT><Blue>" changed role to "pyro"
L 10/07/2014 - 11:49:53: "MindlessElectrons<5><BOT><Red>" killed "LOS LOS LOS<3><BOT><Blue>" with "obj_sentrygun3" (attacker_position "290 2512 -255") (victim_position "1372 2468 -149")
L 10/07/2014 - 11:49:55: "MindlessElectrons<5><BOT><Red>" killed "DeadHead<4><BOT><Blue>" with "obj_sentrygun3" (attacker_position "-97 2621 -247") (victim_position "940 2323 -255")
L 10/07/2014 - 11:50:02: "Soulless<7><BOT><Red>" triggered "player_builtobject" (object "OBJ_SENTRYGUN") (position "1605 2048 -195")
L 10/07/2014 - 11:50:07: "MindlessElectrons<5><BOT><Red>" triggered "player_builtobject" (object "OBJ_DISPENSER") (position "1866 2364 -206")
L 10/07/2014 - 11:50:11: "CreditToTeam<9><BOT><Red>" triggered "player_extinguished" against "Zepheniah Mann<2><BOT><Red>" with "tf_weapon_medigun" (attacker_position "-1307 2490 -437") (victim_position "-1416 2474 -447")
L 10/07/2014 - 11:50:12: "Zepheniah Mann<2><BOT><Red>" killed "The Freeman<6><BOT><Blue>" with "tf_projectile_rocket" (attacker_position "-1300 2500 -436") (victim_position "-1568 2416 -447")
L 10/07/2014 - 11:50:12: "CreditToTeam<9><BOT><Red>" triggered "kill assist" against "The Freeman<6><BOT><Blue>" (assister_position "-1383 2445 -447") (attacker_position "-1300 2500 -436") (victim_position "-1568 2416 -447")
L 10/07/2014 - 11:50:37: "MindlessElectrons<5><BOT><Red>" triggered "player_builtobject" (object "OBJ_TELEPORTER") (position "1857 2415 -206")
L 10/07/2014 - 11:50:38: "MindlessElectrons<5><BOT><Red>" killed "LOS LOS LOS<3><BOT><Blue>" with "obj_sentrygun3" (attacker_position "1836 2365 -206") (victim_position "969 2309 -254")
L 10/07/2014 - 11:50:45: "Soulless<7><BOT><Red>" triggered "medic_death" against "BeepBeepBoop<8><BOT><Blue>" (healing "235") (ubercharge "0")
L 10/07/2014 - 11:50:45: "Soulless<7><BOT><Red>" killed "BeepBeepBoop<8><BOT><Blue>" with "obj_sentrygun2" (attacker_position "683 1893 -254") (victim_position "1260 2786 -61")
L 10/07/2014 - 11:51:07: "MindlessElectrons<5><BOT><Red>" triggered "captureblocked" (cp "1") (cpname "#Dustbowl_cap_1_B") (position "1840 2439 -206")
L 10/07/2014 - 11:51:07: "MindlessElectrons<5><BOT><Red>" killed "The Freeman<6><BOT><Blue>" with "obj_sentrygun3" (attacker_position "1840 2439 -206") (victim_position "2399 2368 -141")
L 10/07/2014 - 11:51:07: "Soulless<7><BOT><Red>" triggered "kill assist" against "The Freeman<6><BOT><Blue>" (assister_position "1389 2224 -242") (attacker_position "1840 2439 -206") (victim_position "2399 2368 -141")
L 10/07/2014 - 11:51:07: "The Freeman<6><BOT><Blue>" changed role to "demoman"
L 10/07/2014 - 11:51:12: "MindlessElectrons<5><BOT><Red>" killed "DeadHead<4><BOT><Blue>" with "obj_sentrygun3" (attacker_position "1860 2404 -206") (victim_position "1791 2674 -191")
L 10/07/2014 - 11:51:16: "Soulless<7><BOT><Red>" killed "LOS LOS LOS<3><BOT><Blue>" with "obj_sentrygun2" (attacker_position "1616 2096 -195") (victim_position "1368 2711 -63")
L 10/07/2014 - 11:51:16: "MindlessElectrons<5><BOT><Red>" triggered "kill assist" against "LOS LOS LOS<3><BOT><Blue>" (assister_position "1876 2378 -205") (attacker_position "1616 2096 -195") (victim_position "1368 2711 -63")
L 10/07/2014 - 11:51:16: "MindlessElectrons<5><BOT><Red>" triggered "domination" against "LOS LOS LOS<3><BOT><Blue>" (assist "1")
L 10/07/2014 - 11:51:28: "Soulless<7><BOT><Red>" triggered "player_builtobject" (object "OBJ_DISPENSER") (position "1604 2021 -193")
L 10/07/2014 - 11:52:04: "The Freeman<6><BOT><Blue>" triggered "killedobject" (object "OBJ_SENTRYGUN") (weapon "tf_projectile_pipe") (objectowner "MindlessElectrons<5><BOT><Red>") (attacker_position "1796 2770 -191")
L 10/07/2014 - 11:52:04: "BeepBeepBoop<8><BOT><Blue>" triggered "killedobject" (object "OBJ_SENTRYGUN") (objectowner "MindlessElectrons<5><BOT><Red>") (assist "1") (assister_position "2050 2608 -181") (attacker_position "1796 2770 -191")
L 10/07/2014 - 11:52:08: "MindlessElectrons<5><BOT><Red>" killed "DeadHead<4><BOT><Blue>" with "world" (attacker_position "1152 2679 -255") (victim_position "1208 2637 -255")
L 10/07/2014 - 11:52:09: "Soulless<7><BOT><Red>" killed "The Freeman<6><BOT><Blue>" with "obj_sentrygun3" (attacker_position "1659 2112 -195") (victim_position "1112 2525 -256")
L 10/07/2014 - 11:52:13: "Soulless<7><BOT><Red>" triggered "medic_death" against "BeepBeepBoop<8><BOT><Blue>" (healing "406") (ubercharge "0")
L 10/07/2014 - 11:52:13: "Soulless<7><BOT><Red>" killed "BeepBeepBoop<8><BOT><Blue>" with "obj_sentrygun3" (attacker_position "1666 2065 -195") (victim_position "1204 2457 -264")
L 10/07/2014 - 11:52:13: "Soulless<7><BOT><Red>" triggered "domination" against "BeepBeepBoop<8><BOT><Blue>"
L 10/07/2014 - 11:52:21: "Soulless<7><BOT><Red>" killed "LOS LOS LOS<3><BOT><Blue>" with "obj_sentrygun3" (attacker_position "1618 2071 -196") (victim_position "1927 2511 -196")
L 10/07/2014 - 11:52:27: "MindlessElectrons<5><BOT><Red>" triggered "player_builtobject" (object "OBJ_SENTRYGUN") (position "1825 1987 -193")
L 10/07/2014 - 11:52:36: "CreditToTeam<9><BOT><Red>" triggered "chargedeployed"
L 10/07/2014 - 11:52:45: "The Freeman<6><BOT><Blue>" triggered "medic_death" against "CreditToTeam<9><BOT><Red>" (healing "1068") (ubercharge "0")
L 10/07/2014 - 11:52:45: "The Freeman<6><BOT><Blue>" killed "CreditToTeam<9><BOT><Red>" with "tf_projectile_pipe" (attacker_position "-1330 2402 -438") (victim_position "-656 2179 -415")
L 10/07/2014 - 11:52:45: "DeadHead<4><BOT><Blue>" triggered "kill assist" against "CreditToTeam<9><BOT><Red>" (assister_position "-1442 2285 -410") (attacker_position "-1330 2402 -438") (victim_position "-656 2179 -415")
L 10/07/2014 - 11:53:06: "CreditToTeam<9><BOT><Red>" stuck (position "2447.19 1407.29 -225.97") (duration "3.15") L 10/07/2014 - 11:53:06:    path_goal ( "NULL" )
L 10/07/2014 - 11:53:06: "CreditToTeam<9><BOT><Red>" stuck (position "2426.32 1403.20 -200.66") (duration "3.25") L 10/07/2014 - 11:53:06:    path_goal ( "NULL" )
L 10/07/2014 - 11:53:07: "CreditToTeam<9><BOT><Red>" stuck (position "2423.83 1408.05 -225.97") (duration "4.30") L 10/07/2014 - 11:53:07:    path_goal ( "NULL" )
L 10/07/2014 - 11:53:08: "CreditToTeam<9><BOT><Red>" stuck (position "2437.16 1409.84 -225.97") (duration "5.35") L 10/07/2014 - 11:53:08:    path_goal ( "NULL" )
L 10/07/2014 - 11:53:09: "CreditToTeam<9><BOT><Red>" stuck (position "2439.11 1405.15 -225.97") (duration "6.40") L 10/07/2014 - 11:53:09:    path_goal ( "NULL" )
L 10/07/2014 - 11:53:10: "CreditToTeam<9><BOT><Red>" stuck (position "2436.99 1367.25 -225.97") (duration "7.45") L 10/07/2014 - 11:53:10:    path_goal ( "2431.46 1250.00 -223.97" )
L 10/07/2014 - 11:53:11: "Zepheniah Mann<2><BOT><Red>" killed "The Freeman<6><BOT><Blue>" with "tf_projectile_rocket" (attacker_position "953 2020 -255") (victim_position "932 1966 -255")
L 10/07/2014 - 11:53:11: "The Freeman<6><BOT><Blue>" killed "Zepheniah Mann<2><BOT><Red>" with "world" (attacker_position "932 1966 -255") (victim_position "953 2020 -255")
L 10/07/2014 - 11:53:11: "Zepheniah Mann<2><BOT><Red>" changed role to "demoman"
L 10/07/2014 - 11:53:21: "Soulless<7><BOT><Red>" killed "LOS LOS LOS<3><BOT><Blue>" with "obj_sentrygun3" (attacker_position "1618 2071 -196") (victim_position "1414 2683 -62")
L 10/07/2014 - 11:53:28: "CreditToTeam<9><BOT><Red>" stuck (position "2433.54 1430.25 -225.97") (duration "3.15") L 10/07/2014 - 11:53:28:    path_goal ( "NULL" )
L 10/07/2014 - 11:53:29: "CreditToTeam<9><BOT><Red>" stuck (position "2450.04 1428.54 -200.66") (duration "3.26") L 10/07/2014 - 11:53:29:    path_goal ( "NULL" )
L 10/07/2014 - 11:53:29: "Soulless<7><BOT><Red>" killed "DeadHead<4><BOT><Blue>" with "obj_sentrygun3" (attacker_position "1616 2080 -196") (victim_position "1259 2781 -61")
L 10/07/2014 - 11:53:29: "MindlessElectrons<5><BOT><Red>" triggered "kill assist" against "DeadHead<4><BOT><Blue>" (assister_position "1786 2180 -191") (attacker_position "1616 2080 -196") (victim_position "1259 2781 -61")
L 10/07/2014 - 11:53:29: "MindlessElectrons<5><BOT><Red>" triggered "domination" against "DeadHead<4><BOT><Blue>" (assist "1")
L 10/07/2014 - 11:53:29: "Soulless<7><BOT><Red>" triggered "medic_death" against "BeepBeepBoop<8><BOT><Blue>" (healing "390") (ubercharge "0")
L 10/07/2014 - 11:53:29: "Soulless<7><BOT><Red>" killed "BeepBeepBoop<8><BOT><Blue>" with "obj_sentrygun3" (attacker_position "1616 2080 -196") (victim_position "924 2463 -250")
L 10/07/2014 - 11:53:30: "CreditToTeam<9><BOT><Red>" stuck (position "2442.93 1395.73 -225.97") (duration "4.30") L 10/07/2014 - 11:53:30:    path_goal ( "NULL" )
L 10/07/2014 - 11:53:34: "CreditToTeam<9><BOT><Red>" stuck (position "2433.91 1410.94 -225.97") (duration "5.38") L 10/07/2014 - 11:53:34:    path_goal ( "NULL" )
L 10/07/2014 - 11:53:35: "CreditToTeam<9><BOT><Red>" stuck (position "2434.65 1412.46 -225.97") (duration "6.43") L 10/07/2014 - 11:53:35:    path_goal ( "NULL" )
L 10/07/2014 - 11:53:36: "CreditToTeam<9><BOT><Red>" stuck (position "2432.56 1409.36 -225.97") (duration "7.48") L 10/07/2014 - 11:53:36:    path_goal ( "NULL" )
L 10/07/2014 - 11:53:37: "CreditToTeam<9><BOT><Red>" stuck (position "2446.29 1354.75 -225.97") (duration "8.55") L 10/07/2014 - 11:53:37:    path_goal ( "2446.29 1250.00 -223.97" )
L 10/07/2014 - 11:54:00: "Soulless<7><BOT><Red>" killed "LOS LOS LOS<3><BOT><Blue>" with "obj_sentrygun3" (attacker_position "1616 2080 -196") (victim_position "1286 2300 -256")
L 10/07/2014 - 11:54:00: "MindlessElectrons<5><BOT><Red>" triggered "kill assist" against "LOS LOS LOS<3><BOT><Blue>" (assister_position "1869 2266 -201") (attacker_position "1616 2080 -196") (victim_position "1286 2300 -256")
L 10/07/2014 - 11:54:00: "Soulless<7><BOT><Red>" triggered "domination" against "LOS LOS LOS<3><BOT><Blue>"
L 10/07/2014 - 11:54:07: "Zepheniah Mann<2><BOT><Red>" triggered "captureblocked" (cp "1") (cpname "#Dustbowl_cap_1_B") (position "2375 2511 -143")
L 10/07/2014 - 11:54:07: "Zepheniah Mann<2><BOT><Red>" killed "The Freeman<6><BOT><Blue>" with "tf_projectile_pipe_remote" (attacker_position "2375 2511 -143") (victim_position "2255 2474 -138")
L 10/07/2014 - 11:54:07: "MindlessElectrons<5><BOT><Red>" triggered "kill assist" against "The Freeman<6><BOT><Blue>" (assister_position "1849 2235 -197") (attacker_position "2375 2511 -143") (victim_position "2255 2474 -138")
L 10/07/2014 - 11:54:15: "DeadHead<4><BOT><Blue>" killed "MindlessElectrons<5><BOT><Red>" with "tf_projectile_pipe" (attacker_position "1922 2721 -191") (victim_position "1807 2286 -201")
L 10/07/2014 - 11:54:15: "DeadHead<4><BOT><Blue>" triggered "revenge" against "MindlessElectrons<5><BOT><Red>"
L 10/07/2014 - 11:54:18: "Soulless<7><BOT><Red>" triggered "captureblocked" (cp "1") (cpname "#Dustbowl_cap_1_B") (position "1617 2079 -196")
L 10/07/2014 - 11:54:18: "Soulless<7><BOT><Red>" killed "DeadHead<4><BOT><Blue>" with "obj_sentrygun3" (attacker_position "1617 2079 -196") (victim_position "2346 2405 -136")
L 10/07/2014 - 11:54:18: "MindlessElectrons<5><BOT><Red>" triggered "kill assist" against "DeadHead<4><BOT><Blue>" (assister_position "1807 2286 -133") (attacker_position "1617 2079 -196") (victim_position "2346 2405 -136")
L 10/07/2014 - 11:54:20: "DeadHead<4><BOT><Blue>" triggered "killedobject" (object "OBJ_SENTRYGUN") (weapon "tf_projectile_pipe") (objectowner "MindlessElectrons<5><BOT><Red>") (attacker_position "2346 2405 -48")
L 10/07/2014 - 11:54:21: "Soulless<7><BOT><Red>" triggered "medic_death" against "BeepBeepBoop<8><BOT><Blue>" (healing "89") (ubercharge "0")
L 10/07/2014 - 11:54:21: "Soulless<7><BOT><Red>" killed "BeepBeepBoop<8><BOT><Blue>" with "obj_sentrygun3" (attacker_position "1610 2065 -196") (victim_position "1847 2670 -191")
L 10/07/2014 - 11:54:39: "Zepheniah Mann<2><BOT><Red>" killed "LOS LOS LOS<3><BOT><Blue>" with "tf_projectile_pipe" (attacker_position "2125 2763 -159") (victim_position "1999 2733 -191")
L 10/07/2014 - 11:54:39: "CreditToTeam<9><BOT><Red>" triggered "kill assist" against "LOS LOS LOS<3><BOT><Blue>" (assister_position "2073 2772 -172") (attacker_position "2125 2763 -159") (victim_position "1999 2733 -191")
L 10/07/2014 - 11:54:42: "MindlessElectrons<5><BOT><Red>" triggered "player_builtobject" (object "OBJ_SENTRYGUN") (position "1785 2392 -205")
L 10/07/2014 - 11:54:52: "Zepheniah Mann<2><BOT><Red>" triggered "captureblocked" (cp "1") (cpname "#Dustbowl_cap_1_B") (position "2026 2696 -191")
L 10/07/2014 - 11:54:52: "Zepheniah Mann<2><BOT><Red>" killed "The Freeman<6><BOT><Blue>" with "tf_projectile_pipe" (attacker_position "2026 2696 -191") (victim_position "2202 2563 -143")
L 10/07/2014 - 11:54:52: "CreditToTeam<9><BOT><Red>" triggered "kill assist" against "The Freeman<6><BOT><Blue>" (assister_position "2103 2608 -160") (attacker_position "2026 2696 -191") (victim_position "2202 2563 -143")
L 10/07/2014 - 11:55:03: "Soulless<7><BOT><Red>" killed "DeadHead<4><BOT><Blue>" with "obj_sentrygun3" (attacker_position "1628 2090 -196") (victim_position "1916 2723 -191")
L 10/07/2014 - 11:55:03: "Zepheniah Mann<2><BOT><Red>" triggered "kill assist" against "DeadHead<4><BOT><Blue>" (assister_position "1643 2327 -204") (attacker_position "1628 2090 -196") (victim_position "1916 2723 -191")
L 10/07/2014 - 11:55:04: "DeadHead<4><BOT><Blue>" triggered "killedobject" (object "OBJ_TELEPORTER") (weapon "tf_projectile_pipe") (objectowner "MindlessElectrons<5><BOT><Red>") (attacker_position "1916 2723 -103")
L 10/07/2014 - 11:55:04: "DeadHead<4><BOT><Blue>" triggered "killedobject" (object "OBJ_DISPENSER") (weapon "tf_projectile_pipe") (objectowner "MindlessElectrons<5><BOT><Red>") (attacker_position "1916 2723 -103")
L 10/07/2014 - 11:55:21: "MindlessElectrons<5><BOT><Red>" killed "LOS LOS LOS<3><BOT><Blue>" with "obj_sentrygun3" (attacker_position "1672 2298 -202") (victim_position "2338 2346 -136")
L 10/07/2014 - 11:55:21: "Soulless<7><BOT><Red>" triggered "kill assist" against "LOS LOS LOS<3><BOT><Blue>" (assister_position "1628 2090 -196") (attacker_position "1672 2298 -202") (victim_position "2338 2346 -136")
L 10/07/2014 - 11:55:22: "MindlessElectrons<5><BOT><Red>" triggered "player_builtobject" (object "OBJ_TELEPORTER") (position "1800 2343 -203")
L 10/07/2014 - 11:55:23: "Soulless<7><BOT><Red>" triggered "medic_death" against "BeepBeepBoop<8><BOT><Blue>" (healing "59") (ubercharge "0")
L 10/07/2014 - 11:55:23: "Soulless<7><BOT><Red>" killed "BeepBeepBoop<8><BOT><Blue>" with "obj_sentrygun3" (attacker_position "1628 2090 -196") (victim_position "1547 2530 -67")
L 10/07/2014 - 11:55:27: "MindlessElectrons<5><BOT><Red>" triggered "player_builtobject" (object "OBJ_DISPENSER") (position "1792 2371 -204")
L 10/07/2014 - 11:55:39: "Zepheniah Mann<2><BOT><Red>" triggered "captureblocked" (cp "1") (cpname "#Dustbowl_cap_1_B") (position "2388 2409 -138")
L 10/07/2014 - 11:55:39: "Zepheniah Mann<2><BOT><Red>" killed "The Freeman<6><BOT><Blue>" with "tf_projectile_pipe" (attacker_position "2388 2409 -138") (victim_position "2340 2438 -136")
L 10/07/2014 - 11:55:39: "CreditToTeam<9><BOT><Red>" triggered "kill assist" against "The Freeman<6><BOT><Blue>" (assister_position "2372 2528 -143") (attacker_position "2388 2409 -138") (victim_position "2340 2438 -136")
L 10/07/2014 - 11:55:46: World triggered "Mini_Round_Win" (winner "Red") (round "round_1")
L 10/07/2014 - 11:55:46: World triggered "Mini_Round_Length" (seconds "600.03")
L 10/07/2014 - 11:55:46: World triggered "Round_Win" (winner "Red")
L 10/07/2014 - 11:55:46: Team "Red" current score "0" with "4" players
L 10/07/2014 - 11:55:46: Team "Blue" current score "1" with "4" players
L 10/07/2014 - 11:55:50: "Zepheniah Mann<2><BOT><Red>" killed "DeadHead<4><BOT><Blue>" with "tf_projectile_pipe" (attacker_position "1736 2730 -152") (victim_position "1545 2664 -63")
L 10/07/2014 - 11:55:50: "CreditToTeam<9><BOT><Red>" triggered "kill assist" against "DeadHead<4><BOT><Blue>" (assister_position "1686 2731 -64") (attacker_position "1736 2730 -152") (victim_position "1545 2664 -63")
L 10/07/2014 - 11:55:56: "Buttercup<10><[U:1:197287110]><>" connected, address "192.168.1.107:27005"
L 10/07/2014 - 11:55:57: "Buttercup<10><[U:1:197287110]><>" STEAM USERID validated
L 10/07/2014 - 11:55:59: "Buttercup<10><[U:1:197287110]><>" disconnected (reason "Disconnect by user.")
L 10/07/2014 - 11:56:00: "MindlessElectrons<5><BOT><Red>" killed "LOS LOS LOS<3><BOT><Blue>" with "obj_sentrygun3" (attacker_position "1280 2297 -256") (victim_position "1751 2732 -162")
L 10/07/2014 - 11:56:01: World triggered "Game_Over" reason "Reached Time Limit"
L 10/07/2014 - 11:56:01: Team "Red" final score "0" with "4" players
L 10/07/2014 - 11:56:01: Team "Blue" final score "1" with "4" players
L 10/07/2014 - 11:56:04: "MindlessElectrons<5><BOT><Red>" stuck (position "1533.22 2000.82 -200.68") (duration "3.36") L 10/07/2014 - 11:56:04:    path_goal ( "1533.22 2100.00 -212.17" )
L 10/07/2014 - 11:56:04: "MindlessElectrons<5><BOT><Red>" stuck (position "1533.22 2000.82 -200.68") (duration "3.47") L 10/07/2014 - 11:56:04:    path_goal ( "1533.22 2100.00 -212.17" )
L 10/07/2014 - 11:56:04: "BeepBeepBoop<8><BOT><Blue>" stuck (position "1418.03 3040.56 -55.97") (duration "3.36") L 10/07/2014 - 11:56:04:    path_goal ( "1425.00 2800.00 -61.85" )
L 10/07/2014 - 11:56:04: "CreditToTeam<9><BOT><Red>" stuck (position "-525.87 1796.03 -255.83") (duration "3.15") L 10/07/2014 - 11:56:04:    path_goal ( "-425.00 1850.00 -260.01" )
L 10/07/2014 - 11:56:04: "Soulless<7><BOT><Red>" stuck (position "1579.66 2181.24 -192.26") (duration "3.36") L 10/07/2014 - 11:56:04:    path_goal ( "1619.77 2071.08 -195.95" )
L 10/07/2014 - 11:56:04: "BeepBeepBoop<8><BOT><Blue>" stuck (position "1418.03 3040.56 -55.97") (duration "3.47") L 10/07/2014 - 11:56:04:    path_goal ( "1425.00 2800.00 -61.85" )
L 10/07/2014 - 11:56:05: "CreditToTeam<9><BOT><Red>" stuck (position "-525.87 1796.03 -255.83") (duration "3.26") L 10/07/2014 - 11:56:05:    path_goal ( "-425.00 1850.00 -260.01" )
L 10/07/2014 - 11:56:05: "Soulless<7><BOT><Red>" stuck (position "1579.66 2181.24 -192.26") (duration "3.47") L 10/07/2014 - 11:56:05:    path_goal ( "1619.77 2071.08 -195.95" )
L 10/07/2014 - 11:56:05: "Zepheniah Mann<2><BOT><Red>" stuck (position "2123.70 1215.94 -187.93") (duration "3.57") L 10/07/2014 - 11:56:05:    path_goal ( "2125.00 1650.00 -199.87" )
L 10/07/2014 - 11:56:05: "MindlessElectrons<5><BOT><Red>" stuck (position "1533.22 2000.82 -200.68") (duration "4.52") L 10/07/2014 - 11:56:05:    path_goal ( "1533.22 2100.00 -212.17" )
L 10/07/2014 - 11:56:06: "BeepBeepBoop<8><BOT><Blue>" stuck (position "1418.03 3040.56 -55.97") (duration "4.52") L 10/07/2014 - 11:56:06:    path_goal ( "1425.00 2800.00 -61.85" )
L 10/07/2014 - 11:56:06: "CreditToTeam<9><BOT><Red>" stuck (position "-525.87 1796.03 -255.83") (duration "4.30") L 10/07/2014 - 11:56:06:    path_goal ( "-425.00 1850.00 -260.01" )
L 10/07/2014 - 11:56:06: "Soulless<7><BOT><Red>" stuck (position "1579.66 2181.24 -192.26") (duration "4.52") L 10/07/2014 - 11:56:06:    path_goal ( "1619.77 2071.08 -195.95" )
L 10/07/2014 - 11:56:06: "MindlessElectrons<5><BOT><Red>" stuck (position "1533.22 2000.82 -200.68") (duration "5.57") L 10/07/2014 - 11:56:06:    path_goal ( "1533.22 2100.00 -212.17" )
L 10/07/2014 - 11:56:07: "BeepBeepBoop<8><BOT><Blue>" stuck (position "1418.03 3040.56 -55.97") (duration "5.57") L 10/07/2014 - 11:56:07:    path_goal ( "1225.00 3225.00 -63.97" )
L 10/07/2014 - 11:56:07: "CreditToTeam<9><BOT><Red>" stuck (position "-525.87 1796.03 -255.83") (duration "5.35") L 10/07/2014 - 11:56:07:    path_goal ( "-425.00 1850.00 -260.01" )
L 10/07/2014 - 11:56:07: "Soulless<7><BOT><Red>" stuck (position "1579.66 2181.24 -192.26") (duration "5.57") L 10/07/2014 - 11:56:07:    path_goal ( "1619.77 2071.08 -195.95" )
L 10/07/2014 - 11:56:07: "MindlessElectrons<5><BOT><Red>" stuck (position "1533.22 2000.82 -200.68") (duration "6.61") L 10/07/2014 - 11:56:07:    path_goal ( "1533.22 2100.00 -212.17" )
L 10/07/2014 - 11:56:08: "BeepBeepBoop<8><BOT><Blue>" stuck (position "1418.03 3040.56 -55.97") (duration "6.61") L 10/07/2014 - 11:56:08:    path_goal ( "1225.00 3225.00 -63.97" )
L 10/07/2014 - 11:56:08: "CreditToTeam<9><BOT><Red>" stuck (position "-525.87 1796.03 -255.83") (duration "6.41") L 10/07/2014 - 11:56:08:    path_goal ( "-425.00 1850.00 -260.01" )
L 10/07/2014 - 11:56:08: "Soulless<7><BOT><Red>" stuck (position "1579.66 2181.24 -192.26") (duration "6.61") L 10/07/2014 - 11:56:08:    path_goal ( "1619.77 2071.08 -195.95" )
L 10/07/2014 - 11:56:09: "MindlessElectrons<5><BOT><Red>" stuck (position "1533.22 2000.82 -200.68") (duration "7.66") L 10/07/2014 - 11:56:09:    path_goal ( "1533.22 2100.00 -212.17" )
L 10/07/2014 - 11:56:09: "BeepBeepBoop<8><BOT><Blue>" stuck (position "1418.03 3040.56 -55.97") (duration "7.66") L 10/07/2014 - 11:56:09:    path_goal ( "1225.00 3225.00 -63.97" )
L 10/07/2014 - 11:56:09: "CreditToTeam<9><BOT><Red>" stuck (position "-525.87 1796.03 -255.83") (duration "7.46") L 10/07/2014 - 11:56:09:    path_goal ( "-425.00 1850.00 -260.01" )
L 10/07/2014 - 11:56:09: "Soulless<7><BOT><Red>" stuck (position "1579.66 2181.24 -192.26") (duration "7.66") L 10/07/2014 - 11:56:09:    path_goal ( "1619.77 2071.08 -195.95" )
L 10/07/2014 - 11:56:09: "Zepheniah Mann<2><BOT><Red>" stuck (position "2123.70 1215.94 -187.93") (duration "3.57") L 10/07/2014 - 11:56:09:    path_goal ( "1900.00 1625.00 -206.96" )
L 10/07/2014 - 11:56:10: "MindlessElectrons<5><BOT><Red>" stuck (position "1533.22 2000.82 -200.68") (duration "8.72") L 10/07/2014 - 11:56:10:    path_goal ( "1533.22 2100.00 -212.17" )
L 10/07/2014 - 11:56:10: "BeepBeepBoop<8><BOT><Blue>" stuck (position "1418.03 3040.56 -55.97") (duration "8.72") L 10/07/2014 - 11:56:10:    path_goal ( "1225.00 3225.00 -63.97" )
L 10/07/2014 - 11:56:10: "CreditToTeam<9><BOT><Red>" stuck (position "-525.87 1796.03 -255.83") (duration "8.51") L 10/07/2014 - 11:56:10:    path_goal ( "-425.00 1850.00 -260.01" )
L 10/07/2014 - 11:56:10: "Soulless<7><BOT><Red>" stuck (position "1579.66 2181.24 -192.26") (duration "8.72") L 10/07/2014 - 11:56:10:    path_goal ( "1619.77 2071.08 -195.95" )
L 10/07/2014 - 11:56:11: "MindlessElectrons<5><BOT><Red>" stuck (position "1533.22 2000.82 -200.68") (duration "9.77") L 10/07/2014 - 11:56:11:    path_goal ( "1533.22 2100.00 -212.17" )
L 10/07/2014 - 11:56:11: "BeepBeepBoop<8><BOT><Blue>" stuck (position "1418.03 3040.56 -55.97") (duration "9.77") L 10/07/2014 - 11:56:11:    path_goal ( "1225.00 3225.00 -63.97" )
L 10/07/2014 - 11:56:11: "CreditToTeam<9><BOT><Red>" stuck (position "-525.87 1796.03 -255.83") (duration "9.55") L 10/07/2014 - 11:56:11:    path_goal ( "-425.00 1850.00 -260.01" )
L 10/07/2014 - 11:56:11: "Soulless<7><BOT><Red>" stuck (position "1579.66 2181.24 -192.26") (duration "9.77") L 10/07/2014 - 11:56:11:    path_goal ( "1619.77 2071.08 -195.95" )
L 10/07/2014 - 11:56:11: Loading map "cp_granary"
L 10/07/2014 - 11:56:11: server cvars start
L 10/07/2014 - 11:56:11: "tf_playergib" = "1"
L 10/07/2014 - 11:56:11: "tf_allow_player_use" = "0"
L 10/07/2014 - 11:56:11: "tf_mvm_death_penalty" = "0"
L 10/07/2014 - 11:56:11: "sv_maxusrcmdprocessticks" = "24"
L 10/07/2014 - 11:56:11: "mp_teamplay" = "0"
L 10/07/2014 - 11:56:11: "mp_falldamage" = "0"
L 10/07/2014 - 11:56:11: "mp_weaponstay" = "0"
L 10/07/2014 - 11:56:11: "mp_forcerespawn" = "1"
L 10/07/2014 - 11:56:11: "mp_footsteps" = "1"
L 10/07/2014 - 11:56:11: "mp_flashlight" = "0"
L 10/07/2014 - 11:56:11: "mp_autocrosshair" = "1"
L 10/07/2014 - 11:56:11: "decalfrequency" = "10"
L 10/07/2014 - 11:56:11: "mp_teamlist" = "hgrunt;scientist"
L 10/07/2014 - 11:56:11: "mp_allowNPCs" = "1"
L 10/07/2014 - 11:56:11: "sv_alltalk" = "0"
L 10/07/2014 - 11:56:11: "tf_weapon_criticals" = "1"
L 10/07/2014 - 11:56:11: "tf_damage_disablespread" = "0"
L 10/07/2014 - 11:56:11: "tf_player_name_change_time" = "60"
L 10/07/2014 - 11:56:11: "tf_force_holidays_off" = "0"
L 10/07/2014 - 11:56:11: "tf_birthday" = "0"
L 10/07/2014 - 11:56:11: "mp_tournament_stopwatch" = "1"
L 10/07/2014 - 11:56:11: "mp_windifference" = "0"
L 10/07/2014 - 11:56:11: "mp_windifference_min" = "0"
L 10/07/2014 - 11:56:11: "tf_medieval" = "0"
L 10/07/2014 - 11:56:11: "tf_medieval_autorp" = "1"
L 10/07/2014 - 11:56:11: "tf_arena_force_class" = "0"
L 10/07/2014 - 11:56:11: "tf_arena_change_limit" = "1"
L 10/07/2014 - 11:56:11: "tf_arena_override_cap_enable_time" = "-1"
L 10/07/2014 - 11:56:11: "tf_arena_first_blood" = "1"
L 10/07/2014 - 11:56:11: "tf_mvm_min_players_to_start" = "3"
L 10/07/2014 - 11:56:11: "tf_gamemode_arena" = "0"
L 10/07/2014 - 11:56:11: "tf_gamemode_cp" = "1"
L 10/07/2014 - 11:56:11: "tf_gamemode_ctf" = "0"
L 10/07/2014 - 11:56:11: "tf_gamemode_sd" = "0"
L 10/07/2014 - 11:56:11: "tf_gamemode_rd" = "0"
L 10/07/2014 - 11:56:11: "tf_beta_content" = "0"
L 10/07/2014 - 11:56:11: "tf_gamemode_payload" = "0"
L 10/07/2014 - 11:56:11: "tf_gamemode_mvm" = "0"
L 10/07/2014 - 11:56:11: "tf_bot_count" = "8"
L 10/07/2014 - 11:56:11: "tf_teamtalk" = "1"
L 10/07/2014 - 11:56:11: "tf_ctf_bonus_time" = "10"
L 10/07/2014 - 11:56:11: "tf_maxspeed" = "400"
L 10/07/2014 - 11:56:11: "tf_max_charge_speed" = "750"
L 10/07/2014 - 11:56:11: "tf_use_fixed_weaponspreads" = "0"
L 10/07/2014 - 11:56:11: "tf_overtime_nag" = "0"
L 10/07/2014 - 11:56:11: "mp_respawnwavetime" = "10.0"
L 10/07/2014 - 11:56:11: "mp_tournament" = "0"
L 10/07/2014 - 11:56:11: "mp_highlander" = "0"
L 10/07/2014 - 11:56:11: "tf_arena_preround_time" = "10"
L 10/07/2014 - 11:56:11: "tf_arena_round_time" = "0"
L 10/07/2014 - 11:56:11: "tf_arena_max_streak" = "3"
L 10/07/2014 - 11:56:11: "tf_arena_use_queue" = "1"
L 10/07/2014 - 11:56:11: "mp_maxrounds" = "0"
L 10/07/2014 - 11:56:11: "mp_winlimit" = "0"
L 10/07/2014 - 11:56:11: "mp_disable_respawn_times" = "0"
L 10/07/2014 - 11:56:11: "mp_stalemate_meleeonly" = "0"
L 10/07/2014 - 11:56:11: "mp_forceautoteam" = "0"
L 10/07/2014 - 11:56:11: "mp_autoteambalance" = "1"
L 10/07/2014 - 11:56:11: "mp_stalemate_enable" = "0"
L 10/07/2014 - 11:56:11: "mp_match_end_at_timelimit" = "0"
L 10/07/2014 - 11:56:11: "mp_holiday_nogifts" = "0"
L 10/07/2014 - 11:56:11: "mp_scrambleteams_auto" = "1"
L 10/07/2014 - 11:56:11: "mp_scrambleteams_auto_windifference" = "2"
L 10/07/2014 - 11:56:11: "mp_timelimit" = "15"
L 10/07/2014 - 11:56:11: "mp_fraglimit" = "0"
L 10/07/2014 - 11:56:11: "nextlevel" = ""
L 10/07/2014 - 11:56:11: "sv_gravity" = "800"
L 10/07/2014 - 11:56:11: "sv_stopspeed" = "100"
L 10/07/2014 - 11:56:11: "sv_noclipaccelerate" = "5"
L 10/07/2014 - 11:56:11: "sv_noclipspeed" = "5"
L 10/07/2014 - 11:56:11: "sv_specaccelerate" = "5"
L 10/07/2014 - 11:56:11: "sv_specspeed" = "3"
L 10/07/2014 - 11:56:11: "sv_specnoclip" = "1"
L 10/07/2014 - 11:56:11: "sv_maxspeed" = "320"
L 10/07/2014 - 11:56:11: "sv_accelerate" = "10"
L 10/07/2014 - 11:56:11: "sv_airaccelerate" = "10"
L 10/07/2014 - 11:56:11: "sv_wateraccelerate" = "10"
L 10/07/2014 - 11:56:11: "sv_waterfriction" = "1"
L 10/07/2014 - 11:56:11: "sv_footsteps" = "1"
L 10/07/2014 - 11:56:11: "sv_rollspeed" = "200"
L 10/07/2014 - 11:56:11: "sv_rollangle" = "0"
L 10/07/2014 - 11:56:11: "sv_friction" = "4"
L 10/07/2014 - 11:56:11: "sv_bounce" = "0"
L 10/07/2014 - 11:56:11: "sv_stepsize" = "18"
L 10/07/2014 - 11:56:11: "r_VehicleViewDampen" = "1"
L 10/07/2014 - 11:56:11: "r_JeepViewDampenFreq" = "7.0"
L 10/07/2014 - 11:56:11: "r_JeepViewDampenDamp" = "1.0"
L 10/07/2014 - 11:56:11: "r_JeepViewZHeight" = "10.0"
L 10/07/2014 - 11:56:11: "r_AirboatViewDampenFreq" = "7.0"
L 10/07/2014 - 11:56:11: "r_AirboatViewDampenDamp" = "1.0"
L 10/07/2014 - 11:56:11: "r_AirboatViewZHeight" = "0.0"
L 10/07/2014 - 11:56:11: "mp_friendlyfire" = "0"
L 10/07/2014 - 11:56:11: "mp_fadetoblack" = "0"
L 10/07/2014 - 11:56:11: "tf_mm_servermode" = "0"
L 10/07/2014 - 11:56:11: "tf_mm_strict" = "0"
L 10/07/2014 - 11:56:11: "tf_mm_trusted" = "0"
L 10/07/2014 - 11:56:11: "tf_server_identity_disable_quickplay" = "0"
L 10/07/2014 - 11:56:11: "sv_registration_successful" = "0"
L 10/07/2014 - 11:56:11: "sv_registration_message" = "No account specified"
L 10/07/2014 - 11:56:11: "sv_steamgroup" = ""
L 10/07/2014 - 11:56:11: "sv_cheats" = "1"
L 10/07/2014 - 11:56:11: "sv_pausable" = "0"
L 10/07/2014 - 11:56:11: "sv_contact" = "admin@yourdomain.com"
L 10/07/2014 - 11:56:11: "sv_voiceenable" = "1"
L 10/07/2014 - 11:56:11: "tv_enable" = "0"
L 10/07/2014 - 11:56:11: "deathmatch" = "1"
L 10/07/2014 - 11:56:11: "coop" = "0"
L 10/07/2014 - 11:56:11: "tv_password" = ""
L 10/07/2014 - 11:56:11: "tv_relaypassword" = ""
L 10/07/2014 - 11:56:11: "sv_password" = ""
L 10/07/2014 - 11:56:11: "sv_tags" = "bots,cp"
L 10/07/2014 - 11:56:11: server cvars end
L 10/07/2014 - 11:56:12: Started map "cp_granary" (CRC "a19b90d57079ab0afcf35a385b396120")
L 10/07/2014 - 11:56:12: Executing dedicated server config file server.cfg
L 10/07/2014 - 11:56:19: server_cvar: "tf_gamemode_cp" "0"
L 10/07/2014 - 11:56:19: server_cvar: "sv_tags" "bots"
L 10/07/2014 - 11:56:19: server_cvar: "sv_tags" "bots"
L 10/07/2014 - 11:56:19: server_cvar: "tf_bot_count" "0"
L 10/07/2014 - 11:56:19: server_cvar: "sv_tags" ""
L 10/07/2014 - 11:56:19: server_cvar: "tf_gamemode_cp" "1"
L 10/07/2014 - 11:56:19: server_cvar: "sv_tags" "cp"
L 10/07/2014 - 11:56:19: server_cvar: "sv_tags" "cp"
L 10/07/2014 - 11:56:19: Initializing Steam libraries for LAN server
L 10/07/2014 - 11:56:19: No account token specified; logging into anonymous game server account.  (Use sv_setsteamaccount to login to a persistent account.)
