L 10/08/2014 - 13:08:12: Log file started (file "logs/L1008015.log") (game "/home/tf2/hlserver/tf2/tf") (version "2426090")
L 10/08/2014 - 13:08:12: server_cvar: "sv_cheats" "1"
L 10/08/2014 - 13:08:12: "GLaDOS<2><BOT><>" connected, address "none"
L 10/08/2014 - 13:08:12: "<2><BOT><>" entered the game
L 10/08/2014 - 13:08:12: "GLaDOS<2><BOT><Unassigned>" joined team "Red"
L 10/08/2014 - 13:08:12: "GLaDOS<2><BOT><Red>" changed role to "scout"
L 10/08/2014 - 13:08:12: "GLaDOS<2><BOT><Red>" changed name to "Hostage"
L 10/08/2014 - 13:08:12: Sending CMsgGameServerMatchmakingStatus (state=ServerMatchmakingState_NOT_PARTICIPATING)
L 10/08/2014 - 13:08:12: "Headful of Eyeballs<3><BOT><>" connected, address "none"
L 10/08/2014 - 13:08:12: "<3><BOT><>" entered the game
L 10/08/2014 - 13:08:12: "Headful of Eyeballs<3><BOT><Unassigned>" joined team "Blue"
L 10/08/2014 - 13:08:12: "Headful of Eyeballs<3><BOT><Blue>" changed role to "scout"
L 10/08/2014 - 13:08:12: "Headful of Eyeballs<3><BOT><Blue>" changed name to "CrySomeMore"
L 10/08/2014 - 13:08:12: Connection to Steam servers successful.
L 10/08/2014 - 13:08:12:    Public IP is 68.110.44.24.
L 10/08/2014 - 13:08:12: Assigned anonymous gameserver Steam ID [A:1:3550446601:4717].
L 10/08/2014 - 13:08:12: "Aperture Science Prototype XR7<4><BOT><>" connected, address "none"
L 10/08/2014 - 13:08:12: "<4><BOT><>" entered the game
L 10/08/2014 - 13:08:12: "Aperture Science Prototype XR7<4><BOT><Unassigned>" joined team "Blue"
L 10/08/2014 - 13:08:12: "Aperture Science Prototype XR7<4><BOT><Blue>" changed role to "demoman"
L 10/08/2014 - 13:08:12: "Aperture Science Prototype XR7<4><BOT><Blue>" changed name to "Humans Are Weak"
L 10/08/2014 - 13:08:12: VAC secure mode is activated.
L 10/08/2014 - 13:08:12: "AimBot<5><BOT><>" connected, address "none"
L 10/08/2014 - 13:08:12: "<5><BOT><>" entered the game
L 10/08/2014 - 13:08:12: "AimBot<5><BOT><Unassigned>" joined team "Red"
L 10/08/2014 - 13:08:12: "AimBot<5><BOT><Red>" changed role to "engineer"
L 10/08/2014 - 13:08:12: "AimBot<5><BOT><Red>" changed name to "C++"
L 10/08/2014 - 13:08:12: tf_server_identity_account_id not set; not logging into registered account
L 10/08/2014 - 13:08:13: "GutsAndGlory!<6><BOT><>" connected, address "none"
L 10/08/2014 - 13:08:13: "<6><BOT><>" entered the game
L 10/08/2014 - 13:08:13: "GutsAndGlory!<6><BOT><Unassigned>" joined team "Blue"
L 10/08/2014 - 13:08:13: "GutsAndGlory!<6><BOT><Blue>" changed role to "soldier"
L 10/08/2014 - 13:08:13: "GutsAndGlory!<6><BOT><Blue>" changed name to "Nobody"
L 10/08/2014 - 13:08:13: "Saxton Hale<7><BOT><>" connected, address "none"
L 10/08/2014 - 13:08:13: "<7><BOT><>" entered the game
L 10/08/2014 - 13:08:13: "Saxton Hale<7><BOT><Unassigned>" joined team "Red"
L 10/08/2014 - 13:08:13: "Saxton Hale<7><BOT><Red>" changed role to "pyro"
L 10/08/2014 - 13:08:13: "Saxton Hale<7><BOT><Red>" changed name to "RageQuit"
L 10/08/2014 - 13:08:13: "Screamin' Eagles<8><BOT><>" connected, address "none"
L 10/08/2014 - 13:08:13: "<8><BOT><>" entered the game
L 10/08/2014 - 13:08:13: "Screamin' Eagles<8><BOT><Unassigned>" joined team "Blue"
L 10/08/2014 - 13:08:13: "Screamin' Eagles<8><BOT><Blue>" changed role to "medic"
L 10/08/2014 - 13:08:13: "Screamin' Eagles<8><BOT><Blue>" changed name to "Ze Ubermensch"
L 10/08/2014 - 13:08:13: "Maggot<9><BOT><>" connected, address "none"
L 10/08/2014 - 13:08:13: "<9><BOT><>" entered the game
L 10/08/2014 - 13:08:13: "Maggot<9><BOT><Unassigned>" joined team "Red"
L 10/08/2014 - 13:08:13: "Maggot<9><BOT><Red>" changed role to "medic"
L 10/08/2014 - 13:08:13: "Maggot<9><BOT><Red>" changed name to "CRITRAWKETS"
L 10/08/2014 - 13:08:17: server_cvar: "tf_bot_count" "8"
L 10/08/2014 - 13:08:17: server_cvar: "sv_tags" "bots,cp"
L 10/08/2014 - 13:08:19: "C++<5><BOT><Red>" triggered "player_builtobject" (object "OBJ_TELEPORTER") (position "2498 975 -188")
L 10/08/2014 - 13:08:27: "CrySomeMore<3><BOT><Blue>" stuck (position "-1627.21 1633.47 -255.89") (duration "2.52") L 10/08/2014 - 13:08:27:    path_goal ( "-216.00 2792.00 -247.97" )
L 10/08/2014 - 13:08:29: "CrySomeMore<3><BOT><Blue>" stuck (position "-1627.21 1633.47 -255.90") (duration "2.52") L 10/08/2014 - 13:08:29:    path_goal ( "-216.00 2792.00 -247.97" )
L 10/08/2014 - 13:08:32: "CrySomeMore<3><BOT><Blue>" stuck (position "-1627.21 1633.47 -255.89") (duration "2.52") L 10/08/2014 - 13:08:32:    path_goal ( "-216.00 2792.00 -247.97" )
L 10/08/2014 - 13:08:32: "Humans Are Weak<4><BOT><Blue>" stuck (position "-1627.20 1633.47 -255.89") (duration "3.57") L 10/08/2014 - 13:08:32:    path_goal ( "-216.00 2792.00 -247.97" )
L 10/08/2014 - 13:08:33: "Nobody<6><BOT><Blue>" stuck (position "-1656.07 1633.47 -255.89") (duration "4.20") L 10/08/2014 - 13:08:33:    path_goal ( "-216.00 2792.00 -247.97" )
L 10/08/2014 - 13:08:34: "CrySomeMore<3><BOT><Blue>" stuck (position "-1627.21 1633.47 -255.89") (duration "2.52") L 10/08/2014 - 13:08:34:    path_goal ( "-216.00 2792.00 -247.97" )
L 10/08/2014 - 13:08:35: "Humans Are Weak<4><BOT><Blue>" stuck (position "-1645.40 1633.47 -255.89") (duration "3.57") L 10/08/2014 - 13:08:35:    path_goal ( "-216.00 2792.00 -247.97" )
L 10/08/2014 - 13:08:37: "CrySomeMore<3><BOT><Blue>" stuck (position "-1627.20 1633.47 -255.89") (duration "2.52") L 10/08/2014 - 13:08:37:    path_goal ( "-216.00 2792.00 -247.97" )
L 10/08/2014 - 13:08:37: "C++<5><BOT><Red>" triggered "player_builtobject" (object "OBJ_SENTRYGUN") (position "-188 2224 -316")
L 10/08/2014 - 13:08:37: "Nobody<6><BOT><Blue>" stuck (position "-1637.80 1633.47 -255.91") (duration "4.20") L 10/08/2014 - 13:08:37:    path_goal ( "-216.00 2792.00 -247.97" )
L 10/08/2014 - 13:08:39: "Humans Are Weak<4><BOT><Blue>" stuck (position "-1656.90 1633.47 -255.91") (duration "3.57") L 10/08/2014 - 13:08:39:    path_goal ( "-216.00 2792.00 -247.97" )
L 10/08/2014 - 13:08:39: "CrySomeMore<3><BOT><Blue>" stuck (position "-1627.21 1633.47 -255.89") (duration "2.52") L 10/08/2014 - 13:08:39:    path_goal ( "-216.00 2792.00 -247.97" )
L 10/08/2014 - 13:08:41: "Nobody<6><BOT><Blue>" stuck (position "-1629.60 1633.47 -255.89") (duration "4.20") L 10/08/2014 - 13:08:41:    path_goal ( "-216.00 2792.00 -247.97" )
L 10/08/2014 - 13:08:42: "CrySomeMore<3><BOT><Blue>" stuck (position "-1627.42 1633.47 -255.89") (duration "2.52") L 10/08/2014 - 13:08:42:    path_goal ( "-216.00 2792.00 -247.97" )
L 10/08/2014 - 13:08:42: World triggered "Round_Start"
L 10/08/2014 - 13:08:42: World triggered "Round_Setup_Begin"
L 10/08/2014 - 13:08:42: World triggered "Mini_Round_Selected" (round "round_1")
L 10/08/2014 - 13:08:42: World triggered "Mini_Round_Start"
L 10/08/2014 - 13:08:43: "rb6freak<10><[U:1:4958073]><>" connected, address "192.168.1.127:27005"
L 10/08/2014 - 13:08:44: "rb6freak<10><[U:1:4958073]><>" STEAM USERID validated
L 10/08/2014 - 13:08:46: "Slysdexia<11><[U:1:12012915]><>" connected, address "192.168.1.126:27005"
L 10/08/2014 - 13:08:47: "Slysdexia<11><[U:1:12012915]><>" STEAM USERID validated
L 10/08/2014 - 13:08:47: "rb6freak<10><[U:1:4958073]><>" entered the game
L 10/08/2014 - 13:08:51: "Slysdexia<11><[U:1:12012915]><>" entered the game
L 10/08/2014 - 13:08:54: "rb6freak<10><[U:1:4958073]><Unassigned>" joined team "Blue"
L 10/08/2014 - 13:08:56: "rb6freak<10><[U:1:4958073]><Blue>" changed role to "soldier"
L 10/08/2014 - 13:08:58: "Splunk hax0r<12><[U:1:197368576]><>" connected, address "192.168.1.105:27005"
L 10/08/2014 - 13:08:58: "Splunk hax0r<12><[U:1:197368576]><>" STEAM USERID validated
L 10/08/2014 - 13:08:58: "Slysdexia<11><[U:1:12012915]><Unassigned>" joined team "Red"
L 10/08/2014 - 13:09:00: "Slysdexia<11><[U:1:12012915]><Red>" changed role to "heavyweapons"
L 10/08/2014 - 13:09:02: "Splunk hax0r<12><[U:1:197368576]><>" entered the game
L 10/08/2014 - 13:09:07: "C++<5><BOT><Red>" triggered "player_builtobject" (object "OBJ_SENTRYGUN") (position "-1198 2788 -254")
L 10/08/2014 - 13:09:20: "Splunk hax0r<12><[U:1:197368576]><Unassigned>" joined team "Blue"
L 10/08/2014 - 13:09:25: "Splunk hax0r<12><[U:1:197368576]><Blue>" changed role to "scout"
L 10/08/2014 - 13:09:42: World triggered "Round_Setup_End"
L 10/08/2014 - 13:09:44: "rb6freak<10><[U:1:4958073]><Blue>" triggered "killedobject" (object "OBJ_SENTRYGUN") (weapon "tf_projectile_rocket") (objectowner "C++<5><BOT><Red>") (attacker_position "-1976 2973 -255")
L 10/08/2014 - 13:09:44: "Ze Ubermensch<8><BOT><Blue>" triggered "killedobject" (object "OBJ_SENTRYGUN") (objectowner "C++<5><BOT><Red>") (assist "1") (assister_position "-2313 2992 -323") (attacker_position "-1976 2973 -255")
L 10/08/2014 - 13:09:45: "C++<5><BOT><Red>" triggered "player_builtobject" (object "OBJ_SENTRYGUN") (position "-499 2831 -247")
L 10/08/2014 - 13:09:46: "rb6freak<10><[U:1:4958073]><Blue>" triggered "killedobject" (object "OBJ_SENTRYGUN") (weapon "tf_projectile_rocket") (objectowner "C++<5><BOT><Red>") (attacker_position "-1631 2945 -255")
L 10/08/2014 - 13:09:46: "Ze Ubermensch<8><BOT><Blue>" triggered "killedobject" (object "OBJ_SENTRYGUN") (objectowner "C++<5><BOT><Red>") (assist "1") (assister_position "-1773 2920 -255") (attacker_position "-1631 2945 -255")
L 10/08/2014 - 13:09:51: "Ze Ubermensch<8><BOT><Blue>" triggered "chargedeployed"
L 10/08/2014 - 13:10:00: "Nobody<6><BOT><Blue>" killed "Hostage<2><BOT><Red>" with "tf_projectile_rocket" (attacker_position "-341 2293 -343") (victim_position "56 2234 -268")
L 10/08/2014 - 13:10:00: "Humans Are Weak<4><BOT><Blue>" triggered "kill assist" against "Hostage<2><BOT><Red>" (assister_position "-217 2284 -320") (attacker_position "-341 2293 -343") (victim_position "56 2234 -268")
L 10/08/2014 - 13:10:00: "Hostage<2><BOT><Red>" changed role to "sniper"
L 10/08/2014 - 13:10:02: "Slysdexia<11><[U:1:12012915]><Red>" triggered "medic_death" against "Ze Ubermensch<8><BOT><Blue>" (healing "622") (ubercharge "0")
L 10/08/2014 - 13:10:02: "Slysdexia<11><[U:1:12012915]><Red>" killed "Ze Ubermensch<8><BOT><Blue>" with "brass_beast" (attacker_position "-580 2804 -247") (victim_position "-1060 2857 -255")
L 10/08/2014 - 13:10:03: "Humans Are Weak<4><BOT><Blue>" killed "RageQuit<7><BOT><Red>" with "tf_projectile_pipe" (attacker_position "-221 2754 -191") (victim_position "-41 2787 -184")
L 10/08/2014 - 13:10:03: "Nobody<6><BOT><Blue>" triggered "kill assist" against "RageQuit<7><BOT><Red>" (assister_position "-168 2745 -240") (attacker_position "-221 2754 -191") (victim_position "-41 2787 -184")
L 10/08/2014 - 13:10:03: "RageQuit<7><BOT><Red>" changed role to "spy"
L 10/08/2014 - 13:10:03: "CRITRAWKETS<9><BOT><Red>" triggered "chargedeployed"
L 10/08/2014 - 13:10:05: Team "Blue" triggered "pointcaptured" (cp "0") (cpname "#Dustbowl_cap_1_A") (numcappers "3") (player1 "CrySomeMore<3><BOT><Blue>") (position1 "-233 2754 -240") (player2 "Humans Are Weak<4><BOT><Blue>") (position2 "-193 2720 -240") (player3 "Nobody<6><BOT><Blue>") (position3 "-163 2704 -240") 
L 10/08/2014 - 13:10:07: "Slysdexia<11><[U:1:12012915]><Red>" killed "rb6freak<10><[U:1:4958073]><Blue>" with "brass_beast" (attacker_position "-736 2748 -255") (victim_position "-1306 2944 -255")
L 10/08/2014 - 13:10:07: "CRITRAWKETS<9><BOT><Red>" triggered "kill assist" against "rb6freak<10><[U:1:4958073]><Blue>" (assister_position "-613 2764 -255") (attacker_position "-736 2748 -255") (victim_position "-1306 2944 -255")
L 10/08/2014 - 13:10:13: "Nobody<6><BOT><Blue>" triggered "medic_death" against "CRITRAWKETS<9><BOT><Red>" (healing "1027") (ubercharge "0")
L 10/08/2014 - 13:10:13: "Nobody<6><BOT><Blue>" killed "CRITRAWKETS<9><BOT><Red>" with "shotgun_soldier" (attacker_position "-621 2782 -255") (victim_position "-659 2506 -255")
L 10/08/2014 - 13:10:13: "CrySomeMore<3><BOT><Blue>" triggered "kill assist" against "CRITRAWKETS<9><BOT><Red>" (assister_position "-584 2736 -247") (attacker_position "-621 2782 -255") (victim_position "-659 2506 -255")
L 10/08/2014 - 13:10:13: "C++<5><BOT><Red>" triggered "player_builtobject" (object "OBJ_SENTRYGUN") (position "-136 1720 -256")
L 10/08/2014 - 13:10:17: "Humans Are Weak<4><BOT><Blue>" killed "Slysdexia<11><[U:1:12012915]><Red>" with "tf_projectile_pipe" (attacker_position "-634 2776 -255") (victim_position "-1005 2675 -255")
L 10/08/2014 - 13:10:17: "CrySomeMore<3><BOT><Blue>" triggered "kill assist" against "Slysdexia<11><[U:1:12012915]><Red>" (assister_position "-643 2655 -255") (attacker_position "-634 2776 -255") (victim_position "-1005 2675 -255")
L 10/08/2014 - 13:10:19: "C++<5><BOT><Red>" killed "CrySomeMore<3><BOT><Blue>" with "obj_sentrygun" (attacker_position "-161 1986 -387") (victim_position "-572 2338 -388")
L 10/08/2014 - 13:10:19: "Slysdexia<11><[U:1:12012915]><Red>" triggered "kill assist" against "CrySomeMore<3><BOT><Blue>" (assister_position "-1005 2675 -241") (attacker_position "-161 1986 -387") (victim_position "-572 2338 -388")
L 10/08/2014 - 13:10:19: "CrySomeMore<3><BOT><Blue>" changed role to "demoman"
L 10/08/2014 - 13:10:23: "C++<5><BOT><Red>" killed "Humans Are Weak<4><BOT><Blue>" with "obj_sentrygun" (attacker_position "80 2390 -268") (victim_position "-42 2733 -247")
L 10/08/2014 - 13:10:23: "Splunk hax0r<12><[U:1:197368576]><Blue>" triggered "killedobject" (object "OBJ_SENTRYGUN") (weapon "scattergun") (objectowner "C++<5><BOT><Red>") (attacker_position "-2202 3015 -255")
L 10/08/2014 - 13:10:25: "Slysdexia<11><[U:1:12012915]><Red>" changed role to "engineer"
L 10/08/2014 - 13:10:35: "C++<5><BOT><Red>" triggered "player_builtobject" (object "OBJ_SENTRYGUN") (position "1185 2318 -260")
L 10/08/2014 - 13:10:38: "CRITRAWKETS<9><BOT><Red>" stuck (position "2413.59 1406.39 -225.97") (duration "3.17") L 10/08/2014 - 13:10:38:    path_goal ( "NULL" )
L 10/08/2014 - 13:10:38: "CRITRAWKETS<9><BOT><Red>" stuck (position "2417.27 1416.04 -200.66") (duration "3.27") L 10/08/2014 - 13:10:38:    path_goal ( "NULL" )
L 10/08/2014 - 13:10:39: "CRITRAWKETS<9><BOT><Red>" stuck (position "2434.26 1405.37 -225.97") (duration "4.32") L 10/08/2014 - 13:10:39:    path_goal ( "NULL" )
L 10/08/2014 - 13:10:40: "CRITRAWKETS<9><BOT><Red>" stuck (position "2440.77 1413.87 -225.97") (duration "5.37") L 10/08/2014 - 13:10:40:    path_goal ( "NULL" )
L 10/08/2014 - 13:10:41: "CRITRAWKETS<9><BOT><Red>" stuck (position "2441.72 1416.99 -225.97") (duration "6.42") L 10/08/2014 - 13:10:41:    path_goal ( "NULL" )
L 10/08/2014 - 13:10:42: "CRITRAWKETS<9><BOT><Red>" stuck (position "2438.98 1403.88 -225.97") (duration "7.47") L 10/08/2014 - 13:10:42:    path_goal ( "NULL" )
L 10/08/2014 - 13:10:43: "CRITRAWKETS<9><BOT><Red>" stuck (position "2433.69 1415.00 -225.97") (duration "8.52") L 10/08/2014 - 13:10:43:    path_goal ( "NULL" )
L 10/08/2014 - 13:10:44: "CRITRAWKETS<9><BOT><Red>" stuck (position "2440.65 1418.33 -225.97") (duration "9.57") L 10/08/2014 - 13:10:44:    path_goal ( "NULL" )
L 10/08/2014 - 13:10:45: "Nobody<6><BOT><Blue>" killed "RageQuit<7><BOT><Red>" with "tf_projectile_rocket" (attacker_position "1056 1693 -63") (victim_position "1089 1644 -63")
L 10/08/2014 - 13:10:45: "RageQuit<7><BOT><Red>" killed "Nobody<6><BOT><Blue>" with "world" (attacker_position "1089 1644 -63") (victim_position "1056 1693 -63")
L 10/08/2014 - 13:10:45: "RageQuit<7><BOT><Red>" changed role to "pyro"
L 10/08/2014 - 13:10:45: "Nobody<6><BOT><Blue>" changed role to "demoman"
L 10/08/2014 - 13:10:45: "CRITRAWKETS<9><BOT><Red>" stuck (position "2436.43 1414.10 -225.97") (duration "10.62") L 10/08/2014 - 13:10:45:    path_goal ( "NULL" )
L 10/08/2014 - 13:10:46: "CRITRAWKETS<9><BOT><Red>" stuck (position "2436.95 1407.68 -225.97") (duration "11.67") L 10/08/2014 - 13:10:46:    path_goal ( "NULL" )
L 10/08/2014 - 13:10:47: "CRITRAWKETS<9><BOT><Red>" stuck (position "2444.11 1415.26 -225.97") (duration "12.72") L 10/08/2014 - 13:10:47:    path_goal ( "NULL" )
L 10/08/2014 - 13:10:48: "CRITRAWKETS<9><BOT><Red>" stuck (position "2439.07 1415.30 -225.97") (duration "13.77") L 10/08/2014 - 13:10:48:    path_goal ( "NULL" )
L 10/08/2014 - 13:10:49: "CRITRAWKETS<9><BOT><Red>" stuck (position "2433.45 1413.00 -225.97") (duration "14.82") L 10/08/2014 - 13:10:49:    path_goal ( "NULL" )
L 10/08/2014 - 13:10:50: "CRITRAWKETS<9><BOT><Red>" stuck (position "2444.60 1410.98 -225.97") (duration "15.87") L 10/08/2014 - 13:10:50:    path_goal ( "NULL" )
L 10/08/2014 - 13:10:51: "CRITRAWKETS<9><BOT><Red>" stuck (position "2434.85 1405.43 -225.97") (duration "16.92") L 10/08/2014 - 13:10:51:    path_goal ( "NULL" )
L 10/08/2014 - 13:10:52: "CRITRAWKETS<9><BOT><Red>" stuck (position "2439.18 1415.62 -225.97") (duration "17.97") L 10/08/2014 - 13:10:52:    path_goal ( "NULL" )
L 10/08/2014 - 13:10:53: "CRITRAWKETS<9><BOT><Red>" stuck (position "2439.22 1418.69 -225.97") (duration "19.02") L 10/08/2014 - 13:10:53:    path_goal ( "NULL" )
L 10/08/2014 - 13:10:54: "rb6freak<10><[U:1:4958073]><Blue>" triggered "killedobject" (object "OBJ_SENTRYGUN") (weapon "tf_projectile_rocket") (objectowner "C++<5><BOT><Red>") (attacker_position "807 1868 -255")
L 10/08/2014 - 13:10:54: "Ze Ubermensch<8><BOT><Blue>" triggered "killedobject" (object "OBJ_SENTRYGUN") (objectowner "C++<5><BOT><Red>") (assist "1") (assister_position "743 1853 -255") (attacker_position "807 1868 -255")
L 10/08/2014 - 13:10:54: "CRITRAWKETS<9><BOT><Red>" stuck (position "2435.05 1405.57 -225.97") (duration "20.07") L 10/08/2014 - 13:10:54:    path_goal ( "NULL" )
L 10/08/2014 - 13:10:56: "CRITRAWKETS<9><BOT><Red>" stuck (position "2439.87 1414.32 -225.97") (duration "21.12") L 10/08/2014 - 13:10:56:    path_goal ( "NULL" )
L 10/08/2014 - 13:10:57: "CRITRAWKETS<9><BOT><Red>" stuck (position "2434.81 1409.42 -225.97") (duration "22.17") L 10/08/2014 - 13:10:57:    path_goal ( "NULL" )
L 10/08/2014 - 13:10:58: "CRITRAWKETS<9><BOT><Red>" stuck (position "2444.05 1408.93 -225.97") (duration "23.22") L 10/08/2014 - 13:10:58:    path_goal ( "NULL" )
L 10/08/2014 - 13:10:59: "CRITRAWKETS<9><BOT><Red>" stuck (position "2437.73 1416.15 -225.97") (duration "24.27") L 10/08/2014 - 13:10:59:    path_goal ( "NULL" )
L 10/08/2014 - 13:11:00: "CRITRAWKETS<9><BOT><Red>" stuck (position "2441.93 1405.92 -225.97") (duration "25.32") L 10/08/2014 - 13:11:00:    path_goal ( "NULL" )
L 10/08/2014 - 13:11:01: "CRITRAWKETS<9><BOT><Red>" stuck (position "2435.85 1409.78 -225.97") (duration "26.37") L 10/08/2014 - 13:11:01:    path_goal ( "NULL" )
L 10/08/2014 - 13:11:02: "CRITRAWKETS<9><BOT><Red>" stuck (position "2440.93 1419.78 -225.97") (duration "27.42") L 10/08/2014 - 13:11:02:    path_goal ( "NULL" )
L 10/08/2014 - 13:11:03: "CRITRAWKETS<9><BOT><Red>" stuck (position "2434.42 1419.12 -225.97") (duration "28.47") L 10/08/2014 - 13:11:03:    path_goal ( "NULL" )
L 10/08/2014 - 13:11:07: "CRITRAWKETS<9><BOT><Red>" stuck (position "2435.62 1420.07 -225.97") (duration "0.10") L 10/08/2014 - 13:11:07:    path_goal ( "NULL" )
L 10/08/2014 - 13:11:08: "CRITRAWKETS<9><BOT><Red>" stuck (position "2433.89 1408.09 -225.97") (duration "1.15") L 10/08/2014 - 13:11:08:    path_goal ( "NULL" )
L 10/08/2014 - 13:11:09: "CRITRAWKETS<9><BOT><Red>" stuck (position "2433.60 1412.32 -225.97") (duration "2.21") L 10/08/2014 - 13:11:09:    path_goal ( "NULL" )
L 10/08/2014 - 13:11:10: "CRITRAWKETS<9><BOT><Red>" stuck (position "2439.37 1411.73 -225.97") (duration "3.26") L 10/08/2014 - 13:11:10:    path_goal ( "NULL" )
L 10/08/2014 - 13:11:10: "Humans Are Weak<4><BOT><Blue>" killed "C++<5><BOT><Red>" with "tf_projectile_pipe" (attacker_position "1671 2709 -109") (victim_position "1719 2694 -55")
L 10/08/2014 - 13:11:10: "C++<5><BOT><Red>" changed role to "soldier"
L 10/08/2014 - 13:11:11: "CRITRAWKETS<9><BOT><Red>" stuck (position "2440.33 1374.93 -225.97") (duration "4.32") L 10/08/2014 - 13:11:11:    path_goal ( "2440.33 1250.00 -223.97" )
L 10/08/2014 - 13:11:15: "Humans Are Weak<4><BOT><Blue>" killed "Slysdexia<11><[U:1:12012915]><Red>" with "tf_projectile_pipe" (attacker_position "2179 2389 -136") (victim_position "2228 2382 -136")
L 10/08/2014 - 13:11:15: "CrySomeMore<3><BOT><Blue>" triggered "kill assist" against "Slysdexia<11><[U:1:12012915]><Red>" (assister_position "2257 2299 -136") (attacker_position "2179 2389 -136") (victim_position "2228 2382 -136")
L 10/08/2014 - 13:11:15: "Humans Are Weak<4><BOT><Blue>" committed suicide with "tf_projectile_pipe" (attacker_position "2179 2389 -136")
L 10/08/2014 - 13:11:15: "Humans Are Weak<4><BOT><Blue>" changed role to "spy"
L 10/08/2014 - 13:11:25: "Hostage<2><BOT><Red>" killed "CrySomeMore<3><BOT><Blue>" with "sniperrifle" (customkill "headshot") (attacker_position "2233 1205 0") (victim_position "1202 2674 -49")
L 10/08/2014 - 13:11:25: "CrySomeMore<3><BOT><Blue>" changed role to "engineer"
L 10/08/2014 - 13:11:37: "Hostage<2><BOT><Red>" triggered "medic_death" against "Ze Ubermensch<8><BOT><Blue>" (healing "524") (ubercharge "1")
L 10/08/2014 - 13:11:37: "Hostage<2><BOT><Red>" killed "Ze Ubermensch<8><BOT><Blue>" with "sniperrifle" (attacker_position "2178 1138 0") (victim_position "1802 2672 -191")
L 10/08/2014 - 13:11:43: "Hostage<2><BOT><Red>" killed "rb6freak<10><[U:1:4958073]><Blue>" with "sniperrifle" (customkill "headshot") (attacker_position "2052 1069 3") (victim_position "1284 2791 -61")
L 10/08/2014 - 13:11:45: "Slysdexia<11><[U:1:12012915]><Red>" triggered "player_builtobject" (object "OBJ_SENTRYGUN") (position "2460 912 -191")
L 10/08/2014 - 13:11:51: "CrySomeMore<3><BOT><Blue>" triggered "player_builtobject" (object "OBJ_TELEPORTER") (position "-2127 2948 -255")
L 10/08/2014 - 13:11:58: "Nobody<6><BOT><Blue>" triggered "medic_death" against "CRITRAWKETS<9><BOT><Red>" (healing "357") (ubercharge "0")
L 10/08/2014 - 13:11:58: "Nobody<6><BOT><Blue>" killed "CRITRAWKETS<9><BOT><Red>" with "tf_projectile_pipe" (attacker_position "1241 2484 -261") (victim_position "2198 2347 -136")
L 10/08/2014 - 13:12:12: "Hostage<2><BOT><Red>" killed "CrySomeMore<3><BOT><Blue>" with "sniperrifle" (customkill "headshot") (attacker_position "2719 1507 0") (victim_position "1575 2075 -200")
L 10/08/2014 - 13:12:12: "CrySomeMore<3><BOT><Blue>" changed role to "heavyweapons"
L 10/08/2014 - 13:12:15: "Humans Are Weak<4><BOT><Blue>" killed "RageQuit<7><BOT><Red>" with "knife" (customkill "backstab") (attacker_position "1796 1745 -191") (victim_position "1748 1771 -191")
L 10/08/2014 - 13:12:17: "Hostage<2><BOT><Red>" killed "Nobody<6><BOT><Blue>" with "world" (attacker_position "2732 1595 0") (victim_position "1330 2282 -259")
L 10/08/2014 - 13:12:17: "Nobody<6><BOT><Blue>" changed role to "scout"
L 10/08/2014 - 13:12:18: "Slysdexia<11><[U:1:12012915]><Red>" triggered "player_carryobject" (object "OBJ_SENTRYGUN") (position "2377 916 -191")
L 10/08/2014 - 13:12:32: "Humans Are Weak<4><BOT><Blue>" triggered "killedobject" (object "OBJ_SENTRYGUN") (weapon "building_carried_destroyed") (objectowner "Slysdexia<11><[U:1:12012915]><Red>") (attacker_position "2273 1452 0")
L 10/08/2014 - 13:12:32: "Humans Are Weak<4><BOT><Blue>" killed "Slysdexia<11><[U:1:12012915]><Red>" with "knife" (customkill "backstab") (attacker_position "2273 1452 0") (victim_position "2249 1500 0")
L 10/08/2014 - 13:12:38: "Hostage<2><BOT><Red>" killed "Humans Are Weak<4><BOT><Blue>" with "sniperrifle" (attacker_position "2723 1500 0") (victim_position "1964 2178 -202")
L 10/08/2014 - 13:12:40: "Ze Ubermensch<8><BOT><Blue>" killed "C++<5><BOT><Red>" with "syringegun_medic" (attacker_position "1613 2532 -192") (victim_position "1661 2521 -194")
L 10/08/2014 - 13:12:40: "C++<5><BOT><Red>" changed role to "heavyweapons"
L 10/08/2014 - 13:12:48: Team "Blue" triggered "pointcaptured" (cp "1") (cpname "#Dustbowl_cap_1_B") (numcappers "2") (player1 "Ze Ubermensch<8><BOT><Blue>") (position1 "2342 2413 -136") (player2 "rb6freak<10><[U:1:4958073]><Blue>") (position2 "2232 2458 -136") 
L 10/08/2014 - 13:12:48: World triggered "Mini_Round_Win" (winner "Blue") (round "round_1")
L 10/08/2014 - 13:12:48: World triggered "Mini_Round_Length" (seconds "246.17")
L 10/08/2014 - 13:12:52: "Splunk is credit to team!<13><[U:1:197412154]><>" connected, address "192.168.1.110:27005"
L 10/08/2014 - 13:12:52: "Splunk is credit to team!<13><[U:1:197412154]><>" STEAM USERID validated
L 10/08/2014 - 13:12:55: "Splunk is credit to team!<13><[U:1:197412154]><>" entered the game
L 10/08/2014 - 13:12:57: "Ze Ubermensch<8><BOT><Blue>" killed "RageQuit<7><BOT><Red>" with "syringegun_medic" (attacker_position "1505 2735 -60") (victim_position "1433 2604 -61")
L 10/08/2014 - 13:12:57: "RageQuit<7><BOT><Red>" changed role to "scout"
L 10/08/2014 - 13:13:03: World triggered "Round_Setup_Begin"
L 10/08/2014 - 13:13:03: World triggered "Mini_Round_Selected" (round "round_2")
L 10/08/2014 - 13:13:03: World triggered "Mini_Round_Start"
L 10/08/2014 - 13:13:11: "Splunk is credit to team!<13><[U:1:197412154]><Unassigned>" joined team "Blue"
L 10/08/2014 - 13:13:15: "Splunk is credit to team!<13><[U:1:197412154]><Blue>" changed role to "heavyweapons"
L 10/08/2014 - 13:13:19: "Humans Are Weak<4><BOT><Blue>" stuck (position "1435.49 684.13 -107.70") (duration "3.36") L 10/08/2014 - 13:13:19:    path_goal ( "-1437.50 -1837.50 -136.20" )
L 10/08/2014 - 13:13:19: "Humans Are Weak<4><BOT><Blue>" stuck (position "1433.05 683.34 -79.78") (duration "3.46") L 10/08/2014 - 13:13:19:    path_goal ( "-1437.50 -1837.50 -136.20" )
L 10/08/2014 - 13:13:20: "Humans Are Weak<4><BOT><Blue>" stuck (position "1433.02 679.23 -107.08") (duration "4.52") L 10/08/2014 - 13:13:20:    path_goal ( "-1050.00 -1912.50 -158.87" )
L 10/08/2014 - 13:13:21: "Humans Are Weak<4><BOT><Blue>" stuck (position "1432.03 679.34 -106.74") (duration "5.57") L 10/08/2014 - 13:13:21:    path_goal ( "-1050.00 -1912.50 -158.87" )
L 10/08/2014 - 13:13:24: "Humans Are Weak<4><BOT><Blue>" stuck (position "1432.02 679.32 -106.75") (duration "6.62") L 10/08/2014 - 13:13:24:    path_goal ( "-1162.50 -2012.50 -142.08" )
L 10/08/2014 - 13:13:24: "Slysdexia<11><[U:1:12012915]><Red>" triggered "player_builtobject" (object "OBJ_SENTRYGUN") (position "-1985 -1725 -191")
L 10/08/2014 - 13:13:25: "Humans Are Weak<4><BOT><Blue>" stuck (position "1434.22 679.22 -107.42") (duration "7.67") L 10/08/2014 - 13:13:25:    path_goal ( "-1212.50 -1675.00 -142.58" )
L 10/08/2014 - 13:13:26: "Humans Are Weak<4><BOT><Blue>" stuck (position "1432.03 679.55 -106.70") (duration "8.71") L 10/08/2014 - 13:13:26:    path_goal ( "-1325.00 -2712.50 -120.32" )
L 10/08/2014 - 13:13:27: "Humans Are Weak<4><BOT><Blue>" stuck (position "1434.18 679.14 -107.43") (duration "9.77") L 10/08/2014 - 13:13:27:    path_goal ( "-1325.00 -2712.50 -120.32" )
L 10/08/2014 - 13:13:28: "Humans Are Weak<4><BOT><Blue>" stuck (position "1432.03 679.34 -106.74") (duration "10.82") L 10/08/2014 - 13:13:28:    path_goal ( "-1200.00 -1762.50 -159.16" )
L 10/08/2014 - 13:13:29: "Humans Are Weak<4><BOT><Blue>" stuck (position "1432.00 679.34 -106.73") (duration "11.87") L 10/08/2014 - 13:13:29:    path_goal ( "-1125.00 -2475.00 -128.36" )
L 10/08/2014 - 13:13:30: "Humans Are Weak<4><BOT><Blue>" stuck (position "1432.03 679.31 -106.75") (duration "12.92") L 10/08/2014 - 13:13:30:    path_goal ( "-1125.00 -2475.00 -128.36" )
L 10/08/2014 - 13:13:31: "Humans Are Weak<4><BOT><Blue>" stuck (position "1432.03 680.51 -106.64") (duration "13.96") L 10/08/2014 - 13:13:31:    path_goal ( "-1200.00 -1587.50 -127.59" )
L 10/08/2014 - 13:13:32: "Humans Are Weak<4><BOT><Blue>" stuck (position "1432.03 679.33 -106.75") (duration "15.02") L 10/08/2014 - 13:13:32:    path_goal ( "-1200.00 -1587.50 -127.59" )
L 10/08/2014 - 13:13:33: "Humans Are Weak<4><BOT><Blue>" stuck (position "1432.03 679.44 -106.71") (duration "16.07") L 10/08/2014 - 13:13:33:    path_goal ( "-1325.00 -1687.50 -142.44" )
L 10/08/2014 - 13:13:34: "Humans Are Weak<4><BOT><Blue>" stuck (position "1432.03 679.34 -106.74") (duration "17.12") L 10/08/2014 - 13:13:34:    path_goal ( "-1325.00 -1687.50 -142.44" )
L 10/08/2014 - 13:13:35: "Slysdexia<11><[U:1:12012915]><Red>" triggered "player_builtobject" (object "OBJ_TELEPORTER") (position "-1981 -1750 -187")
L 10/08/2014 - 13:13:35: "Humans Are Weak<4><BOT><Blue>" stuck (position "1432.03 679.32 -106.75") (duration "18.17") L 10/08/2014 - 13:13:35:    path_goal ( "-1162.50 -1562.50 -126.53" )
L 10/08/2014 - 13:13:36: "Humans Are Weak<4><BOT><Blue>" stuck (position "1432.00 679.46 -106.70") (duration "19.21") L 10/08/2014 - 13:13:36:    path_goal ( "-1087.50 -1762.50 -159.66" )
L 10/08/2014 - 13:13:37: "Humans Are Weak<4><BOT><Blue>" stuck (position "1432.03 679.33 -106.73") (duration "20.27") L 10/08/2014 - 13:13:37:    path_goal ( "-1562.50 -2512.50 -127.97" )
L 10/08/2014 - 13:13:38: "Humans Are Weak<4><BOT><Blue>" stuck (position "1432.57 679.47 -106.88") (duration "21.32") L 10/08/2014 - 13:13:38:    path_goal ( "-887.50 -1787.50 -158.97" )
L 10/08/2014 - 13:13:42: "Humans Are Weak<4><BOT><Blue>" stuck (position "1432.03 679.33 -106.73") (duration "0.10") L 10/08/2014 - 13:13:42:    path_goal ( "-2525.00 -1712.50 -127.97" )
L 10/08/2014 - 13:13:43: "Humans Are Weak<4><BOT><Blue>" stuck (position "1432.01 681.15 -106.63") (duration "1.15") L 10/08/2014 - 13:13:43:    path_goal ( "-2525.00 -1712.50 -127.97" )
L 10/08/2014 - 13:13:44: "Humans Are Weak<4><BOT><Blue>" stuck (position "1432.01 680.94 -106.63") (duration "2.20") L 10/08/2014 - 13:13:44:    path_goal ( "-1350.00 -2312.50 -127.41" )
L 10/08/2014 - 13:13:45: "Humans Are Weak<4><BOT><Blue>" stuck (position "1432.01 680.87 -106.63") (duration "3.26") L 10/08/2014 - 13:13:45:    path_goal ( "-1350.00 -2312.50 -127.41" )
L 10/08/2014 - 13:13:46: "Humans Are Weak<4><BOT><Blue>" stuck (position "1433.30 679.22 -107.17") (duration "4.30") L 10/08/2014 - 13:13:46:    path_goal ( "-1325.00 -2712.50 -120.32" )
L 10/08/2014 - 13:13:47: "Humans Are Weak<4><BOT><Blue>" stuck (position "1432.03 683.56 -106.64") (duration "5.35") L 10/08/2014 - 13:13:47:    path_goal ( "-2437.50 -1712.50 -127.97" )
L 10/08/2014 - 13:13:48: "Humans Are Weak<4><BOT><Blue>" stuck (position "1437.09 683.37 -108.19") (duration "6.40") L 10/08/2014 - 13:13:48:    path_goal ( "-1375.00 -1887.50 -147.45" )
L 10/08/2014 - 13:13:49: "Humans Are Weak<4><BOT><Blue>" stuck (position "1432.03 679.31 -106.75") (duration "7.45") L 10/08/2014 - 13:13:49:    path_goal ( "-1375.00 -1887.50 -147.45" )
L 10/08/2014 - 13:13:50: "Humans Are Weak<4><BOT><Blue>" stuck (position "1432.03 679.84 -106.66") (duration "8.51") L 10/08/2014 - 13:13:50:    path_goal ( "-2437.50 -1712.50 -127.97" )
L 10/08/2014 - 13:13:51: "Humans Are Weak<4><BOT><Blue>" stuck (position "1433.17 679.23 -107.12") (duration "9.55") L 10/08/2014 - 13:13:51:    path_goal ( "-1387.50 -2562.50 -127.59" )
L 10/08/2014 - 13:13:52: "Humans Are Weak<4><BOT><Blue>" stuck (position "1433.00 679.23 -107.07") (duration "10.60") L 10/08/2014 - 13:13:52:    path_goal ( "-1125.00 -2300.00 -127.02" )
L 10/08/2014 - 13:13:53: "Humans Are Weak<4><BOT><Blue>" stuck (position "1432.67 679.26 -106.97") (duration "11.65") L 10/08/2014 - 13:13:53:    path_goal ( "-1125.00 -2300.00 -127.02" )
L 10/08/2014 - 13:13:54: "Humans Are Weak<4><BOT><Blue>" stuck (position "1432.03 679.89 -106.65") (duration "12.70") L 10/08/2014 - 13:13:54:    path_goal ( "-1687.50 -1862.50 -45.97" )
L 10/08/2014 - 13:13:55: "Humans Are Weak<4><BOT><Blue>" stuck (position "1432.03 679.32 -106.76") (duration "13.76") L 10/08/2014 - 13:13:55:    path_goal ( "-1675.00 -2162.50 -48.40" )
L 10/08/2014 - 13:13:56: "Humans Are Weak<4><BOT><Blue>" stuck (position "1432.03 679.32 -106.76") (duration "14.80") L 10/08/2014 - 13:13:56:    path_goal ( "-1675.00 -2162.50 -48.40" )
L 10/08/2014 - 13:13:57: "Humans Are Weak<4><BOT><Blue>" stuck (position "1432.02 679.33 -106.74") (duration "15.85") L 10/08/2014 - 13:13:57:    path_goal ( "-1387.50 -2562.50 -127.59" )
L 10/08/2014 - 13:13:58: "Humans Are Weak<4><BOT><Blue>" stuck (position "1432.03 679.33 -106.74") (duration "16.90") L 10/08/2014 - 13:13:58:    path_goal ( "-1437.50 -1837.50 -136.20" )
L 10/08/2014 - 13:13:59: "Humans Are Weak<4><BOT><Blue>" stuck (position "1432.03 679.33 -106.75") (duration "17.95") L 10/08/2014 - 13:13:59:    path_goal ( "-1325.00 -2000.00 -145.23" )
L 10/08/2014 - 13:14:00: "Humans Are Weak<4><BOT><Blue>" stuck (position "1432.03 679.33 -106.76") (duration "19.01") L 10/08/2014 - 13:14:00:    path_goal ( "-1325.00 -2000.00 -145.23" )
L 10/08/2014 - 13:14:02: "Humans Are Weak<4><BOT><Blue>" stuck (position "1433.37 681.28 -107.05") (duration "20.05") L 10/08/2014 - 13:14:02:    path_goal ( "-1325.00 -2000.00 -145.23" )
L 10/08/2014 - 13:14:03: "Humans Are Weak<4><BOT><Blue>" stuck (position "1432.02 679.34 -106.74") (duration "21.10") L 10/08/2014 - 13:14:03:    path_goal ( "-1325.00 -2000.00 -145.23" )
L 10/08/2014 - 13:14:04: "Humans Are Weak<4><BOT><Blue>" stuck (position "1432.00 679.34 -106.74") (duration "22.15") L 10/08/2014 - 13:14:04:    path_goal ( "-1162.50 -2162.50 -126.68" )
L 10/08/2014 - 13:14:05: World triggered "Round_Setup_End"
L 10/08/2014 - 13:14:05: "Humans Are Weak<4><BOT><Blue>" stuck (position "1432.00 679.41 -106.71") (duration "23.20") L 10/08/2014 - 13:14:05:    path_goal ( "-1400.00 -2000.00 -139.61" )
L 10/08/2014 - 13:14:06: "Humans Are Weak<4><BOT><Blue>" stuck (position "1432.03 679.34 -106.75") (duration "24.26") L 10/08/2014 - 13:14:06:    path_goal ( "-1400.00 -2000.00 -139.61" )
L 10/08/2014 - 13:14:07: "Humans Are Weak<4><BOT><Blue>" stuck (position "1446.90 680.60 -111.22") (duration "25.32") L 10/08/2014 - 13:14:07:    path_goal ( "1475.00 700.00 -133.06" )
L 10/08/2014 - 13:14:08: "RageQuit<7><BOT><Red>" killed "rb6freak<10><[U:1:4958073]><Blue>" with "scattergun" (attacker_position "1555 -123 -191") (victim_position "1962 -78 -194")
L 10/08/2014 - 13:14:08: "C++<5><BOT><Red>" triggered "kill assist" against "rb6freak<10><[U:1:4958073]><Blue>" (assister_position "2181 -2070 -123") (attacker_position "1555 -123 -191") (victim_position "1962 -78 -194")
L 10/08/2014 - 13:14:13: "C++<5><BOT><Red>" killed "Nobody<6><BOT><Blue>" with "minigun" (attacker_position "2188 -2067 -123") (victim_position "1944 -248 -192")
L 10/08/2014 - 13:14:13: "CRITRAWKETS<9><BOT><Red>" triggered "kill assist" against "Nobody<6><BOT><Blue>" (assister_position "2129 -2056 -126") (attacker_position "2188 -2067 -123") (victim_position "1944 -248 -192")
L 10/08/2014 - 13:14:14: "Splunk is credit to team!<13><[U:1:197412154]><Blue>" killed "RageQuit<7><BOT><Red>" with "minigun" (attacker_position "1999 128 -245") (victim_position "1979 57 -209")
L 10/08/2014 - 13:14:14: "RageQuit<7><BOT><Red>" changed role to "engineer"
L 10/08/2014 - 13:14:25: "CRITRAWKETS<9><BOT><Red>" triggered "chargedeployed"
L 10/08/2014 - 13:14:28: "Ze Ubermensch<8><BOT><Blue>" triggered "chargedeployed"
L 10/08/2014 - 13:14:28: "CrySomeMore<3><BOT><Blue>" killed "Hostage<2><BOT><Red>" with "minigun" (attacker_position "2383 -1493 7") (victim_position "1963 -1890 -130")
L 10/08/2014 - 13:14:28: "Ze Ubermensch<8><BOT><Blue>" triggered "kill assist" against "Hostage<2><BOT><Red>" (assister_position "2407 -1550 7") (attacker_position "2383 -1493 7") (victim_position "1963 -1890 -130")
L 10/08/2014 - 13:14:28: "Hostage<2><BOT><Red>" changed role to "soldier"
L 10/08/2014 - 13:14:34: "Humans Are Weak<4><BOT><Blue>" killed "C++<5><BOT><Red>" with "knife" (customkill "backstab") (attacker_position "1971 -1757 -142") (victim_position "2019 -1762 -142")
L 10/08/2014 - 13:14:34: "CrySomeMore<3><BOT><Blue>" triggered "kill assist" against "C++<5><BOT><Red>" (assister_position "2308 -1557 7") (attacker_position "1971 -1757 -142") (victim_position "2019 -1762 -142")
L 10/08/2014 - 13:14:34: "C++<5><BOT><Red>" changed role to "soldier"
L 10/08/2014 - 13:14:34: "CrySomeMore<3><BOT><Blue>" triggered "medic_death" against "CRITRAWKETS<9><BOT><Red>" (healing "557") (ubercharge "0")
L 10/08/2014 - 13:14:34: "CrySomeMore<3><BOT><Blue>" killed "CRITRAWKETS<9><BOT><Red>" with "minigun" (attacker_position "2308 -1557 7") (victim_position "1969 -1855 -135")
L 10/08/2014 - 13:14:34: "Ze Ubermensch<8><BOT><Blue>" triggered "kill assist" against "CRITRAWKETS<9><BOT><Red>" (assister_position "2407 -1550 7") (attacker_position "2308 -1557 7") (victim_position "1969 -1855 -135")
L 10/08/2014 - 13:14:34: "RageQuit<7><BOT><Red>" triggered "player_builtobject" (object "OBJ_TELEPORTER") (position "-2097 -1737 -189")
L 10/08/2014 - 13:14:39: Team "Blue" triggered "pointcaptured" (cp "2") (cpname "#Dustbowl_cap_2_A") (numcappers "2") (player1 "CrySomeMore<3><BOT><Blue>") (position1 "2469 -1637 0") (player2 "Ze Ubermensch<8><BOT><Blue>") (position2 "2407 -1550 7") 
L 10/08/2014 - 13:14:44: "RageQuit<7><BOT><Red>" triggered "player_builtobject" (object "OBJ_SENTRYGUN") (position "-884 -1901 -157")
L 10/08/2014 - 13:14:47: "Slysdexia<11><[U:1:12012915]><Red>" triggered "player_carryobject" (object "OBJ_SENTRYGUN") (position "-1976 -1686 -179")
L 10/08/2014 - 13:14:58: "Slysdexia<11><[U:1:12012915]><Red>" triggered "player_dropobject" (object "OBJ_SENTRYGUN") (position "-1550 -1433 -127")
L 10/08/2014 - 13:14:58: "Slysdexia<11><[U:1:12012915]><Red>" triggered "player_builtobject" (object "OBJ_SENTRYGUN") (position "-1550 -1433 -127")
L 10/08/2014 - 13:15:03: "C++<5><BOT><Red>" killed "Nobody<6><BOT><Blue>" with "tf_projectile_rocket" (attacker_position "-283 -1840 -159") (victim_position "-279 -2324 -127")
L 10/08/2014 - 13:15:04: "CRITRAWKETS<9><BOT><Red>" killed "Humans Are Weak<4><BOT><Blue>" with "syringegun_medic" (attacker_position "-604 -1804 -96") (victim_position "-556 -1767 -131")
L 10/08/2014 - 13:15:04: "Humans Are Weak<4><BOT><Blue>" changed role to "soldier"
L 10/08/2014 - 13:15:05: "CRITRAWKETS<9><BOT><Red>" stuck (position "-549.50 -1807.06 -158.43") (duration "3.18") L 10/08/2014 - 13:15:05:    path_goal ( "NULL" )
L 10/08/2014 - 13:15:10: "CRITRAWKETS<9><BOT><Red>" stuck (position "-580.11 -1802.24 -138.03") (duration "0.11") L 10/08/2014 - 13:15:10:    path_goal ( "-500.00 -1802.24 -159.95" )
L 10/08/2014 - 13:15:12: "CrySomeMore<3><BOT><Blue>" killed "C++<5><BOT><Red>" with "minigun" (attacker_position "-327 -2120 -125") (victim_position "-176 -1544 -127")
L 10/08/2014 - 13:15:12: "Ze Ubermensch<8><BOT><Blue>" triggered "kill assist" against "C++<5><BOT><Red>" (assister_position "-286 -2245 -127") (attacker_position "-327 -2120 -125") (victim_position "-176 -1544 -127")
L 10/08/2014 - 13:15:12: "C++<5><BOT><Red>" changed role to "pyro"
L 10/08/2014 - 13:15:30: "Slysdexia<11><[U:1:12012915]><Red>" triggered "player_builtobject" (object "OBJ_DISPENSER") (position "-1506 -1432 -127")
L 10/08/2014 - 13:15:31: "CrySomeMore<3><BOT><Blue>" triggered "killedobject" (object "OBJ_SENTRYGUN") (weapon "minigun") (objectowner "RageQuit<7><BOT><Red>") (attacker_position "-345 -1859 -159")
L 10/08/2014 - 13:15:31: "Ze Ubermensch<8><BOT><Blue>" triggered "killedobject" (object "OBJ_SENTRYGUN") (objectowner "RageQuit<7><BOT><Red>") (assist "1") (assister_position "-304 -1979 -150") (attacker_position "-345 -1859 -159")
L 10/08/2014 - 13:15:38: "RageQuit<7><BOT><Red>" triggered "player_builtobject" (object "OBJ_TELEPORTER") (position "-823 -1900 -157")
L 10/08/2014 - 13:15:41: "CrySomeMore<3><BOT><Blue>" triggered "killedobject" (object "OBJ_TELEPORTER") (weapon "minigun") (objectowner "RageQuit<7><BOT><Red>") (attacker_position "-344 -1830 -159")
L 10/08/2014 - 13:15:42: "Ze Ubermensch<8><BOT><Blue>" triggered "chargedeployed"
L 10/08/2014 - 13:15:49: "Nobody<6><BOT><Blue>" killed "RageQuit<7><BOT><Red>" with "pistol_scout" (attacker_position "-861 -2472 -124") (victim_position "-1118 -2090 0")
L 10/08/2014 - 13:15:49: "C++<5><BOT><Red>" killed "Splunk hax0r<12><[U:1:197368576]><Blue>" with "flamethrower" (attacker_position "146 -2353 -117") (victim_position "192 -2185 46")
L 10/08/2014 - 13:15:52: "Slysdexia<11><[U:1:12012915]><Red>" triggered "medic_death" against "Ze Ubermensch<8><BOT><Blue>" (healing "1816") (ubercharge "0")
L 10/08/2014 - 13:15:52: "Slysdexia<11><[U:1:12012915]><Red>" killed "Ze Ubermensch<8><BOT><Blue>" with "obj_sentrygun3" (attacker_position "-1530 -1445 -127") (victim_position "-926 -1829 -159")
L 10/08/2014 - 13:15:52: "Hostage<2><BOT><Red>" triggered "kill assist" against "Ze Ubermensch<8><BOT><Blue>" (assister_position "-1490 -2181 -120") (attacker_position "-1530 -1445 -127") (victim_position "-926 -1829 -159")
L 10/08/2014 - 13:15:54: "Hostage<2><BOT><Red>" killed "Nobody<6><BOT><Blue>" with "shotgun_soldier" (attacker_position "-1264 -2723 -125") (victim_position "-1275 -2804 -115")
L 10/08/2014 - 13:15:55: "Nobody<6><BOT><Blue>" changed role to "demoman"
L 10/08/2014 - 13:15:57: "CrySomeMore<3><BOT><Blue>" killed "C++<5><BOT><Red>" with "minigun" (attacker_position "-297 -1814 -159") (victim_position "-215 -1300 -125")
L 10/08/2014 - 13:15:57: "Splunk is credit to team!<13><[U:1:197412154]><Blue>" triggered "kill assist" against "C++<5><BOT><Red>" (assister_position "-136 -1257 -121") (attacker_position "-297 -1814 -159") (victim_position "-215 -1300 -125")
L 10/08/2014 - 13:15:57: "C++<5><BOT><Red>" changed role to "demoman"
L 10/08/2014 - 13:16:00: "Slysdexia<11><[U:1:12012915]><Red>" killed "Humans Are Weak<4><BOT><Blue>" with "world" (attacker_position "-1530 -1445 -127") (victim_position "-803 -2231 0")
L 10/08/2014 - 13:16:00: "Humans Are Weak<4><BOT><Blue>" changed role to "demoman"
L 10/08/2014 - 13:16:01: "C++<5><BOT><Red>" killed "Splunk is credit to team!<13><[U:1:197412154]><Blue>" with "flamethrower" (attacker_position "-215 -1300 -37") (victim_position "-136 -1407 -127")
L 10/08/2014 - 13:16:03: "Slysdexia<11><[U:1:12012915]><Red>" killed "CrySomeMore<3><BOT><Blue>" with "obj_sentrygun3" (attacker_position "-1530 -1445 -127") (victim_position "-1067 -1938 -153")
L 10/08/2014 - 13:16:03: "CrySomeMore<3><BOT><Blue>" changed role to "demoman"
L 10/08/2014 - 13:16:16: "Splunk hax0r<12><[U:1:197368576]><Blue>" disconnected (reason "Disconnect by user.")
L 10/08/2014 - 13:16:19: "RageQuit<7><BOT><Red>" triggered "player_builtobject" (object "OBJ_SENTRYGUN") (position "-851 -2454 -124")
L 10/08/2014 - 13:16:25: "C++<5><BOT><Red>" stuck (position "-1084.21 -2340.03 -127.96") (duration "3.67") L 10/08/2014 - 13:16:25:    path_goal ( "-1062.50 -2287.50 -59.72" )
L 10/08/2014 - 13:16:53: "C++<5><BOT><Red>" killed "Humans Are Weak<4><BOT><Blue>" with "tf_projectile_pipe" (attacker_position "-681 -2366 -3") (victim_position "-452 -2112 0")
L 10/08/2014 - 13:16:53: "Humans Are Weak<4><BOT><Blue>" changed role to "scout"
L 10/08/2014 - 13:17:16: "RageQuit<7><BOT><Red>" triggered "player_builtobject" (object "OBJ_DISPENSER") (position "-841 -2458 -124")
L 10/08/2014 - 13:17:19: "Slysdexia<11><[U:1:12012915]><Red>" killed "Nobody<6><BOT><Blue>" with "obj_sentrygun3" (attacker_position "-1459 -1432 -127") (victim_position "-963 -1933 0")
L 10/08/2014 - 13:17:19: "Hostage<2><BOT><Red>" triggered "kill assist" against "Nobody<6><BOT><Blue>" (assister_position "-1499 -1516 -127") (attacker_position "-1459 -1432 -127") (victim_position "-963 -1933 0")
L 10/08/2014 - 13:17:29: "RageQuit<7><BOT><Red>" triggered "player_builtobject" (object "OBJ_TELEPORTER") (position "-811 -2447 -124")
L 10/08/2014 - 13:17:29: "CrySomeMore<3><BOT><Blue>" triggered "killedobject" (object "OBJ_DISPENSER") (weapon "tf_projectile_pipe_remote") (objectowner "RageQuit<7><BOT><Red>") (attacker_position "-479 -2326 -121")
L 10/08/2014 - 13:17:31: "Humans Are Weak<4><BOT><Blue>" stuck (position "214.83 -1962.88 -127.97") (duration "2.52") L 10/08/2014 - 13:17:31:    path_goal ( "178.46 -1969.67 -147.00" )
L 10/08/2014 - 13:17:31: "Humans Are Weak<4><BOT><Blue>" stuck (position "195.80 -1959.82 -102.66") (duration "2.62") L 10/08/2014 - 13:17:31:    path_goal ( "178.46 -1969.67 -147.00" )
L 10/08/2014 - 13:17:32: "Splunk is credit to team!<13><[U:1:197412154]><Blue>" killed "C++<5><BOT><Red>" with "minigun" (attacker_position "-47 -2607 -127") (victim_position "-206 -2200 -124")
L 10/08/2014 - 13:17:32: "C++<5><BOT><Red>" changed role to "spy"
L 10/08/2014 - 13:17:32: "Humans Are Weak<4><BOT><Blue>" stuck (position "75.64 -1988.58 -145.68") (duration "0.10") L 10/08/2014 - 13:17:32:    path_goal ( "50.00 -2025.00 -148.66" )
L 10/08/2014 - 13:17:34: "RageQuit<7><BOT><Red>" killed "Humans Are Weak<4><BOT><Blue>" with "obj_sentrygun3" (attacker_position "-783 -2524 -125") (victim_position "132 -2311 -119")
L 10/08/2014 - 13:17:36: "RageQuit<7><BOT><Red>" killed "Splunk is credit to team!<13><[U:1:197412154]><Blue>" with "obj_sentrygun3" (attacker_position "-783 -2524 -125") (victim_position "-10 -2460 -125")
L 10/08/2014 - 13:17:54: "Splunk is credit to team!<13><[U:1:197412154]><Blue>" changed role to "medic"
L 10/08/2014 - 13:17:56: "CrySomeMore<3><BOT><Blue>" triggered "killedobject" (object "OBJ_TELEPORTER") (weapon "tf_projectile_pipe_remote") (objectowner "RageQuit<7><BOT><Red>") (attacker_position "-473 -2330 -121")
L 10/08/2014 - 13:17:56: "CrySomeMore<3><BOT><Blue>" triggered "killedobject" (object "OBJ_SENTRYGUN") (weapon "tf_projectile_pipe_remote") (objectowner "RageQuit<7><BOT><Red>") (attacker_position "-473 -2330 -121")
L 10/08/2014 - 13:17:59: "C++<5><BOT><Red>" killed "CrySomeMore<3><BOT><Blue>" with "knife" (customkill "backstab") (attacker_position "-507 -2452 -126") (victim_position "-555 -2424 -121")
L 10/08/2014 - 13:17:59: "CrySomeMore<3><BOT><Blue>" changed role to "engineer"
L 10/08/2014 - 13:18:02: "Splunk is credit to team!<13><[U:1:197412154]><Blue>" changed role to "heavyweapons"
L 10/08/2014 - 13:18:07: "C++<5><BOT><Red>" killed "Nobody<6><BOT><Blue>" with "knife" (customkill "backstab") (attacker_position "-177 -2139 -122") (victim_position "-225 -2152 -125")
L 10/08/2014 - 13:18:07: "Hostage<2><BOT><Red>" triggered "kill assist" against "Nobody<6><BOT><Blue>" (assister_position "-1620 -2472 -121") (attacker_position "-177 -2139 -122") (victim_position "-225 -2152 -125")
L 10/08/2014 - 13:18:07: "Hostage<2><BOT><Red>" triggered "domination" against "Nobody<6><BOT><Blue>" (assist "1")
L 10/08/2014 - 13:18:08: "=(e)=™ Colonel Panic<14><[U:1:12110320]><>" connected, address "192.168.1.122:27005"
L 10/08/2014 - 13:18:08: "RageQuit<7><BOT><Red>" triggered "player_builtobject" (object "OBJ_SENTRYGUN") (position "-1335 -1677 -127")
L 10/08/2014 - 13:18:08: "=(e)=™ Colonel Panic<14><[U:1:12110320]><>" STEAM USERID validated
L 10/08/2014 - 13:18:08: "CRITRAWKETS<9><BOT><Red>" triggered "chargedeployed"
L 10/08/2014 - 13:18:24: "Hostage<2><BOT><Red>" killed "Humans Are Weak<4><BOT><Blue>" with "tf_projectile_rocket" (attacker_position "-126 -2426 -125") (victim_position "-26 -2662 -127")
L 10/08/2014 - 13:18:24: "CRITRAWKETS<9><BOT><Red>" triggered "kill assist" against "Humans Are Weak<4><BOT><Blue>" (assister_position "-93 -2373 -122") (attacker_position "-126 -2426 -125") (victim_position "-26 -2662 -127")
L 10/08/2014 - 13:18:25: "CrySomeMore<3><BOT><Blue>" triggered "player_builtobject" (object "OBJ_TELEPORTER") (position "2361 955 -188")
L 10/08/2014 - 13:18:31: "=(e)=™ Colonel Panic<14><[U:1:12110320]><>" entered the game
L 10/08/2014 - 13:18:37: "C++<5><BOT><Red>" killed "Splunk is credit to team!<13><[U:1:197412154]><Blue>" with "knife" (customkill "backstab") (attacker_position "854 -2739 -127") (victim_position "806 -2752 -127")
L 10/08/2014 - 13:18:40: "=(e)=™ Colonel Panic<14><[U:1:12110320]><Unassigned>" joined team "Red"
L 10/08/2014 - 13:18:42: "=(e)=™ Colonel Panic<14><[U:1:12110320]><Red>" changed role to "sniper"
L 10/08/2014 - 13:18:52: "RageQuit<7><BOT><Red>" triggered "player_builtobject" (object "OBJ_DISPENSER") (position "-1339 -1670 -127")
L 10/08/2014 - 13:18:56: "RageQuit<7><BOT><Red>" triggered "player_builtobject" (object "OBJ_TELEPORTER") (position "-1300 -1681 -127")
L 10/08/2014 - 13:18:57: "Ze Ubermensch<8><BOT><Blue>" triggered "chargedeployed"
L 10/08/2014 - 13:18:58: "=(e)=™ Colonel Panic<14><[U:1:12110320]><Red>" triggered "jarate_attack" against "Nobody<6><BOT><Blue>" with "tf_weapon_jar" (attacker_position "-656 -2491 -125") (victim_position "-982 -2360 -128")
L 10/08/2014 - 13:18:58: "CrySomeMore<3><BOT><Blue>" triggered "player_builtobject" (object "OBJ_TELEPORTER") (position "-744 -1777 -133")
L 10/08/2014 - 13:18:58: "Hostage<2><BOT><Red>" killed "Nobody<6><BOT><Blue>" with "tf_projectile_rocket" (attacker_position "-1511 -2651 -127") (victim_position "-982 -2360 -128")
L 10/08/2014 - 13:18:58: "=(e)=™ Colonel Panic<14><[U:1:12110320]><Red>" triggered "kill assist" against "Nobody<6><BOT><Blue>" (assister_position "-818 -2462 -124") (attacker_position "-1511 -2651 -127") (victim_position "-982 -2360 -128")
L 10/08/2014 - 13:19:04: "=(e)=™ Colonel Panic<14><[U:1:12110320]><Red>" killed "CrySomeMore<3><BOT><Blue>" with "tf_projectile_arrow" (attacker_position "-1397 -1971 -139") (victim_position "157 -1719 -143")
L 10/08/2014 - 13:19:09: "C++<5><BOT><Red>" stuck (position "-122.87 -1092.24 -120.60") (duration "3.36") L 10/08/2014 - 13:19:09:    path_goal ( "300.00 -1025.00 -126.62" )
L 10/08/2014 - 13:19:09: "C++<5><BOT><Red>" stuck (position "-122.86 -1087.82 -92.40") (duration "3.46") L 10/08/2014 - 13:19:09:    path_goal ( "300.00 -1025.00 -126.62" )
L 10/08/2014 - 13:19:22: "C++<5><BOT><Red>" killed "Humans Are Weak<4><BOT><Blue>" with "knife" (customkill "backstab") (attacker_position "-258 -1626 -128") (victim_position "-261 -1684 -133")
L 10/08/2014 - 13:19:24: "Hostage<2><BOT><Red>" triggered "medic_death" against "Ze Ubermensch<8><BOT><Blue>" (healing "300") (ubercharge "0")
L 10/08/2014 - 13:19:24: "Hostage<2><BOT><Red>" killed "Ze Ubermensch<8><BOT><Blue>" with "tf_projectile_rocket" (attacker_position "-1600 -2555 -127") (victim_position "-1063 -1498 0")
L 10/08/2014 - 13:19:24: "CRITRAWKETS<9><BOT><Red>" triggered "kill assist" against "Ze Ubermensch<8><BOT><Blue>" (assister_position "-1554 -2577 -127") (attacker_position "-1600 -2555 -127") (victim_position "-1063 -1498 0")
L 10/08/2014 - 13:19:25: "C++<5><BOT><Red>" triggered "player_builtobject" (object "OBJ_ATTACHMENT_SAPPER") (position "-770 -1805 -157")
L 10/08/2014 - 13:19:25: "C++<5><BOT><Red>" triggered "player_builtobject" (object "OBJ_ATTACHMENT_SAPPER") (position "-770 -1805 -157")
L 10/08/2014 - 13:19:29: "Splunk Wizard<15><[U:1:197422767]><>" connected, address "192.168.1.115:27005"
L 10/08/2014 - 13:19:29: "Splunk Wizard<15><[U:1:197422767]><>" STEAM USERID validated
L 10/08/2014 - 13:19:30: "=(e)=™ Colonel Panic<14><[U:1:12110320]><Red>" killed "Splunk is credit to team!<13><[U:1:197412154]><Blue>" with "tf_projectile_arrow" (attacker_position "28 -2722 -127") (victim_position "481 -2695 -125")
L 10/08/2014 - 13:19:31: "C++<5><BOT><Red>" triggered "killedobject" (object "OBJ_TELEPORTER") (weapon "obj_attachment_sapper") (objectowner "CrySomeMore<3><BOT><Blue>") (attacker_position "252 -1755 -127")
L 10/08/2014 - 13:19:31: "C++<5><BOT><Red>" triggered "killedobject" (object "OBJ_TELEPORTER") (weapon "obj_attachment_sapper") (objectowner "CrySomeMore<3><BOT><Blue>") (attacker_position "290 -1736 -127")
L 10/08/2014 - 13:19:33: "Splunk Wizard<15><[U:1:197422767]><>" entered the game
L 10/08/2014 - 13:19:33: "Hostage<2><BOT><Red>" killed "rb6freak<10><[U:1:4958073]><Blue>" with "tf_projectile_rocket" (attacker_position "-1386 -2236 -128") (victim_position "-947 -1496 0")
L 10/08/2014 - 13:19:33: "CRITRAWKETS<9><BOT><Red>" triggered "kill assist" against "rb6freak<10><[U:1:4958073]><Blue>" (assister_position "-1391 -2109 -128") (attacker_position "-1386 -2236 -128") (victim_position "-947 -1496 0")
L 10/08/2014 - 13:19:42: "Nobody<6><BOT><Blue>" killed "C++<5><BOT><Red>" with "tf_projectile_pipe" (attacker_position "238 -1764 -127") (victim_position "66 -1746 -157")
L 10/08/2014 - 13:19:42: "Nobody<6><BOT><Blue>" committed suicide with "tf_projectile_pipe" (attacker_position "238 -1764 -127")
L 10/08/2014 - 13:19:42: "C++<5><BOT><Red>" changed role to "demoman"
L 10/08/2014 - 13:19:44: "CrySomeMore<3><BOT><Blue>" triggered "player_builtobject" (object "OBJ_TELEPORTER") (position "1448 -1927 -127")
L 10/08/2014 - 13:19:45: "=(e)=™ Colonel Panic<14><[U:1:12110320]><Red>" triggered "jarate_attack" against "CrySomeMore<3><BOT><Blue>" with "tf_weapon_jar" (attacker_position "1218 -1733 -142") (victim_position "1331 -1781 -142")
L 10/08/2014 - 13:19:46: "CrySomeMore<3><BOT><Blue>" killed "=(e)=™ Colonel Panic<14><[U:1:12110320]><Red>" with "shotgun_primary" (attacker_position "1105 -2013 -129") (victim_position "1028 -1825 -139")
L 10/08/2014 - 13:19:48: "CrySomeMore<3><BOT><Blue>" triggered "player_builtobject" (object "OBJ_TELEPORTER") (position "1099 -2016 -129")
L 10/08/2014 - 13:19:50: "Splunk Wizard<15><[U:1:197422767]><Unassigned>" joined team "Blue"
L 10/08/2014 - 13:19:59: "Splunk Wizard<15><[U:1:197422767]><Blue>" changed role to "scout"
L 10/08/2014 - 13:20:01: "CrySomeMore<3><BOT><Blue>" triggered "player_builtobject" (object "OBJ_TELEPORTER") (position "-55 -2216 -113")
L 10/08/2014 - 13:20:02: "Slysdexia<11><[U:1:12012915]><Red>" killed "Humans Are Weak<4><BOT><Blue>" with "wrangler_kill" (attacker_position "-1474 -1432 -127") (victim_position "-1128 -2059 -115")
L 10/08/2014 - 13:20:02: "RageQuit<7><BOT><Red>" triggered "kill assist" against "Humans Are Weak<4><BOT><Blue>" (assister_position "-1351 -1690 -129") (attacker_position "-1474 -1432 -127") (victim_position "-1128 -2059 -115")
L 10/08/2014 - 13:20:02: "Humans Are Weak<4><BOT><Blue>" changed role to "demoman"
L 10/08/2014 - 13:20:05: "RageQuit<7><BOT><Red>" triggered "medic_death" against "Ze Ubermensch<8><BOT><Blue>" (healing "0") (ubercharge "0")
L 10/08/2014 - 13:20:05: "RageQuit<7><BOT><Red>" killed "Ze Ubermensch<8><BOT><Blue>" with "obj_sentrygun3" (attacker_position "-1343 -1693 -130") (victim_position "-1003 -1959 -152")
L 10/08/2014 - 13:20:27: "CRITRAWKETS<9><BOT><Red>" triggered "chargedeployed"
L 10/08/2014 - 13:20:37: "rb6freak<10><[U:1:4958073]><Blue>" triggered "medic_death" against "CRITRAWKETS<9><BOT><Red>" (healing "2002") (ubercharge "0")
L 10/08/2014 - 13:20:37: "rb6freak<10><[U:1:4958073]><Blue>" killed "CRITRAWKETS<9><BOT><Red>" with "tf_projectile_rocket" (attacker_position "-566 -2276 0") (victim_position "-833 -2562 -126")
L 10/08/2014 - 13:20:37: "Splunk is credit to team!<13><[U:1:197412154]><Blue>" triggered "kill assist" against "CRITRAWKETS<9><BOT><Red>" (assister_position "-63 -2542 -126") (attacker_position "-566 -2276 0") (victim_position "-833 -2562 -126")
L 10/08/2014 - 13:20:45: "=(e)=™ Colonel Panic<14><[U:1:12110320]><Red>" killed "CrySomeMore<3><BOT><Blue>" with "tf_projectile_arrow" (attacker_position "-959 -2787 -127") (victim_position "-502 -2426 -122")
L 10/08/2014 - 13:20:48: "splunk> All Batbelt, No tights<16><[U:1:197367651]><>" connected, address "192.168.1.104:27005"
L 10/08/2014 - 13:20:48: "splunk> All Batbelt, No tights<16><[U:1:197367651]><>" STEAM USERID validated
L 10/08/2014 - 13:20:48: "Hostage<2><BOT><Red>" killed "Splunk Wizard<15><[U:1:197422767]><Blue>" with "tf_projectile_rocket" (attacker_position "-1219 -1811 -159") (victim_position "-985 -1933 -157")
L 10/08/2014 - 13:20:48: "Humans Are Weak<4><BOT><Blue>" killed "=(e)=™ Colonel Panic<14><[U:1:12110320]><Red>" with "tf_projectile_pipe" (attacker_position "-684 -2430 -125") (victim_position "-1250 -2745 -120")
L 10/08/2014 - 13:20:52: "splunk> All Batbelt, No tights<16><[U:1:197367651]><>" entered the game
L 10/08/2014 - 13:20:54: "RageQuit<7><BOT><Red>" killed "Humans Are Weak<4><BOT><Blue>" with "obj_sentrygun3" (attacker_position "-1392 -1788 -141") (victim_position "-1102 -2395 -128")
L 10/08/2014 - 13:20:56: "Hostage<2><BOT><Red>" killed "Nobody<6><BOT><Blue>" with "tf_projectile_rocket" (attacker_position "-1372 -1703 -135") (victim_position "-845 -2230 0")
L 10/08/2014 - 13:20:56: "Slysdexia<11><[U:1:12012915]><Red>" triggered "kill assist" against "Nobody<6><BOT><Blue>" (assister_position "-1503 -1432 -127") (attacker_position "-1372 -1703 -135") (victim_position "-845 -2230 0")
L 10/08/2014 - 13:21:05: "Hostage<2><BOT><Red>" killed "Splunk is credit to team!<13><[U:1:197412154]><Blue>" with "tf_projectile_rocket" (attacker_position "-1411 -1803 -137") (victim_position "-1157 -2419 -128")
L 10/08/2014 - 13:21:05: "CRITRAWKETS<9><BOT><Red>" triggered "kill assist" against "Splunk is credit to team!<13><[U:1:197412154]><Blue>" (assister_position "-1511 -1655 -127") (attacker_position "-1411 -1803 -137") (victim_position "-1157 -2419 -128")
L 10/08/2014 - 13:21:09: "C++<5><BOT><Red>" stuck (position "-1401.43 -1686.11 -127.97") (duration "3.57") L 10/08/2014 - 13:21:09:    path_goal ( "NULL" )
L 10/08/2014 - 13:21:09: "C++<5><BOT><Red>" stuck (position "-1373.04 -1684.43 -99.77") (duration "3.69") L 10/08/2014 - 13:21:09:    path_goal ( "NULL" )
L 10/08/2014 - 13:21:11: "CrySomeMore<3><BOT><Blue>" triggered "player_builtobject" (object "OBJ_TELEPORTER") (position "2492 980 -188")
L 10/08/2014 - 13:21:14: "=(e)=™ Colonel Panic<14><[U:1:12110320]><Red>" triggered "medic_death" against "Ze Ubermensch<8><BOT><Blue>" (healing "470") (ubercharge "0")
L 10/08/2014 - 13:21:14: "=(e)=™ Colonel Panic<14><[U:1:12110320]><Red>" killed "Ze Ubermensch<8><BOT><Blue>" with "tf_projectile_arrow" (attacker_position "-1365 -2129 -128") (victim_position "-908 -1516 0")
L 10/08/2014 - 13:21:14: "Hostage<2><BOT><Red>" triggered "kill assist" against "Ze Ubermensch<8><BOT><Blue>" (assister_position "-1563 -2156 -82") (attacker_position "-1365 -2129 -128") (victim_position "-908 -1516 0")
L 10/08/2014 - 13:21:32: "=(e)=™ Colonel Panic<14><[U:1:12110320]><Red>" killed "CrySomeMore<3><BOT><Blue>" with "tf_projectile_arrow" (customkill "headshot") (attacker_position "-680 -2321 -3") (victim_position "227 -1691 -127")
L 10/08/2014 - 13:21:47: "=(e)=™ Colonel Panic<14><[U:1:12110320]><Red>" triggered "killedobject" (object "OBJ_TELEPORTER") (weapon "huntsman") (objectowner "CrySomeMore<3><BOT><Blue>") (attacker_position "-737 -2498 -124")
L 10/08/2014 - 13:21:52: "Data Wizard<17><[U:1:197413154]><>" connected, address "192.168.1.116:27005"
L 10/08/2014 - 13:21:52: "Data Wizard<17><[U:1:197413154]><>" STEAM USERID validated
L 10/08/2014 - 13:21:55: "Data Wizard<17><[U:1:197413154]><>" entered the game
L 10/08/2014 - 13:21:56: "Humans Are Weak<4><BOT><Blue>" killed "RageQuit<7><BOT><Red>" with "tf_projectile_pipe_remote" (attacker_position "-566 -1770 -131") (victim_position "-1330 -1680 -127")
L 10/08/2014 - 13:21:56: "Humans Are Weak<4><BOT><Blue>" triggered "killedobject" (object "OBJ_DISPENSER") (weapon "tf_projectile_pipe_remote") (objectowner "RageQuit<7><BOT><Red>") (attacker_position "-566 -1770 -131")
L 10/08/2014 - 13:21:56: "Humans Are Weak<4><BOT><Blue>" triggered "killedobject" (object "OBJ_SENTRYGUN") (weapon "tf_projectile_pipe_remote") (objectowner "RageQuit<7><BOT><Red>") (attacker_position "-566 -1770 -131")
L 10/08/2014 - 13:21:58: "Ze Ubermensch<8><BOT><Blue>" stuck (position "2249.90 1085.15 -223.97") (duration "3.12") L 10/08/2014 - 13:21:58:    path_goal ( "NULL" )
L 10/08/2014 - 13:21:58: "Ze Ubermensch<8><BOT><Blue>" stuck (position "2251.05 1085.86 -195.77") (duration "3.24") L 10/08/2014 - 13:21:58:    path_goal ( "NULL" )
L 10/08/2014 - 13:21:59: "Ze Ubermensch<8><BOT><Blue>" stuck (position "2260.89 1090.52 -223.97") (duration "4.34") L 10/08/2014 - 13:21:59:    path_goal ( "NULL" )
L 10/08/2014 - 13:22:00: "rb6freak<10><[U:1:4958073]><Blue>" triggered "medic_death" against "CRITRAWKETS<9><BOT><Red>" (healing "471") (ubercharge "0")
L 10/08/2014 - 13:22:00: "rb6freak<10><[U:1:4958073]><Blue>" killed "CRITRAWKETS<9><BOT><Red>" with "tf_projectile_rocket" (attacker_position "-872 -1508 0") (victim_position "-1593 -2301 -127")
L 10/08/2014 - 13:22:00: "Nobody<6><BOT><Blue>" triggered "kill assist" against "CRITRAWKETS<9><BOT><Red>" (assister_position "-1120 -2724 -120") (attacker_position "-872 -1508 0") (victim_position "-1593 -2301 -127")
L 10/08/2014 - 13:22:00: "Ze Ubermensch<8><BOT><Blue>" stuck (position "2263.77 1069.37 -223.97") (duration "5.43") L 10/08/2014 - 13:22:00:    path_goal ( "NULL" )
L 10/08/2014 - 13:22:01: "Ze Ubermensch<8><BOT><Blue>" stuck (position "2262.16 1071.07 -223.97") (duration "6.53") L 10/08/2014 - 13:22:01:    path_goal ( "NULL" )
L 10/08/2014 - 13:22:01: "Data Wizard<17><[U:1:197413154]><Unassigned>" joined team "Red"
L 10/08/2014 - 13:22:02: "Ze Ubermensch<8><BOT><Blue>" stuck (position "2267.75 1076.63 -223.97") (duration "7.62") L 10/08/2014 - 13:22:02:    path_goal ( "NULL" )
L 10/08/2014 - 13:22:03: "Data Wizard<17><[U:1:197413154]><Red>" changed role to "pyro"
L 10/08/2014 - 13:22:03: "Nobody<6><BOT><Blue>" killed "C++<5><BOT><Red>" with "tf_projectile_pipe" (attacker_position "-545 -2392 -117") (victim_position "-1479 -2653 -123")
L 10/08/2014 - 13:22:03: "C++<5><BOT><Red>" changed role to "soldier"
L 10/08/2014 - 13:22:03: "Ze Ubermensch<8><BOT><Blue>" stuck (position "2261.92 1076.36 -223.97") (duration "8.62") L 10/08/2014 - 13:22:03:    path_goal ( "NULL" )
L 10/08/2014 - 13:22:04: "Ze Ubermensch<8><BOT><Blue>" stuck (position "2250.52 1070.77 -223.97") (duration "9.71") L 10/08/2014 - 13:22:04:    path_goal ( "NULL" )
L 10/08/2014 - 13:22:13: "Data Wizard<17><[U:1:197413154]><Red>" killed "Humans Are Weak<4><BOT><Blue>" with "deflect_promode" (attacker_position "-1212 -2526 -127") (victim_position "-674 -2417 -124")
L 10/08/2014 - 13:22:13: "Humans Are Weak<4><BOT><Blue>" changed role to "pyro"
L 10/08/2014 - 13:22:22: "=(e)=™ Colonel Panic<14><[U:1:12110320]><Red>" triggered "jarate_attack" against "rb6freak<10><[U:1:4958073]><Blue>" with "tf_weapon_jar" (attacker_position "-1346 -1829 -150") (victim_position "-709 -1642 0")
L 10/08/2014 - 13:22:22: "CrySomeMore<3><BOT><Blue>" triggered "player_builtobject" (object "OBJ_TELEPORTER") (position "-181 -1676 -132")
L 10/08/2014 - 13:22:25: "Data Wizard<17><[U:1:197413154]><Red>" killed "Nobody<6><BOT><Blue>" with "flamethrower" (attacker_position "-608 -1530 0") (victim_position "-400 -1280 -122")
L 10/08/2014 - 13:22:25: "Nobody<6><BOT><Blue>" changed role to "soldier"
L 10/08/2014 - 13:22:28: "RageQuit<7><BOT><Red>" triggered "player_builtobject" (object "OBJ_SENTRYGUN") (position "-1003 -2110 0")
L 10/08/2014 - 13:22:31: "=(e)=™ Colonel Panic<14><[U:1:12110320]><Red>" killed "Splunk is credit to team!<13><[U:1:197412154]><Blue>" with "tf_projectile_arrow" (customkill "headshot") (attacker_position "-1489 -2516 -127") (victim_position "-2 -2501 -127")
L 10/08/2014 - 13:22:31: "CRITRAWKETS<9><BOT><Red>" triggered "kill assist" against "Splunk is credit to team!<13><[U:1:197412154]><Blue>" (assister_position "-1633 -2138 -47") (attacker_position "-1489 -2516 -127") (victim_position "-2 -2501 -127")
L 10/08/2014 - 13:22:45: "Slysdexia<11><[U:1:12012915]><Red>" triggered "player_builtobject" (object "OBJ_TELEPORTER") (position "-1414 -1433 -127")
L 10/08/2014 - 13:22:51: "RageQuit<7><BOT><Red>" killed "rb6freak<10><[U:1:4958073]><Blue>" with "obj_sentrygun" (attacker_position "-830 -2688 -127") (victim_position "-989 -1521 0")
L 10/08/2014 - 13:22:51: "Hostage<2><BOT><Red>" triggered "kill assist" against "rb6freak<10><[U:1:4958073]><Blue>" (assister_position "-1698 -2015 -45") (attacker_position "-830 -2688 -127") (victim_position "-989 -1521 0")
L 10/08/2014 - 13:22:57: "Data Wizard<17><[U:1:197413154]><Red>" killed "Humans Are Weak<4><BOT><Blue>" with "deflect_rocket" (attacker_position "-1238 -1980 -149") (victim_position "-960 -1900 -159")
L 10/08/2014 - 13:22:57: "Hostage<2><BOT><Red>" triggered "kill assist" against "Humans Are Weak<4><BOT><Blue>" (assister_position "-1697 -1962 -45") (attacker_position "-1238 -1980 -149") (victim_position "-960 -1900 -159")
L 10/08/2014 - 13:22:57: "Humans Are Weak<4><BOT><Blue>" changed role to "demoman"
L 10/08/2014 - 13:23:03: "C++<5><BOT><Red>" killed "Nobody<6><BOT><Blue>" with "tf_projectile_rocket" (attacker_position "-866 -1925 -157") (victim_position "-225 -1956 -158")
L 10/08/2014 - 13:23:03: "Data Wizard<17><[U:1:197413154]><Red>" triggered "kill assist" against "Nobody<6><BOT><Blue>" (assister_position "-1009 -2735 -124") (attacker_position "-866 -1925 -157") (victim_position "-225 -1956 -158")
L 10/08/2014 - 13:23:08: "C++<5><BOT><Red>" killed "Splunk Wizard<15><[U:1:197422767]><Blue>" with "tf_projectile_rocket" (attacker_position "-1006 -1850 -159") (victim_position "-862 -1824 -157")
L 10/08/2014 - 13:23:16: "Data Wizard<17><[U:1:197413154]><Red>" triggered "killedobject" (object "OBJ_TELEPORTER") (weapon "flamethrower") (objectowner "CrySomeMore<3><BOT><Blue>") (attacker_position "-228 -1525 -127")
L 10/08/2014 - 13:23:32: "Data Wizard<17><[U:1:197413154]><Red>" killed "Splunk is credit to team!<13><[U:1:197412154]><Blue>" with "flamethrower" (attacker_position "672 -1840 -126") (victim_position "694 -1620 -118")
L 10/08/2014 - 13:23:33: "CrySomeMore<3><BOT><Blue>" triggered "player_builtobject" (object "OBJ_TELEPORTER") (position "-849 -1363 -45")
L 10/08/2014 - 13:23:36: "rb6freak<10><[U:1:4958073]><Blue>" say "what is ubercharge?"
L 10/08/2014 - 13:23:39: "Slysdexia<11><[U:1:12012915]><Red>" killed "CrySomeMore<3><BOT><Blue>" with "wrangler_kill" (attacker_position "-1527 -1432 -115") (victim_position "-1141 -1488 -127")
L 10/08/2014 - 13:23:39: "RageQuit<7><BOT><Red>" triggered "kill assist" against "CrySomeMore<3><BOT><Blue>" (assister_position "-1195 -1970 -154") (attacker_position "-1527 -1432 -115") (victim_position "-1141 -1488 -127")
L 10/08/2014 - 13:23:46: "Ze Ubermensch<8><BOT><Blue>" triggered "player_extinguished" against "rb6freak<10><[U:1:4958073]><Blue>" with "tf_weapon_medigun" (attacker_position "1420 -1496 -127") (victim_position "1349 -1609 -135")
L 10/08/2014 - 13:23:46: "rb6freak<10><[U:1:4958073]><Blue>" killed "Data Wizard<17><[U:1:197413154]><Red>" with "shotgun_soldier" (attacker_position "1263 -1572 -129") (victim_position "1191 -1194 -96")
L 10/08/2014 - 13:23:46: "Ze Ubermensch<8><BOT><Blue>" triggered "kill assist" against "Data Wizard<17><[U:1:197413154]><Red>" (assister_position "1420 -1496 -127") (attacker_position "1263 -1572 -129") (victim_position "1191 -1194 -96")
L 10/08/2014 - 13:23:46: "Data Wizard<17><[U:1:197413154]><Red>" triggered "medic_death" against "Ze Ubermensch<8><BOT><Blue>" (healing "313") (ubercharge "0")
L 10/08/2014 - 13:23:46: "Data Wizard<17><[U:1:197413154]><Red>" killed "Ze Ubermensch<8><BOT><Blue>" with "flamethrower" (attacker_position "1191 -1194 -82") (victim_position "1420 -1496 -127")
L 10/08/2014 - 13:23:51: "=(e)=™ Colonel Panic<14><[U:1:12110320]><Red>" say "makes you invulnerable"
L 10/08/2014 - 13:23:55: "RageQuit<7><BOT><Red>" triggered "player_builtobject" (object "OBJ_DISPENSER") (position "-1014 -2110 0")
L 10/08/2014 - 13:23:57: "Slysdexia<11><[U:1:12012915]><Red>" say_team "?"
L 10/08/2014 - 13:24:00: "rb6freak<10><[U:1:4958073]><Blue>" say "how do you use it?"
L 10/08/2014 - 13:24:01: "=(e)=™ Colonel Panic<14><[U:1:12110320]><Red>" say "well the medic uses it to make someone invulnerable"
L 10/08/2014 - 13:24:03: "rb6freak<10><[U:1:4958073]><Blue>" say "or get it?"
L 10/08/2014 - 13:24:05: "Nobody<6><BOT><Blue>" stuck (position "1494.91 773.88 -126.74") (duration "4.20") L 10/08/2014 - 13:24:05:    path_goal ( "1525.00 775.00 -154.94" )
L 10/08/2014 - 13:24:07: "rb6freak<10><[U:1:4958073]><Blue>" say "ah okay"
L 10/08/2014 - 13:24:08: "=(e)=™ Colonel Panic<14><[U:1:12110320]><Red>" say "are you the medic?"
L 10/08/2014 - 13:24:11: "rb6freak<10><[U:1:4958073]><Blue>" say "neg"
L 10/08/2014 - 13:24:14: "C++<5><BOT><Red>" killed "CrySomeMore<3><BOT><Blue>" with "tf_projectile_rocket" (attacker_position "-278 -2432 -123") (victim_position "-314 -2037 -128")
L 10/08/2014 - 13:24:27: "splunk> All Batbelt, No tights<16><[U:1:197367651]><Unassigned>" joined team "Spectator"
L 10/08/2014 - 13:24:28: "=(e)=™ Colonel Panic<14><[U:1:12110320]><Red>" say "in that case don't worry about it :)"
L 10/08/2014 - 13:24:38: "Data Wizard<17><[U:1:197413154]><Red>" killed "Splunk Wizard<15><[U:1:197422767]><Blue>" with "flamethrower" (attacker_position "-753 -995 -47") (victim_position "426 -1042 -127")
L 10/08/2014 - 13:24:39: "Hostage<2><BOT><Red>" killed "Splunk is credit to team!<13><[U:1:197412154]><Blue>" with "tf_projectile_rocket" (attacker_position "-1679 -2088 -45") (victim_position "-103 -2504 -127")
L 10/08/2014 - 13:24:39: "CRITRAWKETS<9><BOT><Red>" triggered "kill assist" against "Splunk is credit to team!<13><[U:1:197412154]><Blue>" (assister_position "-1618 -2154 -55") (attacker_position "-1679 -2088 -45") (victim_position "-103 -2504 -127")
L 10/08/2014 - 13:24:49: "RageQuit<7><BOT><Red>" killed "CrySomeMore<3><BOT><Blue>" with "obj_sentrygun3" (attacker_position "-944 -2075 0") (victim_position "-1037 -1613 0")
L 10/08/2014 - 13:24:50: "rb6freak<10><[U:1:4958073]><Blue>" killed "Data Wizard<17><[U:1:197413154]><Red>" with "tf_projectile_rocket" (attacker_position "-320 -1299 -124") (victim_position "-620 -1431 19")
L 10/08/2014 - 13:25:05: "rb6freak<10><[U:1:4958073]><Blue>" killed "C++<5><BOT><Red>" with "tf_projectile_rocket" (attacker_position "-196 -1912 -159") (victim_position "-1420 -1779 -134")
L 10/08/2014 - 13:25:05: "Ze Ubermensch<8><BOT><Blue>" triggered "kill assist" against "C++<5><BOT><Red>" (assister_position "-184 -1695 -137") (attacker_position "-196 -1912 -159") (victim_position "-1420 -1779 -134")
L 10/08/2014 - 13:25:05: "C++<5><BOT><Red>" changed role to "pyro"
L 10/08/2014 - 13:25:05: "CRITRAWKETS<9><BOT><Red>" triggered "chargedeployed"
L 10/08/2014 - 13:25:08: "RageQuit<7><BOT><Red>" killed "Humans Are Weak<4><BOT><Blue>" with "obj_sentrygun3" (attacker_position "-944 -2075 0") (victim_position "-570 -2519 -125")
L 10/08/2014 - 13:25:09: "Nobody<6><BOT><Blue>" stuck (position "166.22 -2211.28 -108.91") (duration "4.53") L 10/08/2014 - 13:25:09:    path_goal ( "200.00 -2212.50 -110.66" )
L 10/08/2014 - 13:25:09: "Nobody<6><BOT><Blue>" stuck (position "154.75 -2200.73 -101.44") (duration "4.64") L 10/08/2014 - 13:25:09:    path_goal ( "200.00 -2212.50 -110.66" )
L 10/08/2014 - 13:25:10: "Nobody<6><BOT><Blue>" stuck (position "179.20 -2232.06 -110.55") (duration "5.68") L 10/08/2014 - 13:25:10:    path_goal ( "200.00 -2212.50 -110.66" )
L 10/08/2014 - 13:25:11: "Nobody<6><BOT><Blue>" stuck (position "184.71 -2233.39 -109.14") (duration "6.75") L 10/08/2014 - 13:25:11:    path_goal ( "NULL" )
L 10/08/2014 - 13:25:12: "Nobody<6><BOT><Blue>" stuck (position "183.20 -2219.28 -106.42") (duration "7.80") L 10/08/2014 - 13:25:12:    path_goal ( "178.72 -2256.92 -112.93" )
L 10/08/2014 - 13:25:13: "Nobody<6><BOT><Blue>" stuck (position "201.62 -2216.24 -101.46") (duration "8.85") L 10/08/2014 - 13:25:13:    path_goal ( "178.72 -2256.92 -112.93" )
L 10/08/2014 - 13:25:15: "Nobody<6><BOT><Blue>" stuck (position "179.33 -2234.34 -110.71") (duration "9.90") L 10/08/2014 - 13:25:15:    path_goal ( "200.00 -2212.50 -110.66" )
L 10/08/2014 - 13:25:15: "Hostage<2><BOT><Red>" killed "Nobody<6><BOT><Blue>" with "tf_projectile_rocket" (attacker_position "-177 -1822 -159") (victim_position "178 -2235 -110")
L 10/08/2014 - 13:25:15: "CRITRAWKETS<9><BOT><Red>" triggered "kill assist" against "Nobody<6><BOT><Blue>" (assister_position "-432 -1895 -159") (attacker_position "-177 -1822 -159") (victim_position "178 -2235 -110")
L 10/08/2014 - 13:25:15: "Nobody<6><BOT><Blue>" changed role to "demoman"
L 10/08/2014 - 13:25:18: "Data Wizard<17><[U:1:197413154]><Red>" triggered "medic_death" against "Ze Ubermensch<8><BOT><Blue>" (healing "735") (ubercharge "0")
L 10/08/2014 - 13:25:18: "Data Wizard<17><[U:1:197413154]><Red>" killed "Ze Ubermensch<8><BOT><Blue>" with "flamethrower" (attacker_position "-85 -1952 -159") (victim_position "-103 -2000 -139")
L 10/08/2014 - 13:25:25: "Hostage<2><BOT><Red>" killed "CrySomeMore<3><BOT><Blue>" with "tf_projectile_rocket" (attacker_position "-564 -2435 -123") (victim_position "-402 -2294 -124")
L 10/08/2014 - 13:25:34: "rb6freak<10><[U:1:4958073]><Blue>" triggered "medic_death" against "CRITRAWKETS<9><BOT><Red>" (healing "1806") (ubercharge "0")
L 10/08/2014 - 13:25:34: "rb6freak<10><[U:1:4958073]><Blue>" killed "CRITRAWKETS<9><BOT><Red>" with "tf_projectile_rocket" (attacker_position "-381 -1867 0") (victim_position "-296 -2220 -126")
L 10/08/2014 - 13:25:36: "Data Wizard<17><[U:1:197413154]><Red>" killed "Splunk is credit to team!<13><[U:1:197412154]><Blue>" with "flamethrower" (attacker_position "562 -2729 -127") (victim_position "525 -2680 -122")
L 10/08/2014 - 13:25:39: "Hostage<2><BOT><Red>" killed "rb6freak<10><[U:1:4958073]><Blue>" with "shotgun_soldier" (attacker_position "-568 -2219 0") (victim_position "-489 -1711 0")
L 10/08/2014 - 13:25:39: "Hostage<2><BOT><Red>" triggered "domination" against "rb6freak<10><[U:1:4958073]><Blue>"
L 10/08/2014 - 13:25:43: "Humans Are Weak<4><BOT><Blue>" killed "Data Wizard<17><[U:1:197413154]><Red>" with "tf_projectile_pipe" (attacker_position "1179 -1503 -124") (victim_position "1100 -1830 -138")
L 10/08/2014 - 13:25:56: "C++<5><BOT><Red>" killed "Humans Are Weak<4><BOT><Blue>" with "flamethrower" (attacker_position "-221 -2393 -127") (victim_position "-362 -2363 -126")
L 10/08/2014 - 13:26:05: "CrySomeMore<3><BOT><Blue>" killed "C++<5><BOT><Red>" with "shotgun_primary" (attacker_position "1304 -1510 -43") (victim_position "978 -1685 -131")
L 10/08/2014 - 13:26:05: "Splunk Wizard<15><[U:1:197422767]><Blue>" triggered "kill assist" against "C++<5><BOT><Red>" (assister_position "1212 -1340 -78") (attacker_position "1304 -1510 -43") (victim_position "978 -1685 -131")
L 10/08/2014 - 13:26:05: "C++<5><BOT><Red>" changed role to "demoman"
L 10/08/2014 - 13:26:07: "C++<5><BOT><Red>" killed "Splunk Wizard<15><[U:1:197422767]><Blue>" with "flamethrower" (attacker_position "978 -1685 -43") (victim_position "1522 -1949 -127")
L 10/08/2014 - 13:26:14: "Ze Ubermensch<8><BOT><Blue>" triggered "player_extinguished" against "Nobody<6><BOT><Blue>" with "tf_weapon_medigun" (attacker_position "-120 -1779 -159") (victim_position "-300 -1696 -133")
L 10/08/2014 - 13:26:15: "Data Wizard<17><[U:1:197413154]><Red>" triggered "medic_death" against "Ze Ubermensch<8><BOT><Blue>" (healing "224") (ubercharge "0")
L 10/08/2014 - 13:26:15: "Data Wizard<17><[U:1:197413154]><Red>" killed "Ze Ubermensch<8><BOT><Blue>" with "flamethrower" (attacker_position "-88 -1736 -152") (victim_position "-140 -1774 -159")
L 10/08/2014 - 13:26:21: "Slysdexia<11><[U:1:12012915]><Red>" killed "Nobody<6><BOT><Blue>" with "wrangler_kill" (attacker_position "-1531 -1443 -115") (victim_position "-1394 -1779 -141")
L 10/08/2014 - 13:26:21: "Hostage<2><BOT><Red>" triggered "kill assist" against "Nobody<6><BOT><Blue>" (assister_position "-1646 -2485 -127") (attacker_position "-1531 -1443 -115") (victim_position "-1394 -1779 -141")
L 10/08/2014 - 13:26:35: "Data Wizard<17><[U:1:197413154]><Red>" killed "CrySomeMore<3><BOT><Blue>" with "flamethrower" (attacker_position "362 -1572 -127") (victim_position "360 -1385 -127")
L 10/08/2014 - 13:26:35: "CRITRAWKETS<9><BOT><Red>" triggered "kill assist" against "CrySomeMore<3><BOT><Blue>" (assister_position "480 -1162 -127") (attacker_position "362 -1572 -127") (victim_position "360 -1385 -127")
L 10/08/2014 - 13:26:38: "Data Wizard<17><[U:1:197413154]><Red>" killed "rb6freak<10><[U:1:4958073]><Blue>" with "flamethrower" (attacker_position "378 -977 -123") (victim_position "-551 -1029 -81")
L 10/08/2014 - 13:26:38: "CRITRAWKETS<9><BOT><Red>" triggered "kill assist" against "rb6freak<10><[U:1:4958073]><Blue>" (assister_position "496 -1187 -127") (attacker_position "378 -977 -123") (victim_position "-551 -1029 -81")
L 10/08/2014 - 13:26:42: "Hostage<2><BOT><Red>" killed "Splunk is credit to team!<13><[U:1:197412154]><Blue>" with "tf_projectile_rocket" (attacker_position "-1637 -2369 -127") (victim_position "-438 -2469 -117")
L 10/08/2014 - 13:26:45: "Data Wizard<17><[U:1:197413154]><Red>" triggered "killedobject" (object "OBJ_TELEPORTER") (weapon "flamethrower") (objectowner "CrySomeMore<3><BOT><Blue>") (attacker_position "-790 -1369 -45")
L 10/08/2014 - 13:26:45: "CRITRAWKETS<9><BOT><Red>" triggered "killedobject" (object "OBJ_TELEPORTER") (objectowner "CrySomeMore<3><BOT><Blue>") (assist "1") (assister_position "-756 -1048 -47") (attacker_position "-790 -1369 -45")
L 10/08/2014 - 13:26:58: "Data Wizard<17><[U:1:197413154]><Red>" triggered "medic_death" against "Ze Ubermensch<8><BOT><Blue>" (healing "131") (ubercharge "0")
L 10/08/2014 - 13:26:58: "Data Wizard<17><[U:1:197413154]><Red>" killed "Ze Ubermensch<8><BOT><Blue>" with "flamethrower" (attacker_position "1731 -1340 -119") (victim_position "1860 -1216 -116")
L 10/08/2014 - 13:26:58: "Data Wizard<17><[U:1:197413154]><Red>" triggered "domination" against "Ze Ubermensch<8><BOT><Blue>"
L 10/08/2014 - 13:27:01: "RageQuit<7><BOT><Red>" killed "Humans Are Weak<4><BOT><Blue>" with "obj_sentrygun3" (attacker_position "-936 -2065 0") (victim_position "-676 -2465 -127")
L 10/08/2014 - 13:27:02: "Data Wizard<17><[U:1:197413154]><Red>" killed "Nobody<6><BOT><Blue>" with "flamethrower" (attacker_position "1746 -616 -191") (victim_position "1864 -694 -172")
L 10/08/2014 - 13:27:20: "rb6freak<10><[U:1:4958073]><Blue>" triggered "medic_death" against "CRITRAWKETS<9><BOT><Red>" (healing "769") (ubercharge "0")
L 10/08/2014 - 13:27:20: "rb6freak<10><[U:1:4958073]><Blue>" killed "CRITRAWKETS<9><BOT><Red>" with "tf_projectile_rocket" (attacker_position "2517 -1238 0") (victim_position "1922 -1274 -121")
L 10/08/2014 - 13:27:20: "Splunk is credit to team!<13><[U:1:197412154]><Blue>" triggered "kill assist" against "CRITRAWKETS<9><BOT><Red>" (assister_position "2513 -240 -191") (attacker_position "2517 -1238 0") (victim_position "1922 -1274 -121")
L 10/08/2014 - 13:27:21: "CrySomeMore<3><BOT><Blue>" stuck (position "2658.15 -1009.33 -0.61") (duration "3.36") L 10/08/2014 - 13:27:21:    path_goal ( "2666.72 -1013.63 -69.34" )
L 10/08/2014 - 13:27:21: "CrySomeMore<3><BOT><Blue>" stuck (position "2657.42 -1015.10 -10.58") (duration "3.46") L 10/08/2014 - 13:27:21:    path_goal ( "2666.72 -1013.63 -69.34" )
L 10/08/2014 - 13:27:29: "=(e)=™ Colonel Panic<14><[U:1:12110320]><Red>" killed "rb6freak<10><[U:1:4958073]><Blue>" with "tf_projectile_arrow" (customkill "headshot") (attacker_position "887 -1610 -112") (victim_position "2375 -1567 7")
L 10/08/2014 - 13:27:34: "=(e)=™ Colonel Panic<14><[U:1:12110320]><Red>" triggered "jarate_attack" against "Humans Are Weak<4><BOT><Blue>" with "tf_weapon_jar" (attacker_position "952 -1961 -127") (victim_position "1142 -1829 -138")
L 10/08/2014 - 13:27:34: "Ze Ubermensch<8><BOT><Blue>" triggered "player_extinguished" against "Splunk is credit to team!<13><[U:1:197412154]><Blue>" with "tf_weapon_medigun" (attacker_position "1743 -1281 -115") (victim_position "1674 -1424 -122")
L 10/08/2014 - 13:27:39: "rb6freak<10><[U:1:4958073]><Blue>" say "nice shot!"
L 10/08/2014 - 13:27:45: "Data Wizard<17><[U:1:197413154]><Red>" killed "Humans Are Weak<4><BOT><Blue>" with "shotgun_pyro" (attacker_position "-343 -2278 -123") (victim_position "-358 -2326 -126")
L 10/08/2014 - 13:27:46: "Nobody<6><BOT><Blue>" killed "=(e)=™ Colonel Panic<14><[U:1:12110320]><Red>" with "tf_projectile_pipe" (attacker_position "725 -1701 -127") (victim_position "638 -1584 -127")
L 10/08/2014 - 13:27:46: "CrySomeMore<3><BOT><Blue>" triggered "player_builtobject" (object "OBJ_TELEPORTER") (position "1100 -1831 -137")
L 10/08/2014 - 13:27:56: "Data Wizard<17><[U:1:197413154]><Red>" killed "Nobody<6><BOT><Blue>" with "flamethrower" (attacker_position "-492 -1581 0") (victim_position "-517 -1469 0")
L 10/08/2014 - 13:27:56: "Data Wizard<17><[U:1:197413154]><Red>" triggered "domination" against "Nobody<6><BOT><Blue>"
L 10/08/2014 - 13:28:18: "Data Wizard<17><[U:1:197413154]><Red>" killed "Splunk Wizard<15><[U:1:197422767]><Blue>" with "flamethrower" (attacker_position "-131 -1617 -127") (victim_position "46 -1558 -110")
L 10/08/2014 - 13:28:19: "Data Wizard<17><[U:1:197413154]><Red>" triggered "medic_death" against "Ze Ubermensch<8><BOT><Blue>" (healing "675") (ubercharge "0")
L 10/08/2014 - 13:28:19: "Data Wizard<17><[U:1:197413154]><Red>" killed "Ze Ubermensch<8><BOT><Blue>" with "flamethrower" (attacker_position "-12 -1765 -159") (victim_position "-367 -1363 -127")
L 10/08/2014 - 13:28:23: "C++<5><BOT><Red>" killed "CrySomeMore<3><BOT><Blue>" with "tf_projectile_pipe_remote" (attacker_position "-1364 -2762 -115") (victim_position "-1152 -2728 -118")
L 10/08/2014 - 13:28:23: "RageQuit<7><BOT><Red>" triggered "kill assist" against "CrySomeMore<3><BOT><Blue>" (assister_position "-936 -2065 0") (attacker_position "-1364 -2762 -115") (victim_position "-1152 -2728 -118")
L 10/08/2014 - 13:28:23: "CrySomeMore<3><BOT><Blue>" changed role to "demoman"
L 10/08/2014 - 13:28:25: "C++<5><BOT><Red>" committed suicide with "tf_projectile_pipe" (attacker_position "-1443 -2489 -127")
L 10/08/2014 - 13:28:25: "C++<5><BOT><Red>" changed role to "soldier"
L 10/08/2014 - 13:28:33: "Slysdexia<11><[U:1:12012915]><Red>" killed "Humans Are Weak<4><BOT><Blue>" with "wrangler_kill" (attacker_position "-1575 -1457 -72") (victim_position "-1305 -1917 -156")
L 10/08/2014 - 13:28:33: "Hostage<2><BOT><Red>" triggered "kill assist" against "Humans Are Weak<4><BOT><Blue>" (assister_position "-1610 -2542 -127") (attacker_position "-1575 -1457 -72") (victim_position "-1305 -1917 -156")
L 10/08/2014 - 13:28:33: "Hostage<2><BOT><Red>" triggered "domination" against "Humans Are Weak<4><BOT><Blue>" (assist "1")
L 10/08/2014 - 13:28:33: "Humans Are Weak<4><BOT><Blue>" killed "RageQuit<7><BOT><Red>" with "tf_projectile_pipe" (attacker_position "-1305 -1917 -68") (victim_position "-992 -2133 183")
L 10/08/2014 - 13:28:33: "rb6freak<10><[U:1:4958073]><Blue>" triggered "kill assist" against "RageQuit<7><BOT><Red>" (assister_position "-895 -1496 0") (attacker_position "-1305 -1917 -68") (victim_position "-992 -2133 183")
L 10/08/2014 - 13:28:34: "rb6freak<10><[U:1:4958073]><Blue>" triggered "killedobject" (object "OBJ_DISPENSER") (weapon "tf_projectile_rocket") (objectowner "RageQuit<7><BOT><Red>") (attacker_position "-898 -1496 0")
L 10/08/2014 - 13:28:34: "RageQuit<7><BOT><Red>" killed "rb6freak<10><[U:1:4958073]><Blue>" with "obj_sentrygun3" (attacker_position "-992 -2133 251") (victim_position "-926 -1496 0")
L 10/08/2014 - 13:28:34: "rb6freak<10><[U:1:4958073]><Blue>" triggered "killedobject" (object "OBJ_SENTRYGUN") (weapon "tf_projectile_rocket") (objectowner "RageQuit<7><BOT><Red>") (attacker_position "-926 -1496 14")
L 10/08/2014 - 13:28:47: "Hostage<2><BOT><Red>" killed "Nobody<6><BOT><Blue>" with "tf_projectile_rocket" (attacker_position "-1659 -2432 -127") (victim_position "-1299 -2622 -123")
L 10/08/2014 - 13:28:47: "CRITRAWKETS<9><BOT><Red>" triggered "kill assist" against "Nobody<6><BOT><Blue>" (assister_position "-1165 -2386 -128") (attacker_position "-1659 -2432 -127") (victim_position "-1299 -2622 -123")
L 10/08/2014 - 13:28:52: "Splunk Wizard<15><[U:1:197422767]><Blue>" changed role to "soldier"
L 10/08/2014 - 13:29:00: World triggered "Mini_Round_Win" (winner "Red") (round "round_2")
L 10/08/2014 - 13:29:00: World triggered "Mini_Round_Length" (seconds "953.06")
L 10/08/2014 - 13:29:00: World triggered "Round_Win" (winner "Red")
L 10/08/2014 - 13:29:00: Team "Red" current score "0" with "7" players
L 10/08/2014 - 13:29:00: Team "Blue" current score "3" with "7" players
L 10/08/2014 - 13:29:04: "=(e)=™ Colonel Panic<14><[U:1:12110320]><Red>" triggered "medic_death" against "Ze Ubermensch<8><BOT><Blue>" (healing "92") (ubercharge "0")
L 10/08/2014 - 13:29:04: "=(e)=™ Colonel Panic<14><[U:1:12110320]><Red>" killed "Ze Ubermensch<8><BOT><Blue>" with "bushwacka" (attacker_position "1536 -1923 -127") (victim_position "1461 -1877 -127")
L 10/08/2014 - 13:29:04: "Ze Ubermensch<8><BOT><Blue>" changed role to "scout"
L 10/08/2014 - 13:29:05: "=(e)=™ Colonel Panic<14><[U:1:12110320]><Red>" killed "CrySomeMore<3><BOT><Blue>" with "bushwacka" (attacker_position "1533 -1906 -127") (victim_position "1476 -1890 -127")
L 10/08/2014 - 13:29:05: "Data Wizard<17><[U:1:197413154]><Red>" triggered "kill assist" against "CrySomeMore<3><BOT><Blue>" (assister_position "949 -1649 -125") (attacker_position "1533 -1906 -127") (victim_position "1476 -1890 -127")
L 10/08/2014 - 13:29:05: "CrySomeMore<3><BOT><Blue>" changed role to "medic"
L 10/08/2014 - 13:29:08: "rb6freak<10><[U:1:4958073]><Blue>" say "gg"
L 10/08/2014 - 13:29:12: "C++<5><BOT><Red>" stuck (position "-527.96 -1807.44 -158.50") (duration "4.20") L 10/08/2014 - 13:29:12:    path_goal ( "-512.50 -1762.50 -134.74" )
L 10/08/2014 - 13:29:12: "C++<5><BOT><Red>" stuck (position "-544.01 -1806.79 -133.19") (duration "4.31") L 10/08/2014 - 13:29:12:    path_goal ( "-575.00 -1800.00 -159.97" )
L 10/08/2014 - 13:29:12: "Data Wizard<17><[U:1:197413154]><Red>" say "gg"
L 10/08/2014 - 13:29:13: "C++<5><BOT><Red>" stuck (position "-550.24 -1767.24 -131.35") (duration "5.36") L 10/08/2014 - 13:29:13:    path_goal ( "-512.50 -1762.50 -134.74" )
L 10/08/2014 - 13:29:15: "=(e)=™ Colonel Panic<14><[U:1:12110320]><Red>" killed "rb6freak<10><[U:1:4958073]><Blue>" with "tf_projectile_arrow" (attacker_position "1811 -1586 -132") (victim_position "2073 -640 -200")
L 10/08/2014 - 13:29:15: World triggered "Game_Over" reason "Reached Time Limit"
L 10/08/2014 - 13:29:15: Team "Red" final score "0" with "7" players
L 10/08/2014 - 13:29:15: Team "Blue" final score "3" with "7" players
L 10/08/2014 - 13:29:19: "CRITRAWKETS<9><BOT><Red>" stuck (position "1705.77 -1405.83 -121.22") (duration "3.15") L 10/08/2014 - 13:29:19:    path_goal ( "1675.00 -1525.00 -127.96" )
L 10/08/2014 - 13:29:19: "RageQuit<7><BOT><Red>" stuck (position "1889.01 -1011.80 -123.43") (duration "3.36") L 10/08/2014 - 13:29:19:    path_goal ( "1775.00 -1325.00 -122.70" )
L 10/08/2014 - 13:29:19: "Splunk Wizard<15><[U:1:197422767]><Blue>" disconnected (reason "Disconnect by user.")
L 10/08/2014 - 13:29:19: "CRITRAWKETS<9><BOT><Red>" stuck (position "1705.77 -1405.83 -121.22") (duration "3.26") L 10/08/2014 - 13:29:19:    path_goal ( "1675.00 -1525.00 -127.96" )
L 10/08/2014 - 13:29:19: "RageQuit<7><BOT><Red>" stuck (position "1889.01 -1011.80 -123.43") (duration "3.47") L 10/08/2014 - 13:29:19:    path_goal ( "1775.00 -1325.00 -122.70" )
L 10/08/2014 - 13:29:19: "Humans Are Weak<4><BOT><Blue>" stuck (position "1577.73 -771.47 -153.10") (duration "3.58") L 10/08/2014 - 13:29:19:    path_goal ( "1600.00 -800.00 -151.86" )
L 10/08/2014 - 13:29:19: "Humans Are Weak<4><BOT><Blue>" stuck (position "1577.73 -771.47 -153.10") (duration "3.69") L 10/08/2014 - 13:29:19:    path_goal ( "1600.00 -800.00 -151.86" )
L 10/08/2014 - 13:29:19: "C++<5><BOT><Red>" stuck (position "80.62 -1792.97 -147.03") (duration "4.20") L 10/08/2014 - 13:29:19:    path_goal ( "-350.00 -1850.00 -154.21" )
L 10/08/2014 - 13:29:20: "Hostage<2><BOT><Red>" stuck (position "1026.74 -2024.56 -128.67") (duration "4.20") L 10/08/2014 - 13:29:20:    path_goal ( "900.00 -1700.00 -139.46" )
L 10/08/2014 - 13:29:20: "CRITRAWKETS<9><BOT><Red>" stuck (position "1705.77 -1405.83 -121.22") (duration "4.30") L 10/08/2014 - 13:29:20:    path_goal ( "1675.00 -1525.00 -127.96" )
L 10/08/2014 - 13:29:20: "RageQuit<7><BOT><Red>" stuck (position "1889.01 -1011.80 -123.43") (duration "4.52") L 10/08/2014 - 13:29:20:    path_goal ( "1775.00 -1325.00 -122.70" )
L 10/08/2014 - 13:29:20: "Humans Are Weak<4><BOT><Blue>" stuck (position "1577.73 -771.47 -153.10") (duration "4.74") L 10/08/2014 - 13:29:20:    path_goal ( "1600.00 -800.00 -151.86" )
L 10/08/2014 - 13:29:21: "CRITRAWKETS<9><BOT><Red>" stuck (position "1705.77 -1405.83 -121.22") (duration "5.35") L 10/08/2014 - 13:29:21:    path_goal ( "1675.00 -1525.00 -127.96" )
L 10/08/2014 - 13:29:21: "RageQuit<7><BOT><Red>" stuck (position "1889.01 -1011.80 -123.43") (duration "5.57") L 10/08/2014 - 13:29:21:    path_goal ( "1775.00 -1325.00 -122.70" )
L 10/08/2014 - 13:29:21: "Humans Are Weak<4><BOT><Blue>" stuck (position "1577.73 -771.47 -153.10") (duration "5.79") L 10/08/2014 - 13:29:21:    path_goal ( "1600.00 -800.00 -151.86" )
L 10/08/2014 - 13:29:22: "CRITRAWKETS<9><BOT><Red>" stuck (position "1705.77 -1405.83 -121.22") (duration "6.41") L 10/08/2014 - 13:29:22:    path_goal ( "1675.00 -1525.00 -127.96" )
L 10/08/2014 - 13:29:22: "RageQuit<7><BOT><Red>" stuck (position "1889.01 -1011.80 -123.43") (duration "6.61") L 10/08/2014 - 13:29:22:    path_goal ( "1775.00 -1325.00 -122.70" )
L 10/08/2014 - 13:29:22: "Humans Are Weak<4><BOT><Blue>" stuck (position "1577.73 -771.47 -153.10") (duration "6.84") L 10/08/2014 - 13:29:22:    path_goal ( "1600.00 -800.00 -151.86" )
L 10/08/2014 - 13:29:23: "CRITRAWKETS<9><BOT><Red>" stuck (position "1705.77 -1405.83 -121.22") (duration "7.45") L 10/08/2014 - 13:29:23:    path_goal ( "1675.00 -1525.00 -127.96" )
L 10/08/2014 - 13:29:23: "RageQuit<7><BOT><Red>" stuck (position "1889.01 -1011.80 -123.43") (duration "7.67") L 10/08/2014 - 13:29:23:    path_goal ( "1775.00 -1325.00 -122.70" )
L 10/08/2014 - 13:29:23: "Humans Are Weak<4><BOT><Blue>" stuck (position "1577.73 -771.47 -153.10") (duration "7.89") L 10/08/2014 - 13:29:23:    path_goal ( "1600.00 -800.00 -151.86" )
L 10/08/2014 - 13:29:24: "Data Wizard<17><[U:1:197413154]><Red>" disconnected (reason "Disconnect by user.")
L 10/08/2014 - 13:29:24: "CRITRAWKETS<9><BOT><Red>" stuck (position "1705.77 -1405.83 -121.22") (duration "8.51") L 10/08/2014 - 13:29:24:    path_goal ( "1675.00 -1525.00 -127.96" )
L 10/08/2014 - 13:29:24: "RageQuit<7><BOT><Red>" stuck (position "1889.01 -1011.80 -123.43") (duration "8.72") L 10/08/2014 - 13:29:24:    path_goal ( "1775.00 -1325.00 -122.70" )
L 10/08/2014 - 13:29:24: "Humans Are Weak<4><BOT><Blue>" stuck (position "1577.73 -771.47 -153.10") (duration "8.94") L 10/08/2014 - 13:29:24:    path_goal ( "1600.00 -800.00 -151.86" )
L 10/08/2014 - 13:29:25: "Hostage<2><BOT><Red>" stuck (position "1026.74 -2024.56 -128.67") (duration "4.20") L 10/08/2014 - 13:29:25:    path_goal ( "900.00 -1700.00 -139.46" )
L 10/08/2014 - 13:29:25: "C++<5><BOT><Red>" stuck (position "80.62 -1792.97 -147.03") (duration "4.20") L 10/08/2014 - 13:29:25:    path_goal ( "-350.00 -1850.00 -154.21" )
L 10/08/2014 - 13:29:25: "CRITRAWKETS<9><BOT><Red>" stuck (position "1705.77 -1405.83 -121.22") (duration "9.55") L 10/08/2014 - 13:29:25:    path_goal ( "1675.00 -1525.00 -127.96" )
L 10/08/2014 - 13:29:25: "RageQuit<7><BOT><Red>" stuck (position "1889.01 -1011.80 -123.43") (duration "9.77") L 10/08/2014 - 13:29:25:    path_goal ( "1775.00 -1325.00 -122.70" )
L 10/08/2014 - 13:29:26: Loading map "ctf_2fort"
L 10/08/2014 - 13:29:26: server cvars start
L 10/08/2014 - 13:29:26: "tf_playergib" = "1"
L 10/08/2014 - 13:29:26: "tf_allow_player_use" = "0"
L 10/08/2014 - 13:29:26: "tf_mvm_death_penalty" = "0"
L 10/08/2014 - 13:29:26: "sv_maxusrcmdprocessticks" = "24"
L 10/08/2014 - 13:29:26: "mp_teamplay" = "0"
L 10/08/2014 - 13:29:26: "mp_falldamage" = "0"
L 10/08/2014 - 13:29:26: "mp_weaponstay" = "0"
L 10/08/2014 - 13:29:26: "mp_forcerespawn" = "1"
L 10/08/2014 - 13:29:26: "mp_footsteps" = "1"
L 10/08/2014 - 13:29:26: "mp_flashlight" = "0"
L 10/08/2014 - 13:29:26: "mp_autocrosshair" = "1"
L 10/08/2014 - 13:29:26: "decalfrequency" = "10"
L 10/08/2014 - 13:29:26: "mp_teamlist" = "hgrunt;scientist"
L 10/08/2014 - 13:29:26: "mp_allowNPCs" = "1"
L 10/08/2014 - 13:29:26: "sv_alltalk" = "0"
L 10/08/2014 - 13:29:26: "tf_weapon_criticals" = "1"
L 10/08/2014 - 13:29:26: "tf_damage_disablespread" = "0"
L 10/08/2014 - 13:29:26: "tf_player_name_change_time" = "60"
L 10/08/2014 - 13:29:26: "tf_force_holidays_off" = "0"
L 10/08/2014 - 13:29:26: "tf_birthday" = "0"
L 10/08/2014 - 13:29:26: "mp_tournament_stopwatch" = "1"
L 10/08/2014 - 13:29:26: "mp_windifference" = "0"
L 10/08/2014 - 13:29:26: "mp_windifference_min" = "0"
L 10/08/2014 - 13:29:26: "tf_medieval" = "0"
L 10/08/2014 - 13:29:26: "tf_medieval_autorp" = "1"
L 10/08/2014 - 13:29:26: "tf_arena_force_class" = "0"
L 10/08/2014 - 13:29:26: "tf_arena_change_limit" = "1"
L 10/08/2014 - 13:29:26: "tf_arena_override_cap_enable_time" = "-1"
L 10/08/2014 - 13:29:26: "tf_arena_first_blood" = "1"
L 10/08/2014 - 13:29:26: "tf_mvm_min_players_to_start" = "3"
L 10/08/2014 - 13:29:26: "tf_gamemode_arena" = "0"
L 10/08/2014 - 13:29:26: "tf_gamemode_cp" = "1"
L 10/08/2014 - 13:29:26: "tf_gamemode_ctf" = "0"
L 10/08/2014 - 13:29:26: "tf_gamemode_sd" = "0"
L 10/08/2014 - 13:29:26: "tf_gamemode_rd" = "0"
L 10/08/2014 - 13:29:26: "tf_beta_content" = "0"
L 10/08/2014 - 13:29:26: "tf_gamemode_payload" = "0"
L 10/08/2014 - 13:29:26: "tf_gamemode_mvm" = "0"
L 10/08/2014 - 13:29:26: "tf_bot_count" = "8"
L 10/08/2014 - 13:29:26: "tf_teamtalk" = "1"
L 10/08/2014 - 13:29:26: "tf_ctf_bonus_time" = "10"
L 10/08/2014 - 13:29:26: "tf_maxspeed" = "400"
L 10/08/2014 - 13:29:26: "tf_max_charge_speed" = "750"
L 10/08/2014 - 13:29:26: "tf_use_fixed_weaponspreads" = "0"
L 10/08/2014 - 13:29:26: "tf_overtime_nag" = "0"
L 10/08/2014 - 13:29:26: "mp_respawnwavetime" = "10.0"
L 10/08/2014 - 13:29:26: "mp_tournament" = "0"
L 10/08/2014 - 13:29:26: "mp_highlander" = "0"
L 10/08/2014 - 13:29:26: "tf_arena_preround_time" = "10"
L 10/08/2014 - 13:29:26: "tf_arena_round_time" = "0"
L 10/08/2014 - 13:29:26: "tf_arena_max_streak" = "3"
L 10/08/2014 - 13:29:26: "tf_arena_use_queue" = "1"
L 10/08/2014 - 13:29:26: "mp_maxrounds" = "0"
L 10/08/2014 - 13:29:26: "mp_winlimit" = "0"
L 10/08/2014 - 13:29:26: "mp_disable_respawn_times" = "0"
L 10/08/2014 - 13:29:26: "mp_stalemate_meleeonly" = "0"
L 10/08/2014 - 13:29:26: "mp_forceautoteam" = "0"
L 10/08/2014 - 13:29:26: "mp_autoteambalance" = "1"
L 10/08/2014 - 13:29:26: "mp_stalemate_enable" = "0"
L 10/08/2014 - 13:29:26: "mp_match_end_at_timelimit" = "0"
L 10/08/2014 - 13:29:26: "mp_holiday_nogifts" = "0"
L 10/08/2014 - 13:29:26: "mp_scrambleteams_auto" = "1"
L 10/08/2014 - 13:29:26: "mp_scrambleteams_auto_windifference" = "2"
L 10/08/2014 - 13:29:26: "mp_timelimit" = "15"
L 10/08/2014 - 13:29:26: "mp_fraglimit" = "0"
L 10/08/2014 - 13:29:26: "nextlevel" = ""
L 10/08/2014 - 13:29:26: "sv_gravity" = "800"
L 10/08/2014 - 13:29:26: "sv_stopspeed" = "100"
L 10/08/2014 - 13:29:26: "sv_noclipaccelerate" = "5"
L 10/08/2014 - 13:29:26: "sv_noclipspeed" = "5"
L 10/08/2014 - 13:29:26: "sv_specaccelerate" = "5"
L 10/08/2014 - 13:29:26: "sv_specspeed" = "3"
L 10/08/2014 - 13:29:26: "sv_specnoclip" = "1"
L 10/08/2014 - 13:29:26: "sv_maxspeed" = "320"
L 10/08/2014 - 13:29:26: "sv_accelerate" = "10"
L 10/08/2014 - 13:29:26: "sv_airaccelerate" = "10"
L 10/08/2014 - 13:29:26: "sv_wateraccelerate" = "10"
L 10/08/2014 - 13:29:26: "sv_waterfriction" = "1"
L 10/08/2014 - 13:29:26: "sv_footsteps" = "1"
L 10/08/2014 - 13:29:26: "sv_rollspeed" = "200"
L 10/08/2014 - 13:29:26: "sv_rollangle" = "0"
L 10/08/2014 - 13:29:26: "sv_friction" = "4"
L 10/08/2014 - 13:29:26: "sv_bounce" = "0"
L 10/08/2014 - 13:29:26: "sv_stepsize" = "18"
L 10/08/2014 - 13:29:26: "r_VehicleViewDampen" = "1"
L 10/08/2014 - 13:29:26: "r_JeepViewDampenFreq" = "7.0"
L 10/08/2014 - 13:29:26: "r_JeepViewDampenDamp" = "1.0"
L 10/08/2014 - 13:29:26: "r_JeepViewZHeight" = "10.0"
L 10/08/2014 - 13:29:26: "r_AirboatViewDampenFreq" = "7.0"
L 10/08/2014 - 13:29:26: "r_AirboatViewDampenDamp" = "1.0"
L 10/08/2014 - 13:29:26: "r_AirboatViewZHeight" = "0.0"
L 10/08/2014 - 13:29:26: "mp_friendlyfire" = "0"
L 10/08/2014 - 13:29:26: "mp_fadetoblack" = "0"
L 10/08/2014 - 13:29:26: "tf_mm_servermode" = "0"
L 10/08/2014 - 13:29:26: "tf_mm_strict" = "0"
L 10/08/2014 - 13:29:26: "tf_mm_trusted" = "0"
L 10/08/2014 - 13:29:26: "tf_server_identity_disable_quickplay" = "0"
L 10/08/2014 - 13:29:26: "sv_registration_successful" = "0"
L 10/08/2014 - 13:29:26: "sv_registration_message" = "No account specified"
L 10/08/2014 - 13:29:26: "sv_steamgroup" = ""
L 10/08/2014 - 13:29:26: "sv_cheats" = "1"
L 10/08/2014 - 13:29:26: "sv_pausable" = "0"
L 10/08/2014 - 13:29:26: "sv_contact" = "admin@yourdomain.com"
L 10/08/2014 - 13:29:26: "sv_voiceenable" = "1"
L 10/08/2014 - 13:29:26: "tv_enable" = "0"
L 10/08/2014 - 13:29:26: "deathmatch" = "1"
L 10/08/2014 - 13:29:26: "coop" = "0"
L 10/08/2014 - 13:29:26: "tv_password" = ""
L 10/08/2014 - 13:29:26: "tv_relaypassword" = ""
L 10/08/2014 - 13:29:26: "sv_password" = ""
L 10/08/2014 - 13:29:26: "sv_tags" = "bots,cp"
L 10/08/2014 - 13:29:26: server cvars end
L 10/08/2014 - 13:29:27: Started map "ctf_2fort" (CRC "7d246aafbbd18b8ccbfdb9937dbc7769")
L 10/08/2014 - 13:29:27: Executing dedicated server config file server.cfg
L 10/08/2014 - 13:29:33: server_cvar: "tf_gamemode_cp" "0"
L 10/08/2014 - 13:29:33: server_cvar: "sv_tags" "bots"
L 10/08/2014 - 13:29:33: server_cvar: "sv_tags" "bots"
L 10/08/2014 - 13:29:33: server_cvar: "tf_bot_count" "0"
L 10/08/2014 - 13:29:33: server_cvar: "sv_tags" ""
L 10/08/2014 - 13:29:33: server_cvar: "tf_gamemode_ctf" "1"
L 10/08/2014 - 13:29:33: server_cvar: "sv_tags" "ctf"
L 10/08/2014 - 13:29:33: server_cvar: "sv_tags" "ctf"
L 10/08/2014 - 13:29:34: Initializing Steam libraries for LAN server
L 10/08/2014 - 13:29:34: No account token specified; logging into anonymous game server account.  (Use sv_setsteamaccount to login to a persistent account.)
