L 10/07/2014 - 15:26:40: Log file started (file "logs/L1007010.log") (game "/home/tf2/hlserver/tf2/tf") (version "2426090")
L 10/07/2014 - 15:26:40: server_cvar: "sv_cheats" "1"
L 10/07/2014 - 15:26:41: "Kaboom!<2><BOT><>" connected, address "none"
L 10/07/2014 - 15:26:41: "<2><BOT><>" entered the game
L 10/07/2014 - 15:26:41: "Kaboom!<2><BOT><Unassigned>" joined team "Blue"
L 10/07/2014 - 15:26:41: "Kaboom!<2><BOT><Blue>" changed role to "scout"
L 10/07/2014 - 15:26:41: "Kaboom!<2><BOT><Blue>" changed name to "AmNot"
L 10/07/2014 - 15:26:41: Sending CMsgGameServerMatchmakingStatus (state=ServerMatchmakingState_NOT_PARTICIPATING)
L 10/07/2014 - 15:26:41: "0xDEADBEEF<3><BOT><>" connected, address "none"
L 10/07/2014 - 15:26:41: "<3><BOT><>" entered the game
L 10/07/2014 - 15:26:41: "0xDEADBEEF<3><BOT><Unassigned>" joined team "Red"
L 10/07/2014 - 15:26:41: "0xDEADBEEF<3><BOT><Red>" changed role to "engineer"
L 10/07/2014 - 15:26:41: "0xDEADBEEF<3><BOT><Red>" changed name to "HI THERE"
L 10/07/2014 - 15:26:41: Connection to Steam servers successful.
L 10/07/2014 - 15:26:41:    Public IP is 68.110.44.24.
L 10/07/2014 - 15:26:41: Assigned anonymous gameserver Steam ID [A:1:1127340041:4715].
L 10/07/2014 - 15:26:41: "SomeDude<4><BOT><>" connected, address "none"
L 10/07/2014 - 15:26:41: "<4><BOT><>" entered the game
L 10/07/2014 - 15:26:41: "SomeDude<4><BOT><Unassigned>" joined team "Blue"
L 10/07/2014 - 15:26:41: "SomeDude<4><BOT><Blue>" changed role to "scout"
L 10/07/2014 - 15:26:41: "SomeDude<4><BOT><Blue>" changed name to "GLaDOS"
L 10/07/2014 - 15:26:41: VAC secure mode is activated.
L 10/07/2014 - 15:26:41: "Hostage<5><BOT><>" connected, address "none"
L 10/07/2014 - 15:26:41: "<5><BOT><>" entered the game
L 10/07/2014 - 15:26:41: "Hostage<5><BOT><Unassigned>" joined team "Red"
L 10/07/2014 - 15:26:41: "Hostage<5><BOT><Red>" changed role to "engineer"
L 10/07/2014 - 15:26:41: "Hostage<5><BOT><Red>" changed name to "Headful of Eyeballs"
L 10/07/2014 - 15:26:41: tf_server_identity_account_id not set; not logging into registered account
L 10/07/2014 - 15:26:42: "CrySomeMore<6><BOT><>" connected, address "none"
L 10/07/2014 - 15:26:42: "<6><BOT><>" entered the game
L 10/07/2014 - 15:26:42: "CrySomeMore<6><BOT><Unassigned>" joined team "Blue"
L 10/07/2014 - 15:26:42: "CrySomeMore<6><BOT><Blue>" changed role to "demoman"
L 10/07/2014 - 15:26:42: "CrySomeMore<6><BOT><Blue>" changed name to "Aperture Science Prototype XR7"
L 10/07/2014 - 15:26:42: "Humans Are Weak<7><BOT><>" connected, address "none"
L 10/07/2014 - 15:26:42: "<7><BOT><>" entered the game
L 10/07/2014 - 15:26:42: "Humans Are Weak<7><BOT><Unassigned>" joined team "Red"
L 10/07/2014 - 15:26:42: "Humans Are Weak<7><BOT><Red>" changed role to "demoman"
L 10/07/2014 - 15:26:42: "Humans Are Weak<7><BOT><Red>" changed name to "AimBot"
L 10/07/2014 - 15:26:42: "C++<8><BOT><>" connected, address "none"
L 10/07/2014 - 15:26:42: "<8><BOT><>" entered the game
L 10/07/2014 - 15:26:42: "C++<8><BOT><Unassigned>" joined team "Blue"
L 10/07/2014 - 15:26:42: "C++<8><BOT><Blue>" changed role to "medic"
L 10/07/2014 - 15:26:42: "C++<8><BOT><Blue>" changed name to "GutsAndGlory!"
L 10/07/2014 - 15:26:42: "Nobody<9><BOT><>" connected, address "none"
L 10/07/2014 - 15:26:42: "<9><BOT><>" entered the game
L 10/07/2014 - 15:26:42: "Nobody<9><BOT><Unassigned>" joined team "Red"
L 10/07/2014 - 15:26:42: "Nobody<9><BOT><Red>" changed role to "medic"
L 10/07/2014 - 15:26:42: "Nobody<9><BOT><Red>" changed name to "Saxton Hale"
L 10/07/2014 - 15:26:46: server_cvar: "tf_bot_count" "8"
L 10/07/2014 - 15:26:46: server_cvar: "sv_tags" "bots,cp"
L 10/07/2014 - 15:26:48: "Headful of Eyeballs<5><BOT><Red>" triggered "player_builtobject" (object "OBJ_TELEPORTER") (position "2493 1001 -192")
L 10/07/2014 - 15:26:56: "GLaDOS<4><BOT><Blue>" stuck (position "-1648.70 1633.47 -255.89") (duration "2.52") L 10/07/2014 - 15:26:56:    path_goal ( "-216.00 2792.00 -247.97" )
L 10/07/2014 - 15:26:56: "AmNot<2><BOT><Blue>" stuck (position "-1627.21 1633.47 -255.91") (duration "2.52") L 10/07/2014 - 15:26:56:    path_goal ( "-216.00 2792.00 -247.97" )
L 10/07/2014 - 15:26:58: "GLaDOS<4><BOT><Blue>" stuck (position "-1627.21 1633.47 -255.92") (duration "2.52") L 10/07/2014 - 15:26:58:    path_goal ( "-216.00 2792.00 -247.97" )
L 10/07/2014 - 15:26:58: "AmNot<2><BOT><Blue>" stuck (position "-1627.21 1633.47 -255.89") (duration "2.52") L 10/07/2014 - 15:26:58:    path_goal ( "-216.00 2792.00 -247.97" )
L 10/07/2014 - 15:27:00: "Aperture Science Prototype XR7<6><BOT><Blue>" stuck (position "-1635.60 1633.47 -255.90") (duration "3.57") L 10/07/2014 - 15:27:00:    path_goal ( "-216.00 2792.00 -247.97" )
L 10/07/2014 - 15:27:01: "GLaDOS<4><BOT><Blue>" stuck (position "-1627.21 1633.47 -255.89") (duration "2.52") L 10/07/2014 - 15:27:01:    path_goal ( "-216.00 2792.00 -247.97" )
L 10/07/2014 - 15:27:01: "AmNot<2><BOT><Blue>" stuck (position "-1627.21 1633.47 -255.91") (duration "2.52") L 10/07/2014 - 15:27:01:    path_goal ( "-216.00 2792.00 -247.97" )
L 10/07/2014 - 15:27:03: "GLaDOS<4><BOT><Blue>" stuck (position "-1627.21 1633.47 -255.89") (duration "2.52") L 10/07/2014 - 15:27:03:    path_goal ( "-216.00 2792.00 -247.97" )
L 10/07/2014 - 15:27:03: "Aperture Science Prototype XR7<6><BOT><Blue>" stuck (position "-1643.79 1633.47 -255.89") (duration "3.57") L 10/07/2014 - 15:27:03:    path_goal ( "-216.00 2792.00 -247.97" )
L 10/07/2014 - 15:27:03: "AmNot<2><BOT><Blue>" stuck (position "-1660.05 1633.47 -255.94") (duration "2.52") L 10/07/2014 - 15:27:03:    path_goal ( "-216.00 2792.00 -247.97" )
L 10/07/2014 - 15:27:04: "HI THERE<3><BOT><Red>" triggered "player_builtobject" (object "OBJ_SENTRYGUN") (position "10 2243 -276")
L 10/07/2014 - 15:27:06: "GLaDOS<4><BOT><Blue>" stuck (position "-1656.79 1633.47 -255.89") (duration "2.52") L 10/07/2014 - 15:27:06:    path_goal ( "-216.00 2792.00 -247.97" )
L 10/07/2014 - 15:27:06: "AmNot<2><BOT><Blue>" stuck (position "-1630.44 1633.47 -255.89") (duration "2.52") L 10/07/2014 - 15:27:06:    path_goal ( "-216.00 2792.00 -247.97" )
L 10/07/2014 - 15:27:07: "Headful of Eyeballs<5><BOT><Red>" triggered "player_builtobject" (object "OBJ_SENTRYGUN") (position "64 1932 -294")
L 10/07/2014 - 15:27:07: "Aperture Science Prototype XR7<6><BOT><Blue>" stuck (position "-1652.16 1633.47 -255.92") (duration "3.57") L 10/07/2014 - 15:27:07:    path_goal ( "-216.00 2792.00 -247.97" )
L 10/07/2014 - 15:27:08: "GLaDOS<4><BOT><Blue>" stuck (position "-1650.90 1633.47 -255.91") (duration "2.52") L 10/07/2014 - 15:27:08:    path_goal ( "-216.00 2792.00 -247.97" )
L 10/07/2014 - 15:27:09: "AmNot<2><BOT><Blue>" stuck (position "-1628.66 1633.47 -255.89") (duration "2.52") L 10/07/2014 - 15:27:09:    path_goal ( "-216.00 2792.00 -247.97" )
L 10/07/2014 - 15:27:10: "Aperture Science Prototype XR7<6><BOT><Blue>" stuck (position "-1627.10 1632.58 -255.88") (duration "3.57") L 10/07/2014 - 15:27:10:    path_goal ( "-216.00 2792.00 -247.97" )
L 10/07/2014 - 15:27:11: "GLaDOS<4><BOT><Blue>" stuck (position "-1642.59 1633.47 -255.90") (duration "2.52") L 10/07/2014 - 15:27:11:    path_goal ( "-216.00 2792.00 -247.97" )
L 10/07/2014 - 15:27:11: World triggered "Round_Start"
L 10/07/2014 - 15:27:11: World triggered "Round_Setup_Begin"
L 10/07/2014 - 15:27:11: World triggered "Mini_Round_Selected" (round "round_1")
L 10/07/2014 - 15:27:11: World triggered "Mini_Round_Start"
L 10/07/2014 - 15:27:17: "HI THERE<3><BOT><Red>" triggered "player_builtobject" (object "OBJ_TELEPORTER") (position "2497 985 -188")
L 10/07/2014 - 15:27:18: "Headful of Eyeballs<5><BOT><Red>" triggered "player_builtobject" (object "OBJ_TELEPORTER") (position "2500 988 -188")
L 10/07/2014 - 15:27:33: "HI THERE<3><BOT><Red>" triggered "player_builtobject" (object "OBJ_SENTRYGUN") (position "-108 2475 -255")
L 10/07/2014 - 15:27:42: "Headful of Eyeballs<5><BOT><Red>" triggered "player_builtobject" (object "OBJ_SENTRYGUN") (position "126 1923 -280")
L 10/07/2014 - 15:28:05: "Splunk Ninja<10><[U:1:197422767]><>" connected, address "192.168.1.115:27005"
L 10/07/2014 - 15:28:05: "Splunk Ninja<10><[U:1:197422767]><>" STEAM USERID validated
L 10/07/2014 - 15:28:08: "Splunk Ninja<10><[U:1:197422767]><>" entered the game
L 10/07/2014 - 15:28:11: World triggered "Round_Setup_End"
L 10/07/2014 - 15:28:17: "Splunk> | bombs FTW<11><[U:1:197298622]><>" connected, address "192.168.1.108:27005"
L 10/07/2014 - 15:28:17: "Splunk> | bombs FTW<11><[U:1:197298622]><>" STEAM USERID validated
L 10/07/2014 - 15:28:19: "HI THERE<3><BOT><Red>" triggered "player_builtobject" (object "OBJ_DISPENSER") (position "-126 2477 -255")
L 10/07/2014 - 15:28:21: "Splunk> | bombs FTW<11><[U:1:197298622]><>" entered the game
L 10/07/2014 - 15:28:22: "Splunk Ninja<10><[U:1:197422767]><Unassigned>" joined team "Red"
L 10/07/2014 - 15:28:23: "Splunk Ninja<10><[U:1:197422767]><Red>" changed role to "engineer"
L 10/07/2014 - 15:28:32: "GLaDOS<4><BOT><Blue>" triggered "killedobject" (object "OBJ_SENTRYGUN") (weapon "pistol_scout") (objectowner "Headful of Eyeballs<5><BOT><Red>") (attacker_position "-1083 2649 -251")
L 10/07/2014 - 15:28:32: "Headful of Eyeballs<5><BOT><Red>" triggered "player_builtobject" (object "OBJ_TELEPORTER") (position "66 1918 -294")
L 10/07/2014 - 15:28:33: "Splunk> | bombs FTW<11><[U:1:197298622]><Unassigned>" joined team "Blue"
L 10/07/2014 - 15:28:33: "GLaDOS<4><BOT><Blue>" triggered "killedobject" (object "OBJ_TELEPORTER") (weapon "scattergun") (objectowner "Headful of Eyeballs<5><BOT><Red>") (attacker_position "-882 2634 -255")
L 10/07/2014 - 15:28:34: "AmNot<2><BOT><Blue>" stuck (position "-1927.76 1368.03 -271.03") (duration "3.04") L 10/07/2014 - 15:28:34:    path_goal ( "-1825.00 262.50 -63.97" )
L 10/07/2014 - 15:28:35: "AimBot<7><BOT><Red>" killed "GLaDOS<4><BOT><Blue>" with "tf_projectile_pipe_remote" (attacker_position "159 1883 -272") (victim_position "-605 2343 -394")
L 10/07/2014 - 15:28:35: "Saxton Hale<9><BOT><Red>" triggered "kill assist" against "GLaDOS<4><BOT><Blue>" (assister_position "127 1861 -273") (attacker_position "159 1883 -272") (victim_position "-605 2343 -394")
L 10/07/2014 - 15:28:35: "GLaDOS<4><BOT><Blue>" changed role to "spy"
L 10/07/2014 - 15:28:36: "Splunk> | bombs FTW<11><[U:1:197298622]><Blue>" changed role to "soldier"
L 10/07/2014 - 15:28:37: "Headful of Eyeballs<5><BOT><Red>" triggered "player_builtobject" (object "OBJ_SENTRYGUN") (position "-437 2865 -247")
L 10/07/2014 - 15:28:40: "HI THERE<3><BOT><Red>" triggered "player_builtobject" (object "OBJ_TELEPORTER") (position "-111 2448 -255")
L 10/07/2014 - 15:28:42: "AmNot<2><BOT><Blue>" stuck (position "-2024.17 2274.74 -437.30") (duration "2.83") L 10/07/2014 - 15:28:42:    path_goal ( "-2012.50 2234.00 -227.97" )
L 10/07/2014 - 15:28:42: "Aperture Science Prototype XR7<6><BOT><Blue>" stuck (position "-1919.33 1368.03 -270.31") (duration "3.78") L 10/07/2014 - 15:28:42:    path_goal ( "-1700.00 1450.00 -255.50" )
L 10/07/2014 - 15:28:44: "Splunk Ninja<10><[U:1:197422767]><Red>" triggered "player_builtobject" (object "OBJ_SENTRYGUN") (position "204 2596 -255")
L 10/07/2014 - 15:28:48: "GutsAndGlory!<8><BOT><Blue>" triggered "chargedeployed"
L 10/07/2014 - 15:28:56: "Headful of Eyeballs<5><BOT><Red>" stuck (position "-139.64 2517.71 -255.97") (duration "3.36") L 10/07/2014 - 15:28:56:    path_goal ( "-125.00 2550.00 -255.97" )
L 10/07/2014 - 15:28:56: "Headful of Eyeballs<5><BOT><Red>" stuck (position "-132.78 2531.53 -230.66") (duration "3.46") L 10/07/2014 - 15:28:56:    path_goal ( "-125.00 2575.00 -247.97" )
L 10/07/2014 - 15:28:56: "AmNot<2><BOT><Blue>" triggered "killedobject" (object "OBJ_SENTRYGUN") (weapon "scattergun") (objectowner "Headful of Eyeballs<5><BOT><Red>") (attacker_position "-1660 2703 -255")
L 10/07/2014 - 15:28:57: "Headful of Eyeballs<5><BOT><Red>" stuck (position "-87.21 2508.55 -255.97") (duration "0.42") L 10/07/2014 - 15:28:57:    path_goal ( "-50.00 2450.00 -256.25" )
L 10/07/2014 - 15:28:58: "HI THERE<3><BOT><Red>" stuck (position "-126.86 2531.97 -255.97") (duration "3.38") L 10/07/2014 - 15:28:58:    path_goal ( "-125.00 2575.00 -247.97" )
L 10/07/2014 - 15:28:58: "HI THERE<3><BOT><Red>" stuck (position "-119.71 2532.36 -234.30") (duration "3.48") L 10/07/2014 - 15:28:58:    path_goal ( "NULL" )
L 10/07/2014 - 15:29:01: "AimBot<7><BOT><Red>" killed "AmNot<2><BOT><Blue>" with "tf_projectile_pipe_remote" (attacker_position "141 1849 -270") (victim_position "-653 2239 -411")
L 10/07/2014 - 15:29:01: "Saxton Hale<9><BOT><Red>" triggered "kill assist" against "AmNot<2><BOT><Blue>" (assister_position "112 1827 -273") (attacker_position "141 1849 -270") (victim_position "-653 2239 -411")
L 10/07/2014 - 15:29:02: "Splunk Ninja<10><[U:1:197422767]><Red>" triggered "player_carryobject" (object "OBJ_SENTRYGUN") (position "147 2581 -255")
L 10/07/2014 - 15:29:10: "Headful of Eyeballs<5><BOT><Red>" triggered "player_builtobject" (object "OBJ_SENTRYGUN") (position "174 2283 -256")
L 10/07/2014 - 15:29:11: "Splunk Ninja<10><[U:1:197422767]><Red>" triggered "player_dropobject" (object "OBJ_SENTRYGUN") (position "-225 2587 -125")
L 10/07/2014 - 15:29:11: "Splunk Ninja<10><[U:1:197422767]><Red>" triggered "player_builtobject" (object "OBJ_SENTRYGUN") (position "-225 2587 -125")
L 10/07/2014 - 15:29:16: "Saxton Hale<9><BOT><Red>" triggered "chargedeployed"
L 10/07/2014 - 15:29:18: "GLaDOS<4><BOT><Blue>" triggered "player_builtobject" (object "OBJ_ATTACHMENT_SAPPER") (position "5 2443 -243")
L 10/07/2014 - 15:29:18: "GLaDOS<4><BOT><Blue>" triggered "player_builtobject" (object "OBJ_ATTACHMENT_SAPPER") (position "5 2443 -243")
L 10/07/2014 - 15:29:18: "GLaDOS<4><BOT><Blue>" triggered "player_builtobject" (object "OBJ_ATTACHMENT_SAPPER") (position "-112 2437 -255")
L 10/07/2014 - 15:29:20: "Headful of Eyeballs<5><BOT><Red>" killed "GLaDOS<4><BOT><Blue>" with "wrench" (attacker_position "13 2449 -255") (victim_position "42 2400 -260")
L 10/07/2014 - 15:29:20: "AimBot<7><BOT><Red>" triggered "kill assist" against "GLaDOS<4><BOT><Blue>" (assister_position "119 2172 -261") (attacker_position "13 2449 -255") (victim_position "42 2400 -260")
L 10/07/2014 - 15:29:20: "GLaDOS<4><BOT><Blue>" changed role to "demoman"
L 10/07/2014 - 15:29:20: "HI THERE<3><BOT><Red>" triggered "killedobject" (object "OBJ_ATTACHMENT_SAPPER") (weapon "wrench") (objectowner "GLaDOS<4><BOT><Blue>") (attacker_position "-144 2491 -255")
L 10/07/2014 - 15:29:22: "GLaDOS<4><BOT><Blue>" triggered "killedobject" (object "OBJ_TELEPORTER") (weapon "obj_attachment_sapper") (objectowner "HI THERE<3><BOT><Red>") (attacker_position "42 2400 -185")
L 10/07/2014 - 15:29:24: "GLaDOS<4><BOT><Blue>" triggered "killedobject" (object "OBJ_TELEPORTER") (weapon "obj_attachment_sapper") (objectowner "HI THERE<3><BOT><Red>") (attacker_position "42 2400 -185")
L 10/07/2014 - 15:29:40: "Headful of Eyeballs<5><BOT><Red>" killed "AmNot<2><BOT><Blue>" with "obj_sentrygun2" (attacker_position "-43 2425 -255") (victim_position "-972 2203 -270")
L 10/07/2014 - 15:29:40: "Splunk Ninja<10><[U:1:197422767]><Red>" triggered "kill assist" against "AmNot<2><BOT><Blue>" (assister_position "-471 2601 -151") (attacker_position "-43 2425 -255") (victim_position "-972 2203 -270")
L 10/07/2014 - 15:29:51: "Headful of Eyeballs<5><BOT><Red>" stuck (position "-143.59 2499.20 -255.97") (duration "3.36") L 10/07/2014 - 15:29:51:    path_goal ( "-50.00 2450.00 -256.25" )
L 10/07/2014 - 15:29:51: "Headful of Eyeballs<5><BOT><Red>" stuck (position "-152.68 2470.39 -230.66") (duration "3.46") L 10/07/2014 - 15:29:51:    path_goal ( "-50.00 2450.00 -256.25" )
L 10/07/2014 - 15:29:56: "Headful of Eyeballs<5><BOT><Red>" triggered "player_builtobject" (object "OBJ_DISPENSER") (position "169 2282 -256")
L 10/07/2014 - 15:30:00: "Headful of Eyeballs<5><BOT><Red>" killed "GLaDOS<4><BOT><Blue>" with "obj_sentrygun3" (attacker_position "-117 2501 -255") (victim_position "-1020 1993 -255")
L 10/07/2014 - 15:30:00: "Splunk Ninja<10><[U:1:197422767]><Red>" triggered "kill assist" against "GLaDOS<4><BOT><Blue>" (assister_position "-236 2559 -123") (attacker_position "-117 2501 -255") (victim_position "-1020 1993 -255")
L 10/07/2014 - 15:30:12: "Splunk Ninja<10><[U:1:197422767]><Red>" triggered "player_builtobject" (object "OBJ_DISPENSER") (position "-206 2637 -122")
L 10/07/2014 - 15:30:17: "Splunk> | bombs FTW<11><[U:1:197298622]><Blue>" killed "Headful of Eyeballs<5><BOT><Red>" with "tf_projectile_rocket" (attacker_position "-1782 2042 -238") (victim_position "173 2229 -256")
L 10/07/2014 - 15:30:17: "GutsAndGlory!<8><BOT><Blue>" triggered "kill assist" against "Headful of Eyeballs<5><BOT><Red>" (assister_position "-1667 2055 -238") (attacker_position "-1782 2042 -238") (victim_position "173 2229 -256")
L 10/07/2014 - 15:30:19: "Splunk> | bombs FTW<11><[U:1:197298622]><Blue>" triggered "killedobject" (object "OBJ_DISPENSER") (weapon "tf_projectile_rocket") (objectowner "Headful of Eyeballs<5><BOT><Red>") (attacker_position "-1863 1781 -215")
L 10/07/2014 - 15:30:19: "GutsAndGlory!<8><BOT><Blue>" triggered "killedobject" (object "OBJ_DISPENSER") (objectowner "Headful of Eyeballs<5><BOT><Red>") (assist "1") (assister_position "-1912 1896 -238") (attacker_position "-1863 1781 -215")
L 10/07/2014 - 15:30:19: "Splunk> | bombs FTW<11><[U:1:197298622]><Blue>" triggered "killedobject" (object "OBJ_SENTRYGUN") (weapon "tf_projectile_rocket") (objectowner "Headful of Eyeballs<5><BOT><Red>") (attacker_position "-1863 1781 -215")
L 10/07/2014 - 15:30:19: "GutsAndGlory!<8><BOT><Blue>" triggered "killedobject" (object "OBJ_SENTRYGUN") (objectowner "Headful of Eyeballs<5><BOT><Red>") (assist "1") (assister_position "-1912 1896 -238") (attacker_position "-1863 1781 -215")
L 10/07/2014 - 15:30:21: "Splunk Ninja<10><[U:1:197422767]><Red>" killed "Aperture Science Prototype XR7<6><BOT><Blue>" with "obj_sentrygun3" (attacker_position "-372 2731 -247") (victim_position "-670 2840 -255")
L 10/07/2014 - 15:30:22: "splunk> CannonFodder<12><[U:1:197388939]><>" connected, address "192.168.1.112:27005"
L 10/07/2014 - 15:30:22: "splunk> CannonFodder<12><[U:1:197388939]><>" STEAM USERID validated
L 10/07/2014 - 15:30:25: "splunk> I'm too ESXi<13><[U:1:197340902]><>" connected, address "192.168.1.101:27005"
L 10/07/2014 - 15:30:25: "splunk> I'm too ESXi<13><[U:1:197340902]><>" STEAM USERID validated
L 10/07/2014 - 15:30:25: "splunk> CannonFodder<12><[U:1:197388939]><>" entered the game
L 10/07/2014 - 15:30:29: "splunk> I'm too ESXi<13><[U:1:197340902]><>" entered the game
L 10/07/2014 - 15:30:34: "Splunk> | bombs FTW<11><[U:1:197298622]><Blue>" triggered "medic_death" against "Saxton Hale<9><BOT><Red>" (healing "1252") (ubercharge "1")
L 10/07/2014 - 15:30:34: "Splunk> | bombs FTW<11><[U:1:197298622]><Blue>" killed "Saxton Hale<9><BOT><Red>" with "tf_projectile_rocket" (attacker_position "-1067 2052 -254") (victim_position "-471 1816 -255")
L 10/07/2014 - 15:30:34: "GutsAndGlory!<8><BOT><Blue>" triggered "kill assist" against "Saxton Hale<9><BOT><Red>" (assister_position "-1230 2005 -234") (attacker_position "-1067 2052 -254") (victim_position "-471 1816 -255")
L 10/07/2014 - 15:30:34: "HI THERE<3><BOT><Red>" killed "GLaDOS<4><BOT><Blue>" with "obj_sentrygun3" (attacker_position "-137 2480 -255") (victim_position "-881 1982 -255")
L 10/07/2014 - 15:30:34: "Splunk Ninja<10><[U:1:197422767]><Red>" triggered "kill assist" against "GLaDOS<4><BOT><Blue>" (assister_position "-204 2600 -121") (attacker_position "-137 2480 -255") (victim_position "-881 1982 -255")
L 10/07/2014 - 15:30:35: "Splunk> | bombs FTW<11><[U:1:197298622]><Blue>" killed "AimBot<7><BOT><Red>" with "tf_projectile_rocket" (attacker_position "-803 1938 -255") (victim_position "-526 1783 -254")
L 10/07/2014 - 15:30:35: "GutsAndGlory!<8><BOT><Blue>" triggered "kill assist" against "AimBot<7><BOT><Red>" (assister_position "-839 2065 -255") (attacker_position "-803 1938 -255") (victim_position "-526 1783 -254")
L 10/07/2014 - 15:30:37: "GutsAndGlory!<8><BOT><Blue>" triggered "chargedeployed"
L 10/07/2014 - 15:30:40: "splunk> CannonFodder<12><[U:1:197388939]><Unassigned>" joined team "Blue"
L 10/07/2014 - 15:30:42: "Splunk> | bombs FTW<11><[U:1:197298622]><Blue>" triggered "killedobject" (object "OBJ_DISPENSER") (weapon "tf_projectile_rocket") (objectowner "Splunk Ninja<10><[U:1:197422767]><Red>") (attacker_position "-1020 1972 -255")
L 10/07/2014 - 15:30:42: "GutsAndGlory!<8><BOT><Blue>" triggered "killedobject" (object "OBJ_DISPENSER") (objectowner "Splunk Ninja<10><[U:1:197422767]><Red>") (assist "1") (assister_position "-1102 1849 -253") (attacker_position "-1020 1972 -255")
L 10/07/2014 - 15:30:43: "splunk> CannonFodder<12><[U:1:197388939]><Blue>" changed role to "soldier"
L 10/07/2014 - 15:30:44: "splunk> I'm too ESXi<13><[U:1:197340902]><Unassigned>" joined team "Blue"
L 10/07/2014 - 15:30:46: "Splunk Ninja<10><[U:1:197422767]><Red>" triggered "medic_death" against "GutsAndGlory!<8><BOT><Blue>" (healing "1227") (ubercharge "0")
L 10/07/2014 - 15:30:46: "Splunk Ninja<10><[U:1:197422767]><Red>" killed "GutsAndGlory!<8><BOT><Blue>" with "obj_sentrygun3" (attacker_position "-160 2784 -240") (victim_position "-969 1799 -255")
L 10/07/2014 - 15:30:46: "HI THERE<3><BOT><Red>" triggered "kill assist" against "GutsAndGlory!<8><BOT><Blue>" (assister_position "-137 2480 -255") (attacker_position "-160 2784 -240") (victim_position "-969 1799 -255")
L 10/07/2014 - 15:30:47: "splunk> I'm too ESXi<13><[U:1:197340902]><Blue>" changed role to "soldier"
L 10/07/2014 - 15:30:50: "Headful of Eyeballs<5><BOT><Red>" triggered "player_builtobject" (object "OBJ_SENTRYGUN") (position "-76 1741 -261")
L 10/07/2014 - 15:30:53: "Splunk> | bombs FTW<11><[U:1:197298622]><Blue>" triggered "killedobject" (object "OBJ_SENTRYGUN") (weapon "tf_projectile_rocket") (objectowner "Headful of Eyeballs<5><BOT><Red>") (attacker_position "-1498 2113 -241")
L 10/07/2014 - 15:30:54: "Splunk Ninja<10><[U:1:197422767]><Red>" triggered "player_builtobject" (object "OBJ_DISPENSER") (position "-237 2610 -123")
L 10/07/2014 - 15:30:58: "Splunk> | bombs FTW<11><[U:1:197298622]><Blue>" triggered "killedobject" (object "OBJ_DISPENSER") (weapon "tf_projectile_rocket") (objectowner "Splunk Ninja<10><[U:1:197422767]><Red>") (attacker_position "-1120 2085 -250")
L 10/07/2014 - 15:31:02: "AmNot<2><BOT><Blue>" stuck (position "-1396.21 2052.27 -242.68") (duration "2.54") L 10/07/2014 - 15:31:02:    path_goal ( "-1370.86 2022.32 -245.95" )
L 10/07/2014 - 15:31:02: "AmNot<2><BOT><Blue>" stuck (position "-1418.56 2068.15 -217.37") (duration "2.64") L 10/07/2014 - 15:31:02:    path_goal ( "-1370.86 2022.32 -245.95" )
L 10/07/2014 - 15:31:06: "Splunk Ninja<10><[U:1:197422767]><Red>" triggered "captureblocked" (cp "0") (cpname "#Dustbowl_cap_1_A") (position "-412 2609 -127")
L 10/07/2014 - 15:31:06: "Splunk Ninja<10><[U:1:197422767]><Red>" killed "GLaDOS<4><BOT><Blue>" with "obj_sentrygun3" (attacker_position "-412 2609 -127") (victim_position "-315 2848 -241")
L 10/07/2014 - 15:31:08: "Splunk Ninja<10><[U:1:197422767]><Red>" killed "Aperture Science Prototype XR7<6><BOT><Blue>" with "obj_sentrygun3" (attacker_position "-403 2571 -127") (victim_position "-377 2880 -247")
L 10/07/2014 - 15:31:10: "splunk> I'm too ESXi<13><[U:1:197340902]><Blue>" killed "Headful of Eyeballs<5><BOT><Red>" with "tf_projectile_rocket" (attacker_position "-2139 2339 -447") (victim_position "-290 2308 -333")
L 10/07/2014 - 15:31:10: "Headful of Eyeballs<5><BOT><Red>" changed role to "sniper"
L 10/07/2014 - 15:31:10: "Splunk Ninja<10><[U:1:197422767]><Red>" triggered "captureblocked" (cp "0") (cpname "#Dustbowl_cap_1_A") (position "-337 2528 -121")
L 10/07/2014 - 15:31:10: "Splunk Ninja<10><[U:1:197422767]><Red>" killed "splunk> CannonFodder<12><[U:1:197388939]><Blue>" with "obj_sentrygun3" (attacker_position "-337 2528 -121") (victim_position "-325 2891 -247")
L 10/07/2014 - 15:31:11: "HI THERE<3><BOT><Red>" killed "AmNot<2><BOT><Blue>" with "obj_sentrygun3" (attacker_position "-146 2460 -255") (victim_position "-392 1769 -257")
L 10/07/2014 - 15:31:11: "Headful of Eyeballs<5><BOT><Red>" triggered "kill assist" against "AmNot<2><BOT><Blue>" (assister_position "-290 2308 -245") (attacker_position "-146 2460 -255") (victim_position "-392 1769 -257")
L 10/07/2014 - 15:31:13: "Splunk Ninja<10><[U:1:197422767]><Red>" triggered "player_builtobject" (object "OBJ_DISPENSER") (position "-394 2555 -127")
L 10/07/2014 - 15:31:36: "Splunk Ninja<10><[U:1:197422767]><Red>" triggered "player_carryobject" (object "OBJ_DISPENSER") (position "-404 2575 -127")
L 10/07/2014 - 15:31:39: "Splunk Ninja<10><[U:1:197422767]><Red>" triggered "player_dropobject" (object "OBJ_DISPENSER") (position "-435 2630 -127")
L 10/07/2014 - 15:31:39: "Splunk Ninja<10><[U:1:197422767]><Red>" triggered "player_builtobject" (object "OBJ_DISPENSER") (position "-435 2630 -127")
L 10/07/2014 - 15:31:39: "Splunk Ninja<10><[U:1:197422767]><Red>" killed "AmNot<2><BOT><Blue>" with "obj_sentrygun3" (attacker_position "-512 2626 -159") (victim_position "-128 2878 -243")
L 10/07/2014 - 15:31:40: "GLaDOS<4><BOT><Blue>" killed "Splunk Ninja<10><[U:1:197422767]><Red>" with "tf_projectile_pipe" (attacker_position "-393 2810 -247") (victim_position "-501 2711 -186")
L 10/07/2014 - 15:31:40: "AmNot<2><BOT><Blue>" triggered "kill assist" against "Splunk Ninja<10><[U:1:197422767]><Red>" (assister_position "-128 2878 -158") (attacker_position "-393 2810 -247") (victim_position "-501 2711 -186")
L 10/07/2014 - 15:31:40: "Splunk Ninja<10><[U:1:197422767]><Red>" triggered "captureblocked" (cp "0") (cpname "#Dustbowl_cap_1_A") (position "-501 2711 -118")
L 10/07/2014 - 15:31:40: "Splunk Ninja<10><[U:1:197422767]><Red>" killed "GLaDOS<4><BOT><Blue>" with "obj_sentrygun3" (attacker_position "-501 2711 -118") (victim_position "-217 2883 -240")
L 10/07/2014 - 15:31:41: "AimBot<7><BOT><Red>" triggered "captureblocked" (cp "0") (cpname "#Dustbowl_cap_1_A") (position "-101 2659 -247")
L 10/07/2014 - 15:31:41: "AimBot<7><BOT><Red>" killed "Aperture Science Prototype XR7<6><BOT><Blue>" with "tf_projectile_pipe_remote" (attacker_position "-101 2659 -247") (victim_position "-254 2880 -240")
L 10/07/2014 - 15:31:41: "Splunk Ninja<10><[U:1:197422767]><Red>" triggered "kill assist" against "Aperture Science Prototype XR7<6><BOT><Blue>" (assister_position "-501 2711 -118") (attacker_position "-101 2659 -247") (victim_position "-254 2880 -240")
L 10/07/2014 - 15:31:42: "GLaDOS<4><BOT><Blue>" triggered "killedobject" (object "OBJ_DISPENSER") (weapon "tf_projectile_pipe") (objectowner "Splunk Ninja<10><[U:1:197422767]><Red>") (attacker_position "-217 2883 -206")
L 10/07/2014 - 15:31:54: "splunk> CannonFodder<12><[U:1:197388939]><Blue>" killed "Headful of Eyeballs<5><BOT><Red>" with "tf_projectile_rocket" (attacker_position "-1061 2843 -255") (victim_position "-225 2735 -240")
L 10/07/2014 - 15:31:54: "Splunk> | bombs FTW<11><[U:1:197298622]><Blue>" triggered "kill assist" against "Headful of Eyeballs<5><BOT><Red>" (assister_position "-1076 2804 -255") (attacker_position "-1061 2843 -255") (victim_position "-225 2735 -240")
L 10/07/2014 - 15:31:54: "Headful of Eyeballs<5><BOT><Red>" changed role to "demoman"
L 10/07/2014 - 15:32:05: "Saxton Hale<9><BOT><Red>" triggered "chargedeployed"
L 10/07/2014 - 15:32:12: "Splunk Ninja<10><[U:1:197422767]><Red>" killed "AmNot<2><BOT><Blue>" with "obj_sentrygun3" (attacker_position "2470 974 -188") (victim_position "-168 2902 -243")
L 10/07/2014 - 15:32:15: "Splunk Ninja<10><[U:1:197422767]><Red>" triggered "player_builtobject" (object "OBJ_TELEPORTER") (position "2470 974 -188")
L 10/07/2014 - 15:32:18: "GutsAndGlory!<8><BOT><Blue>" triggered "chargedeployed"
L 10/07/2014 - 15:32:22: "AimBot<7><BOT><Red>" killed "Aperture Science Prototype XR7<6><BOT><Blue>" with "tf_projectile_pipe_remote" (attacker_position "-206 2767 -240") (victim_position "-561 2811 -247")
L 10/07/2014 - 15:32:22: "Saxton Hale<9><BOT><Red>" triggered "kill assist" against "Aperture Science Prototype XR7<6><BOT><Blue>" (assister_position "-161 2737 -240") (attacker_position "-206 2767 -240") (victim_position "-561 2811 -247")
L 10/07/2014 - 15:32:24: "Splunk Ninja<10><[U:1:197422767]><Red>" triggered "captureblocked" (cp "0") (cpname "#Dustbowl_cap_1_A") (position "877 2582 -253")
L 10/07/2014 - 15:32:24: "Splunk Ninja<10><[U:1:197422767]><Red>" killed "GLaDOS<4><BOT><Blue>" with "obj_sentrygun3" (attacker_position "877 2582 -253") (victim_position "-239 2884 -240")
L 10/07/2014 - 15:32:26: "Splunk> | bombs FTW<11><[U:1:197298622]><Blue>" triggered "killedobject" (object "OBJ_SENTRYGUN") (weapon "tf_projectile_rocket") (objectowner "HI THERE<3><BOT><Red>") (attacker_position "117 1943 -282")
L 10/07/2014 - 15:32:26: "GutsAndGlory!<8><BOT><Blue>" triggered "killedobject" (object "OBJ_SENTRYGUN") (objectowner "HI THERE<3><BOT><Red>") (assist "1") (assister_position "86 1898 -289") (attacker_position "117 1943 -282")
L 10/07/2014 - 15:32:27: "Splunk Ninja<10><[U:1:197422767]><Red>" triggered "medic_death" against "GutsAndGlory!<8><BOT><Blue>" (healing "695") (ubercharge "0")
L 10/07/2014 - 15:32:27: "Splunk Ninja<10><[U:1:197422767]><Red>" killed "GutsAndGlory!<8><BOT><Blue>" with "obj_sentrygun3" (attacker_position "-35 2509 -255") (victim_position "184 1840 -264")
L 10/07/2014 - 15:32:29: "Splunk> | bombs FTW<11><[U:1:197298622]><Blue>" triggered "killedobject" (object "OBJ_DISPENSER") (weapon "tf_projectile_rocket") (objectowner "HI THERE<3><BOT><Red>") (attacker_position "-17 2396 -258")
L 10/07/2014 - 15:32:33: "splunk> CannonFodder<12><[U:1:197388939]><Blue>" killed "HI THERE<3><BOT><Red>" with "tf_projectile_rocket" (attacker_position "-131 1867 -371") (victim_position "-91 2340 -281")
L 10/07/2014 - 15:32:33: "HI THERE<3><BOT><Red>" changed role to "soldier"
L 10/07/2014 - 15:32:33: "Splunk Ninja<10><[U:1:197422767]><Red>" killed "Splunk> | bombs FTW<11><[U:1:197298622]><Blue>" with "obj_sentrygun3" (attacker_position "-303 2629 -125") (victim_position "157 1808 -265")
L 10/07/2014 - 15:32:33: "HI THERE<3><BOT><Red>" triggered "kill assist" against "Splunk> | bombs FTW<11><[U:1:197298622]><Blue>" (assister_position "-91 2340 -193") (attacker_position "-303 2629 -125") (victim_position "157 1808 -265")
L 10/07/2014 - 15:32:38: "Splunk Ninja<10><[U:1:197422767]><Red>" killed "AmNot<2><BOT><Blue>" with "obj_sentrygun3" (attacker_position "-391 2571 -127") (victim_position "-208 2835 -240")
L 10/07/2014 - 15:32:38: "Splunk> | bombs FTW<11><[U:1:197298622]><Blue>" changed role to "spy"
L 10/07/2014 - 15:32:40: "Splunk Ninja<10><[U:1:197422767]><Red>" triggered "player_builtobject" (object "OBJ_DISPENSER") (position "-391 2544 -127")
L 10/07/2014 - 15:32:41: "Headful of Eyeballs<5><BOT><Red>" killed "splunk> CannonFodder<12><[U:1:197388939]><Blue>" with "tf_projectile_pipe" (attacker_position "166 2311 -256") (victim_position "-403 2222 -415")
L 10/07/2014 - 15:32:41: "Splunk Ninja<10><[U:1:197422767]><Red>" triggered "kill assist" against "splunk> CannonFodder<12><[U:1:197388939]><Blue>" (assister_position "-399 2563 -127") (attacker_position "166 2311 -256") (victim_position "-403 2222 -415")
L 10/07/2014 - 15:32:46: "splunk> I'm too ESXi<13><[U:1:197340902]><Blue>" killed "Headful of Eyeballs<5><BOT><Red>" with "tf_projectile_rocket" (attacker_position "-229 2321 -322") (victim_position "-21 2505 -255")
L 10/07/2014 - 15:32:46: "Headful of Eyeballs<5><BOT><Red>" changed role to "engineer"
L 10/07/2014 - 15:32:46: "Buttercup<14><[U:1:197287110]><>" connected, address "192.168.1.107:27005"
L 10/07/2014 - 15:32:46: "Developers^4<15><[U:1:197323815]><>" connected, address "192.168.1.102:27005"
L 10/07/2014 - 15:32:46: "Buttercup<14><[U:1:197287110]><>" STEAM USERID validated
L 10/07/2014 - 15:32:46: "Developers^4<15><[U:1:197323815]><>" STEAM USERID validated
L 10/07/2014 - 15:32:47: World triggered "Mini_Round_Win" (winner "Red") (round "round_1")
L 10/07/2014 - 15:32:47: World triggered "Mini_Round_Length" (seconds "330.03")
L 10/07/2014 - 15:32:47: World triggered "Round_Win" (winner "Red")
L 10/07/2014 - 15:32:47: Team "Red" current score "0" with "5" players
L 10/07/2014 - 15:32:47: Team "Blue" current score "0" with "7" players
L 10/07/2014 - 15:32:48: "AimBot<7><BOT><Red>" killed "splunk> I'm too ESXi<13><[U:1:197340902]><Blue>" with "tf_projectile_pipe" (attacker_position "397 2469 -252") (victim_position "-229 2321 -322")
L 10/07/2014 - 15:32:49: "Developers^4<15><[U:1:197323815]><>" entered the game
L 10/07/2014 - 15:32:49: "Buttercup<14><[U:1:197287110]><>" entered the game
L 10/07/2014 - 15:32:50: "Splunk Ninja<10><[U:1:197422767]><Red>" killed "Aperture Science Prototype XR7<6><BOT><Blue>" with "obj_sentrygun3" (attacker_position "-232 2569 -124") (victim_position "-221 2883 -240")
L 10/07/2014 - 15:32:50: "Splunk Ninja<10><[U:1:197422767]><Red>" triggered "domination" against "Aperture Science Prototype XR7<6><BOT><Blue>"
L 10/07/2014 - 15:33:08: World triggered "Round_Start"
L 10/07/2014 - 15:33:08: World triggered "Round_Setup_Begin"
L 10/07/2014 - 15:33:08: World triggered "Mini_Round_Selected" (round "round_1")
L 10/07/2014 - 15:33:08: World triggered "Mini_Round_Start"
L 10/07/2014 - 15:33:08: "AmNot<2><BOT><Blue>" joined team "Red"
L 10/07/2014 - 15:33:08: "HI THERE<3><BOT><Red>" joined team "Blue"
L 10/07/2014 - 15:33:08: "GLaDOS<4><BOT><Blue>" joined team "Red"
L 10/07/2014 - 15:33:08: "Headful of Eyeballs<5><BOT><Red>" joined team "Blue"
L 10/07/2014 - 15:33:08: "Aperture Science Prototype XR7<6><BOT><Blue>" joined team "Red"
L 10/07/2014 - 15:33:08: "AimBot<7><BOT><Red>" joined team "Blue"
L 10/07/2014 - 15:33:08: "GutsAndGlory!<8><BOT><Blue>" joined team "Red"
L 10/07/2014 - 15:33:08: "Saxton Hale<9><BOT><Red>" joined team "Blue"
L 10/07/2014 - 15:33:08: "Splunk Ninja<10><[U:1:197422767]><Red>" joined team "Blue"
L 10/07/2014 - 15:33:08: "Splunk> | bombs FTW<11><[U:1:197298622]><Blue>" joined team "Red"
L 10/07/2014 - 15:33:08: "splunk> CannonFodder<12><[U:1:197388939]><Blue>" joined team "Red"
L 10/07/2014 - 15:33:08: "splunk> I'm too ESXi<13><[U:1:197340902]><Blue>" joined team "Red"
L 10/07/2014 - 15:33:21: "Headful of Eyeballs<5><BOT><Blue>" stuck (position "-2199.53 2942.36 -255.97") (duration "3.36") L 10/07/2014 - 15:33:21:    path_goal ( "-2150.00 2950.00 -255.97" )
L 10/07/2014 - 15:33:21: "Headful of Eyeballs<5><BOT><Blue>" stuck (position "-2199.53 2940.56 -230.66") (duration "3.46") L 10/07/2014 - 15:33:21:    path_goal ( "-2325.00 2950.00 -347.00" )
L 10/07/2014 - 15:33:25: "Buttercup<14><[U:1:197287110]><Unassigned>" changed name to "Shotgun"
L 10/07/2014 - 15:33:30: "Developers^4<15><[U:1:197323815]><Unassigned>" changed name to "0N1X"
L 10/07/2014 - 15:33:34: "Splunk Ninja<10><[U:1:197422767]><Blue>" changed role to "sniper"
L 10/07/2014 - 15:33:38: "Headful of Eyeballs<5><BOT><Blue>" stuck (position "-1634.08 1633.47 -255.89") (duration "3.36") L 10/07/2014 - 15:33:38:    path_goal ( "-294.47 2649.19 -127.97" )
L 10/07/2014 - 15:33:38: "Headful of Eyeballs<5><BOT><Blue>" stuck (position "-1637.91 1633.47 -230.58") (duration "3.46") L 10/07/2014 - 15:33:38:    path_goal ( "-294.47 2649.19 -127.97" )
L 10/07/2014 - 15:33:43: "Headful of Eyeballs<5><BOT><Blue>" stuck (position "-1634.06 1633.47 -255.91") (duration "3.36") L 10/07/2014 - 15:33:43:    path_goal ( "-374.41 2833.77 -247.97" )
L 10/07/2014 - 15:33:43: "Headful of Eyeballs<5><BOT><Blue>" stuck (position "-1640.71 1633.47 -230.60") (duration "3.47") L 10/07/2014 - 15:33:43:    path_goal ( "-374.41 2833.77 -247.97" )
L 10/07/2014 - 15:33:44: "Headful of Eyeballs<5><BOT><Blue>" stuck (position "-1649.43 1633.47 -255.91") (duration "0.42") L 10/07/2014 - 15:33:44:    path_goal ( "-374.41 2833.77 -247.97" )
L 10/07/2014 - 15:33:45: "Headful of Eyeballs<5><BOT><Blue>" stuck (position "-1647.53 1633.47 -255.91") (duration "1.47") L 10/07/2014 - 15:33:45:    path_goal ( "-374.41 2833.77 -247.97" )
L 10/07/2014 - 15:33:46: "Headful of Eyeballs<5><BOT><Blue>" stuck (position "-1672.11 1633.47 -255.94") (duration "0.32") L 10/07/2014 - 15:33:46:    path_goal ( "-374.41 2833.77 -247.97" )
L 10/07/2014 - 15:33:47: "Headful of Eyeballs<5><BOT><Blue>" stuck (position "-1627.21 1633.47 -255.91") (duration "1.36") L 10/07/2014 - 15:33:47:    path_goal ( "-374.41 2833.77 -247.97" )
L 10/07/2014 - 15:33:48: "Headful of Eyeballs<5><BOT><Blue>" stuck (position "-1627.78 1633.47 -255.89") (duration "0.32") L 10/07/2014 - 15:33:48:    path_goal ( "-374.41 2833.77 -247.97" )
L 10/07/2014 - 15:33:49: "Shotgun<14><[U:1:197287110]><Unassigned>" joined team "Blue"
L 10/07/2014 - 15:33:49: "Headful of Eyeballs<5><BOT><Blue>" stuck (position "-1627.21 1633.47 -255.89") (duration "1.36") L 10/07/2014 - 15:33:49:    path_goal ( "-374.41 2833.77 -247.97" )
L 10/07/2014 - 15:33:50: "0N1X<15><[U:1:197323815]><Unassigned>" joined team "Blue"
L 10/07/2014 - 15:33:51: "Headful of Eyeballs<5><BOT><Blue>" stuck (position "-1650.97 1633.47 -255.89") (duration "0.32") L 10/07/2014 - 15:33:51:    path_goal ( "-374.41 2833.77 -247.97" )
L 10/07/2014 - 15:33:52: "Headful of Eyeballs<5><BOT><Blue>" stuck (position "-1627.23 1633.47 -255.89") (duration "1.37") L 10/07/2014 - 15:33:52:    path_goal ( "-374.41 2833.77 -247.97" )
L 10/07/2014 - 15:33:53: "Headful of Eyeballs<5><BOT><Blue>" stuck (position "-1650.93 1633.47 -255.89") (duration "0.32") L 10/07/2014 - 15:33:53:    path_goal ( "-374.41 2833.77 -247.97" )
L 10/07/2014 - 15:33:54: "Headful of Eyeballs<5><BOT><Blue>" stuck (position "-1627.21 1633.47 -255.89") (duration "1.37") L 10/07/2014 - 15:33:54:    path_goal ( "-374.41 2833.77 -247.97" )
L 10/07/2014 - 15:33:55: "Headful of Eyeballs<5><BOT><Blue>" stuck (position "-1650.68 1633.47 -255.89") (duration "0.32") L 10/07/2014 - 15:33:55:    path_goal ( "-374.41 2833.77 -247.97" )
L 10/07/2014 - 15:33:55: "Shotgun<14><[U:1:197287110]><Blue>" changed role to "scout"
L 10/07/2014 - 15:33:56: "Headful of Eyeballs<5><BOT><Blue>" stuck (position "-1627.20 1633.47 -255.89") (duration "0.21") L 10/07/2014 - 15:33:56:    path_goal ( "-374.41 2833.77 -247.97" )
L 10/07/2014 - 15:33:57: "Headful of Eyeballs<5><BOT><Blue>" stuck (position "-1632.26 1633.47 -255.89") (duration "0.32") L 10/07/2014 - 15:33:57:    path_goal ( "-374.41 2833.77 -247.97" )
L 10/07/2014 - 15:33:58: "Headful of Eyeballs<5><BOT><Blue>" stuck (position "-1664.65 1633.47 -255.96") (duration "1.36") L 10/07/2014 - 15:33:58:    path_goal ( "-374.41 2833.77 -247.97" )
L 10/07/2014 - 15:33:59: "Headful of Eyeballs<5><BOT><Blue>" stuck (position "-1627.21 1633.47 -255.89") (duration "0.32") L 10/07/2014 - 15:33:59:    path_goal ( "-374.41 2833.77 -247.97" )
L 10/07/2014 - 15:34:05: "Headful of Eyeballs<5><BOT><Blue>" stuck (position "-1627.21 1633.47 -255.89") (duration "1.36") L 10/07/2014 - 15:34:05:    path_goal ( "-374.41 2833.77 -247.97" )
L 10/07/2014 - 15:34:06: "Headful of Eyeballs<5><BOT><Blue>" stuck (position "-1627.23 1633.47 -255.89") (duration "0.32") L 10/07/2014 - 15:34:06:    path_goal ( "-374.41 2833.77 -247.97" )
L 10/07/2014 - 15:34:07: "Headful of Eyeballs<5><BOT><Blue>" stuck (position "-1630.28 1633.47 -255.89") (duration "1.37") L 10/07/2014 - 15:34:07:    path_goal ( "-374.41 2833.77 -247.97" )
L 10/07/2014 - 15:34:09: "Headful of Eyeballs<5><BOT><Blue>" stuck (position "-1668.17 1633.47 -255.94") (duration "0.32") L 10/07/2014 - 15:34:09:    path_goal ( "-374.41 2833.77 -247.97" )
L 10/07/2014 - 15:34:10: "Headful of Eyeballs<5><BOT><Blue>" stuck (position "-1627.21 1633.47 -255.91") (duration "1.37") L 10/07/2014 - 15:34:10:    path_goal ( "-374.41 2833.77 -247.97" )
L 10/07/2014 - 15:34:11: "Headful of Eyeballs<5><BOT><Blue>" stuck (position "-1627.54 1633.47 -255.89") (duration "0.32") L 10/07/2014 - 15:34:11:    path_goal ( "-374.41 2833.77 -247.97" )
L 10/07/2014 - 15:34:12: "Headful of Eyeballs<5><BOT><Blue>" stuck (position "-1627.19 1633.47 -255.89") (duration "1.36") L 10/07/2014 - 15:34:12:    path_goal ( "-374.41 2833.77 -247.97" )
L 10/07/2014 - 15:34:13: "Headful of Eyeballs<5><BOT><Blue>" stuck (position "-1627.19 1633.47 -255.89") (duration "0.32") L 10/07/2014 - 15:34:13:    path_goal ( "-374.41 2833.77 -247.97" )
L 10/07/2014 - 15:34:14: World triggered "Round_Setup_End"
L 10/07/2014 - 15:34:14: "Headful of Eyeballs<5><BOT><Blue>" stuck (position "-1627.19 1633.47 -255.89") (duration "1.36") L 10/07/2014 - 15:34:14:    path_goal ( "-374.41 2833.77 -247.97" )
L 10/07/2014 - 15:34:15: "Headful of Eyeballs<5><BOT><Blue>" stuck (position "-1648.70 1647.55 -255.96") (duration "0.32") L 10/07/2014 - 15:34:15:    path_goal ( "-374.41 2833.77 -247.97" )
L 10/07/2014 - 15:34:20: "Headful of Eyeballs<5><BOT><Blue>" triggered "player_builtobject" (object "OBJ_TELEPORTER") (position "-1579 1754 -247")
L 10/07/2014 - 15:34:23: "0N1X<15><[U:1:197323815]><Blue>" changed role to "pyro"
L 10/07/2014 - 15:34:30: "AimBot<7><BOT><Blue>" killed "AmNot<2><BOT><Red>" with "tf_projectile_pipe" (attacker_position "-479 2778 -231") (victim_position "-40 2655 -63")
L 10/07/2014 - 15:34:30: "AmNot<2><BOT><Red>" changed role to "engineer"
L 10/07/2014 - 15:34:32: "Saxton Hale<9><BOT><Blue>" triggered "chargedeployed"
L 10/07/2014 - 15:34:36: "Shotgun<14><[U:1:197287110]><Blue>" killed "Aperture Science Prototype XR7<6><BOT><Red>" with "world" (attacker_position "-403 2005 -415") (victim_position "-117 2532 -247")
L 10/07/2014 - 15:34:36: "HI THERE<3><BOT><Blue>" triggered "kill assist" against "Aperture Science Prototype XR7<6><BOT><Red>" (assister_position "-1251 2308 -409") (attacker_position "-403 2005 -415") (victim_position "-117 2532 -247")
L 10/07/2014 - 15:34:36: "Aperture Science Prototype XR7<6><BOT><Red>" changed role to "heavyweapons"
L 10/07/2014 - 15:34:45: "Splunk Ninja<10><[U:1:197422767]><Blue>" killed "Splunk> | bombs FTW<11><[U:1:197298622]><Red>" with "sniperrifle" (attacker_position "-1931 1914 -238") (victim_position "515 2526 -250")
L 10/07/2014 - 15:34:45: "0N1X<15><[U:1:197323815]><Blue>" triggered "kill assist" against "Splunk> | bombs FTW<11><[U:1:197298622]><Red>" (assister_position "71 2488 -255") (attacker_position "-1931 1914 -238") (victim_position "515 2526 -250")
L 10/07/2014 - 15:34:45: Team "Blue" triggered "pointcaptured" (cp "0") (cpname "#Dustbowl_cap_1_A") (numcappers "1") (player1 "AimBot<7><BOT><Blue>") (position1 "-347 2858 -247") 
L 10/07/2014 - 15:34:46: "Headful of Eyeballs<5><BOT><Blue>" triggered "player_builtobject" (object "OBJ_SENTRYGUN") (position "-402 2842 -247")
L 10/07/2014 - 15:34:56: "HI THERE<3><BOT><Blue>" killed "GLaDOS<4><BOT><Red>" with "tf_projectile_rocket" (attacker_position "2069 2368 -151") (victim_position "2258 2484 -142")
L 10/07/2014 - 15:34:56: "Saxton Hale<9><BOT><Blue>" triggered "kill assist" against "GLaDOS<4><BOT><Red>" (assister_position "1948 2412 -199") (attacker_position "2069 2368 -151") (victim_position "2258 2484 -142")
L 10/07/2014 - 15:34:56: "GLaDOS<4><BOT><Red>" changed role to "pyro"
L 10/07/2014 - 15:35:00: Team "Blue" triggered "pointcaptured" (cp "1") (cpname "#Dustbowl_cap_1_B") (numcappers "3") (player1 "HI THERE<3><BOT><Blue>") (position1 "2231 2243 -143") (player2 "Saxton Hale<9><BOT><Blue>") (position2 "2283 2389 -136") (player3 "0N1X<15><[U:1:197323815]><Blue>") (position3 "2389 2272 -143") 
L 10/07/2014 - 15:35:00: World triggered "Mini_Round_Win" (winner "Blue") (round "round_1")
L 10/07/2014 - 15:35:00: World triggered "Mini_Round_Length" (seconds "106.43")
L 10/07/2014 - 15:35:02: "Shotgun<14><[U:1:197287110]><Blue>" killed "AmNot<2><BOT><Red>" with "pistol_scout" (attacker_position "2442 1772 -192") (victim_position "2704 2126 -189")
L 10/07/2014 - 15:35:02: "AmNot<2><BOT><Red>" changed role to "scout"
L 10/07/2014 - 15:35:14: "Headful of Eyeballs<5><BOT><Blue>" stuck (position "-98.05 1707.30 -255.81") (duration "3.46") L 10/07/2014 - 15:35:14:    path_goal ( "-150.00 912.50 64.03" )
L 10/07/2014 - 15:35:16: "HI THERE<3><BOT><Blue>" killed "Aperture Science Prototype XR7<6><BOT><Red>" with "tf_projectile_rocket" (attacker_position "2151 833 -197") (victim_position "2429 815 -191")
L 10/07/2014 - 15:35:16: "Saxton Hale<9><BOT><Blue>" triggered "kill assist" against "Aperture Science Prototype XR7<6><BOT><Red>" (assister_position "2148 914 -193") (attacker_position "2151 833 -197") (victim_position "2429 815 -191")
L 10/07/2014 - 15:35:16: "Aperture Science Prototype XR7<6><BOT><Red>" changed role to "engineer"
L 10/07/2014 - 15:35:20: World triggered "Round_Setup_Begin"
L 10/07/2014 - 15:35:20: World triggered "Mini_Round_Selected" (round "round_2")
L 10/07/2014 - 15:35:20: World triggered "Mini_Round_Start"
L 10/07/2014 - 15:35:28: "Aperture Science Prototype XR7<6><BOT><Red>" triggered "player_builtobject" (object "OBJ_TELEPORTER") (position "-1641 -1641 -127")
L 10/07/2014 - 15:35:30: "Headful of Eyeballs<5><BOT><Blue>" stuck (position "2568.03 1000.03 -223.97") (duration "3.36") L 10/07/2014 - 15:35:30:    path_goal ( "2310.00 -1560.00 0.03" )
L 10/07/2014 - 15:35:30: "Headful of Eyeballs<5><BOT><Blue>" stuck (position "2568.35 1000.03 -198.66") (duration "3.46") L 10/07/2014 - 15:35:30:    path_goal ( "2575.00 1025.00 -223.97" )
L 10/07/2014 - 15:35:31: "Headful of Eyeballs<5><BOT><Blue>" stuck (position "2568.03 1060.43 -223.97") (duration "4.51") L 10/07/2014 - 15:35:31:    path_goal ( "2600.00 1250.00 -223.97" )
L 10/07/2014 - 15:35:33: "Headful of Eyeballs<5><BOT><Blue>" triggered "player_builtobject" (object "OBJ_TELEPORTER") (position "2503 992 -191")
L 10/07/2014 - 15:35:44: "Aperture Science Prototype XR7<6><BOT><Red>" triggered "player_builtobject" (object "OBJ_SENTRYGUN") (position "1812 -1750 -142")
L 10/07/2014 - 15:35:51: "Headful of Eyeballs<5><BOT><Blue>" stuck (position "2200.54 285.53 -327.66") (duration "3.99") L 10/07/2014 - 15:35:51:    path_goal ( "2356.29 -1130.40 -131.03" )
L 10/07/2014 - 15:35:51: "Headful of Eyeballs<5><BOT><Blue>" stuck (position "2215.78 285.53 -302.35") (duration "4.09") L 10/07/2014 - 15:35:51:    path_goal ( "2356.29 -1130.40 -131.03" )
L 10/07/2014 - 15:36:03: "Headful of Eyeballs<5><BOT><Blue>" stuck (position "2012.28 286.53 -324.58") (duration "3.68") L 10/07/2014 - 15:36:03:    path_goal ( "2024.85 -2088.58 -127.45" )
L 10/07/2014 - 15:36:03: "Headful of Eyeballs<5><BOT><Blue>" stuck (position "1996.88 286.53 -299.28") (duration "3.78") L 10/07/2014 - 15:36:03:    path_goal ( "2024.85 -2088.58 -127.45" )
L 10/07/2014 - 15:36:08: "Headful of Eyeballs<5><BOT><Blue>" stuck (position "2005.57 286.53 -324.34") (duration "3.89") L 10/07/2014 - 15:36:08:    path_goal ( "1572.85 -1713.11 -138.23" )
L 10/07/2014 - 15:36:08: "Headful of Eyeballs<5><BOT><Blue>" stuck (position "1992.67 286.53 -299.04") (duration "3.99") L 10/07/2014 - 15:36:08:    path_goal ( "1572.85 -1713.11 -138.23" )
L 10/07/2014 - 15:36:17: "Headful of Eyeballs<5><BOT><Blue>" stuck (position "1953.20 286.53 -322.45") (duration "3.36") L 10/07/2014 - 15:36:17:    path_goal ( "1999.40 -1963.83 -129.84" )
L 10/07/2014 - 15:36:17: "Headful of Eyeballs<5><BOT><Blue>" stuck (position "1956.57 286.53 -297.15") (duration "3.46") L 10/07/2014 - 15:36:17:    path_goal ( "1956.57 286.53 -297.15" )
L 10/07/2014 - 15:36:18: "Headful of Eyeballs<5><BOT><Blue>" stuck (position "2022.46 322.89 -326.63") (duration "0.74") L 10/07/2014 - 15:36:18:    path_goal ( "2050.00 300.00 -326.08" )
L 10/07/2014 - 15:36:23: "Headful of Eyeballs<5><BOT><Blue>" stuck (position "1962.10 286.53 -322.77") (duration "3.57") L 10/07/2014 - 15:36:23:    path_goal ( "1999.40 -1963.83 -129.84" )
L 10/07/2014 - 15:36:23: "Headful of Eyeballs<5><BOT><Blue>" stuck (position "1951.78 290.65 -297.77") (duration "3.67") L 10/07/2014 - 15:36:23:    path_goal ( "1951.78 290.65 -297.77" )
L 10/07/2014 - 15:36:24: "Headful of Eyeballs<5><BOT><Blue>" stuck (position "2011.77 287.99 -324.67") (duration "0.73") L 10/07/2014 - 15:36:24:    path_goal ( "2050.00 300.00 -326.08" )
L 10/07/2014 - 15:36:24: World triggered "Round_Setup_End"
L 10/07/2014 - 15:36:28: "GLaDOS<4><BOT><Red>" stuck (position "2375.95 -1496.01 -127.97") (duration "3.38") L 10/07/2014 - 15:36:28:    path_goal ( "2450.00 -1275.00 -127.97" )
L 10/07/2014 - 15:36:29: "Aperture Science Prototype XR7<6><BOT><Red>" killed "Headful of Eyeballs<5><BOT><Blue>" with "obj_sentrygun2" (attacker_position "1826 -1709 -142") (victim_position "2170 -856 -147")
L 10/07/2014 - 15:36:30: "Headful of Eyeballs<5><BOT><Blue>" changed role to "demoman"
L 10/07/2014 - 15:36:36: "Aperture Science Prototype XR7<6><BOT><Red>" triggered "player_builtobject" (object "OBJ_DISPENSER") (position "1774 -1758 -142")
L 10/07/2014 - 15:36:37: "GLaDOS<4><BOT><Red>" killed "Shotgun<14><[U:1:197287110]><Blue>" with "flamethrower" (attacker_position "2648 -928 -109") (victim_position "2539 -132 -151")
L 10/07/2014 - 15:36:44: "HI THERE<3><BOT><Blue>" stuck (position "1520.21 851.97 -138.88") (duration "4.93") L 10/07/2014 - 15:36:44:    path_goal ( "1512.50 1362.50 0.02" )
L 10/07/2014 - 15:36:44: "Aperture Science Prototype XR7<6><BOT><Red>" triggered "player_builtobject" (object "OBJ_TELEPORTER") (position "1789 -1744 -142")
L 10/07/2014 - 15:36:47: "AmNot<2><BOT><Red>" stuck (position "2320.09 -1969.34 -127.97") (duration "2.62") L 10/07/2014 - 15:36:47:    path_goal ( "2362.50 -1962.50 -127.97" )
L 10/07/2014 - 15:36:55: "AimBot<7><BOT><Blue>" killed "GLaDOS<4><BOT><Red>" with "tf_projectile_pipe" (attacker_position "2823 477 -306") (victim_position "2705 451 -329")
L 10/07/2014 - 15:36:55: "GLaDOS<4><BOT><Red>" changed role to "heavyweapons"
L 10/07/2014 - 15:36:55: "GLaDOS<4><BOT><Red>" killed "AimBot<7><BOT><Blue>" with "deflect_promode" (attacker_position "2705 451 -261") (victim_position "2823 476 -332")
L 10/07/2014 - 15:36:59: "Shotgun<14><[U:1:197287110]><Blue>" changed role to "sniper"
L 10/07/2014 - 15:37:04: "HI THERE<3><BOT><Blue>" stuck (position "2710.31 -956.31 -103.97") (duration "4.30") L 10/07/2014 - 15:37:04:    path_goal ( "2697.38 -1000.28 -69.34" )
L 10/07/2014 - 15:37:06: "Headful of Eyeballs<5><BOT><Blue>" stuck (position "2710.03 -1066.39 38.33") (duration "3.57") L 10/07/2014 - 15:37:06:    path_goal ( "2662.50 -1187.50 0.03" )
L 10/07/2014 - 15:37:06: "Headful of Eyeballs<5><BOT><Blue>" stuck (position "2707.70 -1070.24 28.36") (duration "3.67") L 10/07/2014 - 15:37:06:    path_goal ( "2662.50 -1187.50 0.03" )
L 10/07/2014 - 15:37:07: "Headful of Eyeballs<5><BOT><Blue>" stuck (position "2695.96 -1055.42 -0.15") (duration "4.73") L 10/07/2014 - 15:37:07:    path_goal ( "2675.00 -1075.00 -29.97" )
L 10/07/2014 - 15:37:08: "Headful of Eyeballs<5><BOT><Blue>" stuck (position "2652.90 -999.97 -68.91") (duration "5.78") L 10/07/2014 - 15:37:08:    path_goal ( "2666.72 -1013.63 -69.34" )
L 10/07/2014 - 15:37:09: "Headful of Eyeballs<5><BOT><Blue>" stuck (position "2655.15 -1059.97 -29.97") (duration "6.83") L 10/07/2014 - 15:37:09:    path_goal ( "2662.50 -1075.00 -29.97" )
L 10/07/2014 - 15:37:10: "Aperture Science Prototype XR7<6><BOT><Red>" killed "Headful of Eyeballs<5><BOT><Blue>" with "obj_sentrygun3" (attacker_position "1717 -1699 -142") (victim_position "2665 -1088 0")
L 10/07/2014 - 15:37:10: "Headful of Eyeballs<5><BOT><Blue>" changed role to "scout"
L 10/07/2014 - 15:37:28: "HI THERE<3><BOT><Blue>" stuck (position "2226.63 1559.97 -223.97") (duration "4.20") L 10/07/2014 - 15:37:28:    path_goal ( "2212.50 2575.00 -151.97" )
L 10/07/2014 - 15:37:36: "Shotgun<14><[U:1:197287110]><Blue>" killed "Aperture Science Prototype XR7<6><BOT><Red>" with "sniperrifle" (customkill "headshot") (attacker_position "2400 -138 -191") (victim_position "1778 -1765 -142")
L 10/07/2014 - 15:37:41: "AimBot<7><BOT><Blue>" triggered "killedobject" (object "OBJ_TELEPORTER") (weapon "tf_projectile_pipe_remote") (objectowner "Aperture Science Prototype XR7<6><BOT><Red>") (attacker_position "2707 -1059 -29")
L 10/07/2014 - 15:37:41: "AimBot<7><BOT><Blue>" triggered "killedobject" (object "OBJ_SENTRYGUN") (weapon "tf_projectile_pipe_remote") (objectowner "Aperture Science Prototype XR7<6><BOT><Red>") (attacker_position "2707 -1059 -29")
L 10/07/2014 - 15:37:47: "HI THERE<3><BOT><Blue>" triggered "killedobject" (object "OBJ_DISPENSER") (weapon "tf_projectile_rocket") (objectowner "Aperture Science Prototype XR7<6><BOT><Red>") (attacker_position "2336 -1541 7")
L 10/07/2014 - 15:37:47: "AimBot<7><BOT><Blue>" killed "GLaDOS<4><BOT><Red>" with "tf_projectile_pipe" (attacker_position "2492 -1494 0") (victim_position "1787 -1784 -142")
L 10/07/2014 - 15:37:47: "Saxton Hale<9><BOT><Blue>" triggered "kill assist" against "GLaDOS<4><BOT><Red>" (assister_position "2672 -1101 0") (attacker_position "2492 -1494 0") (victim_position "1787 -1784 -142")
L 10/07/2014 - 15:37:47: "GLaDOS<4><BOT><Red>" changed role to "demoman"
L 10/07/2014 - 15:37:49: "AmNot<2><BOT><Red>" triggered "captureblocked" (cp "2") (cpname "#Dustbowl_cap_2_A") (position "2350 -1432 2")
L 10/07/2014 - 15:37:50: "HI THERE<3><BOT><Blue>" killed "AmNot<2><BOT><Red>" with "tf_projectile_rocket" (attacker_position "2171 -1544 0") (victim_position "2306 -1548 7")
L 10/07/2014 - 15:37:50: "Saxton Hale<9><BOT><Blue>" triggered "kill assist" against "AmNot<2><BOT><Red>" (assister_position "2229 -1537 7") (attacker_position "2171 -1544 0") (victim_position "2306 -1548 7")
L 10/07/2014 - 15:37:50: "AmNot<2><BOT><Red>" changed role to "pyro"
L 10/07/2014 - 15:37:51: Team "Blue" triggered "pointcaptured" (cp "2") (cpname "#Dustbowl_cap_2_A") (numcappers "2") (player1 "AimBot<7><BOT><Blue>") (position1 "2335 -1481 7") (player2 "Saxton Hale<9><BOT><Blue>") (position2 "2215 -1536 7") 
L 10/07/2014 - 15:38:01: "Aperture Science Prototype XR7<6><BOT><Red>" triggered "player_builtobject" (object "OBJ_SENTRYGUN") (position "-1278 -1551 -127")
L 10/07/2014 - 15:38:27: "AimBot<7><BOT><Blue>" killed "GLaDOS<4><BOT><Red>" with "tf_projectile_pipe_remote" (attacker_position "-828 -2503 -125") (victim_position "-1329 -1725 -146")
L 10/07/2014 - 15:38:27: "Headful of Eyeballs<5><BOT><Blue>" triggered "kill assist" against "GLaDOS<4><BOT><Red>" (assister_position "-472 -1829 -93") (attacker_position "-828 -2503 -125") (victim_position "-1329 -1725 -146")
L 10/07/2014 - 15:38:27: "AimBot<7><BOT><Blue>" triggered "killedobject" (object "OBJ_SENTRYGUN") (weapon "tf_projectile_pipe_remote") (objectowner "Aperture Science Prototype XR7<6><BOT><Red>") (attacker_position "-828 -2503 -125")
L 10/07/2014 - 15:38:27: "GLaDOS<4><BOT><Red>" changed role to "sniper"
L 10/07/2014 - 15:38:27: "Aperture Science Prototype XR7<6><BOT><Red>" stuck (position "-1083.09 -2340.03 -127.94") (duration "3.47") L 10/07/2014 - 15:38:27:    path_goal ( "-1062.50 -2287.50 -59.72" )
L 10/07/2014 - 15:38:27: "Aperture Science Prototype XR7<6><BOT><Red>" stuck (position "-1075.00 -2340.03 -102.64") (duration "3.57") L 10/07/2014 - 15:38:27:    path_goal ( "NULL" )
L 10/07/2014 - 15:38:28: "Aperture Science Prototype XR7<6><BOT><Red>" stuck (position "-1037.74 -2340.43 -128.10") (duration "0.42") L 10/07/2014 - 15:38:28:    path_goal ( "-1062.50 -2325.00 -128.73" )
L 10/07/2014 - 15:38:28: "AimBot<7><BOT><Blue>" killed "AmNot<2><BOT><Red>" with "tf_projectile_pipe" (attacker_position "-881 -2787 -127") (victim_position "-820 -2428 126")
L 10/07/2014 - 15:38:28: "AmNot<2><BOT><Red>" changed role to "engineer"
L 10/07/2014 - 15:38:29: "Aperture Science Prototype XR7<6><BOT><Red>" stuck (position "-1063.06 -2331.17 -59.72") (duration "1.47") L 10/07/2014 - 15:38:29:    path_goal ( "-1100.00 -2325.00 -128.54" )
L 10/07/2014 - 15:38:39: "0N1X<15><[U:1:197323815]><Blue>" killed "Aperture Science Prototype XR7<6><BOT><Red>" with "flamethrower" (attacker_position "51 -1676 -129") (victim_position "-144 -1697 -137")
L 10/07/2014 - 15:38:40: "Aperture Science Prototype XR7<6><BOT><Red>" changed role to "heavyweapons"
L 10/07/2014 - 15:38:40: "Headful of Eyeballs<5><BOT><Blue>" triggered "killedobject" (object "OBJ_TELEPORTER") (weapon "pistol_scout") (objectowner "Aperture Science Prototype XR7<6><BOT><Red>") (attacker_position "-1353 -1617 -127")
L 10/07/2014 - 15:38:49: Team "Blue" triggered "pointcaptured" (cp "3") (cpname "#Dustbowl_cap_2_B") (numcappers "2") (player1 "Headful of Eyeballs<5><BOT><Blue>") (position1 "-1636 -1931 -38") (player2 "AimBot<7><BOT><Blue>") (position2 "-1535 -1918 -38") 
L 10/07/2014 - 15:38:49: World triggered "Mini_Round_Win" (winner "Blue") (round "round_2")
L 10/07/2014 - 15:38:49: World triggered "Mini_Round_Length" (seconds "197.14")
L 10/07/2014 - 15:38:53: "0N1X<15><[U:1:197323815]><Blue>" killed "GLaDOS<4><BOT><Red>" with "flamethrower" (attacker_position "-1212 -2039 -125") (victim_position "-1176 -2196 -127")
L 10/07/2014 - 15:38:53: "GLaDOS<4><BOT><Red>" changed role to "scout"
L 10/07/2014 - 15:38:56: "Saxton Hale<9><BOT><Blue>" stuck (position "-540.99 -1818.05 -159.97") (duration "3.15") L 10/07/2014 - 15:38:56:    path_goal ( "-512.50 -1762.50 -134.74" )
L 10/07/2014 - 15:38:56: "Saxton Hale<9><BOT><Blue>" stuck (position "-544.21 -1806.90 -134.66") (duration "3.26") L 10/07/2014 - 15:38:56:    path_goal ( "-500.00 -1818.05 -159.84" )
L 10/07/2014 - 15:38:57: "Saxton Hale<9><BOT><Blue>" stuck (position "-473.75 -1815.95 -159.96") (duration "4.31") L 10/07/2014 - 15:38:57:    path_goal ( "-200.00 -1806.90 -153.08" )
L 10/07/2014 - 15:39:04: World triggered "Round_Setup_Begin"
L 10/07/2014 - 15:39:04: World triggered "Mini_Round_Selected" (round "round_3")
L 10/07/2014 - 15:39:04: World triggered "Mini_Round_Start"
L 10/07/2014 - 15:39:21: "AmNot<2><BOT><Red>" triggered "player_builtobject" (object "OBJ_SENTRYGUN") (position "-2260 236 -63")
L 10/07/2014 - 15:39:40: "AmNot<2><BOT><Red>" triggered "player_builtobject" (object "OBJ_DISPENSER") (position "-2269 246 -63")
L 10/07/2014 - 15:40:07: World triggered "Round_Setup_End"
L 10/07/2014 - 15:40:21: "GutsAndGlory!<8><BOT><Red>" triggered "chargedeployed"
L 10/07/2014 - 15:40:22: "AmNot<2><BOT><Red>" killed "AimBot<7><BOT><Blue>" with "obj_sentrygun3" (attacker_position "-2217 303 -63") (victim_position "-1440 -263 -57")
L 10/07/2014 - 15:40:22: "GLaDOS<4><BOT><Red>" triggered "kill assist" against "AimBot<7><BOT><Blue>" (assister_position "-2080 -46 40") (attacker_position "-2217 303 -63") (victim_position "-1440 -263 -57")
L 10/07/2014 - 15:40:24: "Saxton Hale<9><BOT><Blue>" triggered "chargedeployed"
L 10/07/2014 - 15:40:30: "Aperture Science Prototype XR7<6><BOT><Red>" killed "Shotgun<14><[U:1:197287110]><Blue>" with "minigun" (attacker_position "-1588 86 -63") (victim_position "-1726 -501 -63")
L 10/07/2014 - 15:40:30: "GutsAndGlory!<8><BOT><Red>" triggered "kill assist" against "Shotgun<14><[U:1:197287110]><Blue>" (assister_position "-1688 173 -63") (attacker_position "-1588 86 -63") (victim_position "-1726 -501 -63")
L 10/07/2014 - 15:40:30: "GLaDOS<4><BOT><Red>" stuck (position "-2103.48 -115.25 48.03") (duration "2.52") L 10/07/2014 - 15:40:30:    path_goal ( "-2100.00 -112.50 44.03" )
L 10/07/2014 - 15:40:37: "Headful of Eyeballs<5><BOT><Blue>" stuck (position "-1501.04 -729.51 -64.23") (duration "2.52") L 10/07/2014 - 15:40:37:    path_goal ( "NULL" )
L 10/07/2014 - 15:40:37: "Headful of Eyeballs<5><BOT><Blue>" stuck (position "-1506.92 -717.59 -38.92") (duration "2.62") L 10/07/2014 - 15:40:37:    path_goal ( "-1506.92 -725.00 -64.83" )
L 10/07/2014 - 15:40:41: "AmNot<2><BOT><Red>" killed "0N1X<15><[U:1:197323815]><Blue>" with "obj_sentrygun3" (attacker_position "-2196 279 -63") (victim_position "-1737 -119 -63")
L 10/07/2014 - 15:40:44: "Headful of Eyeballs<5><BOT><Blue>" stuck (position "-1528.38 -742.91 -63.97") (duration "0.10") L 10/07/2014 - 15:40:44:    path_goal ( "-1528.38 -275.00 -61.99" )
L 10/07/2014 - 15:40:45: "Headful of Eyeballs<5><BOT><Blue>" stuck (position "-1506.91 -688.14 -64.09") (duration "1.15") L 10/07/2014 - 15:40:45:    path_goal ( "-1506.91 -275.00 -61.40" )
L 10/07/2014 - 15:40:47: "Aperture Science Prototype XR7<6><BOT><Red>" killed "Headful of Eyeballs<5><BOT><Blue>" with "minigun" (attacker_position "-1760 169 -63") (victim_position "-1541 -58 -63")
L 10/07/2014 - 15:40:47: "GutsAndGlory!<8><BOT><Red>" triggered "kill assist" against "Headful of Eyeballs<5><BOT><Blue>" (assister_position "-1907 169 -63") (attacker_position "-1760 169 -63") (victim_position "-1541 -58 -63")
L 10/07/2014 - 15:40:56: "HI THERE<3><BOT><Blue>" triggered "medic_death" against "GutsAndGlory!<8><BOT><Red>" (healing "1560") (ubercharge "0")
L 10/07/2014 - 15:40:56: "HI THERE<3><BOT><Blue>" killed "GutsAndGlory!<8><BOT><Red>" with "tf_projectile_rocket" (attacker_position "-1766 -535 -63") (victim_position "-1752 -142 -63")
L 10/07/2014 - 15:40:56: "Saxton Hale<9><BOT><Blue>" triggered "kill assist" against "GutsAndGlory!<8><BOT><Red>" (assister_position "-1875 -730 -62") (attacker_position "-1766 -535 -63") (victim_position "-1752 -142 -63")
L 10/07/2014 - 15:41:02: "AimBot<7><BOT><Blue>" triggered "killedobject" (object "OBJ_DISPENSER") (weapon "tf_projectile_pipe_remote") (objectowner "AmNot<2><BOT><Red>") (attacker_position "-1661 -495 -63")
L 10/07/2014 - 15:41:02: "AimBot<7><BOT><Blue>" triggered "killedobject" (object "OBJ_SENTRYGUN") (weapon "tf_projectile_pipe_remote") (objectowner "AmNot<2><BOT><Red>") (attacker_position "-1661 -495 -63")
L 10/07/2014 - 15:41:02: "AimBot<7><BOT><Blue>" killed "AmNot<2><BOT><Red>" with "tf_projectile_pipe_remote" (attacker_position "-1661 -495 -63") (victim_position "-2200 292 -63")
L 10/07/2014 - 15:41:05: "Aperture Science Prototype XR7<6><BOT><Red>" killed "AimBot<7><BOT><Blue>" with "minigun" (attacker_position "-1728 146 -63") (victim_position "-1711 -131 -63")
L 10/07/2014 - 15:41:05: "AimBot<7><BOT><Blue>" changed role to "engineer"
L 10/07/2014 - 15:41:22: "HI THERE<3><BOT><Blue>" killed "GLaDOS<4><BOT><Red>" with "tf_projectile_rocket" (attacker_position "-1674 -39 -63") (victim_position "-1980 161 -63")
L 10/07/2014 - 15:41:22: "Saxton Hale<9><BOT><Blue>" triggered "kill assist" against "GLaDOS<4><BOT><Red>" (assister_position "-1802 -70 -63") (attacker_position "-1674 -39 -63") (victim_position "-1980 161 -63")
L 10/07/2014 - 15:41:22: "Saxton Hale<9><BOT><Blue>" triggered "domination" against "GLaDOS<4><BOT><Red>" (assist "1")
L 10/07/2014 - 15:41:22: "GLaDOS<4><BOT><Red>" changed role to "soldier"
L 10/07/2014 - 15:41:25: Team "Blue" triggered "pointcaptured" (cp "4") (cpname "#Dustbowl_cap_3_A") (numcappers "1") (player1 "Headful of Eyeballs<5><BOT><Blue>") (position1 "-1765 626 7") 
L 10/07/2014 - 15:41:33: "0N1X<15><[U:1:197323815]><Blue>" changed role to "engineer"
L 10/07/2014 - 15:41:33: "AmNot<2><BOT><Red>" triggered "player_builtobject" (object "OBJ_SENTRYGUN") (position "185 546 64")
L 10/07/2014 - 15:41:33: "AimBot<7><BOT><Blue>" triggered "player_builtobject" (object "OBJ_TELEPORTER") (position "-1989 -1740 -189")
L 10/07/2014 - 15:41:48: "AmNot<2><BOT><Red>" killed "Headful of Eyeballs<5><BOT><Blue>" with "obj_sentrygun" (attacker_position "449 242 -3") (victim_position "590 -35 -1")
L 10/07/2014 - 15:41:55: "Saxton Hale<9><BOT><Blue>" triggered "chargedeployed"
L 10/07/2014 - 15:42:00: "AimBot<7><BOT><Blue>" triggered "player_builtobject" (object "OBJ_TELEPORTER") (position "308 -808 0")
L 10/07/2014 - 15:42:03: "HI THERE<3><BOT><Blue>" triggered "killedobject" (object "OBJ_SENTRYGUN") (weapon "tf_projectile_rocket") (objectowner "AmNot<2><BOT><Red>") (attacker_position "1223 328 128")
L 10/07/2014 - 15:42:03: "Saxton Hale<9><BOT><Blue>" triggered "killedobject" (object "OBJ_SENTRYGUN") (objectowner "AmNot<2><BOT><Red>") (assist "1") (assister_position "1223 214 128") (attacker_position "1223 328 128")
L 10/07/2014 - 15:42:05: "GLaDOS<4><BOT><Red>" stuck (position "1258.21 1114.80 64.03") (duration "4.20") L 10/07/2014 - 15:42:05:    path_goal ( "1275.00 775.00 64.03" )
L 10/07/2014 - 15:42:06: "AmNot<2><BOT><Red>" stuck (position "449.90 -27.87 -245.38") (duration "3.78") L 10/07/2014 - 15:42:06:    path_goal ( "425.00 -75.00 0.03" )
L 10/07/2014 - 15:42:06: "AmNot<2><BOT><Red>" stuck (position "453.93 -30.97 -220.07") (duration "3.89") L 10/07/2014 - 15:42:06:    path_goal ( "NULL" )
L 10/07/2014 - 15:42:07: "AmNot<2><BOT><Red>" stuck (position "451.66 -3.10 -250.89") (duration "0.11") L 10/07/2014 - 15:42:07:    path_goal ( "150.00 50.00 -254.36" )
L 10/07/2014 - 15:42:12: "GLaDOS<4><BOT><Red>" killed "HI THERE<3><BOT><Blue>" with "tf_projectile_rocket" (attacker_position "740 943 64") (victim_position "332 680 48")
L 10/07/2014 - 15:42:12: "Aperture Science Prototype XR7<6><BOT><Red>" triggered "kill assist" against "HI THERE<3><BOT><Blue>" (assister_position "87 704 64") (attacker_position "740 943 64") (victim_position "332 680 48")
L 10/07/2014 - 15:42:12: "HI THERE<3><BOT><Blue>" changed role to "spy"
L 10/07/2014 - 15:42:14: "AimBot<7><BOT><Blue>" killed "AmNot<2><BOT><Red>" with "shotgun_primary" (attacker_position "162 548 64") (victim_position "160 458 64")
L 10/07/2014 - 15:42:14: "GLaDOS<4><BOT><Red>" killed "AimBot<7><BOT><Blue>" with "tf_projectile_rocket" (attacker_position "604 838 69") (victim_position "126 553 64")
L 10/07/2014 - 15:42:14: "AmNot<2><BOT><Red>" triggered "kill assist" against "AimBot<7><BOT><Blue>" (assister_position "160 458 78") (attacker_position "604 838 69") (victim_position "126 553 64")
L 10/07/2014 - 15:42:26: "GLaDOS<4><BOT><Red>" triggered "killedobject" (object "OBJ_TELEPORTER") (weapon "tf_projectile_rocket") (objectowner "AimBot<7><BOT><Blue>") (attacker_position "594 -460 0")
L 10/07/2014 - 15:42:35: "GLaDOS<4><BOT><Red>" killed "Shotgun<14><[U:1:197287110]><Blue>" with "tf_projectile_rocket" (attacker_position "517 578 0") (victim_position "775 -428 144")
L 10/07/2014 - 15:42:35: "Aperture Science Prototype XR7<6><BOT><Red>" triggered "kill assist" against "Shotgun<14><[U:1:197287110]><Blue>" (assister_position "505 655 7") (attacker_position "517 578 0") (victim_position "775 -428 144")
L 10/07/2014 - 15:42:45: "Aperture Science Prototype XR7<6><BOT><Red>" killed "Headful of Eyeballs<5><BOT><Blue>" with "minigun" (attacker_position "-452 482 -255") (victim_position "-456 574 -255")
L 10/07/2014 - 15:42:45: "Aperture Science Prototype XR7<6><BOT><Red>" triggered "domination" against "Headful of Eyeballs<5><BOT><Blue>"
L 10/07/2014 - 15:42:46: "Saxton Hale<9><BOT><Blue>" killed "Aperture Science Prototype XR7<6><BOT><Red>" with "syringegun_medic" (attacker_position "-677 464 -255") (victim_position "-455 506 -255")
L 10/07/2014 - 15:42:46: "Headful of Eyeballs<5><BOT><Blue>" triggered "kill assist" against "Aperture Science Prototype XR7<6><BOT><Red>" (assister_position "-456 574 -170") (attacker_position "-677 464 -255") (victim_position "-455 506 -255")
L 10/07/2014 - 15:42:46: "Headful of Eyeballs<5><BOT><Blue>" triggered "revenge" against "Aperture Science Prototype XR7<6><BOT><Red>" (assist "1")
L 10/07/2014 - 15:42:46: "Aperture Science Prototype XR7<6><BOT><Red>" changed role to "soldier"
L 10/07/2014 - 15:42:49: "GLaDOS<4><BOT><Red>" stuck (position "1279.72 1175.97 64.03") (duration "4.23") L 10/07/2014 - 15:42:49:    path_goal ( "2212.50 2575.00 -151.97" )
L 10/07/2014 - 15:42:50: "Shotgun<14><[U:1:197287110]><Blue>" changed role to "demoman"
L 10/07/2014 - 15:42:56: "0N1X<15><[U:1:197323815]><Blue>" triggered "player_builtobject" (object "OBJ_SENTRYGUN") (position "-273 -126 128")
L 10/07/2014 - 15:42:56: "AmNot<2><BOT><Red>" triggered "player_builtobject" (object "OBJ_SENTRYGUN") (position "641 -488 0")
L 10/07/2014 - 15:42:57: "GLaDOS<4><BOT><Red>" triggered "killedobject" (object "OBJ_SENTRYGUN") (weapon "tf_projectile_rocket") (objectowner "0N1X<15><[U:1:197323815]><Blue>") (attacker_position "683 301 0")
L 10/07/2014 - 15:42:58: "AimBot<7><BOT><Blue>" triggered "killedobject" (object "OBJ_SENTRYGUN") (weapon "shotgun_primary") (objectowner "AmNot<2><BOT><Red>") (attacker_position "279 -782 0")
L 10/07/2014 - 15:43:05: "GLaDOS<4><BOT><Red>" killed "AimBot<7><BOT><Blue>" with "tf_projectile_rocket" (attacker_position "371 -750 0") (victim_position "654 -446 0")
L 10/07/2014 - 15:43:05: "AimBot<7><BOT><Blue>" changed role to "scout"
L 10/07/2014 - 15:43:10: "GLaDOS<4><BOT><Red>" killed "HI THERE<3><BOT><Blue>" with "tf_projectile_rocket" (attacker_position "607 -236 0") (victim_position "463 -639 102")
L 10/07/2014 - 15:43:10: "HI THERE<3><BOT><Blue>" changed role to "soldier"
L 10/07/2014 - 15:43:16: "AmNot<2><BOT><Red>" triggered "player_builtobject" (object "OBJ_SENTRYGUN") (position "604 301 -1")
L 10/07/2014 - 15:43:22: "0N1X<15><[U:1:197323815]><Blue>" killed "AmNot<2><BOT><Red>" with "shotgun_primary" (attacker_position "376 -231 20") (victim_position "599 304 -1")
L 10/07/2014 - 15:43:27: "Headful of Eyeballs<5><BOT><Blue>" killed "Aperture Science Prototype XR7<6><BOT><Red>" with "pistol_scout" (attacker_position "89 -17 -193") (victim_position "171 -30 -139")
L 10/07/2014 - 15:43:27: "Aperture Science Prototype XR7<6><BOT><Red>" changed role to "sniper"
L 10/07/2014 - 15:43:31: "AmNot<2><BOT><Red>" killed "0N1X<15><[U:1:197323815]><Blue>" with "obj_sentrygun" (attacker_position "543 262 -1") (victim_position "208 -315 128")
L 10/07/2014 - 15:43:35: "AmNot<2><BOT><Red>" triggered "medic_death" against "Saxton Hale<9><BOT><Blue>" (healing "2688") (ubercharge "0")
L 10/07/2014 - 15:43:35: "AmNot<2><BOT><Red>" killed "Saxton Hale<9><BOT><Blue>" with "obj_sentrygun" (attacker_position "543 262 -1") (victim_position "363 -801 0")
L 10/07/2014 - 15:43:37: "GLaDOS<4><BOT><Red>" killed "Headful of Eyeballs<5><BOT><Blue>" with "tf_projectile_rocket" (attacker_position "-559 377 -255") (victim_position "-665 413 -255")
L 10/07/2014 - 15:43:37: "Headful of Eyeballs<5><BOT><Blue>" changed role to "demoman"
L 10/07/2014 - 15:43:39: "Shotgun<14><[U:1:197287110]><Blue>" triggered "killedobject" (object "OBJ_SENTRYGUN") (weapon "tf_projectile_pipe_remote") (objectowner "AmNot<2><BOT><Red>") (attacker_position "400 -828 0")
L 10/07/2014 - 15:43:46: "GLaDOS<4><BOT><Red>" killed "Shotgun<14><[U:1:197287110]><Blue>" with "tf_projectile_rocket" (attacker_position "289 -30 -60") (victim_position "598 9 3")
L 10/07/2014 - 15:43:55: "AmNot<2><BOT><Red>" triggered "player_builtobject" (object "OBJ_SENTRYGUN") (position "933 935 64")
L 10/07/2014 - 15:43:57: "AimBot<7><BOT><Blue>" killed "GLaDOS<4><BOT><Red>" with "pistol_scout" (attacker_position "498 -244 0") (victim_position "584 -397 0")
L 10/07/2014 - 15:43:57: "GLaDOS<4><BOT><Red>" changed role to "demoman"
L 10/07/2014 - 15:44:03: "HI THERE<3><BOT><Blue>" triggered "killedobject" (object "OBJ_SENTRYGUN") (weapon "tf_projectile_rocket") (objectowner "AmNot<2><BOT><Red>") (attacker_position "385 -14 -7")
L 10/07/2014 - 15:44:07: "AimBot<7><BOT><Blue>" stuck (position "930.79 -415.02 144.03") (duration "2.52") L 10/07/2014 - 15:44:07:    path_goal ( "775.00 -425.00 144.03" )
L 10/07/2014 - 15:44:21: "Saxton Hale<9><BOT><Blue>" killed "AmNot<2><BOT><Red>" with "syringegun_medic" (attacker_position "436 -587 0") (victim_position "526 -527 0")
L 10/07/2014 - 15:44:21: "HI THERE<3><BOT><Blue>" triggered "kill assist" against "AmNot<2><BOT><Red>" (assister_position "384 -231 16") (attacker_position "436 -587 0") (victim_position "526 -527 0")
L 10/07/2014 - 15:44:31: Team "Blue" triggered "pointcaptured" (cp "5") (cpname "#Dustbowl_cap_3_B") (numcappers "3") (player1 "HI THERE<3><BOT><Blue>") (position1 "570 709 7") (player2 "AimBot<7><BOT><Blue>") (position2 "537 759 7") (player3 "Saxton Hale<9><BOT><Blue>") (position3 "520 708 7") 
L 10/07/2014 - 15:44:31: World triggered "Mini_Round_Win" (winner "Blue") (round "round_3")
L 10/07/2014 - 15:44:31: World triggered "Mini_Round_Length" (seconds "315.99")
L 10/07/2014 - 15:44:31: World triggered "Round_Win" (winner "Blue")
L 10/07/2014 - 15:44:31: Team "Red" current score "0" with "7" players
L 10/07/2014 - 15:44:31: Team "Blue" current score "6" with "7" players
L 10/07/2014 - 15:44:34: "Saxton Hale<9><BOT><Blue>" killed "GLaDOS<4><BOT><Red>" with "syringegun_medic" (attacker_position "1005 929 64") (victim_position "991 723 64")
L 10/07/2014 - 15:44:34: "GLaDOS<4><BOT><Red>" changed role to "scout"
L 10/07/2014 - 15:44:36: "HI THERE<3><BOT><Blue>" triggered "medic_death" against "GutsAndGlory!<8><BOT><Red>" (healing "615") (ubercharge "1")
L 10/07/2014 - 15:44:36: "HI THERE<3><BOT><Blue>" killed "GutsAndGlory!<8><BOT><Red>" with "tf_projectile_rocket" (attacker_position "1228 788 64") (victim_position "1254 962 64")
L 10/07/2014 - 15:44:37: "Headful of Eyeballs<5><BOT><Blue>" killed "splunk> I'm too ESXi<13><[U:1:197340902]><Red>" with "tf_projectile_pipe" (attacker_position "1287 743 64") (victim_position "1208 822 64")
L 10/07/2014 - 15:44:37: "HI THERE<3><BOT><Blue>" triggered "kill assist" against "splunk> I'm too ESXi<13><[U:1:197340902]><Red>" (assister_position "1256 782 64") (attacker_position "1287 743 64") (victim_position "1208 822 64")
L 10/07/2014 - 15:44:37: "HI THERE<3><BOT><Blue>" killed "splunk> CannonFodder<12><[U:1:197388939]><Red>" with "tf_projectile_rocket" (attacker_position "1269 783 64") (victim_position "1287 1019 64")
L 10/07/2014 - 15:44:43: "AimBot<7><BOT><Blue>" killed "Aperture Science Prototype XR7<6><BOT><Red>" with "scattergun" (attacker_position "-562 511 -255") (victim_position "-684 418 -255")
L 10/07/2014 - 15:44:43: "Aperture Science Prototype XR7<6><BOT><Red>" changed role to "pyro"
L 10/07/2014 - 15:44:46: World triggered "Game_Over" reason "Reached Time Limit"
L 10/07/2014 - 15:44:46: Team "Red" final score "0" with "7" players
L 10/07/2014 - 15:44:46: Team "Blue" final score "6" with "7" players
L 10/07/2014 - 15:44:49: "Saxton Hale<9><BOT><Blue>" stuck (position "1107.02 771.95 64.03") (duration "3.15") L 10/07/2014 - 15:44:49:    path_goal ( "1150.00 775.00 64.03" )
L 10/07/2014 - 15:44:49: "Saxton Hale<9><BOT><Blue>" stuck (position "1107.02 771.95 64.03") (duration "3.26") L 10/07/2014 - 15:44:49:    path_goal ( "1600.00 3250.00 -63.97" )
L 10/07/2014 - 15:44:49: "Headful of Eyeballs<5><BOT><Blue>" stuck (position "959.49 405.50 0.03") (duration "4.09") L 10/07/2014 - 15:44:49:    path_goal ( "875.00 260.00 0.03" )
L 10/07/2014 - 15:44:49: "AimBot<7><BOT><Blue>" stuck (position "457.76 159.31 -258.79") (duration "2.52") L 10/07/2014 - 15:44:49:    path_goal ( "325.00 -25.00 -52.33" )
L 10/07/2014 - 15:44:49: "Headful of Eyeballs<5><BOT><Blue>" stuck (position "959.49 405.50 0.03") (duration "4.20") L 10/07/2014 - 15:44:49:    path_goal ( "950.00 425.00 0.03" )
L 10/07/2014 - 15:44:49: "AimBot<7><BOT><Blue>" stuck (position "457.76 159.31 -258.79") (duration "2.62") L 10/07/2014 - 15:44:49:    path_goal ( "225.00 -25.00 -119.00" )
L 10/07/2014 - 15:44:50: "Saxton Hale<9><BOT><Blue>" stuck (position "1107.02 771.95 64.03") (duration "4.31") L 10/07/2014 - 15:44:50:    path_goal ( "537.50 475.00 0.03" )
L 10/07/2014 - 15:44:50: "Headful of Eyeballs<5><BOT><Blue>" stuck (position "959.49 405.50 0.03") (duration "5.25") L 10/07/2014 - 15:44:50:    path_goal ( "950.00 425.00 0.03" )
L 10/07/2014 - 15:44:51: "Saxton Hale<9><BOT><Blue>" stuck (position "1107.02 771.95 64.03") (duration "5.35") L 10/07/2014 - 15:44:51:    path_goal ( "-1862.50 -1275.00 -63.97" )
L 10/07/2014 - 15:44:51: "Headful of Eyeballs<5><BOT><Blue>" stuck (position "959.49 405.50 0.03") (duration "6.30") L 10/07/2014 - 15:44:51:    path_goal ( "875.00 260.00 0.03" )
L 10/07/2014 - 15:44:52: "Saxton Hale<9><BOT><Blue>" stuck (position "1107.02 771.95 64.03") (duration "6.41") L 10/07/2014 - 15:44:52:    path_goal ( "537.50 475.00 0.03" )
L 10/07/2014 - 15:44:52: "HI THERE<3><BOT><Blue>" stuck (position "915.86 152.87 -255.01") (duration "5.57") L 10/07/2014 - 15:44:52:    path_goal ( "950.00 410.00 0.03" )
L 10/07/2014 - 15:44:52: "HI THERE<3><BOT><Blue>" stuck (position "915.86 152.87 -255.01") (duration "5.67") L 10/07/2014 - 15:44:52:    path_goal ( "950.00 425.00 0.03" )
L 10/07/2014 - 15:44:52: "AimBot<7><BOT><Blue>" stuck (position "457.76 159.31 -258.79") (duration "2.52") L 10/07/2014 - 15:44:52:    path_goal ( "225.00 -25.00 -119.00" )
L 10/07/2014 - 15:44:53: "Headful of Eyeballs<5><BOT><Blue>" stuck (position "959.49 405.50 0.03") (duration "7.35") L 10/07/2014 - 15:44:53:    path_goal ( "875.00 260.00 0.03" )
L 10/07/2014 - 15:44:53: "AimBot<7><BOT><Blue>" stuck (position "457.76 159.31 -258.79") (duration "2.62") L 10/07/2014 - 15:44:53:    path_goal ( "325.00 -25.00 -52.33" )
L 10/07/2014 - 15:44:53: "Saxton Hale<9><BOT><Blue>" stuck (position "1107.02 771.95 64.03") (duration "7.45") L 10/07/2014 - 15:44:53:    path_goal ( "-550.00 -725.00 0.03" )
L 10/07/2014 - 15:44:54: "Headful of Eyeballs<5><BOT><Blue>" stuck (position "959.49 405.50 0.03") (duration "8.40") L 10/07/2014 - 15:44:54:    path_goal ( "875.00 260.00 0.03" )
L 10/07/2014 - 15:44:54: "Saxton Hale<9><BOT><Blue>" stuck (position "1107.02 771.95 64.03") (duration "8.51") L 10/07/2014 - 15:44:54:    path_goal ( "-1912.50 -187.50 48.03" )
L 10/07/2014 - 15:44:55: "Headful of Eyeballs<5><BOT><Blue>" stuck (position "959.49 405.50 0.03") (duration "9.45") L 10/07/2014 - 15:44:55:    path_goal ( "875.00 260.00 0.03" )
L 10/07/2014 - 15:44:55: "Saxton Hale<9><BOT><Blue>" stuck (position "1107.02 771.95 64.03") (duration "9.56") L 10/07/2014 - 15:44:55:    path_goal ( "1512.50 1362.50 0.02" )
L 10/07/2014 - 15:44:56: "AimBot<7><BOT><Blue>" stuck (position "457.76 159.31 -258.79") (duration "2.52") L 10/07/2014 - 15:44:56:    path_goal ( "325.00 -25.00 -52.33" )
L 10/07/2014 - 15:44:56: "Headful of Eyeballs<5><BOT><Blue>" stuck (position "959.49 405.50 0.03") (duration "10.50") L 10/07/2014 - 15:44:56:    path_goal ( "875.00 260.00 0.03" )
L 10/07/2014 - 15:44:56: "AimBot<7><BOT><Blue>" stuck (position "457.76 159.31 -258.79") (duration "2.62") L 10/07/2014 - 15:44:56:    path_goal ( "325.00 -25.00 -52.33" )
L 10/07/2014 - 15:44:56: Loading map "cp_granary"
L 10/07/2014 - 15:44:56: server cvars start
L 10/07/2014 - 15:44:56: "tf_playergib" = "1"
L 10/07/2014 - 15:44:56: "tf_allow_player_use" = "0"
L 10/07/2014 - 15:44:56: "tf_mvm_death_penalty" = "0"
L 10/07/2014 - 15:44:56: "sv_maxusrcmdprocessticks" = "24"
L 10/07/2014 - 15:44:56: "mp_teamplay" = "0"
L 10/07/2014 - 15:44:56: "mp_falldamage" = "0"
L 10/07/2014 - 15:44:56: "mp_weaponstay" = "0"
L 10/07/2014 - 15:44:56: "mp_forcerespawn" = "1"
L 10/07/2014 - 15:44:56: "mp_footsteps" = "1"
L 10/07/2014 - 15:44:56: "mp_flashlight" = "0"
L 10/07/2014 - 15:44:56: "mp_autocrosshair" = "1"
L 10/07/2014 - 15:44:56: "decalfrequency" = "10"
L 10/07/2014 - 15:44:56: "mp_teamlist" = "hgrunt;scientist"
L 10/07/2014 - 15:44:56: "mp_allowNPCs" = "1"
L 10/07/2014 - 15:44:56: "sv_alltalk" = "0"
L 10/07/2014 - 15:44:56: "tf_weapon_criticals" = "1"
L 10/07/2014 - 15:44:56: "tf_damage_disablespread" = "0"
L 10/07/2014 - 15:44:56: "tf_player_name_change_time" = "60"
L 10/07/2014 - 15:44:56: "tf_force_holidays_off" = "0"
L 10/07/2014 - 15:44:56: "tf_birthday" = "0"
L 10/07/2014 - 15:44:56: "mp_tournament_stopwatch" = "1"
L 10/07/2014 - 15:44:56: "mp_windifference" = "0"
L 10/07/2014 - 15:44:56: "mp_windifference_min" = "0"
L 10/07/2014 - 15:44:56: "tf_medieval" = "0"
L 10/07/2014 - 15:44:56: "tf_medieval_autorp" = "1"
L 10/07/2014 - 15:44:56: "tf_arena_force_class" = "0"
L 10/07/2014 - 15:44:56: "tf_arena_change_limit" = "1"
L 10/07/2014 - 15:44:56: "tf_arena_override_cap_enable_time" = "-1"
L 10/07/2014 - 15:44:56: "tf_arena_first_blood" = "1"
L 10/07/2014 - 15:44:56: "tf_mvm_min_players_to_start" = "3"
L 10/07/2014 - 15:44:56: "tf_gamemode_arena" = "0"
L 10/07/2014 - 15:44:56: "tf_gamemode_cp" = "1"
L 10/07/2014 - 15:44:56: "tf_gamemode_ctf" = "0"
L 10/07/2014 - 15:44:56: "tf_gamemode_sd" = "0"
L 10/07/2014 - 15:44:56: "tf_gamemode_rd" = "0"
L 10/07/2014 - 15:44:56: "tf_beta_content" = "0"
L 10/07/2014 - 15:44:56: "tf_gamemode_payload" = "0"
L 10/07/2014 - 15:44:56: "tf_gamemode_mvm" = "0"
L 10/07/2014 - 15:44:56: "tf_bot_count" = "8"
L 10/07/2014 - 15:44:56: "tf_teamtalk" = "1"
L 10/07/2014 - 15:44:56: "tf_ctf_bonus_time" = "10"
L 10/07/2014 - 15:44:56: "tf_maxspeed" = "400"
L 10/07/2014 - 15:44:56: "tf_max_charge_speed" = "750"
L 10/07/2014 - 15:44:56: "tf_use_fixed_weaponspreads" = "0"
L 10/07/2014 - 15:44:56: "tf_overtime_nag" = "0"
L 10/07/2014 - 15:44:56: "mp_respawnwavetime" = "10.0"
L 10/07/2014 - 15:44:56: "mp_tournament" = "0"
L 10/07/2014 - 15:44:56: "mp_highlander" = "0"
L 10/07/2014 - 15:44:56: "tf_arena_preround_time" = "10"
L 10/07/2014 - 15:44:56: "tf_arena_round_time" = "0"
L 10/07/2014 - 15:44:56: "tf_arena_max_streak" = "3"
L 10/07/2014 - 15:44:56: "tf_arena_use_queue" = "1"
L 10/07/2014 - 15:44:56: "mp_maxrounds" = "0"
L 10/07/2014 - 15:44:56: "mp_winlimit" = "0"
L 10/07/2014 - 15:44:56: "mp_disable_respawn_times" = "0"
L 10/07/2014 - 15:44:56: "mp_stalemate_meleeonly" = "0"
L 10/07/2014 - 15:44:56: "mp_forceautoteam" = "0"
L 10/07/2014 - 15:44:56: "mp_autoteambalance" = "1"
L 10/07/2014 - 15:44:56: "mp_stalemate_enable" = "0"
L 10/07/2014 - 15:44:56: "mp_match_end_at_timelimit" = "0"
L 10/07/2014 - 15:44:56: "mp_holiday_nogifts" = "0"
L 10/07/2014 - 15:44:56: "mp_scrambleteams_auto" = "1"
L 10/07/2014 - 15:44:56: "mp_scrambleteams_auto_windifference" = "2"
L 10/07/2014 - 15:44:56: "mp_timelimit" = "15"
L 10/07/2014 - 15:44:56: "mp_fraglimit" = "0"
L 10/07/2014 - 15:44:56: "nextlevel" = ""
L 10/07/2014 - 15:44:56: "sv_gravity" = "800"
L 10/07/2014 - 15:44:56: "sv_stopspeed" = "100"
L 10/07/2014 - 15:44:56: "sv_noclipaccelerate" = "5"
L 10/07/2014 - 15:44:56: "sv_noclipspeed" = "5"
L 10/07/2014 - 15:44:56: "sv_specaccelerate" = "5"
L 10/07/2014 - 15:44:56: "sv_specspeed" = "3"
L 10/07/2014 - 15:44:56: "sv_specnoclip" = "1"
L 10/07/2014 - 15:44:56: "sv_maxspeed" = "320"
L 10/07/2014 - 15:44:56: "sv_accelerate" = "10"
L 10/07/2014 - 15:44:56: "sv_airaccelerate" = "10"
L 10/07/2014 - 15:44:56: "sv_wateraccelerate" = "10"
L 10/07/2014 - 15:44:56: "sv_waterfriction" = "1"
L 10/07/2014 - 15:44:56: "sv_footsteps" = "1"
L 10/07/2014 - 15:44:56: "sv_rollspeed" = "200"
L 10/07/2014 - 15:44:56: "sv_rollangle" = "0"
L 10/07/2014 - 15:44:56: "sv_friction" = "4"
L 10/07/2014 - 15:44:56: "sv_bounce" = "0"
L 10/07/2014 - 15:44:56: "sv_stepsize" = "18"
L 10/07/2014 - 15:44:56: "r_VehicleViewDampen" = "1"
L 10/07/2014 - 15:44:56: "r_JeepViewDampenFreq" = "7.0"
L 10/07/2014 - 15:44:56: "r_JeepViewDampenDamp" = "1.0"
L 10/07/2014 - 15:44:56: "r_JeepViewZHeight" = "10.0"
L 10/07/2014 - 15:44:56: "r_AirboatViewDampenFreq" = "7.0"
L 10/07/2014 - 15:44:56: "r_AirboatViewDampenDamp" = "1.0"
L 10/07/2014 - 15:44:56: "r_AirboatViewZHeight" = "0.0"
L 10/07/2014 - 15:44:56: "mp_friendlyfire" = "0"
L 10/07/2014 - 15:44:56: "mp_fadetoblack" = "0"
L 10/07/2014 - 15:44:56: "tf_mm_servermode" = "0"
L 10/07/2014 - 15:44:56: "tf_mm_strict" = "0"
L 10/07/2014 - 15:44:56: "tf_mm_trusted" = "0"
L 10/07/2014 - 15:44:56: "tf_server_identity_disable_quickplay" = "0"
L 10/07/2014 - 15:44:56: "sv_registration_successful" = "0"
L 10/07/2014 - 15:44:56: "sv_registration_message" = "No account specified"
L 10/07/2014 - 15:44:56: "sv_steamgroup" = ""
L 10/07/2014 - 15:44:56: "sv_cheats" = "1"
L 10/07/2014 - 15:44:56: "sv_pausable" = "0"
L 10/07/2014 - 15:44:56: "sv_contact" = "admin@yourdomain.com"
L 10/07/2014 - 15:44:56: "sv_voiceenable" = "1"
L 10/07/2014 - 15:44:56: "tv_enable" = "0"
L 10/07/2014 - 15:44:56: "deathmatch" = "1"
L 10/07/2014 - 15:44:56: "coop" = "0"
L 10/07/2014 - 15:44:56: "tv_password" = ""
L 10/07/2014 - 15:44:56: "tv_relaypassword" = ""
L 10/07/2014 - 15:44:56: "sv_password" = ""
L 10/07/2014 - 15:44:56: "sv_tags" = "bots,cp"
L 10/07/2014 - 15:44:56: server cvars end
L 10/07/2014 - 15:44:57: Started map "cp_granary" (CRC "a19b90d57079ab0afcf35a385b396120")
L 10/07/2014 - 15:44:57: Executing dedicated server config file server.cfg
L 10/07/2014 - 15:45:04: server_cvar: "tf_gamemode_cp" "0"
L 10/07/2014 - 15:45:04: server_cvar: "sv_tags" "bots"
L 10/07/2014 - 15:45:04: server_cvar: "sv_tags" "bots"
L 10/07/2014 - 15:45:04: server_cvar: "tf_bot_count" "0"
L 10/07/2014 - 15:45:04: server_cvar: "sv_tags" ""
L 10/07/2014 - 15:45:04: server_cvar: "tf_gamemode_cp" "1"
L 10/07/2014 - 15:45:04: server_cvar: "sv_tags" "cp"
L 10/07/2014 - 15:45:04: server_cvar: "sv_tags" "cp"
L 10/07/2014 - 15:45:04: Initializing Steam libraries for LAN server
L 10/07/2014 - 15:45:04: No account token specified; logging into anonymous game server account.  (Use sv_setsteamaccount to login to a persistent account.)
