L 10/07/2014 - 16:47:39: Log file started (file "logs/L1007015.log") (game "/home/tf2/hlserver/tf2/tf") (version "2426090")
L 10/07/2014 - 16:47:39: server_cvar: "sv_cheats" "1"
L 10/07/2014 - 16:47:39: "Hostage<2><BOT><>" connected, address "none"
L 10/07/2014 - 16:47:39: "<2><BOT><>" entered the game
L 10/07/2014 - 16:47:39: "Hostage<2><BOT><Unassigned>" joined team "Blue"
L 10/07/2014 - 16:47:39: "Hostage<2><BOT><Blue>" changed role to "scout"
L 10/07/2014 - 16:47:39: "Hostage<2><BOT><Blue>" changed name to "Headful of Eyeballs"
L 10/07/2014 - 16:47:39: Sending CMsgGameServerMatchmakingStatus (state=ServerMatchmakingState_NOT_PARTICIPATING)
L 10/07/2014 - 16:47:39: Connection to Steam servers successful.
L 10/07/2014 - 16:47:39:    Public IP is 68.110.44.24.
L 10/07/2014 - 16:47:39: Assigned anonymous gameserver Steam ID [A:1:2292801541:4715].
L 10/07/2014 - 16:47:39: "CrySomeMore<3><BOT><>" connected, address "none"
L 10/07/2014 - 16:47:39: "<3><BOT><>" entered the game
L 10/07/2014 - 16:47:39: "CrySomeMore<3><BOT><Unassigned>" joined team "Red"
L 10/07/2014 - 16:47:39: "CrySomeMore<3><BOT><Red>" changed role to "engineer"
L 10/07/2014 - 16:47:39: "CrySomeMore<3><BOT><Red>" changed name to "Aperture Science Prototype XR7"
L 10/07/2014 - 16:47:39: VAC secure mode is activated.
L 10/07/2014 - 16:47:40: "Humans Are Weak<4><BOT><>" connected, address "none"
L 10/07/2014 - 16:47:40: "<4><BOT><>" entered the game
L 10/07/2014 - 16:47:40: "Humans Are Weak<4><BOT><Unassigned>" joined team "Blue"
L 10/07/2014 - 16:47:40: "Humans Are Weak<4><BOT><Blue>" changed role to "scout"
L 10/07/2014 - 16:47:40: tf_server_identity_account_id not set; not logging into registered account
L 10/07/2014 - 16:47:40: "Humans Are Weak<4><BOT><Blue>" changed name to "AimBot"
L 10/07/2014 - 16:47:40: "C++<5><BOT><>" connected, address "none"
L 10/07/2014 - 16:47:40: "<5><BOT><>" entered the game
L 10/07/2014 - 16:47:40: "C++<5><BOT><Unassigned>" joined team "Red"
L 10/07/2014 - 16:47:40: "C++<5><BOT><Red>" changed role to "demoman"
L 10/07/2014 - 16:47:40: "C++<5><BOT><Red>" changed name to "GutsAndGlory!"
L 10/07/2014 - 16:47:40: "Nobody<6><BOT><>" connected, address "none"
L 10/07/2014 - 16:47:40: "<6><BOT><>" entered the game
L 10/07/2014 - 16:47:40: "Nobody<6><BOT><Unassigned>" joined team "Blue"
L 10/07/2014 - 16:47:40: "Nobody<6><BOT><Blue>" changed role to "heavyweapons"
L 10/07/2014 - 16:47:40: "Nobody<6><BOT><Blue>" changed name to "Saxton Hale"
L 10/07/2014 - 16:47:40: "RageQuit<7><BOT><>" connected, address "none"
L 10/07/2014 - 16:47:40: "<7><BOT><>" entered the game
L 10/07/2014 - 16:47:40: "RageQuit<7><BOT><Unassigned>" joined team "Red"
L 10/07/2014 - 16:47:40: "RageQuit<7><BOT><Red>" changed role to "soldier"
L 10/07/2014 - 16:47:40: "RageQuit<7><BOT><Red>" changed name to "Screamin' Eagles"
L 10/07/2014 - 16:47:41: "Ze Ubermensch<8><BOT><>" connected, address "none"
L 10/07/2014 - 16:47:41: "<8><BOT><>" entered the game
L 10/07/2014 - 16:47:41: "Ze Ubermensch<8><BOT><Unassigned>" joined team "Blue"
L 10/07/2014 - 16:47:41: "Ze Ubermensch<8><BOT><Blue>" changed role to "medic"
L 10/07/2014 - 16:47:41: "Ze Ubermensch<8><BOT><Blue>" changed name to "Maggot"
L 10/07/2014 - 16:47:41: "CRITRAWKETS<9><BOT><>" connected, address "none"
L 10/07/2014 - 16:47:41: "<9><BOT><>" entered the game
L 10/07/2014 - 16:47:41: "CRITRAWKETS<9><BOT><Unassigned>" joined team "Red"
L 10/07/2014 - 16:47:41: "CRITRAWKETS<9><BOT><Red>" changed role to "medic"
L 10/07/2014 - 16:47:41: "CRITRAWKETS<9><BOT><Red>" changed name to "Herr Doktor"
L 10/07/2014 - 16:47:44: server_cvar: "tf_bot_count" "8"
L 10/07/2014 - 16:47:44: server_cvar: "sv_tags" "bots,cp"
L 10/07/2014 - 16:47:49: "Aperture Science Prototype XR7<3><BOT><Red>" stuck (position "2636.30 1324.63 -223.97") (duration "3.36") L 10/07/2014 - 16:47:49:    path_goal ( "2500.00 1250.00 -223.97" )
L 10/07/2014 - 16:47:49: "Aperture Science Prototype XR7<3><BOT><Red>" stuck (position "2614.45 1304.59 -198.66") (duration "3.47") L 10/07/2014 - 16:47:49:    path_goal ( "2500.00 1250.00 -223.97" )
L 10/07/2014 - 16:47:52: "Splunk Ninja<10><[U:1:197422767]><>" connected, address "192.168.1.115:27005"
L 10/07/2014 - 16:47:53: "Splunk Ninja<10><[U:1:197422767]><>" STEAM USERID validated
L 10/07/2014 - 16:47:54: "Headful of Eyeballs<2><BOT><Blue>" stuck (position "-1627.21 1633.47 -255.90") (duration "2.52") L 10/07/2014 - 16:47:54:    path_goal ( "-216.00 2792.00 -247.97" )
L 10/07/2014 - 16:47:54: "AimBot<4><BOT><Blue>" stuck (position "-1627.21 1633.47 -255.91") (duration "2.55") L 10/07/2014 - 16:47:54:    path_goal ( "-216.00 2792.00 -247.97" )
L 10/07/2014 - 16:47:56: "Splunk Ninja<10><[U:1:197422767]><>" entered the game
L 10/07/2014 - 16:47:57: "Headful of Eyeballs<2><BOT><Blue>" stuck (position "-1627.21 1633.47 -255.89") (duration "2.52") L 10/07/2014 - 16:47:57:    path_goal ( "-216.00 2792.00 -247.97" )
L 10/07/2014 - 16:47:57: "AimBot<4><BOT><Blue>" stuck (position "-1628.61 1633.47 -255.89") (duration "2.52") L 10/07/2014 - 16:47:57:    path_goal ( "-216.00 2792.00 -247.97" )
L 10/07/2014 - 16:47:59: "Headful of Eyeballs<2><BOT><Blue>" stuck (position "-1632.73 1633.47 -255.89") (duration "2.53") L 10/07/2014 - 16:47:59:    path_goal ( "-216.00 2792.00 -247.97" )
L 10/07/2014 - 16:47:59: "AimBot<4><BOT><Blue>" stuck (position "-1634.79 1633.47 -255.89") (duration "2.52") L 10/07/2014 - 16:47:59:    path_goal ( "-216.00 2792.00 -247.97" )
L 10/07/2014 - 16:48:01: "Saxton Hale<6><BOT><Blue>" stuck (position "-1627.18 1633.47 -255.89") (duration "4.41") L 10/07/2014 - 16:48:01:    path_goal ( "-216.00 2792.00 -247.97" )
L 10/07/2014 - 16:48:02: "Headful of Eyeballs<2><BOT><Blue>" stuck (position "-1627.21 1633.47 -255.91") (duration "2.52") L 10/07/2014 - 16:48:02:    path_goal ( "-216.00 2792.00 -247.97" )
L 10/07/2014 - 16:48:02: "AimBot<4><BOT><Blue>" stuck (position "-1652.13 1633.47 -255.89") (duration "2.55") L 10/07/2014 - 16:48:02:    path_goal ( "-216.00 2792.00 -247.97" )
L 10/07/2014 - 16:48:03: "Splunk Ninja<10><[U:1:197422767]><Unassigned>" joined team "Blue"
L 10/07/2014 - 16:48:04: "Aperture Science Prototype XR7<3><BOT><Red>" triggered "player_builtobject" (object "OBJ_SENTRYGUN") (position "-136 2310 -292")
L 10/07/2014 - 16:48:04: "Headful of Eyeballs<2><BOT><Blue>" stuck (position "-1627.22 1633.47 -255.89") (duration "2.53") L 10/07/2014 - 16:48:04:    path_goal ( "-216.00 2792.00 -247.97" )
L 10/07/2014 - 16:48:04: "AimBot<4><BOT><Blue>" stuck (position "-1627.21 1633.47 -255.89") (duration "2.52") L 10/07/2014 - 16:48:04:    path_goal ( "-216.00 2792.00 -247.97" )
L 10/07/2014 - 16:48:06: "Saxton Hale<6><BOT><Blue>" stuck (position "-1636.30 1633.47 -255.89") (duration "4.41") L 10/07/2014 - 16:48:06:    path_goal ( "-216.00 2792.00 -247.97" )
L 10/07/2014 - 16:48:07: "Headful of Eyeballs<2><BOT><Blue>" stuck (position "-1647.20 1633.47 -255.89") (duration "2.55") L 10/07/2014 - 16:48:07:    path_goal ( "-216.00 2792.00 -247.97" )
L 10/07/2014 - 16:48:07: "AimBot<4><BOT><Blue>" stuck (position "-1656.84 1633.47 -255.91") (duration "2.52") L 10/07/2014 - 16:48:07:    path_goal ( "-216.00 2792.00 -247.97" )
L 10/07/2014 - 16:48:08: "Splunk Ninja<10><[U:1:197422767]><Blue>" changed role to "sniper"
L 10/07/2014 - 16:48:09: World triggered "Round_Start"
L 10/07/2014 - 16:48:09: World triggered "Round_Setup_Begin"
L 10/07/2014 - 16:48:09: World triggered "Mini_Round_Selected" (round "round_1")
L 10/07/2014 - 16:48:09: World triggered "Mini_Round_Start"
L 10/07/2014 - 16:48:29: "Aperture Science Prototype XR7<3><BOT><Red>" triggered "player_builtobject" (object "OBJ_SENTRYGUN") (position "74 2273 -266")
L 10/07/2014 - 16:49:00: "Aperture Science Prototype XR7<3><BOT><Red>" triggered "player_builtobject" (object "OBJ_DISPENSER") (position "88 2265 -264")
L 10/07/2014 - 16:49:09: World triggered "Round_Setup_End"
L 10/07/2014 - 16:49:26: "Splunk Ninja<10><[U:1:197422767]><Blue>" killed "Aperture Science Prototype XR7<3><BOT><Red>" with "sniperrifle" (customkill "headshot") (attacker_position "-1764 1951 -243") (victim_position "103 2311 -264")
L 10/07/2014 - 16:49:31: "Screamin' Eagles<7><BOT><Red>" killed "Headful of Eyeballs<2><BOT><Blue>" with "tf_projectile_rocket" (attacker_position "-113 2710 -246") (victim_position "-333 2771 -245")
L 10/07/2014 - 16:49:31: "Aperture Science Prototype XR7<3><BOT><Red>" triggered "kill assist" against "Headful of Eyeballs<2><BOT><Blue>" (assister_position "103 2311 -230") (attacker_position "-113 2710 -246") (victim_position "-333 2771 -245")
L 10/07/2014 - 16:49:31: "Headful of Eyeballs<2><BOT><Blue>" changed role to "demoman"
L 10/07/2014 - 16:49:31: "Chief Data Wrangler<11><[U:1:197363721]><>" connected, address "192.168.1.111:27005"
L 10/07/2014 - 16:49:31: "Chief Data Wrangler<11><[U:1:197363721]><>" STEAM USERID validated
L 10/07/2014 - 16:49:35: "Chief Data Wrangler<11><[U:1:197363721]><>" entered the game
L 10/07/2014 - 16:49:44: "AimBot<4><BOT><Blue>" triggered "killedobject" (object "OBJ_SENTRYGUN") (weapon "pistol_scout") (objectowner "Aperture Science Prototype XR7<3><BOT><Red>") (attacker_position "-1328 2389 -437")
L 10/07/2014 - 16:49:47: "Aperture Science Prototype XR7<3><BOT><Red>" triggered "player_builtobject" (object "OBJ_TELEPORTER") (position "2372 1027 -195")
L 10/07/2014 - 16:49:49: "AimBot<4><BOT><Blue>" triggered "killedobject" (object "OBJ_DISPENSER") (weapon "pistol_scout") (objectowner "Aperture Science Prototype XR7<3><BOT><Red>") (attacker_position "-178 2321 -296")
L 10/07/2014 - 16:49:51: "GutsAndGlory!<5><BOT><Red>" killed "AimBot<4><BOT><Blue>" with "tf_projectile_pipe" (attacker_position "-130 2873 -241") (victim_position "-157 2709 -240")
L 10/07/2014 - 16:50:07: "Aperture Science Prototype XR7<3><BOT><Red>" triggered "player_builtobject" (object "OBJ_SENTRYGUN") (position "-108 2504 -255")
L 10/07/2014 - 16:50:24: "GutsAndGlory!<5><BOT><Red>" killed "Headful of Eyeballs<2><BOT><Blue>" with "tf_projectile_pipe" (attacker_position "152 2219 -258") (victim_position "-674 2341 -408")
L 10/07/2014 - 16:50:24: "Headful of Eyeballs<2><BOT><Blue>" changed role to "pyro"
L 10/07/2014 - 16:50:25: "Herr Doktor<9><BOT><Red>" triggered "chargedeployed"
L 10/07/2014 - 16:50:28: "Screamin' Eagles<7><BOT><Red>" killed "Splunk Ninja<10><[U:1:197422767]><Blue>" with "tf_projectile_rocket" (attacker_position "530 2265 -255") (victim_position "698 1967 -254")
L 10/07/2014 - 16:50:28: "Herr Doktor<9><BOT><Red>" triggered "kill assist" against "Splunk Ninja<10><[U:1:197422767]><Blue>" (assister_position "520 2192 -255") (attacker_position "530 2265 -255") (victim_position "698 1967 -254")
L 10/07/2014 - 16:50:34: "Splunk Ninja<10><[U:1:197422767]><Blue>" changed role to "soldier"
L 10/07/2014 - 16:50:37: "Aperture Science Prototype XR7<3><BOT><Red>" triggered "player_builtobject" (object "OBJ_DISPENSER") (position "-106 2529 -255")
L 10/07/2014 - 16:50:39: "AimBot<4><BOT><Blue>" stuck (position "-1226.76 1896.93 -246.58") (duration "2.52") L 10/07/2014 - 16:50:39:    path_goal ( "-1219.84 1879.67 -252.87" )
L 10/07/2014 - 16:50:39: "AimBot<4><BOT><Blue>" stuck (position "-1211.48 1904.42 -218.38") (duration "2.64") L 10/07/2014 - 16:50:39:    path_goal ( "-1219.84 1879.67 -252.87" )
L 10/07/2014 - 16:50:40: "AimBot<4><BOT><Blue>" stuck (position "-1224.76 1856.49 -252.46") (duration "3.72") L 10/07/2014 - 16:50:40:    path_goal ( "NULL" )
L 10/07/2014 - 16:50:42: "GutsAndGlory!<5><BOT><Red>" killed "AimBot<4><BOT><Blue>" with "tf_projectile_pipe" (attacker_position "174 2245 -256") (victim_position "-1218 1890 -247")
L 10/07/2014 - 16:50:42: "Aperture Science Prototype XR7<3><BOT><Red>" triggered "kill assist" against "AimBot<4><BOT><Blue>" (assister_position "648 1843 -255") (attacker_position "174 2245 -256") (victim_position "-1218 1890 -247")
L 10/07/2014 - 16:50:48: "Aperture Science Prototype XR7<3><BOT><Red>" triggered "player_builtobject" (object "OBJ_TELEPORTER") (position "-131 2530 -255")
L 10/07/2014 - 16:51:04: "Chief Data Wrangler<11><[U:1:197363721]><Unassigned>" joined team "Red"
L 10/07/2014 - 16:51:17: "AimBot<4><BOT><Blue>" stuck (position "-1111.63 1827.18 -254.75") (duration "2.52") L 10/07/2014 - 16:51:17:    path_goal ( "-1140.67 1832.68 -254.39" )
L 10/07/2014 - 16:51:17: "AimBot<4><BOT><Blue>" stuck (position "-1109.89 1813.76 -229.44") (duration "2.62") L 10/07/2014 - 16:51:17:    path_goal ( "-1140.67 1832.68 -254.39" )
L 10/07/2014 - 16:51:18: "AimBot<4><BOT><Blue>" stuck (position "-1144.40 1841.69 -253.25") (duration "3.69") L 10/07/2014 - 16:51:18:    path_goal ( "-1140.67 1832.68 -254.39" )
L 10/07/2014 - 16:51:23: "AimBot<4><BOT><Blue>" stuck (position "-1152.72 1821.84 -205.88") (duration "0.10") L 10/07/2014 - 16:51:23:    path_goal ( "-1125.00 1825.00 -253.84" )
L 10/07/2014 - 16:51:24: "Chief Data Wrangler<11><[U:1:197363721]><Red>" changed role to "soldier"
L 10/07/2014 - 16:51:25: "GutsAndGlory!<5><BOT><Red>" killed "AimBot<4><BOT><Blue>" with "tf_projectile_pipe" (attacker_position "99 2312 -264") (victim_position "-1125 1830 -254")
L 10/07/2014 - 16:51:25: "Screamin' Eagles<7><BOT><Red>" triggered "kill assist" against "AimBot<4><BOT><Blue>" (assister_position "327 2246 -255") (attacker_position "99 2312 -264") (victim_position "-1125 1830 -254")
L 10/07/2014 - 16:51:26: "Splunk Ninja<10><[U:1:197422767]><Blue>" triggered "killedobject" (object "OBJ_TELEPORTER") (weapon "tf_projectile_rocket") (objectowner "Aperture Science Prototype XR7<3><BOT><Red>") (attacker_position "-343 2857 -247")
L 10/07/2014 - 16:51:26: "Splunk Ninja<10><[U:1:197422767]><Blue>" triggered "killedobject" (object "OBJ_DISPENSER") (weapon "tf_projectile_rocket") (objectowner "Aperture Science Prototype XR7<3><BOT><Red>") (attacker_position "-343 2857 -247")
L 10/07/2014 - 16:51:26: "GutsAndGlory!<5><BOT><Red>" triggered "captureblocked" (cp "0") (cpname "#Dustbowl_cap_1_A") (position "-116 2640 -247")
L 10/07/2014 - 16:51:27: "Splunk Ninja<10><[U:1:197422767]><Blue>" killed "GutsAndGlory!<5><BOT><Red>" with "tf_projectile_rocket" (attacker_position "-409 2902 -247") (victim_position "-177 2734 -240")
L 10/07/2014 - 16:51:27: "Headful of Eyeballs<2><BOT><Blue>" triggered "kill assist" against "GutsAndGlory!<5><BOT><Red>" (assister_position "-267 2764 -240") (attacker_position "-409 2902 -247") (victim_position "-177 2734 -240")
L 10/07/2014 - 16:51:27: "GutsAndGlory!<5><BOT><Red>" changed role to "engineer"
L 10/07/2014 - 16:51:29: Team "Blue" triggered "pointcaptured" (cp "0") (cpname "#Dustbowl_cap_1_A") (numcappers "2") (player1 "Headful of Eyeballs<2><BOT><Blue>") (position1 "-264 2766 -240") (player2 "Splunk Ninja<10><[U:1:197422767]><Blue>") (position2 "-334 2833 -246") 
L 10/07/2014 - 16:51:30: "Headful of Eyeballs<2><BOT><Blue>" killed "Aperture Science Prototype XR7<3><BOT><Red>" with "flamethrower" (attacker_position "-151 2596 -247") (victim_position "-98 2483 -255")
L 10/07/2014 - 16:51:31: "Aperture Science Prototype XR7<3><BOT><Red>" killed "Headful of Eyeballs<2><BOT><Blue>" with "obj_sentrygun3" (attacker_position "-98 2483 -187") (victim_position "-135 2511 -255")
L 10/07/2014 - 16:51:31: "Screamin' Eagles<7><BOT><Red>" triggered "kill assist" against "Headful of Eyeballs<2><BOT><Blue>" (assister_position "138 2369 -268") (attacker_position "-98 2483 -187") (victim_position "-135 2511 -255")
L 10/07/2014 - 16:51:31: "Headful of Eyeballs<2><BOT><Blue>" changed role to "demoman"
L 10/07/2014 - 16:51:38: "Aperture Science Prototype XR7<3><BOT><Red>" killed "Splunk Ninja<10><[U:1:197422767]><Blue>" with "obj_sentrygun3" (attacker_position "-164 2459 -247") (victim_position "-57 2340 -283")
L 10/07/2014 - 16:51:56: "AimBot<4><BOT><Blue>" stuck (position "-1514.78 1942.48 -247.97") (duration "2.52") L 10/07/2014 - 16:51:56:    path_goal ( "-1512.97 1978.67 -248.05" )
L 10/07/2014 - 16:51:56: "GutsAndGlory!<5><BOT><Red>" triggered "player_builtobject" (object "OBJ_SENTRYGUN") (position "1387 2243 -245")
L 10/07/2014 - 16:51:56: "AimBot<4><BOT><Blue>" stuck (position "-1527.41 1951.97 -222.66") (duration "2.62") L 10/07/2014 - 16:51:56:    path_goal ( "-1512.97 1978.67 -248.05" )
L 10/07/2014 - 16:52:04: "AimBot<4><BOT><Blue>" triggered "killedobject" (object "OBJ_SENTRYGUN") (weapon "pistol_scout") (objectowner "Aperture Science Prototype XR7<3><BOT><Red>") (attacker_position "-1500 1984 -247")
L 10/07/2014 - 16:52:04: "AimBot<4><BOT><Blue>" stuck (position "-1500.36 1984.61 -247.97") (duration "0.10") L 10/07/2014 - 16:52:04:    path_goal ( "-1500.36 2025.00 -249.95" )
L 10/07/2014 - 16:52:07: "Screamin' Eagles<7><BOT><Red>" stuck (position "1432.03 681.27 -106.64") (duration "4.20") L 10/07/2014 - 16:52:07:    path_goal ( "537.50 87.50 0.03" )
L 10/07/2014 - 16:52:10: "Aperture Science Prototype XR7<3><BOT><Red>" triggered "player_builtobject" (object "OBJ_SENTRYGUN") (position "2207 2696 -159")
L 10/07/2014 - 16:52:20: "Screamin' Eagles<7><BOT><Red>" triggered "medic_death" against "Maggot<8><BOT><Blue>" (healing "642") (ubercharge "1")
L 10/07/2014 - 16:52:20: "Screamin' Eagles<7><BOT><Red>" killed "Maggot<8><BOT><Blue>" with "tf_projectile_rocket" (attacker_position "1237 2280 -258") (victim_position "1040 2066 -254")
L 10/07/2014 - 16:52:20: "Herr Doktor<9><BOT><Red>" triggered "kill assist" against "Maggot<8><BOT><Blue>" (assister_position "1288 2296 -256") (attacker_position "1237 2280 -258") (victim_position "1040 2066 -254")
L 10/07/2014 - 16:52:20: "Screamin' Eagles<7><BOT><Red>" killed "AimBot<4><BOT><Blue>" with "tf_projectile_rocket" (attacker_position "1237 2280 -258") (victim_position "1132 1970 -255")
L 10/07/2014 - 16:52:20: "Herr Doktor<9><BOT><Red>" triggered "kill assist" against "AimBot<4><BOT><Blue>" (assister_position "1288 2296 -256") (attacker_position "1237 2280 -258") (victim_position "1132 1970 -255")
L 10/07/2014 - 16:52:22: "Screamin' Eagles<7><BOT><Red>" killed "Saxton Hale<6><BOT><Blue>" with "tf_projectile_rocket" (attacker_position "1076 2226 -253") (victim_position "1004 1804 -255")
L 10/07/2014 - 16:52:22: "Herr Doktor<9><BOT><Red>" triggered "kill assist" against "Saxton Hale<6><BOT><Blue>" (assister_position "1139 2262 -256") (attacker_position "1076 2226 -253") (victim_position "1004 1804 -255")
L 10/07/2014 - 16:52:22: "Saxton Hale<6><BOT><Blue>" changed role to "demoman"
L 10/07/2014 - 16:52:24: "Aperture Science Prototype XR7<3><BOT><Red>" killed "Headful of Eyeballs<2><BOT><Blue>" with "obj_sentrygun" (attacker_position "1455 2477 -227") (victim_position "1744 2679 -157")
L 10/07/2014 - 16:52:31: "Herr Doktor<9><BOT><Red>" triggered "chargedeployed"
L 10/07/2014 - 16:52:51: "AimBot<4><BOT><Blue>" triggered "medic_death" against "Herr Doktor<9><BOT><Red>" (healing "2570") (ubercharge "0")
L 10/07/2014 - 16:52:51: "AimBot<4><BOT><Blue>" killed "Herr Doktor<9><BOT><Red>" with "scattergun" (attacker_position "156 2044 -273") (victim_position "31 1861 -297")
L 10/07/2014 - 16:52:53: "GutsAndGlory!<5><BOT><Red>" killed "Splunk Ninja<10><[U:1:197422767]><Blue>" with "obj_sentrygun2" (attacker_position "927 2472 -250") (victim_position "883 2215 -255")
L 10/07/2014 - 16:52:59: "Headful of Eyeballs<2><BOT><Blue>" killed "Aperture Science Prototype XR7<3><BOT><Red>" with "tf_projectile_pipe" (attacker_position "-617 2820 -255") (victim_position "-86 1865 -343")
L 10/07/2014 - 16:53:01: "Screamin' Eagles<7><BOT><Red>" killed "Saxton Hale<6><BOT><Blue>" with "tf_projectile_rocket" (attacker_position "-115 2499 -255") (victim_position "-31 2158 -273")
L 10/07/2014 - 16:53:01: "Chief Data Wrangler<11><[U:1:197363721]><Red>" triggered "kill assist" against "Saxton Hale<6><BOT><Blue>" (assister_position "183 2098 -261") (attacker_position "-115 2499 -255") (victim_position "-31 2158 -273")
L 10/07/2014 - 16:53:11: "Screamin' Eagles<7><BOT><Red>" triggered "medic_death" against "Maggot<8><BOT><Blue>" (healing "97") (ubercharge "0")
L 10/07/2014 - 16:53:11: "Screamin' Eagles<7><BOT><Red>" killed "Maggot<8><BOT><Blue>" with "tf_projectile_rocket" (attacker_position "-2 2097 -309") (victim_position "-118 2327 -285")
L 10/07/2014 - 16:53:20: "GutsAndGlory!<5><BOT><Red>" killed "AimBot<4><BOT><Blue>" with "obj_sentrygun3" (attacker_position "177 2388 -263") (victim_position "1665 2529 -106")
L 10/07/2014 - 16:53:20: "GutsAndGlory!<5><BOT><Red>" triggered "domination" against "AimBot<4><BOT><Blue>"
L 10/07/2014 - 16:53:31: "GutsAndGlory!<5><BOT><Red>" triggered "player_builtobject" (object "OBJ_DISPENSER") (position "1404 2230 -239")
L 10/07/2014 - 16:53:31: "Herr Doktor<9><BOT><Red>" stuck (position "2244.60 1064.23 -223.97") (duration "3.15") L 10/07/2014 - 16:53:31:    path_goal ( "NULL" )
L 10/07/2014 - 16:53:32: "Herr Doktor<9><BOT><Red>" stuck (position "2261.46 1070.89 -198.66") (duration "3.26") L 10/07/2014 - 16:53:32:    path_goal ( "NULL" )
L 10/07/2014 - 16:53:33: "Herr Doktor<9><BOT><Red>" stuck (position "2258.75 1078.14 -223.97") (duration "4.31") L 10/07/2014 - 16:53:33:    path_goal ( "NULL" )
L 10/07/2014 - 16:53:34: "Herr Doktor<9><BOT><Red>" stuck (position "2272.67 1099.75 -223.97") (duration "5.36") L 10/07/2014 - 16:53:34:    path_goal ( "2268.12 1150.00 -223.97" )
L 10/07/2014 - 16:53:35: "Screamin' Eagles<7><BOT><Red>" killed "Headful of Eyeballs<2><BOT><Blue>" with "tf_projectile_rocket" (attacker_position "2187 2505 -143") (victim_position "1233 2661 -63")
L 10/07/2014 - 16:53:40: "Splunk Ninja<10><[U:1:197422767]><Blue>" triggered "killedobject" (object "OBJ_DISPENSER") (weapon "tf_projectile_rocket") (objectowner "GutsAndGlory!<5><BOT><Red>") (attacker_position "714 2620 -255")
L 10/07/2014 - 16:53:45: "Aperture Science Prototype XR7<3><BOT><Red>" triggered "player_builtobject" (object "OBJ_DISPENSER") (position "2211 2704 -159")
L 10/07/2014 - 16:53:46: "Splunk Ninja<10><[U:1:197422767]><Blue>" triggered "killedobject" (object "OBJ_SENTRYGUN") (weapon "tf_projectile_rocket") (objectowner "GutsAndGlory!<5><BOT><Red>") (attacker_position "862 2577 -253")
L 10/07/2014 - 16:53:49: "GutsAndGlory!<5><BOT><Red>" killed "Saxton Hale<6><BOT><Blue>" with "shotgun_primary" (attacker_position "1447 2385 -237") (victim_position "1319 2437 -61")
L 10/07/2014 - 16:53:49: "Aperture Science Prototype XR7<3><BOT><Red>" triggered "kill assist" against "Saxton Hale<6><BOT><Blue>" (assister_position "1854 2262 -200") (attacker_position "1447 2385 -237") (victim_position "1319 2437 -61")
L 10/07/2014 - 16:53:49: "Saxton Hale<6><BOT><Blue>" changed role to "engineer"
L 10/07/2014 - 16:53:49: "GutsAndGlory!<5><BOT><Red>" triggered "player_builtobject" (object "OBJ_SENTRYGUN") (position "1507 2466 -216")
L 10/07/2014 - 16:53:50: "Splunk Ninja<10><[U:1:197422767]><Blue>" triggered "killedobject" (object "OBJ_SENTRYGUN") (weapon "tf_projectile_rocket") (objectowner "GutsAndGlory!<5><BOT><Red>") (attacker_position "868 2587 -253")
L 10/07/2014 - 16:53:51: "GutsAndGlory!<5><BOT><Red>" killed "Splunk Ninja<10><[U:1:197422767]><Blue>" with "world" (attacker_position "1544 2441 -213") (victim_position "850 2570 -253")
L 10/07/2014 - 16:53:53: "Aperture Science Prototype XR7<3><BOT><Red>" triggered "player_builtobject" (object "OBJ_TELEPORTER") (position "2213 2744 -159")
L 10/07/2014 - 16:54:06: "Screamin' Eagles<7><BOT><Red>" stuck (position "2284.08 2732.64 -159.97") (duration "4.20") L 10/07/2014 - 16:54:06:    path_goal ( "2277.40 2733.09 -160.10" )
L 10/07/2014 - 16:54:06: "Screamin' Eagles<7><BOT><Red>" stuck (position "2283.53 2731.20 -134.66") (duration "4.31") L 10/07/2014 - 16:54:06:    path_goal ( "NULL" )
L 10/07/2014 - 16:54:07: "Splunk Ninja<10><[U:1:197422767]><Blue>" changed role to "sniper"
L 10/07/2014 - 16:54:09: "GutsAndGlory!<5><BOT><Red>" stuck (position "2292.27 2727.36 -159.97") (duration "3.36") L 10/07/2014 - 16:54:09:    path_goal ( "2277.40 2733.09 -160.10" )
L 10/07/2014 - 16:54:09: "GutsAndGlory!<5><BOT><Red>" stuck (position "2291.77 2738.01 -134.66") (duration "3.47") L 10/07/2014 - 16:54:09:    path_goal ( "NULL" )
L 10/07/2014 - 16:54:10: "Saxton Hale<6><BOT><Blue>" triggered "player_builtobject" (object "OBJ_TELEPORTER") (position "-2164 2949 -255")
L 10/07/2014 - 16:54:10: "GutsAndGlory!<5><BOT><Red>" stuck (position "2248.03 2675.16 -159.97") (duration "0.11") L 10/07/2014 - 16:54:10:    path_goal ( "2291.12 2699.11 -160.02" )
L 10/07/2014 - 16:54:12: "Screamin' Eagles<7><BOT><Red>" stuck (position "2300.15 2726.63 -159.97") (duration "4.20") L 10/07/2014 - 16:54:12:    path_goal ( "2300.00 2726.63 -159.97" )
L 10/07/2014 - 16:54:12: "Screamin' Eagles<7><BOT><Red>" stuck (position "2297.05 2729.19 -134.66") (duration "4.30") L 10/07/2014 - 16:54:12:    path_goal ( "NULL" )
L 10/07/2014 - 16:54:12: "GutsAndGlory!<5><BOT><Red>" triggered "player_builtobject" (object "OBJ_SENTRYGUN") (position "2300 2700 -159")
L 10/07/2014 - 16:54:33: "Saxton Hale<6><BOT><Blue>" triggered "player_builtobject" (object "OBJ_TELEPORTER") (position "1171 2129 -256")
L 10/07/2014 - 16:54:41: "Headful of Eyeballs<2><BOT><Blue>" triggered "medic_death" against "Herr Doktor<9><BOT><Red>" (healing "557") (ubercharge "0")
L 10/07/2014 - 16:54:41: "Headful of Eyeballs<2><BOT><Blue>" killed "Herr Doktor<9><BOT><Red>" with "tf_projectile_pipe" (attacker_position "1116 2417 -258") (victim_position "1768 2479 -200")
L 10/07/2014 - 16:54:41: "Maggot<8><BOT><Blue>" triggered "kill assist" against "Herr Doktor<9><BOT><Red>" (assister_position "862 2511 -251") (attacker_position "1116 2417 -258") (victim_position "1768 2479 -200")
L 10/07/2014 - 16:54:45: "GutsAndGlory!<5><BOT><Red>" killed "AimBot<4><BOT><Blue>" with "obj_sentrygun2" (attacker_position "2223 2708 -147") (victim_position "1830 2659 -191")
L 10/07/2014 - 16:54:45: "Aperture Science Prototype XR7<3><BOT><Red>" triggered "kill assist" against "AimBot<4><BOT><Blue>" (assister_position "2197 2689 -147") (attacker_position "2223 2708 -147") (victim_position "1830 2659 -191")
L 10/07/2014 - 16:54:49: "Aperture Science Prototype XR7<3><BOT><Red>" killed "Headful of Eyeballs<2><BOT><Blue>" with "obj_sentrygun3" (attacker_position "2243 2670 -159") (victim_position "2024 2209 -201")
L 10/07/2014 - 16:54:49: "Screamin' Eagles<7><BOT><Red>" triggered "kill assist" against "Headful of Eyeballs<2><BOT><Blue>" (assister_position "2039 1900 -206") (attacker_position "2243 2670 -159") (victim_position "2024 2209 -201")
L 10/07/2014 - 16:54:49: "Screamin' Eagles<7><BOT><Red>" triggered "domination" against "Headful of Eyeballs<2><BOT><Blue>" (assist "1")
L 10/07/2014 - 16:54:50: "Saxton Hale<6><BOT><Blue>" stuck (position "1640.00 1498.00 -172.17") (duration "3.36") L 10/07/2014 - 16:54:50:    path_goal ( "1612.50 1487.50 -172.78" )
L 10/07/2014 - 16:54:51: "Saxton Hale<6><BOT><Blue>" stuck (position "1640.00 1498.00 -146.87") (duration "3.46") L 10/07/2014 - 16:54:51:    path_goal ( "1612.50 1487.50 -172.78" )
L 10/07/2014 - 16:54:52: "Saxton Hale<6><BOT><Blue>" stuck (position "1640.05 1498.03 -172.17") (duration "4.52") L 10/07/2014 - 16:54:52:    path_goal ( "1612.50 1487.50 -172.78" )
L 10/07/2014 - 16:54:53: "Saxton Hale<6><BOT><Blue>" stuck (position "1640.01 1498.00 -172.17") (duration "5.57") L 10/07/2014 - 16:54:53:    path_goal ( "1612.50 1487.50 -172.78" )
L 10/07/2014 - 16:54:54: "Saxton Hale<6><BOT><Blue>" stuck (position "1640.02 1498.03 -172.17") (duration "6.62") L 10/07/2014 - 16:54:54:    path_goal ( "1612.50 1487.50 -172.78" )
L 10/07/2014 - 16:54:55: "Saxton Hale<6><BOT><Blue>" stuck (position "1640.02 1498.03 -172.17") (duration "7.67") L 10/07/2014 - 16:54:55:    path_goal ( "1612.50 1487.50 -172.78" )
L 10/07/2014 - 16:54:57: "Chief Data Wrangler<11><[U:1:197363721]><Red>" killed "Saxton Hale<6><BOT><Blue>" with "shovel" (attacker_position "1678 1441 -176") (victim_position "1640 1498 -172")
L 10/07/2014 - 16:54:57: "Screamin' Eagles<7><BOT><Red>" triggered "kill assist" against "Saxton Hale<6><BOT><Blue>" (assister_position "2719 1700 -173") (attacker_position "1678 1441 -176") (victim_position "1640 1498 -172")
L 10/07/2014 - 16:55:06: "Herr Doktor<9><BOT><Red>" stuck (position "2415.30 1403.64 -225.97") (duration "3.15") L 10/07/2014 - 16:55:06:    path_goal ( "NULL" )
L 10/07/2014 - 16:55:06: "Herr Doktor<9><BOT><Red>" stuck (position "2420.25 1405.17 -200.66") (duration "3.26") L 10/07/2014 - 16:55:06:    path_goal ( "NULL" )
L 10/07/2014 - 16:55:07: "Herr Doktor<9><BOT><Red>" stuck (position "2433.72 1419.75 -225.97") (duration "4.31") L 10/07/2014 - 16:55:07:    path_goal ( "NULL" )
L 10/07/2014 - 16:55:08: "Herr Doktor<9><BOT><Red>" stuck (position "2439.96 1411.05 -225.97") (duration "5.36") L 10/07/2014 - 16:55:08:    path_goal ( "NULL" )
L 10/07/2014 - 16:55:08: "Maggot<8><BOT><Blue>" triggered "medic_death" against "Maggot<8><BOT><Blue>" (healing "495") (ubercharge "0")
L 10/07/2014 - 16:55:08: "Maggot<8><BOT><Blue>" committed suicide with "world" (attacker_position "-3137 2720 -456")
L 10/07/2014 - 16:55:09: "GutsAndGlory!<5><BOT><Red>" triggered "player_builtobject" (object "OBJ_DISPENSER") (position "2290 2712 -159")
L 10/07/2014 - 16:55:09: "Herr Doktor<9><BOT><Red>" stuck (position "2433.49 1414.87 -225.97") (duration "6.41") L 10/07/2014 - 16:55:09:    path_goal ( "NULL" )
L 10/07/2014 - 16:55:10: "Herr Doktor<9><BOT><Red>" stuck (position "2432.36 1412.92 -225.97") (duration "7.46") L 10/07/2014 - 16:55:10:    path_goal ( "NULL" )
L 10/07/2014 - 16:55:11: "Herr Doktor<9><BOT><Red>" stuck (position "2434.42 1411.25 -225.97") (duration "8.51") L 10/07/2014 - 16:55:11:    path_goal ( "NULL" )
L 10/07/2014 - 16:55:12: "Herr Doktor<9><BOT><Red>" stuck (position "2443.75 1408.45 -225.97") (duration "9.56") L 10/07/2014 - 16:55:12:    path_goal ( "2437.50 1412.50 -223.97" )
L 10/07/2014 - 16:55:13: "Herr Doktor<9><BOT><Red>" stuck (position "2437.62 1412.79 -225.97") (duration "10.61") L 10/07/2014 - 16:55:13:    path_goal ( "NULL" )
L 10/07/2014 - 16:55:14: "Herr Doktor<9><BOT><Red>" stuck (position "2437.56 1408.32 -225.97") (duration "11.66") L 10/07/2014 - 16:55:14:    path_goal ( "NULL" )
L 10/07/2014 - 16:55:14: "Splunk Ninja<10><[U:1:197422767]><Blue>" triggered "killedobject" (object "OBJ_TELEPORTER") (weapon "smg") (objectowner "Aperture Science Prototype XR7<3><BOT><Red>") (attacker_position "1612 2740 -63")
L 10/07/2014 - 16:55:15: "Herr Doktor<9><BOT><Red>" stuck (position "2432.70 1409.62 -225.97") (duration "12.71") L 10/07/2014 - 16:55:15:    path_goal ( "NULL" )
L 10/07/2014 - 16:55:16: "Herr Doktor<9><BOT><Red>" stuck (position "2440.23 1412.65 -225.97") (duration "13.76") L 10/07/2014 - 16:55:16:    path_goal ( "NULL" )
L 10/07/2014 - 16:55:17: "Herr Doktor<9><BOT><Red>" stuck (position "2441.85 1413.34 -225.97") (duration "14.81") L 10/07/2014 - 16:55:17:    path_goal ( "NULL" )
L 10/07/2014 - 16:55:18: "Herr Doktor<9><BOT><Red>" stuck (position "2436.96 1411.29 -225.97") (duration "15.86") L 10/07/2014 - 16:55:18:    path_goal ( "NULL" )
L 10/07/2014 - 16:55:19: "Herr Doktor<9><BOT><Red>" stuck (position "2443.13 1411.77 -225.97") (duration "16.91") L 10/07/2014 - 16:55:19:    path_goal ( "NULL" )
L 10/07/2014 - 16:55:20: "Splunk Ninja<10><[U:1:197422767]><Blue>" triggered "killedobject" (object "OBJ_SENTRYGUN") (weapon "smg") (objectowner "Aperture Science Prototype XR7<3><BOT><Red>") (attacker_position "1612 2740 -63")
L 10/07/2014 - 16:55:21: "Herr Doktor<9><BOT><Red>" stuck (position "2442.70 1417.09 -225.97") (duration "17.96") L 10/07/2014 - 16:55:21:    path_goal ( "NULL" )
L 10/07/2014 - 16:55:22: "Herr Doktor<9><BOT><Red>" stuck (position "2439.73 1415.73 -225.97") (duration "19.01") L 10/07/2014 - 16:55:22:    path_goal ( "NULL" )
L 10/07/2014 - 16:55:23: "Herr Doktor<9><BOT><Red>" stuck (position "2453.17 1383.58 -225.97") (duration "20.06") L 10/07/2014 - 16:55:23:    path_goal ( "2440.46 1250.00 -223.97" )
L 10/07/2014 - 16:55:23: "Aperture Science Prototype XR7<3><BOT><Red>" triggered "player_builtobject" (object "OBJ_SENTRYGUN") (position "1788 2074 -196")
L 10/07/2014 - 16:55:24: "AimBot<4><BOT><Blue>" triggered "killedobject" (object "OBJ_SENTRYGUN") (weapon "scattergun") (objectowner "Aperture Science Prototype XR7<3><BOT><Red>") (attacker_position "1822 2612 -191")
L 10/07/2014 - 16:55:33: "Aperture Science Prototype XR7<3><BOT><Red>" stuck (position "2360.86 2659.58 -159.97") (duration "3.36") L 10/07/2014 - 16:55:33:    path_goal ( "2315.74 2644.69 -159.97" )
L 10/07/2014 - 16:55:33: "Screamin' Eagles<7><BOT><Red>" killed "AimBot<4><BOT><Blue>" with "tf_projectile_rocket" (attacker_position "1881 1452 -201") (victim_position "1480 2484 -59")
L 10/07/2014 - 16:55:33: "Herr Doktor<9><BOT><Red>" triggered "kill assist" against "AimBot<4><BOT><Blue>" (assister_position "1807 1312 -191") (attacker_position "1881 1452 -201") (victim_position "1480 2484 -59")
L 10/07/2014 - 16:55:33: "Aperture Science Prototype XR7<3><BOT><Red>" stuck (position "2352.15 2675.57 -134.66") (duration "3.46") L 10/07/2014 - 16:55:33:    path_goal ( "NULL" )
L 10/07/2014 - 16:55:34: "Aperture Science Prototype XR7<3><BOT><Red>" stuck (position "2300.91 2695.09 -159.97") (duration "0.10") L 10/07/2014 - 16:55:34:    path_goal ( "2343.20 2600.00 -159.97" )
L 10/07/2014 - 16:55:37: "Splunk Ninja<10><[U:1:197422767]><Blue>" killed "Screamin' Eagles<7><BOT><Red>" with "sniperrifle" (customkill "headshot") (attacker_position "1440 2678 -61") (victim_position "1835 1436 -194")
L 10/07/2014 - 16:55:37: "Screamin' Eagles<7><BOT><Red>" changed role to "spy"
L 10/07/2014 - 16:55:38: "Saxton Hale<6><BOT><Blue>" triggered "player_builtobject" (object "OBJ_SENTRYGUN") (position "1700 1898 -191")
L 10/07/2014 - 16:55:39: "Headful of Eyeballs<2><BOT><Blue>" killed "Aperture Science Prototype XR7<3><BOT><Red>" with "tf_projectile_pipe" (attacker_position "1060 2163 -242") (victim_position "1901 2257 -203")
L 10/07/2014 - 16:55:39: "Saxton Hale<6><BOT><Blue>" triggered "kill assist" against "Aperture Science Prototype XR7<3><BOT><Red>" (assister_position "1693 1908 -191") (attacker_position "1060 2163 -242") (victim_position "1901 2257 -203")
L 10/07/2014 - 16:55:39: "Aperture Science Prototype XR7<3><BOT><Red>" changed role to "heavyweapons"
L 10/07/2014 - 16:55:39: "Chief Data Wrangler<11><[U:1:197363721]><Red>" triggered "killedobject" (object "OBJ_SENTRYGUN") (weapon "tf_projectile_rocket") (objectowner "Saxton Hale<6><BOT><Blue>") (attacker_position "2098 1630 -200")
L 10/07/2014 - 16:55:47: "Splunk Ninja<10><[U:1:197422767]><Blue>" killed "Chief Data Wrangler<11><[U:1:197363721]><Red>" with "sniperrifle" (customkill "headshot") (attacker_position "1431 2649 -63") (victim_position "1954 1785 -205")
L 10/07/2014 - 16:55:49: "Saxton Hale<6><BOT><Blue>" triggered "player_builtobject" (object "OBJ_SENTRYGUN") (position "1213 2111 -63")
L 10/07/2014 - 16:55:57: "Herr Doktor<9><BOT><Red>" stuck (position "2493.73 1409.97 -225.97") (duration "3.16") L 10/07/2014 - 16:55:57:    path_goal ( "NULL" )
L 10/07/2014 - 16:55:57: "GutsAndGlory!<5><BOT><Red>" triggered "captureblocked" (cp "1") (cpname "#Dustbowl_cap_1_B") (position "2286 2700 -159")
L 10/07/2014 - 16:55:57: "GutsAndGlory!<5><BOT><Red>" killed "Splunk Ninja<10><[U:1:197422767]><Blue>" with "obj_sentrygun3" (attacker_position "2286 2700 -159") (victim_position "2301 2320 -136")
L 10/07/2014 - 16:55:57: "Herr Doktor<9><BOT><Red>" stuck (position "2510.67 1423.69 -200.66") (duration "3.27") L 10/07/2014 - 16:55:57:    path_goal ( "NULL" )
L 10/07/2014 - 16:56:02: "GutsAndGlory!<5><BOT><Red>" killed "Saxton Hale<6><BOT><Blue>" with "obj_sentrygun3" (attacker_position "2288 2693 -159") (victim_position "1984 1755 -205")
L 10/07/2014 - 16:56:05: "Aperture Science Prototype XR7<3><BOT><Red>" killed "Headful of Eyeballs<2><BOT><Blue>" with "minigun" (attacker_position "2108 1325 -191") (victim_position "1805 2128 -193")
L 10/07/2014 - 16:56:05: "GutsAndGlory!<5><BOT><Red>" triggered "kill assist" against "Headful of Eyeballs<2><BOT><Blue>" (assister_position "2265 2649 -159") (attacker_position "2108 1325 -191") (victim_position "1805 2128 -193")
L 10/07/2014 - 16:56:05: "Splunk Ninja<10><[U:1:197422767]><Blue>" changed role to "soldier"
L 10/07/2014 - 16:56:15: "Aperture Science Prototype XR7<3><BOT><Red>" triggered "killedobject" (object "OBJ_SENTRYGUN") (weapon "minigun") (objectowner "Saxton Hale<6><BOT><Blue>") (attacker_position "2211 2008 -191")
L 10/07/2014 - 16:56:15: "Herr Doktor<9><BOT><Red>" triggered "killedobject" (object "OBJ_SENTRYGUN") (objectowner "Saxton Hale<6><BOT><Blue>") (assist "1") (assister_position "2132 1488 -194") (attacker_position "2211 2008 -191")
L 10/07/2014 - 16:56:17: "Aperture Science Prototype XR7<3><BOT><Red>" killed "AimBot<4><BOT><Blue>" with "minigun" (attacker_position "2049 2165 -203") (victim_position "1260 2245 -258")
L 10/07/2014 - 16:56:17: "GutsAndGlory!<5><BOT><Red>" triggered "kill assist" against "AimBot<4><BOT><Blue>" (assister_position "2265 2649 -159") (attacker_position "2049 2165 -203") (victim_position "1260 2245 -258")
L 10/07/2014 - 16:56:28: "splunk> All Batbelt, No tights<12><[U:1:197367651]><>" connected, address "192.168.1.104:27005"
L 10/07/2014 - 16:56:28: "splunk> All Batbelt, No tights<12><[U:1:197367651]><>" STEAM USERID validated
L 10/07/2014 - 16:56:36: "Aperture Science Prototype XR7<3><BOT><Red>" killed "Headful of Eyeballs<2><BOT><Blue>" with "minigun" (attacker_position "1996 2177 -202") (victim_position "1829 2368 -205")
L 10/07/2014 - 16:56:36: "Herr Doktor<9><BOT><Red>" triggered "kill assist" against "Headful of Eyeballs<2><BOT><Blue>" (assister_position "1916 2389 -202") (attacker_position "1996 2177 -202") (victim_position "1829 2368 -205")
L 10/07/2014 - 16:56:42: "splunk> All Batbelt, No tights<12><[U:1:197367651]><>" entered the game
L 10/07/2014 - 16:56:49: "Aperture Science Prototype XR7<3><BOT><Red>" killed "AimBot<4><BOT><Blue>" with "minigun" (attacker_position "2047 2229 -201") (victim_position "1833 2331 -204")
L 10/07/2014 - 16:56:49: "Herr Doktor<9><BOT><Red>" triggered "kill assist" against "AimBot<4><BOT><Blue>" (assister_position "2085 2182 -199") (attacker_position "2047 2229 -201") (victim_position "1833 2331 -204")
L 10/07/2014 - 16:56:49: "Aperture Science Prototype XR7<3><BOT><Red>" triggered "domination" against "AimBot<4><BOT><Blue>"
L 10/07/2014 - 16:56:52: "Aperture Science Prototype XR7<3><BOT><Red>" killed "Saxton Hale<6><BOT><Blue>" with "minigun" (attacker_position "2019 2232 -200") (victim_position "1674 2523 -193")
L 10/07/2014 - 16:56:52: "Herr Doktor<9><BOT><Red>" triggered "kill assist" against "Saxton Hale<6><BOT><Blue>" (assister_position "2085 2181 -199") (attacker_position "2019 2232 -200") (victim_position "1674 2523 -193")
L 10/07/2014 - 16:56:52: "splunk> All Batbelt, No tights<12><[U:1:197367651]><Unassigned>" joined team "Blue"
L 10/07/2014 - 16:56:58: "splunk> All Batbelt, No tights<12><[U:1:197367651]><Blue>" changed role to "scout"
L 10/07/2014 - 16:57:03: "Aperture Science Prototype XR7<3><BOT><Red>" killed "Headful of Eyeballs<2><BOT><Blue>" with "minigun" (attacker_position "2039 2247 -159") (victim_position "1707 2263 -198")
L 10/07/2014 - 16:57:03: "Herr Doktor<9><BOT><Red>" triggered "kill assist" against "Headful of Eyeballs<2><BOT><Blue>" (assister_position "1947 2304 -199") (attacker_position "2039 2247 -159") (victim_position "1707 2263 -198")
L 10/07/2014 - 16:57:03: "Headful of Eyeballs<2><BOT><Blue>" triggered "medic_death" against "Herr Doktor<9><BOT><Red>" (healing "1375") (ubercharge "1")
L 10/07/2014 - 16:57:03: "Headful of Eyeballs<2><BOT><Blue>" killed "Herr Doktor<9><BOT><Red>" with "tf_projectile_pipe" (attacker_position "1707 2263 -110") (victim_position "1947 2304 -199")
L 10/07/2014 - 16:57:05: "Chief Data Wrangler<11><[U:1:197363721]><Red>" triggered "killedobject" (object "OBJ_TELEPORTER") (weapon "tf_projectile_rocket") (objectowner "Saxton Hale<6><BOT><Blue>") (attacker_position "1627 2411 -206")
L 10/07/2014 - 16:57:07: "Screamin' Eagles<7><BOT><Red>" killed "Splunk Ninja<10><[U:1:197422767]><Blue>" with "knife" (customkill "backstab") (attacker_position "1036 2030 -254") (victim_position "1086 2039 -254")
L 10/07/2014 - 16:57:07: "Chief Data Wrangler<11><[U:1:197363721]><Red>" triggered "kill assist" against "Splunk Ninja<10><[U:1:197422767]><Blue>" (assister_position "1574 2101 -198") (attacker_position "1036 2030 -254") (victim_position "1086 2039 -254")
L 10/07/2014 - 16:57:24: "Screamin' Eagles<7><BOT><Red>" stuck (position "2328.74 2617.60 -159.97") (duration "3.36") L 10/07/2014 - 16:57:24:    path_goal ( "2315.74 2644.69 -159.97" )
L 10/07/2014 - 16:57:24: "Screamin' Eagles<7><BOT><Red>" stuck (position "2301.13 2611.73 -134.66") (duration "3.47") L 10/07/2014 - 16:57:24:    path_goal ( "NULL" )
L 10/07/2014 - 16:57:30: "Splunk Ninja<10><[U:1:197422767]><Blue>" changed role to "heavyweapons"
L 10/07/2014 - 16:57:31: "Herr Doktor<9><BOT><Red>" stuck (position "2474.98 1408.34 -225.97") (duration "3.15") L 10/07/2014 - 16:57:31:    path_goal ( "NULL" )
L 10/07/2014 - 16:57:31: "Herr Doktor<9><BOT><Red>" stuck (position "2461.10 1414.22 -200.66") (duration "3.26") L 10/07/2014 - 16:57:31:    path_goal ( "NULL" )
L 10/07/2014 - 16:57:31: "Saxton Hale<6><BOT><Blue>" triggered "player_builtobject" (object "OBJ_TELEPORTER") (position "934 2453 -250")
L 10/07/2014 - 16:57:32: "Herr Doktor<9><BOT><Red>" stuck (position "2437.72 1410.80 -225.97") (duration "4.30") L 10/07/2014 - 16:57:32:    path_goal ( "NULL" )
L 10/07/2014 - 16:57:33: "GutsAndGlory!<5><BOT><Red>" killed "AimBot<4><BOT><Blue>" with "obj_sentrygun3" (attacker_position "2252 2692 -159") (victim_position "2389 2212 -143")
L 10/07/2014 - 16:57:33: "AimBot<4><BOT><Blue>" changed role to "demoman"
L 10/07/2014 - 16:57:33: "Herr Doktor<9><BOT><Red>" stuck (position "2434.66 1415.78 -225.97") (duration "5.35") L 10/07/2014 - 16:57:33:    path_goal ( "NULL" )
L 10/07/2014 - 16:57:34: "Herr Doktor<9><BOT><Red>" stuck (position "2438.82 1368.75 -225.97") (duration "6.40") L 10/07/2014 - 16:57:34:    path_goal ( "2443.99 1250.00 -223.97" )
L 10/07/2014 - 16:57:35: "Chief Data Wrangler<11><[U:1:197363721]><Red>" triggered "killedobject" (object "OBJ_TELEPORTER") (weapon "tf_projectile_rocket") (objectowner "Saxton Hale<6><BOT><Blue>") (attacker_position "1215 2105 -63")
L 10/07/2014 - 16:57:35: "Herr Doktor<9><BOT><Red>" stuck (position "2433.75 1281.21 -223.97") (duration "7.46") L 10/07/2014 - 16:57:35:    path_goal ( "2443.99 1250.00 -223.97" )
L 10/07/2014 - 16:57:35: "Screamin' Eagles<7><BOT><Red>" killed "Saxton Hale<6><BOT><Blue>" with "knife" (customkill "backstab") (attacker_position "1566 2362 -209") (victim_position "1615 2378 -206")
L 10/07/2014 - 16:57:35: "Aperture Science Prototype XR7<3><BOT><Red>" triggered "kill assist" against "Saxton Hale<6><BOT><Blue>" (assister_position "2294 2399 -136") (attacker_position "1566 2362 -209") (victim_position "1615 2378 -206")
L 10/07/2014 - 16:57:35: "Screamin' Eagles<7><BOT><Red>" triggered "domination" against "Saxton Hale<6><BOT><Blue>"
L 10/07/2014 - 16:57:35: "Saxton Hale<6><BOT><Blue>" changed role to "demoman"
L 10/07/2014 - 16:57:38: "Chief Data Wrangler<11><[U:1:197363721]><Red>" triggered "medic_death" against "Maggot<8><BOT><Blue>" (healing "347") (ubercharge "0")
L 10/07/2014 - 16:57:38: "Chief Data Wrangler<11><[U:1:197363721]><Red>" killed "Maggot<8><BOT><Blue>" with "tf_projectile_rocket" (attacker_position "1032 2087 -63") (victim_position "798 2639 -255")
L 10/07/2014 - 16:57:38: "Splunk Ninja<10><[U:1:197422767]><Blue>" changed role to "scout"
L 10/07/2014 - 16:57:52: "splunk> All Batbelt, No tights<12><[U:1:197367651]><Blue>" killed "Screamin' Eagles<7><BOT><Red>" with "scattergun" (attacker_position "-165 2431 -255") (victim_position "43 2459 -256")
L 10/07/2014 - 16:57:52: "Screamin' Eagles<7><BOT><Red>" changed role to "sniper"
L 10/07/2014 - 16:57:55: "Aperture Science Prototype XR7<3><BOT><Red>" killed "Splunk Ninja<10><[U:1:197422767]><Blue>" with "minigun" (attacker_position "2250 2402 -136") (victim_position "2167 2274 -143")
L 10/07/2014 - 16:57:55: "Herr Doktor<9><BOT><Red>" triggered "kill assist" against "Splunk Ninja<10><[U:1:197422767]><Blue>" (assister_position "2221 2525 -143") (attacker_position "2250 2402 -136") (victim_position "2167 2274 -143")
L 10/07/2014 - 16:57:58: "GutsAndGlory!<5><BOT><Red>" triggered "captureblocked" (cp "1") (cpname "#Dustbowl_cap_1_B") (position "2292 2694 -159")
L 10/07/2014 - 16:57:58: "GutsAndGlory!<5><BOT><Red>" killed "Headful of Eyeballs<2><BOT><Blue>" with "obj_sentrygun3" (attacker_position "2292 2694 -159") (victim_position "2190 2370 -136")
L 10/07/2014 - 16:57:58: "Chief Data Wrangler<11><[U:1:197363721]><Red>" triggered "kill assist" against "Headful of Eyeballs<2><BOT><Blue>" (assister_position "1741 2036 -193") (attacker_position "2292 2694 -159") (victim_position "2190 2370 -136")
L 10/07/2014 - 16:58:05: "Chief Data Wrangler<11><[U:1:197363721]><Red>" killed "splunk> All Batbelt, No tights<12><[U:1:197367651]><Blue>" with "tf_projectile_rocket" (attacker_position "1823 2294 -202") (victim_position "864 2468 -251")
L 10/07/2014 - 16:58:05: "Aperture Science Prototype XR7<3><BOT><Red>" triggered "kill assist" against "splunk> All Batbelt, No tights<12><[U:1:197367651]><Blue>" (assister_position "2285 2669 -159") (attacker_position "1823 2294 -202") (victim_position "864 2468 -251")
L 10/07/2014 - 16:58:11: "Splunk Ninja<10><[U:1:197422767]><Blue>" changed role to "soldier"
L 10/07/2014 - 16:58:23: "AimBot<4><BOT><Blue>" killed "GutsAndGlory!<5><BOT><Red>" with "tf_projectile_pipe" (attacker_position "2289 2348 -136") (victim_position "2253 2618 -159")
L 10/07/2014 - 16:58:23: "AimBot<4><BOT><Blue>" triggered "revenge" against "GutsAndGlory!<5><BOT><Red>"
L 10/07/2014 - 16:58:24: "GutsAndGlory!<5><BOT><Red>" triggered "captureblocked" (cp "1") (cpname "#Dustbowl_cap_1_B") (position "2253 2618 -91")
L 10/07/2014 - 16:58:24: "GutsAndGlory!<5><BOT><Red>" killed "AimBot<4><BOT><Blue>" with "obj_sentrygun3" (attacker_position "2253 2618 -91") (victim_position "2330 2264 -136")
L 10/07/2014 - 16:58:27: "Aperture Science Prototype XR7<3><BOT><Red>" stuck (position "2361.36 2745.40 -55.18") (duration "4.41") L 10/07/2014 - 16:58:27:    path_goal ( "2403.97 2744.35 -73.73" )
L 10/07/2014 - 16:58:30: "GutsAndGlory!<5><BOT><Red>" triggered "captureblocked" (cp "1") (cpname "#Dustbowl_cap_1_B") (position "2253 2618 -91")
L 10/07/2014 - 16:58:30: "GutsAndGlory!<5><BOT><Red>" killed "Saxton Hale<6><BOT><Blue>" with "obj_sentrygun3" (attacker_position "2253 2618 -91") (victim_position "2268 2355 -136")
L 10/07/2014 - 16:58:33: World triggered "Round_Overtime"
L 10/07/2014 - 16:58:35: World triggered "Mini_Round_Win" (winner "Red") (round "round_1")
L 10/07/2014 - 16:58:35: World triggered "Mini_Round_Length" (seconds "601.33")
L 10/07/2014 - 16:58:35: World triggered "Round_Win" (winner "Red")
L 10/07/2014 - 16:58:35: Team "Red" current score "0" with "5" players
L 10/07/2014 - 16:58:35: Team "Blue" current score "1" with "6" players
L 10/07/2014 - 16:58:41: "Aperture Science Prototype XR7<3><BOT><Red>" killed "Splunk Ninja<10><[U:1:197422767]><Blue>" with "minigun" (attacker_position "1301 2361 -253") (victim_position "871 2380 -254")
L 10/07/2014 - 16:58:41: "Herr Doktor<9><BOT><Red>" killed "Headful of Eyeballs<2><BOT><Blue>" with "syringegun_medic" (attacker_position "833 2663 -255") (victim_position "520 2590 -246")
L 10/07/2014 - 16:58:48: "Screamin' Eagles<7><BOT><Red>" stuck (position "1433.46 681.78 -107.08") (duration "3.47") L 10/07/2014 - 16:58:48:    path_goal ( "-50.00 -750.00 0.03" )
L 10/07/2014 - 16:58:50: World triggered "Game_Over" reason "Reached Time Limit"
L 10/07/2014 - 16:58:50: Team "Red" final score "0" with "5" players
L 10/07/2014 - 16:58:50: Team "Blue" final score "1" with "6" players
L 10/07/2014 - 16:58:53: "Maggot<8><BOT><Blue>" stuck (position "-1087.50 2483.26 -415.97") (duration "3.15") L 10/07/2014 - 16:58:53:    path_goal ( "-1137.50 2562.50 -415.97" )
L 10/07/2014 - 16:58:53: "Herr Doktor<9><BOT><Red>" stuck (position "-625.21 2152.47 -415.97") (duration "3.26") L 10/07/2014 - 16:58:53:    path_goal ( "-675.00 2200.00 -415.85" )
L 10/07/2014 - 16:58:53: "Maggot<8><BOT><Blue>" stuck (position "-1087.50 2483.26 -415.97") (duration "3.26") L 10/07/2014 - 16:58:53:    path_goal ( "-1137.50 2562.50 -415.97" )
L 10/07/2014 - 16:58:53: "Herr Doktor<9><BOT><Red>" stuck (position "-625.21 2152.47 -415.97") (duration "3.36") L 10/07/2014 - 16:58:53:    path_goal ( "-675.00 2200.00 -415.85" )
L 10/07/2014 - 16:58:53: "Screamin' Eagles<7><BOT><Red>" stuck (position "1770.00 692.29 -190.59") (duration "3.36") L 10/07/2014 - 16:58:53:    path_goal ( "1825.00 675.00 -199.00" )
L 10/07/2014 - 16:58:53: "Screamin' Eagles<7><BOT><Red>" stuck (position "1770.00 692.29 -190.59") (duration "3.46") L 10/07/2014 - 16:58:53:    path_goal ( "1825.00 675.00 -199.00" )
L 10/07/2014 - 16:58:54: "Maggot<8><BOT><Blue>" stuck (position "-1087.50 2483.26 -415.97") (duration "4.31") L 10/07/2014 - 16:58:54:    path_goal ( "-1137.50 2562.50 -415.97" )
L 10/07/2014 - 16:58:54: "Herr Doktor<9><BOT><Red>" stuck (position "-625.21 2152.47 -415.97") (duration "4.41") L 10/07/2014 - 16:58:54:    path_goal ( "-675.00 2200.00 -415.85" )
L 10/07/2014 - 16:58:54: "Aperture Science Prototype XR7<3><BOT><Red>" stuck (position "1741.07 1953.92 -191.97") (duration "4.62") L 10/07/2014 - 16:58:54:    path_goal ( "1775.00 1625.00 -192.14" )
L 10/07/2014 - 16:58:54: "Screamin' Eagles<7><BOT><Red>" stuck (position "1770.00 692.29 -190.59") (duration "4.51") L 10/07/2014 - 16:58:54:    path_goal ( "1825.00 692.29 -198.80" )
L 10/07/2014 - 16:58:55: "Maggot<8><BOT><Blue>" stuck (position "-1087.50 2483.26 -415.97") (duration "5.36") L 10/07/2014 - 16:58:55:    path_goal ( "-1137.50 2562.50 -415.97" )
L 10/07/2014 - 16:58:55: "Herr Doktor<9><BOT><Red>" stuck (position "-625.21 2152.47 -415.97") (duration "5.46") L 10/07/2014 - 16:58:55:    path_goal ( "-675.00 2200.00 -415.85" )
L 10/07/2014 - 16:58:55: "Screamin' Eagles<7><BOT><Red>" stuck (position "1770.00 692.29 -190.59") (duration "5.57") L 10/07/2014 - 16:58:55:    path_goal ( "1825.00 692.29 -198.80" )
L 10/07/2014 - 16:58:56: "Maggot<8><BOT><Blue>" stuck (position "-1087.50 2483.26 -415.97") (duration "6.41") L 10/07/2014 - 16:58:56:    path_goal ( "-1137.50 2562.50 -415.97" )
L 10/07/2014 - 16:58:56: "Herr Doktor<9><BOT><Red>" stuck (position "-625.21 2152.47 -415.97") (duration "6.51") L 10/07/2014 - 16:58:56:    path_goal ( "-675.00 2200.00 -415.85" )
L 10/07/2014 - 16:58:56: "Screamin' Eagles<7><BOT><Red>" stuck (position "1770.00 692.29 -190.59") (duration "6.61") L 10/07/2014 - 16:58:56:    path_goal ( "1825.00 692.29 -198.80" )
L 10/07/2014 - 16:58:57: "Maggot<8><BOT><Blue>" stuck (position "-1087.50 2483.26 -415.97") (duration "7.46") L 10/07/2014 - 16:58:57:    path_goal ( "-1137.50 2562.50 -415.97" )
L 10/07/2014 - 16:58:57: "Herr Doktor<9><BOT><Red>" stuck (position "-625.21 2152.47 -415.97") (duration "7.56") L 10/07/2014 - 16:58:57:    path_goal ( "-675.00 2200.00 -415.85" )
L 10/07/2014 - 16:58:57: "Screamin' Eagles<7><BOT><Red>" stuck (position "1770.00 692.29 -190.59") (duration "7.66") L 10/07/2014 - 16:58:57:    path_goal ( "1825.00 692.29 -198.80" )
L 10/07/2014 - 16:58:58: "Maggot<8><BOT><Blue>" stuck (position "-1087.50 2483.26 -415.97") (duration "8.51") L 10/07/2014 - 16:58:58:    path_goal ( "-1137.50 2562.50 -415.97" )
L 10/07/2014 - 16:58:58: "Herr Doktor<9><BOT><Red>" stuck (position "-625.21 2152.47 -415.97") (duration "8.61") L 10/07/2014 - 16:58:58:    path_goal ( "-675.00 2200.00 -415.85" )
L 10/07/2014 - 16:58:58: "Aperture Science Prototype XR7<3><BOT><Red>" stuck (position "1741.07 1953.92 -191.97") (duration "4.41") L 10/07/2014 - 16:58:58:    path_goal ( "1925.00 2275.00 -202.64" )
L 10/07/2014 - 16:58:59: "Screamin' Eagles<7><BOT><Red>" stuck (position "1770.00 692.29 -190.59") (duration "8.71") L 10/07/2014 - 16:58:59:    path_goal ( "1825.00 692.29 -198.80" )
L 10/07/2014 - 16:58:59: "Maggot<8><BOT><Blue>" stuck (position "-1087.50 2483.26 -415.97") (duration "9.56") L 10/07/2014 - 16:58:59:    path_goal ( "-1137.50 2562.50 -415.97" )
L 10/07/2014 - 16:58:59: "Herr Doktor<9><BOT><Red>" stuck (position "-625.21 2152.47 -415.97") (duration "9.66") L 10/07/2014 - 16:58:59:    path_goal ( "-675.00 2200.00 -415.85" )
L 10/07/2014 - 16:59:00: "Screamin' Eagles<7><BOT><Red>" stuck (position "1770.00 692.29 -190.59") (duration "9.79") L 10/07/2014 - 16:59:00:    path_goal ( "1825.00 692.29 -198.80" )
L 10/07/2014 - 16:59:00: Loading map "ctf_2fort"
L 10/07/2014 - 16:59:00: server cvars start
L 10/07/2014 - 16:59:00: "tf_playergib" = "1"
L 10/07/2014 - 16:59:00: "tf_allow_player_use" = "0"
L 10/07/2014 - 16:59:00: "tf_mvm_death_penalty" = "0"
L 10/07/2014 - 16:59:00: "sv_maxusrcmdprocessticks" = "24"
L 10/07/2014 - 16:59:00: "mp_teamplay" = "0"
L 10/07/2014 - 16:59:00: "mp_falldamage" = "0"
L 10/07/2014 - 16:59:00: "mp_weaponstay" = "0"
L 10/07/2014 - 16:59:00: "mp_forcerespawn" = "1"
L 10/07/2014 - 16:59:00: "mp_footsteps" = "1"
L 10/07/2014 - 16:59:00: "mp_flashlight" = "0"
L 10/07/2014 - 16:59:00: "mp_autocrosshair" = "1"
L 10/07/2014 - 16:59:00: "decalfrequency" = "10"
L 10/07/2014 - 16:59:00: "mp_teamlist" = "hgrunt;scientist"
L 10/07/2014 - 16:59:00: "mp_allowNPCs" = "1"
L 10/07/2014 - 16:59:00: "sv_alltalk" = "0"
L 10/07/2014 - 16:59:00: "tf_weapon_criticals" = "1"
L 10/07/2014 - 16:59:00: "tf_damage_disablespread" = "0"
L 10/07/2014 - 16:59:00: "tf_player_name_change_time" = "60"
L 10/07/2014 - 16:59:00: "tf_force_holidays_off" = "0"
L 10/07/2014 - 16:59:00: "tf_birthday" = "0"
L 10/07/2014 - 16:59:00: "mp_tournament_stopwatch" = "1"
L 10/07/2014 - 16:59:00: "mp_windifference" = "0"
L 10/07/2014 - 16:59:00: "mp_windifference_min" = "0"
L 10/07/2014 - 16:59:00: "tf_medieval" = "0"
L 10/07/2014 - 16:59:00: "tf_medieval_autorp" = "1"
L 10/07/2014 - 16:59:00: "tf_arena_force_class" = "0"
L 10/07/2014 - 16:59:00: "tf_arena_change_limit" = "1"
L 10/07/2014 - 16:59:00: "tf_arena_override_cap_enable_time" = "-1"
L 10/07/2014 - 16:59:00: "tf_arena_first_blood" = "1"
L 10/07/2014 - 16:59:00: "tf_mvm_min_players_to_start" = "3"
L 10/07/2014 - 16:59:00: "tf_gamemode_arena" = "0"
L 10/07/2014 - 16:59:00: "tf_gamemode_cp" = "1"
L 10/07/2014 - 16:59:00: "tf_gamemode_ctf" = "0"
L 10/07/2014 - 16:59:00: "tf_gamemode_sd" = "0"
L 10/07/2014 - 16:59:00: "tf_gamemode_rd" = "0"
L 10/07/2014 - 16:59:00: "tf_beta_content" = "0"
L 10/07/2014 - 16:59:00: "tf_gamemode_payload" = "0"
L 10/07/2014 - 16:59:00: "tf_gamemode_mvm" = "0"
L 10/07/2014 - 16:59:00: "tf_bot_count" = "8"
L 10/07/2014 - 16:59:00: "tf_teamtalk" = "1"
L 10/07/2014 - 16:59:00: "tf_ctf_bonus_time" = "10"
L 10/07/2014 - 16:59:00: "tf_maxspeed" = "400"
L 10/07/2014 - 16:59:00: "tf_max_charge_speed" = "750"
L 10/07/2014 - 16:59:00: "tf_use_fixed_weaponspreads" = "0"
L 10/07/2014 - 16:59:00: "tf_overtime_nag" = "0"
L 10/07/2014 - 16:59:00: "mp_respawnwavetime" = "10.0"
L 10/07/2014 - 16:59:00: "mp_tournament" = "0"
L 10/07/2014 - 16:59:00: "mp_highlander" = "0"
L 10/07/2014 - 16:59:00: "tf_arena_preround_time" = "10"
L 10/07/2014 - 16:59:00: "tf_arena_round_time" = "0"
L 10/07/2014 - 16:59:00: "tf_arena_max_streak" = "3"
L 10/07/2014 - 16:59:00: "tf_arena_use_queue" = "1"
L 10/07/2014 - 16:59:00: "mp_maxrounds" = "0"
L 10/07/2014 - 16:59:00: "mp_winlimit" = "0"
L 10/07/2014 - 16:59:00: "mp_disable_respawn_times" = "0"
L 10/07/2014 - 16:59:00: "mp_stalemate_meleeonly" = "0"
L 10/07/2014 - 16:59:00: "mp_forceautoteam" = "0"
L 10/07/2014 - 16:59:00: "mp_autoteambalance" = "1"
L 10/07/2014 - 16:59:00: "mp_stalemate_enable" = "0"
L 10/07/2014 - 16:59:00: "mp_match_end_at_timelimit" = "0"
L 10/07/2014 - 16:59:00: "mp_holiday_nogifts" = "0"
L 10/07/2014 - 16:59:00: "mp_scrambleteams_auto" = "1"
L 10/07/2014 - 16:59:00: "mp_scrambleteams_auto_windifference" = "2"
L 10/07/2014 - 16:59:00: "mp_timelimit" = "15"
L 10/07/2014 - 16:59:00: "mp_fraglimit" = "0"
L 10/07/2014 - 16:59:00: "nextlevel" = ""
L 10/07/2014 - 16:59:00: "sv_gravity" = "800"
L 10/07/2014 - 16:59:00: "sv_stopspeed" = "100"
L 10/07/2014 - 16:59:00: "sv_noclipaccelerate" = "5"
L 10/07/2014 - 16:59:00: "sv_noclipspeed" = "5"
L 10/07/2014 - 16:59:00: "sv_specaccelerate" = "5"
L 10/07/2014 - 16:59:00: "sv_specspeed" = "3"
L 10/07/2014 - 16:59:00: "sv_specnoclip" = "1"
L 10/07/2014 - 16:59:00: "sv_maxspeed" = "320"
L 10/07/2014 - 16:59:00: "sv_accelerate" = "10"
L 10/07/2014 - 16:59:00: "sv_airaccelerate" = "10"
L 10/07/2014 - 16:59:00: "sv_wateraccelerate" = "10"
L 10/07/2014 - 16:59:00: "sv_waterfriction" = "1"
L 10/07/2014 - 16:59:00: "sv_footsteps" = "1"
L 10/07/2014 - 16:59:00: "sv_rollspeed" = "200"
L 10/07/2014 - 16:59:00: "sv_rollangle" = "0"
L 10/07/2014 - 16:59:00: "sv_friction" = "4"
L 10/07/2014 - 16:59:00: "sv_bounce" = "0"
L 10/07/2014 - 16:59:00: "sv_stepsize" = "18"
L 10/07/2014 - 16:59:00: "r_VehicleViewDampen" = "1"
L 10/07/2014 - 16:59:00: "r_JeepViewDampenFreq" = "7.0"
L 10/07/2014 - 16:59:00: "r_JeepViewDampenDamp" = "1.0"
L 10/07/2014 - 16:59:00: "r_JeepViewZHeight" = "10.0"
L 10/07/2014 - 16:59:00: "r_AirboatViewDampenFreq" = "7.0"
L 10/07/2014 - 16:59:00: "r_AirboatViewDampenDamp" = "1.0"
L 10/07/2014 - 16:59:00: "r_AirboatViewZHeight" = "0.0"
L 10/07/2014 - 16:59:00: "mp_friendlyfire" = "0"
L 10/07/2014 - 16:59:00: "mp_fadetoblack" = "0"
L 10/07/2014 - 16:59:00: "tf_mm_servermode" = "0"
L 10/07/2014 - 16:59:00: "tf_mm_strict" = "0"
L 10/07/2014 - 16:59:00: "tf_mm_trusted" = "0"
L 10/07/2014 - 16:59:00: "tf_server_identity_disable_quickplay" = "0"
L 10/07/2014 - 16:59:00: "sv_registration_successful" = "0"
L 10/07/2014 - 16:59:00: "sv_registration_message" = "No account specified"
L 10/07/2014 - 16:59:00: "sv_steamgroup" = ""
L 10/07/2014 - 16:59:00: "sv_cheats" = "1"
L 10/07/2014 - 16:59:00: "sv_pausable" = "0"
L 10/07/2014 - 16:59:00: "sv_contact" = "admin@yourdomain.com"
L 10/07/2014 - 16:59:00: "sv_voiceenable" = "1"
L 10/07/2014 - 16:59:00: "tv_enable" = "0"
L 10/07/2014 - 16:59:00: "deathmatch" = "1"
L 10/07/2014 - 16:59:00: "coop" = "0"
L 10/07/2014 - 16:59:00: "tv_password" = ""
L 10/07/2014 - 16:59:00: "tv_relaypassword" = ""
L 10/07/2014 - 16:59:00: "sv_password" = ""
L 10/07/2014 - 16:59:00: "sv_tags" = "bots,cp"
L 10/07/2014 - 16:59:00: server cvars end
L 10/07/2014 - 16:59:02: Started map "ctf_2fort" (CRC "7d246aafbbd18b8ccbfdb9937dbc7769")
L 10/07/2014 - 16:59:02: Executing dedicated server config file server.cfg
L 10/07/2014 - 16:59:07: server_cvar: "tf_gamemode_cp" "0"
L 10/07/2014 - 16:59:07: server_cvar: "sv_tags" "bots"
L 10/07/2014 - 16:59:07: server_cvar: "sv_tags" "bots"
L 10/07/2014 - 16:59:07: server_cvar: "tf_bot_count" "0"
L 10/07/2014 - 16:59:07: server_cvar: "sv_tags" ""
L 10/07/2014 - 16:59:07: server_cvar: "tf_gamemode_ctf" "1"
L 10/07/2014 - 16:59:07: server_cvar: "sv_tags" "ctf"
L 10/07/2014 - 16:59:07: server_cvar: "sv_tags" "ctf"
L 10/07/2014 - 16:59:08: Initializing Steam libraries for LAN server
L 10/07/2014 - 16:59:08: No account token specified; logging into anonymous game server account.  (Use sv_setsteamaccount to login to a persistent account.)
