L 10/07/2014 - 18:33:04: Log file started (file "logs/L1007020.log") (game "/home/tf2/hlserver/tf2/tf") (version "2426090")
L 10/07/2014 - 18:33:04: server_cvar: "sv_cheats" "1"
L 10/07/2014 - 18:33:04: "One-Man Cheeseburger Apocalypse<2><BOT><>" connected, address "none"
L 10/07/2014 - 18:33:04: "<2><BOT><>" entered the game
L 10/07/2014 - 18:33:04: "One-Man Cheeseburger Apocalypse<2><BOT><Unassigned>" joined team "Red"
L 10/07/2014 - 18:33:04: "One-Man Cheeseburger Apocalypse<2><BOT><Red>" changed role to "scout"
L 10/07/2014 - 18:33:04: "One-Man Cheeseburger Apocalypse<2><BOT><Red>" changed name to "Crowbar"
L 10/07/2014 - 18:33:04: Sending CMsgGameServerMatchmakingStatus (state=ServerMatchmakingState_NOT_PARTICIPATING)
L 10/07/2014 - 18:33:04: "Delicious Cake<3><BOT><>" connected, address "none"
L 10/07/2014 - 18:33:04: "<3><BOT><>" entered the game
L 10/07/2014 - 18:33:04: "Delicious Cake<3><BOT><Unassigned>" joined team "Blue"
L 10/07/2014 - 18:33:04: "Delicious Cake<3><BOT><Blue>" changed role to "scout"
L 10/07/2014 - 18:33:04: "Delicious Cake<3><BOT><Blue>" changed name to "IvanTheSpaceBiker"
L 10/07/2014 - 18:33:04: Connection to Steam servers successful.
L 10/07/2014 - 18:33:04:    Public IP is 68.110.44.24.
L 10/07/2014 - 18:33:04: Assigned anonymous gameserver Steam ID [A:1:2756975621:4715].
L 10/07/2014 - 18:33:04: "I LIVE!<4><BOT><>" connected, address "none"
L 10/07/2014 - 18:33:04: "<4><BOT><>" entered the game
L 10/07/2014 - 18:33:04: "I LIVE!<4><BOT><Unassigned>" joined team "Blue"
L 10/07/2014 - 18:33:04: "I LIVE!<4><BOT><Blue>" changed role to "scout"
L 10/07/2014 - 18:33:04: VAC secure mode is activated.
L 10/07/2014 - 18:33:04: "I LIVE!<4><BOT><Blue>" changed name to "Cannon Fodder"
L 10/07/2014 - 18:33:05: tf_server_identity_account_id not set; not logging into registered account
L 10/07/2014 - 18:33:05: "trigger_hurt<5><BOT><>" connected, address "none"
L 10/07/2014 - 18:33:05: "<5><BOT><>" entered the game
L 10/07/2014 - 18:33:05: "trigger_hurt<5><BOT><Unassigned>" joined team "Red"
L 10/07/2014 - 18:33:05: "trigger_hurt<5><BOT><Red>" changed role to "engineer"
L 10/07/2014 - 18:33:05: "trigger_hurt<5><BOT><Red>" changed name to "Nom Nom Nom"
L 10/07/2014 - 18:33:05: "Divide by Zero<6><BOT><>" connected, address "none"
L 10/07/2014 - 18:33:05: "<6><BOT><>" entered the game
L 10/07/2014 - 18:33:05: "Divide by Zero<6><BOT><Unassigned>" joined team "Blue"
L 10/07/2014 - 18:33:05: "Divide by Zero<6><BOT><Blue>" changed role to "heavyweapons"
L 10/07/2014 - 18:33:05: "Divide by Zero<6><BOT><Blue>" changed name to "GENTLE MANNE of LEISURE"
L 10/07/2014 - 18:33:05: "MoreGun<7><BOT><>" connected, address "none"
L 10/07/2014 - 18:33:05: "<7><BOT><>" entered the game
L 10/07/2014 - 18:33:05: "MoreGun<7><BOT><Unassigned>" joined team "Red"
L 10/07/2014 - 18:33:05: "MoreGun<7><BOT><Red>" changed role to "soldier"
L 10/07/2014 - 18:33:05: "MoreGun<7><BOT><Red>" changed name to "Tiny Baby Man"
L 10/07/2014 - 18:33:05: "Big Mean Muther Hubbard<8><BOT><>" connected, address "none"
L 10/07/2014 - 18:33:05: "<8><BOT><>" entered the game
L 10/07/2014 - 18:33:05: "Big Mean Muther Hubbard<8><BOT><Unassigned>" joined team "Blue"
L 10/07/2014 - 18:33:05: "Big Mean Muther Hubbard<8><BOT><Blue>" changed role to "medic"
L 10/07/2014 - 18:33:05: "Big Mean Muther Hubbard<8><BOT><Blue>" changed name to "Force of Nature"
L 10/07/2014 - 18:33:06: "Crazed Gunman<9><BOT><>" connected, address "none"
L 10/07/2014 - 18:33:06: "<9><BOT><>" entered the game
L 10/07/2014 - 18:33:06: "Crazed Gunman<9><BOT><Unassigned>" joined team "Red"
L 10/07/2014 - 18:33:06: "Crazed Gunman<9><BOT><Red>" changed role to "medic"
L 10/07/2014 - 18:33:06: "Crazed Gunman<9><BOT><Red>" changed name to "Grim Bloody Fable"
L 10/07/2014 - 18:33:09: server_cvar: "tf_bot_count" "8"
L 10/07/2014 - 18:33:09: server_cvar: "sv_tags" "bots,cp"
L 10/07/2014 - 18:33:19: "Cannon Fodder<4><BOT><Blue>" stuck (position "-1652.34 1633.47 -255.90") (duration "2.52") L 10/07/2014 - 18:33:19:    path_goal ( "-216.00 2792.00 -247.97" )
L 10/07/2014 - 18:33:19: "IvanTheSpaceBiker<3><BOT><Blue>" stuck (position "-1627.21 1633.47 -255.91") (duration "2.52") L 10/07/2014 - 18:33:19:    path_goal ( "-216.00 2792.00 -247.97" )
L 10/07/2014 - 18:33:21: "Cannon Fodder<4><BOT><Blue>" stuck (position "-1642.84 1633.47 -255.92") (duration "2.52") L 10/07/2014 - 18:33:21:    path_goal ( "-216.00 2792.00 -247.97" )
L 10/07/2014 - 18:33:22: "IvanTheSpaceBiker<3><BOT><Blue>" stuck (position "-1628.55 1633.47 -255.89") (duration "2.52") L 10/07/2014 - 18:33:22:    path_goal ( "-216.00 2792.00 -247.97" )
L 10/07/2014 - 18:33:24: "Cannon Fodder<4><BOT><Blue>" stuck (position "-1627.21 1633.47 -255.89") (duration "2.52") L 10/07/2014 - 18:33:24:    path_goal ( "-216.00 2792.00 -247.97" )
L 10/07/2014 - 18:33:24: "IvanTheSpaceBiker<3><BOT><Blue>" stuck (position "-1627.21 1633.47 -255.89") (duration "2.52") L 10/07/2014 - 18:33:24:    path_goal ( "-216.00 2792.00 -247.97" )
L 10/07/2014 - 18:33:26: "Nom Nom Nom<5><BOT><Red>" triggered "player_builtobject" (object "OBJ_SENTRYGUN") (position "-160 1863 -386")
L 10/07/2014 - 18:33:26: "GENTLE MANNE of LEISURE<6><BOT><Blue>" stuck (position "-1642.03 1633.47 -255.89") (duration "4.41") L 10/07/2014 - 18:33:26:    path_goal ( "-216.00 2792.00 -247.97" )
L 10/07/2014 - 18:33:27: "Cannon Fodder<4><BOT><Blue>" stuck (position "-1630.43 1633.47 -255.89") (duration "2.52") L 10/07/2014 - 18:33:27:    path_goal ( "-216.00 2792.00 -247.97" )
L 10/07/2014 - 18:33:27: "IvanTheSpaceBiker<3><BOT><Blue>" stuck (position "-1627.20 1633.47 -255.89") (duration "2.52") L 10/07/2014 - 18:33:27:    path_goal ( "-216.00 2792.00 -247.97" )
L 10/07/2014 - 18:33:29: "Cannon Fodder<4><BOT><Blue>" stuck (position "-1649.29 1633.47 -255.89") (duration "2.52") L 10/07/2014 - 18:33:29:    path_goal ( "-216.00 2792.00 -247.97" )
L 10/07/2014 - 18:33:29: "IvanTheSpaceBiker<3><BOT><Blue>" stuck (position "-1629.78 1633.47 -255.89") (duration "2.52") L 10/07/2014 - 18:33:29:    path_goal ( "-216.00 2792.00 -247.97" )
L 10/07/2014 - 18:33:31: "GENTLE MANNE of LEISURE<6><BOT><Blue>" stuck (position "-1645.24 1633.47 -255.90") (duration "4.41") L 10/07/2014 - 18:33:31:    path_goal ( "-216.00 2792.00 -247.97" )
L 10/07/2014 - 18:33:32: "Cannon Fodder<4><BOT><Blue>" stuck (position "-1665.98 1633.47 -255.95") (duration "2.52") L 10/07/2014 - 18:33:32:    path_goal ( "-216.00 2792.00 -247.97" )
L 10/07/2014 - 18:33:32: "IvanTheSpaceBiker<3><BOT><Blue>" stuck (position "-1656.36 1633.47 -255.89") (duration "2.52") L 10/07/2014 - 18:33:32:    path_goal ( "-216.00 2792.00 -247.97" )
L 10/07/2014 - 18:33:34: World triggered "Round_Start"
L 10/07/2014 - 18:33:34: World triggered "Round_Setup_Begin"
L 10/07/2014 - 18:33:34: World triggered "Mini_Round_Selected" (round "round_1")
L 10/07/2014 - 18:33:34: World triggered "Mini_Round_Start"
L 10/07/2014 - 18:33:42: "Nom Nom Nom<5><BOT><Red>" triggered "player_builtobject" (object "OBJ_TELEPORTER") (position "2502 985 -188")
L 10/07/2014 - 18:34:06: "Nom Nom Nom<5><BOT><Red>" triggered "player_builtobject" (object "OBJ_SENTRYGUN") (position "-1195 2863 -255")
L 10/07/2014 - 18:34:34: World triggered "Round_Setup_End"
L 10/07/2014 - 18:34:49: "Nom Nom Nom<5><BOT><Red>" triggered "player_builtobject" (object "OBJ_DISPENSER") (position "-1222 2866 -252")
L 10/07/2014 - 18:35:01: "Nom Nom Nom<5><BOT><Red>" stuck (position "-527.97 2617.09 -159.97") (duration "4.02") L 10/07/2014 - 18:35:01:    path_goal ( "-900.00 2550.00 -257.15" )
L 10/07/2014 - 18:35:01: "Nom Nom Nom<5><BOT><Red>" stuck (position "-524.61 2629.16 -134.66") (duration "4.12") L 10/07/2014 - 18:35:01:    path_goal ( "NULL" )
L 10/07/2014 - 18:35:02: "Nom Nom Nom<5><BOT><Red>" stuck (position "-464.76 2634.68 -147.14") (duration "5.18") L 10/07/2014 - 18:35:02:    path_goal ( "-450.00 2612.50 -160.23" )
L 10/07/2014 - 18:35:08: "Force of Nature<8><BOT><Blue>" triggered "chargedeployed"
L 10/07/2014 - 18:35:09: "Nom Nom Nom<5><BOT><Red>" triggered "player_builtobject" (object "OBJ_TELEPORTER") (position "-1239 2821 -250")
L 10/07/2014 - 18:35:17: "Cannon Fodder<4><BOT><Blue>" killed "Crowbar<2><BOT><Red>" with "pistol_scout" (attacker_position "-227 2594 -125") (victim_position "-54 2833 -247")
L 10/07/2014 - 18:35:17: "Crowbar<2><BOT><Red>" changed role to "engineer"
L 10/07/2014 - 18:35:25: "GENTLE MANNE of LEISURE<6><BOT><Blue>" stuck (position "-2325.43 2997.76 -331.58") (duration "4.41") L 10/07/2014 - 18:35:25:    path_goal ( "-2175.00 2994.83 -268.97" )
L 10/07/2014 - 18:35:26: "Nom Nom Nom<5><BOT><Red>" killed "GENTLE MANNE of LEISURE<6><BOT><Blue>" with "obj_sentrygun3" (attacker_position "-898 2822 -255") (victim_position "-2339 2998 -273")
L 10/07/2014 - 18:35:26: "GENTLE MANNE of LEISURE<6><BOT><Blue>" changed role to "demoman"
L 10/07/2014 - 18:35:38: "Cannon Fodder<4><BOT><Blue>" stuck (position "54.14 2308.54 -271.02") (duration "2.52") L 10/07/2014 - 18:35:38:    path_goal ( "12.53 2328.20 -282.17" )
L 10/07/2014 - 18:35:39: "Cannon Fodder<4><BOT><Blue>" stuck (position "65.73 2344.47 -245.72") (duration "2.62") L 10/07/2014 - 18:35:39:    path_goal ( "12.53 2328.20 -282.17" )
L 10/07/2014 - 18:35:39: "splunk> security warrior<10><[U:1:229722400]><>" connected, address "192.168.1.113:27005"
L 10/07/2014 - 18:35:39: "splunk> security warrior<10><[U:1:229722400]><>" STEAM USERID validated
L 10/07/2014 - 18:35:42: "Cannon Fodder<4><BOT><Blue>" stuck (position "22.88 2359.43 -278.65") (duration "2.52") L 10/07/2014 - 18:35:42:    path_goal ( "12.53 2328.20 -282.17" )
L 10/07/2014 - 18:35:42: "Cannon Fodder<4><BOT><Blue>" stuck (position "56.10 2333.73 -253.34") (duration "2.62") L 10/07/2014 - 18:35:42:    path_goal ( "12.53 2328.20 -282.17" )
L 10/07/2014 - 18:35:42: "splunk> security warrior<10><[U:1:229722400]><>" entered the game
L 10/07/2014 - 18:35:46: "Cannon Fodder<4><BOT><Blue>" stuck (position "52.42 2342.97 -274.48") (duration "2.52") L 10/07/2014 - 18:35:46:    path_goal ( "12.53 2328.20 -282.17" )
L 10/07/2014 - 18:35:46: "Cannon Fodder<4><BOT><Blue>" stuck (position "41.00 2376.28 -249.18") (duration "2.62") L 10/07/2014 - 18:35:46:    path_goal ( "12.53 2328.20 -282.17" )
L 10/07/2014 - 18:35:47: "IvanTheSpaceBiker<3><BOT><Blue>" killed "Crowbar<2><BOT><Red>" with "scattergun" (attacker_position "607 2553 -250") (victim_position "564 2608 -249")
L 10/07/2014 - 18:35:59: "GENTLE MANNE of LEISURE<6><BOT><Blue>" triggered "killedobject" (object "OBJ_DISPENSER") (weapon "tf_projectile_pipe_remote") (objectowner "Nom Nom Nom<5><BOT><Red>") (attacker_position "-1765 2337 -446")
L 10/07/2014 - 18:35:59: "GENTLE MANNE of LEISURE<6><BOT><Blue>" killed "Nom Nom Nom<5><BOT><Red>" with "tf_projectile_pipe_remote" (attacker_position "-1765 2337 -446") (victim_position "-1228 2883 -253")
L 10/07/2014 - 18:35:59: "GENTLE MANNE of LEISURE<6><BOT><Blue>" triggered "killedobject" (object "OBJ_SENTRYGUN") (weapon "tf_projectile_pipe_remote") (objectowner "Nom Nom Nom<5><BOT><Red>") (attacker_position "-1765 2337 -446")
L 10/07/2014 - 18:36:03: "Cannon Fodder<4><BOT><Blue>" triggered "killedobject" (object "OBJ_TELEPORTER") (weapon "scattergun") (objectowner "Nom Nom Nom<5><BOT><Red>") (attacker_position "-198 2808 -240")
L 10/07/2014 - 18:36:05: Team "Blue" triggered "pointcaptured" (cp "0") (cpname "#Dustbowl_cap_1_A") (numcappers "2") (player1 "IvanTheSpaceBiker<3><BOT><Blue>") (position1 "-120 2642 -247") (player2 "Cannon Fodder<4><BOT><Blue>") (position2 "-187 2858 -240") 
L 10/07/2014 - 18:36:09: "Crowbar<2><BOT><Red>" triggered "player_builtobject" (object "OBJ_TELEPORTER") (position "2369 985 -188")
L 10/07/2014 - 18:36:23: "splunk> security warrior<10><[U:1:229722400]><Unassigned>" joined team "Blue"
L 10/07/2014 - 18:36:28: "splunk> security warrior<10><[U:1:229722400]><Blue>" changed role to "heavyweapons"
L 10/07/2014 - 18:36:28: "Cannon Fodder<4><BOT><Blue>" killed "Nom Nom Nom<5><BOT><Red>" with "scattergun" (attacker_position "1582 2222 -195") (victim_position "1884 2395 -205")
L 10/07/2014 - 18:36:33: "Tiny Baby Man<7><BOT><Red>" stuck (position "-2159.47 2937.91 -255.97") (duration "4.20") L 10/07/2014 - 18:36:33:    path_goal ( "-2487.50 2900.00 -455.47" )
L 10/07/2014 - 18:36:33: "Tiny Baby Man<7><BOT><Red>" stuck (position "-2159.47 2938.52 -230.66") (duration "4.31") L 10/07/2014 - 18:36:33:    path_goal ( "-2487.50 2900.00 -455.47" )
L 10/07/2014 - 18:36:34: "Tiny Baby Man<7><BOT><Red>" stuck (position "-2159.47 2932.04 -256.00") (duration "5.36") L 10/07/2014 - 18:36:34:    path_goal ( "-2487.50 2900.00 -455.47" )
L 10/07/2014 - 18:36:35: "Tiny Baby Man<7><BOT><Red>" stuck (position "-2159.47 2945.11 -255.97") (duration "6.40") L 10/07/2014 - 18:36:35:    path_goal ( "-2487.50 2900.00 -455.47" )
L 10/07/2014 - 18:36:36: "Tiny Baby Man<7><BOT><Red>" stuck (position "-2159.47 2970.13 -255.97") (duration "7.46") L 10/07/2014 - 18:36:36:    path_goal ( "-2487.50 2900.00 -455.47" )
L 10/07/2014 - 18:36:37: "Tiny Baby Man<7><BOT><Red>" stuck (position "-2159.47 2933.00 -255.97") (duration "8.51") L 10/07/2014 - 18:36:37:    path_goal ( "-2487.50 2900.00 -455.47" )
L 10/07/2014 - 18:36:39: "Tiny Baby Man<7><BOT><Red>" stuck (position "-2159.47 2934.07 -255.97") (duration "9.56") L 10/07/2014 - 18:36:39:    path_goal ( "-2487.50 2900.00 -455.47" )
L 10/07/2014 - 18:36:40: "Tiny Baby Man<7><BOT><Red>" stuck (position "-2159.47 2940.04 -255.97") (duration "10.61") L 10/07/2014 - 18:36:40:    path_goal ( "-2487.50 2900.00 -455.47" )
L 10/07/2014 - 18:36:45: "Tiny Baby Man<7><BOT><Red>" stuck (position "-2159.47 2934.05 -255.97") (duration "0.10") L 10/07/2014 - 18:36:45:    path_goal ( "-2487.50 2900.00 -455.47" )
L 10/07/2014 - 18:36:46: Team "Blue" triggered "pointcaptured" (cp "1") (cpname "#Dustbowl_cap_1_B") (numcappers "1") (player1 "Cannon Fodder<4><BOT><Blue>") (position1 "2399 2202 -143") 
L 10/07/2014 - 18:36:46: World triggered "Mini_Round_Win" (winner "Blue") (round "round_1")
L 10/07/2014 - 18:36:46: World triggered "Mini_Round_Length" (seconds "191.74")
L 10/07/2014 - 18:36:46: "Tiny Baby Man<7><BOT><Red>" stuck (position "-2163.39 2932.38 -255.97") (duration "1.15") L 10/07/2014 - 18:36:46:    path_goal ( "-2487.50 2900.00 -455.47" )
L 10/07/2014 - 18:36:47: "Tiny Baby Man<7><BOT><Red>" stuck (position "-2163.39 2932.38 -255.97") (duration "2.21") L 10/07/2014 - 18:36:47:    path_goal ( "-2487.50 2900.00 -455.47" )
L 10/07/2014 - 18:36:48: "Tiny Baby Man<7><BOT><Red>" stuck (position "-2163.39 2932.38 -255.97") (duration "3.27") L 10/07/2014 - 18:36:48:    path_goal ( "-2487.50 2900.00 -455.47" )
L 10/07/2014 - 18:36:49: "Tiny Baby Man<7><BOT><Red>" stuck (position "-2163.39 2932.38 -255.97") (duration "4.32") L 10/07/2014 - 18:36:49:    path_goal ( "-2487.50 2900.00 -455.47" )
L 10/07/2014 - 18:36:50: "Tiny Baby Man<7><BOT><Red>" stuck (position "-2163.39 2932.38 -255.97") (duration "5.37") L 10/07/2014 - 18:36:50:    path_goal ( "-2487.50 2900.00 -455.47" )
L 10/07/2014 - 18:36:51: "Tiny Baby Man<7><BOT><Red>" stuck (position "-2163.39 2932.38 -255.97") (duration "6.42") L 10/07/2014 - 18:36:51:    path_goal ( "-2487.50 2900.00 -455.47" )
L 10/07/2014 - 18:36:53: "Tiny Baby Man<7><BOT><Red>" stuck (position "-2163.39 2932.38 -255.97") (duration "7.47") L 10/07/2014 - 18:36:53:    path_goal ( "-2487.50 2900.00 -455.47" )
L 10/07/2014 - 18:36:53: "Cannon Fodder<4><BOT><Blue>" killed "Crowbar<2><BOT><Red>" with "scattergun" (attacker_position "1015 2372 -253") (victim_position "889 2595 -253")
L 10/07/2014 - 18:36:53: "Crowbar<2><BOT><Red>" changed role to "scout"
L 10/07/2014 - 18:36:54: "Tiny Baby Man<7><BOT><Red>" stuck (position "-2163.39 2932.38 -255.97") (duration "8.52") L 10/07/2014 - 18:36:54:    path_goal ( "-2487.50 2900.00 -455.47" )
L 10/07/2014 - 18:36:55: "Tiny Baby Man<7><BOT><Red>" stuck (position "-2163.39 2932.38 -255.97") (duration "9.57") L 10/07/2014 - 18:36:55:    path_goal ( "-2487.50 2900.00 -455.47" )
L 10/07/2014 - 18:36:56: "Tiny Baby Man<7><BOT><Red>" stuck (position "-2163.39 2932.38 -255.97") (duration "10.62") L 10/07/2014 - 18:36:56:    path_goal ( "-2487.50 2900.00 -455.47" )
L 10/07/2014 - 18:36:57: "Tiny Baby Man<7><BOT><Red>" stuck (position "-2163.39 2932.38 -255.97") (duration "11.67") L 10/07/2014 - 18:36:57:    path_goal ( "-2487.50 2900.00 -455.47" )
L 10/07/2014 - 18:36:58: "Tiny Baby Man<7><BOT><Red>" stuck (position "-2163.39 2932.38 -255.97") (duration "12.72") L 10/07/2014 - 18:36:58:    path_goal ( "-2487.50 2900.00 -455.47" )
L 10/07/2014 - 18:36:59: "Tiny Baby Man<7><BOT><Red>" stuck (position "-2163.39 2932.38 -255.97") (duration "13.77") L 10/07/2014 - 18:36:59:    path_goal ( "-2487.50 2900.00 -455.47" )
L 10/07/2014 - 18:37:00: "Tiny Baby Man<7><BOT><Red>" stuck (position "-2163.39 2932.38 -255.97") (duration "14.82") L 10/07/2014 - 18:37:00:    path_goal ( "-2487.50 2900.00 -455.47" )
L 10/07/2014 - 18:37:00: "Cannon Fodder<4><BOT><Blue>" triggered "medic_death" against "Grim Bloody Fable<9><BOT><Red>" (healing "764") (ubercharge "1")
L 10/07/2014 - 18:37:00: "Cannon Fodder<4><BOT><Blue>" killed "Grim Bloody Fable<9><BOT><Red>" with "scattergun" (attacker_position "-696 2203 -415") (victim_position "-1013 2381 -415")
L 10/07/2014 - 18:37:01: World triggered "Round_Setup_Begin"
L 10/07/2014 - 18:37:01: World triggered "Mini_Round_Selected" (round "round_2")
L 10/07/2014 - 18:37:01: World triggered "Mini_Round_Start"
L 10/07/2014 - 18:37:08: "Nom Nom Nom<5><BOT><Red>" triggered "player_builtobject" (object "OBJ_TELEPORTER") (position "-2105 -1799 -181")
L 10/07/2014 - 18:37:10: "Data Warrior<11><[U:1:197468749]><>" connected, address "192.168.1.109:27005"
L 10/07/2014 - 18:37:11: "Data Warrior<11><[U:1:197468749]><>" STEAM USERID validated
L 10/07/2014 - 18:37:23: "Data Warrior<11><[U:1:197468749]><>" entered the game
L 10/07/2014 - 18:37:35: "Data Warrior<11><[U:1:197468749]><Unassigned>" joined team "Red"
L 10/07/2014 - 18:37:36: "Data Warrior<11><[U:1:197468749]><Red>" changed role to "heavyweapons"
L 10/07/2014 - 18:37:37: "Nom Nom Nom<5><BOT><Red>" stuck (position "2430.58 -1688.03 -127.97") (duration "3.36") L 10/07/2014 - 18:37:37:    path_goal ( "2515.91 -1675.00 -40.20" )
L 10/07/2014 - 18:37:38: "Nom Nom Nom<5><BOT><Red>" stuck (position "2429.79 -1691.19 -102.66") (duration "3.46") L 10/07/2014 - 18:37:38:    path_goal ( "2515.91 -1675.00 -40.20" )
L 10/07/2014 - 18:37:42: "Nom Nom Nom<5><BOT><Red>" triggered "player_builtobject" (object "OBJ_SENTRYGUN") (position "2394 -1159 -127")
L 10/07/2014 - 18:38:05: World triggered "Round_Setup_End"
L 10/07/2014 - 18:38:12: "Grim Bloody Fable<9><BOT><Red>" triggered "chargedeployed"
L 10/07/2014 - 18:38:17: "Cannon Fodder<4><BOT><Blue>" stuck (position "2215.32 -817.96 -151.58") (duration "2.52") L 10/07/2014 - 18:38:17:    path_goal ( "2247.40 -835.75 -111.97" )
L 10/07/2014 - 18:38:23: "Tiny Baby Man<7><BOT><Red>" killed "IvanTheSpaceBiker<3><BOT><Blue>" with "tf_projectile_rocket" (attacker_position "2091 -816 -157") (victim_position "1770 -1129 -106")
L 10/07/2014 - 18:38:23: "Grim Bloody Fable<9><BOT><Red>" triggered "kill assist" against "IvanTheSpaceBiker<3><BOT><Blue>" (assister_position "2008 -652 -192") (attacker_position "2091 -816 -157") (victim_position "1770 -1129 -106")
L 10/07/2014 - 18:38:23: "IvanTheSpaceBiker<3><BOT><Blue>" changed role to "demoman"
L 10/07/2014 - 18:38:23: "splunk> security warrior<10><[U:1:229722400]><Blue>" triggered "medic_death" against "Grim Bloody Fable<9><BOT><Red>" (healing "387") (ubercharge "0")
L 10/07/2014 - 18:38:23: "splunk> security warrior<10><[U:1:229722400]><Blue>" killed "Grim Bloody Fable<9><BOT><Red>" with "minigun" (attacker_position "2052 -247 -206") (victim_position "2002 -675 -186")
L 10/07/2014 - 18:38:23: "Force of Nature<8><BOT><Blue>" triggered "kill assist" against "Grim Bloody Fable<9><BOT><Red>" (assister_position "1958 -176 -194") (attacker_position "2052 -247 -206") (victim_position "2002 -675 -186")
L 10/07/2014 - 18:38:24: "Nom Nom Nom<5><BOT><Red>" triggered "captureblocked" (cp "2") (cpname "#Dustbowl_cap_2_A") (position "2399 -1439 18")
L 10/07/2014 - 18:38:24: "Nom Nom Nom<5><BOT><Red>" killed "GENTLE MANNE of LEISURE<6><BOT><Blue>" with "obj_sentrygun2" (attacker_position "2399 -1439 18") (victim_position "2341 -1655 7")
L 10/07/2014 - 18:38:24: "Crowbar<2><BOT><Red>" triggered "kill assist" against "GENTLE MANNE of LEISURE<6><BOT><Blue>" (assister_position "2285 -1295 -127") (attacker_position "2399 -1439 18") (victim_position "2341 -1655 7")
L 10/07/2014 - 18:38:30: "splunk> security warrior<10><[U:1:229722400]><Blue>" killed "Nom Nom Nom<5><BOT><Red>" with "minigun" (attacker_position "1834 -847 -134") (victim_position "2262 -1463 7")
L 10/07/2014 - 18:38:30: "Force of Nature<8><BOT><Blue>" triggered "kill assist" against "Nom Nom Nom<5><BOT><Red>" (assister_position "1901 -758 -156") (attacker_position "1834 -847 -134") (victim_position "2262 -1463 7")
L 10/07/2014 - 18:38:32: "Force of Nature<8><BOT><Blue>" triggered "chargedeployed"
L 10/07/2014 - 18:38:32: "Crowbar<2><BOT><Red>" stuck (position "2331.04 -1429.15 -92.98") (duration "2.52") L 10/07/2014 - 18:38:32:    path_goal ( "2370.16 -1428.65 -63.97" )
L 10/07/2014 - 18:38:33: "Cannon Fodder<4><BOT><Blue>" stuck (position "2684.98 -141.78 -191.79") (duration "2.73") L 10/07/2014 - 18:38:33:    path_goal ( "2687.50 -162.50 -191.79" )
L 10/07/2014 - 18:38:33: "Cannon Fodder<4><BOT><Blue>" stuck (position "2695.72 -134.02 -166.48") (duration "2.84") L 10/07/2014 - 18:38:33:    path_goal ( "2687.50 -162.50 -191.79" )
L 10/07/2014 - 18:38:34: "Cannon Fodder<4><BOT><Blue>" stuck (position "2665.71 -122.83 -191.97") (duration "3.89") L 10/07/2014 - 18:38:34:    path_goal ( "2687.50 25.00 -217.13" )
L 10/07/2014 - 18:38:46: "Cannon Fodder<4><BOT><Blue>" stuck (position "2069.74 139.90 -252.41") (duration "2.52") L 10/07/2014 - 18:38:46:    path_goal ( "2066.45 134.51 -263.75" )
L 10/07/2014 - 18:38:46: "Cannon Fodder<4><BOT><Blue>" stuck (position "2046.67 145.75 -227.11") (duration "2.62") L 10/07/2014 - 18:38:46:    path_goal ( "2066.45 134.51 -263.75" )
L 10/07/2014 - 18:38:47: "Cannon Fodder<4><BOT><Blue>" stuck (position "2078.31 128.64 -247.41") (duration "3.67") L 10/07/2014 - 18:38:47:    path_goal ( "NULL" )
L 10/07/2014 - 18:38:48: "Cannon Fodder<4><BOT><Blue>" stuck (position "2057.99 167.36 -267.12") (duration "4.73") L 10/07/2014 - 18:38:48:    path_goal ( "2066.45 134.51 -263.75" )
L 10/07/2014 - 18:38:49: "Cannon Fodder<4><BOT><Blue>" stuck (position "2065.74 133.80 -249.34") (duration "5.77") L 10/07/2014 - 18:38:49:    path_goal ( "2066.45 134.51 -263.75" )
L 10/07/2014 - 18:38:50: "Cannon Fodder<4><BOT><Blue>" stuck (position "2079.80 145.36 -255.23") (duration "6.82") L 10/07/2014 - 18:38:50:    path_goal ( "2066.45 134.51 -263.75" )
L 10/07/2014 - 18:38:51: "Cannon Fodder<4><BOT><Blue>" stuck (position "2080.58 147.41 -256.24") (duration "0.10") L 10/07/2014 - 18:38:51:    path_goal ( "2066.45 134.51 -263.75" )
L 10/07/2014 - 18:38:51: "Crowbar<2><BOT><Red>" stuck (position "2401.04 -1366.26 -98.79") (duration "2.52") L 10/07/2014 - 18:38:51:    path_goal ( "2350.00 -1375.00 -118.29" )
L 10/07/2014 - 18:38:52: "Cannon Fodder<4><BOT><Blue>" stuck (position "2064.29 164.27 -265.43") (duration "0.11") L 10/07/2014 - 18:38:52:    path_goal ( "2066.45 134.51 -263.75" )
L 10/07/2014 - 18:38:54: "splunk> security warrior<10><[U:1:229722400]><Blue>" killed "Tiny Baby Man<7><BOT><Red>" with "minigun" (attacker_position "2677 -1392 0") (victim_position "2487 -1632 0")
L 10/07/2014 - 18:38:54: "Force of Nature<8><BOT><Blue>" triggered "kill assist" against "Tiny Baby Man<7><BOT><Red>" (assister_position "2658 -986 -3") (attacker_position "2677 -1392 0") (victim_position "2487 -1632 0")
L 10/07/2014 - 18:38:54: "Tiny Baby Man<7><BOT><Red>" changed role to "demoman"
L 10/07/2014 - 18:38:58: "Crowbar<2><BOT><Red>" stuck (position "2359.67 -1127.68 -127.97") (duration "2.62") L 10/07/2014 - 18:38:58:    path_goal ( "2450.00 -1025.00 -127.97" )
L 10/07/2014 - 18:38:58: "Crowbar<2><BOT><Red>" stuck (position "2376.58 -1153.22 -102.66") (duration "2.73") L 10/07/2014 - 18:38:58:    path_goal ( "NULL" )
L 10/07/2014 - 18:38:58: "Grim Bloody Fable<9><BOT><Red>" stuck (position "-2195.26 -2161.51 -159.97") (duration "3.15") L 10/07/2014 - 18:38:58:    path_goal ( "NULL" )
L 10/07/2014 - 18:38:58: "Grim Bloody Fable<9><BOT><Red>" stuck (position "-2186.11 -2176.40 -134.66") (duration "3.26") L 10/07/2014 - 18:38:58:    path_goal ( "NULL" )
L 10/07/2014 - 18:39:00: "Cannon Fodder<4><BOT><Blue>" stuck (position "2074.11 145.64 -255.31") (duration "0.11") L 10/07/2014 - 18:39:00:    path_goal ( "2125.00 100.00 -250.15" )
L 10/07/2014 - 18:39:01: "Grim Bloody Fable<9><BOT><Red>" stuck (position "-2158.86 -2185.71 -159.97") (duration "3.17") L 10/07/2014 - 18:39:01:    path_goal ( "NULL" )
L 10/07/2014 - 18:39:01: "Grim Bloody Fable<9><BOT><Red>" stuck (position "-2165.42 -2206.17 -134.66") (duration "3.27") L 10/07/2014 - 18:39:01:    path_goal ( "NULL" )
L 10/07/2014 - 18:39:01: "Cannon Fodder<4><BOT><Blue>" stuck (position "2121.73 113.37 -239.02") (duration "1.15") L 10/07/2014 - 18:39:01:    path_goal ( "2200.00 75.00 -233.42" )
L 10/07/2014 - 18:39:02: "Grim Bloody Fable<9><BOT><Red>" stuck (position "-2159.32 -2205.45 -159.97") (duration "4.32") L 10/07/2014 - 18:39:02:    path_goal ( "NULL" )
L 10/07/2014 - 18:39:03: "GENTLE MANNE of LEISURE<6><BOT><Blue>" triggered "killedobject" (object "OBJ_SENTRYGUN") (weapon "tf_projectile_pipe_remote") (objectowner "Nom Nom Nom<5><BOT><Red>") (attacker_position "1508 -692 -172")
L 10/07/2014 - 18:39:14: "Cannon Fodder<4><BOT><Blue>" killed "Crowbar<2><BOT><Red>" with "scattergun" (attacker_position "2392 -1654 3") (victim_position "2576 -1307 0")
L 10/07/2014 - 18:39:14: "GENTLE MANNE of LEISURE<6><BOT><Blue>" triggered "kill assist" against "Crowbar<2><BOT><Red>" (assister_position "2507 -1040 -127") (attacker_position "2392 -1654 3") (victim_position "2576 -1307 0")
L 10/07/2014 - 18:39:14: "Crowbar<2><BOT><Red>" changed role to "demoman"
L 10/07/2014 - 18:39:16: Team "Blue" triggered "pointcaptured" (cp "2") (cpname "#Dustbowl_cap_2_A") (numcappers "1") (player1 "Cannon Fodder<4><BOT><Blue>") (position1 "2171 -1485 0") 
L 10/07/2014 - 18:39:18: "IvanTheSpaceBiker<3><BOT><Blue>" stuck (position "2203.44 -820.71 -152.75") (duration "3.60") L 10/07/2014 - 18:39:18:    path_goal ( "2247.40 -835.75 -111.97" )
L 10/07/2014 - 18:39:18: "IvanTheSpaceBiker<3><BOT><Blue>" stuck (position "2215.97 -825.94 -127.45") (duration "3.71") L 10/07/2014 - 18:39:18:    path_goal ( "NULL" )
L 10/07/2014 - 18:39:34: "Cannon Fodder<4><BOT><Blue>" stuck (position "1432.03 846.70 -121.35") (duration "2.52") L 10/07/2014 - 18:39:34:    path_goal ( "-937.50 2612.50 -257.96" )
L 10/07/2014 - 18:39:47: "Cannon Fodder<4><BOT><Blue>" killed "Nom Nom Nom<5><BOT><Red>" with "pistol_scout" (attacker_position "1490 -2160 -127") (victim_position "1268 -2099 -127")
L 10/07/2014 - 18:39:47: "GENTLE MANNE of LEISURE<6><BOT><Blue>" triggered "kill assist" against "Nom Nom Nom<5><BOT><Red>" (assister_position "2038 -1814 -140") (attacker_position "1490 -2160 -127") (victim_position "1268 -2099 -127")
L 10/07/2014 - 18:39:50: "Data Warrior<11><[U:1:197468749]><Red>" killed "IvanTheSpaceBiker<3><BOT><Blue>" with "minigun" (attacker_position "-205 -2303 -127") (victim_position "-478 -2288 -124")
L 10/07/2014 - 18:39:50: "Grim Bloody Fable<9><BOT><Red>" triggered "kill assist" against "IvanTheSpaceBiker<3><BOT><Blue>" (assister_position "-343 -2002 -138") (attacker_position "-205 -2303 -127") (victim_position "-478 -2288 -124")
L 10/07/2014 - 18:39:50: "IvanTheSpaceBiker<3><BOT><Blue>" changed role to "spy"
L 10/07/2014 - 18:39:50: "Tiny Baby Man<7><BOT><Red>" killed "Cannon Fodder<4><BOT><Blue>" with "tf_projectile_pipe" (attacker_position "1093 -1841 -136") (victim_position "1145 -1544 -122")
L 10/07/2014 - 18:40:05: "Tiny Baby Man<7><BOT><Red>" committed suicide with "tf_projectile_pipe" (attacker_position "896 -2746 -126")
L 10/07/2014 - 18:40:05: "Tiny Baby Man<7><BOT><Red>" changed role to "pyro"
L 10/07/2014 - 18:40:08: "Force of Nature<8><BOT><Blue>" triggered "chargedeployed"
L 10/07/2014 - 18:40:13: "Nom Nom Nom<5><BOT><Red>" triggered "player_builtobject" (object "OBJ_SENTRYGUN") (position "-1569 -2430 -127")
L 10/07/2014 - 18:40:16: "splunk> security warrior<10><[U:1:229722400]><Blue>" killed "Crowbar<2><BOT><Red>" with "minigun" (attacker_position "680 -2159 -126") (victim_position "445 -2292 -122")
L 10/07/2014 - 18:40:16: "Force of Nature<8><BOT><Blue>" triggered "kill assist" against "Crowbar<2><BOT><Red>" (assister_position "664 -2052 -127") (attacker_position "680 -2159 -126") (victim_position "445 -2292 -122")
L 10/07/2014 - 18:40:17: "splunk> security warrior<10><[U:1:229722400]><Blue>" killed "Data Warrior<11><[U:1:197468749]><Red>" with "minigun" (attacker_position "637 -2242 -127") (victim_position "337 -2222 -124")
L 10/07/2014 - 18:40:17: "Force of Nature<8><BOT><Blue>" triggered "kill assist" against "Data Warrior<11><[U:1:197468749]><Red>" (assister_position "656 -2115 -126") (attacker_position "637 -2242 -127") (victim_position "337 -2222 -124")
L 10/07/2014 - 18:40:32: "splunk> security warrior<10><[U:1:229722400]><Blue>" triggered "killedobject" (object "OBJ_SENTRYGUN") (weapon "minigun") (objectowner "Nom Nom Nom<5><BOT><Red>") (attacker_position "-426 -2439 -119")
L 10/07/2014 - 18:40:32: "Force of Nature<8><BOT><Blue>" triggered "killedobject" (object "OBJ_SENTRYGUN") (objectowner "Nom Nom Nom<5><BOT><Red>") (assist "1") (assister_position "-86 -2389 -122") (attacker_position "-426 -2439 -119")
L 10/07/2014 - 18:40:42: "Grim Bloody Fable<9><BOT><Red>" triggered "chargedeployed"
L 10/07/2014 - 18:40:43: "Tiny Baby Man<7><BOT><Red>" killed "Cannon Fodder<4><BOT><Blue>" with "flamethrower" (attacker_position "514 -1289 -127") (victim_position "425 -1290 -127")
L 10/07/2014 - 18:40:43: "Grim Bloody Fable<9><BOT><Red>" triggered "kill assist" against "Cannon Fodder<4><BOT><Blue>" (assister_position "381 -1498 -127") (attacker_position "514 -1289 -127") (victim_position "425 -1290 -127")
L 10/07/2014 - 18:40:48: "Tiny Baby Man<7><BOT><Red>" killed "IvanTheSpaceBiker<3><BOT><Blue>" with "flamethrower" (attacker_position "-147 -1023 -126") (victim_position "-291 -1057 -127")
L 10/07/2014 - 18:40:48: "Grim Bloody Fable<9><BOT><Red>" triggered "kill assist" against "IvanTheSpaceBiker<3><BOT><Blue>" (assister_position "-19 -1017 -126") (attacker_position "-147 -1023 -126") (victim_position "-291 -1057 -127")
L 10/07/2014 - 18:40:48: "IvanTheSpaceBiker<3><BOT><Blue>" changed role to "sniper"
L 10/07/2014 - 18:40:51: "Tiny Baby Man<7><BOT><Red>" stuck (position "-122.87 -1073.49 -123.71") (duration "3.36") L 10/07/2014 - 18:40:51:    path_goal ( "25.00 -1050.00 -126.97" )
L 10/07/2014 - 18:41:03: "Data Warrior<11><[U:1:197468749]><Red>" triggered "medic_death" against "Force of Nature<8><BOT><Blue>" (healing "2555") (ubercharge "0")
L 10/07/2014 - 18:41:03: "Data Warrior<11><[U:1:197468749]><Red>" killed "Force of Nature<8><BOT><Blue>" with "minigun" (attacker_position "-404 -2050 0") (victim_position "-23 -1856 -159")
L 10/07/2014 - 18:41:08: "Tiny Baby Man<7><BOT><Red>" killed "GENTLE MANNE of LEISURE<6><BOT><Blue>" with "world" (attacker_position "464 -1425 -127") (victim_position "574 -1446 -127")
L 10/07/2014 - 18:41:08: "Grim Bloody Fable<9><BOT><Red>" triggered "kill assist" against "GENTLE MANNE of LEISURE<6><BOT><Blue>" (assister_position "385 -1475 -127") (attacker_position "464 -1425 -127") (victim_position "574 -1446 -127")
L 10/07/2014 - 18:41:08: "GENTLE MANNE of LEISURE<6><BOT><Blue>" changed role to "pyro"
L 10/07/2014 - 18:41:12: "Crowbar<2><BOT><Red>" stuck (position "-1119.28 -2291.89 -122.14") (duration "3.58") L 10/07/2014 - 18:41:12:    path_goal ( "-1062.50 -2287.50 -59.72" )
L 10/07/2014 - 18:41:12: "Crowbar<2><BOT><Red>" stuck (position "-1119.52 -2288.75 -96.83") (duration "3.69") L 10/07/2014 - 18:41:12:    path_goal ( "NULL" )
L 10/07/2014 - 18:41:13: "Nom Nom Nom<5><BOT><Red>" triggered "player_builtobject" (object "OBJ_SENTRYGUN") (position "-446 -1920 -156")
L 10/07/2014 - 18:41:21: "Tiny Baby Man<7><BOT><Red>" killed "Cannon Fodder<4><BOT><Blue>" with "flamethrower" (attacker_position "1504 -2199 -127") (victim_position "1478 -2143 -123")
L 10/07/2014 - 18:41:21: "Grim Bloody Fable<9><BOT><Red>" triggered "kill assist" against "Cannon Fodder<4><BOT><Blue>" (assister_position "1634 -2088 -127") (attacker_position "1504 -2199 -127") (victim_position "1478 -2143 -123")
L 10/07/2014 - 18:41:25: "Tiny Baby Man<7><BOT><Red>" killed "splunk> security warrior<10><[U:1:229722400]><Blue>" with "flamethrower" (attacker_position "1204 -1898 -77") (victim_position "1192 -1949 -78")
L 10/07/2014 - 18:41:25: "Grim Bloody Fable<9><BOT><Red>" triggered "kill assist" against "splunk> security warrior<10><[U:1:229722400]><Blue>" (assister_position "1359 -2123 -127") (attacker_position "1204 -1898 -77") (victim_position "1192 -1949 -78")
L 10/07/2014 - 18:41:29: "Crowbar<2><BOT><Red>" killed "IvanTheSpaceBiker<3><BOT><Blue>" with "tf_projectile_pipe" (attacker_position "1037 -2119 -127") (victim_position "1312 -2256 -127")
L 10/07/2014 - 18:41:29: "IvanTheSpaceBiker<3><BOT><Blue>" changed role to "spy"
L 10/07/2014 - 18:41:42: "splunk> security warrior<10><[U:1:229722400]><Blue>" changed role to "pyro"
L 10/07/2014 - 18:41:46: "Tiny Baby Man<7><BOT><Red>" stuck (position "-911.97 -952.00 -42.97") (duration "3.58") L 10/07/2014 - 18:41:46:    path_goal ( "-2025.00 2962.50 -255.97" )
L 10/07/2014 - 18:41:51: "GENTLE MANNE of LEISURE<6><BOT><Blue>" stuck (position "1453.89 851.97 -125.86") (duration "3.67") L 10/07/2014 - 18:41:51:    path_goal ( "1062.50 2150.00 -63.97" )
L 10/07/2014 - 18:41:55: "Cannon Fodder<4><BOT><Blue>" stuck (position "2651.66 -1081.49 0.03") (duration "2.52") L 10/07/2014 - 18:41:55:    path_goal ( "2662.50 -1187.50 0.03" )
L 10/07/2014 - 18:41:58: "GENTLE MANNE of LEISURE<6><BOT><Blue>" stuck (position "1432.01 851.97 -121.35") (duration "3.36") L 10/07/2014 - 18:41:58:    path_goal ( "-1725.00 2900.00 -255.97" )
L 10/07/2014 - 18:42:03: "splunk> security warrior<10><[U:1:229722400]><Blue>" disconnected (reason "Disconnect by user.")
L 10/07/2014 - 18:42:04: "Tiny Baby Man<7><BOT><Red>" killed "Cannon Fodder<4><BOT><Blue>" with "flamethrower" (attacker_position "2580 -904 -106") (victim_position "2559 -685 14")
L 10/07/2014 - 18:42:04: "Grim Bloody Fable<9><BOT><Red>" triggered "kill assist" against "Cannon Fodder<4><BOT><Blue>" (assister_position "2476 -994 -127") (attacker_position "2580 -904 -106") (victim_position "2559 -685 14")
L 10/07/2014 - 18:42:04: "Tiny Baby Man<7><BOT><Red>" triggered "domination" against "Cannon Fodder<4><BOT><Blue>"
L 10/07/2014 - 18:42:09: "Data Warrior<11><[U:1:197468749]><Red>" disconnected (reason "Disconnect by user.")
L 10/07/2014 - 18:42:10: "Grim Bloody Fable<9><BOT><Red>" triggered "player_extinguished" against "Tiny Baby Man<7><BOT><Red>" with "tf_weapon_medigun" (attacker_position "2711 -1115 0") (victim_position "2704 -731 -162")
L 10/07/2014 - 18:42:10: "Force of Nature<8><BOT><Blue>" triggered "player_extinguished" against "GENTLE MANNE of LEISURE<6><BOT><Blue>" with "tf_weapon_medigun" (attacker_position "2611 -392 -190") (victim_position "2664 -816 -141")
L 10/07/2014 - 18:42:11: "Force of Nature<8><BOT><Blue>" triggered "player_extinguished" against "GENTLE MANNE of LEISURE<6><BOT><Blue>" with "tf_weapon_medigun" (attacker_position "2612 -405 -190") (victim_position "2690 -780 -150")
L 10/07/2014 - 18:42:11: "IvanTheSpaceBiker<3><BOT><Blue>" stuck (position "2419.73 -1704.09 -127.97") (duration "3.36") L 10/07/2014 - 18:42:11:    path_goal ( "2515.91 -1675.00 -40.20" )
L 10/07/2014 - 18:42:11: "IvanTheSpaceBiker<3><BOT><Blue>" stuck (position "2423.78 -1716.95 -102.66") (duration "3.47") L 10/07/2014 - 18:42:11:    path_goal ( "2515.91 -1675.00 -40.20" )
L 10/07/2014 - 18:42:11: "Grim Bloody Fable<9><BOT><Red>" triggered "player_extinguished" against "Tiny Baby Man<7><BOT><Red>" with "tf_weapon_medigun" (attacker_position "2711 -1115 0") (victim_position "2648 -757 -156")
L 10/07/2014 - 18:42:12: "Force of Nature<8><BOT><Blue>" triggered "player_extinguished" against "GENTLE MANNE of LEISURE<6><BOT><Blue>" with "tf_weapon_medigun" (attacker_position "2612 -405 -190") (victim_position "2710 -809 -143")
L 10/07/2014 - 18:42:12: "Grim Bloody Fable<9><BOT><Red>" triggered "player_extinguished" against "Tiny Baby Man<7><BOT><Red>" with "tf_weapon_medigun" (attacker_position "2711 -1115 0") (victim_position "2673 -730 -162")
L 10/07/2014 - 18:42:12: "Force of Nature<8><BOT><Blue>" triggered "player_extinguished" against "GENTLE MANNE of LEISURE<6><BOT><Blue>" with "tf_weapon_medigun" (attacker_position "2612 -405 -190") (victim_position "2658 -822 -140")
L 10/07/2014 - 18:42:12: "Tiny Baby Man<7><BOT><Red>" killed "GENTLE MANNE of LEISURE<6><BOT><Blue>" with "flamethrower" (attacker_position "2692 -752 -157") (victim_position "2662 -814 -142")
L 10/07/2014 - 18:42:12: "Grim Bloody Fable<9><BOT><Red>" triggered "kill assist" against "GENTLE MANNE of LEISURE<6><BOT><Blue>" (assister_position "2711 -1115 0") (attacker_position "2692 -752 -157") (victim_position "2662 -814 -142")
L 10/07/2014 - 18:42:12: "GENTLE MANNE of LEISURE<6><BOT><Blue>" changed role to "demoman"
L 10/07/2014 - 18:42:12: "GENTLE MANNE of LEISURE<6><BOT><Blue>" killed "Tiny Baby Man<7><BOT><Red>" with "flamethrower" (attacker_position "2662 -814 -142") (victim_position "2688 -750 -158")
L 10/07/2014 - 18:42:12: "Tiny Baby Man<7><BOT><Red>" changed role to "heavyweapons"
L 10/07/2014 - 18:42:12: "IvanTheSpaceBiker<3><BOT><Blue>" stuck (position "2452.34 -1742.22 -85.18") (duration "4.53") L 10/07/2014 - 18:42:12:    path_goal ( "2325.00 -1750.00 -127.97" )
L 10/07/2014 - 18:42:18: "IvanTheSpaceBiker<3><BOT><Blue>" triggered "medic_death" against "Grim Bloody Fable<9><BOT><Red>" (healing "1280") (ubercharge "0")
L 10/07/2014 - 18:42:18: "IvanTheSpaceBiker<3><BOT><Blue>" killed "Grim Bloody Fable<9><BOT><Red>" with "knife" (customkill "backstab") (attacker_position "1628 -1529 -127") (victim_position "1618 -1481 -127")
L 10/07/2014 - 18:42:21: "Crowbar<2><BOT><Red>" killed "IvanTheSpaceBiker<3><BOT><Blue>" with "tf_projectile_pipe" (attacker_position "1972 -1152 -126") (victim_position "1654 -1446 -124")
L 10/07/2014 - 18:42:21: "IvanTheSpaceBiker<3><BOT><Blue>" changed role to "demoman"
L 10/07/2014 - 18:42:22: "Nom Nom Nom<5><BOT><Red>" triggered "player_builtobject" (object "OBJ_DISPENSER") (position "-443 -1915 -157")
L 10/07/2014 - 18:42:31: "Cannon Fodder<4><BOT><Blue>" killed "Crowbar<2><BOT><Red>" with "scattergun" (attacker_position "1625 -698 -171") (victim_position "1699 -685 -174")
L 10/07/2014 - 18:42:31: "Cannon Fodder<4><BOT><Blue>" triggered "domination" against "Crowbar<2><BOT><Red>"
L 10/07/2014 - 18:42:31: "Crowbar<2><BOT><Red>" changed role to "soldier"
L 10/07/2014 - 18:42:43: "Nom Nom Nom<5><BOT><Red>" triggered "player_builtobject" (object "OBJ_TELEPORTER") (position "-426 -1913 -157")
L 10/07/2014 - 18:42:48: "Grim Bloody Fable<9><BOT><Red>" stuck (position "-1884.26 -1852.86 -159.97") (duration "3.15") L 10/07/2014 - 18:42:48:    path_goal ( "NULL" )
L 10/07/2014 - 18:42:48: "Grim Bloody Fable<9><BOT><Red>" stuck (position "-1868.61 -1852.84 -134.66") (duration "3.26") L 10/07/2014 - 18:42:48:    path_goal ( "NULL" )
L 10/07/2014 - 18:42:51: "Grim Bloody Fable<9><BOT><Red>" stuck (position "-1859.48 -1850.25 -159.97") (duration "3.15") L 10/07/2014 - 18:42:51:    path_goal ( "NULL" )
L 10/07/2014 - 18:42:52: "Grim Bloody Fable<9><BOT><Red>" stuck (position "-1863.80 -1853.35 -134.66") (duration "3.26") L 10/07/2014 - 18:42:52:    path_goal ( "NULL" )
L 10/07/2014 - 18:42:53: "Grim Bloody Fable<9><BOT><Red>" stuck (position "-1849.06 -1878.47 -159.97") (duration "4.30") L 10/07/2014 - 18:42:53:    path_goal ( "NULL" )
