L 10/07/2014 - 13:16:19: Log file started (file "logs/L1007004.log") (game "/home/tf2/hlserver/tf2/tf") (version "2426090")
L 10/07/2014 - 13:16:19: server_cvar: "sv_cheats" "1"
L 10/07/2014 - 13:16:19: "CEDA<2><BOT><>" connected, address "none"
L 10/07/2014 - 13:16:19: "<2><BOT><>" entered the game
L 10/07/2014 - 13:16:19: "CEDA<2><BOT><Unassigned>" joined team "Red"
L 10/07/2014 - 13:16:19: "CEDA<2><BOT><Red>" changed role to "scout"
L 10/07/2014 - 13:16:19: "CEDA<2><BOT><Red>" changed name to "BeepBeepBoop"
L 10/07/2014 - 13:16:19: Sending CMsgGameServerMatchmakingStatus (state=ServerMatchmakingState_NOT_PARTICIPATING)
L 10/07/2014 - 13:16:19: "NotMe<3><BOT><>" connected, address "none"
L 10/07/2014 - 13:16:19: "<3><BOT><>" entered the game
L 10/07/2014 - 13:16:19: "NotMe<3><BOT><Unassigned>" joined team "Blue"
L 10/07/2014 - 13:16:19: "NotMe<3><BOT><Blue>" changed role to "scout"
L 10/07/2014 - 13:16:19: "NotMe<3><BOT><Blue>" changed name to "CreditToTeam"
L 10/07/2014 - 13:16:19: "BoomerBile<4><BOT><>" connected, address "none"
L 10/07/2014 - 13:16:19: "<4><BOT><>" entered the game
L 10/07/2014 - 13:16:19: "BoomerBile<4><BOT><Unassigned>" joined team "Blue"
L 10/07/2014 - 13:16:19: "BoomerBile<4><BOT><Blue>" changed role to "demoman"
L 10/07/2014 - 13:16:19: "BoomerBile<4><BOT><Blue>" changed name to "Someone Else"
L 10/07/2014 - 13:16:19: Connection to Steam servers successful.
L 10/07/2014 - 13:16:19:    Public IP is 68.110.44.24.
L 10/07/2014 - 13:16:19: Assigned anonymous gameserver Steam ID [A:1:408473601:4715].
L 10/07/2014 - 13:16:20: VAC secure mode is activated.
L 10/07/2014 - 13:16:20: "Mann Co.<5><BOT><>" connected, address "none"
L 10/07/2014 - 13:16:20: "<5><BOT><>" entered the game
L 10/07/2014 - 13:16:20: "Mann Co.<5><BOT><Unassigned>" joined team "Red"
L 10/07/2014 - 13:16:20: "Mann Co.<5><BOT><Red>" changed role to "engineer"
L 10/07/2014 - 13:16:20: "Mann Co.<5><BOT><Red>" changed name to "Dog"
L 10/07/2014 - 13:16:20: tf_server_identity_account_id not set; not logging into registered account
L 10/07/2014 - 13:16:20: "Kaboom!<6><BOT><>" connected, address "none"
L 10/07/2014 - 13:16:20: "<6><BOT><>" entered the game
L 10/07/2014 - 13:16:20: "Kaboom!<6><BOT><Unassigned>" joined team "Blue"
L 10/07/2014 - 13:16:20: "Kaboom!<6><BOT><Blue>" changed role to "pyro"
L 10/07/2014 - 13:16:20: "Kaboom!<6><BOT><Blue>" changed name to "AmNot"
L 10/07/2014 - 13:16:20: "0xDEADBEEF<7><BOT><>" connected, address "none"
L 10/07/2014 - 13:16:20: "<7><BOT><>" entered the game
L 10/07/2014 - 13:16:20: "0xDEADBEEF<7><BOT><Unassigned>" joined team "Red"
L 10/07/2014 - 13:16:20: "0xDEADBEEF<7><BOT><Red>" changed role to "pyro"
L 10/07/2014 - 13:16:20: "0xDEADBEEF<7><BOT><Red>" changed name to "HI THERE"
L 10/07/2014 - 13:16:20: "SomeDude<8><BOT><>" connected, address "none"
L 10/07/2014 - 13:16:20: "<8><BOT><>" entered the game
L 10/07/2014 - 13:16:20: "SomeDude<8><BOT><Unassigned>" joined team "Blue"
L 10/07/2014 - 13:16:20: "SomeDude<8><BOT><Blue>" changed role to "medic"
L 10/07/2014 - 13:16:20: "SomeDude<8><BOT><Blue>" changed name to "GLaDOS"
L 10/07/2014 - 13:16:21: "Hostage<9><BOT><>" connected, address "none"
L 10/07/2014 - 13:16:21: "<9><BOT><>" entered the game
L 10/07/2014 - 13:16:21: "Hostage<9><BOT><Unassigned>" joined team "Red"
L 10/07/2014 - 13:16:21: "Hostage<9><BOT><Red>" changed role to "medic"
L 10/07/2014 - 13:16:21: "Hostage<9><BOT><Red>" changed name to "Headful of Eyeballs"
L 10/07/2014 - 13:16:24: server_cvar: "tf_bot_count" "8"
L 10/07/2014 - 13:16:24: server_cvar: "sv_tags" "bots,cp"
L 10/07/2014 - 13:16:26: "Dog<5><BOT><Red>" triggered "player_builtobject" (object "OBJ_TELEPORTER") (position "2490 975 -188")
L 10/07/2014 - 13:16:34: "CreditToTeam<3><BOT><Blue>" stuck (position "-1640.59 1633.47 -255.90") (duration "2.52") L 10/07/2014 - 13:16:34:    path_goal ( "-216.00 2792.00 -247.97" )
L 10/07/2014 - 13:16:37: "CreditToTeam<3><BOT><Blue>" stuck (position "-1627.21 1633.47 -255.89") (duration "2.52") L 10/07/2014 - 13:16:37:    path_goal ( "-216.00 2792.00 -247.97" )
L 10/07/2014 - 13:16:37: "AmNot<6><BOT><Blue>" stuck (position "-1627.66 1633.47 -255.89") (duration "3.36") L 10/07/2014 - 13:16:37:    path_goal ( "-216.00 2792.00 -247.97" )
L 10/07/2014 - 13:16:39: "Someone Else<4><BOT><Blue>" stuck (position "-1627.19 1633.47 -255.89") (duration "3.57") L 10/07/2014 - 13:16:39:    path_goal ( "-216.00 2792.00 -247.97" )
L 10/07/2014 - 13:16:40: "CreditToTeam<3><BOT><Blue>" stuck (position "-1637.11 1633.47 -255.89") (duration "2.52") L 10/07/2014 - 13:16:40:    path_goal ( "-216.00 2792.00 -247.97" )
L 10/07/2014 - 13:16:41: "AmNot<6><BOT><Blue>" stuck (position "-1642.91 1633.47 -255.90") (duration "3.36") L 10/07/2014 - 13:16:41:    path_goal ( "-216.00 2792.00 -247.97" )
L 10/07/2014 - 13:16:42: "CreditToTeam<3><BOT><Blue>" stuck (position "-1627.22 1633.47 -255.89") (duration "2.52") L 10/07/2014 - 13:16:42:    path_goal ( "-216.00 2792.00 -247.97" )
L 10/07/2014 - 13:16:42: "Someone Else<4><BOT><Blue>" stuck (position "-1627.22 1633.47 -255.92") (duration "3.57") L 10/07/2014 - 13:16:42:    path_goal ( "-216.00 2792.00 -247.97" )
L 10/07/2014 - 13:16:44: "AmNot<6><BOT><Blue>" stuck (position "-1627.21 1633.47 -255.89") (duration "3.36") L 10/07/2014 - 13:16:44:    path_goal ( "-216.00 2792.00 -247.97" )
L 10/07/2014 - 13:16:45: "CreditToTeam<3><BOT><Blue>" stuck (position "-1627.21 1633.47 -255.89") (duration "2.52") L 10/07/2014 - 13:16:45:    path_goal ( "-216.00 2792.00 -247.97" )
L 10/07/2014 - 13:16:46: "Someone Else<4><BOT><Blue>" stuck (position "-1641.77 1633.47 -255.91") (duration "3.57") L 10/07/2014 - 13:16:46:    path_goal ( "-216.00 2792.00 -247.97" )
L 10/07/2014 - 13:16:47: "CreditToTeam<3><BOT><Blue>" stuck (position "-1627.22 1633.47 -255.89") (duration "2.52") L 10/07/2014 - 13:16:47:    path_goal ( "-216.00 2792.00 -247.97" )
L 10/07/2014 - 13:16:47: "AmNot<6><BOT><Blue>" stuck (position "-1630.19 1633.47 -255.89") (duration "3.36") L 10/07/2014 - 13:16:47:    path_goal ( "-216.00 2792.00 -247.97" )
L 10/07/2014 - 13:16:49: World triggered "Round_Start"
L 10/07/2014 - 13:16:49: World triggered "Round_Setup_Begin"
L 10/07/2014 - 13:16:49: World triggered "Mini_Round_Selected" (round "round_1")
L 10/07/2014 - 13:16:49: World triggered "Mini_Round_Start"
L 10/07/2014 - 13:17:10: "Dog<5><BOT><Red>" triggered "player_builtobject" (object "OBJ_SENTRYGUN") (position "-78 2329 -285")
L 10/07/2014 - 13:17:40: "Dog<5><BOT><Red>" triggered "player_builtobject" (object "OBJ_DISPENSER") (position "-46 2339 -284")
L 10/07/2014 - 13:17:49: World triggered "Round_Setup_End"
L 10/07/2014 - 13:17:52: "Headful of Eyeballs<9><BOT><Red>" stuck (position "24.83 2713.53 -247.97") (duration "3.17") L 10/07/2014 - 13:17:52:    path_goal ( "-475.00 2650.00 -161.00" )
L 10/07/2014 - 13:17:52: "Headful of Eyeballs<9><BOT><Red>" stuck (position "24.03 2745.41 -222.66") (duration "3.27") L 10/07/2014 - 13:17:52:    path_goal ( "-475.00 2650.00 -161.00" )
L 10/07/2014 - 13:18:03: "Headful of Eyeballs<9><BOT><Red>" stuck (position "36.03 2676.11 -255.97") (duration "3.15") L 10/07/2014 - 13:18:03:    path_goal ( "-475.00 2650.00 -161.00" )
L 10/07/2014 - 13:18:03: "Headful of Eyeballs<9><BOT><Red>" stuck (position "36.03 2686.94 -230.66") (duration "3.25") L 10/07/2014 - 13:18:03:    path_goal ( "-475.00 2650.00 -161.00" )
L 10/07/2014 - 13:18:09: "Headful of Eyeballs<9><BOT><Red>" triggered "chargedeployed"
L 10/07/2014 - 13:18:10: "HI THERE<7><BOT><Red>" killed "CreditToTeam<3><BOT><Blue>" with "flamethrower" (attacker_position "-472 2747 -210") (victim_position "-470 2688 -170")
L 10/07/2014 - 13:18:10: "Headful of Eyeballs<9><BOT><Red>" triggered "kill assist" against "CreditToTeam<3><BOT><Blue>" (assister_position "-377 2821 -247") (attacker_position "-472 2747 -210") (victim_position "-470 2688 -170")
L 10/07/2014 - 13:18:11: "GLaDOS<8><BOT><Blue>" triggered "chargedeployed"
L 10/07/2014 - 13:18:12: "AmNot<6><BOT><Blue>" killed "Dog<5><BOT><Red>" with "flamethrower" (attacker_position "-218 2275 -320") (victim_position "-104 2318 -288")
L 10/07/2014 - 13:18:12: "GLaDOS<8><BOT><Blue>" triggered "kill assist" against "Dog<5><BOT><Red>" (assister_position "-599 2233 -412") (attacker_position "-218 2275 -320") (victim_position "-104 2318 -288")
L 10/07/2014 - 13:18:13: "AmNot<6><BOT><Blue>" triggered "killedobject" (object "OBJ_SENTRYGUN") (weapon "flamethrower") (objectowner "Dog<5><BOT><Red>") (attacker_position "-295 2203 -415")
L 10/07/2014 - 13:18:13: "GLaDOS<8><BOT><Blue>" triggered "killedobject" (object "OBJ_SENTRYGUN") (objectowner "Dog<5><BOT><Red>") (assist "1") (assister_position "-478 2186 -362") (attacker_position "-295 2203 -415")
L 10/07/2014 - 13:18:17: "AmNot<6><BOT><Blue>" triggered "killedobject" (object "OBJ_DISPENSER") (weapon "flamethrower") (objectowner "Dog<5><BOT><Red>") (attacker_position "25 2274 -274")
L 10/07/2014 - 13:18:17: "GLaDOS<8><BOT><Blue>" triggered "killedobject" (object "OBJ_DISPENSER") (objectowner "Dog<5><BOT><Red>") (assist "1") (assister_position "24 2132 -286") (attacker_position "25 2274 -274")
L 10/07/2014 - 13:18:17: "BeepBeepBoop<2><BOT><Red>" killed "Someone Else<4><BOT><Blue>" with "pistol_scout" (attacker_position "761 2602 -255") (victim_position "558 2553 -254")
L 10/07/2014 - 13:18:17: "HI THERE<7><BOT><Red>" triggered "kill assist" against "Someone Else<4><BOT><Blue>" (assister_position "33 2223 -272") (attacker_position "761 2602 -255") (victim_position "558 2553 -254")
L 10/07/2014 - 13:18:17: "Someone Else<4><BOT><Blue>" changed role to "pyro"
L 10/07/2014 - 13:18:21: "confc.5.redflux<10><[U:1:197305319]><>" connected, address "192.168.1.106:27005"
L 10/07/2014 - 13:18:21: "confc.5.redflux<10><[U:1:197305319]><>" STEAM USERID validated
L 10/07/2014 - 13:18:23: "HI THERE<7><BOT><Red>" triggered "medic_death" against "GLaDOS<8><BOT><Blue>" (healing "356") (ubercharge "0")
L 10/07/2014 - 13:18:23: "HI THERE<7><BOT><Red>" killed "GLaDOS<8><BOT><Blue>" with "flamethrower" (attacker_position "-261 2202 -318") (victim_position "-475 2146 -415")
L 10/07/2014 - 13:18:23: "Headful of Eyeballs<9><BOT><Red>" triggered "kill assist" against "GLaDOS<8><BOT><Blue>" (assister_position "-585 2297 -390") (attacker_position "-261 2202 -318") (victim_position "-475 2146 -415")
L 10/07/2014 - 13:18:24: "Headful of Eyeballs<9><BOT><Red>" triggered "player_extinguished" against "HI THERE<7><BOT><Red>" with "tf_weapon_medigun" (attacker_position "-444 2259 -363") (victim_position "-267 2134 -415")
L 10/07/2014 - 13:18:24: "Headful of Eyeballs<9><BOT><Red>" triggered "player_extinguished" against "HI THERE<7><BOT><Red>" with "tf_weapon_medigun" (attacker_position "-363 2249 -347") (victim_position "-257 2148 -415")
L 10/07/2014 - 13:18:24: "confc.5.redflux<10><[U:1:197305319]><>" entered the game
L 10/07/2014 - 13:18:25: "Headful of Eyeballs<9><BOT><Red>" triggered "player_extinguished" against "HI THERE<7><BOT><Red>" with "tf_weapon_medigun" (attacker_position "-525 2215 -357") (victim_position "-216 2220 -415")
L 10/07/2014 - 13:18:25: "Headful of Eyeballs<9><BOT><Red>" triggered "player_extinguished" against "HI THERE<7><BOT><Red>" with "tf_weapon_medigun" (attacker_position "-645 2158 -415") (victim_position "-259 2087 -413")
L 10/07/2014 - 13:18:26: "AmNot<6><BOT><Blue>" killed "HI THERE<7><BOT><Red>" with "flamethrower" (attacker_position "-474 1996 -369") (victim_position "-366 2059 -415")
L 10/07/2014 - 13:18:26: "HI THERE<7><BOT><Red>" changed role to "heavyweapons"
L 10/07/2014 - 13:18:28: "Headful of Eyeballs<9><BOT><Red>" killed "AmNot<6><BOT><Blue>" with "syringegun_medic" (attacker_position "-245 2301 -325") (victim_position "-533 2320 -380")
L 10/07/2014 - 13:18:28: "BeepBeepBoop<2><BOT><Red>" triggered "kill assist" against "AmNot<6><BOT><Blue>" (assister_position "-10 2373 -274") (attacker_position "-245 2301 -325") (victim_position "-533 2320 -380")
L 10/07/2014 - 13:18:28: "AmNot<6><BOT><Blue>" changed role to "demoman"
L 10/07/2014 - 13:18:30: "splunk> All Batbelt, No tights<11><[U:1:197367651]><>" connected, address "192.168.1.104:27005"
L 10/07/2014 - 13:18:31: "splunk> All Batbelt, No tights<11><[U:1:197367651]><>" STEAM USERID validated
L 10/07/2014 - 13:18:33: "Dog<5><BOT><Red>" triggered "player_builtobject" (object "OBJ_TELEPORTER") (position "2373 1031 -196")
L 10/07/2014 - 13:18:34: "splunk> All Batbelt, No tights<11><[U:1:197367651]><>" entered the game
L 10/07/2014 - 13:18:43: "CreditToTeam<3><BOT><Blue>" stuck (position "-318.92 2528.03 -119.82") (duration "2.65") L 10/07/2014 - 13:18:43:    path_goal ( "-362.50 2475.00 -136.88" )
L 10/07/2014 - 13:18:46: "CreditToTeam<3><BOT><Blue>" stuck (position "-300.41 2437.42 -139.97") (duration "2.62") L 10/07/2014 - 13:18:46:    path_goal ( "-300.41 2315.00 -139.97" )
L 10/07/2014 - 13:18:48: "CreditToTeam<3><BOT><Blue>" triggered "medic_death" against "Headful of Eyeballs<9><BOT><Red>" (healing "678") (ubercharge "0")
L 10/07/2014 - 13:18:48: "CreditToTeam<3><BOT><Blue>" killed "Headful of Eyeballs<9><BOT><Red>" with "pistol_scout" (attacker_position "236 2527 -255") (victim_position "219 2210 -256")
L 10/07/2014 - 13:18:48: "Someone Else<4><BOT><Blue>" triggered "kill assist" against "Headful of Eyeballs<9><BOT><Red>" (assister_position "-618 2551 -255") (attacker_position "236 2527 -255") (victim_position "219 2210 -256")
L 10/07/2014 - 13:18:52: "splunk> All Batbelt, No tights<11><[U:1:197367651]><Unassigned>" joined team "Spectator"
L 10/07/2014 - 13:19:07: "BeepBeepBoop<2><BOT><Red>" killed "CreditToTeam<3><BOT><Blue>" with "pistol_scout" (attacker_position "-151 2788 -240") (victim_position "-103 2741 -244")
L 10/07/2014 - 13:19:08: "HI THERE<7><BOT><Red>" killed "Someone Else<4><BOT><Blue>" with "minigun" (attacker_position "876 2478 -251") (victim_position "1036 2230 -253")
L 10/07/2014 - 13:19:08: "Someone Else<4><BOT><Blue>" changed role to "soldier"
L 10/07/2014 - 13:19:09: "Buttercup<12><[U:1:197287110]><>" connected, address "192.168.1.107:27005"
L 10/07/2014 - 13:19:09: "Buttercup<12><[U:1:197287110]><>" STEAM USERID validated
L 10/07/2014 - 13:19:11: "Dog<5><BOT><Red>" triggered "player_builtobject" (object "OBJ_SENTRYGUN") (position "-114 1704 -256")
L 10/07/2014 - 13:19:12: "Buttercup<12><[U:1:197287110]><>" entered the game
L 10/07/2014 - 13:19:15: "AmNot<6><BOT><Blue>" stuck (position "-1860.22 1371.33 -265.59") (duration "4.62") L 10/07/2014 - 13:19:15:    path_goal ( "-1825.00 262.50 -63.97" )
L 10/07/2014 - 13:19:15: "HI THERE<7><BOT><Red>" triggered "medic_death" against "GLaDOS<8><BOT><Blue>" (healing "73") (ubercharge "0")
L 10/07/2014 - 13:19:15: "HI THERE<7><BOT><Red>" killed "GLaDOS<8><BOT><Blue>" with "minigun" (attacker_position "-127 2586 -247") (victim_position "-66 1712 -255")
L 10/07/2014 - 13:19:15: "BeepBeepBoop<2><BOT><Red>" triggered "kill assist" against "GLaDOS<8><BOT><Blue>" (assister_position "-212 2889 -240") (attacker_position "-127 2586 -247") (victim_position "-66 1712 -255")
L 10/07/2014 - 13:19:17: "Splunk Ninja<13><[U:1:197422767]><>" connected, address "192.168.1.115:27005"
L 10/07/2014 - 13:19:17: "Splunk Ninja<13><[U:1:197422767]><>" STEAM USERID validated
L 10/07/2014 - 13:19:19: "Headful of Eyeballs<9><BOT><Red>" stuck (position "2395.85 1003.11 -192.38") (duration "3.15") L 10/07/2014 - 13:19:19:    path_goal ( "2375.00 975.00 -191.97" )
L 10/07/2014 - 13:19:19: "Headful of Eyeballs<9><BOT><Red>" stuck (position "2406.22 1002.36 -167.08") (duration "3.26") L 10/07/2014 - 13:19:19:    path_goal ( "2375.00 975.00 -191.97" )
L 10/07/2014 - 13:19:20: "Splunk Ninja<13><[U:1:197422767]><>" entered the game
L 10/07/2014 - 13:19:26: "WhatTheSplunk?<14><[U:1:197468749]><>" connected, address "192.168.1.109:27005"
L 10/07/2014 - 13:19:26: "WhatTheSplunk?<14><[U:1:197468749]><>" STEAM USERID validated
L 10/07/2014 - 13:19:29: "WhatTheSplunk?<14><[U:1:197468749]><>" entered the game
L 10/07/2014 - 13:19:31: "Splunk> Take the sh out of IT<15><[U:1:197388838]><>" connected, address "192.168.1.114:27005"
L 10/07/2014 - 13:19:31: "Splunk> Take the sh out of IT<15><[U:1:197388838]><>" STEAM USERID validated
L 10/07/2014 - 13:19:34: "Splunk> Take the sh out of IT<15><[U:1:197388838]><>" entered the game
L 10/07/2014 - 13:19:35: "hobbes3<16><[U:1:229722400]><>" connected, address "192.168.1.113:27005"
L 10/07/2014 - 13:19:35: "hobbes3<16><[U:1:229722400]><>" STEAM USERID validated
L 10/07/2014 - 13:19:38: "hobbes3<16><[U:1:229722400]><>" entered the game
L 10/07/2014 - 13:19:42: "splunk> cloud control<17><[U:1:197388939]><>" connected, address "192.168.1.112:27005"
L 10/07/2014 - 13:19:42: "splunk> cloud control<17><[U:1:197388939]><>" STEAM USERID validated
L 10/07/2014 - 13:19:45: "splunk> cloud control<17><[U:1:197388939]><>" entered the game
L 10/07/2014 - 13:19:47: "splunk> I'm too ESXi<18><[U:1:197340902]><>" connected, address "192.168.1.101:27005"
L 10/07/2014 - 13:19:47: "splunk> I'm too ESXi<18><[U:1:197340902]><>" STEAM USERID validated
L 10/07/2014 - 13:19:48: "HI THERE<7><BOT><Red>" killed "AmNot<6><BOT><Blue>" with "minigun" (attacker_position "111 1825 -273") (victim_position "-1423 2031 -246")
L 10/07/2014 - 13:19:48: "Dog<5><BOT><Red>" triggered "kill assist" against "AmNot<6><BOT><Blue>" (assister_position "-49 1797 -280") (attacker_position "111 1825 -273") (victim_position "-1423 2031 -246")
L 10/07/2014 - 13:19:50: "splunk> I'm too ESXi<18><[U:1:197340902]><>" entered the game
L 10/07/2014 - 13:19:54: "Data Wizard<19><[U:1:197413154]><>" connected, address "192.168.1.116:27005"
L 10/07/2014 - 13:19:54: "Data Wizard<19><[U:1:197413154]><>" STEAM USERID validated
L 10/07/2014 - 13:19:58: "Data Wizard<19><[U:1:197413154]><>" entered the game
L 10/07/2014 - 13:19:58: "Don't stats me bro!<20><[U:1:197330785]><>" connected, address "192.168.1.103:27005"
L 10/07/2014 - 13:19:58: "Don't stats me bro!<20><[U:1:197330785]><>" STEAM USERID validated
L 10/07/2014 - 13:20:06: "Splunk> | bombs FTW<21><[U:1:197298622]><>" connected, address "192.168.1.108:27005"
L 10/07/2014 - 13:20:06: "Splunk> | bombs FTW<21><[U:1:197298622]><>" STEAM USERID validated
L 10/07/2014 - 13:20:07: "Don't stats me bro!<20><[U:1:197330785]><>" entered the game
L 10/07/2014 - 13:20:10: "Splunk> | bombs FTW<21><[U:1:197298622]><>" entered the game
L 10/07/2014 - 13:20:17: "Developers^4<22><[U:1:197323815]><>" connected, address "192.168.1.102:27005"
L 10/07/2014 - 13:20:18: "Developers^4<22><[U:1:197323815]><>" STEAM USERID validated
L 10/07/2014 - 13:20:22: "confc.5.redflux<10><[U:1:197305319]><Unassigned>" joined team "Spectator"
L 10/07/2014 - 13:20:23: "Someone Else<4><BOT><Blue>" stuck (position "-2305.31 1368.03 -293.65") (duration "4.31") L 10/07/2014 - 13:20:23:    path_goal ( "-2200.00 350.00 -63.97" )
L 10/07/2014 - 13:20:28: "splunk hax0r<23><[U:1:197368576]><>" connected, address "192.168.1.105:27005"
L 10/07/2014 - 13:20:28: "splunk hax0r<23><[U:1:197368576]><>" STEAM USERID validated
L 10/07/2014 - 13:20:29: "Developers^4<22><[U:1:197323815]><>" entered the game
L 10/07/2014 - 13:20:30: "BeepBeepBoop<2><BOT><Red>" killed "AmNot<6><BOT><Blue>" with "pistol_scout" (attacker_position "-18 2034 -316") (victim_position "-925 2317 -415")
L 10/07/2014 - 13:20:30: "HI THERE<7><BOT><Red>" triggered "kill assist" against "AmNot<6><BOT><Blue>" (assister_position "126 2078 -280") (attacker_position "-18 2034 -316") (victim_position "-925 2317 -415")
L 10/07/2014 - 13:20:30: "AmNot<6><BOT><Blue>" triggered "medic_death" against "Headful of Eyeballs<9><BOT><Red>" (healing "650") (ubercharge "0")
L 10/07/2014 - 13:20:30: "AmNot<6><BOT><Blue>" killed "Headful of Eyeballs<9><BOT><Red>" with "tf_projectile_pipe" (attacker_position "-925 2317 -327") (victim_position "-74 1848 -300")
L 10/07/2014 - 13:20:37: "Developers^4<22><[U:1:197323815]><Unassigned>" joined team "Spectator"
L 10/07/2014 - 13:20:38: "splunk hax0r<23><[U:1:197368576]><>" entered the game
L 10/07/2014 - 13:20:42: "Buttercup<12><[U:1:197287110]><Unassigned>" joined team "Spectator"
L 10/07/2014 - 13:20:49: "CreditToTeam<3><BOT><Blue>" stuck (position "-1524.82 2695.84 -228.80") (duration "2.62") L 10/07/2014 - 13:20:49:    path_goal ( "NULL" )
L 10/07/2014 - 13:20:49: "CreditToTeam<3><BOT><Blue>" stuck (position "-1505.81 2714.77 -203.49") (duration "2.73") L 10/07/2014 - 13:20:49:    path_goal ( "NULL" )
L 10/07/2014 - 13:20:50: "CreditToTeam<3><BOT><Blue>" stuck (position "-1519.72 2682.07 -228.81") (duration "0.95") L 10/07/2014 - 13:20:50:    path_goal ( "NULL" )
L 10/07/2014 - 13:20:50: Team "Blue" triggered "pointcaptured" (cp "0") (cpname "#Dustbowl_cap_1_A") (numcappers "1") (player1 "Someone Else<4><BOT><Blue>") (position1 "-226 2876 -240") 
L 10/07/2014 - 13:20:51: "CreditToTeam<3><BOT><Blue>" stuck (position "-1548.08 2661.14 -228.78") (duration "0.95") L 10/07/2014 - 13:20:51:    path_goal ( "-1512.50 2662.50 -240.59" )
L 10/07/2014 - 13:20:52: "CreditToTeam<3><BOT><Blue>" stuck (position "-1529.82 2673.29 -228.80") (duration "1.99") L 10/07/2014 - 13:20:52:    path_goal ( "-1512.50 2662.50 -240.59" )
L 10/07/2014 - 13:20:53: "CreditToTeam<3><BOT><Blue>" stuck (position "-1510.29 2702.69 -229.74") (duration "3.06") L 10/07/2014 - 13:20:53:    path_goal ( "-1437.50 2737.50 -245.71" )
L 10/07/2014 - 13:20:54: "Splunk Ninja<13><[U:1:197422767]><Unassigned>" joined team "Spectator"
L 10/07/2014 - 13:21:10: "Data Wizard<19><[U:1:197413154]><Unassigned>" joined team "Spectator"
L 10/07/2014 - 13:21:11: "AmNot<6><BOT><Blue>" triggered "killedobject" (object "OBJ_SENTRYGUN") (weapon "tf_projectile_pipe_remote") (objectowner "Dog<5><BOT><Red>") (attacker_position "-924 2237 -415")
L 10/07/2014 - 13:21:14: "AmNot<6><BOT><Blue>" killed "Dog<5><BOT><Red>" with "tf_projectile_pipe" (attacker_position "-237 2155 -414") (victim_position "267 2464 -255")
L 10/07/2014 - 13:21:16: "Don't stats me bro!<20><[U:1:197330785]><Unassigned>" joined team "Spectator"
L 10/07/2014 - 13:21:20: "BeepBeepBoop<2><BOT><Red>" stuck (position "1436.88 681.35 -108.13") (duration "2.52") L 10/07/2014 - 13:21:20:    path_goal ( "525.00 -312.50 0.03" )
L 10/07/2014 - 13:21:23: "Splunk> | bombs FTW<21><[U:1:197298622]><Unassigned>" joined team "Spectator"
L 10/07/2014 - 13:21:30: "splunk> I'm too ESXi<18><[U:1:197340902]><Unassigned>" joined team "Spectator"
L 10/07/2014 - 13:21:35: "splunk> cloud control<17><[U:1:197388939]><Unassigned>" joined team "Spectator"
L 10/07/2014 - 13:21:36: "Dog<5><BOT><Red>" stuck (position "2364.06 1002.36 -192.28") (duration "3.36") L 10/07/2014 - 13:21:36:    path_goal ( "2375.00 975.00 -191.97" )
L 10/07/2014 - 13:21:36: "Dog<5><BOT><Red>" stuck (position "2368.43 1002.36 -166.98") (duration "3.46") L 10/07/2014 - 13:21:36:    path_goal ( "2375.00 975.00 -191.97" )
L 10/07/2014 - 13:21:37: "Dog<5><BOT><Red>" stuck (position "2364.62 1002.36 -192.28") (duration "0.52") L 10/07/2014 - 13:21:37:    path_goal ( "2375.00 975.00 -191.97" )
L 10/07/2014 - 13:21:38: "Dog<5><BOT><Red>" stuck (position "2385.39 1005.61 -192.72") (duration "0.42") L 10/07/2014 - 13:21:38:    path_goal ( "2375.00 975.00 -191.97" )
L 10/07/2014 - 13:21:39: "Dog<5><BOT><Red>" stuck (position "2375.03 1002.36 -192.28") (duration "1.47") L 10/07/2014 - 13:21:39:    path_goal ( "2381.23 975.00 -191.97" )
L 10/07/2014 - 13:21:40: "BeepBeepBoop<2><BOT><Red>" stuck (position "1960.02 2614.78 -191.97") (duration "2.52") L 10/07/2014 - 13:21:40:    path_goal ( "1600.00 2381.04 -206.04" )
L 10/07/2014 - 13:21:40: "HI THERE<7><BOT><Red>" killed "AmNot<6><BOT><Blue>" with "minigun" (attacker_position "1005 2391 -253") (victim_position "1342 2348 -250")
L 10/07/2014 - 13:21:40: "AmNot<6><BOT><Blue>" changed role to "soldier"
L 10/07/2014 - 13:21:40: "Dog<5><BOT><Red>" stuck (position "2451.92 989.64 -188.47") (duration "0.42") L 10/07/2014 - 13:21:40:    path_goal ( "2411.74 950.00 -191.97" )
L 10/07/2014 - 13:21:41: "Dog<5><BOT><Red>" stuck (position "2419.09 946.22 -188.47") (duration "1.47") L 10/07/2014 - 13:21:41:    path_goal ( "2350.00 940.15 -191.97" )
L 10/07/2014 - 13:21:43: "Dog<5><BOT><Red>" stuck (position "2431.48 958.71 -188.47") (duration "0.52") L 10/07/2014 - 13:21:43:    path_goal ( "2350.00 950.00 -191.97" )
L 10/07/2014 - 13:21:44: "Dog<5><BOT><Red>" stuck (position "2446.19 873.95 -191.97") (duration "0.31") L 10/07/2014 - 13:21:44:    path_goal ( "2350.00 950.00 -191.97" )
L 10/07/2014 - 13:21:48: "WhatTheSplunk?<14><[U:1:197468749]><Unassigned>" joined team "Blue"
L 10/07/2014 - 13:21:50: "confc.5.redflux<10><[U:1:197305319]><Spectator>" disconnected (reason "Disconnect by user.")
L 10/07/2014 - 13:21:51: "Dog<5><BOT><Red>" triggered "player_builtobject" (object "OBJ_SENTRYGUN") (position "2085 2512 -186")
L 10/07/2014 - 13:21:52: "Splunk> Take the sh out of IT<15><[U:1:197388838]><Unassigned>" joined team "Spectator"
L 10/07/2014 - 13:21:58: "WhatTheSplunk?<14><[U:1:197468749]><Blue>" changed role to "sniper"
L 10/07/2014 - 13:22:01: "BeepBeepBoop<2><BOT><Red>" killed "CreditToTeam<3><BOT><Blue>" with "scattergun" (attacker_position "831 1919 -255") (victim_position "603 2149 -256")
L 10/07/2014 - 13:22:01: "Dog<5><BOT><Red>" triggered "kill assist" against "CreditToTeam<3><BOT><Blue>" (assister_position "1872 2638 -191") (attacker_position "831 1919 -255") (victim_position "603 2149 -256")
L 10/07/2014 - 13:22:16: "BeepBeepBoop<2><BOT><Red>" stuck (position "-1687.42 1679.53 -255.92") (duration "2.52") L 10/07/2014 - 13:22:16:    path_goal ( "-1862.50 -1275.00 -63.97" )
L 10/07/2014 - 13:22:17: "HI THERE<7><BOT><Red>" killed "AmNot<6><BOT><Blue>" with "minigun" (attacker_position "-1623 2043 -238") (victim_position "-1653 2950 -255")
L 10/07/2014 - 13:22:17: "Headful of Eyeballs<9><BOT><Red>" triggered "kill assist" against "AmNot<6><BOT><Blue>" (assister_position "-1647 1790 -255") (attacker_position "-1623 2043 -238") (victim_position "-1653 2950 -255")
L 10/07/2014 - 13:22:17: "HI THERE<7><BOT><Red>" triggered "domination" against "AmNot<6><BOT><Blue>"
L 10/07/2014 - 13:22:17: "AmNot<6><BOT><Blue>" changed role to "scout"
L 10/07/2014 - 13:22:38: "BeepBeepBoop<2><BOT><Red>" stuck (position "2363.98 2660.72 -159.97") (duration "2.52") L 10/07/2014 - 13:22:38:    path_goal ( "2375.00 2690.99 -159.97" )
L 10/07/2014 - 13:22:42: "Dog<5><BOT><Red>" killed "CreditToTeam<3><BOT><Blue>" with "obj_sentrygun" (attacker_position "1020 2430 -253") (victim_position "1137 2425 -260")
L 10/07/2014 - 13:22:42: "CreditToTeam<3><BOT><Blue>" changed role to "demoman"
L 10/07/2014 - 13:23:09: "AmNot<6><BOT><Blue>" stuck (position "1977.42 2701.24 -191.97") (duration "2.52") L 10/07/2014 - 13:23:09:    path_goal ( "1775.00 2701.24 -191.97" )
L 10/07/2014 - 13:23:10: "AmNot<6><BOT><Blue>" stuck (position "1977.42 2706.45 -166.66") (duration "2.62") L 10/07/2014 - 13:23:10:    path_goal ( "1775.00 2701.24 -191.97" )
L 10/07/2014 - 13:23:10: "AmNot<6><BOT><Blue>" killed "Dog<5><BOT><Red>" with "pistol_scout" (attacker_position "1976 2708 -163") (victim_position "1928 2686 -191")
L 10/07/2014 - 13:23:11: "HI THERE<7><BOT><Red>" killed "AmNot<6><BOT><Blue>" with "minigun" (attacker_position "2257 2551 -143") (victim_position "1972 2723 -191")
L 10/07/2014 - 13:23:20: "Chief Data Wrangler<24><[U:1:197363721]><>" connected, address "192.168.1.111:27005"
L 10/07/2014 - 13:23:20: "Chief Data Wrangler<24><[U:1:197363721]><>" STEAM USERID validated
L 10/07/2014 - 13:23:24: "Chief Data Wrangler<24><[U:1:197363721]><>" entered the game
L 10/07/2014 - 13:23:25: "BeepBeepBoop<2><BOT><Red>" killed "WhatTheSplunk?<14><[U:1:197468749]><Blue>" with "scattergun" (attacker_position "2184 1687 -191") (victim_position "762 2611 -255")
L 10/07/2014 - 13:23:29: "Chief Data Wrangler<24><[U:1:197363721]><Unassigned>" joined team "Spectator"
L 10/07/2014 - 13:23:34: "BeepBeepBoop<2><BOT><Red>" stuck (position "2209.50 1651.11 -191.97") (duration "2.83") L 10/07/2014 - 13:23:34:    path_goal ( "2175.00 1637.50 -193.96" )
L 10/07/2014 - 13:23:40: "splunk hax0r<23><[U:1:197368576]><Unassigned>" joined team "Spectator"
L 10/07/2014 - 13:23:52: "GLaDOS<8><BOT><Blue>" triggered "chargedeployed"
L 10/07/2014 - 13:23:55: "CreditToTeam<3><BOT><Blue>" triggered "killedobject" (object "OBJ_SENTRYGUN") (weapon "tf_projectile_pipe_remote") (objectowner "Dog<5><BOT><Red>") (attacker_position "1245 1991 -63")
L 10/07/2014 - 13:24:00: "AmNot<6><BOT><Blue>" stuck (position "789.97 1657.95 -183.97") (duration "2.62") L 10/07/2014 - 13:24:00:    path_goal ( "825.00 1675.00 -63.97" )
L 10/07/2014 - 13:24:00: "AmNot<6><BOT><Blue>" stuck (position "782.14 1631.77 -153.05") (duration "2.76") L 10/07/2014 - 13:24:00:    path_goal ( "NULL" )
L 10/07/2014 - 13:24:02: "HI THERE<7><BOT><Red>" triggered "medic_death" against "GLaDOS<8><BOT><Blue>" (healing "961") (ubercharge "0")
L 10/07/2014 - 13:24:02: "HI THERE<7><BOT><Red>" killed "GLaDOS<8><BOT><Blue>" with "minigun" (attacker_position "2063 2365 -154") (victim_position "1671 2360 -205")
L 10/07/2014 - 13:24:02: "Headful of Eyeballs<9><BOT><Red>" triggered "kill assist" against "GLaDOS<8><BOT><Blue>" (assister_position "2163 2429 -143") (attacker_position "2063 2365 -154") (victim_position "1671 2360 -205")
L 10/07/2014 - 13:24:04: "HI THERE<7><BOT><Red>" killed "Someone Else<4><BOT><Blue>" with "minigun" (attacker_position "2003 2213 -200") (victim_position "1766 1921 -191")
L 10/07/2014 - 13:24:04: "Headful of Eyeballs<9><BOT><Red>" triggered "kill assist" against "Someone Else<4><BOT><Blue>" (assister_position "2027 2317 -173") (attacker_position "2003 2213 -200") (victim_position "1766 1921 -191")
L 10/07/2014 - 13:24:04: "Someone Else<4><BOT><Blue>" changed role to "engineer"
L 10/07/2014 - 13:24:09: "Dog<5><BOT><Red>" triggered "player_builtobject" (object "OBJ_SENTRYGUN") (position "2080 2055 -203")
L 10/07/2014 - 13:24:15: "BeepBeepBoop<2><BOT><Red>" stuck (position "2012.64 2474.27 -194.82") (duration "2.62") L 10/07/2014 - 13:24:15:    path_goal ( "2025.00 2475.00 -196.16" )
L 10/07/2014 - 13:24:26: "Someone Else<4><BOT><Blue>" triggered "player_builtobject" (object "OBJ_TELEPORTER") (position "-2183 2934 -255")
L 10/07/2014 - 13:24:26: "GLaDOS<8><BOT><Blue>" stuck (position "-3161.78 2690.05 -453.54") (duration "3.15") L 10/07/2014 - 13:24:26:    path_goal ( "NULL" )
L 10/07/2014 - 13:24:27: "GLaDOS<8><BOT><Blue>" stuck (position "-3158.62 2706.93 -428.24") (duration "3.26") L 10/07/2014 - 13:24:27:    path_goal ( "NULL" )
L 10/07/2014 - 13:24:28: "GLaDOS<8><BOT><Blue>" stuck (position "-3152.45 2703.70 -455.02") (duration "4.30") L 10/07/2014 - 13:24:28:    path_goal ( "NULL" )
L 10/07/2014 - 13:24:29: "GLaDOS<8><BOT><Blue>" stuck (position "-3156.71 2715.42 -455.60") (duration "5.36") L 10/07/2014 - 13:24:29:    path_goal ( "NULL" )
L 10/07/2014 - 13:24:30: "GLaDOS<8><BOT><Blue>" stuck (position "-3151.15 2714.96 -455.89") (duration "6.40") L 10/07/2014 - 13:24:30:    path_goal ( "NULL" )
L 10/07/2014 - 13:24:31: "GLaDOS<8><BOT><Blue>" stuck (position "-3147.42 2712.05 -455.84") (duration "7.46") L 10/07/2014 - 13:24:31:    path_goal ( "NULL" )
L 10/07/2014 - 13:24:31: "Dog<5><BOT><Red>" killed "AmNot<6><BOT><Blue>" with "obj_sentrygun" (attacker_position "1948 2357 -199") (victim_position "1052 2439 -254")
L 10/07/2014 - 13:24:31: "HI THERE<7><BOT><Red>" triggered "kill assist" against "AmNot<6><BOT><Blue>" (assister_position "2028 2340 -171") (attacker_position "1948 2357 -199") (victim_position "1052 2439 -254")
L 10/07/2014 - 13:24:32: "GLaDOS<8><BOT><Blue>" stuck (position "-3144.82 2705.96 -455.53") (duration "8.52") L 10/07/2014 - 13:24:32:    path_goal ( "NULL" )
L 10/07/2014 - 13:24:33: "GLaDOS<8><BOT><Blue>" stuck (position "-3152.36 2719.49 -456.14") (duration "9.61") L 10/07/2014 - 13:24:33:    path_goal ( "NULL" )
L 10/07/2014 - 13:24:34: "GLaDOS<8><BOT><Blue>" stuck (position "-3150.12 2716.40 -456.03") (duration "10.67") L 10/07/2014 - 13:24:34:    path_goal ( "NULL" )
L 10/07/2014 - 13:24:35: "GLaDOS<8><BOT><Blue>" stuck (position "-3148.26 2715.00 -456.02") (duration "11.71") L 10/07/2014 - 13:24:35:    path_goal ( "NULL" )
L 10/07/2014 - 13:24:42: "BeepBeepBoop<2><BOT><Red>" killed "CreditToTeam<3><BOT><Blue>" with "pistol_scout" (attacker_position "2343 1662 -191") (victim_position "710 2611 -255")
L 10/07/2014 - 13:24:50: "hobbes3<16><[U:1:229722400]><Unassigned>" changed name to "splunk> security warrior"
L 10/07/2014 - 13:24:51: "GLaDOS<8><BOT><Blue>" stuck (position "-3152.12 2723.39 -456.41") (duration "0.10") L 10/07/2014 - 13:24:51:    path_goal ( "-2700.00 2725.00 -463.36" )
L 10/07/2014 - 13:24:52: "GLaDOS<8><BOT><Blue>" stuck (position "-3098.59 2726.72 -458.66") (duration "1.15") L 10/07/2014 - 13:24:52:    path_goal ( "-2700.00 2725.00 -463.36" )
L 10/07/2014 - 13:24:56: "splunk> security warrior<16><[U:1:229722400]><Unassigned>" joined team "Spectator"
L 10/07/2014 - 13:24:58: "Dog<5><BOT><Red>" killed "WhatTheSplunk?<14><[U:1:197468749]><Blue>" with "obj_sentrygun" (attacker_position "1991 2075 -206") (victim_position "1740 2735 -154")
L 10/07/2014 - 13:24:58: "HI THERE<7><BOT><Red>" triggered "kill assist" against "WhatTheSplunk?<14><[U:1:197468749]><Blue>" (assister_position "1959 2318 -198") (attacker_position "1991 2075 -206") (victim_position "1740 2735 -154")
L 10/07/2014 - 13:25:04: "Someone Else<4><BOT><Blue>" triggered "player_builtobject" (object "OBJ_TELEPORTER") (position "392 2476 -255")
L 10/07/2014 - 13:25:16: "WhatTheSplunk?<14><[U:1:197468749]><Blue>" disconnected (reason "Disconnect by user.")
L 10/07/2014 - 13:25:31: "Dog<5><BOT><Red>" triggered "medic_death" against "GLaDOS<8><BOT><Blue>" (healing "190") (ubercharge "0")
L 10/07/2014 - 13:25:31: "Dog<5><BOT><Red>" killed "GLaDOS<8><BOT><Blue>" with "obj_sentrygun" (attacker_position "2000 2072 -206") (victim_position "1767 2530 -192")
L 10/07/2014 - 13:25:31: "Dog<5><BOT><Red>" killed "AmNot<6><BOT><Blue>" with "obj_sentrygun" (attacker_position "2000 2072 -206") (victim_position "1383 2202 -240")
L 10/07/2014 - 13:25:40: "BeepBeepBoop<2><BOT><Red>" triggered "captureblocked" (cp "1") (cpname "#Dustbowl_cap_1_B") (position "2274 2428 -136")
L 10/07/2014 - 13:25:40: "BeepBeepBoop<2><BOT><Red>" killed "CreditToTeam<3><BOT><Blue>" with "scattergun" (attacker_position "2274 2428 -136") (victim_position "2266 2525 -143")
L 10/07/2014 - 13:25:40: "Dog<5><BOT><Red>" triggered "kill assist" against "CreditToTeam<3><BOT><Blue>" (assister_position "1010 2040 -255") (attacker_position "2274 2428 -136") (victim_position "2266 2525 -143")
L 10/07/2014 - 13:25:40: "BeepBeepBoop<2><BOT><Red>" triggered "domination" against "CreditToTeam<3><BOT><Blue>"
L 10/07/2014 - 13:25:42: "Dog<5><BOT><Red>" killed "Someone Else<4><BOT><Blue>" with "wrench" (attacker_position "1108 2193 -255") (victim_position "1099 2241 -254")
L 10/07/2014 - 13:26:14: "HI THERE<7><BOT><Red>" killed "AmNot<6><BOT><Blue>" with "minigun" (attacker_position "2338 2478 -142") (victim_position "2290 2504 -143")
L 10/07/2014 - 13:26:14: "BeepBeepBoop<2><BOT><Red>" triggered "kill assist" against "AmNot<6><BOT><Blue>" (assister_position "2166 2510 -143") (attacker_position "2338 2478 -142") (victim_position "2290 2504 -143")
L 10/07/2014 - 13:26:21: "Dog<5><BOT><Red>" triggered "player_builtobject" (object "OBJ_DISPENSER") (position "2091 2051 -201")
L 10/07/2014 - 13:26:25: "Dog<5><BOT><Red>" killed "Someone Else<4><BOT><Blue>" with "obj_sentrygun3" (attacker_position "1992 2608 -191") (victim_position "1862 2733 -191")
L 10/07/2014 - 13:26:26: "CreditToTeam<3><BOT><Blue>" killed "Dog<5><BOT><Red>" with "tf_projectile_pipe" (attacker_position "1866 2746 -191") (victim_position "1881 2598 -191")
L 10/07/2014 - 13:26:26: "Someone Else<4><BOT><Blue>" triggered "kill assist" against "Dog<5><BOT><Red>" (assister_position "1862 2733 -103") (attacker_position "1866 2746 -191") (victim_position "1881 2598 -191")
L 10/07/2014 - 13:26:26: "BeepBeepBoop<2><BOT><Red>" killed "CreditToTeam<3><BOT><Blue>" with "scattergun" (attacker_position "2297 2495 -143") (victim_position "1873 2758 -191")
L 10/07/2014 - 13:26:26: "Dog<5><BOT><Red>" triggered "kill assist" against "CreditToTeam<3><BOT><Blue>" (assister_position "1881 2598 -123") (attacker_position "2297 2495 -143") (victim_position "1873 2758 -191")
L 10/07/2014 - 13:26:35: "GLaDOS<8><BOT><Blue>" stuck (position "425.37 2540.99 -251.62") (duration "3.15") L 10/07/2014 - 13:26:35:    path_goal ( "225.00 2500.00 -258.15" )
L 10/07/2014 - 13:26:35: "GLaDOS<8><BOT><Blue>" stuck (position "425.32 2540.81 -226.32") (duration "3.26") L 10/07/2014 - 13:26:35:    path_goal ( "225.00 2500.00 -258.15" )
L 10/07/2014 - 13:26:47: "Chief Data Wrangler<24><[U:1:197363721]><Spectator>" joined team "Blue"
L 10/07/2014 - 13:26:58: "Dog<5><BOT><Red>" killed "AmNot<6><BOT><Blue>" with "obj_sentrygun3" (attacker_position "2055 2127 -204") (victim_position "2214 2571 -143")
L 10/07/2014 - 13:26:58: "HI THERE<7><BOT><Red>" triggered "kill assist" against "AmNot<6><BOT><Blue>" (assister_position "2000 1935 -206") (attacker_position "2055 2127 -204") (victim_position "2214 2571 -143")
L 10/07/2014 - 13:27:07: "splunk> cloud control<17><[U:1:197388939]><Spectator>" disconnected (reason "Disconnect by user.")
L 10/07/2014 - 13:27:08: "Chief Data Wrangler<24><[U:1:197363721]><Blue>" changed role to "heavyweapons"
L 10/07/2014 - 13:27:12: World triggered "Round_Overtime"
L 10/07/2014 - 13:27:13: "Dog<5><BOT><Red>" killed "Someone Else<4><BOT><Blue>" with "obj_sentrygun3" (attacker_position "2073 2070 -204") (victim_position "1157 2495 -45")
L 10/07/2014 - 13:27:15: "BeepBeepBoop<2><BOT><Red>" triggered "captureblocked" (cp "1") (cpname "#Dustbowl_cap_1_B") (position "2348 2339 -136")
L 10/07/2014 - 13:27:15: "BeepBeepBoop<2><BOT><Red>" killed "CreditToTeam<3><BOT><Blue>" with "world" (attacker_position "2348 2339 -136") (victim_position "2309 2512 -143")
L 10/07/2014 - 13:27:15: "Dog<5><BOT><Red>" triggered "kill assist" against "CreditToTeam<3><BOT><Blue>" (assister_position "2081 2071 -203") (attacker_position "2348 2339 -136") (victim_position "2309 2512 -143")
L 10/07/2014 - 13:27:17: "WhatTheSplunk?<25><[U:1:197468749]><>" connected, address "192.168.1.109:27005"
L 10/07/2014 - 13:27:17: "WhatTheSplunk?<25><[U:1:197468749]><>" STEAM USERID validated
L 10/07/2014 - 13:27:22: "Dog<5><BOT><Red>" triggered "medic_death" against "GLaDOS<8><BOT><Blue>" (healing "199") (ubercharge "0")
L 10/07/2014 - 13:27:22: "Dog<5><BOT><Red>" killed "GLaDOS<8><BOT><Blue>" with "obj_sentrygun3" (attacker_position "2081 2071 -203") (victim_position "1451 2511 -57")
L 10/07/2014 - 13:27:22: "WhatTheSplunk?<25><[U:1:197468749]><>" entered the game
L 10/07/2014 - 13:27:23: World triggered "Mini_Round_Win" (winner "Red") (round "round_1")
L 10/07/2014 - 13:27:23: World triggered "Mini_Round_Length" (seconds "609.07")
L 10/07/2014 - 13:27:23: World triggered "Round_Win" (winner "Red")
L 10/07/2014 - 13:27:23: Team "Red" current score "0" with "4" players
L 10/07/2014 - 13:27:23: Team "Blue" current score "1" with "5" players
L 10/07/2014 - 13:27:30: "BeepBeepBoop<2><BOT><Red>" triggered "killedobject" (object "OBJ_TELEPORTER") (weapon "scattergun") (objectowner "Someone Else<4><BOT><Blue>") (attacker_position "425 2540 -251")
L 10/07/2014 - 13:27:32: "WhatTheSplunk?<25><[U:1:197468749]><Unassigned>" joined team "Red"
L 10/07/2014 - 13:27:33: "Dog<5><BOT><Red>" stuck (position "1442.20 682.23 -109.77") (duration "3.46") L 10/07/2014 - 13:27:33:    path_goal ( "-400.00 -762.50 0.03" )
L 10/07/2014 - 13:27:33: "Dog<5><BOT><Red>" stuck (position "1434.38 683.09 -84.54") (duration "3.57") L 10/07/2014 - 13:27:33:    path_goal ( "1475.00 700.00 -133.06" )
L 10/07/2014 - 13:27:34: "Dog<5><BOT><Red>" stuck (position "1497.91 709.96 -124.91") (duration "4.62") L 10/07/2014 - 13:27:34:    path_goal ( "1825.00 700.00 -198.71" )
L 10/07/2014 - 13:27:38: "HI THERE<7><BOT><Red>" stuck (position "1433.83 682.87 -107.19") (duration "4.41") L 10/07/2014 - 13:27:38:    path_goal ( "-350.00 -1337.50 -126.37" )
L 10/07/2014 - 13:27:38: "HI THERE<7><BOT><Red>" stuck (position "1436.72 685.11 -82.87") (duration "4.52") L 10/07/2014 - 13:27:38:    path_goal ( "525.00 -312.50 0.03" )
L 10/07/2014 - 13:27:38: World triggered "Game_Over" reason "Reached Time Limit"
L 10/07/2014 - 13:27:38: Team "Red" final score "0" with "5" players
L 10/07/2014 - 13:27:38: Team "Blue" final score "1" with "5" players
L 10/07/2014 - 13:27:39: "HI THERE<7><BOT><Red>" stuck (position "1467.58 683.90 -117.57") (duration "5.57") L 10/07/2014 - 13:27:39:    path_goal ( "1825.00 700.00 -198.71" )
L 10/07/2014 - 13:27:40: "HI THERE<7><BOT><Red>" stuck (position "1467.58 683.90 -117.57") (duration "6.61") L 10/07/2014 - 13:27:40:    path_goal ( "1825.00 700.00 -198.71" )
L 10/07/2014 - 13:27:41: "BeepBeepBoop<2><BOT><Red>" stuck (position "1432.03 722.07 -106.64") (duration "2.52") L 10/07/2014 - 13:27:41:    path_goal ( "1475.00 721.81 -131.90" )
L 10/07/2014 - 13:27:41: "AmNot<6><BOT><Blue>" stuck (position "1478.06 2707.55 -60.03") (duration "2.52") L 10/07/2014 - 13:27:41:    path_goal ( "1575.00 2725.00 -63.97" )
L 10/07/2014 - 13:27:41: "HI THERE<7><BOT><Red>" stuck (position "1467.58 683.90 -117.57") (duration "7.66") L 10/07/2014 - 13:27:41:    path_goal ( "1825.00 700.00 -198.71" )
L 10/07/2014 - 13:27:42: "Headful of Eyeballs<9><BOT><Red>" stuck (position "1786.63 768.01 -190.93") (duration "3.15") L 10/07/2014 - 13:27:42:    path_goal ( "1525.00 762.50 -152.84" )
L 10/07/2014 - 13:27:42: "Headful of Eyeballs<9><BOT><Red>" stuck (position "1786.63 768.01 -190.93") (duration "3.26") L 10/07/2014 - 13:27:42:    path_goal ( "1525.00 762.50 -152.84" )
L 10/07/2014 - 13:27:42: "HI THERE<7><BOT><Red>" stuck (position "1467.58 683.90 -117.57") (duration "8.72") L 10/07/2014 - 13:27:42:    path_goal ( "1825.00 700.00 -198.71" )
L 10/07/2014 - 13:27:42: "Dog<5><BOT><Red>" stuck (position "1843.86 1575.50 -196.35") (duration "4.20") L 10/07/2014 - 13:27:42:    path_goal ( "2100.00 2050.00 -203.77" )
L 10/07/2014 - 13:27:43: "Dog<5><BOT><Red>" stuck (position "1843.86 1575.50 -196.35") (duration "4.30") L 10/07/2014 - 13:27:43:    path_goal ( "NULL" )
L 10/07/2014 - 13:27:43: "Headful of Eyeballs<9><BOT><Red>" stuck (position "1786.63 768.01 -190.93") (duration "4.30") L 10/07/2014 - 13:27:43:    path_goal ( "1525.00 762.50 -152.84" )
L 10/07/2014 - 13:27:43: "HI THERE<7><BOT><Red>" stuck (position "1467.58 683.90 -117.57") (duration "9.77") L 10/07/2014 - 13:27:43:    path_goal ( "1825.00 700.00 -198.71" )
L 10/07/2014 - 13:27:43: "BeepBeepBoop<2><BOT><Red>" stuck (position "1432.03 722.07 -106.64") (duration "2.52") L 10/07/2014 - 13:27:43:    path_goal ( "1475.00 722.07 -131.89" )
L 10/07/2014 - 13:27:43: "AmNot<6><BOT><Blue>" stuck (position "1478.06 2707.55 -60.03") (duration "2.52") L 10/07/2014 - 13:27:43:    path_goal ( "1575.00 2725.00 -63.97" )
L 10/07/2014 - 13:27:44: "Dog<5><BOT><Red>" stuck (position "1843.86 1575.50 -196.35") (duration "5.35") L 10/07/2014 - 13:27:44:    path_goal ( "1843.86 1625.00 -201.57" )
L 10/07/2014 - 13:27:44: "Headful of Eyeballs<9><BOT><Red>" stuck (position "1786.63 768.01 -190.93") (duration "5.35") L 10/07/2014 - 13:27:44:    path_goal ( "1525.00 762.50 -152.84" )
L 10/07/2014 - 13:27:44: "HI THERE<7><BOT><Red>" stuck (position "1467.58 683.90 -117.57") (duration "10.82") L 10/07/2014 - 13:27:44:    path_goal ( "1825.00 700.00 -198.71" )
L 10/07/2014 - 13:27:45: "Dog<5><BOT><Red>" stuck (position "1843.86 1575.50 -196.35") (duration "6.40") L 10/07/2014 - 13:27:45:    path_goal ( "1843.86 1625.00 -201.57" )
L 10/07/2014 - 13:27:45: "Headful of Eyeballs<9><BOT><Red>" stuck (position "1786.63 768.01 -190.93") (duration "6.41") L 10/07/2014 - 13:27:45:    path_goal ( "1525.00 762.50 -152.84" )
L 10/07/2014 - 13:27:45: "HI THERE<7><BOT><Red>" stuck (position "1467.58 683.90 -117.57") (duration "11.86") L 10/07/2014 - 13:27:45:    path_goal ( "1825.00 700.00 -198.71" )
L 10/07/2014 - 13:27:46: "Dog<5><BOT><Red>" stuck (position "1843.86 1575.50 -196.35") (duration "7.45") L 10/07/2014 - 13:27:46:    path_goal ( "1843.86 1625.00 -201.57" )
L 10/07/2014 - 13:27:46: "BeepBeepBoop<2><BOT><Red>" stuck (position "1432.03 722.07 -106.64") (duration "2.52") L 10/07/2014 - 13:27:46:    path_goal ( "1475.00 722.07 -131.89" )
L 10/07/2014 - 13:27:46: "AmNot<6><BOT><Blue>" stuck (position "1478.06 2707.55 -60.03") (duration "2.52") L 10/07/2014 - 13:27:46:    path_goal ( "1575.00 2725.00 -63.97" )
L 10/07/2014 - 13:27:46: "Headful of Eyeballs<9><BOT><Red>" stuck (position "1786.63 768.01 -190.93") (duration "7.46") L 10/07/2014 - 13:27:46:    path_goal ( "1525.00 762.50 -152.84" )
L 10/07/2014 - 13:27:46: "HI THERE<7><BOT><Red>" stuck (position "1467.58 683.90 -117.57") (duration "12.91") L 10/07/2014 - 13:27:46:    path_goal ( "1825.00 700.00 -198.71" )
L 10/07/2014 - 13:27:47: "Dog<5><BOT><Red>" stuck (position "1843.86 1575.50 -196.35") (duration "8.50") L 10/07/2014 - 13:27:47:    path_goal ( "1843.86 1625.00 -201.57" )
L 10/07/2014 - 13:27:47: "Headful of Eyeballs<9><BOT><Red>" stuck (position "1786.63 768.01 -190.93") (duration "8.51") L 10/07/2014 - 13:27:47:    path_goal ( "1525.00 762.50 -152.84" )
L 10/07/2014 - 13:27:47: "HI THERE<7><BOT><Red>" stuck (position "1467.58 683.90 -117.57") (duration "13.97") L 10/07/2014 - 13:27:47:    path_goal ( "1825.00 700.00 -198.71" )
L 10/07/2014 - 13:27:48: "Dog<5><BOT><Red>" stuck (position "1843.86 1575.50 -196.35") (duration "9.55") L 10/07/2014 - 13:27:48:    path_goal ( "1843.86 1625.00 -201.57" )
L 10/07/2014 - 13:27:48: "Headful of Eyeballs<9><BOT><Red>" stuck (position "1786.63 768.01 -190.93") (duration "9.55") L 10/07/2014 - 13:27:48:    path_goal ( "1525.00 762.50 -152.84" )
L 10/07/2014 - 13:27:49: Loading map "cp_granary"
L 10/07/2014 - 13:27:49: server cvars start
L 10/07/2014 - 13:27:49: "tf_playergib" = "1"
L 10/07/2014 - 13:27:49: "tf_allow_player_use" = "0"
L 10/07/2014 - 13:27:49: "tf_mvm_death_penalty" = "0"
L 10/07/2014 - 13:27:49: "sv_maxusrcmdprocessticks" = "24"
L 10/07/2014 - 13:27:49: "mp_teamplay" = "0"
L 10/07/2014 - 13:27:49: "mp_falldamage" = "0"
L 10/07/2014 - 13:27:49: "mp_weaponstay" = "0"
L 10/07/2014 - 13:27:49: "mp_forcerespawn" = "1"
L 10/07/2014 - 13:27:49: "mp_footsteps" = "1"
L 10/07/2014 - 13:27:49: "mp_flashlight" = "0"
L 10/07/2014 - 13:27:49: "mp_autocrosshair" = "1"
L 10/07/2014 - 13:27:49: "decalfrequency" = "10"
L 10/07/2014 - 13:27:49: "mp_teamlist" = "hgrunt;scientist"
L 10/07/2014 - 13:27:49: "mp_allowNPCs" = "1"
L 10/07/2014 - 13:27:49: "sv_alltalk" = "0"
L 10/07/2014 - 13:27:49: "tf_weapon_criticals" = "1"
L 10/07/2014 - 13:27:49: "tf_damage_disablespread" = "0"
L 10/07/2014 - 13:27:49: "tf_player_name_change_time" = "60"
L 10/07/2014 - 13:27:49: "tf_force_holidays_off" = "0"
L 10/07/2014 - 13:27:49: "tf_birthday" = "0"
L 10/07/2014 - 13:27:49: "mp_tournament_stopwatch" = "1"
L 10/07/2014 - 13:27:49: "mp_windifference" = "0"
L 10/07/2014 - 13:27:49: "mp_windifference_min" = "0"
L 10/07/2014 - 13:27:49: "tf_medieval" = "0"
L 10/07/2014 - 13:27:49: "tf_medieval_autorp" = "1"
L 10/07/2014 - 13:27:49: "tf_arena_force_class" = "0"
L 10/07/2014 - 13:27:49: "tf_arena_change_limit" = "1"
L 10/07/2014 - 13:27:49: "tf_arena_override_cap_enable_time" = "-1"
L 10/07/2014 - 13:27:49: "tf_arena_first_blood" = "1"
L 10/07/2014 - 13:27:49: "tf_mvm_min_players_to_start" = "3"
L 10/07/2014 - 13:27:49: "tf_gamemode_arena" = "0"
L 10/07/2014 - 13:27:49: "tf_gamemode_cp" = "1"
L 10/07/2014 - 13:27:49: "tf_gamemode_ctf" = "0"
L 10/07/2014 - 13:27:49: "tf_gamemode_sd" = "0"
L 10/07/2014 - 13:27:49: "tf_gamemode_rd" = "0"
L 10/07/2014 - 13:27:49: "tf_beta_content" = "0"
L 10/07/2014 - 13:27:49: "tf_gamemode_payload" = "0"
L 10/07/2014 - 13:27:49: "tf_gamemode_mvm" = "0"
L 10/07/2014 - 13:27:49: "tf_bot_count" = "8"
L 10/07/2014 - 13:27:49: "tf_teamtalk" = "1"
L 10/07/2014 - 13:27:49: "tf_ctf_bonus_time" = "10"
L 10/07/2014 - 13:27:49: "tf_maxspeed" = "400"
L 10/07/2014 - 13:27:49: "tf_max_charge_speed" = "750"
L 10/07/2014 - 13:27:49: "tf_use_fixed_weaponspreads" = "0"
L 10/07/2014 - 13:27:49: "tf_overtime_nag" = "0"
L 10/07/2014 - 13:27:49: "mp_respawnwavetime" = "10.0"
L 10/07/2014 - 13:27:49: "mp_tournament" = "0"
L 10/07/2014 - 13:27:49: "mp_highlander" = "0"
L 10/07/2014 - 13:27:49: "tf_arena_preround_time" = "10"
L 10/07/2014 - 13:27:49: "tf_arena_round_time" = "0"
L 10/07/2014 - 13:27:49: "tf_arena_max_streak" = "3"
L 10/07/2014 - 13:27:49: "tf_arena_use_queue" = "1"
L 10/07/2014 - 13:27:49: "mp_maxrounds" = "0"
L 10/07/2014 - 13:27:49: "mp_winlimit" = "0"
L 10/07/2014 - 13:27:49: "mp_disable_respawn_times" = "0"
L 10/07/2014 - 13:27:49: "mp_stalemate_meleeonly" = "0"
L 10/07/2014 - 13:27:49: "mp_forceautoteam" = "0"
L 10/07/2014 - 13:27:49: "mp_autoteambalance" = "1"
L 10/07/2014 - 13:27:49: "mp_stalemate_enable" = "0"
L 10/07/2014 - 13:27:49: "mp_match_end_at_timelimit" = "0"
L 10/07/2014 - 13:27:49: "mp_holiday_nogifts" = "0"
L 10/07/2014 - 13:27:49: "mp_scrambleteams_auto" = "1"
L 10/07/2014 - 13:27:49: "mp_scrambleteams_auto_windifference" = "2"
L 10/07/2014 - 13:27:49: "mp_timelimit" = "15"
L 10/07/2014 - 13:27:49: "mp_fraglimit" = "0"
L 10/07/2014 - 13:27:49: "nextlevel" = ""
L 10/07/2014 - 13:27:49: "sv_gravity" = "800"
L 10/07/2014 - 13:27:49: "sv_stopspeed" = "100"
L 10/07/2014 - 13:27:49: "sv_noclipaccelerate" = "5"
L 10/07/2014 - 13:27:49: "sv_noclipspeed" = "5"
L 10/07/2014 - 13:27:49: "sv_specaccelerate" = "5"
L 10/07/2014 - 13:27:49: "sv_specspeed" = "3"
L 10/07/2014 - 13:27:49: "sv_specnoclip" = "1"
L 10/07/2014 - 13:27:49: "sv_maxspeed" = "320"
L 10/07/2014 - 13:27:49: "sv_accelerate" = "10"
L 10/07/2014 - 13:27:49: "sv_airaccelerate" = "10"
L 10/07/2014 - 13:27:49: "sv_wateraccelerate" = "10"
L 10/07/2014 - 13:27:49: "sv_waterfriction" = "1"
L 10/07/2014 - 13:27:49: "sv_footsteps" = "1"
L 10/07/2014 - 13:27:49: "sv_rollspeed" = "200"
L 10/07/2014 - 13:27:49: "sv_rollangle" = "0"
L 10/07/2014 - 13:27:49: "sv_friction" = "4"
L 10/07/2014 - 13:27:49: "sv_bounce" = "0"
L 10/07/2014 - 13:27:49: "sv_stepsize" = "18"
L 10/07/2014 - 13:27:49: "r_VehicleViewDampen" = "1"
L 10/07/2014 - 13:27:49: "r_JeepViewDampenFreq" = "7.0"
L 10/07/2014 - 13:27:49: "r_JeepViewDampenDamp" = "1.0"
L 10/07/2014 - 13:27:49: "r_JeepViewZHeight" = "10.0"
L 10/07/2014 - 13:27:49: "r_AirboatViewDampenFreq" = "7.0"
L 10/07/2014 - 13:27:49: "r_AirboatViewDampenDamp" = "1.0"
L 10/07/2014 - 13:27:49: "r_AirboatViewZHeight" = "0.0"
L 10/07/2014 - 13:27:49: "mp_friendlyfire" = "0"
L 10/07/2014 - 13:27:49: "mp_fadetoblack" = "0"
L 10/07/2014 - 13:27:49: "tf_mm_servermode" = "0"
L 10/07/2014 - 13:27:49: "tf_mm_strict" = "0"
L 10/07/2014 - 13:27:49: "tf_mm_trusted" = "0"
L 10/07/2014 - 13:27:49: "tf_server_identity_disable_quickplay" = "0"
L 10/07/2014 - 13:27:49: "sv_registration_successful" = "0"
L 10/07/2014 - 13:27:49: "sv_registration_message" = "No account specified"
L 10/07/2014 - 13:27:49: "sv_steamgroup" = ""
L 10/07/2014 - 13:27:49: "sv_cheats" = "1"
L 10/07/2014 - 13:27:49: "sv_pausable" = "0"
L 10/07/2014 - 13:27:49: "sv_contact" = "admin@yourdomain.com"
L 10/07/2014 - 13:27:49: "sv_voiceenable" = "1"
L 10/07/2014 - 13:27:49: "tv_enable" = "0"
L 10/07/2014 - 13:27:49: "deathmatch" = "1"
L 10/07/2014 - 13:27:49: "coop" = "0"
L 10/07/2014 - 13:27:49: "tv_password" = ""
L 10/07/2014 - 13:27:49: "tv_relaypassword" = ""
L 10/07/2014 - 13:27:49: "sv_password" = ""
L 10/07/2014 - 13:27:49: "sv_tags" = "bots,cp"
L 10/07/2014 - 13:27:49: server cvars end
L 10/07/2014 - 13:27:50: Started map "cp_granary" (CRC "a19b90d57079ab0afcf35a385b396120")
L 10/07/2014 - 13:27:50: Executing dedicated server config file server.cfg
L 10/07/2014 - 13:27:56: server_cvar: "tf_gamemode_cp" "0"
L 10/07/2014 - 13:27:56: server_cvar: "sv_tags" "bots"
L 10/07/2014 - 13:27:56: server_cvar: "sv_tags" "bots"
L 10/07/2014 - 13:27:56: server_cvar: "tf_bot_count" "0"
L 10/07/2014 - 13:27:56: server_cvar: "sv_tags" ""
L 10/07/2014 - 13:27:56: server_cvar: "tf_gamemode_cp" "1"
L 10/07/2014 - 13:27:56: server_cvar: "sv_tags" "cp"
L 10/07/2014 - 13:27:56: server_cvar: "sv_tags" "cp"
L 10/07/2014 - 13:27:56: Initializing Steam libraries for LAN server
L 10/07/2014 - 13:27:56: No account token specified; logging into anonymous game server account.  (Use sv_setsteamaccount to login to a persistent account.)
