L 10/07/2014 - 16:32:33: Log file started (file "logs/L1007014.log") (game "/home/tf2/hlserver/tf2/tf") (version "2426090")
L 10/07/2014 - 16:32:33: server_cvar: "sv_cheats" "1"
L 10/07/2014 - 16:32:33: "Kill Me<2><BOT><>" connected, address "none"
L 10/07/2014 - 16:32:33: "<2><BOT><>" entered the game
L 10/07/2014 - 16:32:33: "Kill Me<2><BOT><Unassigned>" joined team "Blue"
L 10/07/2014 - 16:32:33: "Kill Me<2><BOT><Blue>" changed role to "scout"
L 10/07/2014 - 16:32:33: "Kill Me<2><BOT><Blue>" changed name to "Chucklenuts"
L 10/07/2014 - 16:32:33: Sending CMsgGameServerMatchmakingStatus (state=ServerMatchmakingState_NOT_PARTICIPATING)
L 10/07/2014 - 16:32:33: "CryBaby<3><BOT><>" connected, address "none"
L 10/07/2014 - 16:32:33: "<3><BOT><>" entered the game
L 10/07/2014 - 16:32:33: "CryBaby<3><BOT><Unassigned>" joined team "Red"
L 10/07/2014 - 16:32:33: "CryBaby<3><BOT><Red>" changed role to "engineer"
L 10/07/2014 - 16:32:33: "CryBaby<3><BOT><Red>" changed name to "WITCH"
L 10/07/2014 - 16:32:34: Connection to Steam servers successful.
L 10/07/2014 - 16:32:34:    Public IP is 68.110.44.24.
L 10/07/2014 - 16:32:34: Assigned anonymous gameserver Steam ID [A:1:2241569801:4715].
L 10/07/2014 - 16:32:34: "ThatGuy<4><BOT><>" connected, address "none"
L 10/07/2014 - 16:32:34: "<4><BOT><>" entered the game
L 10/07/2014 - 16:32:34: "ThatGuy<4><BOT><Unassigned>" joined team "Blue"
L 10/07/2014 - 16:32:34: "ThatGuy<4><BOT><Blue>" changed role to "scout"
L 10/07/2014 - 16:32:34: "ThatGuy<4><BOT><Blue>" changed name to "Still Alive"
L 10/07/2014 - 16:32:34: VAC secure mode is activated.
L 10/07/2014 - 16:32:34: tf_server_identity_account_id not set; not logging into registered account
L 10/07/2014 - 16:32:34: "Hat-Wearing MAN<5><BOT><>" connected, address "none"
L 10/07/2014 - 16:32:34: "<5><BOT><>" entered the game
L 10/07/2014 - 16:32:34: "Hat-Wearing MAN<5><BOT><Unassigned>" joined team "Red"
L 10/07/2014 - 16:32:34: "Hat-Wearing MAN<5><BOT><Red>" changed role to "soldier"
L 10/07/2014 - 16:32:34: "Hat-Wearing MAN<5><BOT><Red>" changed name to "Me"
L 10/07/2014 - 16:32:34: "Numnutz<6><BOT><>" connected, address "none"
L 10/07/2014 - 16:32:34: "<6><BOT><>" entered the game
L 10/07/2014 - 16:32:34: "Numnutz<6><BOT><Unassigned>" joined team "Blue"
L 10/07/2014 - 16:32:34: "Numnutz<6><BOT><Blue>" changed role to "heavyweapons"
L 10/07/2014 - 16:32:34: "Numnutz<6><BOT><Blue>" changed name to "H@XX0RZ"
L 10/07/2014 - 16:32:34: "The G-Man<7><BOT><>" connected, address "none"
L 10/07/2014 - 16:32:34: "<7><BOT><>" entered the game
L 10/07/2014 - 16:32:34: "The G-Man<7><BOT><Unassigned>" joined team "Red"
L 10/07/2014 - 16:32:34: "The G-Man<7><BOT><Red>" changed role to "demoman"
L 10/07/2014 - 16:32:35: "The G-Man<7><BOT><Red>" changed name to "Chell"
L 10/07/2014 - 16:32:35: "The Combine<8><BOT><>" connected, address "none"
L 10/07/2014 - 16:32:35: "<8><BOT><>" entered the game
L 10/07/2014 - 16:32:35: "The Combine<8><BOT><Unassigned>" joined team "Blue"
L 10/07/2014 - 16:32:35: "The Combine<8><BOT><Blue>" changed role to "medic"
L 10/07/2014 - 16:32:35: "The Combine<8><BOT><Blue>" changed name to "Totally Not A Bot"
L 10/07/2014 - 16:32:35: "Pow!<9><BOT><>" connected, address "none"
L 10/07/2014 - 16:32:35: "<9><BOT><>" entered the game
L 10/07/2014 - 16:32:35: "Pow!<9><BOT><Unassigned>" joined team "Red"
L 10/07/2014 - 16:32:35: "Pow!<9><BOT><Red>" changed role to "medic"
L 10/07/2014 - 16:32:35: "Pow!<9><BOT><Red>" changed name to "Zepheniah Mann"
L 10/07/2014 - 16:32:38: server_cvar: "tf_bot_count" "8"
L 10/07/2014 - 16:32:38: server_cvar: "sv_tags" "bots,payload"
L 10/07/2014 - 16:32:44: "Still Alive<4><BOT><Blue>" stuck (position "-3268.65 1889.53 -127.97") (duration "2.52") L 10/07/2014 - 16:32:44:    path_goal ( "-3232.00 1714.00 -127.97" )
L 10/07/2014 - 16:32:44: "Chucklenuts<2><BOT><Blue>" stuck (position "-3253.55 1889.53 -127.97") (duration "2.52") L 10/07/2014 - 16:32:44:    path_goal ( "-3232.00 1714.00 -127.97" )
L 10/07/2014 - 16:32:45: "Nobody<10><[U:1:197287110]><>" connected, address "192.168.1.107:27005"
L 10/07/2014 - 16:32:45: "Nobody<10><[U:1:197287110]><>" STEAM USERID validated
L 10/07/2014 - 16:32:46: "Still Alive<4><BOT><Blue>" stuck (position "-3242.05 1889.53 -127.97") (duration "2.52") L 10/07/2014 - 16:32:46:    path_goal ( "-3232.00 1714.00 -127.97" )
L 10/07/2014 - 16:32:47: "Chucklenuts<2><BOT><Blue>" stuck (position "-3239.98 1889.53 -127.97") (duration "2.52") L 10/07/2014 - 16:32:47:    path_goal ( "-3232.00 1714.00 -127.97" )
L 10/07/2014 - 16:32:48: "H@XX0RZ<6><BOT><Blue>" stuck (position "-3252.83 1889.53 -127.97") (duration "4.41") L 10/07/2014 - 16:32:48:    path_goal ( "-3232.00 1714.00 -127.97" )
L 10/07/2014 - 16:32:49: "Still Alive<4><BOT><Blue>" stuck (position "-3200.71 1889.53 -127.97") (duration "2.52") L 10/07/2014 - 16:32:49:    path_goal ( "-3232.00 1714.00 -127.97" )
L 10/07/2014 - 16:32:49: "Chucklenuts<2><BOT><Blue>" stuck (position "-3246.70 1889.53 -127.97") (duration "2.52") L 10/07/2014 - 16:32:49:    path_goal ( "-3232.00 1714.00 -127.97" )
L 10/07/2014 - 16:32:50: "Nobody<10><[U:1:197287110]><>" entered the game
L 10/07/2014 - 16:32:51: "Still Alive<4><BOT><Blue>" stuck (position "-3268.65 1889.53 -127.97") (duration "2.52") L 10/07/2014 - 16:32:51:    path_goal ( "-3232.00 1714.00 -127.97" )
L 10/07/2014 - 16:32:51: "WITCH<3><BOT><Red>" triggered "player_builtobject" (object "OBJ_SENTRYGUN") (position "-2388 -1005 0")
L 10/07/2014 - 16:32:52: "Chucklenuts<2><BOT><Blue>" stuck (position "-3213.62 1889.53 -127.97") (duration "2.52") L 10/07/2014 - 16:32:52:    path_goal ( "-3232.00 1714.00 -127.97" )
L 10/07/2014 - 16:32:52: "H@XX0RZ<6><BOT><Blue>" stuck (position "-3236.74 1889.53 -127.97") (duration "4.41") L 10/07/2014 - 16:32:52:    path_goal ( "-3232.00 1714.00 -127.97" )
L 10/07/2014 - 16:32:54: "Still Alive<4><BOT><Blue>" stuck (position "-3206.14 1889.53 -127.97") (duration "2.52") L 10/07/2014 - 16:32:54:    path_goal ( "-3250.49 1711.08 -127.97" )
L 10/07/2014 - 16:32:54: "Chucklenuts<2><BOT><Blue>" stuck (position "-3265.86 1889.53 -127.97") (duration "2.52") L 10/07/2014 - 16:32:54:    path_goal ( "-3250.49 1711.08 -127.97" )
L 10/07/2014 - 16:32:56: "Still Alive<4><BOT><Blue>" stuck (position "-3266.05 1889.53 -127.97") (duration "2.52") L 10/07/2014 - 16:32:56:    path_goal ( "-3250.49 1711.08 -127.97" )
L 10/07/2014 - 16:32:56: "H@XX0RZ<6><BOT><Blue>" stuck (position "-3250.72 1889.53 -127.97") (duration "4.41") L 10/07/2014 - 16:32:56:    path_goal ( "-3250.49 1711.08 -127.97" )
L 10/07/2014 - 16:32:57: "Chucklenuts<2><BOT><Blue>" stuck (position "-3259.91 1889.53 -127.97") (duration "2.52") L 10/07/2014 - 16:32:57:    path_goal ( "-3250.49 1711.08 -127.97" )
L 10/07/2014 - 16:32:59: "Still Alive<4><BOT><Blue>" stuck (position "-3268.65 1889.53 -127.97") (duration "2.52") L 10/07/2014 - 16:32:59:    path_goal ( "-3262.97 1705.39 -127.97" )
L 10/07/2014 - 16:32:59: "Chucklenuts<2><BOT><Blue>" stuck (position "-3253.27 1889.53 -127.97") (duration "2.52") L 10/07/2014 - 16:32:59:    path_goal ( "-3262.90 1705.43 -127.97" )
L 10/07/2014 - 16:33:01: "Nobody<10><[U:1:197287110]><Unassigned>" joined team "Blue"
L 10/07/2014 - 16:33:01: "H@XX0RZ<6><BOT><Blue>" stuck (position "-3229.89 1889.53 -127.97") (duration "4.41") L 10/07/2014 - 16:33:01:    path_goal ( "-3234.82 1713.94 -127.97" )
L 10/07/2014 - 16:33:01: "Still Alive<4><BOT><Blue>" stuck (position "-3234.98 1889.53 -127.97") (duration "2.52") L 10/07/2014 - 16:33:01:    path_goal ( "-3243.67 1712.86 -127.97" )
L 10/07/2014 - 16:33:02: "Chucklenuts<2><BOT><Blue>" stuck (position "-3246.29 1889.51 -127.97") (duration "2.52") L 10/07/2014 - 16:33:02:    path_goal ( "-3232.85 1714.00 -127.97" )
L 10/07/2014 - 16:33:03: "Nobody<10><[U:1:197287110]><Blue>" changed role to "heavyweapons"
L 10/07/2014 - 16:33:03: World triggered "Round_Start"
L 10/07/2014 - 16:33:03: World triggered "Round_Setup_Begin"
L 10/07/2014 - 16:33:04: World triggered "Mini_Round_Selected" (round "round_a")
L 10/07/2014 - 16:33:04: World triggered "Mini_Round_Start"
L 10/07/2014 - 16:33:12: "Chief Data Wrangler<11><[U:1:197363721]><>" connected, address "192.168.1.111:27005"
L 10/07/2014 - 16:33:12: "Chief Data Wrangler<11><[U:1:197363721]><>" STEAM USERID validated
L 10/07/2014 - 16:33:16: "Chief Data Wrangler<11><[U:1:197363721]><>" entered the game
L 10/07/2014 - 16:33:24: "Splunk Ninja<12><[U:1:197422767]><>" connected, address "192.168.1.115:27005"
L 10/07/2014 - 16:33:24: "Splunk Ninja<12><[U:1:197422767]><>" STEAM USERID validated
L 10/07/2014 - 16:33:25: "Chief Data Wrangler<11><[U:1:197363721]><Unassigned>" joined team "Red"
L 10/07/2014 - 16:33:27: "WITCH<3><BOT><Red>" stuck (position "-3033.79 -1267.72 -130.72") (duration "3.36") L 10/07/2014 - 16:33:27:    path_goal ( "-2984.56 -1301.97 -117.10" )
L 10/07/2014 - 16:33:27: "WITCH<3><BOT><Red>" stuck (position "-3033.51 -1250.45 -105.42") (duration "3.47") L 10/07/2014 - 16:33:27:    path_goal ( "-2984.56 -1301.97 -117.10" )
L 10/07/2014 - 16:33:27: "Splunk Ninja<12><[U:1:197422767]><>" entered the game
L 10/07/2014 - 16:33:28: "WITCH<3><BOT><Red>" stuck (position "-3038.66 -1194.80 -121.97") (duration "0.53") L 10/07/2014 - 16:33:28:    path_goal ( "-3025.00 -1301.97 -134.51" )
L 10/07/2014 - 16:33:29: "WITCH<3><BOT><Red>" stuck (position "-3041.89 -1295.00 -129.93") (duration "0.31") L 10/07/2014 - 16:33:29:    path_goal ( "-2984.56 -1301.97 -117.10" )
L 10/07/2014 - 16:33:30: "WITCH<3><BOT><Red>" stuck (position "-3037.26 -1281.66 -129.93") (duration "1.36") L 10/07/2014 - 16:33:30:    path_goal ( "-2984.56 -1301.97 -117.10" )
L 10/07/2014 - 16:33:31: "WITCH<3><BOT><Red>" stuck (position "-3058.69 -1304.84 -128.70") (duration "0.32") L 10/07/2014 - 16:33:31:    path_goal ( "-3025.00 -1301.97 -134.51" )
L 10/07/2014 - 16:33:32: "WITCH<3><BOT><Red>" stuck (position "-3033.69 -1271.42 -130.34") (duration "1.37") L 10/07/2014 - 16:33:32:    path_goal ( "-2984.56 -1301.97 -117.10" )
L 10/07/2014 - 16:33:33: "WITCH<3><BOT><Red>" stuck (position "-3049.36 -1327.53 -126.30") (duration "0.31") L 10/07/2014 - 16:33:33:    path_goal ( "-3025.00 -1327.53 -132.87" )
L 10/07/2014 - 16:33:34: "WITCH<3><BOT><Red>" stuck (position "-3031.29 -1264.53 -130.93") (duration "1.36") L 10/07/2014 - 16:33:34:    path_goal ( "-2984.56 -1301.97 -117.10" )
L 10/07/2014 - 16:33:35: "Splunk Ninja<12><[U:1:197422767]><Unassigned>" joined team "Blue"
L 10/07/2014 - 16:33:35: "WITCH<3><BOT><Red>" stuck (position "-3040.48 -1290.84 -129.93") (duration "0.31") L 10/07/2014 - 16:33:35:    path_goal ( "-2984.56 -1301.97 -117.10" )
L 10/07/2014 - 16:33:36: "WITCH<3><BOT><Red>" stuck (position "-3042.12 -1295.59 -129.94") (duration "1.36") L 10/07/2014 - 16:33:36:    path_goal ( "-3025.00 -1301.97 -134.51" )
L 10/07/2014 - 16:33:37: "Chief Data Wrangler<11><[U:1:197363721]><Red>" changed role to "pyro"
L 10/07/2014 - 16:33:38: "WITCH<3><BOT><Red>" stuck (position "-3057.47 -1267.54 -131.88") (duration "0.32") L 10/07/2014 - 16:33:38:    path_goal ( "-3025.00 -1301.97 -134.51" )
L 10/07/2014 - 16:33:38: "Splunk Ninja<12><[U:1:197422767]><Blue>" changed role to "scout"
L 10/07/2014 - 16:33:39: "WITCH<3><BOT><Red>" stuck (position "-3043.51 -1299.56 -129.65") (duration "1.36") L 10/07/2014 - 16:33:39:    path_goal ( "-2984.56 -1301.97 -117.10" )
L 10/07/2014 - 16:33:40: "WITCH<3><BOT><Red>" stuck (position "-3046.38 -1270.17 -131.08") (duration "0.32") L 10/07/2014 - 16:33:40:    path_goal ( "-3025.00 -1301.97 -134.51" )
L 10/07/2014 - 16:33:41: "WITCH<3><BOT><Red>" stuck (position "-3040.20 -1288.60 -129.94") (duration "1.37") L 10/07/2014 - 16:33:41:    path_goal ( "-2984.56 -1301.97 -117.10" )
L 10/07/2014 - 16:33:42: "WITCH<3><BOT><Red>" stuck (position "-3021.47 -1146.90 -112.97") (duration "0.42") L 10/07/2014 - 16:33:42:    path_goal ( "-3025.00 -1301.97 -134.51" )
L 10/07/2014 - 16:33:46: "WITCH<3><BOT><Red>" stuck (position "-3032.08 -1266.80 -130.73") (duration "3.68") L 10/07/2014 - 16:33:46:    path_goal ( "-3025.00 -1301.97 -134.51" )
L 10/07/2014 - 16:33:46: "WITCH<3><BOT><Red>" stuck (position "-3031.10 -1251.52 -105.43") (duration "3.78") L 10/07/2014 - 16:33:46:    path_goal ( "-3025.00 -1301.97 -134.51" )
L 10/07/2014 - 16:33:47: "WITCH<3><BOT><Red>" stuck (position "-3026.41 -1210.91 -112.97") (duration "0.42") L 10/07/2014 - 16:33:47:    path_goal ( "-3025.00 -1301.97 -134.51" )
L 10/07/2014 - 16:33:51: "WITCH<3><BOT><Red>" stuck (position "-3054.43 -1312.76 -128.14") (duration "3.57") L 10/07/2014 - 16:33:51:    path_goal ( "-3025.00 -1301.97 -134.51" )
L 10/07/2014 - 16:33:51: "WITCH<3><BOT><Red>" stuck (position "-3067.06 -1286.40 -102.84") (duration "3.68") L 10/07/2014 - 16:33:51:    path_goal ( "-3025.00 -1301.97 -134.51" )
L 10/07/2014 - 16:33:52: "WITCH<3><BOT><Red>" stuck (position "-3098.09 -1138.82 -137.46") (duration "0.42") L 10/07/2014 - 16:33:52:    path_goal ( "-3097.57 -1225.00 -141.75" )
L 10/07/2014 - 16:33:56: "WITCH<3><BOT><Red>" stuck (position "-3040.25 -1288.59 -129.94") (duration "3.36") L 10/07/2014 - 16:33:56:    path_goal ( "-2984.56 -1301.97 -117.10" )
L 10/07/2014 - 16:33:56: "WITCH<3><BOT><Red>" stuck (position "-3037.13 -1260.14 -104.63") (duration "3.47") L 10/07/2014 - 16:33:56:    path_goal ( "-2984.56 -1301.97 -117.10" )
L 10/07/2014 - 16:33:57: "WITCH<3><BOT><Red>" stuck (position "-3014.74 -1157.02 -112.97") (duration "0.53") L 10/07/2014 - 16:33:57:    path_goal ( "-3025.00 -1225.00 -139.43" )
L 10/07/2014 - 16:33:58: "WITCH<3><BOT><Red>" stuck (position "-3019.20 -1161.81 -112.97") (duration "0.32") L 10/07/2014 - 16:33:58:    path_goal ( "-3025.00 -1225.00 -139.43" )
L 10/07/2014 - 16:34:02: "WITCH<3><BOT><Red>" stuck (position "-3048.47 -1330.23 -124.86") (duration "3.36") L 10/07/2014 - 16:34:02:    path_goal ( "-3025.00 -1305.07 -134.31" )
L 10/07/2014 - 16:34:02: "WITCH<3><BOT><Red>" stuck (position "-3048.06 -1306.91 -99.55") (duration "3.46") L 10/07/2014 - 16:34:02:    path_goal ( "-3025.00 -1305.07 -134.31" )
L 10/07/2014 - 16:34:03: "WITCH<3><BOT><Red>" stuck (position "-3088.40 -1176.08 -141.53") (duration "0.42") L 10/07/2014 - 16:34:03:    path_goal ( "-3076.54 -1225.00 -141.08" )
L 10/07/2014 - 16:34:06: "Splunk Ninja<12><[U:1:197422767]><Blue>" say "how do I change character?"
L 10/07/2014 - 16:34:07: "WITCH<3><BOT><Red>" stuck (position "-3051.38 -1312.94 -128.23") (duration "3.36") L 10/07/2014 - 16:34:07:    path_goal ( "-3025.00 -1308.07 -134.12" )
L 10/07/2014 - 16:34:07: "WITCH<3><BOT><Red>" stuck (position "-3055.52 -1284.17 -102.92") (duration "3.47") L 10/07/2014 - 16:34:07:    path_goal ( "-3025.00 -1308.07 -134.12" )
L 10/07/2014 - 16:34:08: "WITCH<3><BOT><Red>" stuck (position "-3075.27 -1145.30 -141.67") (duration "0.42") L 10/07/2014 - 16:34:08:    path_goal ( "-3078.06 -1225.00 -141.13" )
L 10/07/2014 - 16:34:18: "WITCH<3><BOT><Red>" stuck (position "-3028.05 -1255.25 -112.97") (duration "3.36") L 10/07/2014 - 16:34:18:    path_goal ( "-2984.56 -1301.97 -117.10" )
L 10/07/2014 - 16:34:18: "WITCH<3><BOT><Red>" stuck (position "-3029.43 -1258.07 -87.66") (duration "3.46") L 10/07/2014 - 16:34:18:    path_goal ( "-2984.56 -1301.97 -117.10" )
L 10/07/2014 - 16:34:19: "WITCH<3><BOT><Red>" stuck (position "-3004.64 -1318.97 -98.31") (duration "0.63") L 10/07/2014 - 16:34:19:    path_goal ( "-2984.56 -1301.97 -117.10" )
L 10/07/2014 - 16:34:19: World triggered "Round_Setup_End"
L 10/07/2014 - 16:34:20: "WITCH<3><BOT><Red>" stuck (position "-2977.42 -1223.90 -46.27") (duration "0.42") L 10/07/2014 - 16:34:20:    path_goal ( "-2938.70 -1179.67 -33.97" )
L 10/07/2014 - 16:34:24: "Chell<7><BOT><Red>" killed "Splunk Ninja<12><[U:1:197422767]><Blue>" with "tf_projectile_pipe_remote" (attacker_position "-3511 1081 0") (victim_position "-2824 1531 -108")
L 10/07/2014 - 16:34:24: "Me<5><BOT><Red>" triggered "kill assist" against "Splunk Ninja<12><[U:1:197422767]><Blue>" (assister_position "-3327 927 45") (attacker_position "-3511 1081 0") (victim_position "-2824 1531 -108")
L 10/07/2014 - 16:34:26: "WITCH<3><BOT><Red>" triggered "player_builtobject" (object "OBJ_SENTRYGUN") (position "-2359 -846 2")
L 10/07/2014 - 16:34:29: "Chucklenuts<2><BOT><Blue>" stuck (position "-2872.01 2016.03 -120.38") (duration "2.62") L 10/07/2014 - 16:34:29:    path_goal ( "-2775.00 2012.50 -126.87" )
L 10/07/2014 - 16:34:29: "Zepheniah Mann<9><BOT><Red>" triggered "chargedeployed"
L 10/07/2014 - 16:34:30: "Chucklenuts<2><BOT><Blue>" stuck (position "-2872.01 2016.03 -95.07") (duration "2.73") L 10/07/2014 - 16:34:30:    path_goal ( "-2775.00 2012.50 -126.87" )
L 10/07/2014 - 16:34:31: "Chucklenuts<2><BOT><Blue>" stuck (position "-2872.01 2019.33 -120.32") (duration "3.78") L 10/07/2014 - 16:34:31:    path_goal ( "-2775.00 2012.50 -126.87" )
L 10/07/2014 - 16:34:32: "Chucklenuts<2><BOT><Blue>" stuck (position "-2872.01 2009.55 -120.52") (duration "4.83") L 10/07/2014 - 16:34:32:    path_goal ( "-2775.00 2012.50 -126.87" )
L 10/07/2014 - 16:34:33: "Chucklenuts<2><BOT><Blue>" stuck (position "-2872.00 2009.69 -120.54") (duration "5.88") L 10/07/2014 - 16:34:33:    path_goal ( "-2775.00 2012.50 -126.87" )
L 10/07/2014 - 16:34:33: "Me<5><BOT><Red>" triggered "captureblocked" (cp "0") (cpname "#Goldrush_cap_1_A") (position "-3142 1214 -127")
L 10/07/2014 - 16:34:34: "Still Alive<4><BOT><Blue>" stuck (position "-2524.89 2215.97 -127.97") (duration "2.52") L 10/07/2014 - 16:34:34:    path_goal ( "-2550.85 2327.27 -127.97" )
L 10/07/2014 - 16:34:34: "Still Alive<4><BOT><Blue>" stuck (position "-2507.95 2215.97 -102.66") (duration "2.62") L 10/07/2014 - 16:34:34:    path_goal ( "NULL" )
L 10/07/2014 - 16:34:34: "Chucklenuts<2><BOT><Blue>" stuck (position "-2872.00 2004.09 -115.10") (duration "6.93") L 10/07/2014 - 16:34:34:    path_goal ( "-2775.00 2012.50 -126.87" )
L 10/07/2014 - 16:34:35: "Chucklenuts<2><BOT><Blue>" stuck (position "-2872.03 2020.82 -120.28") (duration "7.98") L 10/07/2014 - 16:34:35:    path_goal ( "-2775.00 2012.50 -126.87" )
L 10/07/2014 - 16:34:36: "Chucklenuts<2><BOT><Blue>" stuck (position "-2872.03 2017.85 -120.35") (duration "9.03") L 10/07/2014 - 16:34:36:    path_goal ( "-2775.00 2012.50 -126.87" )
L 10/07/2014 - 16:34:36: "That Guy Over There<13><[U:1:197468749]><>" connected, address "192.168.1.109:27005"
L 10/07/2014 - 16:34:36: "That Guy Over There<13><[U:1:197468749]><>" STEAM USERID validated
L 10/07/2014 - 16:34:37: "Chucklenuts<2><BOT><Blue>" stuck (position "-2872.00 2008.59 -120.54") (duration "10.08") L 10/07/2014 - 16:34:37:    path_goal ( "-2775.00 2012.50 -126.87" )
L 10/07/2014 - 16:34:38: "Splunk Ninja<12><[U:1:197422767]><Blue>" changed role to "medic"
L 10/07/2014 - 16:34:38: "Chucklenuts<2><BOT><Blue>" stuck (position "-2872.00 2021.81 -120.28") (duration "11.13") L 10/07/2014 - 16:34:38:    path_goal ( "-2775.00 2012.50 -126.87" )
L 10/07/2014 - 16:34:38: "Totally Not A Bot<8><BOT><Blue>" triggered "chargedeployed"
L 10/07/2014 - 16:34:39: "H@XX0RZ<6><BOT><Blue>" triggered "medic_death" against "Zepheniah Mann<9><BOT><Red>" (healing "543") (ubercharge "0")
L 10/07/2014 - 16:34:39: "H@XX0RZ<6><BOT><Blue>" killed "Zepheniah Mann<9><BOT><Red>" with "minigun" (attacker_position "-3224 1446 -127") (victim_position "-3117 1556 -127")
L 10/07/2014 - 16:34:39: "Totally Not A Bot<8><BOT><Blue>" triggered "kill assist" against "Zepheniah Mann<9><BOT><Red>" (assister_position "-3281 1401 -126") (attacker_position "-3224 1446 -127") (victim_position "-3117 1556 -127")
L 10/07/2014 - 16:34:39: "Chucklenuts<2><BOT><Blue>" stuck (position "-2872.00 2017.90 -120.35") (duration "12.21") L 10/07/2014 - 16:34:39:    path_goal ( "-2775.00 2012.50 -126.87" )
L 10/07/2014 - 16:34:40: "That Guy Over There<13><[U:1:197468749]><>" entered the game
L 10/07/2014 - 16:34:40: "Chucklenuts<2><BOT><Blue>" stuck (position "-2872.00 2009.64 -120.55") (duration "13.26") L 10/07/2014 - 16:34:40:    path_goal ( "-2775.00 2012.50 -126.87" )
L 10/07/2014 - 16:34:40: "Chell<7><BOT><Red>" killed "Nobody<10><[U:1:197287110]><Blue>" with "tf_projectile_pipe" (attacker_position "-3321 723 -127") (victim_position "-3131 1192 -126")
L 10/07/2014 - 16:34:41: "Chucklenuts<2><BOT><Blue>" stuck (position "-2872.00 2019.04 -120.32") (duration "14.31") L 10/07/2014 - 16:34:41:    path_goal ( "-2775.00 2012.50 -126.87" )
L 10/07/2014 - 16:34:42: "Chucklenuts<2><BOT><Blue>" stuck (position "-2872.00 2015.98 -120.41") (duration "15.36") L 10/07/2014 - 16:34:42:    path_goal ( "-2775.00 2012.50 -126.87" )
L 10/07/2014 - 16:34:42: "Me<5><BOT><Red>" killed "Still Alive<4><BOT><Blue>" with "tf_projectile_rocket" (attacker_position "-3367 791 -126") (victim_position "-3314 1283 -87")
L 10/07/2014 - 16:34:42: "Chell<7><BOT><Red>" triggered "kill assist" against "Still Alive<4><BOT><Blue>" (assister_position "-3192 837 -125") (attacker_position "-3367 791 -126") (victim_position "-3314 1283 -87")
L 10/07/2014 - 16:34:42: "Still Alive<4><BOT><Blue>" changed role to "pyro"
L 10/07/2014 - 16:34:43: "H@XX0RZ<6><BOT><Blue>" killed "Chell<7><BOT><Red>" with "minigun" (attacker_position "-3238 1269 -127") (victim_position "-2998 840 -125")
L 10/07/2014 - 16:34:43: "Totally Not A Bot<8><BOT><Blue>" triggered "kill assist" against "Chell<7><BOT><Red>" (assister_position "-3294 1336 -125") (attacker_position "-3238 1269 -127") (victim_position "-2998 840 -125")
L 10/07/2014 - 16:34:43: "Chell<7><BOT><Red>" changed role to "spy"
L 10/07/2014 - 16:34:43: "Chucklenuts<2><BOT><Blue>" stuck (position "-2872.00 2002.00 -115.10") (duration "16.41") L 10/07/2014 - 16:34:43:    path_goal ( "-2775.00 2012.50 -126.87" )
L 10/07/2014 - 16:34:44: "Chucklenuts<2><BOT><Blue>" stuck (position "-2872.00 2019.42 -120.31") (duration "17.46") L 10/07/2014 - 16:34:44:    path_goal ( "-2775.00 2012.50 -126.87" )
L 10/07/2014 - 16:34:45: "H@XX0RZ<6><BOT><Blue>" killed "Me<5><BOT><Red>" with "minigun" (attacker_position "-3286 1260 -127") (victim_position "-3055 800 -124")
L 10/07/2014 - 16:34:45: "Totally Not A Bot<8><BOT><Blue>" triggered "kill assist" against "Me<5><BOT><Red>" (assister_position "-3294 1325 -125") (attacker_position "-3286 1260 -127") (victim_position "-3055 800 -124")
L 10/07/2014 - 16:34:45: "Me<5><BOT><Red>" changed role to "sniper"
L 10/07/2014 - 16:34:45: "Chucklenuts<2><BOT><Blue>" stuck (position "-2878.29 2013.80 -120.14") (duration "18.51") L 10/07/2014 - 16:34:45:    path_goal ( "-2850.00 2012.50 -123.38" )
L 10/07/2014 - 16:34:48: "That Guy Over There<13><[U:1:197468749]><Unassigned>" joined team "Red"
L 10/07/2014 - 16:34:49: "Chucklenuts<2><BOT><Blue>" stuck (position "-2898.02 2023.98 -119.02") (duration "0.10") L 10/07/2014 - 16:34:49:    path_goal ( "-2900.00 1850.00 -125.51" )
L 10/07/2014 - 16:34:50: "That Guy Over There<13><[U:1:197468749]><Red>" changed role to "engineer"
L 10/07/2014 - 16:34:50: "Chucklenuts<2><BOT><Blue>" stuck (position "-2872.03 2006.56 -115.13") (duration "1.15") L 10/07/2014 - 16:34:50:    path_goal ( "-2775.00 2012.50 -126.87" )
L 10/07/2014 - 16:34:51: "Chucklenuts<2><BOT><Blue>" stuck (position "-2872.01 2007.49 -115.11") (duration "2.21") L 10/07/2014 - 16:34:51:    path_goal ( "-2775.00 2012.50 -126.87" )
L 10/07/2014 - 16:34:52: "WITCH<3><BOT><Red>" triggered "player_builtobject" (object "OBJ_DISPENSER") (position "-2366 -848 2")
L 10/07/2014 - 16:34:53: "Chucklenuts<2><BOT><Blue>" stuck (position "-2872.03 2010.52 -120.50") (duration "3.26") L 10/07/2014 - 16:34:53:    path_goal ( "-2775.00 2012.50 -126.87" )
L 10/07/2014 - 16:34:54: "Chucklenuts<2><BOT><Blue>" stuck (position "-2872.00 2002.73 -115.10") (duration "4.31") L 10/07/2014 - 16:34:54:    path_goal ( "-2775.00 2012.50 -126.87" )
L 10/07/2014 - 16:34:55: "Chucklenuts<2><BOT><Blue>" stuck (position "-2885.24 1966.44 -122.37") (duration "5.35") L 10/07/2014 - 16:34:55:    path_goal ( "-2900.00 1850.00 -125.51" )
L 10/07/2014 - 16:34:55: "That Guy Over There<13><[U:1:197468749]><Red>" triggered "player_builtobject" (object "OBJ_TELEPORTER") (position "-4530 -2459 0")
L 10/07/2014 - 16:34:55: "H@XX0RZ<6><BOT><Blue>" killed "Chief Data Wrangler<11><[U:1:197363721]><Red>" with "minigun" (attacker_position "-2962 1580 -127") (victim_position "-3280 1136 -127")
L 10/07/2014 - 16:34:55: "Splunk Ninja<12><[U:1:197422767]><Blue>" triggered "kill assist" against "Chief Data Wrangler<11><[U:1:197363721]><Red>" (assister_position "-2798 1810 -127") (attacker_position "-2962 1580 -127") (victim_position "-3280 1136 -127")
L 10/07/2014 - 16:35:01: "Splunk Ninja<12><[U:1:197422767]><Blue>" triggered "player_extinguished" against "Totally Not A Bot<8><BOT><Blue>" with "tf_weapon_medigun" (attacker_position "-3236 1333 -127") (victim_position "-3229 1095 -127")
L 10/07/2014 - 16:35:05: "Zepheniah Mann<9><BOT><Red>" stuck (position "-4331.78 -2223.73 -31.97") (duration "3.15") L 10/07/2014 - 16:35:05:    path_goal ( "NULL" )
L 10/07/2014 - 16:35:05: "Zepheniah Mann<9><BOT><Red>" stuck (position "-4320.35 -2207.26 -6.66") (duration "3.26") L 10/07/2014 - 16:35:05:    path_goal ( "NULL" )
L 10/07/2014 - 16:35:09: "That Guy Over There<13><[U:1:197468749]><Red>" triggered "player_builtobject" (object "OBJ_DISPENSER") (position "-3854 -1698 144")
L 10/07/2014 - 16:35:10: "Zepheniah Mann<9><BOT><Red>" stuck (position "-4355.22 -2221.17 -31.97") (duration "3.15") L 10/07/2014 - 16:35:10:    path_goal ( "NULL" )
L 10/07/2014 - 16:35:10: "Zepheniah Mann<9><BOT><Red>" stuck (position "-4364.68 -2221.16 -6.66") (duration "3.25") L 10/07/2014 - 16:35:10:    path_goal ( "NULL" )
L 10/07/2014 - 16:35:11: "Zepheniah Mann<9><BOT><Red>" stuck (position "-4345.20 -2222.21 -31.97") (duration "4.30") L 10/07/2014 - 16:35:11:    path_goal ( "NULL" )
L 10/07/2014 - 16:35:15: "Zepheniah Mann<9><BOT><Red>" stuck (position "-4327.37 -2253.02 -31.97") (duration "3.15") L 10/07/2014 - 16:35:15:    path_goal ( "NULL" )
L 10/07/2014 - 16:35:15: "Zepheniah Mann<9><BOT><Red>" stuck (position "-4314.64 -2239.81 -6.66") (duration "3.26") L 10/07/2014 - 16:35:15:    path_goal ( "NULL" )
L 10/07/2014 - 16:35:23: "Nobody<10><[U:1:197287110]><Blue>" triggered "killedobject" (object "OBJ_SENTRYGUN") (weapon "minigun") (objectowner "WITCH<3><BOT><Red>") (attacker_position "-2693 -45 -11")
L 10/07/2014 - 16:35:23: "Splunk Ninja<12><[U:1:197422767]><Blue>" triggered "killedobject" (object "OBJ_SENTRYGUN") (objectowner "WITCH<3><BOT><Red>") (assist "1") (assister_position "-2806 357 -89") (attacker_position "-2693 -45 -11")
L 10/07/2014 - 16:35:24: "Still Alive<4><BOT><Blue>" triggered "killedobject" (object "OBJ_DISPENSER") (weapon "shotgun_pyro") (objectowner "WITCH<3><BOT><Red>") (attacker_position "-2408 -142 2")
L 10/07/2014 - 16:35:27: "Nobody<10><[U:1:197287110]><Blue>" killed "Me<5><BOT><Red>" with "minigun" (attacker_position "-2371 -313 2") (victim_position "-2418 -1107 4")
L 10/07/2014 - 16:35:27: "Splunk Ninja<12><[U:1:197422767]><Blue>" triggered "kill assist" against "Me<5><BOT><Red>" (assister_position "-2488 -145 2") (attacker_position "-2371 -313 2") (victim_position "-2418 -1107 4")
L 10/07/2014 - 16:35:27: "Me<5><BOT><Red>" changed role to "soldier"
L 10/07/2014 - 16:35:30: Team "Blue" triggered "pointcaptured" (cp "0") (cpname "#Goldrush_cap_1_A") (numcappers "4") (player1 "Chucklenuts<2><BOT><Blue>") (position1 "-2302 -513 10") (player2 "Still Alive<4><BOT><Blue>") (position2 "-2404 -580 10") (player3 "H@XX0RZ<6><BOT><Blue>") (position3 "-2357 -483 6") (player4 "Nobody<10><[U:1:197287110]><Blue>") (position4 "-2303 -575 10") 
L 10/07/2014 - 16:35:39: "WITCH<3><BOT><Red>" triggered "player_builtobject" (object "OBJ_SENTRYGUN") (position "-3771 -2436 16")
L 10/07/2014 - 16:35:39: "Chell<7><BOT><Red>" triggered "medic_death" against "Splunk Ninja<12><[U:1:197422767]><Blue>" (healing "203") (ubercharge "0")
L 10/07/2014 - 16:35:39: "Chell<7><BOT><Red>" killed "Splunk Ninja<12><[U:1:197422767]><Blue>" with "knife" (customkill "backstab") (attacker_position "-2412 -1097 4") (victim_position "-2436 -1145 1")
L 10/07/2014 - 16:35:40: "Chell<7><BOT><Red>" triggered "medic_death" against "Totally Not A Bot<8><BOT><Blue>" (healing "1634") (ubercharge "0")
L 10/07/2014 - 16:35:40: "Chell<7><BOT><Red>" killed "Totally Not A Bot<8><BOT><Blue>" with "knife" (customkill "backstab") (attacker_position "-2495 -1096 5") (victim_position "-2543 -1102 2")
L 10/07/2014 - 16:35:40: "Totally Not A Bot<8><BOT><Blue>" changed role to "spy"
L 10/07/2014 - 16:35:46: "That Guy Over There<13><[U:1:197468749]><Red>" changed role to "demoman"
L 10/07/2014 - 16:35:50: "H@XX0RZ<6><BOT><Blue>" triggered "medic_death" against "Zepheniah Mann<9><BOT><Red>" (healing "123") (ubercharge "0")
L 10/07/2014 - 16:35:50: "H@XX0RZ<6><BOT><Blue>" killed "Zepheniah Mann<9><BOT><Red>" with "minigun" (attacker_position "-3010 -1919 1") (victim_position "-2923 -2263 0")
L 10/07/2014 - 16:35:50: "Nobody<10><[U:1:197287110]><Blue>" triggered "kill assist" against "Zepheniah Mann<9><BOT><Red>" (assister_position "-2976 -1915 1") (attacker_position "-3010 -1919 1") (victim_position "-2923 -2263 0")
L 10/07/2014 - 16:35:51: "Nobody<10><[U:1:197287110]><Blue>" killed "Chief Data Wrangler<11><[U:1:197363721]><Red>" with "minigun" (attacker_position "-3008 -1961 1") (victim_position "-2904 -2432 0")
L 10/07/2014 - 16:35:51: "H@XX0RZ<6><BOT><Blue>" triggered "kill assist" against "Chief Data Wrangler<11><[U:1:197363721]><Red>" (assister_position "-3033 -1959 1") (attacker_position "-3008 -1961 1") (victim_position "-2904 -2432 0")
L 10/07/2014 - 16:35:51: "Chell<7><BOT><Red>" killed "Chucklenuts<2><BOT><Blue>" with "knife" (customkill "backstab") (attacker_position "-2488 -1902 0") (victim_position "-2513 -1951 2")
L 10/07/2014 - 16:35:53: "That Guy Over There<13><[U:1:197468749]><Red>" killed "Still Alive<4><BOT><Blue>" with "tf_projectile_pipe_remote" (attacker_position "-3786 -2096 0") (victim_position "-3083 -2290 2")
L 10/07/2014 - 16:35:53: "Me<5><BOT><Red>" triggered "kill assist" against "Still Alive<4><BOT><Blue>" (assister_position "-3677 -1974 0") (attacker_position "-3786 -2096 0") (victim_position "-3083 -2290 2")
L 10/07/2014 - 16:35:53: "Still Alive<4><BOT><Blue>" changed role to "demoman"
L 10/07/2014 - 16:35:53: "That Guy Over There<13><[U:1:197468749]><Red>" killed "H@XX0RZ<6><BOT><Blue>" with "tf_projectile_pipe_remote" (attacker_position "-3830 -2035 0") (victim_position "-3053 -2290 63")
L 10/07/2014 - 16:35:53: "WITCH<3><BOT><Red>" triggered "kill assist" against "H@XX0RZ<6><BOT><Blue>" (assister_position "-4623 -1588 120") (attacker_position "-3830 -2035 0") (victim_position "-3053 -2290 63")
L 10/07/2014 - 16:35:53: "H@XX0RZ<6><BOT><Blue>" changed role to "demoman"
L 10/07/2014 - 16:35:54: "Splunk Ninja<12><[U:1:197422767]><Blue>" changed role to "sniper"
L 10/07/2014 - 16:35:55: "That Guy Over There<13><[U:1:197468749]><Red>" triggered "captureblocked" (cp "1") (cpname "#Goldrush_cap_1_B") (position "-3760 -2208 6")
L 10/07/2014 - 16:35:55: "That Guy Over There<13><[U:1:197468749]><Red>" killed "Nobody<10><[U:1:197287110]><Blue>" with "tf_projectile_pipe_remote" (attacker_position "-3760 -2208 6") (victim_position "-3093 -2343 2")
L 10/07/2014 - 16:35:55: "Me<5><BOT><Red>" triggered "kill assist" against "Nobody<10><[U:1:197287110]><Blue>" (assister_position "-3489 -1925 -124") (attacker_position "-3760 -2208 6") (victim_position "-3093 -2343 2")
L 10/07/2014 - 16:36:04: "WITCH<3><BOT><Red>" stuck (position "-3468.08 -1903.99 -3.97") (duration "3.36") L 10/07/2014 - 16:36:04:    path_goal ( "-3490.00 -1900.00 4.20" )
L 10/07/2014 - 16:36:04: "WITCH<3><BOT><Red>" stuck (position "-3483.14 -1914.86 21.34") (duration "3.46") L 10/07/2014 - 16:36:04:    path_goal ( "NULL" )
L 10/07/2014 - 16:36:05: "WITCH<3><BOT><Red>" stuck (position "-3499.08 -1855.09 -3.97") (duration "4.51") L 10/07/2014 - 16:36:05:    path_goal ( "-3250.00 -1825.00 -3.97" )
L 10/07/2014 - 16:36:17: "Chell<7><BOT><Red>" killed "Splunk Ninja<12><[U:1:197422767]><Blue>" with "knife" (customkill "backstab") (attacker_position "-2488 -1441 160") (victim_position "-2494 -1491 160")
L 10/07/2014 - 16:36:28: "Me<5><BOT><Red>" stuck (position "-3102.42 -2398.92 0.82") (duration "4.73") L 10/07/2014 - 16:36:28:    path_goal ( "-3199.99 -2370.22 0.47" )
L 10/07/2014 - 16:36:32: "Chucklenuts<2><BOT><Blue>" stuck (position "-3041.21 -1364.10 -124.16") (duration "2.52") L 10/07/2014 - 16:36:32:    path_goal ( "-2984.56 -1301.97 -117.10" )
L 10/07/2014 - 16:36:32: "Me<5><BOT><Red>" stuck (position "-3122.92 -2402.50 0.55") (duration "4.20") L 10/07/2014 - 16:36:32:    path_goal ( "-3199.99 -2370.22 -1.62" )
L 10/07/2014 - 16:36:37: "Chucklenuts<2><BOT><Blue>" killed "Chell<7><BOT><Red>" with "scattergun" (attacker_position "-3128 -1618 -120") (victim_position "-3253 -1396 -121")
L 10/07/2014 - 16:36:38: "Chell<7><BOT><Red>" changed role to "sniper"
L 10/07/2014 - 16:36:40: "Me<5><BOT><Red>" killed "Chucklenuts<2><BOT><Blue>" with "tf_projectile_rocket" (attacker_position "-3182 -2376 0") (victim_position "-3043 -1317 -116")
L 10/07/2014 - 16:36:40: "WITCH<3><BOT><Red>" triggered "kill assist" against "Chucklenuts<2><BOT><Blue>" (assister_position "-3772 -2121 0") (attacker_position "-3182 -2376 0") (victim_position "-3043 -1317 -116")
L 10/07/2014 - 16:36:41: "Splunk Ninja<12><[U:1:197422767]><Blue>" changed role to "medic"
L 10/07/2014 - 16:36:47: "Totally Not A Bot<8><BOT><Blue>" triggered "player_builtobject" (object "OBJ_ATTACHMENT_SAPPER") (position "-3678 -2366 0")
L 10/07/2014 - 16:36:49: "Me<5><BOT><Red>" stuck (position "-3191.38 -2372.40 0.03") (duration "4.20") L 10/07/2014 - 16:36:49:    path_goal ( "-3199.99 -2370.22 -1.62" )
L 10/07/2014 - 16:36:50: "Me<5><BOT><Red>" killed "H@XX0RZ<6><BOT><Blue>" with "tf_projectile_rocket" (attacker_position "-3150 -2329 7") (victim_position "-3421 -1563 -117")
L 10/07/2014 - 16:36:50: "Totally Not A Bot<8><BOT><Blue>" triggered "killedobject" (object "OBJ_SENTRYGUN") (weapon "obj_attachment_sapper") (objectowner "WITCH<3><BOT><Red>") (attacker_position "-3173 -2398 0")
L 10/07/2014 - 16:36:52: "Me<5><BOT><Red>" killed "Totally Not A Bot<8><BOT><Blue>" with "shotgun_soldier" (attacker_position "-3220 -2384 0") (victim_position "-3410 -2573 0")
L 10/07/2014 - 16:36:52: "Totally Not A Bot<8><BOT><Blue>" changed role to "sniper"
L 10/07/2014 - 16:36:54: "Still Alive<4><BOT><Blue>" killed "That Guy Over There<13><[U:1:197468749]><Red>" with "tf_projectile_pipe" (attacker_position "-3252 -1392 -121") (victim_position "-3783 -2014 0")
L 10/07/2014 - 16:36:54: "WITCH<3><BOT><Red>" triggered "player_builtobject" (object "OBJ_SENTRYGUN") (position "-3352 -2777 0")
L 10/07/2014 - 16:36:59: "Me<5><BOT><Red>" killed "Still Alive<4><BOT><Blue>" with "tf_projectile_rocket" (attacker_position "-3206 -2349 0") (victim_position "-3455 -1717 -127")
L 10/07/2014 - 16:36:59: "Still Alive<4><BOT><Blue>" changed role to "soldier"
L 10/07/2014 - 16:37:04: "Nobody<10><[U:1:197287110]><Blue>" triggered "killedobject" (object "OBJ_SENTRYGUN") (weapon "minigun") (objectowner "WITCH<3><BOT><Red>") (attacker_position "-3371 -2767 0")
L 10/07/2014 - 16:37:06: "Me<5><BOT><Red>" killed "Nobody<10><[U:1:197287110]><Blue>" with "tf_projectile_rocket" (attacker_position "-3293 -2360 0") (victim_position "-3263 -2634 4")
L 10/07/2014 - 16:37:06: "WITCH<3><BOT><Red>" triggered "kill assist" against "Nobody<10><[U:1:197287110]><Blue>" (assister_position "-3718 -2708 0") (attacker_position "-3293 -2360 0") (victim_position "-3263 -2634 4")
L 10/07/2014 - 16:37:09: "WITCH<3><BOT><Red>" triggered "player_builtobject" (object "OBJ_SENTRYGUN") (position "-3703 -2719 0")
L 10/07/2014 - 16:37:22: "Zepheniah Mann<9><BOT><Red>" triggered "chargedeployed"
L 10/07/2014 - 16:37:23: "WITCH<3><BOT><Red>" triggered "player_builtobject" (object "OBJ_DISPENSER") (position "-3720 -2743 0")
L 10/07/2014 - 16:37:25: "Chief Data Wrangler<11><[U:1:197363721]><Red>" triggered "medic_death" against "Splunk Ninja<12><[U:1:197422767]><Blue>" (healing "59") (ubercharge "0")
L 10/07/2014 - 16:37:25: "Chief Data Wrangler<11><[U:1:197363721]><Red>" killed "Splunk Ninja<12><[U:1:197422767]><Blue>" with "flamethrower" (attacker_position "-2404 -1101 3") (victim_position "-2280 -976 14")
L 10/07/2014 - 16:37:25: "Zepheniah Mann<9><BOT><Red>" triggered "kill assist" against "Splunk Ninja<12><[U:1:197422767]><Blue>" (assister_position "-2519 -1169 2") (attacker_position "-2404 -1101 3") (victim_position "-2280 -976 14")
L 10/07/2014 - 16:37:26: "nulltr0n<14><[U:1:197388838]><>" connected, address "192.168.1.114:27005"
L 10/07/2014 - 16:37:26: "nulltr0n<14><[U:1:197388838]><>" STEAM USERID validated
L 10/07/2014 - 16:37:34: "nulltr0n<14><[U:1:197388838]><>" entered the game
L 10/07/2014 - 16:37:37: "Splunk Ninja<12><[U:1:197422767]><Blue>" changed role to "sniper"
L 10/07/2014 - 16:37:45: "Chucklenuts<2><BOT><Blue>" stuck (position "-2876.03 -83.60 144.03") (duration "2.52") L 10/07/2014 - 16:37:45:    path_goal ( "-2815.00 -83.62 144.03" )
L 10/07/2014 - 16:37:45: "splunk> security warrior<15><[U:1:229722400]><>" connected, address "192.168.1.113:27005"
L 10/07/2014 - 16:37:46: "splunk> security warrior<15><[U:1:229722400]><>" STEAM USERID validated
L 10/07/2014 - 16:37:47: "Nobody<10><[U:1:197287110]><Blue>" killed "Chief Data Wrangler<11><[U:1:197363721]><Red>" with "minigun" (attacker_position "-2384 -1143 0") (victim_position "-2721 -1304 0")
L 10/07/2014 - 16:37:48: "Nobody<10><[U:1:197287110]><Blue>" triggered "medic_death" against "Zepheniah Mann<9><BOT><Red>" (healing "817") (ubercharge "0")
L 10/07/2014 - 16:37:48: "Nobody<10><[U:1:197287110]><Blue>" killed "Zepheniah Mann<9><BOT><Red>" with "minigun" (attacker_position "-2499 -1122 2") (victim_position "-2795 -1489 0")
L 10/07/2014 - 16:37:50: "splunk> security warrior<15><[U:1:229722400]><>" entered the game
L 10/07/2014 - 16:37:53: "splunk> CannonFodder<16><[U:1:197388939]><>" connected, address "192.168.1.112:27005"
L 10/07/2014 - 16:37:53: "Me<5><BOT><Red>" killed "Still Alive<4><BOT><Blue>" with "world" (attacker_position "-3727 -2797 0") (victim_position "-2918 -1824 0")
L 10/07/2014 - 16:37:53: "Me<5><BOT><Red>" triggered "domination" against "Still Alive<4><BOT><Blue>"
L 10/07/2014 - 16:37:53: "Still Alive<4><BOT><Blue>" changed role to "medic"
L 10/07/2014 - 16:37:53: "splunk> CannonFodder<16><[U:1:197388939]><>" STEAM USERID validated
L 10/07/2014 - 16:37:55: "Chell<7><BOT><Red>" killed "Chucklenuts<2><BOT><Blue>" with "sniperrifle" (attacker_position "-4383 -2080 192") (victim_position "-3161 -1946 2")
L 10/07/2014 - 16:37:55: "WITCH<3><BOT><Red>" triggered "kill assist" against "Chucklenuts<2><BOT><Blue>" (assister_position "-3736 -2752 0") (attacker_position "-4383 -2080 192") (victim_position "-3161 -1946 2")
L 10/07/2014 - 16:37:55: "nulltr0n<14><[U:1:197388838]><Unassigned>" joined team "Blue"
L 10/07/2014 - 16:37:56: "That Guy Over There<13><[U:1:197468749]><Red>" killed "Nobody<10><[U:1:197287110]><Blue>" with "tf_projectile_pipe_remote" (attacker_position "-3766 -1788 0") (victim_position "-2976 -2035 0")
L 10/07/2014 - 16:37:56: "WITCH<3><BOT><Red>" triggered "kill assist" against "Nobody<10><[U:1:197287110]><Blue>" (assister_position "-3746 -2713 0") (attacker_position "-3766 -1788 0") (victim_position "-2976 -2035 0")
L 10/07/2014 - 16:37:56: "splunk> CannonFodder<16><[U:1:197388939]><>" entered the game
L 10/07/2014 - 16:37:58: "WITCH<3><BOT><Red>" killed "H@XX0RZ<6><BOT><Blue>" with "obj_sentrygun" (attacker_position "-3591 -2770 0") (victim_position "-3155 -1711 -127")
L 10/07/2014 - 16:37:58: "Chell<7><BOT><Red>" triggered "kill assist" against "H@XX0RZ<6><BOT><Blue>" (assister_position "-4389 -2066 192") (attacker_position "-3591 -2770 0") (victim_position "-3155 -1711 -127")
L 10/07/2014 - 16:38:00: "H@XX0RZ<6><BOT><Blue>" killed "WITCH<3><BOT><Red>" with "tf_projectile_pipe" (attacker_position "-3155 -1711 -59") (victim_position "-3746 -2737 0")
L 10/07/2014 - 16:38:03: "splunk> CannonFodder<16><[U:1:197388939]><Unassigned>" joined team "Red"
L 10/07/2014 - 16:38:04: "splunk> CannonFodder<16><[U:1:197388939]><Red>" changed role to "soldier"
L 10/07/2014 - 16:38:04: "nulltr0n<14><[U:1:197388838]><Blue>" changed role to "heavyweapons"
L 10/07/2014 - 16:38:05: "Me<5><BOT><Red>" killed "Totally Not A Bot<8><BOT><Blue>" with "tf_projectile_rocket" (attacker_position "-3537 -2801 0") (victim_position "-3421 -1420 -125")
L 10/07/2014 - 16:38:05: "That Guy Over There<13><[U:1:197468749]><Red>" triggered "kill assist" against "Totally Not A Bot<8><BOT><Blue>" (assister_position "-3621 -1868 3") (attacker_position "-3537 -2801 0") (victim_position "-3421 -1420 -125")
L 10/07/2014 - 16:38:05: "Totally Not A Bot<8><BOT><Blue>" changed role to "demoman"
L 10/07/2014 - 16:38:07: "splunk> security warrior<15><[U:1:229722400]><Unassigned>" joined team "Blue"
L 10/07/2014 - 16:38:07: "Chief Data Wrangler<11><[U:1:197363721]><Red>" changed role to "heavyweapons"
L 10/07/2014 - 16:38:10: "Me<5><BOT><Red>" stuck (position "-3721.78 -2825.46 0.03") (duration "4.21") L 10/07/2014 - 16:38:10:    path_goal ( "NULL" )
L 10/07/2014 - 16:38:10: "Me<5><BOT><Red>" stuck (position "-3731.08 -2804.90 25.34") (duration "4.32") L 10/07/2014 - 16:38:10:    path_goal ( "NULL" )
L 10/07/2014 - 16:38:16: "Me<5><BOT><Red>" stuck (position "-3733.84 -2830.46 0.03") (duration "4.20") L 10/07/2014 - 16:38:16:    path_goal ( "-3736.95 -2813.69 0.10" )
L 10/07/2014 - 16:38:16: "Me<5><BOT><Red>" stuck (position "-3740.16 -2830.60 25.34") (duration "4.30") L 10/07/2014 - 16:38:16:    path_goal ( "NULL" )
L 10/07/2014 - 16:38:23: "Me<5><BOT><Red>" stuck (position "-3726.82 -2771.92 0.03") (duration "4.20") L 10/07/2014 - 16:38:23:    path_goal ( "-3736.95 -2813.69 0.10" )
L 10/07/2014 - 16:38:23: "Me<5><BOT><Red>" stuck (position "-3716.82 -2763.40 25.34") (duration "4.30") L 10/07/2014 - 16:38:23:    path_goal ( "NULL" )
L 10/07/2014 - 16:38:27: "splunk> security warrior<15><[U:1:229722400]><Blue>" changed role to "pyro"
L 10/07/2014 - 16:38:46: "WITCH<3><BOT><Red>" killed "H@XX0RZ<6><BOT><Blue>" with "obj_sentrygun2" (attacker_position "-3745 -2681 0") (victim_position "-3210 -1750 -127")
L 10/07/2014 - 16:38:46: "Chell<7><BOT><Red>" triggered "kill assist" against "H@XX0RZ<6><BOT><Blue>" (assister_position "-3931 -2407 192") (attacker_position "-3745 -2681 0") (victim_position "-3210 -1750 -127")
L 10/07/2014 - 16:38:49: "Chucklenuts<2><BOT><Blue>" stuck (position "-3127.44 -1183.97 160.03") (duration "2.54") L 10/07/2014 - 16:38:49:    path_goal ( "-3142.95 -1250.00 160.03" )
L 10/07/2014 - 16:38:49: "Chucklenuts<2><BOT><Blue>" stuck (position "-3106.80 -1183.97 185.34") (duration "2.64") L 10/07/2014 - 16:38:49:    path_goal ( "-3142.95 -1250.00 160.03" )
L 10/07/2014 - 16:38:52: "Chucklenuts<2><BOT><Blue>" stuck (position "-3114.01 -1183.97 160.03") (duration "2.52") L 10/07/2014 - 16:38:52:    path_goal ( "-3137.05 -1250.00 160.03" )
L 10/07/2014 - 16:38:54: "Splunk Ninja<12><[U:1:197422767]><Blue>" killed "Chell<7><BOT><Red>" with "sniperrifle" (customkill "headshot") (attacker_position "-2978 -2852 128") (victim_position "-3931 -2407 192")
L 10/07/2014 - 16:38:54: "Chell<7><BOT><Red>" changed role to "demoman"
L 10/07/2014 - 16:38:57: "That Guy Over There<13><[U:1:197468749]><Red>" killed "splunk> security warrior<15><[U:1:229722400]><Blue>" with "tf_projectile_pipe_remote" (attacker_position "-2892 -1888 0") (victim_position "-2409 -1113 3")
L 10/07/2014 - 16:38:57: "That Guy Over There<13><[U:1:197468749]><Red>" killed "nulltr0n<14><[U:1:197388838]><Blue>" with "tf_projectile_pipe_remote" (attacker_position "-2892 -1888 0") (victim_position "-2455 -1096 5")
L 10/07/2014 - 16:39:03: "Me<5><BOT><Red>" killed "Totally Not A Bot<8><BOT><Blue>" with "tf_projectile_rocket" (attacker_position "-3359 -1868 -3") (victim_position "-2845 -2410 176")
L 10/07/2014 - 16:39:05: "Nobody<10><[U:1:197287110]><Blue>" killed "splunk> CannonFodder<16><[U:1:197388939]><Red>" with "minigun" (attacker_position "-2740 -1368 0") (victim_position "-2752 -1691 1")
L 10/07/2014 - 16:39:05: "Still Alive<4><BOT><Blue>" triggered "kill assist" against "splunk> CannonFodder<16><[U:1:197388939]><Red>" (assister_position "-2627 -1467 0") (attacker_position "-2740 -1368 0") (victim_position "-2752 -1691 1")
L 10/07/2014 - 16:39:07: "That Guy Over There<13><[U:1:197468749]><Red>" killed "Nobody<10><[U:1:197287110]><Blue>" with "tf_projectile_pipe_remote" (attacker_position "-3025 -1121 -140") (victim_position "-2787 -1614 2")
L 10/07/2014 - 16:39:07: "Chief Data Wrangler<11><[U:1:197363721]><Red>" triggered "kill assist" against "Nobody<10><[U:1:197287110]><Blue>" (assister_position "-3619 -1704 6") (attacker_position "-3025 -1121 -140") (victim_position "-2787 -1614 2")
L 10/07/2014 - 16:39:07: "Me<5><BOT><Red>" triggered "medic_death" against "Still Alive<4><BOT><Blue>" (healing "764") (ubercharge "0")
L 10/07/2014 - 16:39:07: "Me<5><BOT><Red>" killed "Still Alive<4><BOT><Blue>" with "tf_projectile_rocket" (attacker_position "-3381 -1863 -3") (victim_position "-2696 -1466 1")
L 10/07/2014 - 16:39:07: "Chief Data Wrangler<11><[U:1:197363721]><Red>" triggered "kill assist" against "Still Alive<4><BOT><Blue>" (assister_position "-3619 -1704 6") (attacker_position "-3381 -1863 -3") (victim_position "-2696 -1466 1")
L 10/07/2014 - 16:39:08: "splunk> CannonFodder<16><[U:1:197388939]><Red>" changed role to "demoman"
L 10/07/2014 - 16:39:19: "nulltr0n<14><[U:1:197388838]><Blue>" changed role to "demoman"
L 10/07/2014 - 16:39:23: "Me<5><BOT><Red>" stuck (position "-3626.04 -2826.23 0.03") (duration "4.20") L 10/07/2014 - 16:39:23:    path_goal ( "-3625.00 -2750.00 0.03" )
L 10/07/2014 - 16:39:23: "WITCH<3><BOT><Red>" killed "Chucklenuts<2><BOT><Blue>" with "obj_sentrygun3" (attacker_position "-3665 -2793 0") (victim_position "-3154 -2869 128")
L 10/07/2014 - 16:39:31: "Zepheniah Mann<9><BOT><Red>" triggered "chargedeployed"
L 10/07/2014 - 16:39:33: "Me<5><BOT><Red>" stuck (position "-3682.15 -2717.50 0.03") (duration "4.20") L 10/07/2014 - 16:39:33:    path_goal ( "-3250.00 -2475.00 -0.51" )
L 10/07/2014 - 16:39:35: "That Guy Over There<13><[U:1:197468749]><Red>" killed "H@XX0RZ<6><BOT><Blue>" with "tf_projectile_pipe_remote" (attacker_position "-3489 -1811 -3") (victim_position "-3048 -1308 -128")
L 10/07/2014 - 16:39:35: "Chief Data Wrangler<11><[U:1:197363721]><Red>" triggered "kill assist" against "H@XX0RZ<6><BOT><Blue>" (assister_position "-3222 -1500 -126") (attacker_position "-3489 -1811 -3") (victim_position "-3048 -1308 -128")
L 10/07/2014 - 16:39:45: "WITCH<3><BOT><Red>" killed "Splunk Ninja<12><[U:1:197422767]><Blue>" with "obj_sentrygun3" (attacker_position "-3662 -2770 0") (victim_position "-2686 -2471 176")
L 10/07/2014 - 16:39:45: "Chell<7><BOT><Red>" killed "Totally Not A Bot<8><BOT><Blue>" with "tf_projectile_pipe" (attacker_position "-2647 -1635 1") (victim_position "-2648 -1560 195")
L 10/07/2014 - 16:39:52: "Splunk Ninja<12><[U:1:197422767]><Blue>" changed role to "heavyweapons"
L 10/07/2014 - 16:39:55: "splunk> CannonFodder<16><[U:1:197388939]><Red>" killed "Nobody<10><[U:1:197287110]><Blue>" with "tf_projectile_pipe_remote" (attacker_position "-2689 -1495 4") (victim_position "-2392 -1129 1")
L 10/07/2014 - 16:39:55: "That Guy Over There<13><[U:1:197468749]><Red>" triggered "kill assist" against "Nobody<10><[U:1:197287110]><Blue>" (assister_position "-2664 -1588 1") (attacker_position "-2689 -1495 4") (victim_position "-2392 -1129 1")
L 10/07/2014 - 16:39:55: "That Guy Over There<13><[U:1:197468749]><Red>" triggered "domination" against "Nobody<10><[U:1:197287110]><Blue>" (assist "1")
L 10/07/2014 - 16:39:58: "Nobody<10><[U:1:197287110]><Blue>" changed role to "spy"
L 10/07/2014 - 16:39:59: "Chell<7><BOT><Red>" killed "splunk> security warrior<15><[U:1:229722400]><Blue>" with "tf_projectile_pipe_remote" (attacker_position "-3665 -2476 8") (victim_position "-3081 -1503 -111")
L 10/07/2014 - 16:39:59: "Me<5><BOT><Red>" triggered "kill assist" against "splunk> security warrior<15><[U:1:229722400]><Blue>" (assister_position "-2990 -2064 1") (attacker_position "-3665 -2476 8") (victim_position "-3081 -1503 -111")
L 10/07/2014 - 16:40:02: "Splunk Ninja<12><[U:1:197422767]><Blue>" say_team "need medic"
L 10/07/2014 - 16:40:09: "Chell<7><BOT><Red>" killed "Chucklenuts<2><BOT><Blue>" with "tf_projectile_pipe" (attacker_position "-3465 -2308 -14") (victim_position "-3031 -1494 -113")
L 10/07/2014 - 16:40:09: "Me<5><BOT><Red>" triggered "kill assist" against "Chucklenuts<2><BOT><Blue>" (assister_position "-2988 -2063 1") (attacker_position "-3465 -2308 -14") (victim_position "-3031 -1494 -113")
L 10/07/2014 - 16:40:12: "splunk> security warrior<15><[U:1:229722400]><Blue>" changed role to "soldier"
L 10/07/2014 - 16:40:17: "Nobody<10><[U:1:197287110]><Blue>" changed role to "medic"
L 10/07/2014 - 16:40:17: "H@XX0RZ<6><BOT><Blue>" killed "splunk> CannonFodder<16><[U:1:197388939]><Red>" with "tf_projectile_pipe" (attacker_position "-2909 -1548 0") (victim_position "-2984 -1656 4")
L 10/07/2014 - 16:40:17: "H@XX0RZ<6><BOT><Blue>" killed "That Guy Over There<13><[U:1:197468749]><Red>" with "tf_projectile_pipe" (attacker_position "-2909 -1548 0") (victim_position "-2903 -1500 0")
L 10/07/2014 - 16:40:17: "That Guy Over There<13><[U:1:197468749]><Red>" killed "H@XX0RZ<6><BOT><Blue>" with "world" (attacker_position "-2903 -1500 0") (victim_position "-2909 -1548 0")
L 10/07/2014 - 16:40:19: "That Guy Over There<13><[U:1:197468749]><Red>" triggered "medic_death" against "Still Alive<4><BOT><Blue>" (healing "473") (ubercharge "0")
L 10/07/2014 - 16:40:19: "That Guy Over There<13><[U:1:197468749]><Red>" killed "Still Alive<4><BOT><Blue>" with "tf_projectile_pipe" (attacker_position "-2903 -1500 14") (victim_position "-3543 -1262 160")
L 10/07/2014 - 16:40:19: "Still Alive<4><BOT><Blue>" changed role to "spy"
L 10/07/2014 - 16:40:26: "Me<5><BOT><Red>" stuck (position "-3733.19 -2800.35 0.03") (duration "4.22") L 10/07/2014 - 16:40:26:    path_goal ( "NULL" )
L 10/07/2014 - 16:40:26: "Me<5><BOT><Red>" stuck (position "-3716.22 -2781.88 25.34") (duration "4.32") L 10/07/2014 - 16:40:26:    path_goal ( "NULL" )
L 10/07/2014 - 16:40:28: "Splunk Ninja<12><[U:1:197422767]><Blue>" killed "Chief Data Wrangler<11><[U:1:197363721]><Red>" with "minigun" (attacker_position "-2447 -443 2") (victim_position "-2817 -540 0")
L 10/07/2014 - 16:40:28: "Nobody<10><[U:1:197287110]><Blue>" triggered "kill assist" against "Chief Data Wrangler<11><[U:1:197363721]><Red>" (assister_position "-2303 -179 2") (attacker_position "-2447 -443 2") (victim_position "-2817 -540 0")
L 10/07/2014 - 16:40:29: "Splunk Ninja<12><[U:1:197422767]><Blue>" triggered "medic_death" against "Zepheniah Mann<9><BOT><Red>" (healing "2124") (ubercharge "0")
L 10/07/2014 - 16:40:29: "Splunk Ninja<12><[U:1:197422767]><Blue>" killed "Zepheniah Mann<9><BOT><Red>" with "minigun" (attacker_position "-2424 -534 0") (victim_position "-2678 -638 4")
L 10/07/2014 - 16:40:29: "Nobody<10><[U:1:197287110]><Blue>" triggered "kill assist" against "Zepheniah Mann<9><BOT><Red>" (assister_position "-2247 -445 7") (attacker_position "-2424 -534 0") (victim_position "-2678 -638 4")
L 10/07/2014 - 16:40:43: "Totally Not A Bot<8><BOT><Blue>" killed "Chell<7><BOT><Red>" with "tf_projectile_pipe" (attacker_position "-2736 -1150 160") (victim_position "-2559 -1721 0")
L 10/07/2014 - 16:40:43: "nulltr0n<14><[U:1:197388838]><Blue>" triggered "kill assist" against "Chell<7><BOT><Red>" (assister_position "-3632 -1294 160") (attacker_position "-2736 -1150 160") (victim_position "-2559 -1721 0")
L 10/07/2014 - 16:40:43: "Chell<7><BOT><Red>" changed role to "pyro"
L 10/07/2014 - 16:40:49: "Totally Not A Bot<8><BOT><Blue>" killed "Me<5><BOT><Red>" with "tf_projectile_pipe" (attacker_position "-2612 -1506 0") (victim_position "-2525 -1892 3")
L 10/07/2014 - 16:40:49: "Me<5><BOT><Red>" changed role to "engineer"
L 10/07/2014 - 16:40:52: "splunk> CannonFodder<16><[U:1:197388939]><Red>" killed "Chucklenuts<2><BOT><Blue>" with "tf_projectile_pipe" (attacker_position "-3864 -1850 -1") (victim_position "-2672 -1314 0")
L 10/07/2014 - 16:40:58: "Splunk Ninja<12><[U:1:197422767]><Blue>" killed "That Guy Over There<13><[U:1:197468749]><Red>" with "minigun" (attacker_position "-2899 -1284 4") (victim_position "-3049 -1354 -126")
L 10/07/2014 - 16:40:58: "Nobody<10><[U:1:197287110]><Blue>" triggered "kill assist" against "That Guy Over There<13><[U:1:197468749]><Red>" (assister_position "-2893 -1315 3") (attacker_position "-2899 -1284 4") (victim_position "-3049 -1354 -126")
L 10/07/2014 - 16:40:58: "Nobody<10><[U:1:197287110]><Blue>" triggered "revenge" against "That Guy Over There<13><[U:1:197468749]><Red>" (assist "1")
L 10/07/2014 - 16:41:01: "Totally Not A Bot<8><BOT><Blue>" triggered "killedobject" (object "OBJ_SENTRYGUN") (weapon "tf_projectile_pipe_remote") (objectowner "WITCH<3><BOT><Red>") (attacker_position "-2720 -2424 176")
L 10/07/2014 - 16:41:03: "H@XX0RZ<6><BOT><Blue>" killed "splunk> CannonFodder<16><[U:1:197388939]><Red>" with "tf_projectile_pipe" (attacker_position "-2897 -1424 0") (victim_position "-2918 -1895 0")
L 10/07/2014 - 16:41:03: "Splunk Ninja<12><[U:1:197422767]><Blue>" triggered "kill assist" against "splunk> CannonFodder<16><[U:1:197388939]><Red>" (assister_position "-3096 -1725 -127") (attacker_position "-2897 -1424 0") (victim_position "-2918 -1895 0")
L 10/07/2014 - 16:41:04: "WITCH<3><BOT><Red>" triggered "player_builtobject" (object "OBJ_SENTRYGUN") (position "-3502 -2993 0")
L 10/07/2014 - 16:41:08: "Splunk Ninja<12><[U:1:197422767]><Blue>" triggered "killedobject" (object "OBJ_DISPENSER") (weapon "minigun") (objectowner "WITCH<3><BOT><Red>") (attacker_position "-3230 -2188 -66")
L 10/07/2014 - 16:41:08: "Nobody<10><[U:1:197287110]><Blue>" triggered "killedobject" (object "OBJ_DISPENSER") (objectowner "WITCH<3><BOT><Red>") (assist "1") (assister_position "-3316 -2052 -116") (attacker_position "-3230 -2188 -66")
L 10/07/2014 - 16:41:10: "Splunk Ninja<12><[U:1:197422767]><Blue>" killed "WITCH<3><BOT><Red>" with "minigun" (attacker_position "-3181 -2351 0") (victim_position "-3536 -2899 0")
L 10/07/2014 - 16:41:10: "Nobody<10><[U:1:197287110]><Blue>" triggered "kill assist" against "WITCH<3><BOT><Red>" (assister_position "-3345 -2039 -117") (attacker_position "-3181 -2351 0") (victim_position "-3536 -2899 0")
L 10/07/2014 - 16:41:10: "Chief Data Wrangler<11><[U:1:197363721]><Red>" killed "Splunk Ninja<12><[U:1:197422767]><Blue>" with "minigun" (attacker_position "-3745 -2840 0") (victim_position "-3174 -2356 0")
L 10/07/2014 - 16:41:10: "Zepheniah Mann<9><BOT><Red>" triggered "kill assist" against "Splunk Ninja<12><[U:1:197422767]><Blue>" (assister_position "-3924 -2906 0") (attacker_position "-3745 -2840 0") (victim_position "-3174 -2356 0")
L 10/07/2014 - 16:41:11: "Chell<7><BOT><Red>" killed "Totally Not A Bot<8><BOT><Blue>" with "deflect_promode" (attacker_position "-2942 -1645 0") (victim_position "-2868 -1865 99")
L 10/07/2014 - 16:41:11: "Chief Data Wrangler<11><[U:1:197363721]><Red>" triggered "kill assist" against "Totally Not A Bot<8><BOT><Blue>" (assister_position "-3745 -2840 0") (attacker_position "-2942 -1645 0") (victim_position "-2868 -1865 99")
L 10/07/2014 - 16:41:11: "Totally Not A Bot<8><BOT><Blue>" changed role to "soldier"
L 10/07/2014 - 16:41:20: "Me<5><BOT><Red>" triggered "player_builtobject" (object "OBJ_SENTRYGUN") (position "-3867 -1850 -1")
L 10/07/2014 - 16:41:27: "That Guy Over There<13><[U:1:197468749]><Red>" killed "Chucklenuts<2><BOT><Blue>" with "tf_projectile_pipe" (attacker_position "-4068 -1970 1") (victim_position "-2952 -2075 95")
L 10/07/2014 - 16:41:28: "Me<5><BOT><Red>" killed "H@XX0RZ<6><BOT><Blue>" with "obj_sentrygun" (attacker_position "-3959 -1871 -3") (victim_position "-2910 -1619 0")
L 10/07/2014 - 16:41:28: "That Guy Over There<13><[U:1:197468749]><Red>" triggered "kill assist" against "H@XX0RZ<6><BOT><Blue>" (assister_position "-3905 -2029 0") (attacker_position "-3959 -1871 -3") (victim_position "-2910 -1619 0")
L 10/07/2014 - 16:41:30: "Chell<7><BOT><Red>" triggered "captureblocked" (cp "1") (cpname "#Goldrush_cap_1_B") (position "-3068 -2070 1")
L 10/07/2014 - 16:41:30: "Zepheniah Mann<9><BOT><Red>" triggered "captureblocked" (cp "1") (cpname "#Goldrush_cap_1_B") (position "-3092 -2240 2")
L 10/07/2014 - 16:41:32: "WITCH<3><BOT><Red>" triggered "captureblocked" (cp "1") (cpname "#Goldrush_cap_1_B") (position "-4039 -2902 0")
L 10/07/2014 - 16:41:32: "WITCH<3><BOT><Red>" killed "Still Alive<4><BOT><Blue>" with "obj_sentrygun" (attacker_position "-4039 -2902 0") (victim_position "-3067 -2190 1")
L 10/07/2014 - 16:41:32: "Me<5><BOT><Red>" triggered "kill assist" against "Still Alive<4><BOT><Blue>" (assister_position "-3308 -1960 -127") (attacker_position "-4039 -2902 0") (victim_position "-3067 -2190 1")
L 10/07/2014 - 16:41:32: "Still Alive<4><BOT><Blue>" changed role to "demoman"
L 10/07/2014 - 16:41:41: "nulltr0n<14><[U:1:197388838]><Blue>" triggered "medic_death" against "Zepheniah Mann<9><BOT><Red>" (healing "777") (ubercharge "0")
L 10/07/2014 - 16:41:41: "nulltr0n<14><[U:1:197388838]><Blue>" killed "Zepheniah Mann<9><BOT><Red>" with "tf_projectile_pipe_remote" (attacker_position "-3343 -1295 160") (victim_position "-3141 -2232 0")
L 10/07/2014 - 16:41:47: "splunk> CannonFodder<16><[U:1:197388939]><Red>" killed "nulltr0n<14><[U:1:197388838]><Blue>" with "tf_projectile_pipe" (attacker_position "-3535 -1854 -3") (victim_position "-3343 -1293 160")
L 10/07/2014 - 16:41:47: "Chief Data Wrangler<11><[U:1:197363721]><Red>" triggered "kill assist" against "nulltr0n<14><[U:1:197388838]><Blue>" (assister_position "-3079 -2226 1") (attacker_position "-3535 -1854 -3") (victim_position "-3343 -1293 160")
L 10/07/2014 - 16:41:51: "Me<5><BOT><Red>" triggered "player_builtobject" (object "OBJ_DISPENSER") (position "-3879 -1858 -2")
L 10/07/2014 - 16:41:52: "Me<5><BOT><Red>" killed "splunk> security warrior<15><[U:1:229722400]><Blue>" with "obj_sentrygun" (attacker_position "-3663 -2023 1") (victim_position "-3033 -1352 -117")
L 10/07/2014 - 16:41:56: "nulltr0n<14><[U:1:197388838]><Blue>" changed role to "sniper"
L 10/07/2014 - 16:42:04: "Splunk Ninja<12><[U:1:197422767]><Blue>" triggered "killedobject" (object "OBJ_SENTRYGUN") (weapon "minigun") (objectowner "Me<5><BOT><Red>") (attacker_position "-2578 -1442 3")
L 10/07/2014 - 16:42:04: "Nobody<10><[U:1:197287110]><Blue>" triggered "killedobject" (object "OBJ_SENTRYGUN") (objectowner "Me<5><BOT><Red>") (assist "1") (assister_position "-2490 -1663 9") (attacker_position "-2578 -1442 3")
L 10/07/2014 - 16:42:05: "Chell<7><BOT><Red>" stuck (position "-3550.12 -2647.73 0.03") (duration "3.36") L 10/07/2014 - 16:42:05:    path_goal ( "-3537.96 -2647.77 0.27" )
L 10/07/2014 - 16:42:06: "Nobody<10><[U:1:197287110]><Blue>" triggered "chargedeployed"
L 10/07/2014 - 16:42:10: "Chell<7><BOT><Red>" stuck (position "-3545.38 -2649.09 0.03") (duration "3.36") L 10/07/2014 - 16:42:10:    path_goal ( "-3537.96 -2647.77 0.27" )
L 10/07/2014 - 16:42:10: "That Guy Over There<13><[U:1:197468749]><Red>" triggered "captureblocked" (cp "1") (cpname "#Goldrush_cap_1_B") (position "-3789 -1699 144")
L 10/07/2014 - 16:42:10: "That Guy Over There<13><[U:1:197468749]><Red>" killed "Totally Not A Bot<8><BOT><Blue>" with "tf_projectile_pipe_remote" (attacker_position "-3789 -1699 144") (victim_position "-3001 -2129 1")
L 10/07/2014 - 16:42:10: "That Guy Over There<13><[U:1:197468749]><Red>" killed "Chucklenuts<2><BOT><Blue>" with "tf_projectile_pipe_remote" (attacker_position "-3789 -1699 144") (victim_position "-3186 -1804 -124")
L 10/07/2014 - 16:42:10: "Totally Not A Bot<8><BOT><Blue>" changed role to "demoman"
L 10/07/2014 - 16:42:11: "Chief Data Wrangler<11><[U:1:197363721]><Red>" killed "H@XX0RZ<6><BOT><Blue>" with "minigun" (attacker_position "-2910 -1697 0") (victim_position "-2851 -1583 0")
L 10/07/2014 - 16:42:11: "H@XX0RZ<6><BOT><Blue>" changed role to "scout"
L 10/07/2014 - 16:42:13: "Chell<7><BOT><Red>" stuck (position "-3492.32 -2639.00 0.03") (duration "3.38") L 10/07/2014 - 16:42:13:    path_goal ( "-3250.00 -2475.00 -0.51" )
L 10/07/2014 - 16:42:13: "Me<5><BOT><Red>" triggered "player_builtobject" (object "OBJ_SENTRYGUN") (position "-3589 -2609 0")
L 10/07/2014 - 16:42:19: "Splunk Ninja<12><[U:1:197422767]><Blue>" killed "Chief Data Wrangler<11><[U:1:197363721]><Red>" with "minigun" (attacker_position "-2776 -1469 0") (victim_position "-2752 -1691 1")
L 10/07/2014 - 16:42:19: "Nobody<10><[U:1:197287110]><Blue>" triggered "kill assist" against "Chief Data Wrangler<11><[U:1:197363721]><Red>" (assister_position "-2717 -1393 0") (attacker_position "-2776 -1469 0") (victim_position "-2752 -1691 1")
L 10/07/2014 - 16:42:22: "Splunk Ninja<12><[U:1:197422767]><Blue>" triggered "killedobject" (object "OBJ_SENTRYGUN") (weapon "minigun") (objectowner "Me<5><BOT><Red>") (attacker_position "-2944 -1666 0")
L 10/07/2014 - 16:42:22: "Nobody<10><[U:1:197287110]><Blue>" triggered "killedobject" (object "OBJ_SENTRYGUN") (objectowner "Me<5><BOT><Red>") (assist "1") (assister_position "-2726 -1412 0") (attacker_position "-2944 -1666 0")
L 10/07/2014 - 16:42:26: "That Guy Over There<13><[U:1:197468749]><Red>" triggered "captureblocked" (cp "1") (cpname "#Goldrush_cap_1_B") (position "-4636 -1569 120")
L 10/07/2014 - 16:42:26: "That Guy Over There<13><[U:1:197468749]><Red>" killed "Still Alive<4><BOT><Blue>" with "tf_projectile_pipe_remote" (attacker_position "-4636 -1569 120") (victim_position "-3004 -2138 1")
L 10/07/2014 - 16:42:26: "WITCH<3><BOT><Red>" triggered "kill assist" against "Still Alive<4><BOT><Blue>" (assister_position "-3478 -2912 0") (attacker_position "-4636 -1569 120") (victim_position "-3004 -2138 1")
L 10/07/2014 - 16:42:28: "Splunk Ninja<12><[U:1:197422767]><Blue>" killed "splunk> CannonFodder<16><[U:1:197388939]><Red>" with "minigun" (attacker_position "-3465 -1826 -3") (victim_position "-4584 -2044 58")
L 10/07/2014 - 16:42:28: "Nobody<10><[U:1:197287110]><Blue>" triggered "kill assist" against "splunk> CannonFodder<16><[U:1:197388939]><Red>" (assister_position "-3304 -1753 -3") (attacker_position "-3465 -1826 -3") (victim_position "-4584 -2044 58")
L 10/07/2014 - 16:42:34: "Splunk Ninja<12><[U:1:197422767]><Blue>" triggered "medic_death" against "Zepheniah Mann<9><BOT><Red>" (healing "352") (ubercharge "0")
L 10/07/2014 - 16:42:34: "Splunk Ninja<12><[U:1:197422767]><Blue>" killed "Zepheniah Mann<9><BOT><Red>" with "minigun" (attacker_position "-3109 -1875 -3") (victim_position "-3180 -2168 0")
L 10/07/2014 - 16:42:34: "Nobody<10><[U:1:197287110]><Blue>" triggered "kill assist" against "Zepheniah Mann<9><BOT><Red>" (assister_position "-2899 -1639 0") (attacker_position "-3109 -1875 -3") (victim_position "-3180 -2168 0")
L 10/07/2014 - 16:42:34: "Nobody<10><[U:1:197287110]><Blue>" triggered "domination" against "Zepheniah Mann<9><BOT><Red>" (assist "1")
L 10/07/2014 - 16:42:39: "Me<5><BOT><Red>" stuck (position "-3051.82 -1293.12 -129.95") (duration "3.67") L 10/07/2014 - 16:42:39:    path_goal ( "-2984.56 -1301.97 -117.10" )
L 10/07/2014 - 16:42:39: "Me<5><BOT><Red>" stuck (position "-3038.18 -1272.99 -104.65") (duration "3.78") L 10/07/2014 - 16:42:39:    path_goal ( "-2984.56 -1301.97 -117.10" )
L 10/07/2014 - 16:42:40: "Chell<7><BOT><Red>" stuck (position "-3107.72 -1932.10 -117.94") (duration "3.36") L 10/07/2014 - 16:42:40:    path_goal ( "-3087.50 -1912.50 -118.31" )
L 10/07/2014 - 16:42:40: "That Guy Over There<13><[U:1:197468749]><Red>" triggered "medic_death" against "Nobody<10><[U:1:197287110]><Blue>" (healing "1565") (ubercharge "0")
L 10/07/2014 - 16:42:40: "That Guy Over There<13><[U:1:197468749]><Red>" triggered "captureblocked" (cp "1") (cpname "#Goldrush_cap_1_B") (position "-3641 -2348 1")
L 10/07/2014 - 16:42:40: "That Guy Over There<13><[U:1:197468749]><Red>" killed "Nobody<10><[U:1:197287110]><Blue>" with "tf_projectile_pipe_remote" (attacker_position "-3641 -2348 1") (victim_position "-2992 -2197 0")
L 10/07/2014 - 16:42:40: "Chell<7><BOT><Red>" stuck (position "-3106.46 -1940.11 -110.11") (duration "3.47") L 10/07/2014 - 16:42:40:    path_goal ( "-3087.50 -1912.50 -118.31" )
L 10/07/2014 - 16:42:40: "Me<5><BOT><Red>" killed "Splunk Ninja<12><[U:1:197422767]><Blue>" with "shotgun_primary" (attacker_position "-3035 -1212 -121") (victim_position "-3028 -1121 -140")
L 10/07/2014 - 16:42:40: "Me<5><BOT><Red>" stuck (position "-3037.12 -1214.80 -121.97") (duration "0.11") L 10/07/2014 - 16:42:40:    path_goal ( "-3025.00 -1301.97 -134.51" )
L 10/07/2014 - 16:42:42: "Chell<7><BOT><Red>" stuck (position "-3125.83 -1952.29 -119.76") (duration "0.10") L 10/07/2014 - 16:42:42:    path_goal ( "-3175.00 -2025.00 -122.60" )
L 10/07/2014 - 16:42:57: "Splunk Ninja<12><[U:1:197422767]><Blue>" say_team "knock em out nulltr0n"
L 10/07/2014 - 16:42:57: "WITCH<3><BOT><Red>" killed "H@XX0RZ<6><BOT><Blue>" with "obj_sentrygun3" (attacker_position "-3497 -2933 0") (victim_position "-3379 -2237 -44")
L 10/07/2014 - 16:42:57: "Chell<7><BOT><Red>" triggered "kill assist" against "H@XX0RZ<6><BOT><Blue>" (assister_position "-3185 -2191 -61") (attacker_position "-3497 -2933 0") (victim_position "-3379 -2237 -44")
L 10/07/2014 - 16:42:58: "H@XX0RZ<6><BOT><Blue>" changed role to "demoman"
L 10/07/2014 - 16:43:03: "Me<5><BOT><Red>" triggered "player_builtobject" (object "OBJ_SENTRYGUN") (position "-2948 -1121 -27")
L 10/07/2014 - 16:43:08: "Chell<7><BOT><Red>" stuck (position "-3465.55 -2296.34 -19.03") (duration "3.47") L 10/07/2014 - 16:43:08:    path_goal ( "-3455.12 -2290.46 -30.91" )
L 10/07/2014 - 16:43:09: "Me<5><BOT><Red>" stuck (position "-2969.80 -1267.60 -70.30") (duration "3.57") L 10/07/2014 - 16:43:09:    path_goal ( "-2875.00 -1300.00 0.05" )
L 10/07/2014 - 16:43:09: "Me<5><BOT><Red>" stuck (position "-2965.85 -1254.65 -45.00") (duration "3.67") L 10/07/2014 - 16:43:09:    path_goal ( "NULL" )
L 10/07/2014 - 16:43:10: "Me<5><BOT><Red>" stuck (position "-2975.14 -1188.53 -28.75") (duration "4.72") L 10/07/2014 - 16:43:10:    path_goal ( "-2938.70 -1179.67 -33.97" )
L 10/07/2014 - 16:43:15: "Chell<7><BOT><Red>" stuck (position "-3451.27 -2220.88 -49.21") (duration "3.36") L 10/07/2014 - 16:43:15:    path_goal ( "-3455.12 -2290.46 -30.91" )
L 10/07/2014 - 16:43:15: "splunk> CannonFodder<16><[U:1:197388939]><Red>" killed "Still Alive<4><BOT><Blue>" with "tf_projectile_pipe" (attacker_position "-3995 -1809 4") (victim_position "-2656 -2351 176")
L 10/07/2014 - 16:43:17: "That Guy Over There<13><[U:1:197468749]><Red>" changed role to "spy"
L 10/07/2014 - 16:43:17: "splunk> CannonFodder<16><[U:1:197388939]><Red>" killed "Totally Not A Bot<8><BOT><Blue>" with "tf_projectile_pipe" (attacker_position "-3387 -2068 -104") (victim_position "-2861 -2395 208")
L 10/07/2014 - 16:43:19: "Me<5><BOT><Red>" killed "splunk> security warrior<15><[U:1:229722400]><Blue>" with "obj_sentrygun" (attacker_position "-3114 -1940 -118") (victim_position "-3177 -1121 -122")
L 10/07/2014 - 16:43:19: "WITCH<3><BOT><Red>" killed "Chucklenuts<2><BOT><Blue>" with "obj_sentrygun3" (attacker_position "-3502 -2938 0") (victim_position "-3171 -2510 184")
L 10/07/2014 - 16:43:19: "WITCH<3><BOT><Red>" triggered "domination" against "Chucklenuts<2><BOT><Blue>"
L 10/07/2014 - 16:43:19: "splunk> security warrior<15><[U:1:229722400]><Blue>" killed "Me<5><BOT><Red>" with "tf_projectile_rocket" (attacker_position "-3177 -1121 -108") (victim_position "-3104 -1932 -117")
L 10/07/2014 - 16:43:22: "splunk> security warrior<15><[U:1:229722400]><Blue>" disconnected (reason "Disconnect by user.")
L 10/07/2014 - 16:43:24: "Chell<7><BOT><Red>" stuck (position "-3455.69 -2281.65 -24.91") (duration "3.36") L 10/07/2014 - 16:43:24:    path_goal ( "-3455.12 -2290.46 -30.91" )
L 10/07/2014 - 16:43:33: "splunk> CannonFodder<16><[U:1:197388939]><Red>" killed "Splunk Ninja<12><[U:1:197422767]><Blue>" with "tf_projectile_pipe" (attacker_position "-3266 -2168 -79") (victim_position "-2854 -1665 0")
L 10/07/2014 - 16:43:33: "Me<5><BOT><Red>" triggered "kill assist" against "Splunk Ninja<12><[U:1:197422767]><Blue>" (assister_position "-3482 -2994 0") (attacker_position "-3266 -2168 -79") (victim_position "-2854 -1665 0")
L 10/07/2014 - 16:43:33: "splunk> CannonFodder<16><[U:1:197388939]><Red>" triggered "medic_death" against "Nobody<10><[U:1:197287110]><Blue>" (healing "252") (ubercharge "0")
L 10/07/2014 - 16:43:33: "splunk> CannonFodder<16><[U:1:197388939]><Red>" killed "Nobody<10><[U:1:197287110]><Blue>" with "tf_projectile_pipe" (attacker_position "-3266 -2168 -79") (victim_position "-2779 -1539 4")
L 10/07/2014 - 16:43:33: "Me<5><BOT><Red>" triggered "kill assist" against "Nobody<10><[U:1:197287110]><Blue>" (assister_position "-3482 -2994 0") (attacker_position "-3266 -2168 -79") (victim_position "-2779 -1539 4")
L 10/07/2014 - 16:43:34: "WITCH<3><BOT><Red>" triggered "player_builtobject" (object "OBJ_DISPENSER") (position "-3482 -2994 0")
L 10/07/2014 - 16:43:37: "Splunk Ninja<12><[U:1:197422767]><Blue>" changed role to "sniper"
L 10/07/2014 - 16:43:38: "Nobody<10><[U:1:197287110]><Blue>" changed role to "sniper"
L 10/07/2014 - 16:43:45: "splunk> CannonFodder<16><[U:1:197388939]><Red>" killed "nulltr0n<14><[U:1:197388838]><Blue>" with "tf_projectile_pipe" (attacker_position "-3519 -1855 -3") (victim_position "-3304 -1213 160")
L 10/07/2014 - 16:43:51: "Nobody<10><[U:1:197287110]><Blue>" changed role to "engineer"
L 10/07/2014 - 16:43:51: "H@XX0RZ<6><BOT><Blue>" triggered "medic_death" against "Zepheniah Mann<9><BOT><Red>" (healing "992") (ubercharge "1")
L 10/07/2014 - 16:43:51: "H@XX0RZ<6><BOT><Blue>" killed "Zepheniah Mann<9><BOT><Red>" with "tf_projectile_pipe" (attacker_position "-3213 -2336 0") (victim_position "-3349 -2272 -31")
L 10/07/2014 - 16:43:52: "WITCH<3><BOT><Red>" killed "H@XX0RZ<6><BOT><Blue>" with "obj_sentrygun3" (attacker_position "-3380 -2506 0") (victim_position "-3166 -2108 -7")
L 10/07/2014 - 16:43:52: "H@XX0RZ<6><BOT><Blue>" changed role to "medic"
L 10/07/2014 - 16:43:55: "Nobody<10><[U:1:197287110]><Blue>" changed role to "scout"
L 10/07/2014 - 16:43:59: "Chell<7><BOT><Red>" stuck (position "-3503.83 -3052.41 0.03") (duration "3.36") L 10/07/2014 - 16:43:59:    path_goal ( "NULL" )
L 10/07/2014 - 16:43:59: "Chell<7><BOT><Red>" stuck (position "-3503.05 -3071.75 23.42") (duration "3.47") L 10/07/2014 - 16:43:59:    path_goal ( "NULL" )
L 10/07/2014 - 16:44:00: "splunk> CannonFodder<16><[U:1:197388939]><Red>" killed "Still Alive<4><BOT><Blue>" with "tf_projectile_pipe_remote" (attacker_position "-2845 -2095 0") (victim_position "-2554 -1956 7")
L 10/07/2014 - 16:44:00: "splunk> CannonFodder<16><[U:1:197388939]><Red>" killed "Totally Not A Bot<8><BOT><Blue>" with "tf_projectile_pipe_remote" (attacker_position "-2845 -2095 0") (victim_position "-2533 -1913 4")
L 10/07/2014 - 16:44:04: "Chell<7><BOT><Red>" stuck (position "-3477.83 -3013.95 0.03") (duration "3.36") L 10/07/2014 - 16:44:04:    path_goal ( "-3498.78 -3064.30 0.03" )
L 10/07/2014 - 16:44:04: "Chell<7><BOT><Red>" stuck (position "-3473.86 -3045.20 25.34") (duration "3.47") L 10/07/2014 - 16:44:04:    path_goal ( "NULL" )
L 10/07/2014 - 16:44:09: "Me<5><BOT><Red>" stuck (position "-3056.57 -1299.02 -129.28") (duration "3.46") L 10/07/2014 - 16:44:09:    path_goal ( "-3025.00 -1301.97 -134.51" )
L 10/07/2014 - 16:44:09: "Me<5><BOT><Red>" stuck (position "-3061.26 -1269.91 -103.98") (duration "3.57") L 10/07/2014 - 16:44:09:    path_goal ( "-3025.00 -1301.97 -134.51" )
L 10/07/2014 - 16:44:10: "Me<5><BOT><Red>" killed "Nobody<10><[U:1:197287110]><Blue>" with "obj_sentrygun2" (attacker_position "-3018 -1220 -111") (victim_position "-2889 -1895 0")
L 10/07/2014 - 16:44:10: "Chell<7><BOT><Red>" triggered "kill assist" against "Nobody<10><[U:1:197287110]><Blue>" (assister_position "-3599 -2744 0") (attacker_position "-3018 -1220 -111") (victim_position "-2889 -1895 0")
L 10/07/2014 - 16:44:10: "Me<5><BOT><Red>" triggered "domination" against "Nobody<10><[U:1:197287110]><Blue>"
L 10/07/2014 - 16:44:14: "Me<5><BOT><Red>" stuck (position "-3040.65 -1274.52 -130.35") (duration "3.67") L 10/07/2014 - 16:44:14:    path_goal ( "-3025.00 -1301.97 -134.51" )
L 10/07/2014 - 16:44:14: "Me<5><BOT><Red>" stuck (position "-3033.07 -1259.86 -105.05") (duration "3.78") L 10/07/2014 - 16:44:14:    path_goal ( "-3025.00 -1301.97 -134.51" )
L 10/07/2014 - 16:44:20: "Zepheniah Mann<9><BOT><Red>" stuck (position "-4101.88 -2331.12 -31.97") (duration "3.15") L 10/07/2014 - 16:44:20:    path_goal ( "NULL" )
L 10/07/2014 - 16:44:20: "Zepheniah Mann<9><BOT><Red>" stuck (position "-4126.14 -2331.38 -6.66") (duration "3.26") L 10/07/2014 - 16:44:20:    path_goal ( "NULL" )
L 10/07/2014 - 16:44:23: "Me<5><BOT><Red>" killed "Splunk Ninja<12><[U:1:197422767]><Blue>" with "shotgun_primary" (attacker_position "-2569 -1648 0") (victim_position "-2557 -1713 0")
L 10/07/2014 - 16:44:24: "Zepheniah Mann<9><BOT><Red>" stuck (position "-4086.01 -2316.54 -31.97") (duration "3.15") L 10/07/2014 - 16:44:24:    path_goal ( "NULL" )
L 10/07/2014 - 16:44:25: "Zepheniah Mann<9><BOT><Red>" stuck (position "-4079.94 -2317.43 -6.66") (duration "3.25") L 10/07/2014 - 16:44:25:    path_goal ( "NULL" )
L 10/07/2014 - 16:44:25: "Chucklenuts<2><BOT><Blue>" killed "Me<5><BOT><Red>" with "scattergun" (attacker_position "-2706 -2352 4") (victim_position "-2713 -2201 3")
L 10/07/2014 - 16:44:26: "Zepheniah Mann<9><BOT><Red>" stuck (position "-4113.63 -2323.13 -31.97") (duration "4.33") L 10/07/2014 - 16:44:26:    path_goal ( "NULL" )
L 10/07/2014 - 16:44:28: "Chucklenuts<2><BOT><Blue>" killed "splunk> CannonFodder<16><[U:1:197388939]><Red>" with "scattergun" (attacker_position "-2744 -2791 176") (victim_position "-2687 -2761 155")
L 10/07/2014 - 16:44:35: "WITCH<3><BOT><Red>" killed "Chucklenuts<2><BOT><Blue>" with "obj_sentrygun3" (attacker_position "-3483 -2990 0") (victim_position "-3276 -2587 126")
L 10/07/2014 - 16:44:35: "Chucklenuts<2><BOT><Blue>" changed role to "demoman"
L 10/07/2014 - 16:44:35: "Chell<7><BOT><Red>" stuck (position "-3502.59 -2974.57 0.03") (duration "3.36") L 10/07/2014 - 16:44:35:    path_goal ( "-3501.06 -2750.00 0.03" )
L 10/07/2014 - 16:44:48: "That Guy Over There<13><[U:1:197468749]><Red>" triggered "medic_death" against "H@XX0RZ<6><BOT><Blue>" (healing "335") (ubercharge "0")
L 10/07/2014 - 16:44:48: "That Guy Over There<13><[U:1:197468749]><Red>" killed "H@XX0RZ<6><BOT><Blue>" with "knife" (customkill "backstab") (attacker_position "-2700 -2674 97") (victim_position "-2727 -2719 127")
L 10/07/2014 - 16:44:55: "Totally Not A Bot<8><BOT><Blue>" killed "That Guy Over There<13><[U:1:197468749]><Red>" with "tf_projectile_pipe" (attacker_position "-2743 -2216 176") (victim_position "-2765 -2271 176")
L 10/07/2014 - 16:44:55: World triggered "Mini_Round_Win" (winner "Red") (round "round_a")
L 10/07/2014 - 16:44:55: World triggered "Mini_Round_Length" (seconds "670.05")
L 10/07/2014 - 16:44:55: World triggered "Round_Win" (winner "Red")
L 10/07/2014 - 16:44:55: Team "Red" current score "0" with "7" players
L 10/07/2014 - 16:44:55: Team "Blue" current score "1" with "7" players
L 10/07/2014 - 16:45:02: "Me<5><BOT><Red>" killed "Nobody<10><[U:1:197287110]><Blue>" with "shotgun_primary" (attacker_position "-2664 -2817 176") (victim_position "-2855 -2907 176")
L 10/07/2014 - 16:45:03: "Zepheniah Mann<9><BOT><Red>" killed "Totally Not A Bot<8><BOT><Blue>" with "syringegun_medic" (attacker_position "-2787 -2456 176") (victim_position "-2787 -2078 176")
L 10/07/2014 - 16:45:05: "Zepheniah Mann<9><BOT><Red>" killed "Still Alive<4><BOT><Blue>" with "syringegun_medic" (attacker_position "-2777 -2536 176") (victim_position "-2861 -2395 208")
L 10/07/2014 - 16:45:09: "That Guy Over There<13><[U:1:197468749]><Red>" joined team "Spectator"
L 10/07/2014 - 16:45:10: World triggered "Game_Over" reason "Reached Time Limit"
L 10/07/2014 - 16:45:10: Team "Red" final score "0" with "6" players
L 10/07/2014 - 16:45:10: Team "Blue" final score "1" with "7" players
L 10/07/2014 - 16:45:10: "Zepheniah Mann<9><BOT><Red>" stuck (position "-2907.31 -2321.80 0.44") (duration "3.15") L 10/07/2014 - 16:45:10:    path_goal ( "-3300.00 -2325.00 -22.64" )
L 10/07/2014 - 16:45:10: "Zepheniah Mann<9><BOT><Red>" stuck (position "-2908.07 -2316.91 0.51") (duration "3.26") L 10/07/2014 - 16:45:10:    path_goal ( "-3300.00 -2325.00 -22.64" )
L 10/07/2014 - 16:45:12: "Zepheniah Mann<9><BOT><Red>" stuck (position "-2908.20 -2316.07 0.51") (duration "4.30") L 10/07/2014 - 16:45:12:    path_goal ( "-3300.00 -2325.00 -22.64" )
L 10/07/2014 - 16:45:13: "Zepheniah Mann<9><BOT><Red>" stuck (position "-2908.20 -2316.07 0.51") (duration "5.35") L 10/07/2014 - 16:45:13:    path_goal ( "-3300.00 -2325.00 -22.64" )
L 10/07/2014 - 16:45:13: "Chief Data Wrangler<11><[U:1:197363721]><Red>" disconnected (reason "Disconnect by user.")
L 10/07/2014 - 16:45:14: "WITCH<3><BOT><Red>" stuck (position "-3748.11 -1806.48 -0.47") (duration "3.36") L 10/07/2014 - 16:45:14:    path_goal ( "-3748.11 -1900.00 -0.78" )
L 10/07/2014 - 16:45:14: "Chell<7><BOT><Red>" stuck (position "-3699.37 -1756.54 3.13") (duration "3.36") L 10/07/2014 - 16:45:14:    path_goal ( "-3250.00 -1775.00 -3.97" )
L 10/07/2014 - 16:45:14: "Zepheniah Mann<9><BOT><Red>" stuck (position "-2908.20 -2316.07 0.51") (duration "6.40") L 10/07/2014 - 16:45:14:    path_goal ( "-3300.00 -2325.00 -22.64" )
L 10/07/2014 - 16:45:14: "Me<5><BOT><Red>" stuck (position "-2848.39 -1419.40 0.89") (duration "3.36") L 10/07/2014 - 16:45:14:    path_goal ( "-2875.00 -1300.00 1.29" )
L 10/07/2014 - 16:45:14: "WITCH<3><BOT><Red>" stuck (position "-3748.11 -1806.48 -0.47") (duration "3.47") L 10/07/2014 - 16:45:14:    path_goal ( "-3748.11 -1900.00 -0.78" )
L 10/07/2014 - 16:45:14: "Me<5><BOT><Red>" stuck (position "-2848.39 -1419.40 0.89") (duration "3.47") L 10/07/2014 - 16:45:14:    path_goal ( "-2848.39 -1400.00 -1.46" )
L 10/07/2014 - 16:45:15: "Zepheniah Mann<9><BOT><Red>" stuck (position "-2908.20 -2316.07 0.51") (duration "7.46") L 10/07/2014 - 16:45:15:    path_goal ( "-3300.00 -2325.00 -22.64" )
L 10/07/2014 - 16:45:15: "WITCH<3><BOT><Red>" stuck (position "-3748.11 -1806.48 -0.47") (duration "4.52") L 10/07/2014 - 16:45:15:    path_goal ( "-3748.11 -1900.00 -0.78" )
L 10/07/2014 - 16:45:15: "Me<5><BOT><Red>" stuck (position "-2848.39 -1419.40 0.89") (duration "4.52") L 10/07/2014 - 16:45:15:    path_goal ( "-2875.00 -1300.00 1.29" )
L 10/07/2014 - 16:45:16: "Zepheniah Mann<9><BOT><Red>" stuck (position "-2908.20 -2316.07 0.51") (duration "8.51") L 10/07/2014 - 16:45:16:    path_goal ( "-3300.00 -2325.00 -22.64" )
L 10/07/2014 - 16:45:16: "WITCH<3><BOT><Red>" stuck (position "-3748.11 -1806.48 -0.47") (duration "5.57") L 10/07/2014 - 16:45:16:    path_goal ( "-3748.11 -1900.00 -0.78" )
L 10/07/2014 - 16:45:16: "Me<5><BOT><Red>" stuck (position "-2848.39 -1419.40 0.89") (duration "5.57") L 10/07/2014 - 16:45:16:    path_goal ( "-2875.00 -1300.00 1.29" )
L 10/07/2014 - 16:45:17: "Zepheniah Mann<9><BOT><Red>" stuck (position "-2908.20 -2316.07 0.51") (duration "9.55") L 10/07/2014 - 16:45:17:    path_goal ( "-3300.00 -2325.00 -22.64" )
L 10/07/2014 - 16:45:17: "WITCH<3><BOT><Red>" stuck (position "-3748.11 -1806.48 -0.47") (duration "6.62") L 10/07/2014 - 16:45:17:    path_goal ( "-3748.11 -1900.00 -0.78" )
L 10/07/2014 - 16:45:17: "Me<5><BOT><Red>" stuck (position "-2848.39 -1419.40 0.89") (duration "6.61") L 10/07/2014 - 16:45:17:    path_goal ( "-2875.00 -1300.00 1.29" )
L 10/07/2014 - 16:45:17: "Chell<7><BOT><Red>" stuck (position "-3699.37 -1756.54 3.13") (duration "3.36") L 10/07/2014 - 16:45:17:    path_goal ( "-3250.00 -1775.00 -3.97" )
L 10/07/2014 - 16:45:18: "Zepheniah Mann<9><BOT><Red>" stuck (position "-2908.20 -2316.07 0.51") (duration "10.60") L 10/07/2014 - 16:45:18:    path_goal ( "-3300.00 -2325.00 -22.64" )
L 10/07/2014 - 16:45:18: "WITCH<3><BOT><Red>" stuck (position "-3748.11 -1806.48 -0.47") (duration "7.67") L 10/07/2014 - 16:45:18:    path_goal ( "-3748.11 -1900.00 -0.78" )
L 10/07/2014 - 16:45:18: "Me<5><BOT><Red>" stuck (position "-2848.39 -1419.40 0.89") (duration "7.66") L 10/07/2014 - 16:45:18:    path_goal ( "-2875.00 -1300.00 1.29" )
L 10/07/2014 - 16:45:19: "Zepheniah Mann<9><BOT><Red>" stuck (position "-2908.20 -2316.07 0.51") (duration "11.65") L 10/07/2014 - 16:45:19:    path_goal ( "-3300.00 -2325.00 -22.64" )
L 10/07/2014 - 16:45:19: "WITCH<3><BOT><Red>" stuck (position "-3748.11 -1806.48 -0.47") (duration "8.72") L 10/07/2014 - 16:45:19:    path_goal ( "-3748.11 -1900.00 -0.78" )
L 10/07/2014 - 16:45:19: "Me<5><BOT><Red>" stuck (position "-2848.39 -1419.40 0.89") (duration "8.72") L 10/07/2014 - 16:45:19:    path_goal ( "-2875.00 -1300.00 1.29" )
L 10/07/2014 - 16:45:20: "Zepheniah Mann<9><BOT><Red>" stuck (position "-2908.20 -2316.07 0.51") (duration "12.71") L 10/07/2014 - 16:45:20:    path_goal ( "-3300.00 -2325.00 -22.64" )
L 10/07/2014 - 16:45:20: "WITCH<3><BOT><Red>" stuck (position "-3748.11 -1806.48 -0.47") (duration "9.80") L 10/07/2014 - 16:45:20:    path_goal ( "-3748.11 -1900.00 -0.78" )
L 10/07/2014 - 16:45:20: "Me<5><BOT><Red>" stuck (position "-2848.39 -1419.40 0.89") (duration "9.79") L 10/07/2014 - 16:45:20:    path_goal ( "-2875.00 -1300.00 1.29" )
L 10/07/2014 - 16:45:21: Loading map "pl_hoodoo_final"
L 10/07/2014 - 16:45:21: server cvars start
L 10/07/2014 - 16:45:21: "tf_playergib" = "1"
L 10/07/2014 - 16:45:21: "tf_allow_player_use" = "0"
L 10/07/2014 - 16:45:21: "tf_mvm_death_penalty" = "0"
L 10/07/2014 - 16:45:21: "sv_maxusrcmdprocessticks" = "24"
L 10/07/2014 - 16:45:21: "mp_teamplay" = "0"
L 10/07/2014 - 16:45:21: "mp_falldamage" = "0"
L 10/07/2014 - 16:45:21: "mp_weaponstay" = "0"
L 10/07/2014 - 16:45:21: "mp_forcerespawn" = "1"
L 10/07/2014 - 16:45:21: "mp_footsteps" = "1"
L 10/07/2014 - 16:45:21: "mp_flashlight" = "0"
L 10/07/2014 - 16:45:21: "mp_autocrosshair" = "1"
L 10/07/2014 - 16:45:21: "decalfrequency" = "10"
L 10/07/2014 - 16:45:21: "mp_teamlist" = "hgrunt;scientist"
L 10/07/2014 - 16:45:21: "mp_allowNPCs" = "1"
L 10/07/2014 - 16:45:21: "sv_alltalk" = "0"
L 10/07/2014 - 16:45:21: "tf_weapon_criticals" = "1"
L 10/07/2014 - 16:45:21: "tf_damage_disablespread" = "0"
L 10/07/2014 - 16:45:21: "tf_player_name_change_time" = "60"
L 10/07/2014 - 16:45:21: "tf_force_holidays_off" = "0"
L 10/07/2014 - 16:45:21: "tf_birthday" = "0"
L 10/07/2014 - 16:45:21: "mp_tournament_stopwatch" = "1"
L 10/07/2014 - 16:45:21: "mp_windifference" = "0"
L 10/07/2014 - 16:45:21: "mp_windifference_min" = "0"
L 10/07/2014 - 16:45:21: "tf_medieval" = "0"
L 10/07/2014 - 16:45:21: "tf_medieval_autorp" = "1"
L 10/07/2014 - 16:45:21: "tf_arena_force_class" = "0"
L 10/07/2014 - 16:45:21: "tf_arena_change_limit" = "1"
L 10/07/2014 - 16:45:21: "tf_arena_override_cap_enable_time" = "-1"
L 10/07/2014 - 16:45:21: "tf_arena_first_blood" = "1"
L 10/07/2014 - 16:45:21: "tf_mvm_min_players_to_start" = "3"
L 10/07/2014 - 16:45:21: "tf_gamemode_arena" = "0"
L 10/07/2014 - 16:45:21: "tf_gamemode_cp" = "0"
L 10/07/2014 - 16:45:21: "tf_gamemode_ctf" = "0"
L 10/07/2014 - 16:45:21: "tf_gamemode_sd" = "0"
L 10/07/2014 - 16:45:21: "tf_gamemode_rd" = "0"
L 10/07/2014 - 16:45:21: "tf_beta_content" = "0"
L 10/07/2014 - 16:45:21: "tf_gamemode_payload" = "1"
L 10/07/2014 - 16:45:21: "tf_gamemode_mvm" = "0"
L 10/07/2014 - 16:45:21: "tf_bot_count" = "8"
L 10/07/2014 - 16:45:21: "tf_teamtalk" = "1"
L 10/07/2014 - 16:45:21: "tf_ctf_bonus_time" = "10"
L 10/07/2014 - 16:45:21: "tf_maxspeed" = "400"
L 10/07/2014 - 16:45:21: "tf_max_charge_speed" = "750"
L 10/07/2014 - 16:45:21: "tf_use_fixed_weaponspreads" = "0"
L 10/07/2014 - 16:45:21: "tf_overtime_nag" = "0"
L 10/07/2014 - 16:45:21: "mp_respawnwavetime" = "10.0"
L 10/07/2014 - 16:45:21: "mp_tournament" = "0"
L 10/07/2014 - 16:45:21: "mp_highlander" = "0"
L 10/07/2014 - 16:45:21: "tf_arena_preround_time" = "10"
L 10/07/2014 - 16:45:21: "tf_arena_round_time" = "0"
L 10/07/2014 - 16:45:21: "tf_arena_max_streak" = "3"
L 10/07/2014 - 16:45:21: "tf_arena_use_queue" = "1"
L 10/07/2014 - 16:45:21: "mp_maxrounds" = "0"
L 10/07/2014 - 16:45:21: "mp_winlimit" = "0"
L 10/07/2014 - 16:45:21: "mp_disable_respawn_times" = "0"
L 10/07/2014 - 16:45:21: "mp_stalemate_meleeonly" = "0"
L 10/07/2014 - 16:45:21: "mp_forceautoteam" = "0"
L 10/07/2014 - 16:45:21: "mp_autoteambalance" = "1"
L 10/07/2014 - 16:45:21: "mp_stalemate_enable" = "0"
L 10/07/2014 - 16:45:21: "mp_match_end_at_timelimit" = "0"
L 10/07/2014 - 16:45:21: "mp_holiday_nogifts" = "0"
L 10/07/2014 - 16:45:21: "mp_scrambleteams_auto" = "1"
L 10/07/2014 - 16:45:21: "mp_scrambleteams_auto_windifference" = "2"
L 10/07/2014 - 16:45:21: "mp_timelimit" = "15"
L 10/07/2014 - 16:45:21: "mp_fraglimit" = "0"
L 10/07/2014 - 16:45:21: "nextlevel" = ""
L 10/07/2014 - 16:45:21: "sv_gravity" = "800"
L 10/07/2014 - 16:45:21: "sv_stopspeed" = "100"
L 10/07/2014 - 16:45:21: "sv_noclipaccelerate" = "5"
L 10/07/2014 - 16:45:21: "sv_noclipspeed" = "5"
L 10/07/2014 - 16:45:21: "sv_specaccelerate" = "5"
L 10/07/2014 - 16:45:21: "sv_specspeed" = "3"
L 10/07/2014 - 16:45:21: "sv_specnoclip" = "1"
L 10/07/2014 - 16:45:21: "sv_maxspeed" = "320"
L 10/07/2014 - 16:45:21: "sv_accelerate" = "10"
L 10/07/2014 - 16:45:21: "sv_airaccelerate" = "10"
L 10/07/2014 - 16:45:21: "sv_wateraccelerate" = "10"
L 10/07/2014 - 16:45:21: "sv_waterfriction" = "1"
L 10/07/2014 - 16:45:21: "sv_footsteps" = "1"
L 10/07/2014 - 16:45:21: "sv_rollspeed" = "200"
L 10/07/2014 - 16:45:21: "sv_rollangle" = "0"
L 10/07/2014 - 16:45:21: "sv_friction" = "4"
L 10/07/2014 - 16:45:21: "sv_bounce" = "0"
L 10/07/2014 - 16:45:21: "sv_stepsize" = "18"
L 10/07/2014 - 16:45:21: "r_VehicleViewDampen" = "1"
L 10/07/2014 - 16:45:21: "r_JeepViewDampenFreq" = "7.0"
L 10/07/2014 - 16:45:21: "r_JeepViewDampenDamp" = "1.0"
L 10/07/2014 - 16:45:21: "r_JeepViewZHeight" = "10.0"
L 10/07/2014 - 16:45:21: "r_AirboatViewDampenFreq" = "7.0"
L 10/07/2014 - 16:45:21: "r_AirboatViewDampenDamp" = "1.0"
L 10/07/2014 - 16:45:21: "r_AirboatViewZHeight" = "0.0"
L 10/07/2014 - 16:45:21: "mp_friendlyfire" = "0"
L 10/07/2014 - 16:45:21: "mp_fadetoblack" = "0"
L 10/07/2014 - 16:45:21: "tf_mm_servermode" = "0"
L 10/07/2014 - 16:45:21: "tf_mm_strict" = "0"
L 10/07/2014 - 16:45:21: "tf_mm_trusted" = "0"
L 10/07/2014 - 16:45:21: "tf_server_identity_disable_quickplay" = "0"
L 10/07/2014 - 16:45:21: "sv_registration_successful" = "0"
L 10/07/2014 - 16:45:21: "sv_registration_message" = "No account specified"
L 10/07/2014 - 16:45:21: "sv_steamgroup" = ""
L 10/07/2014 - 16:45:21: "sv_cheats" = "1"
L 10/07/2014 - 16:45:21: "sv_pausable" = "0"
L 10/07/2014 - 16:45:21: "sv_contact" = "admin@yourdomain.com"
L 10/07/2014 - 16:45:21: "sv_voiceenable" = "1"
L 10/07/2014 - 16:45:21: "tv_enable" = "0"
L 10/07/2014 - 16:45:21: "deathmatch" = "1"
L 10/07/2014 - 16:45:21: "coop" = "0"
L 10/07/2014 - 16:45:21: "tv_password" = ""
L 10/07/2014 - 16:45:21: "tv_relaypassword" = ""
L 10/07/2014 - 16:45:21: "sv_password" = ""
L 10/07/2014 - 16:45:21: "sv_tags" = "bots,payload"
L 10/07/2014 - 16:45:21: server cvars end
L 10/07/2014 - 16:45:24: Started map "pl_hoodoo_final" (CRC "7003150398750cc4df8e3b457a84583b")
L 10/07/2014 - 16:45:24: Executing dedicated server config file server.cfg
