L 10/07/2014 - 16:59:37: Log file started (file "logs/L1007016.log") (game "/home/tf2/hlserver/tf2/tf") (version "2426090")
L 10/07/2014 - 16:59:37: server_cvar: "sv_cheats" "1"
L 10/07/2014 - 16:59:37: "Hostage<2><BOT><>" connected, address "none"
L 10/07/2014 - 16:59:37: "<2><BOT><>" entered the game
L 10/07/2014 - 16:59:37: "Hostage<2><BOT><Unassigned>" joined team "Blue"
L 10/07/2014 - 16:59:37: "Hostage<2><BOT><Blue>" changed role to "scout"
L 10/07/2014 - 16:59:37: "Hostage<2><BOT><Blue>" changed name to "Headful of Eyeballs"
L 10/07/2014 - 16:59:37: Sending CMsgGameServerMatchmakingStatus (state=ServerMatchmakingState_NOT_PARTICIPATING)
L 10/07/2014 - 16:59:37: "CrySomeMore<3><BOT><>" connected, address "none"
L 10/07/2014 - 16:59:37: "<3><BOT><>" entered the game
L 10/07/2014 - 16:59:37: "CrySomeMore<3><BOT><Unassigned>" joined team "Red"
L 10/07/2014 - 16:59:37: "CrySomeMore<3><BOT><Red>" changed role to "engineer"
L 10/07/2014 - 16:59:37: "CrySomeMore<3><BOT><Red>" changed name to "Aperture Science Prototype XR7"
L 10/07/2014 - 16:59:37: Connection to Steam servers successful.
L 10/07/2014 - 16:59:37:    Public IP is 68.110.44.24.
L 10/07/2014 - 16:59:37: Assigned anonymous gameserver Steam ID [A:1:2378893321:4715].
L 10/07/2014 - 16:59:37: "Humans Are Weak<4><BOT><>" connected, address "none"
L 10/07/2014 - 16:59:37: "<4><BOT><>" entered the game
L 10/07/2014 - 16:59:37: "Humans Are Weak<4><BOT><Unassigned>" joined team "Blue"
L 10/07/2014 - 16:59:37: "Humans Are Weak<4><BOT><Blue>" changed role to "soldier"
L 10/07/2014 - 16:59:38: "Humans Are Weak<4><BOT><Blue>" changed name to "AimBot"
L 10/07/2014 - 16:59:38: VAC secure mode is activated.
L 10/07/2014 - 16:59:38: "C++<5><BOT><>" connected, address "none"
L 10/07/2014 - 16:59:38: "<5><BOT><>" entered the game
L 10/07/2014 - 16:59:38: "C++<5><BOT><Unassigned>" joined team "Red"
L 10/07/2014 - 16:59:38: "C++<5><BOT><Red>" changed role to "soldier"
L 10/07/2014 - 16:59:38: tf_server_identity_account_id not set; not logging into registered account
L 10/07/2014 - 16:59:38: "C++<5><BOT><Red>" changed name to "GutsAndGlory!"
L 10/07/2014 - 16:59:38: "Nobody<6><BOT><>" connected, address "none"
L 10/07/2014 - 16:59:38: "<6><BOT><>" entered the game
L 10/07/2014 - 16:59:38: "Nobody<6><BOT><Unassigned>" joined team "Blue"
L 10/07/2014 - 16:59:38: "Nobody<6><BOT><Blue>" changed role to "pyro"
L 10/07/2014 - 16:59:38: "Nobody<6><BOT><Blue>" changed name to "Saxton Hale"
L 10/07/2014 - 16:59:38: "RageQuit<7><BOT><>" connected, address "none"
L 10/07/2014 - 16:59:38: "<7><BOT><>" entered the game
L 10/07/2014 - 16:59:38: "RageQuit<7><BOT><Unassigned>" joined team "Red"
L 10/07/2014 - 16:59:38: "RageQuit<7><BOT><Red>" changed role to "heavyweapons"
L 10/07/2014 - 16:59:38: "RageQuit<7><BOT><Red>" changed name to "Screamin' Eagles"
L 10/07/2014 - 16:59:39: "Ze Ubermensch<8><BOT><>" connected, address "none"
L 10/07/2014 - 16:59:39: "<8><BOT><>" entered the game
L 10/07/2014 - 16:59:39: "Ze Ubermensch<8><BOT><Unassigned>" joined team "Blue"
L 10/07/2014 - 16:59:39: "Ze Ubermensch<8><BOT><Blue>" changed role to "medic"
L 10/07/2014 - 16:59:39: "Ze Ubermensch<8><BOT><Blue>" changed name to "Maggot"
L 10/07/2014 - 16:59:39: "CRITRAWKETS<9><BOT><>" connected, address "none"
L 10/07/2014 - 16:59:39: "<9><BOT><>" entered the game
L 10/07/2014 - 16:59:39: "CRITRAWKETS<9><BOT><Unassigned>" joined team "Red"
L 10/07/2014 - 16:59:39: "CRITRAWKETS<9><BOT><Red>" changed role to "medic"
L 10/07/2014 - 16:59:39: "CRITRAWKETS<9><BOT><Red>" changed name to "Herr Doktor"
L 10/07/2014 - 16:59:41: "Splunk Ninja<10><[U:1:197422767]><>" connected, address "192.168.1.115:27005"
L 10/07/2014 - 16:59:41: "Splunk Ninja<10><[U:1:197422767]><>" STEAM USERID validated
L 10/07/2014 - 16:59:42: server_cvar: "tf_bot_count" "8"
L 10/07/2014 - 16:59:42: server_cvar: "sv_tags" "bots,cp"
L 10/07/2014 - 16:59:44: "Splunk Ninja<10><[U:1:197422767]><>" entered the game
L 10/07/2014 - 16:59:51: "Splunk Ninja<10><[U:1:197422767]><Unassigned>" joined team "Blue"
L 10/07/2014 - 16:59:52: "Headful of Eyeballs<2><BOT><Blue>" stuck (position "-1627.21 1633.47 -255.88") (duration "2.52") L 10/07/2014 - 16:59:52:    path_goal ( "-216.00 2792.00 -247.97" )
L 10/07/2014 - 16:59:54: "Splunk Ninja<10><[U:1:197422767]><Blue>" changed role to "sniper"
L 10/07/2014 - 16:59:55: "Headful of Eyeballs<2><BOT><Blue>" stuck (position "-1627.21 1633.47 -255.89") (duration "2.52") L 10/07/2014 - 16:59:55:    path_goal ( "-216.00 2792.00 -247.97" )
L 10/07/2014 - 16:59:55: "Saxton Hale<6><BOT><Blue>" stuck (position "-1627.21 1633.47 -255.92") (duration "3.36") L 10/07/2014 - 16:59:55:    path_goal ( "-216.00 2792.00 -247.97" )
L 10/07/2014 - 16:59:57: "Headful of Eyeballs<2><BOT><Blue>" stuck (position "-1632.11 1633.47 -255.89") (duration "2.52") L 10/07/2014 - 16:59:57:    path_goal ( "-216.00 2792.00 -247.97" )
L 10/07/2014 - 16:59:58: "AimBot<4><BOT><Blue>" stuck (position "-1640.29 1633.47 -255.89") (duration "4.20") L 10/07/2014 - 16:59:58:    path_goal ( "-216.00 2792.00 -247.97" )
L 10/07/2014 - 16:59:58: "Saxton Hale<6><BOT><Blue>" stuck (position "-1640.51 1633.47 -255.89") (duration "3.36") L 10/07/2014 - 16:59:58:    path_goal ( "-216.00 2792.00 -247.97" )
L 10/07/2014 - 17:00:00: "Headful of Eyeballs<2><BOT><Blue>" stuck (position "-1663.61 1633.47 -255.94") (duration "2.52") L 10/07/2014 - 17:00:00:    path_goal ( "-216.00 2792.00 -247.97" )
L 10/07/2014 - 17:00:01: "Aperture Science Prototype XR7<3><BOT><Red>" triggered "player_builtobject" (object "OBJ_SENTRYGUN") (position "-69 2643 -247")
L 10/07/2014 - 17:00:02: "Saxton Hale<6><BOT><Blue>" stuck (position "-1627.21 1633.47 -255.91") (duration "3.36") L 10/07/2014 - 17:00:02:    path_goal ( "-216.00 2792.00 -247.97" )
L 10/07/2014 - 17:00:02: "Headful of Eyeballs<2><BOT><Blue>" stuck (position "-1627.27 1633.47 -255.91") (duration "2.52") L 10/07/2014 - 17:00:02:    path_goal ( "-216.00 2792.00 -247.97" )
L 10/07/2014 - 17:00:02: "AimBot<4><BOT><Blue>" stuck (position "-1637.36 1633.47 -255.89") (duration "4.20") L 10/07/2014 - 17:00:02:    path_goal ( "-216.00 2792.00 -247.97" )
L 10/07/2014 - 17:00:05: "Headful of Eyeballs<2><BOT><Blue>" stuck (position "-1638.88 1633.47 -255.90") (duration "2.52") L 10/07/2014 - 17:00:05:    path_goal ( "-216.00 2792.00 -247.97" )
L 10/07/2014 - 17:00:05: "Saxton Hale<6><BOT><Blue>" stuck (position "-1658.96 1633.47 -255.92") (duration "3.36") L 10/07/2014 - 17:00:05:    path_goal ( "-216.00 2792.00 -247.97" )
L 10/07/2014 - 17:00:06: "AimBot<4><BOT><Blue>" stuck (position "-1633.88 1633.47 -255.89") (duration "4.20") L 10/07/2014 - 17:00:06:    path_goal ( "-216.00 2792.00 -247.97" )
L 10/07/2014 - 17:00:07: World triggered "Round_Start"
L 10/07/2014 - 17:00:07: World triggered "Round_Setup_Begin"
L 10/07/2014 - 17:00:07: World triggered "Mini_Round_Selected" (round "round_1")
L 10/07/2014 - 17:00:07: World triggered "Mini_Round_Start"
L 10/07/2014 - 17:00:14: "Aperture Science Prototype XR7<3><BOT><Red>" triggered "player_builtobject" (object "OBJ_TELEPORTER") (position "2493 1006 -192")
L 10/07/2014 - 17:00:35: "Aperture Science Prototype XR7<3><BOT><Red>" triggered "player_builtobject" (object "OBJ_SENTRYGUN") (position "-66 2269 -292")
L 10/07/2014 - 17:00:38: "splunk> All Batbelt, No tights<11><[U:1:197367651]><>" connected, address "192.168.1.104:27005"
L 10/07/2014 - 17:00:38: "splunk> All Batbelt, No tights<11><[U:1:197367651]><>" STEAM USERID validated
L 10/07/2014 - 17:00:41: "splunk> All Batbelt, No tights<11><[U:1:197367651]><>" entered the game
L 10/07/2014 - 17:01:02: "splunk> All Batbelt, No tights<11><[U:1:197367651]><Unassigned>" joined team "Red"
L 10/07/2014 - 17:01:05: "Aperture Science Prototype XR7<3><BOT><Red>" triggered "player_builtobject" (object "OBJ_DISPENSER") (position "-39 2269 -286")
L 10/07/2014 - 17:01:05: "splunk> All Batbelt, No tights<11><[U:1:197367651]><Red>" changed role to "heavyweapons"
L 10/07/2014 - 17:01:10: World triggered "Round_Setup_End"
L 10/07/2014 - 17:01:13: "Chief Data Wrangler<12><[U:1:197363721]><>" connected, address "192.168.1.111:27005"
L 10/07/2014 - 17:01:13: "Chief Data Wrangler<12><[U:1:197363721]><>" STEAM USERID validated
L 10/07/2014 - 17:01:15: "Aperture Science Prototype XR7<3><BOT><Red>" triggered "player_builtobject" (object "OBJ_TELEPORTER") (position "-88 2249 -296")
L 10/07/2014 - 17:01:17: "Chief Data Wrangler<12><[U:1:197363721]><>" entered the game
L 10/07/2014 - 17:01:24: "Chief Data Wrangler<12><[U:1:197363721]><Unassigned>" joined team "Blue"
L 10/07/2014 - 17:01:32: "Chief Data Wrangler<12><[U:1:197363721]><Blue>" changed role to "heavyweapons"
L 10/07/2014 - 17:01:33: "GutsAndGlory!<5><BOT><Red>" triggered "captureblocked" (cp "0") (cpname "#Dustbowl_cap_1_A") (position "-110 2640 -247")
L 10/07/2014 - 17:01:34: "Maggot<8><BOT><Blue>" triggered "chargedeployed"
L 10/07/2014 - 17:01:35: "Herr Doktor<9><BOT><Red>" triggered "captureblocked" (cp "0") (cpname "#Dustbowl_cap_1_A") (position "-272 2719 -240")
L 10/07/2014 - 17:01:37: "Herr Doktor<9><BOT><Red>" triggered "chargedeployed"
L 10/07/2014 - 17:01:40: "Splunk Ninja<10><[U:1:197422767]><Blue>" killed "Aperture Science Prototype XR7<3><BOT><Red>" with "sniperrifle" (customkill "headshot") (attacker_position "-1545 2584 -232") (victim_position "-68 2235 -292")
L 10/07/2014 - 17:01:40: "Headful of Eyeballs<2><BOT><Blue>" triggered "kill assist" against "Aperture Science Prototype XR7<3><BOT><Red>" (assister_position "-1492 2420 -447") (attacker_position "-1545 2584 -232") (victim_position "-68 2235 -292")
L 10/07/2014 - 17:01:42: "Headful of Eyeballs<2><BOT><Blue>" triggered "killedobject" (object "OBJ_SENTRYGUN") (weapon "pistol_scout") (objectowner "Aperture Science Prototype XR7<3><BOT><Red>") (attacker_position "-1492 2420 -447")
L 10/07/2014 - 17:01:42: "AimBot<4><BOT><Blue>" killed "Screamin' Eagles<7><BOT><Red>" with "tf_projectile_rocket" (attacker_position "-185 2799 -240") (victim_position "-120 2867 -243")
L 10/07/2014 - 17:01:42: "Maggot<8><BOT><Blue>" triggered "kill assist" against "Screamin' Eagles<7><BOT><Red>" (assister_position "-225 2783 -240") (attacker_position "-185 2799 -240") (victim_position "-120 2867 -243")
L 10/07/2014 - 17:01:42: "Screamin' Eagles<7><BOT><Red>" changed role to "demoman"
L 10/07/2014 - 17:01:43: "GutsAndGlory!<5><BOT><Red>" triggered "medic_death" against "Maggot<8><BOT><Blue>" (healing "589") (ubercharge "0")
L 10/07/2014 - 17:01:43: "GutsAndGlory!<5><BOT><Red>" killed "Maggot<8><BOT><Blue>" with "shotgun_soldier" (attacker_position "-280 2760 -240") (victim_position "-232 2783 -240")
L 10/07/2014 - 17:01:43: "Herr Doktor<9><BOT><Red>" triggered "kill assist" against "Maggot<8><BOT><Blue>" (assister_position "-169 2731 -240") (attacker_position "-280 2760 -240") (victim_position "-232 2783 -240")
L 10/07/2014 - 17:01:46: "AimBot<4><BOT><Blue>" triggered "killedobject" (object "OBJ_TELEPORTER") (weapon "tf_projectile_rocket") (objectowner "Aperture Science Prototype XR7<3><BOT><Red>") (attacker_position "209 2493 -255")
L 10/07/2014 - 17:01:47: "Headful of Eyeballs<2><BOT><Blue>" triggered "killedobject" (object "OBJ_DISPENSER") (weapon "scattergun") (objectowner "Aperture Science Prototype XR7<3><BOT><Red>") (attacker_position "-433 2227 -415")
L 10/07/2014 - 17:01:49: "splunk> All Batbelt, No tights<11><[U:1:197367651]><Red>" killed "AimBot<4><BOT><Blue>" with "minigun" (attacker_position "694 2588 -255") (victim_position "206 2467 -255")
L 10/07/2014 - 17:01:52: "Saxton Hale<6><BOT><Blue>" triggered "medic_death" against "Herr Doktor<9><BOT><Red>" (healing "1046") (ubercharge "0")
L 10/07/2014 - 17:01:52: "Saxton Hale<6><BOT><Blue>" killed "Herr Doktor<9><BOT><Red>" with "flamethrower" (attacker_position "-89 2706 -165") (victim_position "-159 2688 -242")
L 10/07/2014 - 17:01:53: "GutsAndGlory!<5><BOT><Red>" triggered "captureblocked" (cp "0") (cpname "#Dustbowl_cap_1_A") (position "-476 2902 -156")
L 10/07/2014 - 17:01:53: "GutsAndGlory!<5><BOT><Red>" killed "Saxton Hale<6><BOT><Blue>" with "tf_projectile_rocket" (attacker_position "-476 2902 -156") (victim_position "-350 2748 -247")
L 10/07/2014 - 17:01:53: "Saxton Hale<6><BOT><Blue>" changed role to "soldier"
L 10/07/2014 - 17:01:54: "Headful of Eyeballs<2><BOT><Blue>" killed "GutsAndGlory!<5><BOT><Red>" with "pistol_scout" (attacker_position "-105 2587 -247") (victim_position "-412 2857 -247")
L 10/07/2014 - 17:01:54: "Saxton Hale<6><BOT><Blue>" triggered "kill assist" against "GutsAndGlory!<5><BOT><Red>" (assister_position "-350 2748 -213") (attacker_position "-105 2587 -247") (victim_position "-412 2857 -247")
L 10/07/2014 - 17:02:08: "Splunk Ninja<10><[U:1:197422767]><Blue>" killed "splunk> All Batbelt, No tights<11><[U:1:197367651]><Red>" with "sniperrifle" (customkill "headshot") (attacker_position "184 2512 -255") (victim_position "791 2622 -255")
L 10/07/2014 - 17:02:15: Team "Blue" triggered "pointcaptured" (cp "0") (cpname "#Dustbowl_cap_1_A") (numcappers "1") (player1 "Headful of Eyeballs<2><BOT><Blue>") (position1 "-205 2782 -240") 
L 10/07/2014 - 17:02:16: "Herr Doktor<9><BOT><Red>" stuck (position "2429.09 1413.97 -225.97") (duration "3.16") L 10/07/2014 - 17:02:16:    path_goal ( "NULL" )
L 10/07/2014 - 17:02:16: "Herr Doktor<9><BOT><Red>" stuck (position "2447.38 1418.57 -200.66") (duration "3.27") L 10/07/2014 - 17:02:16:    path_goal ( "NULL" )
L 10/07/2014 - 17:02:17: "Herr Doktor<9><BOT><Red>" stuck (position "2430.29 1401.05 -225.97") (duration "4.32") L 10/07/2014 - 17:02:17:    path_goal ( "2211.78 1302.79 -223.97" )
L 10/07/2014 - 17:02:22: "Screamin' Eagles<7><BOT><Red>" killed "Headful of Eyeballs<2><BOT><Blue>" with "tf_projectile_pipe" (attacker_position "2280 2352 -136") (victim_position "1259 2456 -263")
L 10/07/2014 - 17:02:24: "Aperture Science Prototype XR7<3><BOT><Red>" triggered "player_builtobject" (object "OBJ_SENTRYGUN") (position "2192 2690 -159")
L 10/07/2014 - 17:02:28: "GutsAndGlory!<5><BOT><Red>" killed "Splunk Ninja<10><[U:1:197422767]><Blue>" with "tf_projectile_rocket" (attacker_position "1771 2146 -192") (victim_position "1075 2648 -255")
L 10/07/2014 - 17:02:28: "Herr Doktor<9><BOT><Red>" triggered "kill assist" against "Splunk Ninja<10><[U:1:197422767]><Blue>" (assister_position "1807 1859 -191") (attacker_position "1771 2146 -192") (victim_position "1075 2648 -255")
L 10/07/2014 - 17:02:40: "Saxton Hale<6><BOT><Blue>" triggered "medic_death" against "Herr Doktor<9><BOT><Red>" (healing "165") (ubercharge "0")
L 10/07/2014 - 17:02:40: "Saxton Hale<6><BOT><Blue>" killed "Herr Doktor<9><BOT><Red>" with "tf_projectile_rocket" (attacker_position "1055 2344 -253") (victim_position "1910 2518 -194")
L 10/07/2014 - 17:02:40: "Maggot<8><BOT><Blue>" triggered "kill assist" against "Herr Doktor<9><BOT><Red>" (assister_position "1279 2242 -258") (attacker_position "1055 2344 -253") (victim_position "1910 2518 -194")
L 10/07/2014 - 17:02:41: "Splunk Ninja<10><[U:1:197422767]><Blue>" changed role to "soldier"
L 10/07/2014 - 17:02:42: "GutsAndGlory!<5><BOT><Red>" killed "Chief Data Wrangler<12><[U:1:197363721]><Blue>" with "tf_projectile_rocket" (attacker_position "2052 2396 167") (victim_position "1492 2183 -212")
L 10/07/2014 - 17:02:42: "Screamin' Eagles<7><BOT><Red>" triggered "kill assist" against "Chief Data Wrangler<12><[U:1:197363721]><Blue>" (assister_position "1413 2555 -62") (attacker_position "2052 2396 167") (victim_position "1492 2183 -212")
L 10/07/2014 - 17:02:42: "Chief Data Wrangler<12><[U:1:197363721]><Blue>" killed "GutsAndGlory!<5><BOT><Red>" with "world" (attacker_position "1492 2183 -198") (victim_position "2067 2488 -179")
L 10/07/2014 - 17:02:42: "GutsAndGlory!<5><BOT><Red>" changed role to "demoman"
L 10/07/2014 - 17:02:47: "Saxton Hale<6><BOT><Blue>" killed "Aperture Science Prototype XR7<3><BOT><Red>" with "shotgun_soldier" (attacker_position "1762 2702 -169") (victim_position "2062 2691 -176")
L 10/07/2014 - 17:02:50: "Aperture Science Prototype XR7<3><BOT><Red>" killed "Saxton Hale<6><BOT><Blue>" with "obj_sentrygun" (attacker_position "2062 2691 -88") (victim_position "1204 2703 -52")
L 10/07/2014 - 17:02:50: "Screamin' Eagles<7><BOT><Red>" triggered "kill assist" against "Saxton Hale<6><BOT><Blue>" (assister_position "1261 2148 -63") (attacker_position "2062 2691 -88") (victim_position "1204 2703 -52")
L 10/07/2014 - 17:02:50: "Saxton Hale<6><BOT><Blue>" changed role to "demoman"
L 10/07/2014 - 17:02:52: "Chief Data Wrangler<12><[U:1:197363721]><Blue>" changed role to "soldier"
L 10/07/2014 - 17:03:02: "Chief Data Wrangler<12><[U:1:197363721]><Blue>" changed role to "sniper"
L 10/07/2014 - 17:03:09: "AimBot<4><BOT><Blue>" killed "Aperture Science Prototype XR7<3><BOT><Red>" with "tf_projectile_rocket" (attacker_position "1945 1886 -206") (victim_position "2158 922 -191")
L 10/07/2014 - 17:03:12: "splunk> All Batbelt, No tights<11><[U:1:197367651]><Red>" killed "AimBot<4><BOT><Blue>" with "minigun" (attacker_position "2160 770 -199") (victim_position "1785 1724 -191")
L 10/07/2014 - 17:03:12: "Herr Doktor<9><BOT><Red>" triggered "kill assist" against "AimBot<4><BOT><Blue>" (assister_position "2315 863 -191") (attacker_position "2160 770 -199") (victim_position "1785 1724 -191")
L 10/07/2014 - 17:03:12: "AimBot<4><BOT><Blue>" changed role to "engineer"
L 10/07/2014 - 17:03:15: "GutsAndGlory!<5><BOT><Red>" triggered "medic_death" against "Maggot<8><BOT><Blue>" (healing "618") (ubercharge "0")
L 10/07/2014 - 17:03:15: "GutsAndGlory!<5><BOT><Red>" killed "Maggot<8><BOT><Blue>" with "tf_projectile_pipe" (attacker_position "1960 2299 -198") (victim_position "2130 2305 -143")
L 10/07/2014 - 17:03:15: "Screamin' Eagles<7><BOT><Red>" triggered "kill assist" against "Maggot<8><BOT><Blue>" (assister_position "2228 2549 -143") (attacker_position "1960 2299 -198") (victim_position "2130 2305 -143")
L 10/07/2014 - 17:03:16: "Screamin' Eagles<7><BOT><Red>" triggered "captureblocked" (cp "1") (cpname "#Dustbowl_cap_1_B") (position "2228 2549 -143")
L 10/07/2014 - 17:03:16: "Screamin' Eagles<7><BOT><Red>" killed "Splunk Ninja<10><[U:1:197422767]><Blue>" with "tf_projectile_pipe" (attacker_position "2228 2549 -143") (victim_position "2358 2462 -140")
L 10/07/2014 - 17:03:16: "Aperture Science Prototype XR7<3><BOT><Red>" triggered "kill assist" against "Splunk Ninja<10><[U:1:197422767]><Blue>" (assister_position "1544 2184 114") (attacker_position "2228 2549 -143") (victim_position "2358 2462 -140")
L 10/07/2014 - 17:03:25: "Splunk Ninja<10><[U:1:197422767]><Blue>" changed role to "demoman"
L 10/07/2014 - 17:03:32: "GutsAndGlory!<5><BOT><Red>" killed "Saxton Hale<6><BOT><Blue>" with "tf_projectile_pipe_remote" (attacker_position "2062 2366 -154") (victim_position "1629 2318 -204")
L 10/07/2014 - 17:03:32: "Screamin' Eagles<7><BOT><Red>" triggered "kill assist" against "Saxton Hale<6><BOT><Blue>" (assister_position "1700 2678 -128") (attacker_position "2062 2366 -154") (victim_position "1629 2318 -204")
L 10/07/2014 - 17:03:32: "GutsAndGlory!<5><BOT><Red>" committed suicide with "tf_projectile_pipe_remote" (attacker_position "2062 2366 -154")
L 10/07/2014 - 17:03:32: "GutsAndGlory!<5><BOT><Red>" changed role to "soldier"
L 10/07/2014 - 17:03:35: "Screamin' Eagles<7><BOT><Red>" killed "Headful of Eyeballs<2><BOT><Blue>" with "tf_projectile_pipe" (attacker_position "1390 2463 -65") (victim_position "855 2485 -57")
L 10/07/2014 - 17:03:39: "AimBot<4><BOT><Blue>" triggered "player_builtobject" (object "OBJ_TELEPORTER") (position "-2175 2938 -255")
L 10/07/2014 - 17:03:46: "Screamin' Eagles<7><BOT><Red>" killed "Chief Data Wrangler<12><[U:1:197363721]><Blue>" with "tf_projectile_pipe" (attacker_position "1396 2547 -64") (victim_position "842 1752 -33")
L 10/07/2014 - 17:04:05: "AimBot<4><BOT><Blue>" triggered "player_builtobject" (object "OBJ_TELEPORTER") (position "665 2014 -253")
L 10/07/2014 - 17:04:09: "Herr Doktor<9><BOT><Red>" triggered "chargedeployed"
L 10/07/2014 - 17:04:14: "splunk> All Batbelt, No tights<11><[U:1:197367651]><Red>" triggered "medic_death" against "Maggot<8><BOT><Blue>" (healing "405") (ubercharge "0")
L 10/07/2014 - 17:04:14: "splunk> All Batbelt, No tights<11><[U:1:197367651]><Red>" killed "Maggot<8><BOT><Blue>" with "minigun" (attacker_position "873 2541 -252") (victim_position "564 2614 -248")
L 10/07/2014 - 17:04:14: "Herr Doktor<9><BOT><Red>" triggered "kill assist" against "Maggot<8><BOT><Blue>" (assister_position "958 2467 -251") (attacker_position "873 2541 -252") (victim_position "564 2614 -248")
L 10/07/2014 - 17:04:16: "Headful of Eyeballs<2><BOT><Blue>" stuck (position "960.22 2579.05 3.58") (duration "2.52") L 10/07/2014 - 17:04:16:    path_goal ( "1035.00 2579.05 -62.69" )
L 10/07/2014 - 17:04:20: "GutsAndGlory!<5><BOT><Red>" killed "Saxton Hale<6><BOT><Blue>" with "tf_projectile_rocket" (attacker_position "1037 2446 -254") (victim_position "1224 2698 -61")
L 10/07/2014 - 17:04:20: "Aperture Science Prototype XR7<3><BOT><Red>" triggered "kill assist" against "Saxton Hale<6><BOT><Blue>" (assister_position "2197 2693 -159") (attacker_position "1037 2446 -254") (victim_position "1224 2698 -61")
L 10/07/2014 - 17:04:22: "Headful of Eyeballs<2><BOT><Blue>" triggered "medic_death" against "Herr Doktor<9><BOT><Red>" (healing "870") (ubercharge "0")
L 10/07/2014 - 17:04:22: "Headful of Eyeballs<2><BOT><Blue>" killed "Herr Doktor<9><BOT><Red>" with "pistol_scout" (attacker_position "246 2495 -255") (victim_position "521 2583 -248")
L 10/07/2014 - 17:04:22: "Splunk Ninja<10><[U:1:197422767]><Blue>" triggered "kill assist" against "Herr Doktor<9><BOT><Red>" (assister_position "125 2704 -255") (attacker_position "246 2495 -255") (victim_position "521 2583 -248")
L 10/07/2014 - 17:04:26: "AimBot<4><BOT><Blue>" killed "Screamin' Eagles<7><BOT><Red>" with "shotgun_primary" (attacker_position "1148 2163 -63") (victim_position "1374 2540 -65")
L 10/07/2014 - 17:04:26: "Screamin' Eagles<7><BOT><Red>" changed role to "spy"
L 10/07/2014 - 17:04:26: "Aperture Science Prototype XR7<3><BOT><Red>" killed "AimBot<4><BOT><Blue>" with "shotgun_primary" (attacker_position "1163 2512 -259") (victim_position "1129 2237 -64")
L 10/07/2014 - 17:04:26: "Screamin' Eagles<7><BOT><Red>" triggered "kill assist" against "AimBot<4><BOT><Blue>" (assister_position "1374 2540 -31") (attacker_position "1163 2512 -259") (victim_position "1129 2237 -64")
L 10/07/2014 - 17:04:28: "Splunk Ninja<10><[U:1:197422767]><Blue>" killed "GutsAndGlory!<5><BOT><Red>" with "tf_projectile_pipe" (attacker_position "25 2874 -247") (victim_position "254 2487 -255")
L 10/07/2014 - 17:04:28: "GutsAndGlory!<5><BOT><Red>" changed role to "demoman"
L 10/07/2014 - 17:04:31: "Aperture Science Prototype XR7<3><BOT><Red>" triggered "player_builtobject" (object "OBJ_DISPENSER") (position "2217 2707 -159")
L 10/07/2014 - 17:04:36: "Splunk Ninja<10><[U:1:197422767]><Blue>" killed "splunk> All Batbelt, No tights<11><[U:1:197367651]><Red>" with "tf_projectile_pipe" (attacker_position "830 2605 -254") (victim_position "923 2148 -255")
L 10/07/2014 - 17:04:39: "Aperture Science Prototype XR7<3><BOT><Red>" triggered "player_builtobject" (object "OBJ_TELEPORTER") (position "2247 2743 -159")
L 10/07/2014 - 17:04:46: "Herr Doktor<9><BOT><Red>" stuck (position "2447.81 1397.21 -225.97") (duration "3.16") L 10/07/2014 - 17:04:46:    path_goal ( "NULL" )
L 10/07/2014 - 17:04:46: "Herr Doktor<9><BOT><Red>" stuck (position "2432.58 1406.31 -200.66") (duration "3.27") L 10/07/2014 - 17:04:46:    path_goal ( "NULL" )
L 10/07/2014 - 17:04:47: "Aperture Science Prototype XR7<3><BOT><Red>" killed "Splunk Ninja<10><[U:1:197422767]><Blue>" with "obj_sentrygun3" (attacker_position "2129 2741 -159") (victim_position "1796 2676 -191")
L 10/07/2014 - 17:04:49: "Aperture Science Prototype XR7<3><BOT><Red>" triggered "captureblocked" (cp "1") (cpname "#Dustbowl_cap_1_B") (position "2197 2783 -159")
L 10/07/2014 - 17:04:49: "Aperture Science Prototype XR7<3><BOT><Red>" killed "Chief Data Wrangler<12><[U:1:197363721]><Blue>" with "obj_sentrygun3" (attacker_position "2197 2783 -159") (victim_position "2399 2356 -141")
L 10/07/2014 - 17:04:50: "Herr Doktor<9><BOT><Red>" stuck (position "2472.32 1422.16 -225.97") (duration "3.15") L 10/07/2014 - 17:04:50:    path_goal ( "NULL" )
L 10/07/2014 - 17:04:50: "Herr Doktor<9><BOT><Red>" stuck (position "2489.37 1431.89 -200.66") (duration "3.26") L 10/07/2014 - 17:04:50:    path_goal ( "2489.37 1250.00 -223.97" )
L 10/07/2014 - 17:04:54: "Screamin' Eagles<7><BOT><Red>" killed "Headful of Eyeballs<2><BOT><Blue>" with "knife" (customkill "backstab") (attacker_position "2115 1576 -197") (victim_position "2079 1624 -203")
L 10/07/2014 - 17:04:55: "Splunk Ninja<10><[U:1:197422767]><Blue>" changed role to "soldier"
L 10/07/2014 - 17:05:00: "Chief Data Wrangler<12><[U:1:197363721]><Blue>" changed role to "soldier"
L 10/07/2014 - 17:05:03: "Screamin' Eagles<7><BOT><Red>" killed "AimBot<4><BOT><Blue>" with "knife" (customkill "backstab") (attacker_position "840 2605 -254") (victim_position "900 2627 -254")
L 10/07/2014 - 17:05:05: "Screamin' Eagles<7><BOT><Red>" triggered "medic_death" against "Maggot<8><BOT><Blue>" (healing "185") (ubercharge "0")
L 10/07/2014 - 17:05:05: "Screamin' Eagles<7><BOT><Red>" killed "Maggot<8><BOT><Blue>" with "knife" (customkill "backstab") (attacker_position "1046 2517 -254") (victim_position "1078 2565 -254")
L 10/07/2014 - 17:05:05: "Aperture Science Prototype XR7<3><BOT><Red>" triggered "kill assist" against "Maggot<8><BOT><Blue>" (assister_position "2205 2753 -159") (attacker_position "1046 2517 -254") (victim_position "1078 2565 -254")
L 10/07/2014 - 17:05:05: "Chief Data Wrangler<12><[U:1:197363721]><Blue>" changed role to "demoman"
L 10/07/2014 - 17:05:10: "Screamin' Eagles<7><BOT><Red>" killed "Saxton Hale<6><BOT><Blue>" with "revolver" (attacker_position "682 2636 -252") (victim_position "836 2631 -255")
L 10/07/2014 - 17:05:11: "Chief Data Wrangler<12><[U:1:197363721]><Blue>" changed role to "soldier"
L 10/07/2014 - 17:05:12: "Saxton Hale<6><BOT><Blue>" killed "Screamin' Eagles<7><BOT><Red>" with "tf_projectile_pipe" (attacker_position "836 2631 -187") (victim_position "622 2604 -255")
L 10/07/2014 - 17:05:29: "Maggot<8><BOT><Blue>" stuck (position "-3329.82 2563.23 -437.42") (duration "3.15") L 10/07/2014 - 17:05:29:    path_goal ( "NULL" )
L 10/07/2014 - 17:05:29: "Maggot<8><BOT><Blue>" stuck (position "-3363.40 2562.21 -412.11") (duration "3.26") L 10/07/2014 - 17:05:29:    path_goal ( "NULL" )
L 10/07/2014 - 17:05:30: "Splunk Ninja<10><[U:1:197422767]><Blue>" triggered "killedobject" (object "OBJ_TELEPORTER") (weapon "tf_projectile_rocket") (objectowner "Aperture Science Prototype XR7<3><BOT><Red>") (attacker_position "1275 1938 -63")
L 10/07/2014 - 17:05:31: "GutsAndGlory!<5><BOT><Red>" killed "Splunk Ninja<10><[U:1:197422767]><Blue>" with "tf_projectile_pipe" (attacker_position "1209 2693 -255") (victim_position "1274 1939 -63")
L 10/07/2014 - 17:05:33: "Maggot<8><BOT><Blue>" stuck (position "-3332.27 2549.18 -437.54") (duration "3.15") L 10/07/2014 - 17:05:33:    path_goal ( "NULL" )
L 10/07/2014 - 17:05:34: "Maggot<8><BOT><Blue>" stuck (position "-3333.07 2561.77 -412.23") (duration "3.26") L 10/07/2014 - 17:05:34:    path_goal ( "NULL" )
L 10/07/2014 - 17:05:34: "AimBot<4><BOT><Blue>" triggered "player_builtobject" (object "OBJ_SENTRYGUN") (position "1399 2378 -245")
L 10/07/2014 - 17:05:35: "Maggot<8><BOT><Blue>" stuck (position "-3227.05 2599.82 -447.78") (duration "4.30") L 10/07/2014 - 17:05:35:    path_goal ( "-3200.00 2550.00 -453.70" )
L 10/07/2014 - 17:05:36: "Headful of Eyeballs<2><BOT><Blue>" stuck (position "1210.41 2084.29 -63.97") (duration "2.52") L 10/07/2014 - 17:05:36:    path_goal ( "1244.43 2082.38 -63.97" )
L 10/07/2014 - 17:05:36: "Headful of Eyeballs<2><BOT><Blue>" stuck (position "1226.68 2062.94 -38.66") (duration "2.62") L 10/07/2014 - 17:05:36:    path_goal ( "1244.43 2082.38 -63.97" )
L 10/07/2014 - 17:05:36: "GutsAndGlory!<5><BOT><Red>" triggered "killedobject" (object "OBJ_SENTRYGUN") (weapon "tf_projectile_pipe") (objectowner "AimBot<4><BOT><Blue>") (attacker_position "1080 2218 -253")
L 10/07/2014 - 17:05:38: "GutsAndGlory!<5><BOT><Red>" killed "AimBot<4><BOT><Blue>" with "tf_projectile_pipe" (attacker_position "1104 1952 -255") (victim_position "1039 2172 -255")
L 10/07/2014 - 17:05:46: "Headful of Eyeballs<2><BOT><Blue>" stuck (position "1241.37 2101.15 -63.97") (duration "0.10") L 10/07/2014 - 17:05:46:    path_goal ( "1225.00 2240.00 -63.97" )
L 10/07/2014 - 17:05:47: "Headful of Eyeballs<2><BOT><Blue>" stuck (position "1253.72 2154.93 -63.97") (duration "1.15") L 10/07/2014 - 17:05:47:    path_goal ( "1225.00 2240.00 -63.97" )
L 10/07/2014 - 17:05:56: "GutsAndGlory!<5><BOT><Red>" triggered "killedobject" (object "OBJ_TELEPORTER") (weapon "tf_projectile_pipe") (objectowner "AimBot<4><BOT><Blue>") (attacker_position "675 2227 -250")
L 10/07/2014 - 17:06:00: "Aperture Science Prototype XR7<3><BOT><Red>" triggered "player_builtobject" (object "OBJ_TELEPORTER") (position "2182 2728 -159")
L 10/07/2014 - 17:06:05: "Aperture Science Prototype XR7<3><BOT><Red>" triggered "medic_death" against "Maggot<8><BOT><Blue>" (healing "197") (ubercharge "0")
L 10/07/2014 - 17:06:05: "Aperture Science Prototype XR7<3><BOT><Red>" killed "Maggot<8><BOT><Blue>" with "shotgun_primary" (attacker_position "1546 2734 -63") (victim_position "1490 2717 -59")
L 10/07/2014 - 17:06:05: "Aperture Science Prototype XR7<3><BOT><Red>" killed "Chief Data Wrangler<12><[U:1:197363721]><Blue>" with "world" (attacker_position "1386 2728 -64") (victim_position "1544 2608 -63")
L 10/07/2014 - 17:06:09: "Saxton Hale<6><BOT><Blue>" triggered "killedobject" (object "OBJ_TELEPORTER") (weapon "tf_projectile_pipe_remote") (objectowner "Aperture Science Prototype XR7<3><BOT><Red>") (attacker_position "2151 2414 -143")
L 10/07/2014 - 17:06:09: "Saxton Hale<6><BOT><Blue>" triggered "killedobject" (object "OBJ_SENTRYGUN") (weapon "tf_projectile_pipe_remote") (objectowner "Aperture Science Prototype XR7<3><BOT><Red>") (attacker_position "2151 2414 -143")
L 10/07/2014 - 17:06:09: "Splunk Ninja<10><[U:1:197422767]><Blue>" killed "Aperture Science Prototype XR7<3><BOT><Red>" with "tf_projectile_rocket" (attacker_position "1107 2031 -63") (victim_position "1032 2640 -255")
L 10/07/2014 - 17:06:09: "GutsAndGlory!<5><BOT><Red>" committed suicide with "tf_projectile_pipe" (attacker_position "826 2540 -253")
L 10/07/2014 - 17:06:09: "GutsAndGlory!<5><BOT><Red>" changed role to "sniper"
L 10/07/2014 - 17:06:13: "Saxton Hale<6><BOT><Blue>" triggered "killedobject" (object "OBJ_DISPENSER") (weapon "tf_projectile_pipe") (objectowner "Aperture Science Prototype XR7<3><BOT><Red>") (attacker_position "1978 2680 -191")
L 10/07/2014 - 17:06:15: "AimBot<4><BOT><Blue>" triggered "player_builtobject" (object "OBJ_TELEPORTER") (position "615 3216 -63")
L 10/07/2014 - 17:06:18: Team "Blue" triggered "pointcaptured" (cp "1") (cpname "#Dustbowl_cap_1_B") (numcappers "1") (player1 "Saxton Hale<6><BOT><Blue>") (position1 "2322 2337 -136") 
L 10/07/2014 - 17:06:18: World triggered "Mini_Round_Win" (winner "Blue") (round "round_1")
L 10/07/2014 - 17:06:18: World triggered "Mini_Round_Length" (seconds "363.66")
L 10/07/2014 - 17:06:24: "Headful of Eyeballs<2><BOT><Blue>" killed "splunk> All Batbelt, No tights<11><[U:1:197367651]><Red>" with "scattergun" (attacker_position "2135 1247 -183") (victim_position "1911 1099 -189")
L 10/07/2014 - 17:06:24: "Saxton Hale<6><BOT><Blue>" triggered "kill assist" against "splunk> All Batbelt, No tights<11><[U:1:197367651]><Red>" (assister_position "1874 2037 -201") (attacker_position "2135 1247 -183") (victim_position "1911 1099 -189")
L 10/07/2014 - 17:06:29: "Herr Doktor<9><BOT><Red>" triggered "medic_death" against "Herr Doktor<9><BOT><Red>" (healing "495") (ubercharge "1")
L 10/07/2014 - 17:06:29: "Herr Doktor<9><BOT><Red>" committed suicide with "world" (attacker_position "2450 1407 -225")
L 10/07/2014 - 17:06:29: "Herr Doktor<9><BOT><Red>" changed role to "scout"
L 10/07/2014 - 17:06:40: World triggered "Round_Setup_Begin"
L 10/07/2014 - 17:06:40: World triggered "Mini_Round_Selected" (round "round_2")
L 10/07/2014 - 17:06:40: World triggered "Mini_Round_Start"
L 10/07/2014 - 17:06:47: "Aperture Science Prototype XR7<3><BOT><Red>" triggered "player_builtobject" (object "OBJ_TELEPORTER") (position "-2106 -1735 -189")
L 10/07/2014 - 17:06:50: "AimBot<4><BOT><Blue>" stuck (position "2568.03 1000.03 -223.97") (duration "3.36") L 10/07/2014 - 17:06:50:    path_goal ( "2310.00 -1560.00 0.03" )
L 10/07/2014 - 17:06:50: "AimBot<4><BOT><Blue>" stuck (position "2568.03 1000.03 -198.66") (duration "3.46") L 10/07/2014 - 17:06:50:    path_goal ( "2575.00 1025.00 -223.97" )
L 10/07/2014 - 17:06:51: "AimBot<4><BOT><Blue>" stuck (position "2568.03 1060.60 -223.97") (duration "4.51") L 10/07/2014 - 17:06:51:    path_goal ( "2600.00 1250.00 -223.97" )
L 10/07/2014 - 17:06:52: "Splunk Ninja<10><[U:1:197422767]><Blue>" changed role to "medic"
L 10/07/2014 - 17:06:53: "AimBot<4><BOT><Blue>" triggered "player_builtobject" (object "OBJ_TELEPORTER") (position "2503 992 -191")
L 10/07/2014 - 17:07:02: "AimBot<4><BOT><Blue>" stuck (position "2032.23 286.53 -325.30") (duration "4.20") L 10/07/2014 - 17:07:02:    path_goal ( "1836.30 -1698.25 -142.55" )
L 10/07/2014 - 17:07:02: "AimBot<4><BOT><Blue>" stuck (position "2017.19 286.53 -300.00") (duration "4.30") L 10/07/2014 - 17:07:02:    path_goal ( "1836.30 -1698.25 -142.55" )
L 10/07/2014 - 17:07:06: "Aperture Science Prototype XR7<3><BOT><Red>" triggered "player_builtobject" (object "OBJ_SENTRYGUN") (position "2040 -1915 -127")
L 10/07/2014 - 17:07:06: "AimBot<4><BOT><Blue>" stuck (position "1997.06 286.53 -324.03") (duration "3.46") L 10/07/2014 - 17:07:06:    path_goal ( "2073.36 -2097.19 -126.48" )
L 10/07/2014 - 17:07:06: "AimBot<4><BOT><Blue>" stuck (position "1984.51 286.53 -298.73") (duration "3.57") L 10/07/2014 - 17:07:06:    path_goal ( "2073.36 -2097.19 -126.48" )
L 10/07/2014 - 17:07:12: "AimBot<4><BOT><Blue>" stuck (position "1953.40 286.72 -322.47") (duration "3.46") L 10/07/2014 - 17:07:12:    path_goal ( "1926.95 -1987.53 -129.45" )
L 10/07/2014 - 17:07:12: "AimBot<4><BOT><Blue>" stuck (position "1958.04 293.29 -297.17") (duration "3.57") L 10/07/2014 - 17:07:12:    path_goal ( "1926.95 -1987.53 -129.45" )
L 10/07/2014 - 17:07:17: "AimBot<4><BOT><Blue>" stuck (position "2000.02 286.53 -324.14") (duration "3.78") L 10/07/2014 - 17:07:17:    path_goal ( "1838.52 -622.02 -20.93" )
L 10/07/2014 - 17:07:17: "AimBot<4><BOT><Blue>" stuck (position "1982.68 286.53 -298.84") (duration "3.88") L 10/07/2014 - 17:07:17:    path_goal ( "1838.52 -622.02 -20.93" )
L 10/07/2014 - 17:07:22: "Screamin' Eagles<7><BOT><Red>" stuck (position "2248.39 210.51 -290.33") (duration "3.78") L 10/07/2014 - 17:07:22:    path_goal ( "2437.50 1025.00 -198.54" )
L 10/07/2014 - 17:07:22: "Screamin' Eagles<7><BOT><Red>" stuck (position "2226.36 222.57 -267.54") (duration "3.88") L 10/07/2014 - 17:07:22:    path_goal ( "2437.50 1025.00 -198.54" )
L 10/07/2014 - 17:07:23: "AimBot<4><BOT><Blue>" stuck (position "2228.76 285.53 -327.22") (duration "3.67") L 10/07/2014 - 17:07:23:    path_goal ( "2200.00 285.53 -328.43" )
L 10/07/2014 - 17:07:23: "AimBot<4><BOT><Blue>" stuck (position "2223.66 285.53 -301.91") (duration "3.78") L 10/07/2014 - 17:07:23:    path_goal ( "2200.00 285.53 -328.43" )
L 10/07/2014 - 17:07:28: "Screamin' Eagles<7><BOT><Red>" stuck (position "2253.57 234.47 -304.10") (duration "3.99") L 10/07/2014 - 17:07:28:    path_goal ( "2437.50 1025.00 -198.54" )
L 10/07/2014 - 17:07:28: "Screamin' Eagles<7><BOT><Red>" stuck (position "2247.73 234.47 -291.11") (duration "4.10") L 10/07/2014 - 17:07:28:    path_goal ( "2437.50 1025.00 -198.54" )
L 10/07/2014 - 17:07:29: "AimBot<4><BOT><Blue>" stuck (position "2024.07 286.53 -325.01") (duration "3.78") L 10/07/2014 - 17:07:29:    path_goal ( "2031.62 -1854.28 -137.05" )
L 10/07/2014 - 17:07:30: "AimBot<4><BOT><Blue>" stuck (position "2014.88 286.53 -299.70") (duration "3.89") L 10/07/2014 - 17:07:30:    path_goal ( "2031.62 -1854.28 -137.05" )
L 10/07/2014 - 17:07:34: "Screamin' Eagles<7><BOT><Red>" stuck (position "2207.76 234.47 -304.49") (duration "3.36") L 10/07/2014 - 17:07:34:    path_goal ( "2437.50 1025.00 -198.54" )
L 10/07/2014 - 17:07:34: "Screamin' Eagles<7><BOT><Red>" stuck (position "2193.61 234.47 -291.11") (duration "3.46") L 10/07/2014 - 17:07:34:    path_goal ( "2437.50 1025.00 -198.54" )
L 10/07/2014 - 17:07:35: "AimBot<4><BOT><Blue>" stuck (position "1985.81 286.53 -323.63") (duration "3.36") L 10/07/2014 - 17:07:35:    path_goal ( "1265.02 -1805.61 -142.19" )
L 10/07/2014 - 17:07:35: "AimBot<4><BOT><Blue>" stuck (position "1983.48 286.53 -298.32") (duration "3.46") L 10/07/2014 - 17:07:35:    path_goal ( "1265.02 -1805.61 -142.19" )
L 10/07/2014 - 17:07:46: World triggered "Round_Setup_End"
L 10/07/2014 - 17:07:49: "Screamin' Eagles<7><BOT><Red>" killed "AimBot<4><BOT><Blue>" with "knife" (customkill "backstab") (attacker_position "2243 190 -272") (victim_position "2231 142 -241")
L 10/07/2014 - 17:07:49: "Herr Doktor<9><BOT><Red>" triggered "kill assist" against "AimBot<4><BOT><Blue>" (assister_position "2218 -427 -201") (attacker_position "2243 190 -272") (victim_position "2231 142 -241")
L 10/07/2014 - 17:07:49: "AimBot<4><BOT><Blue>" changed role to "heavyweapons"
L 10/07/2014 - 17:07:51: "Aperture Science Prototype XR7<3><BOT><Red>" triggered "player_builtobject" (object "OBJ_DISPENSER") (position "2059 -1915 -127")
L 10/07/2014 - 17:07:55: "Saxton Hale<6><BOT><Blue>" killed "Herr Doktor<9><BOT><Red>" with "tf_projectile_pipe" (attacker_position "2024 32 -201") (victim_position "2089 -519 -206")
L 10/07/2014 - 17:07:55: "Maggot<8><BOT><Blue>" triggered "kill assist" against "Herr Doktor<9><BOT><Red>" (assister_position "2012 158 -261") (attacker_position "2024 32 -201") (victim_position "2089 -519 -206")
L 10/07/2014 - 17:07:55: "Herr Doktor<9><BOT><Red>" changed role to "medic"
L 10/07/2014 - 17:07:55: "GutsAndGlory!<5><BOT><Red>" killed "Headful of Eyeballs<2><BOT><Blue>" with "sniperrifle" (attacker_position "2025 -1916 -127") (victim_position "2255 -40 -195")
L 10/07/2014 - 17:07:55: "Herr Doktor<9><BOT><Red>" triggered "kill assist" against "Headful of Eyeballs<2><BOT><Blue>" (assister_position "2089 -519 -121") (attacker_position "2025 -1916 -127") (victim_position "2255 -40 -195")
L 10/07/2014 - 17:07:59: "Maggot<8><BOT><Blue>" triggered "chargedeployed"
L 10/07/2014 - 17:08:07: "Chief Data Wrangler<12><[U:1:197363721]><Blue>" killed "splunk> All Batbelt, No tights<11><[U:1:197367651]><Red>" with "tf_projectile_rocket" (attacker_position "2465 -1283 0") (victim_position "2235 -1170 -134")
L 10/07/2014 - 17:08:07: "Splunk Ninja<10><[U:1:197422767]><Blue>" triggered "kill assist" against "splunk> All Batbelt, No tights<11><[U:1:197367651]><Red>" (assister_position "2711 -1418 0") (attacker_position "2465 -1283 0") (victim_position "2235 -1170 -134")
L 10/07/2014 - 17:08:07: "Aperture Science Prototype XR7<3><BOT><Red>" triggered "player_builtobject" (object "OBJ_TELEPORTER") (position "2064 -1915 -127")
L 10/07/2014 - 17:08:10: "Screamin' Eagles<7><BOT><Red>" triggered "medic_death" against "Maggot<8><BOT><Blue>" (healing "1249") (ubercharge "0")
L 10/07/2014 - 17:08:10: "Screamin' Eagles<7><BOT><Red>" killed "Maggot<8><BOT><Blue>" with "knife" (customkill "backstab") (attacker_position "2429 -348 -191") (victim_position "2435 -396 -191")
L 10/07/2014 - 17:08:10: "Maggot<8><BOT><Blue>" changed role to "demoman"
L 10/07/2014 - 17:08:10: "Chief Data Wrangler<12><[U:1:197363721]><Blue>" triggered "killedobject" (object "OBJ_TELEPORTER") (weapon "tf_projectile_rocket") (objectowner "Aperture Science Prototype XR7<3><BOT><Red>") (attacker_position "2682 -1529 0")
L 10/07/2014 - 17:08:10: "Splunk Ninja<10><[U:1:197422767]><Blue>" triggered "killedobject" (object "OBJ_TELEPORTER") (objectowner "Aperture Science Prototype XR7<3><BOT><Red>") (assist "1") (assister_position "2700 -1485 0") (attacker_position "2682 -1529 0")
L 10/07/2014 - 17:08:13: "Saxton Hale<6><BOT><Blue>" killed "Screamin' Eagles<7><BOT><Red>" with "tf_projectile_pipe" (attacker_position "2703 -782 -150") (victim_position "2684 -928 -109")
L 10/07/2014 - 17:08:13: "Screamin' Eagles<7><BOT><Red>" changed role to "demoman"
L 10/07/2014 - 17:08:21: "Saxton Hale<6><BOT><Blue>" killed "Aperture Science Prototype XR7<3><BOT><Red>" with "tf_projectile_pipe_remote" (attacker_position "2711 -1079 0") (victim_position "1990 -1966 -128")
L 10/07/2014 - 17:08:21: "Chief Data Wrangler<12><[U:1:197363721]><Blue>" triggered "kill assist" against "Aperture Science Prototype XR7<3><BOT><Red>" (assister_position "2611 -1465 0") (attacker_position "2711 -1079 0") (victim_position "1990 -1966 -128")
L 10/07/2014 - 17:08:21: "Saxton Hale<6><BOT><Blue>" triggered "killedobject" (object "OBJ_DISPENSER") (weapon "tf_projectile_pipe_remote") (objectowner "Aperture Science Prototype XR7<3><BOT><Red>") (attacker_position "2711 -1079 0")
L 10/07/2014 - 17:08:21: "Saxton Hale<6><BOT><Blue>" triggered "killedobject" (object "OBJ_SENTRYGUN") (weapon "tf_projectile_pipe_remote") (objectowner "Aperture Science Prototype XR7<3><BOT><Red>") (attacker_position "2711 -1079 0")
L 10/07/2014 - 17:08:29: "splunk> CannonFodder<13><[U:1:197388939]><>" connected, address "192.168.1.112:27005"
L 10/07/2014 - 17:08:29: "splunk> CannonFodder<13><[U:1:197388939]><>" STEAM USERID validated
L 10/07/2014 - 17:08:30: "splunk> All Batbelt, No tights<11><[U:1:197367651]><Red>" changed role to "sniper"
L 10/07/2014 - 17:08:33: "splunk> CannonFodder<13><[U:1:197388939]><>" entered the game
L 10/07/2014 - 17:08:35: Team "Blue" triggered "pointcaptured" (cp "2") (cpname "#Dustbowl_cap_2_A") (numcappers "1") (player1 "AimBot<4><BOT><Blue>") (position1 "2282 -1480 7") 
L 10/07/2014 - 17:08:40: "Saxton Hale<6><BOT><Blue>" killed "GutsAndGlory!<5><BOT><Red>" with "tf_projectile_pipe" (attacker_position "1580 -2036 -127") (victim_position "1528 -2085 -127")
L 10/07/2014 - 17:08:40: "GutsAndGlory!<5><BOT><Red>" changed role to "engineer"
L 10/07/2014 - 17:08:40: "splunk> CannonFodder<13><[U:1:197388939]><Unassigned>" joined team "Red"
L 10/07/2014 - 17:08:47: "splunk> CannonFodder<13><[U:1:197388939]><Red>" changed role to "pyro"
L 10/07/2014 - 17:08:49: "Aperture Science Prototype XR7<3><BOT><Red>" triggered "player_builtobject" (object "OBJ_SENTRYGUN") (position "-1346 -2744 -116")
L 10/07/2014 - 17:09:02: "Chief Data Wrangler<12><[U:1:197363721]><Blue>" triggered "killedobject" (object "OBJ_SENTRYGUN") (weapon "tf_projectile_rocket") (objectowner "Aperture Science Prototype XR7<3><BOT><Red>") (attacker_position "-866 -2792 -127")
L 10/07/2014 - 17:09:02: "Splunk Ninja<10><[U:1:197422767]><Blue>" triggered "killedobject" (object "OBJ_SENTRYGUN") (objectowner "Aperture Science Prototype XR7<3><BOT><Red>") (assist "1") (assister_position "-602 -2640 -116") (attacker_position "-866 -2792 -127")
L 10/07/2014 - 17:09:05: "GutsAndGlory!<5><BOT><Red>" triggered "player_builtobject" (object "OBJ_TELEPORTER") (position "-1997 -1738 -189")
L 10/07/2014 - 17:09:05: "Aperture Science Prototype XR7<3><BOT><Red>" triggered "player_builtobject" (object "OBJ_TELEPORTER") (position "-1382 -2747 -115")
L 10/07/2014 - 17:09:06: "Chief Data Wrangler<12><[U:1:197363721]><Blue>" triggered "killedobject" (object "OBJ_TELEPORTER") (weapon "tf_projectile_rocket") (objectowner "Aperture Science Prototype XR7<3><BOT><Red>") (attacker_position "-946 -2859 -127")
L 10/07/2014 - 17:09:06: "Splunk Ninja<10><[U:1:197422767]><Blue>" triggered "killedobject" (object "OBJ_TELEPORTER") (objectowner "Aperture Science Prototype XR7<3><BOT><Red>") (assist "1") (assister_position "-881 -2764 -127") (attacker_position "-946 -2859 -127")
L 10/07/2014 - 17:09:09: "splunk> security warrior<14><[U:1:229722400]><>" connected, address "192.168.1.113:27005"
L 10/07/2014 - 17:09:10: "splunk> security warrior<14><[U:1:229722400]><>" STEAM USERID validated
L 10/07/2014 - 17:09:13: "Maggot<8><BOT><Blue>" stuck (position "1432.03 -60.00 -191.97") (duration "3.67") L 10/07/2014 - 17:09:13:    path_goal ( "537.50 87.50 0.03" )
L 10/07/2014 - 17:09:14: "splunk> security warrior<14><[U:1:229722400]><>" entered the game
L 10/07/2014 - 17:09:15: "Headful of Eyeballs<2><BOT><Blue>" stuck (position "1432.03 825.37 -121.35") (duration "2.52") L 10/07/2014 - 17:09:15:    path_goal ( "-550.00 2175.00 -415.22" )
L 10/07/2014 - 17:09:19: "GutsAndGlory!<5><BOT><Red>" triggered "player_builtobject" (object "OBJ_SENTRYGUN") (position "-1036 -1709 0")
L 10/07/2014 - 17:09:23: "splunk> security warrior<14><[U:1:229722400]><Unassigned>" joined team "Blue"
L 10/07/2014 - 17:09:25: "AimBot<4><BOT><Blue>" killed "Aperture Science Prototype XR7<3><BOT><Red>" with "minigun" (attacker_position "-772 -2468 -125") (victim_position "-1119 -2308 -112")
L 10/07/2014 - 17:09:25: "Aperture Science Prototype XR7<3><BOT><Red>" changed role to "demoman"
L 10/07/2014 - 17:09:26: "splunk> security warrior<14><[U:1:229722400]><Blue>" changed role to "pyro"
L 10/07/2014 - 17:09:34: "Saxton Hale<6><BOT><Blue>" stuck (position "1432.02 833.93 -121.35") (duration "3.78") L 10/07/2014 - 17:09:34:    path_goal ( "-150.00 912.50 64.03" )
L 10/07/2014 - 17:09:39: "AimBot<4><BOT><Blue>" killed "GutsAndGlory!<5><BOT><Red>" with "minigun" (attacker_position "-715 -2781 -120") (victim_position "-1080 -2017 0")
L 10/07/2014 - 17:09:42: "Headful of Eyeballs<2><BOT><Blue>" stuck (position "1432.03 -69.43 -191.97") (duration "2.64") L 10/07/2014 - 17:09:42:    path_goal ( "537.50 87.50 0.03" )
L 10/07/2014 - 17:09:43: "Maggot<8><BOT><Blue>" killed "splunk> All Batbelt, No tights<11><[U:1:197367651]><Red>" with "tf_projectile_pipe" (attacker_position "-434 -1913 -157") (victim_position "-704 -1896 -157")
L 10/07/2014 - 17:09:51: "AimBot<4><BOT><Blue>" stuck (position "-984.12 -2280.03 -104.52") (duration "4.62") L 10/07/2014 - 17:09:51:    path_goal ( "-1012.50 -2112.50 0.03" )
L 10/07/2014 - 17:09:51: "AimBot<4><BOT><Blue>" stuck (position "-987.35 -2280.01 -79.21") (duration "4.72") L 10/07/2014 - 17:09:51:    path_goal ( "NULL" )
L 10/07/2014 - 17:09:51: "AimBot<4><BOT><Blue>" killed "Aperture Science Prototype XR7<3><BOT><Red>" with "minigun" (attacker_position "-988 -2280 -53") (victim_position "-1255 -2343 -128")
L 10/07/2014 - 17:09:51: "Aperture Science Prototype XR7<3><BOT><Red>" changed role to "pyro"
L 10/07/2014 - 17:09:52: "Aperture Science Prototype XR7<3><BOT><Red>" killed "Chief Data Wrangler<12><[U:1:197363721]><Blue>" with "tf_projectile_pipe" (attacker_position "-1255 -2343 -40") (victim_position "-1616 -2545 -127")
L 10/07/2014 - 17:09:52: "GutsAndGlory!<5><BOT><Red>" triggered "kill assist" against "Chief Data Wrangler<12><[U:1:197363721]><Blue>" (assister_position "-966 -1722 0") (attacker_position "-1255 -2343 -40") (victim_position "-1616 -2545 -127")
L 10/07/2014 - 17:09:54: "splunk> All Batbelt, No tights<11><[U:1:197367651]><Red>" changed role to "soldier"
L 10/07/2014 - 17:09:55: "Screamin' Eagles<7><BOT><Red>" killed "Maggot<8><BOT><Blue>" with "tf_projectile_pipe" (attacker_position "-1470 -1827 -128") (victim_position "-1550 -1815 -89")
L 10/07/2014 - 17:09:55: "GutsAndGlory!<5><BOT><Red>" triggered "kill assist" against "Maggot<8><BOT><Blue>" (assister_position "-966 -1722 0") (attacker_position "-1470 -1827 -128") (victim_position "-1550 -1815 -89")
L 10/07/2014 - 17:09:55: "Screamin' Eagles<7><BOT><Red>" triggered "domination" against "Maggot<8><BOT><Blue>"
L 10/07/2014 - 17:09:57: "AimBot<4><BOT><Blue>" stuck (position "-1043.37 -2340.03 -128.02") (duration "4.93") L 10/07/2014 - 17:09:57:    path_goal ( "-1050.00 -2287.50 -59.72" )
L 10/07/2014 - 17:09:57: "AimBot<4><BOT><Blue>" stuck (position "-1024.77 -2340.03 -102.72") (duration "5.04") L 10/07/2014 - 17:09:57:    path_goal ( "NULL" )
L 10/07/2014 - 17:09:59: "Screamin' Eagles<7><BOT><Red>" killed "AimBot<4><BOT><Blue>" with "tf_projectile_pipe_remote" (attacker_position "-1609 -2452 -127") (victim_position "-1164 -2182 -126")
L 10/07/2014 - 17:09:59: "Screamin' Eagles<7><BOT><Red>" triggered "domination" against "AimBot<4><BOT><Blue>"
L 10/07/2014 - 17:09:59: "AimBot<4><BOT><Blue>" changed role to "demoman"
L 10/07/2014 - 17:10:04: "splunk> security warrior<14><[U:1:229722400]><Blue>" disconnected (reason "Disconnect by user.")
L 10/07/2014 - 17:10:05: "Saxton Hale<6><BOT><Blue>" killed "GutsAndGlory!<5><BOT><Red>" with "tf_projectile_pipe" (attacker_position "-1030 -2396 -128") (victim_position "-1195 -2060 -125")
L 10/07/2014 - 17:10:05: "Headful of Eyeballs<2><BOT><Blue>" triggered "kill assist" against "GutsAndGlory!<5><BOT><Red>" (assister_position "-387 -2440 -118") (attacker_position "-1030 -2396 -128") (victim_position "-1195 -2060 -125")
L 10/07/2014 - 17:10:07: "Saxton Hale<6><BOT><Blue>" killed "Screamin' Eagles<7><BOT><Red>" with "tf_projectile_pipe" (attacker_position "-768 -2580 -124") (victim_position "-1314 -2146 -125")
L 10/07/2014 - 17:10:07: "Screamin' Eagles<7><BOT><Red>" changed role to "sniper"
L 10/07/2014 - 17:10:11: "nulltr0n<15><[U:1:197388838]><>" connected, address "192.168.1.114:27005"
L 10/07/2014 - 17:10:12: "nulltr0n<15><[U:1:197388838]><>" STEAM USERID validated
L 10/07/2014 - 17:10:12: "GutsAndGlory!<5><BOT><Red>" triggered "medic_death" against "Splunk Ninja<10><[U:1:197422767]><Blue>" (healing "1094") (ubercharge "1")
L 10/07/2014 - 17:10:12: "GutsAndGlory!<5><BOT><Red>" killed "Splunk Ninja<10><[U:1:197422767]><Blue>" with "obj_sentrygun" (attacker_position "-966 -1722 0") (victim_position "-1083 -1692 0")
L 10/07/2014 - 17:10:15: "nulltr0n<15><[U:1:197388838]><>" entered the game
L 10/07/2014 - 17:10:16: "GutsAndGlory!<5><BOT><Red>" killed "Saxton Hale<6><BOT><Blue>" with "obj_sentrygun" (attacker_position "-966 -1722 0") (victim_position "-1579 -2412 -127")
L 10/07/2014 - 17:10:18: "Splunk Ninja<10><[U:1:197422767]><Blue>" changed role to "soldier"
L 10/07/2014 - 17:10:23: "nulltr0n<15><[U:1:197388838]><Unassigned>" joined team "Blue"
L 10/07/2014 - 17:10:25: "nulltr0n<15><[U:1:197388838]><Blue>" changed role to "pyro"
L 10/07/2014 - 17:10:31: "Chief Data Wrangler<12><[U:1:197363721]><Blue>" killed "Aperture Science Prototype XR7<3><BOT><Red>" with "tf_projectile_rocket" (attacker_position "1451 -1820 -133") (victim_position "1395 -1486 -127")
L 10/07/2014 - 17:10:31: "Headful of Eyeballs<2><BOT><Blue>" triggered "kill assist" against "Aperture Science Prototype XR7<3><BOT><Red>" (assister_position "1588 -1510 -127") (attacker_position "1451 -1820 -133") (victim_position "1395 -1486 -127")
L 10/07/2014 - 17:10:31: "Aperture Science Prototype XR7<3><BOT><Red>" killed "Headful of Eyeballs<2><BOT><Blue>" with "flamethrower" (attacker_position "1395 -1486 -127") (victim_position "1588 -1510 -127")
L 10/07/2014 - 17:10:31: "Aperture Science Prototype XR7<3><BOT><Red>" changed role to "spy"
L 10/07/2014 - 17:10:42: "splunk> All Batbelt, No tights<11><[U:1:197367651]><Red>" killed "Maggot<8><BOT><Blue>" with "tf_projectile_rocket" (attacker_position "898 -2803 -122") (victim_position "984 -2556 -127")
L 10/07/2014 - 17:10:42: "Maggot<8><BOT><Blue>" changed role to "medic"
L 10/07/2014 - 17:10:45: "AimBot<4><BOT><Blue>" killed "splunk> All Batbelt, No tights<11><[U:1:197367651]><Red>" with "tf_projectile_pipe" (attacker_position "963 -2593 -127") (victim_position "560 -2803 -117")
L 10/07/2014 - 17:10:47: "Chief Data Wrangler<12><[U:1:197363721]><Blue>" killed "Screamin' Eagles<7><BOT><Red>" with "tf_projectile_rocket" (attacker_position "207 -2195 -94") (victim_position "-343 -2089 -125")
L 10/07/2014 - 17:10:47: "Screamin' Eagles<7><BOT><Red>" changed role to "pyro"
L 10/07/2014 - 17:11:01: "GutsAndGlory!<5><BOT><Red>" killed "Chief Data Wrangler<12><[U:1:197363721]><Blue>" with "wrench" (attacker_position "-1187 -2225 -127") (victim_position "-1128 -2165 -121")
L 10/07/2014 - 17:11:03: "AimBot<4><BOT><Blue>" triggered "killedobject" (object "OBJ_SENTRYGUN") (weapon "tf_projectile_pipe_remote") (objectowner "GutsAndGlory!<5><BOT><Red>") (attacker_position "-890 -2489 -126")
L 10/07/2014 - 17:11:05: "Saxton Hale<6><BOT><Blue>" killed "GutsAndGlory!<5><BOT><Red>" with "tf_projectile_pipe" (attacker_position "-797 -2554 -125") (victim_position "-1155 -2290 -124")
L 10/07/2014 - 17:11:05: "AimBot<4><BOT><Blue>" killed "Aperture Science Prototype XR7<3><BOT><Red>" with "tf_projectile_pipe" (attacker_position "-823 -2678 -127") (victim_position "-1005 -2425 -127")
L 10/07/2014 - 17:11:05: "Saxton Hale<6><BOT><Blue>" triggered "kill assist" against "Aperture Science Prototype XR7<3><BOT><Red>" (assister_position "-794 -2550 -125") (attacker_position "-823 -2678 -127") (victim_position "-1005 -2425 -127")
L 10/07/2014 - 17:11:05: "Aperture Science Prototype XR7<3><BOT><Red>" changed role to "pyro"
L 10/07/2014 - 17:11:17: Team "Blue" triggered "pointcaptured" (cp "3") (cpname "#Dustbowl_cap_2_B") (numcappers "1") (player1 "AimBot<4><BOT><Blue>") (position1 "-1455 -2061 -41") 
L 10/07/2014 - 17:11:17: World triggered "Mini_Round_Win" (winner "Blue") (round "round_2")
L 10/07/2014 - 17:11:17: World triggered "Mini_Round_Length" (seconds "270.57")
L 10/07/2014 - 17:11:20: "AimBot<4><BOT><Blue>" killed "splunk> All Batbelt, No tights<11><[U:1:197367651]><Red>" with "tf_projectile_pipe" (attacker_position "-1411 -1781 -137") (victim_position "-1399 -1641 -127")
L 10/07/2014 - 17:11:20: "Saxton Hale<6><BOT><Blue>" killed "Screamin' Eagles<7><BOT><Red>" with "tf_projectile_pipe" (attacker_position "-209 -2241 -125") (victim_position "-482 -2289 0")
L 10/07/2014 - 17:11:20: "AimBot<4><BOT><Blue>" triggered "kill assist" against "Screamin' Eagles<7><BOT><Red>" (assister_position "-1425 -1811 -133") (attacker_position "-209 -2241 -125") (victim_position "-482 -2289 0")
L 10/07/2014 - 17:11:20: "Saxton Hale<6><BOT><Blue>" triggered "domination" against "Screamin' Eagles<7><BOT><Red>"
L 10/07/2014 - 17:11:20: "AimBot<4><BOT><Blue>" triggered "revenge" against "Screamin' Eagles<7><BOT><Red>" (assist "1")
L 10/07/2014 - 17:11:20: "Screamin' Eagles<7><BOT><Red>" changed role to "scout"
L 10/07/2014 - 17:11:24: "Screamin' Eagles<7><BOT><Red>" killed "Headful of Eyeballs<2><BOT><Blue>" with "flamethrower" (attacker_position "-482 -2289 87") (victim_position "-713 -1780 -134")
L 10/07/2014 - 17:11:24: "Screamin' Eagles<7><BOT><Red>" triggered "domination" against "Headful of Eyeballs<2><BOT><Blue>"
L 10/07/2014 - 17:11:24: "Headful of Eyeballs<2><BOT><Blue>" changed role to "engineer"
L 10/07/2014 - 17:11:25: "Maggot<8><BOT><Blue>" stuck (position "1439.48 851.97 -122.89") (duration "3.36") L 10/07/2014 - 17:11:25:    path_goal ( "1062.50 2150.00 -63.97" )
L 10/07/2014 - 17:11:29: "Maggot<8><BOT><Blue>" stuck (position "1439.32 851.97 -122.86") (duration "3.15") L 10/07/2014 - 17:11:29:    path_goal ( "-550.00 2175.00 -415.22" )
L 10/07/2014 - 17:11:29: "Maggot<8><BOT><Blue>" stuck (position "1440.83 844.36 -97.55") (duration "3.25") L 10/07/2014 - 17:11:29:    path_goal ( "1475.00 787.50 -130.28" )
L 10/07/2014 - 17:11:30: "Maggot<8><BOT><Blue>" stuck (position "1487.53 777.36 -126.54") (duration "4.30") L 10/07/2014 - 17:11:30:    path_goal ( "1525.00 775.00 -154.94" )
L 10/07/2014 - 17:11:30: "Headful of Eyeballs<2><BOT><Blue>" stuck (position "2213.35 1559.97 -223.97") (duration "3.36") L 10/07/2014 - 17:11:30:    path_goal ( "2212.50 2575.00 -151.97" )
L 10/07/2014 - 17:11:30: "Headful of Eyeballs<2><BOT><Blue>" stuck (position "2217.16 1560.00 -198.66") (duration "3.46") L 10/07/2014 - 17:11:30:    path_goal ( "2375.00 1250.00 -223.97" )
L 10/07/2014 - 17:11:31: "Headful of Eyeballs<2><BOT><Blue>" stuck (position "2234.14 1496.30 -223.97") (duration "4.51") L 10/07/2014 - 17:11:31:    path_goal ( "2375.00 1250.00 -223.97" )
L 10/07/2014 - 17:11:32: World triggered "Round_Setup_Begin"
L 10/07/2014 - 17:11:32: World triggered "Mini_Round_Selected" (round "round_3")
L 10/07/2014 - 17:11:32: World triggered "Mini_Round_Start"
L 10/07/2014 - 17:11:37: "Splunk Ninja<10><[U:1:197422767]><Blue>" changed role to "demoman"
L 10/07/2014 - 17:11:40: "Splunk Ninja<10><[U:1:197422767]><Blue>" changed role to "pyro"
L 10/07/2014 - 17:11:50: "GutsAndGlory!<5><BOT><Red>" triggered "player_builtobject" (object "OBJ_SENTRYGUN") (position "-1476 304 -63")
L 10/07/2014 - 17:11:58: "Headful of Eyeballs<2><BOT><Blue>" triggered "player_builtobject" (object "OBJ_TELEPORTER") (position "-1666 -1337 -191")
L 10/07/2014 - 17:12:18: "That Guy Over There<16><[U:1:197468749]><>" connected, address "192.168.1.109:27005"
L 10/07/2014 - 17:12:19: "That Guy Over There<16><[U:1:197468749]><>" STEAM USERID validated
L 10/07/2014 - 17:12:22: "That Guy Over There<16><[U:1:197468749]><>" entered the game
L 10/07/2014 - 17:12:28: "Headful of Eyeballs<2><BOT><Blue>" stuck (position "-1349.89 -472.03 -63.97") (duration "3.36") L 10/07/2014 - 17:12:28:    path_goal ( "-1801.46 343.31 -63.97" )
L 10/07/2014 - 17:12:28: "Headful of Eyeballs<2><BOT><Blue>" stuck (position "-1356.72 -478.41 -38.66") (duration "3.46") L 10/07/2014 - 17:12:28:    path_goal ( "-1801.46 343.31 -63.97" )
L 10/07/2014 - 17:12:29: "Headful of Eyeballs<2><BOT><Blue>" stuck (position "-1355.04 -506.75 -63.97") (duration "0.42") L 10/07/2014 - 17:12:29:    path_goal ( "-1801.46 343.31 -63.97" )
L 10/07/2014 - 17:12:30: "Headful of Eyeballs<2><BOT><Blue>" stuck (position "-1367.97 -472.03 -63.97") (duration "1.47") L 10/07/2014 - 17:12:30:    path_goal ( "-1801.46 343.31 -63.97" )
L 10/07/2014 - 17:12:31: "That Guy Over There<16><[U:1:197468749]><Unassigned>" joined team "Blue"
L 10/07/2014 - 17:12:31: "Headful of Eyeballs<2><BOT><Blue>" stuck (position "-1367.97 -472.03 -63.97") (duration "0.63") L 10/07/2014 - 17:12:31:    path_goal ( "-1801.46 343.31 -63.97" )
L 10/07/2014 - 17:12:32: "Headful of Eyeballs<2><BOT><Blue>" stuck (position "-1362.57 -472.03 -63.97") (duration "0.63") L 10/07/2014 - 17:12:32:    path_goal ( "-1801.46 343.31 -63.97" )
L 10/07/2014 - 17:12:33: "That Guy Over There<16><[U:1:197468749]><Blue>" changed role to "heavyweapons"
L 10/07/2014 - 17:12:34: "Headful of Eyeballs<2><BOT><Blue>" stuck (position "-1352.24 -472.01 -63.97") (duration "0.63") L 10/07/2014 - 17:12:34:    path_goal ( "-1801.46 343.31 -63.97" )
L 10/07/2014 - 17:12:35: "Headful of Eyeballs<2><BOT><Blue>" stuck (position "-1358.62 -472.03 -63.97") (duration "0.63") L 10/07/2014 - 17:12:35:    path_goal ( "-1801.46 343.31 -63.97" )
L 10/07/2014 - 17:12:36: "Headful of Eyeballs<2><BOT><Blue>" stuck (position "-1351.78 -472.00 -63.97") (duration "0.63") L 10/07/2014 - 17:12:36:    path_goal ( "-1801.46 343.31 -63.97" )
L 10/07/2014 - 17:12:36: "GutsAndGlory!<5><BOT><Red>" triggered "player_builtobject" (object "OBJ_DISPENSER") (position "-1486 337 -63")
L 10/07/2014 - 17:12:36: World triggered "Round_Setup_End"
L 10/07/2014 - 17:12:37: "Headful of Eyeballs<2><BOT><Blue>" stuck (position "-1365.22 -473.98 -63.97") (duration "0.63") L 10/07/2014 - 17:12:37:    path_goal ( "-1801.46 343.31 -63.97" )
L 10/07/2014 - 17:12:38: "Headful of Eyeballs<2><BOT><Blue>" stuck (position "-1367.97 -475.66 -63.97") (duration "0.63") L 10/07/2014 - 17:12:38:    path_goal ( "-1801.46 343.31 -63.97" )
L 10/07/2014 - 17:12:39: "Headful of Eyeballs<2><BOT><Blue>" stuck (position "-1360.36 -513.36 -63.97") (duration "0.32") L 10/07/2014 - 17:12:39:    path_goal ( "-1375.00 -625.00 -64.83" )
L 10/07/2014 - 17:12:41: "Aperture Science Prototype XR7<3><BOT><Red>" killed "Headful of Eyeballs<2><BOT><Blue>" with "flamethrower" (attacker_position "-1746 -557 -63") (victim_position "-1765 -788 -59")
L 10/07/2014 - 17:12:41: "GutsAndGlory!<5><BOT><Red>" triggered "kill assist" against "Headful of Eyeballs<2><BOT><Blue>" (assister_position "-1419 315 -62") (attacker_position "-1746 -557 -63") (victim_position "-1765 -788 -59")
L 10/07/2014 - 17:12:41: "Headful of Eyeballs<2><BOT><Blue>" changed role to "scout"
L 10/07/2014 - 17:12:46: "Aperture Science Prototype XR7<3><BOT><Red>" killed "Chief Data Wrangler<12><[U:1:197363721]><Blue>" with "flamethrower" (attacker_position "-1806 -1055 -63") (victim_position "-1661 -954 -60")
L 10/07/2014 - 17:12:46: "Screamin' Eagles<7><BOT><Red>" triggered "kill assist" against "Chief Data Wrangler<12><[U:1:197363721]><Blue>" (assister_position "-1757 -327 -63") (attacker_position "-1806 -1055 -63") (victim_position "-1661 -954 -60")
L 10/07/2014 - 17:12:47: "AimBot<4><BOT><Blue>" killed "Aperture Science Prototype XR7<3><BOT><Red>" with "tf_projectile_pipe" (attacker_position "-1791 -1318 -63") (victim_position "-1830 -1081 -63")
L 10/07/2014 - 17:12:47: "That Guy Over There<16><[U:1:197468749]><Blue>" triggered "kill assist" against "Aperture Science Prototype XR7<3><BOT><Red>" (assister_position "-1844 -1297 -63") (attacker_position "-1791 -1318 -63") (victim_position "-1830 -1081 -63")
L 10/07/2014 - 17:12:47: "AimBot<4><BOT><Blue>" triggered "domination" against "Aperture Science Prototype XR7<3><BOT><Red>"
L 10/07/2014 - 17:12:49: "splunk> All Batbelt, No tights<11><[U:1:197367651]><Red>" disconnected (reason "Disconnect by user.")
L 10/07/2014 - 17:12:50: "GutsAndGlory!<5><BOT><Red>" killed "AimBot<4><BOT><Blue>" with "world" (attacker_position "-1396 283 -59") (victim_position "-1778 -794 -59")
L 10/07/2014 - 17:12:50: "Maggot<8><BOT><Blue>" triggered "player_extinguished" against "That Guy Over There<16><[U:1:197468749]><Blue>" with "tf_weapon_medigun" (attacker_position "-1806 -1049 -63") (victim_position "-1766 -953 -60")
L 10/07/2014 - 17:12:51: "That Guy Over There<16><[U:1:197468749]><Blue>" triggered "killedobject" (object "OBJ_SENTRYGUN") (weapon "minigun") (objectowner "GutsAndGlory!<5><BOT><Red>") (attacker_position "-1757 -922 -59")
L 10/07/2014 - 17:12:51: "Maggot<8><BOT><Blue>" triggered "killedobject" (object "OBJ_SENTRYGUN") (objectowner "GutsAndGlory!<5><BOT><Red>") (assist "1") (assister_position "-1773 -1015 -62") (attacker_position "-1757 -922 -59")
L 10/07/2014 - 17:12:51: "Saxton Hale<6><BOT><Blue>" killed "GutsAndGlory!<5><BOT><Red>" with "tf_projectile_pipe" (attacker_position "-1966 -691 -60") (victim_position "-1526 279 -63")
L 10/07/2014 - 17:12:51: "That Guy Over There<16><[U:1:197468749]><Blue>" triggered "kill assist" against "GutsAndGlory!<5><BOT><Red>" (assister_position "-1767 -961 -60") (attacker_position "-1966 -691 -60") (victim_position "-1526 279 -63")
L 10/07/2014 - 17:12:55: "Aperture Science Prototype XR7<3><BOT><Red>" killed "Saxton Hale<6><BOT><Blue>" with "flamethrower" (attacker_position "-1010 -536 -55") (victim_position "-1955 -63 5")
L 10/07/2014 - 17:12:55: "Screamin' Eagles<7><BOT><Red>" triggered "kill assist" against "Saxton Hale<6><BOT><Blue>" (assister_position "-2052 355 -63") (attacker_position "-1010 -536 -55") (victim_position "-1955 -63 5")
L 10/07/2014 - 17:12:55: "Screamin' Eagles<7><BOT><Red>" triggered "revenge" against "Saxton Hale<6><BOT><Blue>" (assist "1")
L 10/07/2014 - 17:12:55: "Saxton Hale<6><BOT><Blue>" changed role to "soldier"
L 10/07/2014 - 17:12:55: "Saxton Hale<6><BOT><Blue>" triggered "killedobject" (object "OBJ_DISPENSER") (weapon "tf_projectile_pipe") (objectowner "GutsAndGlory!<5><BOT><Red>") (attacker_position "-1955 -63 93")
L 10/07/2014 - 17:13:04: "That Guy Over There<16><[U:1:197468749]><Blue>" killed "Screamin' Eagles<7><BOT><Red>" with "minigun" (attacker_position "-1624 -114 -63") (victim_position "-2258 83 -63")
L 10/07/2014 - 17:13:04: "Maggot<8><BOT><Blue>" triggered "kill assist" against "Screamin' Eagles<7><BOT><Red>" (assister_position "-1549 -154 -63") (attacker_position "-1624 -114 -63") (victim_position "-2258 83 -63")
L 10/07/2014 - 17:13:04: "Maggot<8><BOT><Blue>" triggered "revenge" against "Screamin' Eagles<7><BOT><Red>" (assist "1")
L 10/07/2014 - 17:13:04: "Screamin' Eagles<7><BOT><Red>" changed role to "heavyweapons"
L 10/07/2014 - 17:13:05: "Chief Data Wrangler<12><[U:1:197363721]><Blue>" changed role to "heavyweapons"
L 10/07/2014 - 17:13:19: Team "Blue" triggered "pointcaptured" (cp "4") (cpname "#Dustbowl_cap_3_A") (numcappers "1") (player1 "Headful of Eyeballs<2><BOT><Blue>") (position1 "-1805 702 7") 
L 10/07/2014 - 17:13:27: "GutsAndGlory!<5><BOT><Red>" triggered "player_builtobject" (object "OBJ_SENTRYGUN") (position "-216 -92 128")
L 10/07/2014 - 17:13:32: "That Guy Over There<16><[U:1:197468749]><Blue>" killed "Aperture Science Prototype XR7<3><BOT><Red>" with "minigun" (attacker_position "-695 -781 0") (victim_position "-85 -715 0")
L 10/07/2014 - 17:13:32: "Maggot<8><BOT><Blue>" triggered "kill assist" against "Aperture Science Prototype XR7<3><BOT><Red>" (assister_position "-818 -871 0") (attacker_position "-695 -781 0") (victim_position "-85 -715 0")
L 10/07/2014 - 17:13:32: "Aperture Science Prototype XR7<3><BOT><Red>" changed role to "demoman"
L 10/07/2014 - 17:13:40: "Saxton Hale<6><BOT><Blue>" triggered "medic_death" against "Herr Doktor<9><BOT><Red>" (healing "384") (ubercharge "1")
L 10/07/2014 - 17:13:40: "Saxton Hale<6><BOT><Blue>" killed "Herr Doktor<9><BOT><Red>" with "tf_projectile_rocket" (attacker_position "135 -672 0") (victim_position "-173 -871 0")
L 10/07/2014 - 17:13:40: "Maggot<8><BOT><Blue>" triggered "kill assist" against "Herr Doktor<9><BOT><Red>" (assister_position "335 -795 0") (attacker_position "135 -672 0") (victim_position "-173 -871 0")
L 10/07/2014 - 17:13:40: "Saxton Hale<6><BOT><Blue>" triggered "domination" against "Herr Doktor<9><BOT><Red>"
L 10/07/2014 - 17:13:41: "Saxton Hale<6><BOT><Blue>" killed "splunk> CannonFodder<13><[U:1:197388939]><Red>" with "tf_projectile_rocket" (attacker_position "188 -720 0") (victim_position "-112 -760 42")
L 10/07/2014 - 17:13:46: "That Guy Over There<16><[U:1:197468749]><Blue>" killed "Screamin' Eagles<7><BOT><Red>" with "minigun" (attacker_position "552 -210 0") (victim_position "396 -13 -3")
L 10/07/2014 - 17:13:46: "Splunk Ninja<10><[U:1:197422767]><Blue>" triggered "kill assist" against "Screamin' Eagles<7><BOT><Red>" (assister_position "643 660 7") (attacker_position "552 -210 0") (victim_position "396 -13 -3")
L 10/07/2014 - 17:13:46: "Maggot<8><BOT><Blue>" triggered "player_extinguished" against "Saxton Hale<6><BOT><Blue>" with "tf_weapon_medigun" (attacker_position "523 -281 0") (victim_position "957 -450 34")
L 10/07/2014 - 17:13:52: Team "Blue" triggered "pointcaptured" (cp "5") (cpname "#Dustbowl_cap_3_B") (numcappers "1") (player1 "Splunk Ninja<10><[U:1:197422767]><Blue>") (position1 "488 725 7") 
L 10/07/2014 - 17:13:52: World triggered "Mini_Round_Win" (winner "Blue") (round "round_3")
L 10/07/2014 - 17:13:52: World triggered "Mini_Round_Length" (seconds "132.54")
L 10/07/2014 - 17:13:52: World triggered "Round_Win" (winner "Blue")
L 10/07/2014 - 17:13:52: Team "Red" current score "0" with "5" players
L 10/07/2014 - 17:13:52: Team "Blue" current score "6" with "8" players
L 10/07/2014 - 17:13:53: "That Guy Over There<16><[U:1:197468749]><Blue>" killed "GutsAndGlory!<5><BOT><Red>" with "minigun" (attacker_position "525 131 -2") (victim_position "384 -196 15")
L 10/07/2014 - 17:13:53: "Chief Data Wrangler<12><[U:1:197363721]><Blue>" triggered "kill assist" against "GutsAndGlory!<5><BOT><Red>" (assister_position "519 339 0") (attacker_position "525 131 -2") (victim_position "384 -196 15")
L 10/07/2014 - 17:13:57: "Maggot<8><BOT><Blue>" triggered "killedobject" (object "OBJ_SENTRYGUN") (weapon "syringegun_medic") (objectowner "GutsAndGlory!<5><BOT><Red>") (attacker_position "-373 -246 128")
L 10/07/2014 - 17:14:07: "AimBot<4><BOT><Blue>" stuck (position "-531.75 1335.72 -241.85") (duration "3.68") L 10/07/2014 - 17:14:07:    path_goal ( "-1237.50 2437.50 -430.40" )
L 10/07/2014 - 17:14:07: World triggered "Game_Over" reason "Reached Time Limit"
L 10/07/2014 - 17:14:07: Team "Red" final score "0" with "5" players
L 10/07/2014 - 17:14:07: Team "Blue" final score "6" with "8" players
L 10/07/2014 - 17:14:07: "AimBot<4><BOT><Blue>" stuck (position "-529.10 1335.72 -216.54") (duration "3.78") L 10/07/2014 - 17:14:07:    path_goal ( "-500.00 1300.00 -248.58" )
L 10/07/2014 - 17:14:08: "Maggot<8><BOT><Blue>" stuck (position "747.60 1175.97 64.03") (duration "3.15") L 10/07/2014 - 17:14:08:    path_goal ( "1150.00 2050.00 -255.76" )
L 10/07/2014 - 17:14:08: "Maggot<8><BOT><Blue>" stuck (position "747.60 1175.97 64.03") (duration "3.26") L 10/07/2014 - 17:14:08:    path_goal ( "712.50 3237.50 -63.97" )
L 10/07/2014 - 17:14:09: "Saxton Hale<6><BOT><Blue>" stuck (position "-532.22 1335.72 -240.82") (duration "4.20") L 10/07/2014 - 17:14:09:    path_goal ( "-937.50 2612.50 -257.96" )
L 10/07/2014 - 17:14:09: "Saxton Hale<6><BOT><Blue>" stuck (position "-532.22 1335.72 -240.82") (duration "4.30") L 10/07/2014 - 17:14:09:    path_goal ( "-475.00 1350.00 -246.32" )
L 10/07/2014 - 17:14:09: "Maggot<8><BOT><Blue>" stuck (position "747.60 1175.97 64.03") (duration "4.30") L 10/07/2014 - 17:14:09:    path_goal ( "700.00 850.00 64.03" )
L 10/07/2014 - 17:14:09: "Headful of Eyeballs<2><BOT><Blue>" stuck (position "-1053.66 -536.03 -87.97") (duration "2.73") L 10/07/2014 - 17:14:09:    path_goal ( "-1025.00 -575.00 -87.97" )
L 10/07/2014 - 17:14:10: "Headful of Eyeballs<2><BOT><Blue>" stuck (position "-1053.66 -536.03 -87.97") (duration "2.84") L 10/07/2014 - 17:14:10:    path_goal ( "-1025.00 -550.00 -87.97" )
L 10/07/2014 - 17:14:10: "Saxton Hale<6><BOT><Blue>" stuck (position "-532.22 1335.72 -240.82") (duration "5.35") L 10/07/2014 - 17:14:10:    path_goal ( "-500.00 975.00 -252.44" )
L 10/07/2014 - 17:14:10: "Maggot<8><BOT><Blue>" stuck (position "747.60 1175.97 64.03") (duration "5.35") L 10/07/2014 - 17:14:10:    path_goal ( "700.00 850.00 64.03" )
L 10/07/2014 - 17:14:11: "Headful of Eyeballs<2><BOT><Blue>" stuck (position "-1053.66 -536.03 -87.97") (duration "3.89") L 10/07/2014 - 17:14:11:    path_goal ( "-1025.00 -550.00 -87.97" )
L 10/07/2014 - 17:14:11: "AimBot<4><BOT><Blue>" stuck (position "-510.69 1334.99 -244.58") (duration "3.67") L 10/07/2014 - 17:14:11:    path_goal ( "-500.00 1300.00 -248.58" )
L 10/07/2014 - 17:14:11: "AimBot<4><BOT><Blue>" stuck (position "-510.69 1334.99 -244.58") (duration "3.78") L 10/07/2014 - 17:14:11:    path_goal ( "-500.00 975.00 -252.44" )
L 10/07/2014 - 17:14:11: "Saxton Hale<6><BOT><Blue>" stuck (position "-532.22 1335.72 -240.82") (duration "6.41") L 10/07/2014 - 17:14:11:    path_goal ( "-500.00 975.00 -252.44" )
L 10/07/2014 - 17:14:11: "Maggot<8><BOT><Blue>" stuck (position "747.60 1175.97 64.03") (duration "6.40") L 10/07/2014 - 17:14:11:    path_goal ( "775.00 925.00 64.03" )
L 10/07/2014 - 17:14:12: "Headful of Eyeballs<2><BOT><Blue>" stuck (position "-1053.66 -536.03 -87.97") (duration "4.93") L 10/07/2014 - 17:14:12:    path_goal ( "-1025.00 -550.00 -87.97" )
L 10/07/2014 - 17:14:12: "AimBot<4><BOT><Blue>" stuck (position "-510.69 1334.99 -244.58") (duration "4.83") L 10/07/2014 - 17:14:12:    path_goal ( "-500.00 975.00 -252.44" )
L 10/07/2014 - 17:14:12: "Saxton Hale<6><BOT><Blue>" stuck (position "-532.22 1335.72 -240.82") (duration "7.46") L 10/07/2014 - 17:14:12:    path_goal ( "-500.00 975.00 -252.44" )
L 10/07/2014 - 17:14:12: "Maggot<8><BOT><Blue>" stuck (position "747.60 1175.97 64.03") (duration "7.46") L 10/07/2014 - 17:14:12:    path_goal ( "700.00 850.00 64.03" )
L 10/07/2014 - 17:14:13: "Headful of Eyeballs<2><BOT><Blue>" stuck (position "-1053.66 -536.03 -87.97") (duration "5.98") L 10/07/2014 - 17:14:13:    path_goal ( "-1025.00 -550.00 -87.97" )
L 10/07/2014 - 17:14:13: "AimBot<4><BOT><Blue>" stuck (position "-510.69 1334.99 -244.58") (duration "5.88") L 10/07/2014 - 17:14:13:    path_goal ( "-500.00 975.00 -252.44" )
L 10/07/2014 - 17:14:13: "Saxton Hale<6><BOT><Blue>" stuck (position "-532.22 1335.72 -240.82") (duration "8.51") L 10/07/2014 - 17:14:13:    path_goal ( "-500.00 975.00 -252.44" )
L 10/07/2014 - 17:14:13: "Maggot<8><BOT><Blue>" stuck (position "747.60 1175.97 64.03") (duration "8.51") L 10/07/2014 - 17:14:13:    path_goal ( "700.00 850.00 64.03" )
L 10/07/2014 - 17:14:14: "Headful of Eyeballs<2><BOT><Blue>" stuck (position "-1053.66 -536.03 -87.97") (duration "7.03") L 10/07/2014 - 17:14:14:    path_goal ( "-1025.00 -550.00 -87.97" )
L 10/07/2014 - 17:14:14: "AimBot<4><BOT><Blue>" stuck (position "-510.69 1334.99 -244.58") (duration "6.93") L 10/07/2014 - 17:14:14:    path_goal ( "-500.00 975.00 -252.44" )
L 10/07/2014 - 17:14:14: "Saxton Hale<6><BOT><Blue>" stuck (position "-532.22 1335.72 -240.82") (duration "9.55") L 10/07/2014 - 17:14:14:    path_goal ( "-500.00 975.00 -252.44" )
L 10/07/2014 - 17:14:14: "Maggot<8><BOT><Blue>" stuck (position "747.60 1175.97 64.03") (duration "9.55") L 10/07/2014 - 17:14:14:    path_goal ( "1125.00 2575.00 -258.48" )
L 10/07/2014 - 17:14:15: "Headful of Eyeballs<2><BOT><Blue>" stuck (position "-1053.66 -536.03 -87.97") (duration "8.09") L 10/07/2014 - 17:14:15:    path_goal ( "-1025.00 -550.00 -87.97" )
L 10/07/2014 - 17:14:15: "AimBot<4><BOT><Blue>" stuck (position "-510.69 1334.99 -244.58") (duration "7.98") L 10/07/2014 - 17:14:15:    path_goal ( "-500.00 975.00 -252.44" )
L 10/07/2014 - 17:14:15: "Saxton Hale<6><BOT><Blue>" stuck (position "-532.22 1335.72 -240.82") (duration "10.60") L 10/07/2014 - 17:14:15:    path_goal ( "-500.00 975.00 -252.44" )
L 10/07/2014 - 17:14:16: "Maggot<8><BOT><Blue>" stuck (position "747.60 1175.97 64.03") (duration "10.60") L 10/07/2014 - 17:14:16:    path_goal ( "700.00 850.00 64.03" )
L 10/07/2014 - 17:14:16: "Headful of Eyeballs<2><BOT><Blue>" stuck (position "-1053.66 -536.03 -87.97") (duration "9.14") L 10/07/2014 - 17:14:16:    path_goal ( "-1025.00 -550.00 -87.97" )
L 10/07/2014 - 17:14:16: "AimBot<4><BOT><Blue>" stuck (position "-510.69 1334.99 -244.58") (duration "9.03") L 10/07/2014 - 17:14:16:    path_goal ( "-500.00 975.00 -252.44" )
L 10/07/2014 - 17:14:16: "Saxton Hale<6><BOT><Blue>" stuck (position "-532.22 1335.72 -240.82") (duration "11.66") L 10/07/2014 - 17:14:16:    path_goal ( "-1725.00 2900.00 -255.97" )
L 10/07/2014 - 17:14:17: "Maggot<8><BOT><Blue>" stuck (position "747.60 1175.97 64.03") (duration "11.65") L 10/07/2014 - 17:14:17:    path_goal ( "700.00 850.00 64.03" )
L 10/07/2014 - 17:14:17: Loading map "ctf_2fort"
L 10/07/2014 - 17:14:17: server cvars start
L 10/07/2014 - 17:14:17: "tf_playergib" = "1"
L 10/07/2014 - 17:14:17: "tf_allow_player_use" = "0"
L 10/07/2014 - 17:14:17: "tf_mvm_death_penalty" = "0"
L 10/07/2014 - 17:14:17: "sv_maxusrcmdprocessticks" = "24"
L 10/07/2014 - 17:14:17: "mp_teamplay" = "0"
L 10/07/2014 - 17:14:17: "mp_falldamage" = "0"
L 10/07/2014 - 17:14:17: "mp_weaponstay" = "0"
L 10/07/2014 - 17:14:17: "mp_forcerespawn" = "1"
L 10/07/2014 - 17:14:17: "mp_footsteps" = "1"
L 10/07/2014 - 17:14:17: "mp_flashlight" = "0"
L 10/07/2014 - 17:14:17: "mp_autocrosshair" = "1"
L 10/07/2014 - 17:14:17: "decalfrequency" = "10"
L 10/07/2014 - 17:14:17: "mp_teamlist" = "hgrunt;scientist"
L 10/07/2014 - 17:14:17: "mp_allowNPCs" = "1"
L 10/07/2014 - 17:14:17: "sv_alltalk" = "0"
L 10/07/2014 - 17:14:17: "tf_weapon_criticals" = "1"
L 10/07/2014 - 17:14:17: "tf_damage_disablespread" = "0"
L 10/07/2014 - 17:14:17: "tf_player_name_change_time" = "60"
L 10/07/2014 - 17:14:17: "tf_force_holidays_off" = "0"
L 10/07/2014 - 17:14:17: "tf_birthday" = "0"
L 10/07/2014 - 17:14:17: "mp_tournament_stopwatch" = "1"
L 10/07/2014 - 17:14:17: "mp_windifference" = "0"
L 10/07/2014 - 17:14:17: "mp_windifference_min" = "0"
L 10/07/2014 - 17:14:17: "tf_medieval" = "0"
L 10/07/2014 - 17:14:17: "tf_medieval_autorp" = "1"
L 10/07/2014 - 17:14:17: "tf_arena_force_class" = "0"
L 10/07/2014 - 17:14:17: "tf_arena_change_limit" = "1"
L 10/07/2014 - 17:14:17: "tf_arena_override_cap_enable_time" = "-1"
L 10/07/2014 - 17:14:17: "tf_arena_first_blood" = "1"
L 10/07/2014 - 17:14:17: "tf_mvm_min_players_to_start" = "3"
L 10/07/2014 - 17:14:17: "tf_gamemode_arena" = "0"
L 10/07/2014 - 17:14:17: "tf_gamemode_cp" = "1"
L 10/07/2014 - 17:14:17: "tf_gamemode_ctf" = "0"
L 10/07/2014 - 17:14:17: "tf_gamemode_sd" = "0"
L 10/07/2014 - 17:14:17: "tf_gamemode_rd" = "0"
L 10/07/2014 - 17:14:17: "tf_beta_content" = "0"
L 10/07/2014 - 17:14:17: "tf_gamemode_payload" = "0"
L 10/07/2014 - 17:14:17: "tf_gamemode_mvm" = "0"
L 10/07/2014 - 17:14:17: "tf_bot_count" = "8"
L 10/07/2014 - 17:14:17: "tf_teamtalk" = "1"
L 10/07/2014 - 17:14:17: "tf_ctf_bonus_time" = "10"
L 10/07/2014 - 17:14:17: "tf_maxspeed" = "400"
L 10/07/2014 - 17:14:17: "tf_max_charge_speed" = "750"
L 10/07/2014 - 17:14:17: "tf_use_fixed_weaponspreads" = "0"
L 10/07/2014 - 17:14:17: "tf_overtime_nag" = "0"
L 10/07/2014 - 17:14:17: "mp_respawnwavetime" = "10.0"
L 10/07/2014 - 17:14:17: "mp_tournament" = "0"
L 10/07/2014 - 17:14:17: "mp_highlander" = "0"
L 10/07/2014 - 17:14:17: "tf_arena_preround_time" = "10"
L 10/07/2014 - 17:14:17: "tf_arena_round_time" = "0"
L 10/07/2014 - 17:14:17: "tf_arena_max_streak" = "3"
L 10/07/2014 - 17:14:17: "tf_arena_use_queue" = "1"
L 10/07/2014 - 17:14:17: "mp_maxrounds" = "0"
L 10/07/2014 - 17:14:17: "mp_winlimit" = "0"
L 10/07/2014 - 17:14:17: "mp_disable_respawn_times" = "0"
L 10/07/2014 - 17:14:17: "mp_stalemate_meleeonly" = "0"
L 10/07/2014 - 17:14:17: "mp_forceautoteam" = "0"
L 10/07/2014 - 17:14:17: "mp_autoteambalance" = "1"
L 10/07/2014 - 17:14:17: "mp_stalemate_enable" = "0"
L 10/07/2014 - 17:14:17: "mp_match_end_at_timelimit" = "0"
L 10/07/2014 - 17:14:17: "mp_holiday_nogifts" = "0"
L 10/07/2014 - 17:14:17: "mp_scrambleteams_auto" = "1"
L 10/07/2014 - 17:14:17: "mp_scrambleteams_auto_windifference" = "2"
L 10/07/2014 - 17:14:17: "mp_timelimit" = "15"
L 10/07/2014 - 17:14:17: "mp_fraglimit" = "0"
L 10/07/2014 - 17:14:17: "nextlevel" = ""
L 10/07/2014 - 17:14:17: "sv_gravity" = "800"
L 10/07/2014 - 17:14:17: "sv_stopspeed" = "100"
L 10/07/2014 - 17:14:17: "sv_noclipaccelerate" = "5"
L 10/07/2014 - 17:14:17: "sv_noclipspeed" = "5"
L 10/07/2014 - 17:14:17: "sv_specaccelerate" = "5"
L 10/07/2014 - 17:14:17: "sv_specspeed" = "3"
L 10/07/2014 - 17:14:17: "sv_specnoclip" = "1"
L 10/07/2014 - 17:14:17: "sv_maxspeed" = "320"
L 10/07/2014 - 17:14:17: "sv_accelerate" = "10"
L 10/07/2014 - 17:14:17: "sv_airaccelerate" = "10"
L 10/07/2014 - 17:14:17: "sv_wateraccelerate" = "10"
L 10/07/2014 - 17:14:17: "sv_waterfriction" = "1"
L 10/07/2014 - 17:14:17: "sv_footsteps" = "1"
L 10/07/2014 - 17:14:17: "sv_rollspeed" = "200"
L 10/07/2014 - 17:14:17: "sv_rollangle" = "0"
L 10/07/2014 - 17:14:17: "sv_friction" = "4"
L 10/07/2014 - 17:14:17: "sv_bounce" = "0"
L 10/07/2014 - 17:14:17: "sv_stepsize" = "18"
L 10/07/2014 - 17:14:17: "r_VehicleViewDampen" = "1"
L 10/07/2014 - 17:14:17: "r_JeepViewDampenFreq" = "7.0"
L 10/07/2014 - 17:14:17: "r_JeepViewDampenDamp" = "1.0"
L 10/07/2014 - 17:14:17: "r_JeepViewZHeight" = "10.0"
L 10/07/2014 - 17:14:17: "r_AirboatViewDampenFreq" = "7.0"
L 10/07/2014 - 17:14:17: "r_AirboatViewDampenDamp" = "1.0"
L 10/07/2014 - 17:14:17: "r_AirboatViewZHeight" = "0.0"
L 10/07/2014 - 17:14:17: "mp_friendlyfire" = "0"
L 10/07/2014 - 17:14:17: "mp_fadetoblack" = "0"
L 10/07/2014 - 17:14:17: "tf_mm_servermode" = "0"
L 10/07/2014 - 17:14:17: "tf_mm_strict" = "0"
L 10/07/2014 - 17:14:17: "tf_mm_trusted" = "0"
L 10/07/2014 - 17:14:17: "tf_server_identity_disable_quickplay" = "0"
L 10/07/2014 - 17:14:17: "sv_registration_successful" = "0"
L 10/07/2014 - 17:14:17: "sv_registration_message" = "No account specified"
L 10/07/2014 - 17:14:17: "sv_steamgroup" = ""
L 10/07/2014 - 17:14:17: "sv_cheats" = "1"
L 10/07/2014 - 17:14:17: "sv_pausable" = "0"
L 10/07/2014 - 17:14:17: "sv_contact" = "admin@yourdomain.com"
L 10/07/2014 - 17:14:17: "sv_voiceenable" = "1"
L 10/07/2014 - 17:14:17: "tv_enable" = "0"
L 10/07/2014 - 17:14:17: "deathmatch" = "1"
L 10/07/2014 - 17:14:17: "coop" = "0"
L 10/07/2014 - 17:14:17: "tv_password" = ""
L 10/07/2014 - 17:14:17: "tv_relaypassword" = ""
L 10/07/2014 - 17:14:17: "sv_password" = ""
L 10/07/2014 - 17:14:17: "sv_tags" = "bots,cp"
L 10/07/2014 - 17:14:17: server cvars end
L 10/07/2014 - 17:14:19: Started map "ctf_2fort" (CRC "7d246aafbbd18b8ccbfdb9937dbc7769")
L 10/07/2014 - 17:14:19: Executing dedicated server config file server.cfg
L 10/07/2014 - 17:14:25: server_cvar: "tf_gamemode_cp" "0"
L 10/07/2014 - 17:14:25: server_cvar: "sv_tags" "bots"
L 10/07/2014 - 17:14:25: server_cvar: "sv_tags" "bots"
L 10/07/2014 - 17:14:25: server_cvar: "tf_bot_count" "0"
L 10/07/2014 - 17:14:25: server_cvar: "sv_tags" ""
L 10/07/2014 - 17:14:25: server_cvar: "tf_gamemode_ctf" "1"
L 10/07/2014 - 17:14:25: server_cvar: "sv_tags" "ctf"
L 10/07/2014 - 17:14:25: server_cvar: "sv_tags" "ctf"
L 10/07/2014 - 17:14:25: Initializing Steam libraries for LAN server
L 10/07/2014 - 17:14:25: No account token specified; logging into anonymous game server account.  (Use sv_setsteamaccount to login to a persistent account.)
