L 10/07/2014 - 16:19:49: Log file started (file "logs/L1007013.log") (game "/home/tf2/hlserver/tf2/tf") (version "2426090")
L 10/07/2014 - 16:19:49: server_cvar: "sv_cheats" "1"
L 10/07/2014 - 16:19:49: "THEM<2><BOT><>" connected, address "none"
L 10/07/2014 - 16:19:49: "<2><BOT><>" entered the game
L 10/07/2014 - 16:19:49: "THEM<2><BOT><Unassigned>" joined team "Blue"
L 10/07/2014 - 16:19:49: "THEM<2><BOT><Blue>" changed role to "scout"
L 10/07/2014 - 16:19:49: "THEM<2><BOT><Blue>" changed name to "LOS LOS LOS"
L 10/07/2014 - 16:19:50: Sending CMsgGameServerMatchmakingStatus (state=ServerMatchmakingState_NOT_PARTICIPATING)
L 10/07/2014 - 16:19:50: "10001011101<3><BOT><>" connected, address "none"
L 10/07/2014 - 16:19:50: "<3><BOT><>" entered the game
L 10/07/2014 - 16:19:50: "10001011101<3><BOT><Unassigned>" joined team "Red"
L 10/07/2014 - 16:19:50: "10001011101<3><BOT><Red>" changed role to "engineer"
L 10/07/2014 - 16:19:50: "10001011101<3><BOT><Red>" changed name to "DeadHead"
L 10/07/2014 - 16:19:50: Connection to Steam servers successful.
L 10/07/2014 - 16:19:50:    Public IP is 68.110.44.24.
L 10/07/2014 - 16:19:50: Assigned anonymous gameserver Steam ID [A:1:1499500551:4715].
L 10/07/2014 - 16:19:50: VAC secure mode is activated.
L 10/07/2014 - 16:19:50: "ZAWMBEEZ<4><BOT><>" connected, address "none"
L 10/07/2014 - 16:19:50: "<4><BOT><>" entered the game
L 10/07/2014 - 16:19:50: "ZAWMBEEZ<4><BOT><Unassigned>" joined team "Blue"
L 10/07/2014 - 16:19:50: "ZAWMBEEZ<4><BOT><Blue>" changed role to "demoman"
L 10/07/2014 - 16:19:50: "ZAWMBEEZ<4><BOT><Blue>" changed name to "MindlessElectrons"
L 10/07/2014 - 16:19:50: tf_server_identity_account_id not set; not logging into registered account
L 10/07/2014 - 16:19:50: "TAAAAANK!<5><BOT><>" connected, address "none"
L 10/07/2014 - 16:19:50: "<5><BOT><>" entered the game
L 10/07/2014 - 16:19:50: "TAAAAANK!<5><BOT><Unassigned>" joined team "Red"
L 10/07/2014 - 16:19:50: "TAAAAANK!<5><BOT><Red>" changed role to "soldier"
L 10/07/2014 - 16:19:50: "TAAAAANK!<5><BOT><Red>" changed name to "The Freeman"
L 10/07/2014 - 16:19:50: "Black Mesa<6><BOT><>" connected, address "none"
L 10/07/2014 - 16:19:50: "<6><BOT><>" entered the game
L 10/07/2014 - 16:19:50: "Black Mesa<6><BOT><Unassigned>" joined team "Blue"
L 10/07/2014 - 16:19:50: "Black Mesa<6><BOT><Blue>" changed role to "pyro"
L 10/07/2014 - 16:19:50: "Black Mesa<6><BOT><Blue>" changed name to "Soulless"
L 10/07/2014 - 16:19:51: "CEDA<7><BOT><>" connected, address "none"
L 10/07/2014 - 16:19:51: "<7><BOT><>" entered the game
L 10/07/2014 - 16:19:51: "CEDA<7><BOT><Unassigned>" joined team "Red"
L 10/07/2014 - 16:19:51: "CEDA<7><BOT><Red>" changed role to "soldier"
L 10/07/2014 - 16:19:51: "CEDA<7><BOT><Red>" changed name to "BeepBeepBoop"
L 10/07/2014 - 16:19:51: "NotMe<8><BOT><>" connected, address "none"
L 10/07/2014 - 16:19:51: "<8><BOT><>" entered the game
L 10/07/2014 - 16:19:51: "NotMe<8><BOT><Unassigned>" joined team "Blue"
L 10/07/2014 - 16:19:51: "NotMe<8><BOT><Blue>" changed role to "medic"
L 10/07/2014 - 16:19:51: "NotMe<8><BOT><Blue>" changed name to "CreditToTeam"
L 10/07/2014 - 16:19:51: "BoomerBile<9><BOT><>" connected, address "none"
L 10/07/2014 - 16:19:51: "<9><BOT><>" entered the game
L 10/07/2014 - 16:19:51: "BoomerBile<9><BOT><Unassigned>" joined team "Red"
L 10/07/2014 - 16:19:51: "BoomerBile<9><BOT><Red>" changed role to "medic"
L 10/07/2014 - 16:19:51: "BoomerBile<9><BOT><Red>" changed name to "Someone Else"
L 10/07/2014 - 16:19:53: "That Guy Over There<10><[U:1:197468749]><>" connected, address "192.168.1.109:27005"
L 10/07/2014 - 16:19:53: "That Guy Over There<10><[U:1:197468749]><>" STEAM USERID validated
L 10/07/2014 - 16:19:54: server_cvar: "tf_bot_count" "8"
L 10/07/2014 - 16:19:54: server_cvar: "sv_tags" "bots,payload"
L 10/07/2014 - 16:19:56: "28RL|Shotgun<11><[U:1:197287110]><>" connected, address "192.168.1.107:27005"
L 10/07/2014 - 16:19:57: "28RL|Shotgun<11><[U:1:197287110]><>" STEAM USERID validated
L 10/07/2014 - 16:19:59: "That Guy Over There<10><[U:1:197468749]><>" entered the game
L 10/07/2014 - 16:20:00: "LOS LOS LOS<2><BOT><Blue>" stuck (position "-3204.60 1889.53 -127.97") (duration "2.52") L 10/07/2014 - 16:20:00:    path_goal ( "-3232.00 1714.00 -127.97" )
L 10/07/2014 - 16:20:02: "MindlessElectrons<4><BOT><Blue>" stuck (position "-3196.02 1889.53 -127.97") (duration "3.57") L 10/07/2014 - 16:20:02:    path_goal ( "-3232.00 1714.00 -127.97" )
L 10/07/2014 - 16:20:02: "Soulless<6><BOT><Blue>" stuck (position "-3229.78 1889.53 -127.97") (duration "3.36") L 10/07/2014 - 16:20:02:    path_goal ( "-3232.00 1714.00 -127.97" )
L 10/07/2014 - 16:20:02: "LOS LOS LOS<2><BOT><Blue>" stuck (position "-3268.65 1889.53 -127.97") (duration "2.53") L 10/07/2014 - 16:20:02:    path_goal ( "-3232.00 1714.00 -127.97" )
L 10/07/2014 - 16:20:03: "28RL|Shotgun<11><[U:1:197287110]><>" entered the game
L 10/07/2014 - 16:20:05: "LOS LOS LOS<2><BOT><Blue>" stuck (position "-3268.65 1889.53 -127.97") (duration "2.52") L 10/07/2014 - 16:20:05:    path_goal ( "-3232.00 1714.00 -127.97" )
L 10/07/2014 - 16:20:05: "MindlessElectrons<4><BOT><Blue>" stuck (position "-3262.75 1889.53 -127.97") (duration "3.59") L 10/07/2014 - 16:20:05:    path_goal ( "-3232.00 1714.00 -127.97" )
L 10/07/2014 - 16:20:05: "Soulless<6><BOT><Blue>" stuck (position "-3207.46 1889.53 -127.97") (duration "3.36") L 10/07/2014 - 16:20:05:    path_goal ( "-3232.00 1714.00 -127.97" )
L 10/07/2014 - 16:20:06: "KittenKommando<12><[U:1:197323815]><>" connected, address "192.168.1.102:27005"
L 10/07/2014 - 16:20:07: "KittenKommando<12><[U:1:197323815]><>" STEAM USERID validated
L 10/07/2014 - 16:20:07: "LOS LOS LOS<2><BOT><Blue>" stuck (position "-3196.02 1889.53 -127.97") (duration "2.53") L 10/07/2014 - 16:20:07:    path_goal ( "-3232.00 1714.00 -127.97" )
L 10/07/2014 - 16:20:09: "MindlessElectrons<4><BOT><Blue>" stuck (position "-3250.73 1889.53 -127.97") (duration "3.58") L 10/07/2014 - 16:20:09:    path_goal ( "-3232.00 1714.00 -127.97" )
L 10/07/2014 - 16:20:09: "Soulless<6><BOT><Blue>" stuck (position "-3238.87 1889.53 -127.97") (duration "3.39") L 10/07/2014 - 16:20:09:    path_goal ( "-3232.00 1714.00 -127.97" )
L 10/07/2014 - 16:20:10: "LOS LOS LOS<2><BOT><Blue>" stuck (position "-3239.73 1889.53 -127.97") (duration "2.55") L 10/07/2014 - 16:20:10:    path_goal ( "-3232.00 1714.00 -127.97" )
L 10/07/2014 - 16:20:11: "That Guy Over There<10><[U:1:197468749]><Unassigned>" joined team "Blue"
L 10/07/2014 - 16:20:11: "DeadHead<3><BOT><Red>" triggered "player_builtobject" (object "OBJ_SENTRYGUN") (position "-2656 -168 2")
L 10/07/2014 - 16:20:12: "Soulless<6><BOT><Blue>" stuck (position "-3257.72 1889.53 -127.97") (duration "3.40") L 10/07/2014 - 16:20:12:    path_goal ( "-3251.95 1710.59 -127.97" )
L 10/07/2014 - 16:20:12: "LOS LOS LOS<2><BOT><Blue>" stuck (position "-3249.56 1889.53 -127.97") (duration "2.52") L 10/07/2014 - 16:20:12:    path_goal ( "-3251.95 1710.59 -127.97" )
L 10/07/2014 - 16:20:12: "MindlessElectrons<4><BOT><Blue>" stuck (position "-3223.65 1889.53 -127.97") (duration "3.59") L 10/07/2014 - 16:20:12:    path_goal ( "-3251.95 1710.59 -127.97" )
L 10/07/2014 - 16:20:13: "KittenKommando<12><[U:1:197323815]><>" entered the game
L 10/07/2014 - 16:20:15: "LOS LOS LOS<2><BOT><Blue>" stuck (position "-3248.03 1889.53 -127.97") (duration "2.53") L 10/07/2014 - 16:20:15:    path_goal ( "-3251.95 1710.59 -127.97" )
L 10/07/2014 - 16:20:16: "Soulless<6><BOT><Blue>" stuck (position "-3253.27 1889.53 -127.97") (duration "3.38") L 10/07/2014 - 16:20:16:    path_goal ( "-3251.95 1710.59 -127.97" )
L 10/07/2014 - 16:20:16: "MindlessElectrons<4><BOT><Blue>" stuck (position "-3230.80 1889.53 -127.97") (duration "3.58") L 10/07/2014 - 16:20:16:    path_goal ( "-3262.11 1705.90 -127.97" )
L 10/07/2014 - 16:20:17: "LOS LOS LOS<2><BOT><Blue>" stuck (position "-3249.99 1889.53 -127.97") (duration "2.53") L 10/07/2014 - 16:20:17:    path_goal ( "-3263.88 1704.83 -127.97" )
L 10/07/2014 - 16:20:19: "Soulless<6><BOT><Blue>" stuck (position "-3235.82 1889.53 -127.97") (duration "3.38") L 10/07/2014 - 16:20:19:    path_goal ( "-3263.88 1704.83 -127.97" )
L 10/07/2014 - 16:20:20: "MindlessElectrons<4><BOT><Blue>" stuck (position "-3244.30 1889.53 -127.97") (duration "3.57") L 10/07/2014 - 16:20:20:    path_goal ( "-3264.04 1704.73 -127.97" )
L 10/07/2014 - 16:20:20: World triggered "Round_Start"
L 10/07/2014 - 16:20:20: World triggered "Round_Setup_Begin"
L 10/07/2014 - 16:20:20: World triggered "Mini_Round_Selected" (round "round_a")
L 10/07/2014 - 16:20:20: World triggered "Mini_Round_Start"
L 10/07/2014 - 16:20:20: "That Guy Over There<10><[U:1:197468749]><Blue>" changed role to "heavyweapons"
L 10/07/2014 - 16:20:21: "nulltr0n<13><[U:1:197388838]><>" connected, address "192.168.1.114:27005"
L 10/07/2014 - 16:20:22: "nulltr0n<13><[U:1:197388838]><>" STEAM USERID validated
L 10/07/2014 - 16:20:26: "nulltr0n<13><[U:1:197388838]><>" entered the game
L 10/07/2014 - 16:20:28: "28RL|Shotgun<11><[U:1:197287110]><Unassigned>" joined team "Red"
L 10/07/2014 - 16:20:29: "splunk> security warrior<14><[U:1:229722400]><>" connected, address "192.168.1.113:27005"
L 10/07/2014 - 16:20:29: "splunk> security warrior<14><[U:1:229722400]><>" STEAM USERID validated
L 10/07/2014 - 16:20:30: "KittenKommando<12><[U:1:197323815]><Unassigned>" joined team "Red"
L 10/07/2014 - 16:20:31: "28RL|Shotgun<11><[U:1:197287110]><Red>" changed role to "sniper"
L 10/07/2014 - 16:20:32: "nulltr0n<13><[U:1:197388838]><Unassigned>" joined team "Blue"
L 10/07/2014 - 16:20:35: "splunk> security warrior<14><[U:1:229722400]><>" entered the game
L 10/07/2014 - 16:20:40: "nulltr0n<13><[U:1:197388838]><Blue>" changed role to "medic"
L 10/07/2014 - 16:20:41: "splunk> security warrior<14><[U:1:229722400]><Unassigned>" joined team "Blue"
L 10/07/2014 - 16:20:43: "splunk> security warrior<14><[U:1:229722400]><Blue>" changed role to "engineer"
L 10/07/2014 - 16:20:44: "DeadHead<3><BOT><Red>" triggered "player_builtobject" (object "OBJ_SENTRYGUN") (position "-3177 -288 144")
L 10/07/2014 - 16:20:44: "KittenKommando<12><[U:1:197323815]><Red>" changed role to "engineer"
L 10/07/2014 - 16:20:55: "splunk> security warrior<14><[U:1:229722400]><Blue>" changed role to "sniper"
L 10/07/2014 - 16:21:12: "DeadHead<3><BOT><Red>" stuck (position "-3106.33 -28.01 144.03") (duration "3.39") L 10/07/2014 - 16:21:12:    path_goal ( "-3150.00 35.00 144.03" )
L 10/07/2014 - 16:21:12: "DeadHead<3><BOT><Red>" stuck (position "-3106.55 -28.01 169.34") (duration "3.49") L 10/07/2014 - 16:21:12:    path_goal ( "NULL" )
L 10/07/2014 - 16:21:13: "DeadHead<3><BOT><Red>" stuck (position "-3132.45 -83.32 144.03") (duration "4.56") L 10/07/2014 - 16:21:13:    path_goal ( "-3150.00 -150.00 144.03" )
L 10/07/2014 - 16:21:24: "DeadHead<3><BOT><Red>" stuck (position "-3158.90 -28.71 144.03") (duration "3.38") L 10/07/2014 - 16:21:24:    path_goal ( "-3175.00 35.00 144.03" )
L 10/07/2014 - 16:21:24: "DeadHead<3><BOT><Red>" stuck (position "-3186.25 -29.85 169.34") (duration "3.48") L 10/07/2014 - 16:21:24:    path_goal ( "NULL" )
L 10/07/2014 - 16:21:30: World triggered "Round_Setup_End"
L 10/07/2014 - 16:21:33: "CreditToTeam<8><BOT><Blue>" triggered "chargedeployed"
L 10/07/2014 - 16:21:37: "DeadHead<3><BOT><Red>" triggered "player_builtobject" (object "OBJ_DISPENSER") (position "-3172 -290 144")
L 10/07/2014 - 16:21:49: "That Guy Over There<10><[U:1:197468749]><Blue>" killed "BeepBeepBoop<7><BOT><Red>" with "minigun" (attacker_position "-3107 996 -125") (victim_position "-3286 671 -127")
L 10/07/2014 - 16:21:49: "nulltr0n<13><[U:1:197388838]><Blue>" triggered "kill assist" against "BeepBeepBoop<7><BOT><Red>" (assister_position "-3170 1480 -127") (attacker_position "-3107 996 -125") (victim_position "-3286 671 -127")
L 10/07/2014 - 16:21:49: "BeepBeepBoop<7><BOT><Red>" changed role to "demoman"
L 10/07/2014 - 16:22:04: "DeadHead<3><BOT><Red>" killed "LOS LOS LOS<2><BOT><Blue>" with "obj_sentrygun3" (attacker_position "-3170 -340 144") (victim_position "-2295 -595 2")
L 10/07/2014 - 16:22:04: "KittenKommando<12><[U:1:197323815]><Red>" triggered "kill assist" against "LOS LOS LOS<2><BOT><Blue>" (assister_position "-2906 -542 0") (attacker_position "-3170 -340 144") (victim_position "-2295 -595 2")
L 10/07/2014 - 16:22:05: "Someone Else<9><BOT><Red>" triggered "chargedeployed"
L 10/07/2014 - 16:22:05: "MindlessElectrons<4><BOT><Blue>" killed "KittenKommando<12><[U:1:197323815]><Red>" with "tf_projectile_pipe" (attacker_position "-2304 -338 4") (victim_position "-2780 -663 0")
L 10/07/2014 - 16:22:06: "The Freeman<5><BOT><Red>" triggered "medic_death" against "nulltr0n<13><[U:1:197388838]><Blue>" (healing "467") (ubercharge "0")
L 10/07/2014 - 16:22:06: "The Freeman<5><BOT><Red>" killed "nulltr0n<13><[U:1:197388838]><Blue>" with "tf_projectile_rocket" (attacker_position "-3049 -235 0") (victim_position "-3330 122 0")
L 10/07/2014 - 16:22:06: "Someone Else<9><BOT><Red>" triggered "kill assist" against "nulltr0n<13><[U:1:197388838]><Blue>" (assister_position "-3135 -131 8") (attacker_position "-3049 -235 0") (victim_position "-3330 122 0")
L 10/07/2014 - 16:22:06: Team "Blue" triggered "pointcaptured" (cp "0") (cpname "#Goldrush_cap_1_A") (numcappers "2") (player1 "Soulless<6><BOT><Blue>") (position1 "-2275 -570 1") (player2 "CreditToTeam<8><BOT><Blue>") (position2 "-2307 -648 10") 
L 10/07/2014 - 16:22:07: "DeadHead<3><BOT><Red>" killed "MindlessElectrons<4><BOT><Blue>" with "obj_sentrygun3" (attacker_position "-3186 -341 144") (victim_position "-2235 -517 5")
L 10/07/2014 - 16:22:13: "DeadHead<3><BOT><Red>" killed "That Guy Over There<10><[U:1:197468749]><Blue>" with "obj_sentrygun3" (attacker_position "-3179 -301 144") (victim_position "-2445 -518 0")
L 10/07/2014 - 16:22:20: "The Freeman<5><BOT><Red>" triggered "medic_death" against "CreditToTeam<8><BOT><Blue>" (healing "837") (ubercharge "0")
L 10/07/2014 - 16:22:20: "The Freeman<5><BOT><Red>" killed "CreditToTeam<8><BOT><Blue>" with "tf_projectile_rocket" (attacker_position "-2287 -766 6") (victim_position "-2528 -1195 3")
L 10/07/2014 - 16:22:20: "CreditToTeam<8><BOT><Blue>" changed role to "demoman"
L 10/07/2014 - 16:22:33: "LOS LOS LOS<2><BOT><Blue>" stuck (position "-3134.07 1130.44 -127.67") (duration "2.97") L 10/07/2014 - 16:22:33:    path_goal ( "-3106.70 1123.83 -127.93" )
L 10/07/2014 - 16:22:33: "LOS LOS LOS<2><BOT><Blue>" stuck (position "-3123.33 1158.05 -95.56") (duration "3.10") L 10/07/2014 - 16:22:33:    path_goal ( "-3106.70 1123.83 -127.93" )
L 10/07/2014 - 16:22:34: "The Freeman<5><BOT><Red>" stuck (position "-2912.03 -301.96 0.03") (duration "4.31") L 10/07/2014 - 16:22:34:    path_goal ( "-2900.00 -275.00 0.03" )
L 10/07/2014 - 16:22:34: "The Freeman<5><BOT><Red>" stuck (position "-2917.93 -302.69 30.95") (duration "4.44") L 10/07/2014 - 16:22:34:    path_goal ( "-2900.00 -275.00 0.03" )
L 10/07/2014 - 16:22:36: "The Freeman<5><BOT><Red>" stuck (position "-2902.25 -270.78 42.28") (duration "5.52") L 10/07/2014 - 16:22:36:    path_goal ( "-2887.50 -287.50 0.03" )
L 10/07/2014 - 16:22:37: "The Freeman<5><BOT><Red>" stuck (position "-2896.51 -279.97 42.28") (duration "6.59") L 10/07/2014 - 16:22:37:    path_goal ( "-2900.00 -350.00 0.03" )
L 10/07/2014 - 16:22:37: "LOS LOS LOS<2><BOT><Blue>" stuck (position "-3134.68 1120.89 -127.20") (duration "2.50") L 10/07/2014 - 16:22:37:    path_goal ( "-3106.70 1123.83 -127.93" )
L 10/07/2014 - 16:22:37: "LOS LOS LOS<2><BOT><Blue>" stuck (position "-3125.71 1096.02 -99.00") (duration "2.62") L 10/07/2014 - 16:22:37:    path_goal ( "-3106.70 1123.83 -127.93" )
L 10/07/2014 - 16:22:38: "The Freeman<5><BOT><Red>" killed "splunk> security warrior<14><[U:1:229722400]><Blue>" with "tf_projectile_rocket" (attacker_position "-2934 -332 0") (victim_position "-3037 -259 0")
L 10/07/2014 - 16:22:38: "Someone Else<9><BOT><Red>" triggered "kill assist" against "splunk> security warrior<14><[U:1:229722400]><Blue>" (assister_position "-2975 -247 0") (attacker_position "-2934 -332 0") (victim_position "-3037 -259 0")
L 10/07/2014 - 16:22:38: "The Freeman<5><BOT><Red>" stuck (position "-2912.03 -349.68 3.14") (duration "7.67") L 10/07/2014 - 16:22:38:    path_goal ( "-2850.00 -450.00 2.05" )
L 10/07/2014 - 16:22:38: "LOS LOS LOS<2><BOT><Blue>" stuck (position "-3131.75 1136.05 -126.34") (duration "3.69") L 10/07/2014 - 16:22:38:    path_goal ( "-3106.70 1123.83 -127.93" )
L 10/07/2014 - 16:22:41: "KittenKommando<12><[U:1:197323815]><Red>" triggered "player_builtobject" (object "OBJ_SENTRYGUN") (position "-3263 -1859 -3")
L 10/07/2014 - 16:22:42: "BeepBeepBoop<7><BOT><Red>" killed "MindlessElectrons<4><BOT><Blue>" with "tf_projectile_pipe_remote" (attacker_position "-2299 -854 6") (victim_position "-2279 -333 4")
L 10/07/2014 - 16:22:42: "LOS LOS LOS<2><BOT><Blue>" stuck (position "-3126.63 1099.54 -126.16") (duration "2.64") L 10/07/2014 - 16:22:42:    path_goal ( "-3106.70 1123.83 -127.93" )
L 10/07/2014 - 16:22:43: "LOS LOS LOS<2><BOT><Blue>" stuck (position "-3140.84 1120.77 -97.96") (duration "2.76") L 10/07/2014 - 16:22:43:    path_goal ( "-3106.70 1123.83 -127.93" )
L 10/07/2014 - 16:22:44: "DeadHead<3><BOT><Red>" triggered "medic_death" against "nulltr0n<13><[U:1:197388838]><Blue>" (healing "89") (ubercharge "0")
L 10/07/2014 - 16:22:44: "DeadHead<3><BOT><Red>" killed "nulltr0n<13><[U:1:197388838]><Blue>" with "obj_sentrygun3" (attacker_position "-3201 -289 144") (victim_position "-3364 -339 160")
L 10/07/2014 - 16:22:47: "LOS LOS LOS<2><BOT><Blue>" stuck (position "-3131.98 1123.11 -127.16") (duration "2.85") L 10/07/2014 - 16:22:47:    path_goal ( "-3125.00 1100.00 -127.39" )
L 10/07/2014 - 16:22:47: "LOS LOS LOS<2><BOT><Blue>" stuck (position "-3130.97 1107.07 -98.96") (duration "2.97") L 10/07/2014 - 16:22:47:    path_goal ( "-3106.70 1123.83 -127.93" )
L 10/07/2014 - 16:22:48: "LOS LOS LOS<2><BOT><Blue>" stuck (position "-3131.52 1119.37 -127.06") (duration "4.07") L 10/07/2014 - 16:22:48:    path_goal ( "-3106.70 1123.83 -127.93" )
L 10/07/2014 - 16:22:48: "BeepBeepBoop<7><BOT><Red>" killed "LOS LOS LOS<2><BOT><Blue>" with "tf_projectile_pipe" (attacker_position "-2375 -394 5") (victim_position "-3092 1052 -109")
L 10/07/2014 - 16:22:50: "Soulless<6><BOT><Blue>" killed "28RL|Shotgun<11><[U:1:197287110]><Red>" with "flamethrower" (attacker_position "-3416 -2342 0") (victim_position "-2470 -1985 6")
L 10/07/2014 - 16:22:53: "KittenKommando<12><[U:1:197323815]><Red>" killed "Soulless<6><BOT><Blue>" with "obj_sentrygun" (attacker_position "-3755 -2388 0") (victim_position "-3669 -2459 8")
L 10/07/2014 - 16:22:53: "Soulless<6><BOT><Blue>" changed role to "demoman"
L 10/07/2014 - 16:22:56: "splunk> security warrior<14><[U:1:229722400]><Blue>" changed role to "demoman"
L 10/07/2014 - 16:23:05: "DeadHead<3><BOT><Red>" killed "That Guy Over There<10><[U:1:197468749]><Blue>" with "obj_sentrygun3" (attacker_position "-3173 -292 144") (victim_position "-2296 -283 49")
L 10/07/2014 - 16:23:05: "The Freeman<5><BOT><Red>" triggered "kill assist" against "That Guy Over There<10><[U:1:197468749]><Blue>" (assister_position "-2298 -537 10") (attacker_position "-3173 -292 144") (victim_position "-2296 -283 49")
L 10/07/2014 - 16:23:05: "splunk> security warrior<14><[U:1:229722400]><Blue>" disconnected (reason "Disconnect by user.")
L 10/07/2014 - 16:23:08: "28RL|Shotgun<11><[U:1:197287110]><Red>" changed role to "demoman"
L 10/07/2014 - 16:23:09: "The Freeman<5><BOT><Red>" killed "CreditToTeam<8><BOT><Blue>" with "tf_projectile_rocket" (attacker_position "-2546 -11 0") (victim_position "-2853 -489 2")
L 10/07/2014 - 16:23:09: "Someone Else<9><BOT><Red>" triggered "kill assist" against "CreditToTeam<8><BOT><Blue>" (assister_position "-2373 -449 3") (attacker_position "-2546 -11 0") (victim_position "-2853 -489 2")
L 10/07/2014 - 16:23:10: "BeepBeepBoop<7><BOT><Red>" stuck (position "-2304.29 -677.40 6.09") (duration "3.75") L 10/07/2014 - 16:23:10:    path_goal ( "-2275.00 -375.00 4.92" )
L 10/07/2014 - 16:23:15: "Eval THIS!<15><[U:1:197330785]><>" connected, address "192.168.1.103:27005"
L 10/07/2014 - 16:23:15: "Eval THIS!<15><[U:1:197330785]><>" STEAM USERID validated
L 10/07/2014 - 16:23:17: "Someone Else<9><BOT><Red>" triggered "chargedeployed"
L 10/07/2014 - 16:23:18: "LOS LOS LOS<2><BOT><Blue>" stuck (position "-3065.63 1032.70 -122.80") (duration "2.82") L 10/07/2014 - 16:23:18:    path_goal ( "-3030.47 1024.38 -122.84" )
L 10/07/2014 - 16:23:18: "LOS LOS LOS<2><BOT><Blue>" stuck (position "-3065.63 1029.59 -97.49") (duration "2.92") L 10/07/2014 - 16:23:18:    path_goal ( "-3030.47 1024.38 -122.84" )
L 10/07/2014 - 16:23:19: "LOS LOS LOS<2><BOT><Blue>" stuck (position "-3045.09 1019.61 -103.46") (duration "3.99") L 10/07/2014 - 16:23:19:    path_goal ( "-3030.47 1024.38 -122.84" )
L 10/07/2014 - 16:23:20: "LOS LOS LOS<2><BOT><Blue>" stuck (position "-3046.80 1006.14 -122.36") (duration "5.05") L 10/07/2014 - 16:23:20:    path_goal ( "NULL" )
L 10/07/2014 - 16:23:21: "LOS LOS LOS<2><BOT><Blue>" stuck (position "-3070.61 1032.22 -123.07") (duration "0.32") L 10/07/2014 - 16:23:21:    path_goal ( "-3030.47 1024.38 -122.84" )
L 10/07/2014 - 16:23:22: "Eval THIS!<15><[U:1:197330785]><>" entered the game
L 10/07/2014 - 16:23:22: "LOS LOS LOS<2><BOT><Blue>" stuck (position "-3034.63 995.86 -122.04") (duration "1.41") L 10/07/2014 - 16:23:22:    path_goal ( "-3030.47 1024.38 -122.84" )
L 10/07/2014 - 16:23:23: "BeepBeepBoop<7><BOT><Red>" killed "LOS LOS LOS<2><BOT><Blue>" with "tf_projectile_pipe" (attacker_position "-3138 -196 144") (victim_position "-3048 1021 -112")
L 10/07/2014 - 16:23:23: "The Freeman<5><BOT><Red>" triggered "kill assist" against "LOS LOS LOS<2><BOT><Blue>" (assister_position "-3121 -436 30") (attacker_position "-3138 -196 144") (victim_position "-3048 1021 -112")
L 10/07/2014 - 16:23:27: "Soulless<6><BOT><Blue>" killed "BeepBeepBoop<7><BOT><Red>" with "tf_projectile_pipe" (attacker_position "-3196 42 0") (victim_position "-3175 -408 105")
L 10/07/2014 - 16:23:27: "BeepBeepBoop<7><BOT><Red>" changed role to "spy"
L 10/07/2014 - 16:23:28: "Eval THIS!<15><[U:1:197330785]><Unassigned>" joined team "Red"
L 10/07/2014 - 16:23:30: "Eval THIS!<15><[U:1:197330785]><Red>" changed role to "engineer"
L 10/07/2014 - 16:23:31: "Soulless<6><BOT><Blue>" triggered "medic_death" against "Someone Else<9><BOT><Red>" (healing "1533") (ubercharge "0")
L 10/07/2014 - 16:23:31: "Soulless<6><BOT><Blue>" killed "Someone Else<9><BOT><Red>" with "tf_projectile_pipe" (attacker_position "-2937 -317 0") (victim_position "-2931 -395 144")
L 10/07/2014 - 16:23:31: "nulltr0n<13><[U:1:197388838]><Blue>" triggered "kill assist" against "Someone Else<9><BOT><Red>" (assister_position "-3200 -137 0") (attacker_position "-2937 -317 0") (victim_position "-2931 -395 144")
L 10/07/2014 - 16:23:33: "The Freeman<5><BOT><Red>" killed "Soulless<6><BOT><Blue>" with "tf_projectile_rocket" (attacker_position "-2526 -119 2") (victim_position "-2484 -468 0")
L 10/07/2014 - 16:23:33: "DeadHead<3><BOT><Red>" triggered "kill assist" against "Soulless<6><BOT><Blue>" (assister_position "-3196 -246 144") (attacker_position "-2526 -119 2") (victim_position "-2484 -468 0")
L 10/07/2014 - 16:23:34: "KittenKommando<12><[U:1:197323815]><Red>" triggered "player_carryobject" (object "OBJ_SENTRYGUN") (position "-3305 -1815 -3")
L 10/07/2014 - 16:23:37: "DeadHead<3><BOT><Red>" triggered "medic_death" against "nulltr0n<13><[U:1:197388838]><Blue>" (healing "316") (ubercharge "0")
L 10/07/2014 - 16:23:37: "DeadHead<3><BOT><Red>" killed "nulltr0n<13><[U:1:197388838]><Blue>" with "obj_sentrygun3" (attacker_position "-3205 -331 144") (victim_position "-2623 -531 0")
L 10/07/2014 - 16:23:37: "CreditToTeam<8><BOT><Blue>" killed "The Freeman<5><BOT><Red>" with "tf_projectile_pipe" (attacker_position "-2629 146 -49") (victim_position "-2524 -16 0")
L 10/07/2014 - 16:23:37: "MindlessElectrons<4><BOT><Blue>" triggered "kill assist" against "The Freeman<5><BOT><Red>" (assister_position "-2428 -380 3") (attacker_position "-2629 146 -49") (victim_position "-2524 -16 0")
L 10/07/2014 - 16:23:37: "The Freeman<5><BOT><Red>" changed role to "pyro"
L 10/07/2014 - 16:23:39: "DeadHead<3><BOT><Red>" killed "MindlessElectrons<4><BOT><Blue>" with "obj_sentrygun3" (attacker_position "-3146 -250 144") (victim_position "-2235 -506 6")
L 10/07/2014 - 16:23:39: "The Freeman<5><BOT><Red>" triggered "kill assist" against "MindlessElectrons<4><BOT><Blue>" (assister_position "-2524 -16 88") (attacker_position "-3146 -250 144") (victim_position "-2235 -506 6")
L 10/07/2014 - 16:23:41: "Eval THIS!<15><[U:1:197330785]><Red>" triggered "player_builtobject" (object "OBJ_SENTRYGUN") (position "-4239 -1488 192")
L 10/07/2014 - 16:23:42: "28RL|Shotgun<11><[U:1:197287110]><Red>" killed "CreditToTeam<8><BOT><Blue>" with "tf_projectile_pipe" (attacker_position "-2423 -710 3") (victim_position "-2420 -274 2")
L 10/07/2014 - 16:23:43: "nulltr0n<13><[U:1:197388838]><Blue>" changed role to "spy"
L 10/07/2014 - 16:23:49: "28RL|Shotgun<11><[U:1:197287110]><Red>" killed "That Guy Over There<10><[U:1:197468749]><Blue>" with "tf_projectile_pipe" (attacker_position "-2610 -235 2") (victim_position "-2618 -149 2")
L 10/07/2014 - 16:23:49: "That Guy Over There<10><[U:1:197468749]><Blue>" killed "28RL|Shotgun<11><[U:1:197287110]><Red>" with "world" (attacker_position "-2618 -149 2") (victim_position "-2610 -235 2")
L 10/07/2014 - 16:23:57: "KittenKommando<12><[U:1:197323815]><Red>" triggered "player_dropobject" (object "OBJ_SENTRYGUN") (position "-2905 -1453 0")
L 10/07/2014 - 16:23:57: "KittenKommando<12><[U:1:197323815]><Red>" triggered "player_builtobject" (object "OBJ_SENTRYGUN") (position "-2905 -1453 0")
L 10/07/2014 - 16:23:57: "Someone Else<9><BOT><Red>" stuck (position "-4133.40 -2325.71 -31.97") (duration "3.14") L 10/07/2014 - 16:23:57:    path_goal ( "NULL" )
L 10/07/2014 - 16:23:57: "Eval THIS!<15><[U:1:197330785]><Red>" triggered "player_carryobject" (object "OBJ_SENTRYGUN") (position "-4213 -1494 192")
L 10/07/2014 - 16:23:57: "Someone Else<9><BOT><Red>" stuck (position "-4137.76 -2318.55 -3.77") (duration "3.26") L 10/07/2014 - 16:23:57:    path_goal ( "NULL" )
L 10/07/2014 - 16:23:58: "Someone Else<9><BOT><Red>" stuck (position "-4096.69 -2317.46 -31.97") (duration "4.31") L 10/07/2014 - 16:23:58:    path_goal ( "NULL" )
L 10/07/2014 - 16:24:03: "Someone Else<9><BOT><Red>" stuck (position "-4112.29 -2314.15 -31.97") (duration "3.15") L 10/07/2014 - 16:24:03:    path_goal ( "NULL" )
L 10/07/2014 - 16:24:03: "Someone Else<9><BOT><Red>" stuck (position "-4112.76 -2311.73 -6.66") (duration "3.26") L 10/07/2014 - 16:24:03:    path_goal ( "NULL" )
L 10/07/2014 - 16:24:04: "Someone Else<9><BOT><Red>" stuck (position "-4157.51 -2353.69 -31.97") (duration "4.30") L 10/07/2014 - 16:24:04:    path_goal ( "-4350.00 -2375.00 -31.97" )
L 10/07/2014 - 16:24:07: "LOS LOS LOS<2><BOT><Blue>" stuck (position "-3530.65 1172.68 0.03") (duration "3.06") L 10/07/2014 - 16:24:07:    path_goal ( "-3537.50 1162.50 -3.73" )
L 10/07/2014 - 16:24:07: "LOS LOS LOS<2><BOT><Blue>" stuck (position "-3512.98 1149.82 25.34") (duration "3.16") L 10/07/2014 - 16:24:07:    path_goal ( "-3537.50 1162.50 -3.73" )
L 10/07/2014 - 16:24:08: "LOS LOS LOS<2><BOT><Blue>" stuck (position "-3505.37 1162.43 0.03") (duration "4.24") L 10/07/2014 - 16:24:08:    path_goal ( "-3537.50 1162.50 -3.73" )
L 10/07/2014 - 16:24:09: "KittenKommando<12><[U:1:197323815]><Red>" triggered "player_carryobject" (object "OBJ_SENTRYGUN") (position "-2803 -1456 0")
L 10/07/2014 - 16:24:10: "Chief Data Wrangler<16><[U:1:197363721]><>" connected, address "192.168.1.111:27005"
L 10/07/2014 - 16:24:10: "Chief Data Wrangler<16><[U:1:197363721]><>" STEAM USERID validated
L 10/07/2014 - 16:24:16: "KittenKommando<12><[U:1:197323815]><Red>" triggered "player_dropobject" (object "OBJ_SENTRYGUN") (position "-2334 -1077 0")
L 10/07/2014 - 16:24:16: "KittenKommando<12><[U:1:197323815]><Red>" triggered "player_builtobject" (object "OBJ_SENTRYGUN") (position "-2334 -1077 0")
L 10/07/2014 - 16:24:16: "Chief Data Wrangler<16><[U:1:197363721]><>" entered the game
L 10/07/2014 - 16:24:16: "Eval THIS!<15><[U:1:197330785]><Red>" triggered "player_dropobject" (object "OBJ_SENTRYGUN") (position "-3996 -2343 192")
L 10/07/2014 - 16:24:16: "Eval THIS!<15><[U:1:197330785]><Red>" triggered "player_builtobject" (object "OBJ_SENTRYGUN") (position "-3996 -2343 192")
L 10/07/2014 - 16:24:18: "The Freeman<5><BOT><Red>" triggered "captureblocked" (cp "1") (cpname "#Goldrush_cap_1_B") (position "-2292 -781 5")
L 10/07/2014 - 16:24:18: "That Guy Over There<10><[U:1:197468749]><Blue>" changed role to "demoman"
L 10/07/2014 - 16:24:18: "The Freeman<5><BOT><Red>" triggered "captureblocked" (cp "1") (cpname "#Goldrush_cap_1_B") (position "-2295 -690 7")
L 10/07/2014 - 16:24:18: "The Freeman<5><BOT><Red>" killed "MindlessElectrons<4><BOT><Blue>" with "deflect_promode" (attacker_position "-2295 -690 7") (victim_position "-2407 -571 10")
L 10/07/2014 - 16:24:18: "DeadHead<3><BOT><Red>" triggered "kill assist" against "MindlessElectrons<4><BOT><Blue>" (assister_position "-3181 -302 144") (attacker_position "-2295 -690 7") (victim_position "-2407 -571 10")
L 10/07/2014 - 16:24:18: "MindlessElectrons<4><BOT><Blue>" killed "The Freeman<5><BOT><Red>" with "world" (attacker_position "-2407 -571 10") (victim_position "-2295 -690 7")
L 10/07/2014 - 16:24:18: "MindlessElectrons<4><BOT><Blue>" changed role to "medic"
L 10/07/2014 - 16:24:18: "The Freeman<5><BOT><Red>" changed role to "soldier"
L 10/07/2014 - 16:24:19: "DeadHead<3><BOT><Red>" killed "LOS LOS LOS<2><BOT><Blue>" with "obj_sentrygun3" (attacker_position "-3181 -302 144") (victim_position "-2289 -599 2")
L 10/07/2014 - 16:24:19: "MindlessElectrons<4><BOT><Blue>" killed "BeepBeepBoop<7><BOT><Red>" with "tf_projectile_pipe" (attacker_position "-2407 -571 44") (victim_position "-2473 -1183 4")
L 10/07/2014 - 16:24:19: "BeepBeepBoop<7><BOT><Red>" changed role to "heavyweapons"
L 10/07/2014 - 16:24:20: "DeadHead<3><BOT><Red>" triggered "captureblocked" (cp "1") (cpname "#Goldrush_cap_1_B") (position "-3181 -302 144")
L 10/07/2014 - 16:24:20: "DeadHead<3><BOT><Red>" killed "Soulless<6><BOT><Blue>" with "obj_sentrygun3" (attacker_position "-3181 -302 144") (victim_position "-2240 -578 2")
L 10/07/2014 - 16:24:23: "Chief Data Wrangler<16><[U:1:197363721]><Unassigned>" joined team "Blue"
L 10/07/2014 - 16:24:24: "DeadHead<3><BOT><Red>" killed "nulltr0n<13><[U:1:197388838]><Blue>" with "obj_sentrygun3" (attacker_position "-3186 -262 144") (victim_position "-3195 -310 144")
L 10/07/2014 - 16:24:24: "nulltr0n<13><[U:1:197388838]><Blue>" killed "DeadHead<3><BOT><Red>" with "world" (attacker_position "-3195 -310 144") (victim_position "-3186 -262 144")
L 10/07/2014 - 16:24:31: "Chief Data Wrangler<16><[U:1:197363721]><Blue>" changed role to "pyro"
L 10/07/2014 - 16:24:37: "DeadHead<3><BOT><Red>" killed "That Guy Over There<10><[U:1:197468749]><Blue>" with "obj_sentrygun3" (attacker_position "-3008 -1600 237") (victim_position "-3360 634 125")
L 10/07/2014 - 16:24:37: "28RL|Shotgun<11><[U:1:197287110]><Red>" triggered "kill assist" against "That Guy Over There<10><[U:1:197468749]><Blue>" (assister_position "-2818 42 -28") (attacker_position "-3008 -1600 237") (victim_position "-3360 634 125")
L 10/07/2014 - 16:24:39: "KittenKommando<12><[U:1:197323815]><Red>" triggered "player_carryobject" (object "OBJ_SENTRYGUN") (position "-2347 -1084 0")
L 10/07/2014 - 16:24:44: "KittenKommando<12><[U:1:197323815]><Red>" triggered "player_dropobject" (object "OBJ_SENTRYGUN") (position "-2307 -887 5")
L 10/07/2014 - 16:24:44: "KittenKommando<12><[U:1:197323815]><Red>" triggered "player_builtobject" (object "OBJ_SENTRYGUN") (position "-2307 -887 5")
L 10/07/2014 - 16:24:46: "DeadHead<3><BOT><Red>" triggered "captureblocked" (cp "1") (cpname "#Goldrush_cap_1_B") (position "-3008 -1600 237")
L 10/07/2014 - 16:24:46: "DeadHead<3><BOT><Red>" killed "CreditToTeam<8><BOT><Blue>" with "obj_sentrygun3" (attacker_position "-3008 -1600 237") (victim_position "-2285 -608 3")
L 10/07/2014 - 16:24:48: "DeadHead<3><BOT><Red>" killed "Chief Data Wrangler<16><[U:1:197363721]><Blue>" with "obj_sentrygun3" (attacker_position "-4374 -2503 -21") (victim_position "-3177 -242 144")
L 10/07/2014 - 16:24:58: "DeadHead<3><BOT><Red>" triggered "player_extinguished" against "Someone Else<9><BOT><Red>" with "dispenser" (attacker_position "-3243 -279 144") (victim_position "-3259 -334 144")
L 10/07/2014 - 16:25:02: "The Freeman<5><BOT><Red>" killed "Soulless<6><BOT><Blue>" with "tf_projectile_rocket" (attacker_position "-2338 -541 10") (victim_position "-2360 -485 7")
L 10/07/2014 - 16:25:02: "DeadHead<3><BOT><Red>" triggered "kill assist" against "Soulless<6><BOT><Blue>" (assister_position "-3754 -1933 -2") (attacker_position "-2338 -541 10") (victim_position "-2360 -485 7")
L 10/07/2014 - 16:25:07: "nulltr0n<13><[U:1:197388838]><Blue>" triggered "player_builtobject" (object "OBJ_ATTACHMENT_SAPPER") (position "-3218 -352 144")
L 10/07/2014 - 16:25:08: "nulltr0n<13><[U:1:197388838]><Blue>" triggered "player_builtobject" (object "OBJ_ATTACHMENT_SAPPER") (position "-3305 -367 144")
L 10/07/2014 - 16:25:12: "nulltr0n<13><[U:1:197388838]><Blue>" killed "DeadHead<3><BOT><Red>" with "knife" (customkill "backstab") (attacker_position "-2912 -437 0") (victim_position "-2864 -427 3")
L 10/07/2014 - 16:25:13: "nulltr0n<13><[U:1:197388838]><Blue>" triggered "killedobject" (object "OBJ_DISPENSER") (weapon "obj_attachment_sapper") (objectowner "DeadHead<3><BOT><Red>") (attacker_position "-2912 -434 0")
L 10/07/2014 - 16:25:14: "nulltr0n<13><[U:1:197388838]><Blue>" triggered "killedobject" (object "OBJ_SENTRYGUN") (weapon "obj_attachment_sapper") (objectowner "DeadHead<3><BOT><Red>") (attacker_position "-2681 -392 0")
L 10/07/2014 - 16:25:16: "BeepBeepBoop<7><BOT><Red>" triggered "captureblocked" (cp "1") (cpname "#Goldrush_cap_1_B") (position "-2318 -804 3")
L 10/07/2014 - 16:25:16: "BeepBeepBoop<7><BOT><Red>" killed "nulltr0n<13><[U:1:197388838]><Blue>" with "minigun" (attacker_position "-2318 -804 3") (victim_position "-2278 -545 0")
L 10/07/2014 - 16:25:16: "Someone Else<9><BOT><Red>" triggered "kill assist" against "nulltr0n<13><[U:1:197388838]><Blue>" (assister_position "-2234 -485 7") (attacker_position "-2318 -804 3") (victim_position "-2278 -545 0")
L 10/07/2014 - 16:25:16: "Eval THIS!<15><[U:1:197330785]><Red>" triggered "player_builtobject" (object "OBJ_TELEPORTER") (position "-3822 -1592 144")
L 10/07/2014 - 16:25:24: "Eval THIS!<15><[U:1:197330785]><Red>" triggered "player_builtobject" (object "OBJ_DISPENSER") (position "-4101 -2266 192")
L 10/07/2014 - 16:25:26: "KittenKommando<12><[U:1:197323815]><Red>" triggered "player_carryobject" (object "OBJ_SENTRYGUN") (position "-2311 -868 5")
L 10/07/2014 - 16:25:28: "BeepBeepBoop<7><BOT><Red>" killed "CreditToTeam<8><BOT><Blue>" with "minigun" (attacker_position "-2436 -555 0") (victim_position "-2636 79 -36")
L 10/07/2014 - 16:25:28: "The Freeman<5><BOT><Red>" triggered "kill assist" against "CreditToTeam<8><BOT><Blue>" (assister_position "-2303 -383 6") (attacker_position "-2436 -555 0") (victim_position "-2636 79 -36")
L 10/07/2014 - 16:25:28: "CreditToTeam<8><BOT><Blue>" changed role to "soldier"
L 10/07/2014 - 16:25:31: "The Freeman<5><BOT><Red>" killed "Chief Data Wrangler<16><[U:1:197363721]><Blue>" with "shotgun_soldier" (attacker_position "-2333 -613 10") (victim_position "-2348 -171 2")
L 10/07/2014 - 16:25:31: "Someone Else<9><BOT><Red>" triggered "kill assist" against "Chief Data Wrangler<16><[U:1:197363721]><Blue>" (assister_position "-2307 -673 5") (attacker_position "-2333 -613 10") (victim_position "-2348 -171 2")
L 10/07/2014 - 16:25:33: "nulltr0n<13><[U:1:197388838]><Blue>" changed role to "sniper"
L 10/07/2014 - 16:25:36: "KittenKommando<12><[U:1:197323815]><Red>" triggered "player_dropobject" (object "OBJ_SENTRYGUN") (position "-2306 -460 2")
L 10/07/2014 - 16:25:36: "KittenKommando<12><[U:1:197323815]><Red>" triggered "player_builtobject" (object "OBJ_SENTRYGUN") (position "-2306 -460 2")
L 10/07/2014 - 16:25:39: "28RL|Shotgun<11><[U:1:197287110]><Red>" triggered "medic_death" against "MindlessElectrons<4><BOT><Blue>" (healing "500") (ubercharge "0")
L 10/07/2014 - 16:25:39: "28RL|Shotgun<11><[U:1:197287110]><Red>" killed "MindlessElectrons<4><BOT><Blue>" with "tf_projectile_pipe_remote" (attacker_position "-3291 -450 143") (victim_position "-3293 -256 144")
L 10/07/2014 - 16:25:41: "Splunk Ninja<17><[U:1:197422767]><>" connected, address "192.168.1.115:27005"
L 10/07/2014 - 16:25:42: "Splunk Ninja<17><[U:1:197422767]><>" STEAM USERID validated
L 10/07/2014 - 16:25:43: "KittenKommando<12><[U:1:197323815]><Red>" killed "That Guy Over There<10><[U:1:197468749]><Blue>" with "obj_sentrygun2" (attacker_position "-2300 -454 3") (victim_position "-2969 -358 144")
L 10/07/2014 - 16:25:44: "DeadHead<3><BOT><Red>" triggered "player_builtobject" (object "OBJ_SENTRYGUN") (position "-3269 -1805 -3")
L 10/07/2014 - 16:25:45: "Splunk Ninja<17><[U:1:197422767]><>" entered the game
L 10/07/2014 - 16:25:46: "Chief Data Wrangler<16><[U:1:197363721]><Blue>" changed role to "soldier"
L 10/07/2014 - 16:25:50: "nulltr0n<13><[U:1:197388838]><Blue>" killed "KittenKommando<12><[U:1:197323815]><Red>" with "sniperrifle" (customkill "headshot") (attacker_position "-2916 1299 -41") (victim_position "-2300 -454 3")
L 10/07/2014 - 16:25:52: "Eval THIS!<15><[U:1:197330785]><Red>" triggered "player_builtobject" (object "OBJ_TELEPORTER") (position "-4542 -2430 0")
L 10/07/2014 - 16:25:53: "Splunk Ninja<17><[U:1:197422767]><Unassigned>" joined team "Blue"
L 10/07/2014 - 16:25:54: "LOS LOS LOS<2><BOT><Blue>" triggered "killedobject" (object "OBJ_SENTRYGUN") (weapon "pistol_scout") (objectowner "KittenKommando<12><[U:1:197323815]><Red>") (attacker_position "-3013 906 -127")
L 10/07/2014 - 16:25:55: "Splunk Ninja<17><[U:1:197422767]><Blue>" changed role to "soldier"
L 10/07/2014 - 16:26:06: "DeadHead<3><BOT><Red>" triggered "captureblocked" (cp "1") (cpname "#Goldrush_cap_1_B") (position "-2404 -635 10")
L 10/07/2014 - 16:26:07: "BeepBeepBoop<7><BOT><Red>" triggered "captureblocked" (cp "1") (cpname "#Goldrush_cap_1_B") (position "-2307 -618 10")
L 10/07/2014 - 16:26:08: "BeepBeepBoop<7><BOT><Red>" triggered "captureblocked" (cp "1") (cpname "#Goldrush_cap_1_B") (position "-2299 -601 10")
L 10/07/2014 - 16:26:08: "BeepBeepBoop<7><BOT><Red>" killed "CreditToTeam<8><BOT><Blue>" with "minigun" (attacker_position "-2299 -601 10") (victim_position "-2296 -553 10")
L 10/07/2014 - 16:26:08: "DeadHead<3><BOT><Red>" triggered "kill assist" against "CreditToTeam<8><BOT><Blue>" (assister_position "-2635 -451 0") (attacker_position "-2299 -601 10") (victim_position "-2296 -553 10")
L 10/07/2014 - 16:26:08: "CreditToTeam<8><BOT><Blue>" changed role to "scout"
L 10/07/2014 - 16:26:09: "Soulless<6><BOT><Blue>" killed "DeadHead<3><BOT><Red>" with "tf_projectile_pipe" (attacker_position "-2518 -574 6") (victim_position "-2404 -592 10")
L 10/07/2014 - 16:26:09: "CreditToTeam<8><BOT><Blue>" triggered "kill assist" against "DeadHead<3><BOT><Red>" (assister_position "-2296 -553 98") (attacker_position "-2518 -574 6") (victim_position "-2404 -592 10")
L 10/07/2014 - 16:26:13: "BeepBeepBoop<7><BOT><Red>" stuck (position "-2361.67 -523.93 10.03") (duration "4.53") L 10/07/2014 - 16:26:13:    path_goal ( "-2825.00 -450.00 -0.11" )
L 10/07/2014 - 16:26:13: "BeepBeepBoop<7><BOT><Red>" stuck (position "-2366.10 -519.17 38.23") (duration "4.65") L 10/07/2014 - 16:26:13:    path_goal ( "NULL" )
L 10/07/2014 - 16:26:14: "Chief Data Wrangler<16><[U:1:197363721]><Blue>" killed "BeepBeepBoop<7><BOT><Red>" with "tf_projectile_rocket" (attacker_position "-2777 2 -21") (victim_position "-2418 -494 0")
L 10/07/2014 - 16:26:14: "MindlessElectrons<4><BOT><Blue>" triggered "kill assist" against "BeepBeepBoop<7><BOT><Red>" (assister_position "-2718 388 -98") (attacker_position "-2777 2 -21") (victim_position "-2418 -494 0")
L 10/07/2014 - 16:26:19: "The Freeman<5><BOT><Red>" killed "Soulless<6><BOT><Blue>" with "tf_projectile_rocket" (attacker_position "-2812 -1453 0") (victim_position "-2495 -1749 0")
L 10/07/2014 - 16:26:19: "Someone Else<9><BOT><Red>" triggered "kill assist" against "Soulless<6><BOT><Blue>" (assister_position "-2694 -1474 2") (attacker_position "-2812 -1453 0") (victim_position "-2495 -1749 0")
L 10/07/2014 - 16:26:19: "Someone Else<9><BOT><Red>" triggered "chargedeployed"
L 10/07/2014 - 16:26:27: "The Freeman<5><BOT><Red>" triggered "captureblocked" (cp "1") (cpname "#Goldrush_cap_1_B") (position "-2341 -1004 1")
L 10/07/2014 - 16:26:28: "The Freeman<5><BOT><Red>" killed "That Guy Over There<10><[U:1:197468749]><Blue>" with "tf_projectile_rocket" (attacker_position "-2280 -937 14") (victim_position "-2404 -933 0")
L 10/07/2014 - 16:26:28: "Someone Else<9><BOT><Red>" triggered "kill assist" against "That Guy Over There<10><[U:1:197468749]><Blue>" (assister_position "-2345 -1009 1") (attacker_position "-2280 -937 14") (victim_position "-2404 -933 0")
L 10/07/2014 - 16:26:29: "nulltr0n<13><[U:1:197388838]><Blue>" killed "28RL|Shotgun<11><[U:1:197287110]><Red>" with "sniperrifle" (attacker_position "-2758 144 -48") (victim_position "-2935 -1060 160")
L 10/07/2014 - 16:26:29: "Someone Else<9><BOT><Red>" triggered "captureblocked" (cp "1") (cpname "#Goldrush_cap_1_B") (position "-2369 -977 0")
L 10/07/2014 - 16:26:30: "The Freeman<5><BOT><Red>" triggered "medic_death" against "MindlessElectrons<4><BOT><Blue>" (healing "637") (ubercharge "0")
L 10/07/2014 - 16:26:30: "The Freeman<5><BOT><Red>" killed "MindlessElectrons<4><BOT><Blue>" with "tf_projectile_rocket" (attacker_position "-2535 -1183 2") (victim_position "-2341 -602 10")
L 10/07/2014 - 16:26:30: "Someone Else<9><BOT><Red>" triggered "kill assist" against "MindlessElectrons<4><BOT><Blue>" (assister_position "-2366 -1031 0") (attacker_position "-2535 -1183 2") (victim_position "-2341 -602 10")
L 10/07/2014 - 16:26:35: "KittenKommando<12><[U:1:197323815]><Red>" triggered "player_builtobject" (object "OBJ_SENTRYGUN") (position "-2936 -1555 0")
L 10/07/2014 - 16:26:37: "Eval THIS!<15><[U:1:197330785]><Red>" triggered "player_carryobject" (object "OBJ_DISPENSER") (position "-3986 -2231 192")
L 10/07/2014 - 16:26:38: "Chief Data Wrangler<16><[U:1:197363721]><Blue>" triggered "killedobject" (object "OBJ_SENTRYGUN") (weapon "tf_projectile_rocket") (objectowner "KittenKommando<12><[U:1:197323815]><Red>") (attacker_position "-2494 -1205 7")
L 10/07/2014 - 16:26:40: "DeadHead<3><BOT><Red>" triggered "captureblocked" (cp "1") (cpname "#Goldrush_cap_1_B") (position "-3231 -1842 -3")
L 10/07/2014 - 16:26:40: "DeadHead<3><BOT><Red>" killed "Chief Data Wrangler<16><[U:1:197363721]><Blue>" with "obj_sentrygun" (attacker_position "-3231 -1842 -3") (victim_position "-2600 -1370 1")
L 10/07/2014 - 16:26:40: "KittenKommando<12><[U:1:197323815]><Red>" triggered "kill assist" against "Chief Data Wrangler<16><[U:1:197363721]><Blue>" (assister_position "-2859 -1675 0") (attacker_position "-3231 -1842 -3") (victim_position "-2600 -1370 1")
L 10/07/2014 - 16:26:43: "KittenKommando<12><[U:1:197323815]><Red>" triggered "captureblocked" (cp "1") (cpname "#Goldrush_cap_1_B") (position "-2754 -1444 0")
L 10/07/2014 - 16:26:43: "Eval THIS!<15><[U:1:197330785]><Red>" triggered "player_dropobject" (object "OBJ_DISPENSER") (position "-4036 -2295 192")
L 10/07/2014 - 16:26:43: "Eval THIS!<15><[U:1:197330785]><Red>" triggered "player_builtobject" (object "OBJ_DISPENSER") (position "-4036 -2295 192")
L 10/07/2014 - 16:26:47: "28RL|Shotgun<11><[U:1:197287110]><Red>" changed role to "soldier"
L 10/07/2014 - 16:26:53: "DeadHead<3><BOT><Red>" killed "CreditToTeam<8><BOT><Blue>" with "obj_sentrygun2" (attacker_position "-4470 -1855 0") (victim_position "-3194 -1243 208")
L 10/07/2014 - 16:26:53: "CreditToTeam<8><BOT><Blue>" changed role to "demoman"
L 10/07/2014 - 16:26:55: "BeepBeepBoop<7><BOT><Red>" triggered "captureblocked" (cp "1") (cpname "#Goldrush_cap_1_B") (position "-2861 -1435 0")
L 10/07/2014 - 16:26:57: "DeadHead<3><BOT><Red>" killed "LOS LOS LOS<2><BOT><Blue>" with "obj_sentrygun2" (attacker_position "-3924 -1571 144") (victim_position "-3166 -1280 165")
L 10/07/2014 - 16:27:00: "BeepBeepBoop<7><BOT><Red>" killed "Soulless<6><BOT><Blue>" with "minigun" (attacker_position "-2753 -1445 0") (victim_position "-2377 -1010 0")
L 10/07/2014 - 16:27:00: "DeadHead<3><BOT><Red>" triggered "kill assist" against "Soulless<6><BOT><Blue>" (assister_position "-3625 -1755 5") (attacker_position "-2753 -1445 0") (victim_position "-2377 -1010 0")
L 10/07/2014 - 16:27:13: "That Guy Over There<10><[U:1:197468749]><Blue>" killed "KittenKommando<12><[U:1:197323815]><Red>" with "tf_projectile_pipe" (attacker_position "-2357 -1088 0") (victim_position "-2812 -1306 0")
L 10/07/2014 - 16:27:13: "MindlessElectrons<4><BOT><Blue>" triggered "kill assist" against "KittenKommando<12><[U:1:197323815]><Red>" (assister_position "-2282 -1239 19") (attacker_position "-2357 -1088 0") (victim_position "-2812 -1306 0")
L 10/07/2014 - 16:27:14: "28RL|Shotgun<11><[U:1:197287110]><Red>" triggered "medic_death" against "MindlessElectrons<4><BOT><Blue>" (healing "202") (ubercharge "0")
L 10/07/2014 - 16:27:14: "28RL|Shotgun<11><[U:1:197287110]><Red>" killed "MindlessElectrons<4><BOT><Blue>" with "tf_projectile_rocket" (attacker_position "-2902 -1357 0") (victim_position "-2297 -1121 3")
L 10/07/2014 - 16:27:17: "The Freeman<5><BOT><Red>" killed "That Guy Over There<10><[U:1:197468749]><Blue>" with "tf_projectile_rocket" (attacker_position "-2444 -1101 5") (victim_position "-2358 -898 1")
L 10/07/2014 - 16:27:18: "nulltr0n<13><[U:1:197388838]><Blue>" killed "BeepBeepBoop<7><BOT><Red>" with "sniperrifle" (customkill "headshot") (attacker_position "-3564 -1246 160") (victim_position "-2896 -1254 4")
L 10/07/2014 - 16:27:18: "BeepBeepBoop<7><BOT><Red>" changed role to "soldier"
L 10/07/2014 - 16:27:19: "DeadHead<3><BOT><Red>" killed "Splunk Ninja<17><[U:1:197422767]><Blue>" with "obj_sentrygun3" (attacker_position "-3039 -1715 -127") (victim_position "-2758 -1857 240")
L 10/07/2014 - 16:27:21: "DeadHead<3><BOT><Red>" stuck (position "-3040.57 -1754.51 -126.16") (duration "3.51") L 10/07/2014 - 16:27:21:    path_goal ( "-2975.00 -1750.00 -0.73" )
L 10/07/2014 - 16:27:21: "DeadHead<3><BOT><Red>" stuck (position "-3039.70 -1751.04 -100.85") (duration "3.61") L 10/07/2014 - 16:27:21:    path_goal ( "NULL" )
L 10/07/2014 - 16:27:22: "DeadHead<3><BOT><Red>" stuck (position "-3063.36 -1648.43 -121.89") (duration "4.68") L 10/07/2014 - 16:27:22:    path_goal ( "-3075.00 -1225.00 -140.32" )
L 10/07/2014 - 16:27:30: "The Freeman<5><BOT><Red>" killed "nulltr0n<13><[U:1:197388838]><Blue>" with "tf_projectile_rocket" (attacker_position "-2914 -1742 0") (victim_position "-3394 -1194 160")
L 10/07/2014 - 16:27:38: "DeadHead<3><BOT><Red>" triggered "player_builtobject" (object "OBJ_DISPENSER") (position "-3280 -1819 -3")
L 10/07/2014 - 16:27:38: "Soulless<6><BOT><Blue>" killed "28RL|Shotgun<11><[U:1:197287110]><Red>" with "tf_projectile_pipe" (attacker_position "-2494 -599 10") (victim_position "-2913 -594 0")
L 10/07/2014 - 16:27:38: "LOS LOS LOS<2><BOT><Blue>" triggered "kill assist" against "28RL|Shotgun<11><[U:1:197287110]><Red>" (assister_position "-2501 -572 5") (attacker_position "-2494 -599 10") (victim_position "-2913 -594 0")
L 10/07/2014 - 16:27:39: "LOS LOS LOS<2><BOT><Blue>" triggered "medic_death" against "Someone Else<9><BOT><Red>" (healing "1419") (ubercharge "0")
L 10/07/2014 - 16:27:39: "LOS LOS LOS<2><BOT><Blue>" killed "Someone Else<9><BOT><Red>" with "pistol_scout" (attacker_position "-2527 -568 5") (victim_position "-2554 -476 0")
L 10/07/2014 - 16:27:39: "Soulless<6><BOT><Blue>" triggered "kill assist" against "Someone Else<9><BOT><Red>" (assister_position "-2494 -599 10") (attacker_position "-2527 -568 5") (victim_position "-2554 -476 0")
L 10/07/2014 - 16:27:44: "nulltr0n<13><[U:1:197388838]><Blue>" changed role to "spy"
L 10/07/2014 - 16:27:46: "DeadHead<3><BOT><Red>" killed "LOS LOS LOS<2><BOT><Blue>" with "obj_sentrygun3" (attacker_position "-3280 -1802 -3") (victim_position "-3178 -1125 -101")
L 10/07/2014 - 16:27:46: "DeadHead<3><BOT><Red>" triggered "domination" against "LOS LOS LOS<2><BOT><Blue>"
L 10/07/2014 - 16:27:48: "That Guy Over There<10><[U:1:197468749]><Blue>" changed role to "soldier"
L 10/07/2014 - 16:27:55: "Eval THIS!<15><[U:1:197330785]><Red>" triggered "player_carryobject" (object "OBJ_SENTRYGUN") (position "-3937 -2385 192")
L 10/07/2014 - 16:27:57: "28RL|Shotgun<11><[U:1:197287110]><Red>" changed role to "sniper"
L 10/07/2014 - 16:27:59: "DeadHead<3><BOT><Red>" killed "Chief Data Wrangler<16><[U:1:197363721]><Blue>" with "obj_sentrygun3" (attacker_position "-3314 -1760 -3") (victim_position "-2440 -1106 4")
L 10/07/2014 - 16:27:59: "BeepBeepBoop<7><BOT><Red>" triggered "kill assist" against "Chief Data Wrangler<16><[U:1:197363721]><Blue>" (assister_position "-2739 -1412 0") (attacker_position "-3314 -1760 -3") (victim_position "-2440 -1106 4")
L 10/07/2014 - 16:28:04: "Eval THIS!<15><[U:1:197330785]><Red>" triggered "player_dropobject" (object "OBJ_SENTRYGUN") (position "-4025 -2343 192")
L 10/07/2014 - 16:28:04: "Eval THIS!<15><[U:1:197330785]><Red>" triggered "player_builtobject" (object "OBJ_SENTRYGUN") (position "-4025 -2343 192")
L 10/07/2014 - 16:28:08: "The Freeman<5><BOT><Red>" killed "Splunk Ninja<17><[U:1:197422767]><Blue>" with "world" (attacker_position "-2798 -1523 0") (victim_position "-2627 -1999 2")
L 10/07/2014 - 16:28:11: "BeepBeepBoop<7><BOT><Red>" killed "CreditToTeam<8><BOT><Blue>" with "tf_projectile_rocket" (attacker_position "-2921 -1565 0") (victim_position "-3305 -1280 160")
L 10/07/2014 - 16:28:21: "BeepBeepBoop<7><BOT><Red>" triggered "medic_death" against "MindlessElectrons<4><BOT><Blue>" (healing "578") (ubercharge "0")
L 10/07/2014 - 16:28:21: "BeepBeepBoop<7><BOT><Red>" killed "MindlessElectrons<4><BOT><Blue>" with "tf_projectile_rocket" (attacker_position "-2633 -1747 0") (victim_position "-2629 -1312 160")
L 10/07/2014 - 16:28:22: "The Freeman<5><BOT><Red>" killed "Soulless<6><BOT><Blue>" with "tf_projectile_rocket" (attacker_position "-2749 -1383 0") (victim_position "-2555 -1588 0")
L 10/07/2014 - 16:28:22: "Someone Else<9><BOT><Red>" triggered "kill assist" against "Soulless<6><BOT><Blue>" (assister_position "-2992 -1153 -26") (attacker_position "-2749 -1383 0") (victim_position "-2555 -1588 0")
L 10/07/2014 - 16:28:22: "The Freeman<5><BOT><Red>" triggered "domination" against "Soulless<6><BOT><Blue>"
L 10/07/2014 - 16:28:22: "nulltr0n<13><[U:1:197388838]><Blue>" triggered "player_builtobject" (object "OBJ_ATTACHMENT_SAPPER") (position "-3445 -1904 -3")
L 10/07/2014 - 16:28:24: "DeadHead<3><BOT><Red>" killed "nulltr0n<13><[U:1:197388838]><Blue>" with "shotgun_primary" (attacker_position "-3012 -1731 1") (victim_position "-3176 -1878 -3")
L 10/07/2014 - 16:28:25: "Eval THIS!<15><[U:1:197330785]><Red>" triggered "killedobject" (object "OBJ_ATTACHMENT_SAPPER") (weapon "wrench") (objectowner "nulltr0n<13><[U:1:197388838]><Blue>") (attacker_position "-3388 -1880 -3")
L 10/07/2014 - 16:28:26: "BeepBeepBoop<7><BOT><Red>" killed "That Guy Over There<10><[U:1:197468749]><Blue>" with "tf_projectile_rocket" (attacker_position "-2496 -1702 0") (victim_position "-2578 -1533 160")
L 10/07/2014 - 16:28:28: "DeadHead<3><BOT><Red>" killed "LOS LOS LOS<2><BOT><Blue>" with "obj_sentrygun3" (attacker_position "-2674 -2239 13") (victim_position "-3060 -1248 42")
L 10/07/2014 - 16:28:39: "KittenKommando<12><[U:1:197323815]><Red>" triggered "player_builtobject" (object "OBJ_SENTRYGUN") (position "-2736 -1859 240")
L 10/07/2014 - 16:28:45: "The Freeman<5><BOT><Red>" killed "Chief Data Wrangler<16><[U:1:197363721]><Blue>" with "tf_projectile_rocket" (attacker_position "-2438 -1141 1") (victim_position "-2431 -542 0")
L 10/07/2014 - 16:28:45: "Someone Else<9><BOT><Red>" triggered "kill assist" against "Chief Data Wrangler<16><[U:1:197363721]><Blue>" (assister_position "-2589 -1238 0") (attacker_position "-2438 -1141 1") (victim_position "-2431 -542 0")
L 10/07/2014 - 16:28:49: "MindlessElectrons<4><BOT><Blue>" stuck (position "-3079.97 1836.27 -127.97") (duration "3.16") L 10/07/2014 - 16:28:49:    path_goal ( "-3200.00 1875.00 -127.97" )
L 10/07/2014 - 16:28:49: "MindlessElectrons<4><BOT><Blue>" stuck (position "-3079.97 1836.27 -102.66") (duration "3.27") L 10/07/2014 - 16:28:49:    path_goal ( "-3200.00 1875.00 -127.97" )
L 10/07/2014 - 16:28:50: "MindlessElectrons<4><BOT><Blue>" stuck (position "-3079.42 1757.85 -127.97") (duration "4.36") L 10/07/2014 - 16:28:50:    path_goal ( "-3000.00 1525.00 -124.71" )
L 10/07/2014 - 16:28:52: "nulltr0n<13><[U:1:197388838]><Blue>" changed role to "sniper"
L 10/07/2014 - 16:28:53: "CreditToTeam<8><BOT><Blue>" killed "28RL|Shotgun<11><[U:1:197287110]><Red>" with "tf_projectile_pipe" (attacker_position "-3332 -1211 160") (victim_position "-3222 -1819 -3")
L 10/07/2014 - 16:28:54: "KittenKommando<12><[U:1:197323815]><Red>" killed "CreditToTeam<8><BOT><Blue>" with "obj_sentrygun" (attacker_position "-2748 -1854 240") (victim_position "-3535 -1162 160")
L 10/07/2014 - 16:28:54: "DeadHead<3><BOT><Red>" triggered "kill assist" against "CreditToTeam<8><BOT><Blue>" (assister_position "-3249 -1890 -3") (attacker_position "-2748 -1854 240") (victim_position "-3535 -1162 160")
L 10/07/2014 - 16:29:05: "BeepBeepBoop<7><BOT><Red>" killed "Soulless<6><BOT><Blue>" with "tf_projectile_rocket" (attacker_position "-2756 -1409 0") (victim_position "-2634 -1481 0")
L 10/07/2014 - 16:29:06: "The Freeman<5><BOT><Red>" stuck (position "-2447.14 -1106.72 4.69") (duration "4.69") L 10/07/2014 - 16:29:06:    path_goal ( "-2424.97 -1137.77 0.57" )
L 10/07/2014 - 16:29:12: "Eval THIS!<15><[U:1:197330785]><Red>" killed "Splunk Ninja<17><[U:1:197422767]><Blue>" with "obj_sentrygun3" (attacker_position "-3807 -1594 144") (victim_position "-3092 -2885 128")
L 10/07/2014 - 16:29:25: "LOS LOS LOS<2><BOT><Blue>" stuck (position "-3098.22 -1183.97 160.03") (duration "2.52") L 10/07/2014 - 16:29:25:    path_goal ( "-3114.71 -1250.00 160.03" )
L 10/07/2014 - 16:29:25: "LOS LOS LOS<2><BOT><Blue>" stuck (position "-3115.73 -1182.77 185.34") (duration "2.62") L 10/07/2014 - 16:29:25:    path_goal ( "-3114.71 -1250.00 160.03" )
L 10/07/2014 - 16:29:26: "LOS LOS LOS<2><BOT><Blue>" stuck (position "-3129.51 -1184.00 160.03") (duration "3.69") L 10/07/2014 - 16:29:26:    path_goal ( "-3145.22 -1250.00 160.03" )
L 10/07/2014 - 16:29:28: "BeepBeepBoop<7><BOT><Red>" triggered "captureblocked" (cp "1") (cpname "#Goldrush_cap_1_B") (position "-2597 -1227 0")
L 10/07/2014 - 16:29:28: "DeadHead<3><BOT><Red>" killed "Chief Data Wrangler<16><[U:1:197363721]><Blue>" with "obj_sentrygun3" (attacker_position "-3236 -1776 -3") (victim_position "-2549 -1219 4")
L 10/07/2014 - 16:29:28: "BeepBeepBoop<7><BOT><Red>" triggered "kill assist" against "Chief Data Wrangler<16><[U:1:197363721]><Blue>" (assister_position "-2570 -1156 0") (attacker_position "-3236 -1776 -3") (victim_position "-2549 -1219 4")
L 10/07/2014 - 16:29:28: "DeadHead<3><BOT><Red>" triggered "domination" against "Chief Data Wrangler<16><[U:1:197363721]><Blue>"
L 10/07/2014 - 16:29:28: "That Guy Over There<10><[U:1:197468749]><Blue>" killed "BeepBeepBoop<7><BOT><Red>" with "tf_projectile_rocket" (attacker_position "-2398 -1108 2") (victim_position "-2540 -1152 0")
L 10/07/2014 - 16:29:28: "MindlessElectrons<4><BOT><Blue>" triggered "kill assist" against "BeepBeepBoop<7><BOT><Red>" (assister_position "-2409 -1021 2") (attacker_position "-2398 -1108 2") (victim_position "-2540 -1152 0")
L 10/07/2014 - 16:29:28: "BeepBeepBoop<7><BOT><Red>" changed role to "pyro"
L 10/07/2014 - 16:29:29: "The Freeman<5><BOT><Red>" triggered "captureblocked" (cp "1") (cpname "#Goldrush_cap_1_B") (position "-2609 -1218 0")
L 10/07/2014 - 16:29:29: "DeadHead<3><BOT><Red>" killed "LOS LOS LOS<2><BOT><Blue>" with "obj_sentrygun3" (attacker_position "-3331 -1825 -3") (victim_position "-3038 -1145 160")
L 10/07/2014 - 16:29:30: "Someone Else<9><BOT><Red>" triggered "chargedeployed"
L 10/07/2014 - 16:29:31: "DeadHead<3><BOT><Red>" triggered "medic_death" against "MindlessElectrons<4><BOT><Blue>" (healing "556") (ubercharge "0")
L 10/07/2014 - 16:29:31: "DeadHead<3><BOT><Red>" killed "MindlessElectrons<4><BOT><Blue>" with "obj_sentrygun3" (attacker_position "-3333 -1827 -3") (victim_position "-2450 -1105 4")
L 10/07/2014 - 16:29:31: "DeadHead<3><BOT><Red>" triggered "domination" against "MindlessElectrons<4><BOT><Blue>"
L 10/07/2014 - 16:29:31: "DeadHead<3><BOT><Red>" killed "That Guy Over There<10><[U:1:197468749]><Blue>" with "obj_sentrygun3" (attacker_position "-3333 -1827 -3") (victim_position "-2525 -1096 2")
L 10/07/2014 - 16:29:31: "DeadHead<3><BOT><Red>" triggered "domination" against "That Guy Over There<10><[U:1:197468749]><Blue>"
L 10/07/2014 - 16:29:32: "Eval THIS!<15><[U:1:197330785]><Red>" triggered "player_carryobject" (object "OBJ_DISPENSER") (position "-3952 -2278 192")
L 10/07/2014 - 16:29:35: "Eval THIS!<15><[U:1:197330785]><Red>" triggered "player_dropobject" (object "OBJ_DISPENSER") (position "-3951 -2280 192")
L 10/07/2014 - 16:29:35: "Eval THIS!<15><[U:1:197330785]><Red>" triggered "player_builtobject" (object "OBJ_DISPENSER") (position "-3951 -2280 192")
L 10/07/2014 - 16:29:41: "splunk> CannonFodder<18><[U:1:197388939]><>" connected, address "192.168.1.112:27005"
L 10/07/2014 - 16:29:41: "splunk> CannonFodder<18><[U:1:197388939]><>" STEAM USERID validated
L 10/07/2014 - 16:29:44: "nulltr0n<13><[U:1:197388838]><Blue>" killed "The Freeman<5><BOT><Red>" with "sniperrifle" (customkill "headshot") (attacker_position "-2529 -1857 0") (victim_position "-2814 -1330 0")
L 10/07/2014 - 16:29:44: "The Freeman<5><BOT><Red>" changed role to "pyro"
L 10/07/2014 - 16:29:49: "KittenKommando<12><[U:1:197323815]><Red>" killed "CreditToTeam<8><BOT><Blue>" with "world" (attacker_position "-3565 -1818 1") (victim_position "-3607 -1049 160")
L 10/07/2014 - 16:29:51: "Chief Data Wrangler<16><[U:1:197363721]><Blue>" disconnected (reason "Disconnect by user.")
L 10/07/2014 - 16:29:54: "DeadHead<3><BOT><Red>" killed "nulltr0n<13><[U:1:197388838]><Blue>" with "obj_sentrygun3" (attacker_position "-3273 -1796 -3") (victim_position "-2567 -1423 5")
L 10/07/2014 - 16:29:57: "splunk> CannonFodder<18><[U:1:197388939]><>" entered the game
L 10/07/2014 - 16:30:04: "splunk> CannonFodder<18><[U:1:197388939]><Unassigned>" joined team "Red"
L 10/07/2014 - 16:30:04: "Soulless<6><BOT><Blue>" stuck (position "-3162.59 -1183.97 160.03") (duration "3.57") L 10/07/2014 - 16:30:04:    path_goal ( "-3150.00 -1250.00 160.03" )
L 10/07/2014 - 16:30:05: "Soulless<6><BOT><Blue>" stuck (position "-3178.14 -1182.00 185.34") (duration "3.67") L 10/07/2014 - 16:30:05:    path_goal ( "-3150.00 -1250.00 160.03" )
L 10/07/2014 - 16:30:05: "nulltr0n<13><[U:1:197388838]><Blue>" changed role to "scout"
L 10/07/2014 - 16:30:06: "Soulless<6><BOT><Blue>" stuck (position "-3139.46 -1184.00 160.03") (duration "4.72") L 10/07/2014 - 16:30:06:    path_goal ( "-3150.00 -1250.00 160.03" )
L 10/07/2014 - 16:30:06: "splunk> CannonFodder<18><[U:1:197388939]><Red>" changed role to "engineer"
L 10/07/2014 - 16:30:07: "BeepBeepBoop<7><BOT><Red>" stuck (position "-2505.10 -1190.00 5.08") (duration "3.36") L 10/07/2014 - 16:30:07:    path_goal ( "-2475.00 -1175.00 8.25" )
L 10/07/2014 - 16:30:07: "Soulless<6><BOT><Blue>" stuck (position "-3127.29 -1184.00 160.03") (duration "5.77") L 10/07/2014 - 16:30:07:    path_goal ( "-3127.91 -1250.00 160.03" )
L 10/07/2014 - 16:30:08: "Soulless<6><BOT><Blue>" stuck (position "-3130.64 -1184.00 160.03") (duration "6.83") L 10/07/2014 - 16:30:08:    path_goal ( "-3130.52 -1250.00 160.03" )
L 10/07/2014 - 16:30:09: "Eval THIS!<15><[U:1:197330785]><Red>" triggered "player_carryobject" (object "OBJ_DISPENSER") (position "-3948 -2295 192")
L 10/07/2014 - 16:30:09: "Soulless<6><BOT><Blue>" stuck (position "-3135.07 -1184.00 160.03") (duration "7.88") L 10/07/2014 - 16:30:09:    path_goal ( "-3135.05 -1250.00 160.03" )
L 10/07/2014 - 16:30:10: "Soulless<6><BOT><Blue>" stuck (position "-3145.22 -1184.00 160.03") (duration "8.94") L 10/07/2014 - 16:30:10:    path_goal ( "-3145.29 -1250.00 160.03" )
L 10/07/2014 - 16:30:11: "Soulless<6><BOT><Blue>" stuck (position "-3140.96 -1184.00 160.03") (duration "9.99") L 10/07/2014 - 16:30:11:    path_goal ( "-3140.95 -1250.00 160.03" )
L 10/07/2014 - 16:30:11: "BeepBeepBoop<7><BOT><Red>" stuck (position "-2426.95 -1096.03 5.69") (duration "3.36") L 10/07/2014 - 16:30:11:    path_goal ( "-2325.47 -923.11 2.61" )
L 10/07/2014 - 16:30:12: "Eval THIS!<15><[U:1:197330785]><Red>" triggered "player_dropobject" (object "OBJ_DISPENSER") (position "-3948 -2295 192")
L 10/07/2014 - 16:30:12: "Eval THIS!<15><[U:1:197330785]><Red>" triggered "player_builtobject" (object "OBJ_DISPENSER") (position "-3948 -2295 192")
L 10/07/2014 - 16:30:12: "Soulless<6><BOT><Blue>" stuck (position "-3148.43 -1184.00 160.03") (duration "11.04") L 10/07/2014 - 16:30:12:    path_goal ( "-3148.50 -1250.00 160.03" )
L 10/07/2014 - 16:30:12: "splunk> CannonFodder<18><[U:1:197388939]><Red>" triggered "player_builtobject" (object "OBJ_TELEPORTER") (position "-4556 -2438 0")
L 10/07/2014 - 16:30:13: "Someone Else<9><BOT><Red>" stuck (position "-2426.64 -1096.00 5.69") (duration "3.26") L 10/07/2014 - 16:30:13:    path_goal ( "-2425.00 -1096.00 2.85" )
L 10/07/2014 - 16:30:13: "Soulless<6><BOT><Blue>" stuck (position "-3144.81 -1184.00 160.03") (duration "12.09") L 10/07/2014 - 16:30:13:    path_goal ( "-3142.88 -1250.00 160.03" )
L 10/07/2014 - 16:30:13: "Someone Else<9><BOT><Red>" stuck (position "-2427.97 -1096.00 30.99") (duration "3.36") L 10/07/2014 - 16:30:13:    path_goal ( "-2307.11 -974.19 2.60" )
L 10/07/2014 - 16:30:14: "Soulless<6><BOT><Blue>" stuck (position "-3140.75 -1184.00 160.03") (duration "13.14") L 10/07/2014 - 16:30:14:    path_goal ( "-3141.43 -1250.00 160.03" )
L 10/07/2014 - 16:30:15: "Soulless<6><BOT><Blue>" stuck (position "-3131.00 -1184.00 160.03") (duration "14.19") L 10/07/2014 - 16:30:15:    path_goal ( "-3130.32 -1250.00 160.03" )
L 10/07/2014 - 16:30:16: "Soulless<6><BOT><Blue>" stuck (position "-3131.72 -1184.00 160.03") (duration "15.24") L 10/07/2014 - 16:30:16:    path_goal ( "-3131.74 -1250.00 160.03" )
L 10/07/2014 - 16:30:17: "Soulless<6><BOT><Blue>" stuck (position "-3139.39 -1184.00 160.03") (duration "16.29") L 10/07/2014 - 16:30:17:    path_goal ( "-3139.48 -1250.00 160.03" )
L 10/07/2014 - 16:30:18: "That Guy Over There<10><[U:1:197468749]><Blue>" killed "28RL|Shotgun<11><[U:1:197287110]><Red>" with "tf_projectile_rocket" (attacker_position "-2490 -1478 160") (victim_position "-2473 -1755 36")
L 10/07/2014 - 16:30:18: "MindlessElectrons<4><BOT><Blue>" triggered "kill assist" against "28RL|Shotgun<11><[U:1:197287110]><Red>" (assister_position "-2488 -1349 160") (attacker_position "-2490 -1478 160") (victim_position "-2473 -1755 36")
L 10/07/2014 - 16:30:18: "Soulless<6><BOT><Blue>" stuck (position "-3148.78 -1184.00 160.03") (duration "17.34") L 10/07/2014 - 16:30:18:    path_goal ( "-3150.00 -1250.00 160.03" )
L 10/07/2014 - 16:30:18: "Splunk Ninja<17><[U:1:197422767]><Blue>" killed "KittenKommando<12><[U:1:197323815]><Red>" with "tf_projectile_rocket" (attacker_position "-2827 -2158 1") (victim_position "-2577 -2029 0")
L 10/07/2014 - 16:30:18: "That Guy Over There<10><[U:1:197468749]><Blue>" triggered "kill assist" against "KittenKommando<12><[U:1:197323815]><Red>" (assister_position "-2490 -1478 160") (attacker_position "-2827 -2158 1") (victim_position "-2577 -2029 0")
L 10/07/2014 - 16:30:19: "Soulless<6><BOT><Blue>" stuck (position "-3150.30 -1184.00 160.03") (duration "18.39") L 10/07/2014 - 16:30:19:    path_goal ( "-3150.00 -1250.00 160.03" )
L 10/07/2014 - 16:30:20: "Soulless<6><BOT><Blue>" stuck (position "-3139.25 -1184.00 160.03") (duration "19.44") L 10/07/2014 - 16:30:20:    path_goal ( "-3139.01 -1250.00 160.03" )
L 10/07/2014 - 16:30:21: "Soulless<6><BOT><Blue>" stuck (position "-3144.31 -1184.00 160.03") (duration "20.49") L 10/07/2014 - 16:30:21:    path_goal ( "-3144.17 -1250.00 160.03" )
L 10/07/2014 - 16:30:22: "Soulless<6><BOT><Blue>" stuck (position "-3128.26 -1184.00 160.03") (duration "21.54") L 10/07/2014 - 16:30:22:    path_goal ( "-3128.12 -1250.00 160.03" )
L 10/07/2014 - 16:30:23: "Soulless<6><BOT><Blue>" stuck (position "-3133.16 -1184.00 160.03") (duration "22.59") L 10/07/2014 - 16:30:23:    path_goal ( "-3133.14 -1250.00 160.03" )
L 10/07/2014 - 16:30:24: "Soulless<6><BOT><Blue>" stuck (position "-3140.99 -1184.00 160.03") (duration "23.64") L 10/07/2014 - 16:30:24:    path_goal ( "-3141.04 -1250.00 160.03" )
L 10/07/2014 - 16:30:26: "Soulless<6><BOT><Blue>" stuck (position "-3130.88 -1184.00 160.03") (duration "24.69") L 10/07/2014 - 16:30:26:    path_goal ( "-3130.84 -1250.00 160.03" )
L 10/07/2014 - 16:30:26: "Eval THIS!<15><[U:1:197330785]><Red>" killed "LOS LOS LOS<2><BOT><Blue>" with "obj_sentrygun3" (attacker_position "-3944 -2295 192") (victim_position "-3113 -2880 128")
L 10/07/2014 - 16:30:26: "KittenKommando<12><[U:1:197323815]><Red>" triggered "kill assist" against "LOS LOS LOS<2><BOT><Blue>" (assister_position "-3008 -1600 237") (attacker_position "-3944 -2295 192") (victim_position "-3113 -2880 128")
L 10/07/2014 - 16:30:26: "LOS LOS LOS<2><BOT><Blue>" changed role to "demoman"
L 10/07/2014 - 16:30:27: "Soulless<6><BOT><Blue>" stuck (position "-3105.99 -1184.00 160.03") (duration "25.74") L 10/07/2014 - 16:30:27:    path_goal ( "-3106.44 -1250.00 160.03" )
L 10/07/2014 - 16:30:38: "BeepBeepBoop<7><BOT><Red>" triggered "captureblocked" (cp "1") (cpname "#Goldrush_cap_1_B") (position "-2503 -1188 5")
L 10/07/2014 - 16:30:53: "nulltr0n<13><[U:1:197388838]><Blue>" killed "BeepBeepBoop<7><BOT><Red>" with "scattergun" (attacker_position "-2324 -806 3") (victim_position "-2423 -1095 5")
L 10/07/2014 - 16:30:54: "splunk> CannonFodder<18><[U:1:197388939]><Red>" triggered "player_builtobject" (object "OBJ_DISPENSER") (position "-3857 -1704 144")
L 10/07/2014 - 16:30:56: "Eval THIS!<15><[U:1:197330785]><Red>" triggered "player_carryobject" (object "OBJ_TELEPORTER") (position "-3863 -1602 144")
L 10/07/2014 - 16:30:57: "That Guy Over There<10><[U:1:197468749]><Blue>" killed "28RL|Shotgun<11><[U:1:197287110]><Red>" with "tf_projectile_rocket" (attacker_position "-2641 -1792 0") (victim_position "-2596 -1581 0")
L 10/07/2014 - 16:30:57: "MindlessElectrons<4><BOT><Blue>" triggered "kill assist" against "28RL|Shotgun<11><[U:1:197287110]><Red>" (assister_position "-2812 -1789 0") (attacker_position "-2641 -1792 0") (victim_position "-2596 -1581 0")
L 10/07/2014 - 16:30:59: "That Guy Over There<10><[U:1:197468749]><Blue>" killed "KittenKommando<12><[U:1:197323815]><Red>" with "tf_projectile_rocket" (attacker_position "-2611 -1835 0") (victim_position "-2607 -1230 0")
L 10/07/2014 - 16:30:59: "MindlessElectrons<4><BOT><Blue>" triggered "kill assist" against "KittenKommando<12><[U:1:197323815]><Red>" (assister_position "-2787 -1789 0") (attacker_position "-2611 -1835 0") (victim_position "-2607 -1230 0")
L 10/07/2014 - 16:31:00: "MindlessElectrons<4><BOT><Blue>" stuck (position "-2778.71 -1788.49 0.05") (duration "3.21") L 10/07/2014 - 16:31:00:    path_goal ( "-2636.59 -1727.74 0.62" )
L 10/07/2014 - 16:31:00: "MindlessElectrons<4><BOT><Blue>" stuck (position "-2775.73 -1760.62 25.35") (duration "3.32") L 10/07/2014 - 16:31:00:    path_goal ( "-2822.92 -1783.58 0.28" )
L 10/07/2014 - 16:31:06: "DeadHead<3><BOT><Red>" killed "nulltr0n<13><[U:1:197388838]><Blue>" with "obj_sentrygun3" (attacker_position "-3231 -1839 -3") (victim_position "-2636 -1376 0")
L 10/07/2014 - 16:31:07: "28RL|Shotgun<11><[U:1:197287110]><Red>" changed role to "soldier"
L 10/07/2014 - 16:31:11: "nulltr0n<13><[U:1:197388838]><Blue>" changed role to "spy"
L 10/07/2014 - 16:31:12: "Eval THIS!<15><[U:1:197330785]><Red>" triggered "player_dropobject" (object "OBJ_TELEPORTER") (position "-2541 -1646 0")
L 10/07/2014 - 16:31:12: "Eval THIS!<15><[U:1:197330785]><Red>" triggered "player_builtobject" (object "OBJ_TELEPORTER") (position "-2541 -1646 0")
L 10/07/2014 - 16:31:13: "KittenKommando<12><[U:1:197323815]><Red>" killed "CreditToTeam<8><BOT><Blue>" with "obj_sentrygun" (attacker_position "-3008 -1600 237") (victim_position "-2700 -2791 168")
L 10/07/2014 - 16:31:13: "CreditToTeam<8><BOT><Blue>" changed role to "scout"
L 10/07/2014 - 16:31:14: "LOS LOS LOS<2><BOT><Blue>" stuck (position "-3160.96 -1183.97 160.03") (duration "3.57") L 10/07/2014 - 16:31:14:    path_goal ( "-3150.00 -1250.00 160.03" )
L 10/07/2014 - 16:31:14: "LOS LOS LOS<2><BOT><Blue>" stuck (position "-3153.20 -1183.97 185.34") (duration "3.67") L 10/07/2014 - 16:31:14:    path_goal ( "-3150.00 -1250.00 160.03" )
L 10/07/2014 - 16:31:15: "LOS LOS LOS<2><BOT><Blue>" stuck (position "-3136.83 -1183.97 160.03") (duration "4.72") L 10/07/2014 - 16:31:15:    path_goal ( "-3150.00 -1250.00 160.03" )
L 10/07/2014 - 16:31:15: "That Guy Over There<10><[U:1:197468749]><Blue>" killed "Eval THIS!<15><[U:1:197330785]><Red>" with "tf_projectile_rocket" (attacker_position "-2521 -2043 6") (victim_position "-2481 -1987 5")
L 10/07/2014 - 16:31:15: "MindlessElectrons<4><BOT><Blue>" triggered "kill assist" against "Eval THIS!<15><[U:1:197330785]><Red>" (assister_position "-2543 -1975 4") (attacker_position "-2521 -2043 6") (victim_position "-2481 -1987 5")
L 10/07/2014 - 16:31:16: "LOS LOS LOS<2><BOT><Blue>" stuck (position "-3149.12 -1184.00 160.03") (duration "5.77") L 10/07/2014 - 16:31:16:    path_goal ( "-3149.45 -1250.00 160.03" )
L 10/07/2014 - 16:31:17: "LOS LOS LOS<2><BOT><Blue>" stuck (position "-3149.98 -1184.00 160.03") (duration "6.82") L 10/07/2014 - 16:31:17:    path_goal ( "-3150.00 -1250.00 160.03" )
L 10/07/2014 - 16:31:17: "DeadHead<3><BOT><Red>" killed "Splunk Ninja<17><[U:1:197422767]><Blue>" with "obj_sentrygun3" (attacker_position "-3301 -1795 -3") (victim_position "-2573 -1413 4")
L 10/07/2014 - 16:31:18: "LOS LOS LOS<2><BOT><Blue>" stuck (position "-3107.14 -1184.00 165.78") (duration "7.88") L 10/07/2014 - 16:31:18:    path_goal ( "-3141.80 -1250.00 160.03" )
L 10/07/2014 - 16:31:19: "DeadHead<3><BOT><Red>" killed "LOS LOS LOS<2><BOT><Blue>" with "world" (attacker_position "-3314 -1769 -3") (victim_position "-3018 -1109 160")
L 10/07/2014 - 16:31:19: World triggered "Round_Overtime"
L 10/07/2014 - 16:31:21: "Soulless<6><BOT><Blue>" stuck (position "-3174.72 -1183.97 160.03") (duration "3.57") L 10/07/2014 - 16:31:21:    path_goal ( "-3150.00 -1250.00 160.03" )
L 10/07/2014 - 16:31:21: "Soulless<6><BOT><Blue>" stuck (position "-3167.76 -1183.97 185.34") (duration "3.67") L 10/07/2014 - 16:31:21:    path_goal ( "-3150.00 -1250.00 160.03" )
L 10/07/2014 - 16:31:22: "Soulless<6><BOT><Blue>" stuck (position "-3138.07 -1183.97 160.03") (duration "4.73") L 10/07/2014 - 16:31:22:    path_goal ( "-3143.58 -1250.00 160.03" )
L 10/07/2014 - 16:31:23: "Soulless<6><BOT><Blue>" stuck (position "-3095.35 -1183.97 160.03") (duration "5.78") L 10/07/2014 - 16:31:23:    path_goal ( "-3101.22 -1250.00 160.03" )
L 10/07/2014 - 16:31:24: World triggered "Mini_Round_Win" (winner "Red") (round "round_a")
L 10/07/2014 - 16:31:24: World triggered "Mini_Round_Length" (seconds "651.15")
L 10/07/2014 - 16:31:24: World triggered "Round_Win" (winner "Red")
L 10/07/2014 - 16:31:24: Team "Red" current score "0" with "8" players
L 10/07/2014 - 16:31:24: Team "Blue" current score "1" with "7" players
L 10/07/2014 - 16:31:25: "Soulless<6><BOT><Blue>" stuck (position "-3118.59 -1184.00 160.03") (duration "6.84") L 10/07/2014 - 16:31:25:    path_goal ( "-3112.86 -1250.00 160.03" )
L 10/07/2014 - 16:31:26: "Soulless<6><BOT><Blue>" stuck (position "-3055.24 -1184.00 160.03") (duration "7.89") L 10/07/2014 - 16:31:26:    path_goal ( "NULL" )
L 10/07/2014 - 16:31:26: "DeadHead<3><BOT><Red>" killed "That Guy Over There<10><[U:1:197468749]><Blue>" with "obj_sentrygun3" (attacker_position "-3207 -1924 -3") (victim_position "-2572 -1102 2")
L 10/07/2014 - 16:31:29: "Soulless<6><BOT><Blue>" stuck (position "-3078.13 -1177.23 160.03") (duration "0.10") L 10/07/2014 - 16:31:29:    path_goal ( "-3100.00 -1175.00 160.03" )
L 10/07/2014 - 16:31:29: "splunk> CannonFodder<18><[U:1:197388939]><Red>" triggered "object_detonated" (object "OBJ_DISPENSER") (position "-3994 -1551 144")
L 10/07/2014 - 16:31:29: "splunk> CannonFodder<18><[U:1:197388939]><Red>" triggered "object_detonated" (object "OBJ_TELEPORTER") (position "-3994 -1551 144")
L 10/07/2014 - 16:31:29: "splunk> CannonFodder<18><[U:1:197388939]><Red>" joined team "Blue"
L 10/07/2014 - 16:31:29: "splunk> CannonFodder<18><[U:1:197388939]><Blue>" committed suicide with "world" (attacker_position "-3994 -1551 144")
L 10/07/2014 - 16:31:30: "Soulless<6><BOT><Blue>" stuck (position "-3110.92 -1183.97 160.03") (duration "1.15") L 10/07/2014 - 16:31:30:    path_goal ( "-3300.00 -1150.00 160.03" )
L 10/07/2014 - 16:31:31: "Soulless<6><BOT><Blue>" stuck (position "-3132.79 -1170.87 160.03") (duration "2.21") L 10/07/2014 - 16:31:31:    path_goal ( "-3300.00 -1150.00 160.03" )
L 10/07/2014 - 16:31:31: "The Freeman<5><BOT><Red>" stuck (position "-3032.02 -1266.65 -130.74") (duration "3.36") L 10/07/2014 - 16:31:31:    path_goal ( "-2984.56 -1301.97 -117.10" )
L 10/07/2014 - 16:31:32: "The Freeman<5><BOT><Red>" stuck (position "-3038.07 -1284.03 -105.44") (duration "3.47") L 10/07/2014 - 16:31:32:    path_goal ( "-2984.56 -1301.97 -117.10" )
L 10/07/2014 - 16:31:32: "Soulless<6><BOT><Blue>" stuck (position "-3152.91 -1145.72 160.03") (duration "3.26") L 10/07/2014 - 16:31:32:    path_goal ( "-3300.00 -1145.72 160.03" )
L 10/07/2014 - 16:31:33: "The Freeman<5><BOT><Red>" stuck (position "-2982.72 -1281.96 -79.34") (duration "4.52") L 10/07/2014 - 16:31:33:    path_goal ( "-2968.12 -1253.01 -82.91" )
L 10/07/2014 - 16:31:33: "Someone Else<9><BOT><Red>" triggered "medic_death" against "MindlessElectrons<4><BOT><Blue>" (healing "909") (ubercharge "1")
L 10/07/2014 - 16:31:33: "Someone Else<9><BOT><Red>" killed "MindlessElectrons<4><BOT><Blue>" with "syringegun_medic" (attacker_position "-2322 -1080 0") (victim_position "-2355 -622 10")
L 10/07/2014 - 16:31:38: "Someone Else<9><BOT><Red>" stuck (position "-2785.25 -1298.67 0.36") (duration "3.26") L 10/07/2014 - 16:31:38:    path_goal ( "-2750.00 -1350.00 0.48" )
L 10/07/2014 - 16:31:38: "Someone Else<9><BOT><Red>" stuck (position "-2791.49 -1305.63 25.66") (duration "3.36") L 10/07/2014 - 16:31:38:    path_goal ( "-2600.00 -1225.00 1.81" )
L 10/07/2014 - 16:31:39: World triggered "Game_Over" reason "Reached Time Limit"
L 10/07/2014 - 16:31:39: Team "Red" final score "0" with "7" players
L 10/07/2014 - 16:31:39: Team "Blue" final score "1" with "8" players
L 10/07/2014 - 16:31:39: "Someone Else<9><BOT><Red>" stuck (position "-2800.57 -1318.14 0.52") (duration "4.41") L 10/07/2014 - 16:31:39:    path_goal ( "NULL" )
L 10/07/2014 - 16:31:40: "Someone Else<9><BOT><Red>" stuck (position "-2799.75 -1317.85 0.52") (duration "5.46") L 10/07/2014 - 16:31:40:    path_goal ( "-2812.50 -1350.00 0.50" )
L 10/07/2014 - 16:31:41: "Someone Else<9><BOT><Red>" stuck (position "-2799.75 -1317.85 0.52") (duration "6.51") L 10/07/2014 - 16:31:41:    path_goal ( "-2812.50 -1350.00 0.50" )
L 10/07/2014 - 16:31:43: "Someone Else<9><BOT><Red>" stuck (position "-2799.75 -1317.85 0.52") (duration "7.56") L 10/07/2014 - 16:31:43:    path_goal ( "-2812.50 -1350.00 0.50" )
L 10/07/2014 - 16:31:43: "DeadHead<3><BOT><Red>" stuck (position "-3488.03 -860.11 16.03") (duration "3.36") L 10/07/2014 - 16:31:43:    path_goal ( "-3525.00 -900.00 16.03" )
L 10/07/2014 - 16:31:43: "DeadHead<3><BOT><Red>" stuck (position "-3488.03 -860.11 16.03") (duration "3.46") L 10/07/2014 - 16:31:43:    path_goal ( "-3525.00 -900.00 16.03" )
L 10/07/2014 - 16:31:43: "The Freeman<5><BOT><Red>" stuck (position "-3263.97 -1821.99 -127.97") (duration "3.36") L 10/07/2014 - 16:31:43:    path_goal ( "-3175.00 -1475.00 -124.44" )
L 10/07/2014 - 16:31:43: "BeepBeepBoop<7><BOT><Red>" stuck (position "-2623.09 -131.45 2.03") (duration "3.36") L 10/07/2014 - 16:31:43:    path_goal ( "-2825.00 -450.00 -0.11" )
L 10/07/2014 - 16:31:44: "Someone Else<9><BOT><Red>" stuck (position "-2799.75 -1317.85 0.52") (duration "8.61") L 10/07/2014 - 16:31:44:    path_goal ( "-2812.50 -1350.00 0.50" )
L 10/07/2014 - 16:31:44: "DeadHead<3><BOT><Red>" stuck (position "-3488.03 -860.11 16.03") (duration "4.51") L 10/07/2014 - 16:31:44:    path_goal ( "-3525.00 -900.00 16.03" )
L 10/07/2014 - 16:31:45: "Someone Else<9><BOT><Red>" stuck (position "-2799.75 -1317.85 0.52") (duration "9.66") L 10/07/2014 - 16:31:45:    path_goal ( "-2812.50 -1350.00 0.50" )
L 10/07/2014 - 16:31:45: "DeadHead<3><BOT><Red>" stuck (position "-3488.03 -860.11 16.03") (duration "5.57") L 10/07/2014 - 16:31:45:    path_goal ( "-3525.00 -900.00 16.03" )
L 10/07/2014 - 16:31:46: "Someone Else<9><BOT><Red>" stuck (position "-2799.75 -1317.85 0.52") (duration "10.71") L 10/07/2014 - 16:31:46:    path_goal ( "-2812.50 -1350.00 0.50" )
L 10/07/2014 - 16:31:46: "KittenKommando<12><[U:1:197323815]><Red>" disconnected (reason "Disconnect by user.")
L 10/07/2014 - 16:31:46: "DeadHead<3><BOT><Red>" stuck (position "-3488.03 -860.11 16.03") (duration "6.61") L 10/07/2014 - 16:31:46:    path_goal ( "-3525.00 -900.00 16.03" )
L 10/07/2014 - 16:31:46: "The Freeman<5><BOT><Red>" stuck (position "-3263.97 -1821.99 -127.97") (duration "3.36") L 10/07/2014 - 16:31:46:    path_goal ( "-3175.00 -2025.00 -121.01" )
L 10/07/2014 - 16:31:46: "BeepBeepBoop<7><BOT><Red>" stuck (position "-2623.09 -131.45 2.03") (duration "3.36") L 10/07/2014 - 16:31:46:    path_goal ( "-2825.00 -450.00 -0.11" )
L 10/07/2014 - 16:31:47: "Someone Else<9><BOT><Red>" stuck (position "-2799.75 -1317.85 0.52") (duration "11.76") L 10/07/2014 - 16:31:47:    path_goal ( "-2812.50 -1350.00 0.50" )
L 10/07/2014 - 16:31:47: "DeadHead<3><BOT><Red>" stuck (position "-3488.03 -860.11 16.03") (duration "7.66") L 10/07/2014 - 16:31:47:    path_goal ( "-3525.00 -900.00 16.03" )
L 10/07/2014 - 16:31:47: "Soulless<6><BOT><Blue>" stuck (position "-3547.86 -1048.03 160.03") (duration "3.78") L 10/07/2014 - 16:31:47:    path_goal ( "-3600.00 -1050.00 17.67" )
L 10/07/2014 - 16:31:47: "Soulless<6><BOT><Blue>" stuck (position "-3547.86 -1048.03 160.03") (duration "3.89") L 10/07/2014 - 16:31:47:    path_goal ( "-3600.00 -1050.00 17.67" )
L 10/07/2014 - 16:31:48: "Someone Else<9><BOT><Red>" stuck (position "-2799.75 -1317.85 0.52") (duration "12.83") L 10/07/2014 - 16:31:48:    path_goal ( "-2812.50 -1350.00 0.50" )
L 10/07/2014 - 16:31:48: "DeadHead<3><BOT><Red>" stuck (position "-3488.03 -860.11 16.03") (duration "8.71") L 10/07/2014 - 16:31:48:    path_goal ( "-3525.00 -900.00 16.03" )
L 10/07/2014 - 16:31:48: "Soulless<6><BOT><Blue>" stuck (position "-3547.86 -1048.03 160.03") (duration "4.93") L 10/07/2014 - 16:31:48:    path_goal ( "-3600.00 -1050.00 17.67" )
L 10/07/2014 - 16:31:49: "Someone Else<9><BOT><Red>" stuck (position "-2799.75 -1317.85 0.52") (duration "13.88") L 10/07/2014 - 16:31:49:    path_goal ( "-2812.50 -1350.00 0.50" )
L 10/07/2014 - 16:31:49: "DeadHead<3><BOT><Red>" stuck (position "-3488.03 -860.11 16.03") (duration "9.76") L 10/07/2014 - 16:31:49:    path_goal ( "-3525.00 -900.00 16.03" )
L 10/07/2014 - 16:31:50: Loading map "pl_hoodoo_final"
L 10/07/2014 - 16:31:50: server cvars start
L 10/07/2014 - 16:31:50: "tf_playergib" = "1"
L 10/07/2014 - 16:31:50: "tf_allow_player_use" = "0"
L 10/07/2014 - 16:31:50: "tf_mvm_death_penalty" = "0"
L 10/07/2014 - 16:31:50: "sv_maxusrcmdprocessticks" = "24"
L 10/07/2014 - 16:31:50: "mp_teamplay" = "0"
L 10/07/2014 - 16:31:50: "mp_falldamage" = "0"
L 10/07/2014 - 16:31:50: "mp_weaponstay" = "0"
L 10/07/2014 - 16:31:50: "mp_forcerespawn" = "1"
L 10/07/2014 - 16:31:50: "mp_footsteps" = "1"
L 10/07/2014 - 16:31:50: "mp_flashlight" = "0"
L 10/07/2014 - 16:31:50: "mp_autocrosshair" = "1"
L 10/07/2014 - 16:31:50: "decalfrequency" = "10"
L 10/07/2014 - 16:31:50: "mp_teamlist" = "hgrunt;scientist"
L 10/07/2014 - 16:31:50: "mp_allowNPCs" = "1"
L 10/07/2014 - 16:31:50: "sv_alltalk" = "0"
L 10/07/2014 - 16:31:50: "tf_weapon_criticals" = "1"
L 10/07/2014 - 16:31:50: "tf_damage_disablespread" = "0"
L 10/07/2014 - 16:31:50: "tf_player_name_change_time" = "60"
L 10/07/2014 - 16:31:50: "tf_force_holidays_off" = "0"
L 10/07/2014 - 16:31:50: "tf_birthday" = "0"
L 10/07/2014 - 16:31:50: "mp_tournament_stopwatch" = "1"
L 10/07/2014 - 16:31:50: "mp_windifference" = "0"
L 10/07/2014 - 16:31:50: "mp_windifference_min" = "0"
L 10/07/2014 - 16:31:50: "tf_medieval" = "0"
L 10/07/2014 - 16:31:50: "tf_medieval_autorp" = "1"
L 10/07/2014 - 16:31:50: "tf_arena_force_class" = "0"
L 10/07/2014 - 16:31:50: "tf_arena_change_limit" = "1"
L 10/07/2014 - 16:31:50: "tf_arena_override_cap_enable_time" = "-1"
L 10/07/2014 - 16:31:50: "tf_arena_first_blood" = "1"
L 10/07/2014 - 16:31:50: "tf_mvm_min_players_to_start" = "3"
L 10/07/2014 - 16:31:50: "tf_gamemode_arena" = "0"
L 10/07/2014 - 16:31:50: "tf_gamemode_cp" = "0"
L 10/07/2014 - 16:31:50: "tf_gamemode_ctf" = "0"
L 10/07/2014 - 16:31:50: "tf_gamemode_sd" = "0"
L 10/07/2014 - 16:31:50: "tf_gamemode_rd" = "0"
L 10/07/2014 - 16:31:50: "tf_beta_content" = "0"
L 10/07/2014 - 16:31:50: "tf_gamemode_payload" = "1"
L 10/07/2014 - 16:31:50: "tf_gamemode_mvm" = "0"
L 10/07/2014 - 16:31:50: "tf_bot_count" = "8"
L 10/07/2014 - 16:31:50: "tf_teamtalk" = "1"
L 10/07/2014 - 16:31:50: "tf_ctf_bonus_time" = "10"
L 10/07/2014 - 16:31:50: "tf_maxspeed" = "400"
L 10/07/2014 - 16:31:50: "tf_max_charge_speed" = "750"
L 10/07/2014 - 16:31:50: "tf_use_fixed_weaponspreads" = "0"
L 10/07/2014 - 16:31:50: "tf_overtime_nag" = "0"
L 10/07/2014 - 16:31:50: "mp_respawnwavetime" = "10.0"
L 10/07/2014 - 16:31:50: "mp_tournament" = "0"
L 10/07/2014 - 16:31:50: "mp_highlander" = "0"
L 10/07/2014 - 16:31:50: "tf_arena_preround_time" = "10"
L 10/07/2014 - 16:31:50: "tf_arena_round_time" = "0"
L 10/07/2014 - 16:31:50: "tf_arena_max_streak" = "3"
L 10/07/2014 - 16:31:50: "tf_arena_use_queue" = "1"
L 10/07/2014 - 16:31:50: "mp_maxrounds" = "0"
L 10/07/2014 - 16:31:50: "mp_winlimit" = "0"
L 10/07/2014 - 16:31:50: "mp_disable_respawn_times" = "0"
L 10/07/2014 - 16:31:50: "mp_stalemate_meleeonly" = "0"
L 10/07/2014 - 16:31:50: "mp_forceautoteam" = "0"
L 10/07/2014 - 16:31:50: "mp_autoteambalance" = "1"
L 10/07/2014 - 16:31:50: "mp_stalemate_enable" = "0"
L 10/07/2014 - 16:31:50: "mp_match_end_at_timelimit" = "0"
L 10/07/2014 - 16:31:50: "mp_holiday_nogifts" = "0"
L 10/07/2014 - 16:31:50: "mp_scrambleteams_auto" = "1"
L 10/07/2014 - 16:31:50: "mp_scrambleteams_auto_windifference" = "2"
L 10/07/2014 - 16:31:50: "mp_timelimit" = "15"
L 10/07/2014 - 16:31:50: "mp_fraglimit" = "0"
L 10/07/2014 - 16:31:50: "nextlevel" = ""
L 10/07/2014 - 16:31:50: "sv_gravity" = "800"
L 10/07/2014 - 16:31:50: "sv_stopspeed" = "100"
L 10/07/2014 - 16:31:50: "sv_noclipaccelerate" = "5"
L 10/07/2014 - 16:31:50: "sv_noclipspeed" = "5"
L 10/07/2014 - 16:31:50: "sv_specaccelerate" = "5"
L 10/07/2014 - 16:31:50: "sv_specspeed" = "3"
L 10/07/2014 - 16:31:50: "sv_specnoclip" = "1"
L 10/07/2014 - 16:31:50: "sv_maxspeed" = "320"
L 10/07/2014 - 16:31:50: "sv_accelerate" = "10"
L 10/07/2014 - 16:31:50: "sv_airaccelerate" = "10"
L 10/07/2014 - 16:31:50: "sv_wateraccelerate" = "10"
L 10/07/2014 - 16:31:50: "sv_waterfriction" = "1"
L 10/07/2014 - 16:31:50: "sv_footsteps" = "1"
L 10/07/2014 - 16:31:50: "sv_rollspeed" = "200"
L 10/07/2014 - 16:31:50: "sv_rollangle" = "0"
L 10/07/2014 - 16:31:50: "sv_friction" = "4"
L 10/07/2014 - 16:31:50: "sv_bounce" = "0"
L 10/07/2014 - 16:31:50: "sv_stepsize" = "18"
L 10/07/2014 - 16:31:50: "r_VehicleViewDampen" = "1"
L 10/07/2014 - 16:31:50: "r_JeepViewDampenFreq" = "7.0"
L 10/07/2014 - 16:31:50: "r_JeepViewDampenDamp" = "1.0"
L 10/07/2014 - 16:31:50: "r_JeepViewZHeight" = "10.0"
L 10/07/2014 - 16:31:50: "r_AirboatViewDampenFreq" = "7.0"
L 10/07/2014 - 16:31:50: "r_AirboatViewDampenDamp" = "1.0"
L 10/07/2014 - 16:31:50: "r_AirboatViewZHeight" = "0.0"
L 10/07/2014 - 16:31:50: "mp_friendlyfire" = "0"
L 10/07/2014 - 16:31:50: "mp_fadetoblack" = "0"
L 10/07/2014 - 16:31:50: "tf_mm_servermode" = "0"
L 10/07/2014 - 16:31:50: "tf_mm_strict" = "0"
L 10/07/2014 - 16:31:50: "tf_mm_trusted" = "0"
L 10/07/2014 - 16:31:50: "tf_server_identity_disable_quickplay" = "0"
L 10/07/2014 - 16:31:50: "sv_registration_successful" = "0"
L 10/07/2014 - 16:31:50: "sv_registration_message" = "No account specified"
L 10/07/2014 - 16:31:50: "sv_steamgroup" = ""
L 10/07/2014 - 16:31:50: "sv_cheats" = "1"
L 10/07/2014 - 16:31:50: "sv_pausable" = "0"
L 10/07/2014 - 16:31:50: "sv_contact" = "admin@yourdomain.com"
L 10/07/2014 - 16:31:50: "sv_voiceenable" = "1"
L 10/07/2014 - 16:31:50: "tv_enable" = "0"
L 10/07/2014 - 16:31:50: "deathmatch" = "1"
L 10/07/2014 - 16:31:50: "coop" = "0"
L 10/07/2014 - 16:31:50: "tv_password" = ""
L 10/07/2014 - 16:31:50: "tv_relaypassword" = ""
L 10/07/2014 - 16:31:50: "sv_password" = ""
L 10/07/2014 - 16:31:50: "sv_tags" = "bots,payload"
L 10/07/2014 - 16:31:50: server cvars end
L 10/07/2014 - 16:31:52: Started map "pl_hoodoo_final" (CRC "7003150398750cc4df8e3b457a84583b")
L 10/07/2014 - 16:31:52: Executing dedicated server config file server.cfg
L 10/07/2014 - 16:31:58: server_cvar: "tf_gamemode_payload" "0"
L 10/07/2014 - 16:31:58: server_cvar: "sv_tags" "bots"
L 10/07/2014 - 16:31:58: server_cvar: "sv_tags" "bots"
L 10/07/2014 - 16:31:58: server_cvar: "tf_bot_count" "0"
L 10/07/2014 - 16:31:58: server_cvar: "sv_tags" ""
L 10/07/2014 - 16:31:58: server_cvar: "tf_gamemode_payload" "1"
L 10/07/2014 - 16:31:58: server_cvar: "sv_tags" "payload"
L 10/07/2014 - 16:31:58: server_cvar: "sv_tags" "payload"
L 10/07/2014 - 16:31:59: Initializing Steam libraries for LAN server
L 10/07/2014 - 16:31:59: No account token specified; logging into anonymous game server account.  (Use sv_setsteamaccount to login to a persistent account.)
