L 10/08/2014 - 12:09:26: Log file started (file "logs/L1008012.log") (game "/home/tf2/hlserver/tf2/tf") (version "2426090")
L 10/08/2014 - 12:09:26: server_cvar: "sv_cheats" "1"
L 10/08/2014 - 12:09:26: "Mann Co.<2><BOT><>" connected, address "none"
L 10/08/2014 - 12:09:26: "<2><BOT><>" entered the game
L 10/08/2014 - 12:09:26: "Mann Co.<2><BOT><Unassigned>" joined team "Blue"
L 10/08/2014 - 12:09:26: "Mann Co.<2><BOT><Blue>" changed role to "scout"
L 10/08/2014 - 12:09:26: "Mann Co.<2><BOT><Blue>" changed name to "Dog"
L 10/08/2014 - 12:09:26: Sending CMsgGameServerMatchmakingStatus (state=ServerMatchmakingState_NOT_PARTICIPATING)
L 10/08/2014 - 12:09:26: Connection to Steam servers successful.
L 10/08/2014 - 12:09:26:    Public IP is 68.110.44.24.
L 10/08/2014 - 12:09:26: Assigned anonymous gameserver Steam ID [A:1:3156212741:4717].
L 10/08/2014 - 12:09:26: "Kaboom!<3><BOT><>" connected, address "none"
L 10/08/2014 - 12:09:26: "<3><BOT><>" entered the game
L 10/08/2014 - 12:09:26: "Kaboom!<3><BOT><Unassigned>" joined team "Red"
L 10/08/2014 - 12:09:26: "Kaboom!<3><BOT><Red>" changed role to "engineer"
L 10/08/2014 - 12:09:26: "Kaboom!<3><BOT><Red>" changed name to "AmNot"
L 10/08/2014 - 12:09:26: VAC secure mode is activated.
L 10/08/2014 - 12:09:26: "0xDEADBEEF<4><BOT><>" connected, address "none"
L 10/08/2014 - 12:09:26: "<4><BOT><>" entered the game
L 10/08/2014 - 12:09:26: "0xDEADBEEF<4><BOT><Unassigned>" joined team "Blue"
L 10/08/2014 - 12:09:26: "0xDEADBEEF<4><BOT><Blue>" changed role to "demoman"
L 10/08/2014 - 12:09:26: "0xDEADBEEF<4><BOT><Blue>" changed name to "HI THERE"
L 10/08/2014 - 12:09:26: tf_server_identity_account_id not set; not logging into registered account
L 10/08/2014 - 12:09:26: "SomeDude<5><BOT><>" connected, address "none"
L 10/08/2014 - 12:09:27: "<5><BOT><>" entered the game
L 10/08/2014 - 12:09:27: "SomeDude<5><BOT><Unassigned>" joined team "Red"
L 10/08/2014 - 12:09:27: "SomeDude<5><BOT><Red>" changed role to "demoman"
L 10/08/2014 - 12:09:27: "SomeDude<5><BOT><Red>" changed name to "GLaDOS"
L 10/08/2014 - 12:09:27: "Hostage<6><BOT><>" connected, address "none"
L 10/08/2014 - 12:09:27: "<6><BOT><>" entered the game
L 10/08/2014 - 12:09:27: "Hostage<6><BOT><Unassigned>" joined team "Blue"
L 10/08/2014 - 12:09:27: "Hostage<6><BOT><Blue>" changed role to "demoman"
L 10/08/2014 - 12:09:27: "Hostage<6><BOT><Blue>" changed name to "Headful of Eyeballs"
L 10/08/2014 - 12:09:27: "CrySomeMore<7><BOT><>" connected, address "none"
L 10/08/2014 - 12:09:27: "<7><BOT><>" entered the game
L 10/08/2014 - 12:09:27: "CrySomeMore<7><BOT><Unassigned>" joined team "Red"
L 10/08/2014 - 12:09:27: "CrySomeMore<7><BOT><Red>" changed role to "engineer"
L 10/08/2014 - 12:09:27: "CrySomeMore<7><BOT><Red>" changed name to "Aperture Science Prototype XR7"
L 10/08/2014 - 12:09:27: "Humans Are Weak<8><BOT><>" connected, address "none"
L 10/08/2014 - 12:09:27: "<8><BOT><>" entered the game
L 10/08/2014 - 12:09:27: "Humans Are Weak<8><BOT><Unassigned>" joined team "Blue"
L 10/08/2014 - 12:09:27: "Humans Are Weak<8><BOT><Blue>" changed role to "medic"
L 10/08/2014 - 12:09:27: "Humans Are Weak<8><BOT><Blue>" changed name to "AimBot"
L 10/08/2014 - 12:09:28: "C++<9><BOT><>" connected, address "none"
L 10/08/2014 - 12:09:28: "<9><BOT><>" entered the game
L 10/08/2014 - 12:09:28: "C++<9><BOT><Unassigned>" joined team "Red"
L 10/08/2014 - 12:09:28: "C++<9><BOT><Red>" changed role to "medic"
L 10/08/2014 - 12:09:28: "C++<9><BOT><Red>" changed name to "GutsAndGlory!"
L 10/08/2014 - 12:09:30: "splunk> CannonFodder<10><[U:1:197388939]><>" connected, address "192.168.1.112:27005"
L 10/08/2014 - 12:09:30: "splunk> CannonFodder<10><[U:1:197388939]><>" STEAM USERID validated
L 10/08/2014 - 12:09:31: server_cvar: "tf_bot_count" "8"
L 10/08/2014 - 12:09:31: server_cvar: "sv_tags" "bots,cp"
L 10/08/2014 - 12:09:33: "splunk> CannonFodder<10><[U:1:197388939]><>" entered the game
L 10/08/2014 - 12:09:39: "splunk> CannonFodder<10><[U:1:197388939]><Unassigned>" joined team "Blue"
L 10/08/2014 - 12:09:41: "Dog<2><BOT><Blue>" stuck (position "-1627.22 1633.47 -255.90") (duration "2.52") L 10/08/2014 - 12:09:41:    path_goal ( "-216.00 2792.00 -247.97" )
L 10/08/2014 - 12:09:42: "splunk> CannonFodder<10><[U:1:197388939]><Blue>" changed role to "soldier"
L 10/08/2014 - 12:09:44: "Dog<2><BOT><Blue>" stuck (position "-1627.21 1633.47 -255.89") (duration "2.52") L 10/08/2014 - 12:09:44:    path_goal ( "-216.00 2792.00 -247.97" )
L 10/08/2014 - 12:09:45: "HI THERE<4><BOT><Blue>" stuck (position "-1647.42 1633.47 -255.91") (duration "3.57") L 10/08/2014 - 12:09:45:    path_goal ( "-216.00 2792.00 -247.97" )
L 10/08/2014 - 12:09:45: "Headful of Eyeballs<6><BOT><Blue>" stuck (position "-1634.11 1633.47 -255.89") (duration "3.57") L 10/08/2014 - 12:09:45:    path_goal ( "-216.00 2792.00 -247.97" )
L 10/08/2014 - 12:09:46: "Dog<2><BOT><Blue>" stuck (position "-1627.21 1633.47 -255.89") (duration "2.52") L 10/08/2014 - 12:09:46:    path_goal ( "-216.00 2792.00 -247.97" )
L 10/08/2014 - 12:09:49: "Dog<2><BOT><Blue>" stuck (position "-1627.21 1633.47 -255.89") (duration "2.52") L 10/08/2014 - 12:09:49:    path_goal ( "-216.00 2792.00 -247.97" )
L 10/08/2014 - 12:09:49: "HI THERE<4><BOT><Blue>" stuck (position "-1636.93 1633.47 -255.89") (duration "3.57") L 10/08/2014 - 12:09:49:    path_goal ( "-216.00 2792.00 -247.97" )
L 10/08/2014 - 12:09:49: "Headful of Eyeballs<6><BOT><Blue>" stuck (position "-1630.45 1633.47 -255.89") (duration "3.57") L 10/08/2014 - 12:09:49:    path_goal ( "-216.00 2792.00 -247.97" )
L 10/08/2014 - 12:09:50: "AmNot<3><BOT><Red>" triggered "player_builtobject" (object "OBJ_SENTRYGUN") (position "-135 2275 -304")
L 10/08/2014 - 12:09:51: "Dog<2><BOT><Blue>" stuck (position "-1640.97 1633.47 -255.89") (duration "2.52") L 10/08/2014 - 12:09:51:    path_goal ( "-216.00 2792.00 -247.97" )
L 10/08/2014 - 12:09:52: "Data Warrior<11><[U:1:197468749]><>" connected, address "192.168.1.109:27005"
L 10/08/2014 - 12:09:52: "HI THERE<4><BOT><Blue>" stuck (position "-1652.86 1633.47 -255.91") (duration "3.57") L 10/08/2014 - 12:09:52:    path_goal ( "-216.00 2792.00 -247.97" )
L 10/08/2014 - 12:09:53: "Headful of Eyeballs<6><BOT><Blue>" stuck (position "-1667.95 1633.47 -255.96") (duration "3.57") L 10/08/2014 - 12:09:53:    path_goal ( "-216.00 2792.00 -247.97" )
L 10/08/2014 - 12:09:53: "Data Warrior<11><[U:1:197468749]><>" STEAM USERID validated
L 10/08/2014 - 12:09:53: "The Architect<12><[U:1:197287110]><>" connected, address "192.168.1.107:27005"
L 10/08/2014 - 12:09:54: "The Architect<12><[U:1:197287110]><>" STEAM USERID validated
L 10/08/2014 - 12:09:54: "Aperture Science Prototype XR7<7><BOT><Red>" triggered "player_builtobject" (object "OBJ_SENTRYGUN") (position "-80 2775 -247")
L 10/08/2014 - 12:09:54: "Dog<2><BOT><Blue>" stuck (position "-1636.11 1633.47 -255.92") (duration "2.52") L 10/08/2014 - 12:09:54:    path_goal ( "-216.00 2792.00 -247.97" )
L 10/08/2014 - 12:09:56: "HI THERE<4><BOT><Blue>" stuck (position "-1651.51 1633.47 -255.92") (duration "3.57") L 10/08/2014 - 12:09:56:    path_goal ( "-216.00 2792.00 -247.97" )
L 10/08/2014 - 12:09:56: World triggered "Round_Start"
L 10/08/2014 - 12:09:56: World triggered "Round_Setup_Begin"
L 10/08/2014 - 12:09:56: World triggered "Mini_Round_Selected" (round "round_1")
L 10/08/2014 - 12:09:56: World triggered "Mini_Round_Start"
L 10/08/2014 - 12:09:56: "Data Warrior<11><[U:1:197468749]><>" entered the game
L 10/08/2014 - 12:10:02: "Data Warrior<11><[U:1:197468749]><Unassigned>" joined team "Red"
L 10/08/2014 - 12:10:03: "Chief Data Wrangler<13><[U:1:197363721]><>" connected, address "192.168.1.111:27005"
L 10/08/2014 - 12:10:03: "Chief Data Wrangler<13><[U:1:197363721]><>" STEAM USERID validated
L 10/08/2014 - 12:10:03: "The Architect<12><[U:1:197287110]><>" entered the game
L 10/08/2014 - 12:10:06: "Chief Data Wrangler<13><[U:1:197363721]><>" entered the game
L 10/08/2014 - 12:10:10: "The Architect<12><[U:1:197287110]><Unassigned>" joined team "Blue"
L 10/08/2014 - 12:10:17: "AmNot<3><BOT><Red>" triggered "player_builtobject" (object "OBJ_SENTRYGUN") (position "131 1851 -272")
L 10/08/2014 - 12:10:19: "Aperture Science Prototype XR7<7><BOT><Red>" triggered "player_builtobject" (object "OBJ_SENTRYGUN") (position "-527 2822 -247")
L 10/08/2014 - 12:10:21: "The Architect<12><[U:1:197287110]><Blue>" changed role to "demoman"
L 10/08/2014 - 12:10:41: "Chief Data Wrangler<13><[U:1:197363721]><Unassigned>" joined team "Red"
L 10/08/2014 - 12:10:45: "Data Warrior<11><[U:1:197468749]><Red>" changed role to "soldier"
L 10/08/2014 - 12:10:46: "Chief Data Wrangler<13><[U:1:197363721]><Red>" changed role to "soldier"
L 10/08/2014 - 12:10:56: World triggered "Round_Setup_End"
L 10/08/2014 - 12:11:09: "Headful of Eyeballs<6><BOT><Blue>" triggered "killedobject" (object "OBJ_SENTRYGUN") (weapon "tf_projectile_pipe") (objectowner "Aperture Science Prototype XR7<7><BOT><Red>") (attacker_position "-2656 2943 -459")
L 10/08/2014 - 12:11:11: "Aperture Science Prototype XR7<7><BOT><Red>" triggered "player_builtobject" (object "OBJ_SENTRYGUN") (position "-105 2511 -255")
L 10/08/2014 - 12:11:16: "AmNot<3><BOT><Red>" killed "Dog<2><BOT><Blue>" with "obj_sentrygun3" (attacker_position "176 2355 -261") (victim_position "-395 2634 -127")
L 10/08/2014 - 12:11:16: "Chief Data Wrangler<13><[U:1:197363721]><Red>" killed "HI THERE<4><BOT><Blue>" with "tf_projectile_rocket" (attacker_position "-317 1751 -256") (victim_position "-732 2660 -255")
L 10/08/2014 - 12:11:16: "GutsAndGlory!<9><BOT><Red>" triggered "kill assist" against "HI THERE<4><BOT><Blue>" (assister_position "-290 1750 -256") (attacker_position "-317 1751 -256") (victim_position "-732 2660 -255")
L 10/08/2014 - 12:11:22: "splunk> CannonFodder<10><[U:1:197388939]><Blue>" triggered "medic_death" against "GutsAndGlory!<9><BOT><Red>" (healing "800") (ubercharge "1")
L 10/08/2014 - 12:11:22: "splunk> CannonFodder<10><[U:1:197388939]><Blue>" killed "GutsAndGlory!<9><BOT><Red>" with "tf_projectile_rocket" (attacker_position "-1792 2909 -255") (victim_position "-972 2091 -255")
L 10/08/2014 - 12:11:22: "AimBot<8><BOT><Blue>" triggered "kill assist" against "GutsAndGlory!<9><BOT><Red>" (assister_position "-1814 2902 -255") (attacker_position "-1792 2909 -255") (victim_position "-972 2091 -255")
L 10/08/2014 - 12:11:27: "Data Warrior<11><[U:1:197468749]><Red>" killed "Headful of Eyeballs<6><BOT><Blue>" with "tf_projectile_rocket" (attacker_position "-1364 2494 -447") (victim_position "-1192 2379 -420")
L 10/08/2014 - 12:11:27: "AmNot<3><BOT><Red>" triggered "kill assist" against "Headful of Eyeballs<6><BOT><Blue>" (assister_position "660 1875 -255") (attacker_position "-1364 2494 -447") (victim_position "-1192 2379 -420")
L 10/08/2014 - 12:11:27: "Headful of Eyeballs<6><BOT><Blue>" changed role to "engineer"
L 10/08/2014 - 12:11:34: "AimBot<8><BOT><Blue>" triggered "chargedeployed"
L 10/08/2014 - 12:11:46: "GLaDOS<5><BOT><Red>" killed "HI THERE<4><BOT><Blue>" with "tf_projectile_pipe" (attacker_position "-445 2777 -229") (victim_position "-501 2818 -247")
L 10/08/2014 - 12:11:47: "splunk> CannonFodder<10><[U:1:197388939]><Blue>" triggered "killedobject" (object "OBJ_SENTRYGUN") (weapon "tf_projectile_rocket") (objectowner "AmNot<3><BOT><Red>") (attacker_position "-1456 3028 -255")
L 10/08/2014 - 12:11:47: "AimBot<8><BOT><Blue>" triggered "killedobject" (object "OBJ_SENTRYGUN") (objectowner "AmNot<3><BOT><Red>") (assist "1") (assister_position "-1549 2780 -254") (attacker_position "-1456 3028 -255")
L 10/08/2014 - 12:11:51: "AmNot<3><BOT><Red>" triggered "player_builtobject" (object "OBJ_SENTRYGUN") (position "-79 2479 -255")
L 10/08/2014 - 12:11:52: "Aperture Science Prototype XR7<7><BOT><Red>" triggered "player_builtobject" (object "OBJ_DISPENSER") (position "-112 2535 -247")
L 10/08/2014 - 12:11:54: "Headful of Eyeballs<6><BOT><Blue>" triggered "player_builtobject" (object "OBJ_TELEPORTER") (position "-2166 2958 -255")
L 10/08/2014 - 12:12:00: "AmNot<3><BOT><Red>" killed "Dog<2><BOT><Blue>" with "obj_sentrygun" (attacker_position "-2 2505 -255") (victim_position "-960 2417 -299")
L 10/08/2014 - 12:12:00: "Chief Data Wrangler<13><[U:1:197363721]><Red>" triggered "kill assist" against "Dog<2><BOT><Blue>" (assister_position "-478 2695 -175") (attacker_position "-2 2505 -255") (victim_position "-960 2417 -299")
L 10/08/2014 - 12:12:12: "Chief Data Wrangler<13><[U:1:197363721]><Red>" killed "The Architect<12><[U:1:197287110]><Blue>" with "tf_projectile_rocket" (attacker_position "238 2176 -255") (victim_position "-1152 2079 -245")
L 10/08/2014 - 12:12:12: "GutsAndGlory!<9><BOT><Red>" triggered "kill assist" against "The Architect<12><[U:1:197287110]><Blue>" (assister_position "297 2193 -255") (attacker_position "238 2176 -255") (victim_position "-1152 2079 -245")
L 10/08/2014 - 12:12:14: "GLaDOS<5><BOT><Red>" stuck (position "-84.13 2638.79 -247.97") (duration "3.57") L 10/08/2014 - 12:12:14:    path_goal ( "-93.48 2604.45 -247.97" )
L 10/08/2014 - 12:12:14: "GLaDOS<5><BOT><Red>" stuck (position "-93.75 2654.23 -221.73") (duration "3.67") L 10/08/2014 - 12:12:14:    path_goal ( "NULL" )
L 10/08/2014 - 12:12:22: "HI THERE<4><BOT><Blue>" killed "Data Warrior<11><[U:1:197468749]><Red>" with "tf_projectile_pipe" (attacker_position "-786 2773 -255") (victim_position "-251 2756 -240")
L 10/08/2014 - 12:12:22: "splunk> CannonFodder<10><[U:1:197388939]><Blue>" triggered "kill assist" against "Data Warrior<11><[U:1:197468749]><Red>" (assister_position "-854 2800 -255") (attacker_position "-786 2773 -255") (victim_position "-251 2756 -240")
L 10/08/2014 - 12:12:22: "GLaDOS<5><BOT><Red>" killed "HI THERE<4><BOT><Blue>" with "tf_projectile_pipe" (attacker_position "-394 2611 -127") (victim_position "-851 2736 -255")
L 10/08/2014 - 12:12:22: "Data Warrior<11><[U:1:197468749]><Red>" triggered "kill assist" against "HI THERE<4><BOT><Blue>" (assister_position "-251 2756 -226") (attacker_position "-394 2611 -127") (victim_position "-851 2736 -255")
L 10/08/2014 - 12:12:22: "HI THERE<4><BOT><Blue>" changed role to "spy"
L 10/08/2014 - 12:12:30: "Chief Data Wrangler<13><[U:1:197363721]><Red>" killed "Headful of Eyeballs<6><BOT><Blue>" with "tf_projectile_rocket" (attacker_position "-408 2902 -247") (victim_position "-955 2851 -255")
L 10/08/2014 - 12:12:30: "GutsAndGlory!<9><BOT><Red>" triggered "kill assist" against "Headful of Eyeballs<6><BOT><Blue>" (assister_position "-326 2680 -247") (attacker_position "-408 2902 -247") (victim_position "-955 2851 -255")
L 10/08/2014 - 12:12:30: "Headful of Eyeballs<6><BOT><Blue>" changed role to "demoman"
L 10/08/2014 - 12:12:43: "AmNot<3><BOT><Red>" triggered "player_builtobject" (object "OBJ_DISPENSER") (position "-87 2477 -255")
L 10/08/2014 - 12:13:03: "AimBot<8><BOT><Blue>" triggered "chargedeployed"
L 10/08/2014 - 12:13:10: "The Architect<12><[U:1:197287110]><Blue>" triggered "killedobject" (object "OBJ_DISPENSER") (weapon "tf_projectile_pipe") (objectowner "Aperture Science Prototype XR7<7><BOT><Red>") (attacker_position "-402 2792 -247")
L 10/08/2014 - 12:13:12: "Chief Data Wrangler<13><[U:1:197363721]><Red>" triggered "medic_death" against "AimBot<8><BOT><Blue>" (healing "1596") (ubercharge "0")
L 10/08/2014 - 12:13:12: "Chief Data Wrangler<13><[U:1:197363721]><Red>" killed "AimBot<8><BOT><Blue>" with "tf_projectile_rocket" (attacker_position "15 2531 -255") (victim_position "-195 2873 -240")
L 10/08/2014 - 12:13:12: "GLaDOS<5><BOT><Red>" triggered "kill assist" against "AimBot<8><BOT><Blue>" (assister_position "-24 2508 -255") (attacker_position "15 2531 -255") (victim_position "-195 2873 -240")
L 10/08/2014 - 12:13:12: "GutsAndGlory!<9><BOT><Red>" triggered "chargedeployed"
L 10/08/2014 - 12:13:12: "Aperture Science Prototype XR7<7><BOT><Red>" killed "Headful of Eyeballs<6><BOT><Blue>" with "obj_sentrygun3" (attacker_position "-81 2392 -255") (victim_position "-50 2826 -247")
L 10/08/2014 - 12:13:12: "AmNot<3><BOT><Red>" triggered "kill assist" against "Headful of Eyeballs<6><BOT><Blue>" (assister_position "-94 2446 -255") (attacker_position "-81 2392 -255") (victim_position "-50 2826 -247")
L 10/08/2014 - 12:13:15: "splunk> CannonFodder<10><[U:1:197388939]><Blue>" killed "GLaDOS<5><BOT><Red>" with "tf_projectile_rocket" (attacker_position "-384 2881 -247") (victim_position "-141 2632 -247")
L 10/08/2014 - 12:13:15: "The Architect<12><[U:1:197287110]><Blue>" triggered "kill assist" against "GLaDOS<5><BOT><Red>" (assister_position "-527 2902 -247") (attacker_position "-384 2881 -247") (victim_position "-141 2632 -247")
L 10/08/2014 - 12:13:15: "GLaDOS<5><BOT><Red>" changed role to "spy"
L 10/08/2014 - 12:13:19: "Chief Data Wrangler<13><[U:1:197363721]><Red>" killed "splunk> CannonFodder<10><[U:1:197388939]><Blue>" with "tf_projectile_rocket" (attacker_position "-262 2704 -161") (victim_position "-522 2601 -159")
L 10/08/2014 - 12:13:19: "GutsAndGlory!<9><BOT><Red>" triggered "kill assist" against "splunk> CannonFodder<10><[U:1:197388939]><Blue>" (assister_position "-48 2886 -145") (attacker_position "-262 2704 -161") (victim_position "-522 2601 -159")
L 10/08/2014 - 12:13:26: "Chief Data Wrangler<13><[U:1:197363721]><Red>" killed "The Architect<12><[U:1:197287110]><Blue>" with "tf_projectile_rocket" (attacker_position "-44 2596 -247") (victim_position "-527 2902 -247")
L 10/08/2014 - 12:13:26: "GutsAndGlory!<9><BOT><Red>" triggered "kill assist" against "The Architect<12><[U:1:197287110]><Blue>" (assister_position "-127 2536 -247") (attacker_position "-44 2596 -247") (victim_position "-527 2902 -247")
L 10/08/2014 - 12:13:29: "Slysdexia<14><[U:1:12012915]><>" connected, address "192.168.1.126:27005"
L 10/08/2014 - 12:13:29: "Slysdexia<14><[U:1:12012915]><>" STEAM USERID validated
L 10/08/2014 - 12:13:32: "splunk> CannonFodder<10><[U:1:197388939]><Blue>" changed role to "sniper"
L 10/08/2014 - 12:13:35: "Slysdexia<14><[U:1:12012915]><>" entered the game
L 10/08/2014 - 12:13:41: "Headful of Eyeballs<6><BOT><Blue>" triggered "medic_death" against "GutsAndGlory!<9><BOT><Red>" (healing "1159") (ubercharge "0")
L 10/08/2014 - 12:13:41: "Headful of Eyeballs<6><BOT><Blue>" killed "GutsAndGlory!<9><BOT><Red>" with "tf_projectile_pipe" (attacker_position "-1370 2882 -251") (victim_position "-1312 2916 -255")
L 10/08/2014 - 12:13:42: "Aperture Science Prototype XR7<7><BOT><Red>" triggered "player_builtobject" (object "OBJ_DISPENSER") (position "-100 2535 -247")
L 10/08/2014 - 12:13:44: "Chief Data Wrangler<13><[U:1:197363721]><Red>" killed "Headful of Eyeballs<6><BOT><Blue>" with "tf_projectile_rocket" (attacker_position "-584 2705 -247") (victim_position "-576 2817 -247")
L 10/08/2014 - 12:13:48: "Aperture Science Prototype XR7<7><BOT><Red>" killed "Dog<2><BOT><Blue>" with "obj_sentrygun3" (attacker_position "-90 2522 -255") (victim_position "-40 2400 -255")
L 10/08/2014 - 12:13:55: "GLaDOS<5><BOT><Red>" triggered "medic_death" against "AimBot<8><BOT><Blue>" (healing "84") (ubercharge "0")
L 10/08/2014 - 12:13:55: "GLaDOS<5><BOT><Red>" killed "AimBot<8><BOT><Blue>" with "knife" (customkill "backstab") (attacker_position "-1143 2308 -415") (victim_position "-1095 2306 -415")
L 10/08/2014 - 12:14:04: "GLaDOS<5><BOT><Red>" killed "The Architect<12><[U:1:197287110]><Blue>" with "knife" (customkill "backstab") (attacker_position "-1345 2515 -442") (victim_position "-1291 2519 -434")
L 10/08/2014 - 12:14:08: "GutsAndGlory!<9><BOT><Red>" stuck (position "2459.35 1431.24 -225.97") (duration "3.15") L 10/08/2014 - 12:14:08:    path_goal ( "NULL" )
L 10/08/2014 - 12:14:08: "GutsAndGlory!<9><BOT><Red>" stuck (position "2449.88 1431.97 -200.66") (duration "3.26") L 10/08/2014 - 12:14:08:    path_goal ( "NULL" )
L 10/08/2014 - 12:14:09: "GutsAndGlory!<9><BOT><Red>" stuck (position "2445.86 1421.38 -225.97") (duration "4.31") L 10/08/2014 - 12:14:09:    path_goal ( "NULL" )
L 10/08/2014 - 12:14:14: "GutsAndGlory!<9><BOT><Red>" stuck (position "2424.27 1435.28 -223.97") (duration "3.17") L 10/08/2014 - 12:14:14:    path_goal ( "NULL" )
L 10/08/2014 - 12:14:14: "GutsAndGlory!<9><BOT><Red>" stuck (position "2415.78 1433.31 -198.66") (duration "3.27") L 10/08/2014 - 12:14:14:    path_goal ( "NULL" )
L 10/08/2014 - 12:14:15: "GutsAndGlory!<9><BOT><Red>" stuck (position "2454.32 1400.48 -225.97") (duration "4.32") L 10/08/2014 - 12:14:15:    path_goal ( "NULL" )
L 10/08/2014 - 12:14:16: "GutsAndGlory!<9><BOT><Red>" stuck (position "2440.98 1415.14 -225.97") (duration "5.37") L 10/08/2014 - 12:14:16:    path_goal ( "NULL" )
L 10/08/2014 - 12:14:17: "GutsAndGlory!<9><BOT><Red>" stuck (position "2438.27 1408.23 -225.97") (duration "6.42") L 10/08/2014 - 12:14:17:    path_goal ( "NULL" )
L 10/08/2014 - 12:14:18: "GLaDOS<5><BOT><Red>" triggered "captureblocked" (cp "0") (cpname "#Dustbowl_cap_1_A") (position "-217 2847 -240")
L 10/08/2014 - 12:14:18: "GLaDOS<5><BOT><Red>" killed "Headful of Eyeballs<6><BOT><Blue>" with "knife" (customkill "backstab") (attacker_position "-217 2847 -240") (victim_position "-210 2798 -240")
L 10/08/2014 - 12:14:18: "GutsAndGlory!<9><BOT><Red>" stuck (position "2430.45 1419.73 -225.97") (duration "7.50") L 10/08/2014 - 12:14:18:    path_goal ( "NULL" )
L 10/08/2014 - 12:14:19: "splunk> CannonFodder<10><[U:1:197388939]><Blue>" killed "Data Warrior<11><[U:1:197468749]><Red>" with "sniperrifle" (customkill "headshot") (attacker_position "-1814 2810 -255") (victim_position "-485 1954 -264")
L 10/08/2014 - 12:14:19: "Dog<2><BOT><Blue>" triggered "kill assist" against "Data Warrior<11><[U:1:197468749]><Red>" (assister_position "-910 2774 -255") (attacker_position "-1814 2810 -255") (victim_position "-485 1954 -264")
L 10/08/2014 - 12:14:19: "GutsAndGlory!<9><BOT><Red>" stuck (position "2435.79 1413.01 -225.97") (duration "8.55") L 10/08/2014 - 12:14:19:    path_goal ( "NULL" )
L 10/08/2014 - 12:14:20: "GutsAndGlory!<9><BOT><Red>" stuck (position "2438.61 1414.46 -225.97") (duration "9.60") L 10/08/2014 - 12:14:20:    path_goal ( "NULL" )
L 10/08/2014 - 12:14:21: "GutsAndGlory!<9><BOT><Red>" stuck (position "2434.87 1410.74 -225.97") (duration "10.65") L 10/08/2014 - 12:14:21:    path_goal ( "NULL" )
L 10/08/2014 - 12:14:22: "GutsAndGlory!<9><BOT><Red>" stuck (position "2437.13 1410.61 -225.97") (duration "11.70") L 10/08/2014 - 12:14:22:    path_goal ( "NULL" )
L 10/08/2014 - 12:14:23: "GutsAndGlory!<9><BOT><Red>" stuck (position "2432.28 1416.87 -225.97") (duration "12.75") L 10/08/2014 - 12:14:23:    path_goal ( "NULL" )
L 10/08/2014 - 12:14:24: "GutsAndGlory!<9><BOT><Red>" stuck (position "2434.79 1411.71 -225.97") (duration "13.80") L 10/08/2014 - 12:14:24:    path_goal ( "NULL" )
L 10/08/2014 - 12:14:25: Team "Blue" triggered "pointcaptured" (cp "0") (cpname "#Dustbowl_cap_1_A") (numcappers "2") (player1 "Dog<2><BOT><Blue>") (position1 "-245 2710 -240") (player2 "AimBot<8><BOT><Blue>") (position2 "-368 2822 -247") 
L 10/08/2014 - 12:14:26: "GutsAndGlory!<9><BOT><Red>" stuck (position "2440.78 1408.87 -225.97") (duration "0.11") L 10/08/2014 - 12:14:26:    path_goal ( "NULL" )
L 10/08/2014 - 12:14:27: "GutsAndGlory!<9><BOT><Red>" stuck (position "2441.16 1414.16 -225.97") (duration "1.18") L 10/08/2014 - 12:14:27:    path_goal ( "NULL" )
L 10/08/2014 - 12:14:28: "GutsAndGlory!<9><BOT><Red>" stuck (position "2439.87 1417.26 -225.97") (duration "2.24") L 10/08/2014 - 12:14:28:    path_goal ( "NULL" )
L 10/08/2014 - 12:14:29: "GutsAndGlory!<9><BOT><Red>" stuck (position "2439.92 1411.29 -225.97") (duration "3.29") L 10/08/2014 - 12:14:29:    path_goal ( "NULL" )
L 10/08/2014 - 12:14:30: "GutsAndGlory!<9><BOT><Red>" stuck (position "2440.51 1415.34 -225.97") (duration "4.34") L 10/08/2014 - 12:14:30:    path_goal ( "NULL" )
L 10/08/2014 - 12:14:31: "GutsAndGlory!<9><BOT><Red>" stuck (position "2440.95 1420.79 -225.97") (duration "5.39") L 10/08/2014 - 12:14:31:    path_goal ( "NULL" )
L 10/08/2014 - 12:14:32: "GutsAndGlory!<9><BOT><Red>" stuck (position "2440.95 1416.42 -225.97") (duration "6.43") L 10/08/2014 - 12:14:32:    path_goal ( "NULL" )
L 10/08/2014 - 12:14:33: "GutsAndGlory!<9><BOT><Red>" stuck (position "2440.93 1410.18 -225.97") (duration "7.49") L 10/08/2014 - 12:14:33:    path_goal ( "NULL" )
L 10/08/2014 - 12:14:34: "GutsAndGlory!<9><BOT><Red>" stuck (position "2434.16 1411.98 -225.97") (duration "8.54") L 10/08/2014 - 12:14:34:    path_goal ( "NULL" )
L 10/08/2014 - 12:14:35: "GutsAndGlory!<9><BOT><Red>" stuck (position "2431.97 1407.63 -225.97") (duration "9.59") L 10/08/2014 - 12:14:35:    path_goal ( "NULL" )
L 10/08/2014 - 12:14:36: "splunk> CannonFodder<10><[U:1:197388939]><Blue>" triggered "killedobject" (object "OBJ_DISPENSER") (weapon "smg") (objectowner "Aperture Science Prototype XR7<7><BOT><Red>") (attacker_position "-418 2891 -247")
L 10/08/2014 - 12:14:37: "GutsAndGlory!<9><BOT><Red>" stuck (position "2440.37 1416.80 -225.97") (duration "10.64") L 10/08/2014 - 12:14:37:    path_goal ( "NULL" )
L 10/08/2014 - 12:14:38: "GutsAndGlory!<9><BOT><Red>" stuck (position "2427.70 1407.45 -225.97") (duration "0.10") L 10/08/2014 - 12:14:38:    path_goal ( "2427.70 1250.00 -223.97" )
L 10/08/2014 - 12:14:39: "GutsAndGlory!<9><BOT><Red>" stuck (position "2407.14 1337.17 -225.97") (duration "1.15") L 10/08/2014 - 12:14:39:    path_goal ( "2407.52 1250.00 -223.97" )
L 10/08/2014 - 12:14:39: "Aperture Science Prototype XR7<7><BOT><Red>" killed "splunk> CannonFodder<10><[U:1:197388939]><Blue>" with "obj_sentrygun3" (attacker_position "1 2456 -255") (victim_position "-318 2902 -247")
L 10/08/2014 - 12:14:49: "Slysdexia<14><[U:1:12012915]><Unassigned>" joined team "Spectator"
L 10/08/2014 - 12:14:51: "GLaDOS<5><BOT><Red>" killed "Headful of Eyeballs<6><BOT><Blue>" with "knife" (customkill "backstab") (attacker_position "-1025 2027 -255") (victim_position "-976 2047 -255")
L 10/08/2014 - 12:14:52: "Headful of Eyeballs<6><BOT><Blue>" killed "AmNot<3><BOT><Red>" with "tf_projectile_pipe" (attacker_position "-976 2047 -187") (victim_position "-149 2417 -255")
L 10/08/2014 - 12:14:58: "GLaDOS<5><BOT><Red>" killed "HI THERE<4><BOT><Blue>" with "revolver" (attacker_position "-420 1927 -402") (victim_position "-398 2085 -415")
L 10/08/2014 - 12:14:58: "HI THERE<4><BOT><Blue>" changed role to "pyro"
L 10/08/2014 - 12:15:02: "The Architect<12><[U:1:197287110]><Blue>" killed "GLaDOS<5><BOT><Red>" with "tf_projectile_pipe" (attacker_position "-1307 2670 -189") (victim_position "-307 1911 -415")
L 10/08/2014 - 12:15:02: "GLaDOS<5><BOT><Red>" changed role to "demoman"
L 10/08/2014 - 12:15:03: "splunk> CannonFodder<10><[U:1:197388939]><Blue>" changed role to "soldier"
L 10/08/2014 - 12:15:09: "Dog<2><BOT><Blue>" triggered "killedobject" (object "OBJ_SENTRYGUN") (weapon "pistol_scout") (objectowner "AmNot<3><BOT><Red>") (attacker_position "-1593 2008 -240")
L 10/08/2014 - 12:15:20: "AmNot<3><BOT><Red>" triggered "player_builtobject" (object "OBJ_TELEPORTER") (position "2492 976 -188")
L 10/08/2014 - 12:15:25: "Dog<2><BOT><Blue>" triggered "killedobject" (object "OBJ_SENTRYGUN") (weapon "pistol_scout") (objectowner "Aperture Science Prototype XR7<7><BOT><Red>") (attacker_position "-1248 1953 -237")
L 10/08/2014 - 12:15:32: "Chief Data Wrangler<13><[U:1:197363721]><Red>" killed "HI THERE<4><BOT><Blue>" with "tf_projectile_rocket" (attacker_position "13 2376 -269") (victim_position "-91 2313 -289")
L 10/08/2014 - 12:15:32: "GutsAndGlory!<9><BOT><Red>" triggered "kill assist" against "HI THERE<4><BOT><Blue>" (assister_position "245 2261 -255") (attacker_position "13 2376 -269") (victim_position "-91 2313 -289")
L 10/08/2014 - 12:15:32: "HI THERE<4><BOT><Blue>" changed role to "sniper"
L 10/08/2014 - 12:15:34: "Aperture Science Prototype XR7<7><BOT><Red>" triggered "player_builtobject" (object "OBJ_SENTRYGUN") (position "1880 2337 -205")
L 10/08/2014 - 12:15:35: "AmNot<3><BOT><Red>" triggered "player_builtobject" (object "OBJ_SENTRYGUN") (position "1558 2180 -196")
L 10/08/2014 - 12:15:36: "Chief Data Wrangler<13><[U:1:197363721]><Red>" killed "The Architect<12><[U:1:197287110]><Blue>" with "tf_projectile_rocket" (attacker_position "-168 2726 -162") (victim_position "-528 2842 -247")
L 10/08/2014 - 12:15:36: "GutsAndGlory!<9><BOT><Red>" triggered "kill assist" against "The Architect<12><[U:1:197287110]><Blue>" (assister_position "-84 2685 -247") (attacker_position "-168 2726 -162") (victim_position "-528 2842 -247")
L 10/08/2014 - 12:15:43: "Data Warrior<11><[U:1:197468749]><Red>" killed "Dog<2><BOT><Blue>" with "tf_projectile_rocket" (attacker_position "403 2500 -255") (victim_position "188 2469 -255")
L 10/08/2014 - 12:15:49: "splunk> CannonFodder<10><[U:1:197388939]><Blue>" killed "Data Warrior<11><[U:1:197468749]><Red>" with "tf_projectile_rocket" (attacker_position "-900 2795 -255") (victim_position "175 2135 -258")
L 10/08/2014 - 12:15:49: "AimBot<8><BOT><Blue>" triggered "kill assist" against "Data Warrior<11><[U:1:197468749]><Red>" (assister_position "-1266 2789 -248") (attacker_position "-900 2795 -255") (victim_position "175 2135 -258")
L 10/08/2014 - 12:15:52: "Headful of Eyeballs<6><BOT><Blue>" triggered "medic_death" against "GutsAndGlory!<9><BOT><Red>" (healing "835") (ubercharge "1")
L 10/08/2014 - 12:15:52: "Headful of Eyeballs<6><BOT><Blue>" killed "GutsAndGlory!<9><BOT><Red>" with "tf_projectile_pipe" (attacker_position "227 2219 -255") (victim_position "-111 2535 -247")
L 10/08/2014 - 12:15:52: "splunk> CannonFodder<10><[U:1:197388939]><Blue>" triggered "kill assist" against "GutsAndGlory!<9><BOT><Red>" (assister_position "-385 2870 -247") (attacker_position "227 2219 -255") (victim_position "-111 2535 -247")
L 10/08/2014 - 12:15:52: "Chief Data Wrangler<13><[U:1:197363721]><Red>" triggered "medic_death" against "AimBot<8><BOT><Blue>" (healing "706") (ubercharge "0")
L 10/08/2014 - 12:15:52: "Chief Data Wrangler<13><[U:1:197363721]><Red>" killed "AimBot<8><BOT><Blue>" with "tf_projectile_rocket" (attacker_position "-171 2902 -243") (victim_position "-402 2873 -97")
L 10/08/2014 - 12:15:55: "AmNot<3><BOT><Red>" killed "Headful of Eyeballs<6><BOT><Blue>" with "shotgun_primary" (attacker_position "-13 2530 -255") (victim_position "109 2347 -269")
L 10/08/2014 - 12:15:55: "Aperture Science Prototype XR7<7><BOT><Red>" triggered "kill assist" against "Headful of Eyeballs<6><BOT><Blue>" (assister_position "-105 2544 -247") (attacker_position "-13 2530 -255") (victim_position "109 2347 -269")
L 10/08/2014 - 12:15:55: "Headful of Eyeballs<6><BOT><Blue>" changed role to "scout"
L 10/08/2014 - 12:16:05: "Chief Data Wrangler<13><[U:1:197363721]><Red>" killed "splunk> CannonFodder<10><[U:1:197388939]><Blue>" with "tf_projectile_rocket" (attacker_position "-715 2805 -255") (victim_position "-579 2460 -235")
L 10/08/2014 - 12:16:17: "Aperture Science Prototype XR7<7><BOT><Red>" killed "HI THERE<4><BOT><Blue>" with "obj_sentrygun2" (attacker_position "448 2556 -249") (victim_position "1053 2365 -254")
L 10/08/2014 - 12:16:17: "AmNot<3><BOT><Red>" triggered "kill assist" against "HI THERE<4><BOT><Blue>" (assister_position "1319 2279 -259") (attacker_position "448 2556 -249") (victim_position "1053 2365 -254")
L 10/08/2014 - 12:16:17: "HI THERE<4><BOT><Blue>" changed role to "demoman"
L 10/08/2014 - 12:16:34: "Aperture Science Prototype XR7<7><BOT><Red>" killed "Headful of Eyeballs<6><BOT><Blue>" with "obj_sentrygun2" (attacker_position "1598 2329 -205") (victim_position "989 2459 -252")
L 10/08/2014 - 12:16:34: "AmNot<3><BOT><Red>" triggered "kill assist" against "Headful of Eyeballs<6><BOT><Blue>" (assister_position "1512 2201 -207") (attacker_position "1598 2329 -205") (victim_position "989 2459 -252")
L 10/08/2014 - 12:16:34: "Headful of Eyeballs<6><BOT><Blue>" changed role to "demoman"
L 10/08/2014 - 12:16:48: "Slysdexia<14><[U:1:12012915]><Spectator>" joined team "Blue"
L 10/08/2014 - 12:16:49: "Chief Data Wrangler<13><[U:1:197363721]><Red>" killed "Dog<2><BOT><Blue>" with "tf_projectile_rocket" (attacker_position "-582 2812 -247") (victim_position "-1506 2821 -250")
L 10/08/2014 - 12:16:49: "Data Warrior<11><[U:1:197468749]><Red>" triggered "kill assist" against "Dog<2><BOT><Blue>" (assister_position "-43 2681 -247") (attacker_position "-582 2812 -247") (victim_position "-1506 2821 -250")
L 10/08/2014 - 12:16:50: "HI THERE<4><BOT><Blue>" killed "Chief Data Wrangler<13><[U:1:197363721]><Red>" with "tf_projectile_pipe" (attacker_position "-1516 2814 -250") (victim_position "-424 2802 -247")
L 10/08/2014 - 12:16:50: "Dog<2><BOT><Blue>" triggered "kill assist" against "Chief Data Wrangler<13><[U:1:197363721]><Red>" (assister_position "-1506 2821 -165") (attacker_position "-1516 2814 -250") (victim_position "-424 2802 -247")
L 10/08/2014 - 12:16:50: "Aperture Science Prototype XR7<7><BOT><Red>" triggered "player_builtobject" (object "OBJ_DISPENSER") (position "1880 2358 -205")
L 10/08/2014 - 12:16:54: "Slysdexia<14><[U:1:12012915]><Blue>" changed role to "heavyweapons"
L 10/08/2014 - 12:16:56: "Slysdexia<14><[U:1:12012915]><Blue>" joined team "Red"
L 10/08/2014 - 12:16:56: "Slysdexia<14><[U:1:12012915]><Red>" committed suicide with "world" (attacker_position "-3280 2750 -449")
L 10/08/2014 - 12:16:59: "Chief Data Wrangler<13><[U:1:197363721]><Red>" joined team "Spectator"
L 10/08/2014 - 12:17:03: "HI THERE<4><BOT><Blue>" triggered "medic_death" against "GutsAndGlory!<9><BOT><Red>" (healing "463") (ubercharge "0")
L 10/08/2014 - 12:17:03: "HI THERE<4><BOT><Blue>" killed "GutsAndGlory!<9><BOT><Red>" with "tf_projectile_pipe" (attacker_position "-270 2899 -209") (victim_position "-158 2596 -247")
L 10/08/2014 - 12:17:03: "splunk> CannonFodder<10><[U:1:197388939]><Blue>" triggered "kill assist" against "GutsAndGlory!<9><BOT><Red>" (assister_position "-96 2301 -292") (attacker_position "-270 2899 -209") (victim_position "-158 2596 -247")
L 10/08/2014 - 12:17:03: "AmNot<3><BOT><Red>" triggered "player_builtobject" (object "OBJ_DISPENSER") (position "1584 2191 -192")
L 10/08/2014 - 12:17:05: "Data Warrior<11><[U:1:197468749]><Red>" killed "HI THERE<4><BOT><Blue>" with "world" (attacker_position "-135 2816 -240") (victim_position "-41 2902 -199")
L 10/08/2014 - 12:17:14: "AmNot<3><BOT><Red>" killed "The Architect<12><[U:1:197287110]><Blue>" with "shotgun_primary" (attacker_position "201 2521 -255") (victim_position "-557 2101 -415")
L 10/08/2014 - 12:17:14: "Data Warrior<11><[U:1:197468749]><Red>" triggered "kill assist" against "The Architect<12><[U:1:197287110]><Blue>" (assister_position "13 1753 -246") (attacker_position "201 2521 -255") (victim_position "-557 2101 -415")
L 10/08/2014 - 12:17:24: "splunk> CannonFodder<10><[U:1:197388939]><Blue>" triggered "killedobject" (object "OBJ_DISPENSER") (weapon "tf_projectile_rocket") (objectowner "Aperture Science Prototype XR7<7><BOT><Red>") (attacker_position "1206 2011 -63")
L 10/08/2014 - 12:17:24: "AimBot<8><BOT><Blue>" triggered "killedobject" (object "OBJ_DISPENSER") (objectowner "Aperture Science Prototype XR7<7><BOT><Red>") (assist "1") (assister_position "1194 1886 -63") (attacker_position "1206 2011 -63")
L 10/08/2014 - 12:17:25: "The Architect<12><[U:1:197287110]><Blue>" changed role to "heavyweapons"
L 10/08/2014 - 12:17:31: "GutsAndGlory!<9><BOT><Red>" stuck (position "2635.30 1120.57 -223.97") (duration "3.15") L 10/08/2014 - 12:17:31:    path_goal ( "NULL" )
L 10/08/2014 - 12:17:31: "GutsAndGlory!<9><BOT><Red>" stuck (position "2641.99 1097.16 -198.66") (duration "3.25") L 10/08/2014 - 12:17:31:    path_goal ( "NULL" )
L 10/08/2014 - 12:17:32: "GutsAndGlory!<9><BOT><Red>" stuck (position "2650.30 1135.55 -223.97") (duration "4.30") L 10/08/2014 - 12:17:32:    path_goal ( "2650.00 1250.00 -223.97" )
L 10/08/2014 - 12:17:36: "Aperture Science Prototype XR7<7><BOT><Red>" triggered "player_builtobject" (object "OBJ_DISPENSER") (position "1888 2335 -204")
L 10/08/2014 - 12:17:36: "Dog<2><BOT><Blue>" killed "Data Warrior<11><[U:1:197468749]><Red>" with "pistol_scout" (attacker_position "-198 2293 -315") (victim_position "203 2299 -255")
L 10/08/2014 - 12:17:36: "Headful of Eyeballs<6><BOT><Blue>" triggered "kill assist" against "Data Warrior<11><[U:1:197468749]><Red>" (assister_position "-902 2428 -415") (attacker_position "-198 2293 -315") (victim_position "203 2299 -255")
L 10/08/2014 - 12:17:38: "AimBot<8><BOT><Blue>" triggered "chargedeployed"
L 10/08/2014 - 12:17:38: "AmNot<3><BOT><Red>" triggered "player_builtobject" (object "OBJ_TELEPORTER") (position "1551 2180 -198")
L 10/08/2014 - 12:17:40: "AmNot<3><BOT><Red>" killed "Dog<2><BOT><Blue>" with "obj_sentrygun3" (attacker_position "1574 2185 -192") (victim_position "854 2502 -252")
L 10/08/2014 - 12:17:40: "Aperture Science Prototype XR7<7><BOT><Red>" triggered "kill assist" against "Dog<2><BOT><Blue>" (assister_position "1873 2341 -206") (attacker_position "1574 2185 -192") (victim_position "854 2502 -252")
L 10/08/2014 - 12:17:42: "splunk> CannonFodder<10><[U:1:197388939]><Blue>" triggered "killedobject" (object "OBJ_TELEPORTER") (weapon "tf_projectile_rocket") (objectowner "AmNot<3><BOT><Red>") (attacker_position "1048 2087 -63")
L 10/08/2014 - 12:17:42: "AimBot<8><BOT><Blue>" triggered "killedobject" (object "OBJ_TELEPORTER") (objectowner "AmNot<3><BOT><Red>") (assist "1") (assister_position "1166 1997 -63") (attacker_position "1048 2087 -63")
L 10/08/2014 - 12:17:51: "Aperture Science Prototype XR7<7><BOT><Red>" killed "HI THERE<4><BOT><Blue>" with "obj_sentrygun3" (attacker_position "1856 2295 -204") (victim_position "993 2240 -254")
L 10/08/2014 - 12:17:52: "splunk> CannonFodder<10><[U:1:197388939]><Blue>" triggered "killedobject" (object "OBJ_DISPENSER") (weapon "tf_projectile_rocket") (objectowner "Aperture Science Prototype XR7<7><BOT><Red>") (attacker_position "1058 1889 -63")
L 10/08/2014 - 12:17:52: "AimBot<8><BOT><Blue>" triggered "killedobject" (object "OBJ_DISPENSER") (objectowner "Aperture Science Prototype XR7<7><BOT><Red>") (assist "1") (assister_position "1056 1711 -63") (attacker_position "1058 1889 -63")
L 10/08/2014 - 12:17:54: "GLaDOS<5><BOT><Red>" killed "Headful of Eyeballs<6><BOT><Blue>" with "tf_projectile_pipe" (attacker_position "1866 1946 -199") (victim_position "1117 1868 -63")
L 10/08/2014 - 12:17:54: "Slysdexia<14><[U:1:12012915]><Red>" triggered "kill assist" against "Headful of Eyeballs<6><BOT><Blue>" (assister_position "1956 2353 -198") (attacker_position "1866 1946 -199") (victim_position "1117 1868 -63")
L 10/08/2014 - 12:17:55: "GLaDOS<5><BOT><Red>" triggered "medic_death" against "AimBot<8><BOT><Blue>" (healing "1033") (ubercharge "0")
L 10/08/2014 - 12:17:55: "GLaDOS<5><BOT><Red>" killed "AimBot<8><BOT><Blue>" with "tf_projectile_pipe" (attacker_position "1886 1714 -202") (victim_position "979 1801 -63")
L 10/08/2014 - 12:17:56: "Data Warrior<11><[U:1:197468749]><Red>" changed role to "sniper"
L 10/08/2014 - 12:18:13: "Slysdexia<14><[U:1:12012915]><Red>" killed "splunk> CannonFodder<10><[U:1:197388939]><Blue>" with "brass_beast" (attacker_position "776 1643 -183") (victim_position "791 1562 -177")
L 10/08/2014 - 12:18:13: "GutsAndGlory!<9><BOT><Red>" triggered "kill assist" against "splunk> CannonFodder<10><[U:1:197388939]><Blue>" (assister_position "739 1815 -255") (attacker_position "776 1643 -183") (victim_position "791 1562 -177")
L 10/08/2014 - 12:18:13: "Aperture Science Prototype XR7<7><BOT><Red>" triggered "player_builtobject" (object "OBJ_DISPENSER") (position "1909 2348 -202")
L 10/08/2014 - 12:18:15: "AmNot<3><BOT><Red>" killed "The Architect<12><[U:1:197287110]><Blue>" with "obj_sentrygun3" (attacker_position "1590 2227 -195") (victim_position "622 2642 -250")
L 10/08/2014 - 12:18:24: "AmNot<3><BOT><Red>" triggered "player_builtobject" (object "OBJ_TELEPORTER") (position "1608 2229 -195")
L 10/08/2014 - 12:18:26: "Aperture Science Prototype XR7<7><BOT><Red>" killed "Dog<2><BOT><Blue>" with "obj_sentrygun3" (attacker_position "1890 2281 -204") (victim_position "2399 2421 -143")
L 10/08/2014 - 12:18:41: "HI THERE<4><BOT><Blue>" killed "Aperture Science Prototype XR7<7><BOT><Red>" with "tf_projectile_pipe" (attacker_position "2283 2397 -136") (victim_position "1905 2268 -203")
L 10/08/2014 - 12:18:41: "Headful of Eyeballs<6><BOT><Blue>" triggered "kill assist" against "Aperture Science Prototype XR7<7><BOT><Red>" (assister_position "2157 2520 -143") (attacker_position "2283 2397 -136") (victim_position "1905 2268 -203")
L 10/08/2014 - 12:18:41: "GLaDOS<5><BOT><Red>" triggered "medic_death" against "AimBot<8><BOT><Blue>" (healing "269") (ubercharge "0")
L 10/08/2014 - 12:18:41: "GLaDOS<5><BOT><Red>" killed "AimBot<8><BOT><Blue>" with "tf_projectile_pipe_remote" (attacker_position "2382 2202 -143") (victim_position "1730 2692 -147")
L 10/08/2014 - 12:18:41: "GLaDOS<5><BOT><Red>" triggered "domination" against "AimBot<8><BOT><Blue>"
L 10/08/2014 - 12:18:42: "HI THERE<4><BOT><Blue>" triggered "killedobject" (object "OBJ_DISPENSER") (weapon "tf_projectile_pipe") (objectowner "Aperture Science Prototype XR7<7><BOT><Red>") (attacker_position "2379 2454 -143")
L 10/08/2014 - 12:18:42: "Aperture Science Prototype XR7<7><BOT><Red>" killed "Headful of Eyeballs<6><BOT><Blue>" with "obj_sentrygun3" (attacker_position "1905 2268 -135") (victim_position "2269 2463 -136")
L 10/08/2014 - 12:18:42: "GLaDOS<5><BOT><Red>" triggered "kill assist" against "Headful of Eyeballs<6><BOT><Blue>" (assister_position "2366 2222 -143") (attacker_position "1905 2268 -135") (victim_position "2269 2463 -136")
L 10/08/2014 - 12:18:42: "GLaDOS<5><BOT><Red>" triggered "domination" against "Headful of Eyeballs<6><BOT><Blue>" (assist "1")
L 10/08/2014 - 12:18:42: "splunk> CannonFodder<10><[U:1:197388939]><Blue>" changed role to "heavyweapons"
L 10/08/2014 - 12:18:42: "HI THERE<4><BOT><Blue>" triggered "killedobject" (object "OBJ_SENTRYGUN") (weapon "tf_projectile_pipe") (objectowner "Aperture Science Prototype XR7<7><BOT><Red>") (attacker_position "2352 2563 -143")
L 10/08/2014 - 12:18:44: "HI THERE<4><BOT><Blue>" triggered "killedobject" (object "OBJ_TELEPORTER") (weapon "tf_projectile_pipe") (objectowner "AmNot<3><BOT><Red>") (attacker_position "2161 2271 -143")
L 10/08/2014 - 12:18:44: "splunk> CannonFodder<10><[U:1:197388939]><Blue>" changed role to "medic"
L 10/08/2014 - 12:18:45: "GLaDOS<5><BOT><Red>" triggered "captureblocked" (cp "1") (cpname "#Dustbowl_cap_1_B") (position "2294 2202 -143")
L 10/08/2014 - 12:18:45: "GLaDOS<5><BOT><Red>" killed "HI THERE<4><BOT><Blue>" with "tf_projectile_pipe" (attacker_position "2294 2202 -143") (victim_position "2134 2271 -143")
L 10/08/2014 - 12:18:45: "Aperture Science Prototype XR7<7><BOT><Red>" triggered "kill assist" against "HI THERE<4><BOT><Blue>" (assister_position "1905 2268 -135") (attacker_position "2294 2202 -143") (victim_position "2134 2271 -143")
L 10/08/2014 - 12:18:45: "GLaDOS<5><BOT><Red>" triggered "domination" against "HI THERE<4><BOT><Blue>"
L 10/08/2014 - 12:18:45: "HI THERE<4><BOT><Blue>" killed "GLaDOS<5><BOT><Red>" with "world" (attacker_position "2134 2271 -143") (victim_position "2294 2202 -143")
L 10/08/2014 - 12:18:45: "HI THERE<4><BOT><Blue>" triggered "revenge" against "GLaDOS<5><BOT><Red>"
L 10/08/2014 - 12:18:45: "GLaDOS<5><BOT><Red>" changed role to "soldier"
L 10/08/2014 - 12:19:07: "Dog<2><BOT><Blue>" triggered "killedobject" (object "OBJ_DISPENSER") (weapon "pistol_scout") (objectowner "AmNot<3><BOT><Red>") (attacker_position "2325 2520 -143")
L 10/08/2014 - 12:19:08: "Aperture Science Prototype XR7<7><BOT><Red>" triggered "player_builtobject" (object "OBJ_SENTRYGUN") (position "1839 2015 -195")
L 10/08/2014 - 12:19:08: "AmNot<3><BOT><Red>" killed "Dog<2><BOT><Blue>" with "obj_sentrygun3" (attacker_position "1521 2130 -206") (victim_position "2399 2385 -141")
L 10/08/2014 - 12:19:08: "Slysdexia<14><[U:1:12012915]><Red>" triggered "kill assist" against "Dog<2><BOT><Blue>" (assister_position "1302 2125 -63") (attacker_position "1521 2130 -206") (victim_position "2399 2385 -141")
L 10/08/2014 - 12:19:08: "AmNot<3><BOT><Red>" triggered "domination" against "Dog<2><BOT><Blue>"
L 10/08/2014 - 12:19:15: "AmNot<3><BOT><Red>" triggered "player_builtobject" (object "OBJ_TELEPORTER") (position "1521 2129 -207")
L 10/08/2014 - 12:19:22: "Headful of Eyeballs<6><BOT><Blue>" triggered "medic_death" against "GutsAndGlory!<9><BOT><Red>" (healing "1055") (ubercharge "1")
L 10/08/2014 - 12:19:22: "Headful of Eyeballs<6><BOT><Blue>" killed "GutsAndGlory!<9><BOT><Red>" with "tf_projectile_pipe" (attacker_position "1466 2681 -61") (victim_position "1241 2058 -63")
L 10/08/2014 - 12:19:26: "AmNot<3><BOT><Red>" triggered "player_builtobject" (object "OBJ_DISPENSER") (position "1565 2187 -186")
L 10/08/2014 - 12:19:27: "GLaDOS<5><BOT><Red>" triggered "captureblocked" (cp "1") (cpname "#Dustbowl_cap_1_B") (position "2324 2306 -136")
L 10/08/2014 - 12:19:29: "GLaDOS<5><BOT><Red>" killed "Headful of Eyeballs<6><BOT><Blue>" with "tf_projectile_rocket" (attacker_position "2167 2323 -139") (victim_position "2391 2461 -32")
L 10/08/2014 - 12:19:29: "AmNot<3><BOT><Red>" triggered "kill assist" against "Headful of Eyeballs<6><BOT><Blue>" (assister_position "1476 2213 -218") (attacker_position "2167 2323 -139") (victim_position "2391 2461 -32")
L 10/08/2014 - 12:19:30: "Aperture Science Prototype XR7<7><BOT><Red>" triggered "medic_death" against "AimBot<8><BOT><Blue>" (healing "276") (ubercharge "0")
L 10/08/2014 - 12:19:30: "Aperture Science Prototype XR7<7><BOT><Red>" killed "AimBot<8><BOT><Blue>" with "obj_sentrygun" (attacker_position "1342 2258 -257") (victim_position "1792 2581 -191")
L 10/08/2014 - 12:19:30: "AmNot<3><BOT><Red>" triggered "kill assist" against "AimBot<8><BOT><Blue>" (assister_position "1494 2177 -212") (attacker_position "1342 2258 -257") (victim_position "1792 2581 -191")
L 10/08/2014 - 12:19:30: "AimBot<8><BOT><Blue>" changed role to "demoman"
L 10/08/2014 - 12:19:32: "AmNot<3><BOT><Red>" stuck (position "1489.42 2182.46 -213.61") (duration "3.36") L 10/08/2014 - 12:19:32:    path_goal ( "1533.36 2199.96 -212.63" )
L 10/08/2014 - 12:19:32: "AmNot<3><BOT><Red>" stuck (position "1487.10 2189.95 -207.68") (duration "3.46") L 10/08/2014 - 12:19:32:    path_goal ( "1533.36 2199.96 -212.63" )
L 10/08/2014 - 12:19:33: "AmNot<3><BOT><Red>" stuck (position "1545.63 2203.38 -186.68") (duration "0.11") L 10/08/2014 - 12:19:33:    path_goal ( "1545.63 2200.00 -211.28" )
L 10/08/2014 - 12:19:35: "AmNot<3><BOT><Red>" stuck (position "1523.15 2193.21 -186.68") (duration "0.10") L 10/08/2014 - 12:19:35:    path_goal ( "1533.36 2199.96 -212.63" )
L 10/08/2014 - 12:19:35: "GLaDOS<5><BOT><Red>" triggered "captureblocked" (cp "1") (cpname "#Dustbowl_cap_1_B") (position "2165 2332 -79")
L 10/08/2014 - 12:19:35: "GLaDOS<5><BOT><Red>" killed "HI THERE<4><BOT><Blue>" with "tf_projectile_rocket" (attacker_position "2165 2332 -79") (victim_position "2355 2444 -136")
L 10/08/2014 - 12:19:35: "Aperture Science Prototype XR7<7><BOT><Red>" triggered "kill assist" against "HI THERE<4><BOT><Blue>" (assister_position "203 2305 -255") (attacker_position "2165 2332 -79") (victim_position "2355 2444 -136")
L 10/08/2014 - 12:19:39: "Data Warrior<11><[U:1:197468749]><Red>" killed "The Architect<12><[U:1:197287110]><Blue>" with "sniperrifle" (customkill "headshot") (attacker_position "2538 1624 -191") (victim_position "876 2759 -55")
L 10/08/2014 - 12:19:40: "AmNot<3><BOT><Red>" stuck (position "1526.50 2200.69 -186.68") (duration "0.10") L 10/08/2014 - 12:19:40:    path_goal ( "1600.00 2275.00 -210.00" )
L 10/08/2014 - 12:19:47: "AmNot<3><BOT><Red>" triggered "medic_death" against "splunk> CannonFodder<10><[U:1:197388939]><Blue>" (healing "728") (ubercharge "0")
L 10/08/2014 - 12:19:47: "AmNot<3><BOT><Red>" killed "splunk> CannonFodder<10><[U:1:197388939]><Blue>" with "obj_sentrygun3" (attacker_position "1496 2178 -211") (victim_position "1100 2747 -255")
L 10/08/2014 - 12:19:47: "Aperture Science Prototype XR7<7><BOT><Red>" triggered "kill assist" against "splunk> CannonFodder<10><[U:1:197388939]><Blue>" (assister_position "1531 2267 -213") (attacker_position "1496 2178 -211") (victim_position "1100 2747 -255")
L 10/08/2014 - 12:19:51: "AmNot<3><BOT><Red>" stuck (position "1494.62 2188.68 -212.31") (duration "3.89") L 10/08/2014 - 12:19:51:    path_goal ( "1533.36 2199.96 -212.63" )
L 10/08/2014 - 12:19:51: "AmNot<3><BOT><Red>" stuck (position "1491.28 2220.00 -187.01") (duration "3.99") L 10/08/2014 - 12:19:51:    path_goal ( "1533.36 2199.96 -212.63" )
L 10/08/2014 - 12:19:52: "Dog<2><BOT><Blue>" killed "GLaDOS<5><BOT><Red>" with "scattergun" (attacker_position "2206 2618 -159") (victim_position "2356 2329 -136")
L 10/08/2014 - 12:19:54: "AmNot<3><BOT><Red>" killed "Dog<2><BOT><Blue>" with "obj_sentrygun3" (attacker_position "1338 2299 -257") (victim_position "2382 2389 -136")
L 10/08/2014 - 12:19:54: "Aperture Science Prototype XR7<7><BOT><Red>" triggered "kill assist" against "Dog<2><BOT><Blue>" (assister_position "1887 2069 -203") (attacker_position "1338 2299 -257") (victim_position "2382 2389 -136")
L 10/08/2014 - 12:19:54: "Aperture Science Prototype XR7<7><BOT><Red>" triggered "domination" against "Dog<2><BOT><Blue>" (assist "1")
L 10/08/2014 - 12:20:01: World triggered "Round_Overtime"
L 10/08/2014 - 12:20:02: "AmNot<3><BOT><Red>" stuck (position "1489.72 2171.52 -213.54") (duration "3.49") L 10/08/2014 - 12:20:02:    path_goal ( "1533.36 2199.96 -212.63" )
L 10/08/2014 - 12:20:02: "AmNot<3><BOT><Red>" stuck (position "1495.52 2178.98 -188.23") (duration "3.60") L 10/08/2014 - 12:20:02:    path_goal ( "1533.36 2199.96 -212.63" )
L 10/08/2014 - 12:20:05: World triggered "Mini_Round_Win" (winner "Red") (round "round_1")
L 10/08/2014 - 12:20:05: World triggered "Mini_Round_Length" (seconds "604.62")
L 10/08/2014 - 12:20:05: World triggered "Round_Win" (winner "Red")
L 10/08/2014 - 12:20:05: Team "Red" current score "0" with "6" players
L 10/08/2014 - 12:20:05: Team "Blue" current score "1" with "6" players
L 10/08/2014 - 12:20:09: "splunk> security warrior<15><[U:1:229722400]><>" connected, address "192.168.1.113:27005"
L 10/08/2014 - 12:20:09: "splunk> security warrior<15><[U:1:229722400]><>" STEAM USERID validated
L 10/08/2014 - 12:20:13: "splunk> security warrior<15><[U:1:229722400]><>" entered the game
L 10/08/2014 - 12:20:13: "Aperture Science Prototype XR7<7><BOT><Red>" killed "AimBot<8><BOT><Blue>" with "obj_sentrygun3" (attacker_position "-148 2676 -247") (victim_position "1803 2757 -191")
L 10/08/2014 - 12:20:15: "Aperture Science Prototype XR7<7><BOT><Red>" killed "Headful of Eyeballs<6><BOT><Blue>" with "obj_sentrygun3" (attacker_position "-96 2589 -247") (victim_position "1792 2764 -191")
L 10/08/2014 - 12:20:22: World triggered "Game_Over" reason "Reached Time Limit"
L 10/08/2014 - 12:20:22: Team "Red" final score "0" with "6" players
L 10/08/2014 - 12:20:22: Team "Blue" final score "1" with "6" players
L 10/08/2014 - 12:20:23: "nulltr0n<16><[U:1:197388838]><>" connected, address "192.168.1.114:27005"
L 10/08/2014 - 12:20:24: "nulltr0n<16><[U:1:197388838]><>" STEAM USERID validated
L 10/08/2014 - 12:20:25: "GutsAndGlory!<9><BOT><Red>" stuck (position "1730.90 1447.53 -183.10") (duration "3.15") L 10/08/2014 - 12:20:25:    path_goal ( "1775.00 1850.00 -192.75" )
L 10/08/2014 - 12:20:25: "GutsAndGlory!<9><BOT><Red>" stuck (position "1730.90 1447.53 -183.10") (duration "3.26") L 10/08/2014 - 12:20:25:    path_goal ( "1775.00 1850.00 -192.75" )
L 10/08/2014 - 12:20:25: "AmNot<3><BOT><Red>" stuck (position "1497.69 2201.73 -211.82") (duration "3.36") L 10/08/2014 - 12:20:25:    path_goal ( "1533.36 2199.96 -212.63" )
L 10/08/2014 - 12:20:25: "AmNot<3><BOT><Red>" stuck (position "1497.69 2201.73 -211.82") (duration "3.46") L 10/08/2014 - 12:20:25:    path_goal ( "1533.36 2199.96 -212.63" )
L 10/08/2014 - 12:20:25: "Aperture Science Prototype XR7<7><BOT><Red>" stuck (position "-614.56 2167.62 -415.97") (duration "3.36") L 10/08/2014 - 12:20:25:    path_goal ( "-614.56 2250.00 -413.20" )
L 10/08/2014 - 12:20:26: "Aperture Science Prototype XR7<7><BOT><Red>" stuck (position "-614.56 2167.62 -415.97") (duration "3.47") L 10/08/2014 - 12:20:26:    path_goal ( "-614.56 2250.00 -413.20" )
L 10/08/2014 - 12:20:26: "HI THERE<4><BOT><Blue>" stuck (position "1592.87 2681.89 -63.97") (duration "3.89") L 10/08/2014 - 12:20:26:    path_goal ( "1900.00 2675.00 -191.97" )
L 10/08/2014 - 12:20:26: "GutsAndGlory!<9><BOT><Red>" stuck (position "1730.90 1447.53 -183.10") (duration "4.30") L 10/08/2014 - 12:20:26:    path_goal ( "1775.00 1850.00 -192.75" )
L 10/08/2014 - 12:20:26: "AmNot<3><BOT><Red>" stuck (position "1497.69 2201.73 -211.82") (duration "4.52") L 10/08/2014 - 12:20:26:    path_goal ( "1533.36 2199.96 -212.63" )
L 10/08/2014 - 12:20:27: "Aperture Science Prototype XR7<7><BOT><Red>" stuck (position "-614.56 2167.62 -415.97") (duration "4.52") L 10/08/2014 - 12:20:27:    path_goal ( "-614.56 2250.00 -413.20" )
L 10/08/2014 - 12:20:27: "GutsAndGlory!<9><BOT><Red>" stuck (position "1730.90 1447.53 -183.10") (duration "5.35") L 10/08/2014 - 12:20:27:    path_goal ( "1775.00 1850.00 -192.75" )
L 10/08/2014 - 12:20:27: "nulltr0n<16><[U:1:197388838]><>" entered the game
L 10/08/2014 - 12:20:27: "AmNot<3><BOT><Red>" stuck (position "1497.69 2201.73 -211.82") (duration "5.57") L 10/08/2014 - 12:20:27:    path_goal ( "1533.36 2199.96 -212.63" )
L 10/08/2014 - 12:20:28: "Aperture Science Prototype XR7<7><BOT><Red>" stuck (position "-614.56 2167.62 -415.97") (duration "5.57") L 10/08/2014 - 12:20:28:    path_goal ( "-614.56 2250.00 -413.20" )
L 10/08/2014 - 12:20:28: "GutsAndGlory!<9><BOT><Red>" stuck (position "1730.90 1447.53 -183.10") (duration "6.40") L 10/08/2014 - 12:20:28:    path_goal ( "1775.00 1850.00 -192.75" )
L 10/08/2014 - 12:20:28: "AmNot<3><BOT><Red>" stuck (position "1497.69 2201.73 -211.82") (duration "6.61") L 10/08/2014 - 12:20:28:    path_goal ( "1533.36 2199.96 -212.63" )
L 10/08/2014 - 12:20:29: "Aperture Science Prototype XR7<7><BOT><Red>" stuck (position "-614.56 2167.62 -415.97") (duration "6.61") L 10/08/2014 - 12:20:29:    path_goal ( "-614.56 2250.00 -413.20" )
L 10/08/2014 - 12:20:29: "GutsAndGlory!<9><BOT><Red>" stuck (position "1730.90 1447.53 -183.10") (duration "7.45") L 10/08/2014 - 12:20:29:    path_goal ( "1775.00 1850.00 -192.75" )
L 10/08/2014 - 12:20:30: "AmNot<3><BOT><Red>" stuck (position "1497.69 2201.73 -211.82") (duration "7.66") L 10/08/2014 - 12:20:30:    path_goal ( "1533.36 2199.96 -212.63" )
L 10/08/2014 - 12:20:30: "Aperture Science Prototype XR7<7><BOT><Red>" stuck (position "-614.56 2167.62 -415.97") (duration "7.66") L 10/08/2014 - 12:20:30:    path_goal ( "-614.56 2250.00 -413.20" )
L 10/08/2014 - 12:20:30: "HI THERE<4><BOT><Blue>" stuck (position "1592.87 2681.89 -63.97") (duration "3.88") L 10/08/2014 - 12:20:30:    path_goal ( "1900.00 2675.00 -191.97" )
L 10/08/2014 - 12:20:30: "GutsAndGlory!<9><BOT><Red>" stuck (position "1730.90 1447.53 -183.10") (duration "8.51") L 10/08/2014 - 12:20:30:    path_goal ( "1775.00 1850.00 -192.75" )
L 10/08/2014 - 12:20:31: "AmNot<3><BOT><Red>" stuck (position "1497.69 2201.73 -211.82") (duration "8.71") L 10/08/2014 - 12:20:31:    path_goal ( "1533.36 2199.96 -212.63" )
L 10/08/2014 - 12:20:31: "Aperture Science Prototype XR7<7><BOT><Red>" stuck (position "-614.56 2167.62 -415.97") (duration "8.72") L 10/08/2014 - 12:20:31:    path_goal ( "-614.56 2250.00 -413.20" )
L 10/08/2014 - 12:20:31: "GutsAndGlory!<9><BOT><Red>" stuck (position "1730.90 1447.53 -183.10") (duration "9.55") L 10/08/2014 - 12:20:31:    path_goal ( "1775.00 1850.00 -192.75" )
L 10/08/2014 - 12:20:32: "AmNot<3><BOT><Red>" stuck (position "1497.69 2201.73 -211.82") (duration "9.77") L 10/08/2014 - 12:20:32:    path_goal ( "1533.36 2199.96 -212.63" )
L 10/08/2014 - 12:20:32: "Aperture Science Prototype XR7<7><BOT><Red>" stuck (position "-614.56 2167.62 -415.97") (duration "9.77") L 10/08/2014 - 12:20:32:    path_goal ( "-614.56 2250.00 -413.20" )
L 10/08/2014 - 12:20:32: Loading map "ctf_2fort"
L 10/08/2014 - 12:20:32: server cvars start
L 10/08/2014 - 12:20:32: "tf_playergib" = "1"
L 10/08/2014 - 12:20:32: "tf_allow_player_use" = "0"
L 10/08/2014 - 12:20:32: "tf_mvm_death_penalty" = "0"
L 10/08/2014 - 12:20:32: "sv_maxusrcmdprocessticks" = "24"
L 10/08/2014 - 12:20:32: "mp_teamplay" = "0"
L 10/08/2014 - 12:20:32: "mp_falldamage" = "0"
L 10/08/2014 - 12:20:32: "mp_weaponstay" = "0"
L 10/08/2014 - 12:20:32: "mp_forcerespawn" = "1"
L 10/08/2014 - 12:20:32: "mp_footsteps" = "1"
L 10/08/2014 - 12:20:32: "mp_flashlight" = "0"
L 10/08/2014 - 12:20:32: "mp_autocrosshair" = "1"
L 10/08/2014 - 12:20:32: "decalfrequency" = "10"
L 10/08/2014 - 12:20:32: "mp_teamlist" = "hgrunt;scientist"
L 10/08/2014 - 12:20:32: "mp_allowNPCs" = "1"
L 10/08/2014 - 12:20:32: "sv_alltalk" = "0"
L 10/08/2014 - 12:20:32: "tf_weapon_criticals" = "1"
L 10/08/2014 - 12:20:32: "tf_damage_disablespread" = "0"
L 10/08/2014 - 12:20:32: "tf_player_name_change_time" = "60"
L 10/08/2014 - 12:20:32: "tf_force_holidays_off" = "0"
L 10/08/2014 - 12:20:32: "tf_birthday" = "0"
L 10/08/2014 - 12:20:32: "mp_tournament_stopwatch" = "1"
L 10/08/2014 - 12:20:32: "mp_windifference" = "0"
L 10/08/2014 - 12:20:32: "mp_windifference_min" = "0"
L 10/08/2014 - 12:20:32: "tf_medieval" = "0"
L 10/08/2014 - 12:20:32: "tf_medieval_autorp" = "1"
L 10/08/2014 - 12:20:32: "tf_arena_force_class" = "0"
L 10/08/2014 - 12:20:32: "tf_arena_change_limit" = "1"
L 10/08/2014 - 12:20:32: "tf_arena_override_cap_enable_time" = "-1"
L 10/08/2014 - 12:20:32: "tf_arena_first_blood" = "1"
L 10/08/2014 - 12:20:32: "tf_mvm_min_players_to_start" = "3"
L 10/08/2014 - 12:20:32: "tf_gamemode_arena" = "0"
L 10/08/2014 - 12:20:32: "tf_gamemode_cp" = "1"
L 10/08/2014 - 12:20:32: "tf_gamemode_ctf" = "0"
L 10/08/2014 - 12:20:32: "tf_gamemode_sd" = "0"
L 10/08/2014 - 12:20:32: "tf_gamemode_rd" = "0"
L 10/08/2014 - 12:20:32: "tf_beta_content" = "0"
L 10/08/2014 - 12:20:32: "tf_gamemode_payload" = "0"
L 10/08/2014 - 12:20:32: "tf_gamemode_mvm" = "0"
L 10/08/2014 - 12:20:32: "tf_bot_count" = "8"
L 10/08/2014 - 12:20:32: "tf_teamtalk" = "1"
L 10/08/2014 - 12:20:32: "tf_ctf_bonus_time" = "10"
L 10/08/2014 - 12:20:32: "tf_maxspeed" = "400"
L 10/08/2014 - 12:20:32: "tf_max_charge_speed" = "750"
L 10/08/2014 - 12:20:32: "tf_use_fixed_weaponspreads" = "0"
L 10/08/2014 - 12:20:32: "tf_overtime_nag" = "0"
L 10/08/2014 - 12:20:32: "mp_respawnwavetime" = "10.0"
L 10/08/2014 - 12:20:32: "mp_tournament" = "0"
L 10/08/2014 - 12:20:32: "mp_highlander" = "0"
L 10/08/2014 - 12:20:32: "tf_arena_preround_time" = "10"
L 10/08/2014 - 12:20:32: "tf_arena_round_time" = "0"
L 10/08/2014 - 12:20:32: "tf_arena_max_streak" = "3"
L 10/08/2014 - 12:20:32: "tf_arena_use_queue" = "1"
L 10/08/2014 - 12:20:32: "mp_maxrounds" = "0"
L 10/08/2014 - 12:20:32: "mp_winlimit" = "0"
L 10/08/2014 - 12:20:32: "mp_disable_respawn_times" = "0"
L 10/08/2014 - 12:20:32: "mp_stalemate_meleeonly" = "0"
L 10/08/2014 - 12:20:32: "mp_forceautoteam" = "0"
L 10/08/2014 - 12:20:32: "mp_autoteambalance" = "1"
L 10/08/2014 - 12:20:32: "mp_stalemate_enable" = "0"
L 10/08/2014 - 12:20:32: "mp_match_end_at_timelimit" = "0"
L 10/08/2014 - 12:20:32: "mp_holiday_nogifts" = "0"
L 10/08/2014 - 12:20:32: "mp_scrambleteams_auto" = "1"
L 10/08/2014 - 12:20:32: "mp_scrambleteams_auto_windifference" = "2"
L 10/08/2014 - 12:20:32: "mp_timelimit" = "15"
L 10/08/2014 - 12:20:32: "mp_fraglimit" = "0"
L 10/08/2014 - 12:20:32: "nextlevel" = ""
L 10/08/2014 - 12:20:32: "sv_gravity" = "800"
L 10/08/2014 - 12:20:32: "sv_stopspeed" = "100"
L 10/08/2014 - 12:20:32: "sv_noclipaccelerate" = "5"
L 10/08/2014 - 12:20:32: "sv_noclipspeed" = "5"
L 10/08/2014 - 12:20:32: "sv_specaccelerate" = "5"
L 10/08/2014 - 12:20:32: "sv_specspeed" = "3"
L 10/08/2014 - 12:20:32: "sv_specnoclip" = "1"
L 10/08/2014 - 12:20:32: "sv_maxspeed" = "320"
L 10/08/2014 - 12:20:32: "sv_accelerate" = "10"
L 10/08/2014 - 12:20:32: "sv_airaccelerate" = "10"
L 10/08/2014 - 12:20:32: "sv_wateraccelerate" = "10"
L 10/08/2014 - 12:20:32: "sv_waterfriction" = "1"
L 10/08/2014 - 12:20:32: "sv_footsteps" = "1"
L 10/08/2014 - 12:20:32: "sv_rollspeed" = "200"
L 10/08/2014 - 12:20:32: "sv_rollangle" = "0"
L 10/08/2014 - 12:20:32: "sv_friction" = "4"
L 10/08/2014 - 12:20:32: "sv_bounce" = "0"
L 10/08/2014 - 12:20:32: "sv_stepsize" = "18"
L 10/08/2014 - 12:20:32: "r_VehicleViewDampen" = "1"
L 10/08/2014 - 12:20:32: "r_JeepViewDampenFreq" = "7.0"
L 10/08/2014 - 12:20:32: "r_JeepViewDampenDamp" = "1.0"
L 10/08/2014 - 12:20:32: "r_JeepViewZHeight" = "10.0"
L 10/08/2014 - 12:20:32: "r_AirboatViewDampenFreq" = "7.0"
L 10/08/2014 - 12:20:32: "r_AirboatViewDampenDamp" = "1.0"
L 10/08/2014 - 12:20:32: "r_AirboatViewZHeight" = "0.0"
L 10/08/2014 - 12:20:32: "mp_friendlyfire" = "0"
L 10/08/2014 - 12:20:32: "mp_fadetoblack" = "0"
L 10/08/2014 - 12:20:32: "tf_mm_servermode" = "0"
L 10/08/2014 - 12:20:32: "tf_mm_strict" = "0"
L 10/08/2014 - 12:20:32: "tf_mm_trusted" = "0"
L 10/08/2014 - 12:20:32: "tf_server_identity_disable_quickplay" = "0"
L 10/08/2014 - 12:20:32: "sv_registration_successful" = "0"
L 10/08/2014 - 12:20:32: "sv_registration_message" = "No account specified"
L 10/08/2014 - 12:20:32: "sv_steamgroup" = ""
L 10/08/2014 - 12:20:32: "sv_cheats" = "1"
L 10/08/2014 - 12:20:32: "sv_pausable" = "0"
L 10/08/2014 - 12:20:32: "sv_contact" = "admin@yourdomain.com"
L 10/08/2014 - 12:20:32: "sv_voiceenable" = "1"
L 10/08/2014 - 12:20:32: "tv_enable" = "0"
L 10/08/2014 - 12:20:32: "deathmatch" = "1"
L 10/08/2014 - 12:20:32: "coop" = "0"
L 10/08/2014 - 12:20:32: "tv_password" = ""
L 10/08/2014 - 12:20:32: "tv_relaypassword" = ""
L 10/08/2014 - 12:20:32: "sv_password" = ""
L 10/08/2014 - 12:20:32: "sv_tags" = "bots,cp"
L 10/08/2014 - 12:20:32: server cvars end
L 10/08/2014 - 12:20:34: Started map "ctf_2fort" (CRC "7d246aafbbd18b8ccbfdb9937dbc7769")
L 10/08/2014 - 12:20:34: Executing dedicated server config file server.cfg
L 10/08/2014 - 12:20:40: server_cvar: "tf_gamemode_cp" "0"
L 10/08/2014 - 12:20:40: server_cvar: "sv_tags" "bots"
L 10/08/2014 - 12:20:40: server_cvar: "sv_tags" "bots"
L 10/08/2014 - 12:20:40: server_cvar: "tf_bot_count" "0"
L 10/08/2014 - 12:20:40: server_cvar: "sv_tags" ""
L 10/08/2014 - 12:20:40: server_cvar: "tf_gamemode_ctf" "1"
L 10/08/2014 - 12:20:40: server_cvar: "sv_tags" "ctf"
L 10/08/2014 - 12:20:40: server_cvar: "sv_tags" "ctf"
L 10/08/2014 - 12:20:41: Initializing Steam libraries for LAN server
L 10/08/2014 - 12:20:41: No account token specified; logging into anonymous game server account.  (Use sv_setsteamaccount to login to a persistent account.)
